<QApairs id='32.1'>
<question>
What	do	practitioners	of	Wicca	worship	?
WP	VBP	NNS	IN	NNP	NNP	.
nsubj	root	dobj	prep	nn	pobj	p
2	0	2	3	6	4	2
O	O	O	O	O	O	O
</question>
<positive>
An	estimated	50,000	Americans	practice	Wicca	,	a	form	of	polytheistic	nature	worship	.
DT	JJ	NNP	NNPS	NN	NNP	,	DT	NN	IN	JJ	NN	NN	.
det	amod	nn	nn	nn	root	p	det	appos	prep	amod	nn	pobj	p
6	6	6	6	6	0	6	9	6	9	13	13	10	6
B-CARDINAL	I-CARDINAL	I-CARDINAL	B-NORP	O	B-ORG	O	O	O	O	O	O	O	O
nature
12
</positive>
<positive>
The	inch-	thick	chaplain	handbook	includes	a	five	-page	primer	on	Wicca	,	described	as	``	a	reconstruction	of	the	Nature	worship	of	tribal	Europe	.	''
DT	JJ	JJ	NN	NN	VBZ	DT	CD	JJ	NN	IN	NNP	,	VBN	IN	``	DT	NN	IN	DT	NN	NN	IN	JJ	NNP	.	''
det	amod	amod	nn	nsubj	root	det	num	amod	dobj	prep	pobj	p	partmod	prep	p	det	pobj	prep	det	nn	pobj	prep	amod	pobj	p	p
5	5	5	5	6	0	10	10	10	6	10	11	6	10	14	6	18	15	18	22	22	19	22	25	23	6	6
O	O	O	O	O	O	O	B-CARDINAL	O	O	O	B-PERSON	O	O	O	O	O	O	O	O	O	O	O	O	B-LOC	O	O
Nature
21
</positive>
<negative>
Wicca	--	sometimes	spelled	Wycca	--	comes	from	the	Old	English	word	for	witch	.
NNP	:	RB	NNP	NNP	:	VBZ	IN	DT	NNP	NNP	NN	IN	NN	.
nsubj	p	dep	nn	dep	p	root	prep	det	amod	amod	pobj	prep	pobj	p
7	7	5	5	1	7	0	7	12	11	12	8	12	13	7
O	O	O	O	B-ORG	O	O	O	O	O	B-LANGUAGE	O	O	O	O
</negative>
<negative>
Ms	.	Siefferly	,	a	senior	at	the	high	school	,	has	practiced	Wicca	for	several	years	after	reading	a	book	on	the	subject	,	Schram	said	.
NNP	.	NN	,	DT	JJ	IN	DT	JJ	NN	,	VBZ	VBN	NNP	IN	JJ	NNS	IN	VBG	DT	NN	IN	DT	NN	,	NNP	VBD	.
nn	p	nsubj	p	det	appos	prep	det	amod	pobj	p	aux	ccomp	dobj	prep	amod	pobj	prep	pcomp	det	dobj	prep	det	pobj	p	nsubj	root	p
3	27	13	27	6	3	6	10	10	7	27	13	27	13	14	17	15	13	18	21	19	19	24	22	27	27	0	27
O	O	O	O	O	O	O	O	O	O	O	O	O	B-PERSON	O	B-DATE	I-DATE	O	O	O	O	O	O	O	O	B-PERSON	O	O
</negative>
<negative>
That	's	because	Ms	.	Palmer	is	a	witch	,	the	high	priestess	of	a	group	that	practices	Wicca	at	Fort	Hood	with	the	knowledge	and	approval	of	the	U.S	.	Army	.
DT	VBZ	IN	NNP	.	NNP	VBZ	DT	NN	,	DT	JJ	NNS	IN	DT	NN	IN	NNS	VBD	IN	NNP	NNP	IN	DT	NN	CC	NN	IN	DT	NNP	.	NNP	.
nsubj	root	mark	nn	p	nsubj	cop	det	advcl	p	det	amod	appos	prep	det	pobj	complm	nsubj	ccomp	prep	nn	pobj	prep	det	pobj	cc	conj	prep	det	nn	p	pobj	p
2	0	9	6	2	9	9	9	2	2	13	13	9	13	16	14	19	19	9	19	22	20	19	25	23	25	25	25	32	32	2	28	2
O	O	O	O	O	O	O	O	O	O	O	O	O	O	O	O	O	O	B-PRODUCT	O	B-FAC	I-FAC	O	O	O	O	O	O	O	B-GPE	O	B-ORG	O
</negative>
<negative>
Such	sentiments	are	rooted	in	fear	and	false	notions	that	witches	worship	Satan	or	sacrifice	animals	,	said	David	Oringderff	,	head	of	the	San	Antonio	-based	pagan	group	that	sponsors	Ms	.	Palmer	's	Fort	Hood	Open	Circle	.
JJ	NNS	VBP	VBN	IN	NN	CC	JJ	NNS	IN	NNS	VBZ	NNP	CC	NN	NNS	,	VBD	NNP	NNP	,	NN	IN	DT	NNP	NNP	JJ	NN	NN	WDT	VBZ	NNP	.	NNP	VBZ	NNP	NNP	NNP	NNP	.
amod	nsubjpass	auxpass	ccomp	prep	nn	cc	conj	pobj	complm	nsubj	ccomp	dobj	cc	nn	conj	p	root	nn	nsubj	p	appos	prep	det	amod	amod	amod	nn	pobj	nsubj	rcmod	nn	p	nsubj	cop	nn	nn	nn	ccomp	p
2	4	4	18	4	9	6	6	5	12	12	4	12	13	16	13	18	0	20	18	18	20	22	29	26	29	29	29	23	31	29	34	18	39	39	39	39	39	31	18
O	O	O	O	O	O	O	O	O	O	O	O	O	O	O	O	O	O	B-PERSON	I-PERSON	O	O	O	O	B-GPE	I-GPE	O	O	O	O	O	O	O	B-PERSON	O	B-FAC	I-FAC	I-FAC	I-FAC	O
</negative>
<negative>
``	If	they	deny	our	right	to	worship	...
``	IN	PRP	VBP	PRP$	NN	TO	VBZ	.
p	mark	nsubj	csubj	poss	dobj	prep	root	p
8	4	4	8	6	4	4	0	8
O	O	O	O	O	O	O	O	O
</negative>
<negative>
Wicca	members	tend	to	be	white	,	college-educated	,	middle-class	women	,	many	of	whom	have	families	,	said	Ms	.	Berger	,	who	said	the	religion	was	becoming	more	institutionalized	as	the	members	aged	.
NNP	NNS	VBP	TO	VB	JJ	,	JJ	,	JJ	NNS	,	DT	IN	WP	VBP	NNS	,	VBD	NNP	.	NNP	,	WP	VBD	DT	NN	VBD	VBG	RBR	JJ	IN	DT	NNS	VBN	.
nn	nsubj	ccomp	aux	cop	xcomp	p	amod	p	amod	nsubj	p	dep	nsubj	pobj	rcmod	dobj	p	root	dobj	p	dep	p	nsubj	rcmod	det	nsubj	aux	ccomp	advmod	acomp	prep	det	pobj	partmod	p
2	3	19	6	6	3	19	11	19	11	19	19	14	16	14	11	16	19	0	19	19	20	19	25	20	27	29	29	25	31	29	19	34	32	34	19
O	O	O	O	O	O	O	O	O	O	O	O	O	O	O	O	O	O	O	O	O	O	O	O	O	O	O	O	O	O	O	O	O	O	O	O
</negative>
<negative>
The	fear	of	a	backlash	has	never	disappeared	,	said	Ms	.	Berger	,	who	added	that	the	false	stereotype	that	witches	worship	Satan	endures	.
DT	NN	IN	DT	NN	VBZ	RB	VBN	,	VBD	NNP	.	NNS	,	WP	VBD	IN	DT	JJ	NN	IN	NNS	VBZ	NNP	VBZ	.
det	nsubj	prep	det	pobj	aux	neg	ccomp	p	root	nn	p	nsubj	p	nsubj	rcmod	complm	det	amod	nsubj	complm	nsubj	dep	dobj	ccomp	p
2	8	2	5	3	8	8	10	10	0	13	10	10	10	16	13	25	20	20	25	23	23	20	23	16	10
O	O	O	O	O	O	O	O	O	O	O	O	O	O	O	O	O	O	O	O	O	O	O	O	O	O
</negative>
<negative>
``	When	people	think	of	Wicca	,	they	think	of	either	Satanism	or	silly	mumbo	jumbo.	''
``	WRB	NNS	VBP	IN	NNP	,	PRP	VBP	IN	DT	NNP	CC	JJ	NN	NNS	''
p	advmod	nsubj	advcl	prep	pobj	p	nsubj	root	prep	preconj	pobj	cc	amod	nn	conj	p
9	4	4	9	4	5	9	9	0	9	12	10	12	16	16	12	9
O	O	O	O	O	B-ORG	O	O	O	O	O	O	O	O	O	O	O
</negative>
</QApairs>
<QApairs id='32.2'>
<question>
How	many	followers	does	Wicca	have	?
WRB	JJ	NNS	VBZ	NNP	VB	.
advmod	amod	dobj	aux	nsubj	root	p
2	3	6	6	6	0	6
O	O	O	O	B-PERSON	O	O
</question>
<negative>
Its	followers	describe	Wicca	as	a	nature-based	belief	system	that	existed	in	Europe	before	Christianity	.
PRP$	NNS	VBP	NNP	IN	DT	JJ	NN	NN	WDT	VBD	IN	NNP	IN	NNP	.
poss	nsubj	root	dobj	prep	det	amod	nn	pobj	nsubj	rcmod	prep	pobj	prep	pobj	p
2	3	0	3	4	9	9	9	5	11	9	11	12	11	14	3
O	O	O	B-ORG	O	O	O	O	O	O	O	O	B-LOC	O	B-NORP	O
</negative>
<negative>
Even	so	,	why	are	a	growing	number	of	scholars	studying	followers	of	the	occult	?
RB	RB	,	WRB	VBP	DT	VBG	NN	IN	NNS	VBG	NNS	IN	DT	NN	.
dep	dep	p	advmod	root	det	amod	nsubj	prep	pobj	partmod	dobj	prep	det	pobj	p
5	1	5	5	0	8	8	5	8	9	10	11	12	15	13	5
O	O	O	O	O	O	O	O	O	O	O	O	O	O	O	O
</negative>
</QApairs>
<QApairs id='33.1'>
<question>
What	is	Florence	Nightingale	famous	for	?
WP	VBZ	NNP	NNP	JJ	IN	.
attr	cop	nn	nsubj	root	prep	p
5	5	4	5	0	5	5
O	O	B-PERSON	I-PERSON	O	O	O
</question>
<positive>
The	newly	named	``	corner	shop	''	where	Asprey	has	traded	since	1847	occupies	what	were	once	nine	Georgian	houses	,	one	of	which	was	the	last	London	home	of	nursing	pioneer	Florence	Nightingale	.
DT	RB	VBN	``	NN	NNS	''	WRB	NNP	VBZ	VBN	IN	CD	VBZ	WP	VBD	RB	CD	JJ	NNS	,	CD	IN	WDT	VBD	DT	JJ	NNP	NN	IN	NN	NN	NNP	NNP	.
det	advmod	amod	p	nn	nsubj	p	advmod	nsubj	aux	rcmod	prep	pobj	root	nsubj	cop	advmod	num	amod	ccomp	p	nsubj	prep	pobj	cop	det	amod	nn	rcmod	prep	nn	nn	nn	pobj	p
6	3	6	14	6	14	14	11	11	11	6	11	12	0	20	20	20	20	20	14	14	29	22	23	29	29	29	29	20	29	34	34	34	30	14
O	O	O	O	O	O	O	O	B-PERSON	O	O	O	B-DATE	O	O	O	O	B-CARDINAL	B-NORP	O	O	B-CARDINAL	O	O	O	O	O	B-GPE	O	O	O	O	B-PERSON	I-PERSON	O
nursing
31
</positive>
<positive>
In	1820	,	the	founder	of	modern	nursing	,	Florence	Nightingale	,	was	born	in	Florence	,	Italy	.
IN	CD	,	DT	NN	IN	JJ	NN	,	NNP	NNP	,	VBD	VBN	IN	NNP	,	NNP	.
prep	pobj	p	det	nsubjpass	prep	amod	pobj	p	nn	appos	p	auxpass	root	prep	nn	p	pobj	p
14	1	14	5	14	5	8	6	14	11	8	14	14	0	14	18	14	15	14
O	B-DATE	O	O	O	O	O	O	O	B-PERSON	I-PERSON	O	O	O	O	B-GPE	O	B-GPE	O
nursing
8
</positive>
<positive>
1836	_	Theodor	Fliedner	reinstitutes	the	Order	of	Deaconesses	and	opens	a	small	hospital	and	training	school	in	Kaiserwerth	,	Germany	,	where	Florence	Nightingale	,	``	The	founder	of	Modern	Nursing	,	''	receives	her	training	.
NNP	NNP	NNP	NNP	VBZ	DT	NN	IN	NNP	CC	VBZ	DT	JJ	NN	CC	NN	NN	IN	NNP	,	NNP	,	WRB	NNP	NNP	,	``	DT	NN	IN	NNP	NNP	,	''	VBZ	PRP$	NN	.
nn	nn	nn	nsubj	root	det	dobj	prep	pobj	cc	conj	det	amod	dobj	cc	nn	conj	prep	nn	p	pobj	p	advmod	nn	nsubj	p	p	det	dep	prep	nn	pobj	p	p	rcmod	poss	dobj	p
4	4	4	5	0	7	5	7	8	5	5	14	14	11	14	17	14	11	21	5	18	5	35	25	35	5	5	29	25	29	32	30	5	5	21	37	35	5
O	O	B-PERSON	I-PERSON	O	O	O	O	O	O	O	O	O	O	O	O	O	O	B-GPE	O	B-GPE	O	O	B-PERSON	I-PERSON	O	O	O	O	O	B-ORG	I-ORG	O	O	O	O	O	O
Nursing
32
</positive>
<positive>
Florence	Nightingale	,	a	national	heroine	in	the	United	Kingdom	,	was	the	pioneer	of	the	modern	nursing	.
NNP	NNP	,	DT	JJ	NN	IN	DT	NNP	NNP	,	VBD	DT	NN	IN	DT	JJ	NN	.
nn	nsubj	p	det	amod	appos	prep	det	nn	pobj	p	cop	det	root	prep	det	amod	pobj	p
2	14	14	6	6	2	6	10	10	7	14	14	14	0	14	18	18	15	14
B-PERSON	I-PERSON	O	O	O	O	O	B-GPE	I-GPE	I-GPE	O	O	O	O	O	O	O	O	O
nursing
18
</positive>
<negative>
Referring	to	the	general	acceptance	of	Peplau	's	interpersonal	process	,	Sills	added	,	``	It	has	been	argued	that	Dr	.	Peplau	's	life	and	work	produced	the	greatest	changes	in	nursing	practice	since	Florence	Nightingale	.	''
VBG	TO	DT	JJ	NN	IN	NNP	POS	JJ	NN	,	NNP	VBD	,	``	PRP	VBZ	VBN	VBN	IN	NNP	.	NNP	POS	NN	CC	NN	VBD	DT	JJS	NNS	IN	NN	NN	IN	NNP	NNP	.	''
dep	prep	det	amod	pobj	prep	poss	possessive	amod	pobj	p	nsubj	parataxis	p	p	nsubjpass	aux	auxpass	root	complm	nsubj	p	poss	possessive	dep	cc	conj	ccomp	det	amod	dobj	prep	nn	pobj	prep	nn	pobj	p	p
19	1	5	5	2	5	10	7	10	6	19	13	19	19	19	19	19	19	0	28	28	19	25	23	21	21	21	19	31	31	28	28	34	32	28	37	35	19	19
O	O	O	O	O	O	B-PERSON	O	O	O	O	O	O	O	O	O	O	O	O	O	O	O	B-PERSON	O	O	O	O	O	O	O	O	O	O	O	O	B-PERSON	I-PERSON	O	O
</negative>
<negative>
He	noted	that	21	people	from	12	countries	,	including	the	three	Chinese	nurses	,	won	the	37th	Nightingale	Awards	presented	by	the	International	Committee	of	the	Red	Cross	.
PRP	VBD	IN	CD	NNS	IN	CD	NNS	,	VBG	DT	CD	JJ	NNS	,	VBD	DT	JJ	NNP	NNS	VBN	IN	DT	NNP	NNP	IN	DT	NNP	NNP	.
nsubj	root	complm	num	nsubj	prep	num	pobj	p	prep	det	num	amod	pobj	p	ccomp	det	amod	nn	dobj	partmod	prep	det	nn	pobj	prep	det	nn	pobj	p
2	0	16	5	16	5	8	6	2	16	14	14	14	10	2	2	20	20	20	16	20	21	25	25	22	25	29	29	26	2
O	O	O	B-CARDINAL	O	O	B-CARDINAL	O	O	O	O	B-CARDINAL	B-NORP	O	O	O	O	I-WORK_OF_ART	I-WORK_OF_ART	I-WORK_OF_ART	O	O	B-ORG	I-ORG	I-ORG	I-ORG	I-ORG	I-ORG	I-ORG	O
</negative>
<negative>
The	Nightingale	Award	,	established	at	the	Ninth	International	Red	Cross	Conference	in	Washington	in	1912	,	are	presented	every	two	years	.
DT	NNP	NN	,	VBN	IN	DT	NNP	NNP	NNP	NNP	NNP	IN	NNP	IN	CD	,	VBP	VBN	DT	CD	NNS	.
det	nn	nsubjpass	p	partmod	prep	det	nn	nn	nn	nn	pobj	prep	pobj	prep	pobj	p	auxpass	root	det	num	tmod	p
3	3	19	19	3	5	12	12	12	12	12	6	5	13	14	15	19	19	0	22	22	19	19
B-ORG	I-ORG	I-ORG	O	O	O	B-ORG	I-ORG	I-ORG	I-ORG	I-ORG	I-ORG	O	B-GPE	O	B-DATE	O	O	O	O	B-DATE	I-DATE	O
</negative>
</QApairs>
<QApairs id='33.2'>
<question>
When	was	Florence	Nightingale	born	?
WRB	VBD	NNP	NNP	VBN	.
advmod	auxpass	nn	nsubjpass	root	p
5	5	4	5	0	5
O	O	B-PERSON	I-PERSON	O	O
</question>
<positive>
In	1820	,	the	founder	of	modern	nursing	,	Florence	Nightingale	,	was	born	in	Florence	,	Italy	.
IN	CD	,	DT	NN	IN	JJ	NN	,	NNP	NNP	,	VBD	VBN	IN	NNP	,	NNP	.
prep	pobj	p	det	nsubjpass	prep	amod	pobj	p	nn	appos	p	auxpass	root	prep	nn	p	pobj	p
14	1	14	5	14	5	8	6	14	11	8	14	14	0	14	18	14	15	14
O	B-DATE	O	O	O	O	O	O	O	B-PERSON	I-PERSON	O	O	O	O	B-GPE	O	B-GPE	O
1820
2
</positive>
<positive>
On	May	12	,	1820	,	the	founder	of	modern	nursing	,	Florence	Nightingale	,	was	born	in	Florence	,	Italy	.
IN	NNP	CD	,	CD	,	DT	NN	IN	JJ	NN	,	NNP	NNP	,	VBD	VBN	IN	NNP	,	NNP	.
prep	pobj	num	p	num	p	det	nsubjpass	prep	amod	pobj	p	nn	appos	p	auxpass	root	prep	nn	p	pobj	p
17	1	2	17	2	17	8	17	8	11	9	17	14	11	17	17	0	17	21	17	18	17
O	B-DATE	I-DATE	I-DATE	I-DATE	O	O	O	O	O	O	O	B-PERSON	I-PERSON	O	O	O	O	B-GPE	O	B-GPE	O
1820
5
</positive>
</QApairs>
<QApairs id='34.1'>
<question>
When	did	Amtrak	begin	operations	?
WRB	VBD	NNP	VB	NNS	.
advmod	aux	nsubj	root	dobj	p
4	4	4	0	4	4
O	O	B-ORG	O	O	O
</question>
<positive>
Amtrak	has	not	turned	a	profit	since	it	was	founded	in	1971	.
NNP	VBZ	RB	VBN	DT	NN	IN	PRP	VBD	VBN	IN	CD	.
nsubj	aux	neg	root	det	dobj	mark	nsubjpass	auxpass	advcl	prep	pobj	p
4	4	4	0	6	4	10	10	10	4	10	11	4
B-ORG	O	O	O	O	O	O	O	O	O	O	B-DATE	O
1971
12
</positive>
<positive>
In	1971	,	Amtrak	--	which	combined	and	streamlined	the	operations	of	18	intercity	passenger	railroads	--	went	into	service	.
IN	CD	,	NNP	:	WDT	VBD	CC	VBZ	DT	NNS	IN	CD	JJ	NN	NNS	:	VBD	IN	NN	.
prep	pobj	p	nsubj	p	nsubj	dep	cc	conj	det	dobj	prep	num	amod	nn	pobj	p	root	prep	pobj	p
18	1	18	18	18	7	4	7	7	11	9	11	16	16	16	12	18	0	18	19	18
O	B-DATE	O	B-ORG	O	O	O	O	O	O	O	O	B-CARDINAL	O	O	O	O	O	O	O	O
1971
2
</positive>
<positive>
Amtrak	has	not	made	a	profit	since	Congress	created	it	in	1971	to	take	over	passenger	operations	of	private	railroads	.
NNP	VBZ	RB	VBN	DT	NN	IN	NNP	VBD	PRP	IN	CD	TO	VB	RP	NN	NNS	IN	JJ	NNS	.
nsubj	aux	neg	root	det	dobj	mark	nsubj	advcl	dobj	prep	pobj	aux	xcomp	prt	nn	dobj	prep	amod	pobj	p
4	4	4	0	6	4	9	9	4	9	9	11	14	9	14	17	14	17	20	18	4
B-ORG	O	O	O	O	O	O	B-ORG	O	O	O	B-DATE	O	O	O	O	O	O	O	O	O
1971
12
</positive>
<positive>
Congress	created	Amtrak	in	1971	from	a	collection	of	failing	passenger	railroads	.
NNP	VBD	NNP	IN	CD	IN	DT	NN	IN	VBG	NN	NNS	.
nsubj	root	dobj	prep	pobj	prep	det	pobj	prep	amod	nn	pobj	p
2	0	2	3	4	2	8	6	8	12	12	9	2
B-ORG	O	B-ORG	O	B-DATE	O	O	O	O	O	O	O	O
1971
5
</positive>
<negative>
The	long-awaited	new	trains	,	whose	secret	name	and	other	vital	statistics	were	being	released	at	a	news	conference	today	,	will	start	running	in	October	along	tracks	that	Amtrak	currently	uses	.
DT	JJ	JJ	NNS	,	WP$	JJ	NN	CC	JJ	JJ	NNS	VBD	VBG	VBN	IN	DT	NN	NN	NN	,	MD	VB	VBG	IN	NNP	IN	NNS	IN	NNP	RB	VBZ	.
det	amod	amod	nsubj	p	poss	amod	nsubjpass	cc	amod	amod	conj	aux	auxpass	rcmod	prep	det	nn	pobj	tmod	p	aux	root	xcomp	prep	pobj	prep	pobj	complm	nsubj	advmod	ccomp	p
4	4	4	23	23	8	8	15	8	12	12	8	15	15	4	15	19	19	16	15	23	23	0	23	24	25	26	27	32	32	32	23	23
O	O	O	O	O	O	O	O	O	O	O	O	O	O	O	O	O	O	O	B-DATE	O	O	O	O	O	B-DATE	O	O	O	B-ORG	O	O	O
</negative>
<negative>
Amtrak	views	the	Northeast	Corridor	as	a	model	for	other	high-speed	rail	proposals	in	the	Great	Lakes	,	along	the	Southeast	and	Gulf	Coast	and	throughout	California	and	the	Pacific	Northwest	.
NNP	VBZ	DT	NNP	NNP	IN	DT	NN	IN	JJ	JJ	NN	NNS	IN	DT	NNP	NNPS	,	IN	DT	NNP	CC	NNP	NNP	CC	IN	NNP	CC	DT	NNP	NNP	.
nsubj	root	det	nn	dobj	prep	det	pobj	prep	amod	amod	nn	pobj	prep	det	nn	pobj	p	conj	det	nn	cc	conj	pobj	cc	conj	pobj	cc	det	nn	conj	p
2	0	5	5	2	5	8	6	8	13	13	13	9	13	17	17	14	2	6	24	24	21	21	19	6	6	26	27	31	31	27	2
B-ORG	O	O	I-NORP	I-NORP	O	O	O	O	O	O	O	O	O	O	B-LOC	I-LOC	O	O	O	B-LOC	O	B-LOC	I-LOC	O	O	B-GPE	O	B-LOC	I-LOC	I-LOC	O
</negative>
<negative>
In	1997	,	Congress	said	Amtrak	must	become	self-sufficient	by	2002	.
IN	CD	,	NNP	VBD	NNP	MD	VB	JJ	IN	CD	.
prep	pobj	p	nsubj	root	nsubj	aux	cop	ccomp	prep	pobj	p
5	1	5	5	0	9	9	9	5	9	10	5
O	B-DATE	O	B-ORG	O	B-ORG	O	O	O	O	B-DATE	O
</negative>
<negative>
Amtrak	currently	transports	about	9	million	people	each	year	along	the	Northeast	Corridor	,	some	7	million	between	New	York	and	Washington	and	an	additional	2	million	between	New	York	and	Boston	.
NNP	RB	VBZ	RB	CD	CD	NNS	DT	NN	IN	DT	NNP	NNP	,	DT	CD	CD	IN	NNP	NNP	CC	NNP	CC	DT	JJ	CD	CD	IN	NNP	NNP	CC	NNP	.
nsubj	advmod	root	quantmod	number	num	dobj	det	dep	prep	det	nn	pobj	p	quantmod	number	conj	prep	nn	pobj	cc	conj	cc	det	amod	number	conj	prep	nn	pobj	cc	conj	p
3	3	0	6	6	7	3	9	7	7	13	13	10	3	17	17	7	17	20	18	20	20	7	27	27	27	7	27	30	28	30	30	3
B-ORG	O	O	B-QUANTITY	I-QUANTITY	I-QUANTITY	O	O	O	O	O	I-FAC	I-FAC	O	O	I-CARDINAL	I-CARDINAL	O	B-GPE	I-GPE	O	B-GPE	O	O	O	B-CARDINAL	I-CARDINAL	O	B-GPE	I-GPE	O	B-GPE	O
</negative>
<negative>
In	recent	years	,	Amtrak	has	spent	millions	improving	the	track	and	adding	electrical	service	from	New	Haven	to	Boston	.
IN	JJ	NNS	,	NNP	VBZ	VBN	NNS	VBG	DT	NN	CC	VBG	JJ	NN	IN	NNP	NNP	TO	NNP	.
prep	amod	pobj	p	nsubj	aux	root	dobj	dep	det	dobj	cc	conj	amod	dobj	prep	nn	pobj	prep	pobj	p
7	3	1	7	7	7	0	7	7	11	9	9	9	15	13	13	18	16	18	19	7
O	B-DATE	I-DATE	O	B-ORG	O	O	B-CARDINAL	O	O	O	O	O	O	O	O	B-GPE	I-GPE	O	B-GPE	O
</negative>
<negative>
While	not	as	fast	as	the	185-mph	TGV	,	the	new	Amtrak	trains	will	glide	around	corners	using	technology	that	gently	tilts	the	cars	.
IN	RB	RB	JJ	IN	DT	JJ	NN	,	DT	JJ	NNP	NNS	MD	VB	RP	NNS	VBG	NN	WDT	RB	VBZ	DT	NNS	.
mark	neg	advmod	advcl	prep	det	amod	pobj	p	det	amod	nn	nsubj	aux	root	prt	dobj	partmod	dobj	nsubj	advmod	rcmod	det	dobj	p
4	4	4	15	4	8	8	5	15	13	13	13	15	15	0	15	15	17	18	22	22	19	24	22	15
O	O	O	O	O	O	O	O	O	O	O	B-ORG	O	O	O	O	O	O	O	O	O	O	O	O	O
</negative>
<negative>
Twenty	years	after	the	last	passenger	train	left	Oklahoma	,	Amtrak	rolled	back	into	the	state	on	Monday	with	daily	service	between	Oklahoma	City	and	Fort	Worth	,	Texas	.
CD	NNS	IN	DT	JJ	NN	NN	VBD	NNP	,	NNP	VBD	RP	IN	DT	NN	IN	NNP	IN	JJ	NN	IN	NNP	NNP	CC	NNP	NNP	,	NNP	.
num	dep	dep	det	amod	nn	nsubj	advcl	dobj	p	nsubj	root	prt	prep	det	pobj	prep	pobj	prep	amod	pobj	prep	nn	pobj	cc	nn	conj	p	appos	p
2	8	8	7	7	7	8	12	8	12	12	0	12	12	16	14	16	17	12	21	19	21	24	22	21	27	21	12	27	12
B-DATE	I-DATE	O	O	O	O	O	O	B-GPE	O	B-ORG	O	O	O	O	O	O	B-DATE	O	O	O	O	B-GPE	I-GPE	O	B-GPE	I-GPE	O	B-GPE	O
</negative>
<negative>
The	result	is	a	collaborative	effort	between	the	state	and	Amtrak	,	with	Oklahoma	leasing	the	track	,	trains	and	crew	and	Amtrak	operating	the	train	.
DT	NN	VBZ	DT	JJ	NN	IN	DT	NN	CC	NNP	,	IN	NNP	VBG	DT	NN	,	NNS	CC	NN	CC	NNP	VBG	DT	NN	.
det	nsubj	cop	det	amod	root	prep	det	pobj	cc	conj	p	prep	pobj	partmod	det	dobj	p	conj	cc	conj	cc	conj	partmod	det	dobj	p
2	6	6	6	6	0	6	9	7	9	9	6	6	13	14	17	15	6	17	17	17	17	17	23	26	24	6
O	O	O	O	O	O	O	O	O	O	B-ORG	O	O	B-GPE	O	O	O	O	O	O	O	O	B-ORG	O	O	O	O
</negative>
<negative>
Oklahoma	's	venture	with	Amtrak	is	n't	unique	.
NNP	POS	NN	IN	NNP	VBZ	RB	JJ	.
poss	possessive	nsubj	prep	pobj	cop	neg	root	p
3	1	8	3	4	8	8	0	8
B-GPE	O	O	O	B-ORG	O	O	O	O
</negative>
<negative>
Only	five	states	are	without	Amtrak	service	--	Alaska	,	Hawaii	,	Maine	,	Wyoming	and	South	Dakota	.
RB	CD	NNS	VBP	IN	NNP	NN	:	NNP	,	NNP	,	NNP	,	NNP	CC	NNP	NNP	.
quantmod	num	nsubj	root	prep	nn	pobj	p	nn	p	conj	p	conj	p	conj	cc	conj	dep	p
2	3	4	0	4	7	5	4	18	4	9	4	9	4	9	9	9	7	4
O	B-CARDINAL	O	O	O	B-ORG	O	O	B-GPE	O	B-GPE	O	B-GPE	O	B-GPE	O	B-GPE	I-GPE	O
</negative>
<negative>
Five	years	ago	:	Charges	that	Qubilah	Shabazz	,	the	daughter	of	Malcolm	X	,	had	plotted	to	murder	Nation	of	Islam	leader	Louis	Farrakhan	were	dropped	as	jury	selection	for	her	trial	was	about	to	begin	in	Minneapolis	.
CD	NNS	RB	:	NNS	IN	NNP	NNP	,	DT	NN	IN	NNP	NNP	,	VBD	VBN	TO	NN	NN	IN	NNP	NN	NNP	NNP	VBD	VBN	IN	NN	NN	IN	PRP$	NN	VBD	IN	TO	VB	IN	NNP	.
num	npadvmod	dep	p	nsubjpass	complm	nn	nsubj	p	det	appos	prep	nn	pobj	p	aux	dep	prep	nn	pobj	prep	nn	nn	nn	pobj	auxpass	root	mark	nn	nsubj	prep	poss	pobj	aux	advcl	aux	xcomp	prep	pobj	p
2	3	27	27	27	17	8	17	27	11	8	11	14	12	27	17	5	17	20	18	20	25	25	25	21	27	0	35	30	35	30	33	31	35	27	37	35	37	38	27
B-DATE	I-DATE	I-DATE	O	O	O	B-PERSON	I-PERSON	O	O	O	O	B-PERSON	I-PERSON	O	O	O	O	O	O	O	B-ORG	O	B-PERSON	I-PERSON	O	O	O	O	O	O	O	O	O	O	O	O	O	B-GPE	O
</negative>
<negative>
Sen	.	John	McCain	panned	a	plan	that	would	give	Amtrak	a	''	multibillion-dollar	blank	check	''	even	though	the	railway	is	under	orders	to	become	independent	from	federal	operating	subsidies	.
NNP	.	NNP	NNP	VBD	DT	NN	WDT	MD	VB	NNP	DT	''	VBG	JJ	NN	''	RB	IN	DT	NN	VBZ	IN	NNS	TO	VB	JJ	IN	JJ	VBG	NNS	.
nn	p	nn	nsubj	root	det	dobj	nsubj	aux	rcmod	dobj	dep	p	partmod	amod	dobj	p	advmod	dep	det	nsubj	dep	prep	pobj	aux	cop	xcomp	prep	amod	amod	pobj	p
4	5	4	5	0	7	5	10	10	7	10	11	5	11	16	14	5	22	22	21	22	14	22	23	27	27	22	27	31	31	28	5
O	O	B-PERSON	I-PERSON	O	O	O	O	O	O	B-ORG	O	O	O	O	O	O	O	O	O	O	O	O	O	O	O	O	O	O	O	O	O
</negative>
<negative>
The	Arizona	Republican	,	chairman	of	the	Senate	Commerce	Committee	,	led	a	highly	critical	oversight	hearing	Tuesday	that	painted	a	sobering	portrait	of	Amtrak	's	financial	status	and	outlook	.
DT	NNP	NNP	,	NN	IN	DT	NNP	NNP	NNP	,	VBD	DT	RB	JJ	NN	NN	NNP	WDT	VBD	DT	JJ	NN	IN	NNP	POS	JJ	NN	CC	NN	.
det	nn	nsubj	p	appos	prep	det	nn	nn	pobj	p	root	det	advmod	amod	nn	dobj	dep	nsubj	rcmod	det	amod	dobj	prep	poss	possessive	amod	pobj	cc	conj	p
3	3	12	12	3	5	10	10	10	6	12	0	17	15	17	17	12	17	20	17	23	23	20	23	28	25	28	24	28	28	12
B-ORG	I-ORG	B-NORP	O	O	O	B-ORG	I-ORG	I-ORG	I-ORG	O	O	O	O	O	O	O	B-DATE	O	O	O	O	O	O	B-ORG	O	O	O	O	O	O
</negative>
<negative>
''	Amtrak	is	largely	no	better	off	today	than	one	year	ago	,	''	said	Phyllis	Scheinberg	,	associate	director	for	transportation	issues	at	the	General	Accounting	Office	.
''	NNP	VBZ	RB	RB	RB	IN	NN	IN	CD	NN	RB	,	''	VBD	NNP	NNP	,	JJ	NN	IN	NN	NNS	IN	DT	NNP	NNP	NNP	.
p	nsubj	ccomp	advmod	advmod	advmod	advmod	dep	prep	num	npadvmod	pcomp	p	p	root	nn	dep	p	amod	appos	prep	nn	pobj	prep	det	nn	nn	pobj	p
15	3	15	3	7	7	3	7	7	11	12	9	15	15	0	17	15	15	20	17	20	23	21	23	28	28	28	24	15
O	B-ORG	O	O	O	O	O	B-DATE	O	B-DATE	I-DATE	I-DATE	O	O	O	B-PERSON	I-PERSON	O	O	O	O	O	O	O	B-ORG	I-ORG	I-ORG	I-ORG	O
</negative>
<negative>
Both	Scheinberg	and	Kenneth	Mead	,	inspector	general	in	the	Department	of	Transportation	,	said	Amtrak	is	not	on	track	to	meet	congressional	demands	that	it	achieve	financial	self-sufficiency	by	2003	.
DT	NNP	CC	NNP	NNP	,	NN	NN	IN	DT	NNP	IN	NNP	,	VBD	NNP	VBZ	RB	IN	NN	TO	VB	JJ	NNS	IN	PRP	VB	JJ	NN	IN	CD	.
det	nn	cc	conj	nsubj	p	nn	appos	prep	det	pobj	prep	pobj	p	root	nsubj	ccomp	neg	prep	pobj	aux	xcomp	amod	dobj	complm	nsubj	ccomp	amod	dobj	prep	pobj	p
5	5	2	2	15	15	8	5	8	11	9	11	12	15	0	17	15	17	17	19	22	17	24	22	27	27	22	29	27	27	30	15
O	B-PERSON	O	B-PERSON	I-PERSON	O	O	O	O	B-ORG	I-ORG	I-ORG	I-ORG	O	O	B-ORG	O	O	O	O	O	O	O	O	O	O	O	O	O	O	B-DATE	O
</negative>
<negative>
Amtrak	could	face	liquidation	if	it	fails	to	meet	the	deadline	.
NNP	MD	VB	NN	IN	PRP	VBZ	TO	VB	DT	NN	.
nsubj	aux	root	dobj	mark	nsubj	advcl	aux	xcomp	det	dobj	p
3	3	0	3	7	7	3	9	7	11	9	3
B-ORG	O	O	O	O	O	O	O	O	O	O	O
</negative>
<negative>
Mead	forecasts	that	Amtrak	will	lose	$	1.4	billion	more	than	it	anticipates	from	2000	through	2004	because	rising	costs	are	counteracting	gains	in	riders	and	revenue	.
NNP	VBZ	IN	NNP	MD	VB	$	CD	CD	RBR	IN	PRP	VBZ	IN	CD	IN	CD	IN	VBG	NNS	VBP	VBG	NNS	IN	NNS	CC	NN	.
nsubj	root	complm	nsubj	aux	ccomp	dep	number	number	advmod	mark	nsubj	dep	prep	pobj	prep	pobj	mark	amod	nsubj	aux	dep	dobj	prep	pobj	cc	conj	p
2	0	6	6	6	2	10	7	7	6	13	13	10	13	14	13	16	22	20	22	22	10	22	23	24	25	25	2
B-ORG	O	O	B-ORG	O	O	B-MONEY	I-MONEY	I-MONEY	O	O	O	O	O	B-CARDINAL	O	B-DATE	O	O	O	O	O	O	O	O	O	O	O
</negative>
<negative>
It	would	let	Amtrak	issue	bonds	,	sweetened	by	federal	tax	credits	,	to	raise	$	10	billion	over	10	years	to	build	high-speed	rail	lines	around	the	country	.
PRP	MD	VB	NNP	NN	NNS	,	VBN	IN	JJ	NN	NNS	,	TO	VB	$	CD	CD	IN	CD	NNS	TO	VB	JJ	NN	NNS	IN	DT	NN	.
nsubj	aux	root	nn	nn	nsubj	p	partmod	prep	amod	nn	pobj	p	aux	xcomp	dobj	number	number	prep	num	pobj	aux	xcomp	amod	nn	dobj	prep	det	pobj	p
3	3	0	6	6	15	3	6	8	12	12	9	3	15	3	15	16	16	15	21	19	23	15	26	26	23	23	29	27	3
O	O	O	B-ORG	O	O	O	O	O	O	O	O	O	O	O	B-MONEY	I-MONEY	I-MONEY	O	B-DATE	I-DATE	O	O	O	O	O	O	O	O	O
</negative>
<negative>
Amtrak	advocates	say	the	money	represents	an	investment	in	intercity	rail	that	should	be	considered	independent	of	Amtrak	's	future	as	a	corporation	.
NNP	NNS	VBP	DT	NN	VBZ	DT	NN	IN	JJ	NN	WDT	MD	VB	VBN	JJ	IN	NNP	POS	NN	IN	DT	NN	.
nn	nsubj	root	det	nsubj	ccomp	det	dobj	prep	amod	pobj	nsubjpass	aux	auxpass	rcmod	acomp	prep	poss	possessive	pobj	prep	det	pobj	p
2	3	0	5	6	3	8	6	8	11	9	15	15	15	8	15	16	20	18	17	15	23	21	3
B-ORG	O	O	O	O	O	O	O	O	O	O	O	O	O	O	O	O	B-ORG	O	O	O	O	O	O
</negative>
<negative>
''	Amtrak	needs	to	make	more	progress	before	any	further	funding	schemes	are	enacted	,	''	he	said	.
''	NNP	VBZ	TO	VB	JJR	NN	IN	DT	JJ	NN	NNS	VBP	VBN	,	''	PRP	VBD	.
p	nsubj	ccomp	aux	xcomp	amod	dobj	mark	det	amod	nn	nsubjpass	auxpass	advcl	p	p	nsubj	root	p
18	3	18	5	3	7	5	14	12	12	12	14	14	5	18	18	18	0	18
O	B-ORG	O	O	O	O	O	O	O	O	O	O	O	O	O	O	O	O	O
</negative>
<negative>
Tuesday	's	hearing	was	a	dramatic	departure	from	the	last	time	Amtrak	's	fate	was	considered	by	Commerce	Committee	members	.
NNP	POS	NN	VBD	DT	JJ	NN	IN	DT	JJ	NN	NNP	POS	NN	VBD	VBN	IN	NNP	NNP	NNS	.
poss	possessive	nsubj	cop	det	amod	root	prep	det	amod	pobj	poss	possessive	nsubjpass	auxpass	rcmod	prep	nn	nn	pobj	p
3	1	7	7	7	7	0	7	11	11	8	14	12	16	16	11	16	20	20	17	7
B-DATE	O	O	O	O	O	O	O	O	O	O	B-ORG	O	O	O	O	O	B-ORG	I-ORG	O	O
</negative>
<negative>
In	February	,	a	subcommittee	led	by	Amtrak	supporter	Sen	.	Kay	Bailey	Hutchison	,	R	-	Texas	,	endorsed	the	railway	's	plan	to	expand	rather	than	cut	service	as	the	route	to	fiscal	health	.
IN	NNP	,	DT	NN	VBN	IN	NNP	VBP	NNP	.	NNP	NNP	NNP	,	NN	:	NNP	,	VBD	DT	NN	POS	NN	TO	VB	RB	IN	VB	NN	IN	DT	NN	TO	JJ	NN	.
prep	pobj	p	det	nsubj	partmod	prep	pobj	root	nn	p	nn	nn	nsubj	p	appos	p	dep	p	ccomp	det	poss	possessive	dobj	aux	infmod	cc	mwe	conj	dobj	prep	det	pobj	prep	amod	pobj	p
9	1	9	5	9	5	6	7	0	14	9	14	14	20	9	14	9	16	9	9	22	24	22	20	26	24	26	27	26	29	29	33	31	33	36	34	9
O	B-DATE	O	O	O	O	O	B-ORG	O	O	O	B-PERSON	I-PERSON	I-PERSON	O	O	O	B-GPE	O	O	O	O	O	O	O	O	O	O	O	O	O	O	O	O	O	O	O
</negative>
<negative>
But	Hutchison	and	pro-	Amtrak	Democrats	Max	Cleland	of	Georgia	and	John	Kerry	of	Massachusetts	had	to	settle	for	supporting	roles	Tuesday	as	McCain	offered	an	unflattering	history	lesson	about	Amtrak	,	which	runs	two	routes	that	cross	Arizona	.
CC	NNP	CC	JJ	NNP	NNPS	NNP	NNP	IN	NNP	CC	NNP	NNP	IN	NNP	VBD	TO	VB	IN	JJ	NNS	NNP	IN	NNP	VBD	DT	JJ	NN	NN	IN	NNP	,	WDT	VBZ	CD	NNS	WDT	VBP	NNP	.
cc	nn	cc	conj	nn	nn	nn	nsubj	prep	nn	cc	conj	pobj	prep	pobj	root	aux	xcomp	prep	amod	pobj	tmod	mark	nsubj	advcl	det	amod	nn	dobj	prep	pobj	p	nsubj	rcmod	num	dobj	nsubj	rcmod	dobj	p
16	8	2	2	8	8	8	16	8	13	10	10	9	13	14	0	18	16	18	21	19	18	25	25	18	29	29	29	25	25	30	16	34	31	36	34	38	36	38	16
O	B-ORG	O	O	B-ORG	B-NORP	B-PERSON	I-PERSON	O	B-GPE	O	B-PERSON	I-PERSON	O	B-GPE	O	O	O	O	O	O	B-DATE	O	B-PERSON	O	O	O	O	O	O	B-ORG	O	O	O	B-CARDINAL	O	O	O	B-GPE	O
</negative>
<negative>
The	promise	,	McCain	said	,	was	that	Amtrak	would	be	self-sufficient	after	two	years	of	federal	operating	subsidies	.
DT	NN	,	NNP	VBD	,	VBD	IN	NNP	MD	VB	JJ	IN	CD	NNS	IN	JJ	VBG	NNS	.
det	nsubj	p	nsubj	parataxis	p	root	complm	nsubj	aux	cop	ccomp	prep	num	pobj	prep	amod	amod	pobj	p
2	7	7	5	7	7	0	12	12	12	12	7	12	15	13	15	19	19	16	7
O	O	O	B-PERSON	O	O	O	O	B-ORG	O	O	O	O	B-DATE	I-DATE	O	O	O	O	O
</negative>
<negative>
Amtrak	is	now	in	its	29th	year	of	subsidies	and	has	consumed	more	than	$	23	billion	in	federal	operating	support	.
NNP	VBZ	RB	IN	PRP$	JJ	NN	IN	NNS	CC	VBZ	VBN	JJR	IN	$	CD	CD	IN	JJ	NN	NN	.
nsubj	root	advmod	prep	poss	amod	pobj	prep	pobj	cc	aux	conj	quantmod	quantmod	dobj	number	number	prep	amod	nn	pobj	p
2	0	2	2	7	7	4	7	8	2	12	2	15	15	12	15	15	15	21	21	18	2
B-ORG	O	O	O	O	B-DATE	I-DATE	O	O	O	O	O	O	O	B-MONEY	I-MONEY	I-MONEY	O	O	O	O	O
</negative>
<negative>
''	I	am	now	embarrassed	to	admit	that	I	worked	to	create	Amtrak	,	''	Joseph	Vranich	,	a	former	Amtrak	spokesman	turned	critic	,	told	the	committee	.
''	PRP	VBP	RB	JJ	TO	VB	IN	PRP	VBD	TO	VB	NNP	,	''	NNP	NNP	,	DT	JJ	NNP	NN	VBN	NN	,	VBD	DT	NN	.
p	nsubj	cop	advmod	ccomp	aux	xcomp	complm	nsubj	ccomp	aux	xcomp	dobj	p	p	nn	nsubj	p	det	amod	nn	appos	partmod	dobj	p	root	det	dobj	p
26	5	5	5	26	7	5	10	10	7	12	10	12	26	26	17	26	26	22	22	22	17	22	23	26	0	28	26	26
O	O	O	O	O	O	O	O	O	O	O	O	B-ORG	O	O	B-PERSON	I-PERSON	O	O	O	B-ORG	O	O	O	O	O	O	O	O
</negative>
<negative>
Congress	gave	Amtrak	in	1997	an	infusion	of	aid	along	with	a	2003	deadline	to	become	self-sufficient	.
NNP	VBD	NNP	IN	CD	DT	NN	IN	NN	IN	IN	DT	CD	NN	TO	VB	JJ	.
nsubj	root	iobj	prep	pobj	det	dobj	prep	pobj	advmod	prep	det	num	pobj	aux	cop	infmod	p
2	0	2	3	4	7	2	7	8	9	10	14	14	11	17	17	7	2
B-ORG	O	B-ORG	O	B-DATE	O	O	O	O	O	O	O	B-DATE	O	O	O	O	O
</negative>
<negative>
Amtrak	Chairman	Tommy	Thompson	,	Wisconsin	's	governor	,	told	the	committee	the	railway	will	meet	the	deadline	.
NNP	NNP	NNP	NNP	,	NNP	POS	NN	,	VBD	DT	NN	DT	NN	MD	VB	DT	NN	.
nn	nn	nn	nsubj	p	poss	possessive	appos	p	root	det	dobj	det	nsubj	aux	rcmod	det	dobj	p
4	4	4	10	10	8	6	4	10	0	12	10	14	16	16	12	18	16	10
B-ORG	O	B-PERSON	I-PERSON	O	B-GPE	O	O	O	O	O	O	O	O	O	O	O	O	O
</negative>
<negative>
He	said	Amtrak	's	governing	board	met	last	week	and	addressed	much	of	the	criticism	in	Mead	's	audit	.
PRP	VBD	NNP	POS	VBG	NN	VBD	JJ	NN	CC	VBD	RB	IN	DT	NN	IN	NNP	POS	NN	.
nsubj	root	poss	possessive	amod	nsubj	ccomp	amod	tmod	cc	conj	dobj	prep	det	pobj	prep	poss	possessive	pobj	p
2	0	6	3	6	7	2	9	7	7	7	11	12	15	13	15	19	17	16	2
O	O	B-ORG	O	O	O	O	B-DATE	I-DATE	O	O	O	O	O	O	O	B-ORG	O	O	O
</negative>
<negative>
''	For	much	of	Amtrak	's	history	,	it	was	not	run	like	a	business	,	''	Thompson	said	.
''	IN	RB	IN	NNP	POS	NN	,	PRP	VBD	RB	VBN	IN	DT	NN	,	''	NNP	VBD	.
p	prep	pobj	prep	poss	possessive	pobj	p	nsubjpass	auxpass	neg	ccomp	prep	det	pobj	p	p	nsubj	root	p
19	12	2	3	7	5	4	19	12	12	12	19	12	15	13	19	19	19	0	19
O	O	O	O	B-ORG	O	O	O	O	O	O	O	O	O	O	O	O	B-PERSON	O	O
</negative>
<negative>
''	It	did	not	have	an	entrepreneurial	focus	.
''	PRP	VBD	RB	VB	DT	JJ	NN	.
p	nsubj	aux	neg	root	det	amod	dobj	p
5	5	5	5	0	8	8	5	5
O	O	O	O	O	O	O	O	O
</negative>
<negative>
It	did	lack	a	serious	business	plan	.
PRP	VBD	VBP	DT	JJ	NN	NN	.
nsubj	root	ccomp	det	amod	nn	dobj	p
2	0	2	7	7	7	3	2
O	O	O	O	O	O	O	O
</negative>
<negative>
But	in	recent	years	we	have	made	remarkable	progress	in	turning	Amtrak	around.	''
CC	IN	JJ	NNS	PRP	VBP	VBN	JJ	NN	IN	VBG	JJ	NN	''
root	dep	amod	pobj	nsubj	aux	rcmod	amod	dobj	prep	pcomp	amod	dobj	p
0	1	4	2	7	7	4	9	7	7	10	13	11	1
O	O	O	O	O	O	O	O	O	O	O	B-ORG	O	O
</negative>
<negative>
Thompson	,	Mead	and	Scheinberg	agreed	that	,	even	if	Amtrak	weans	itself	from	federal	operating	subsidies	by	2003	,	it	will	need	significant	continuing	federal	support	for	capital	expenses	like	track	repair	.
NNP	,	NNP	CC	NNP	VBD	IN	,	RB	IN	NNP	VBZ	PRP	IN	JJ	VBG	NNS	IN	CD	,	PRP	MD	VB	JJ	JJ	JJ	NN	IN	NN	NNS	IN	NN	NN	.
nsubj	p	conj	cc	conj	root	complm	p	advmod	dep	nsubj	advcl	dobj	prep	amod	amod	pobj	prep	pobj	p	nsubj	aux	ccomp	amod	amod	amod	dobj	prep	nn	pobj	prep	nn	pobj	p
6	6	1	1	1	0	23	6	12	12	12	23	12	12	17	17	14	17	18	6	23	23	6	27	27	27	23	27	30	28	23	33	31	6
B-PERSON	O	B-PERSON	O	B-PERSON	O	O	O	O	O	B-ORG	O	O	O	O	O	O	O	B-DATE	O	O	O	O	O	O	O	O	O	O	O	O	O	O	O
</negative>
<negative>
Amtrak	President	George	Warrington	told	the	committee	that	the	railway	expects	delivery	next	week	of	the	first	of	20	high-speed	trains	for	the	Boston	-to-	Washington	Northeast	Corridor	.
NNP	NNP	NNP	NNP	VBD	DT	NN	IN	DT	NN	VBZ	NN	JJ	NN	IN	DT	JJ	IN	CD	JJ	NNS	IN	DT	NNP	NNP	NNP	NNP	NNP	.
nn	nn	nn	nsubj	root	det	dobj	complm	det	nsubj	ccomp	nn	amod	dobj	prep	det	pobj	prep	num	amod	pobj	prep	det	nn	nn	nn	nn	pobj	p
4	4	4	5	0	7	5	11	10	11	5	14	14	11	14	17	15	17	21	21	18	21	28	28	28	28	28	22	5
B-ORG	O	B-PERSON	I-PERSON	O	O	O	O	O	O	O	O	B-DATE	I-DATE	O	O	B-ORDINAL	O	B-CARDINAL	O	O	O	O	B-GPE	O	B-GPE	I-FAC	I-FAC	O
</negative>
<negative>
The	long-delayed	Acela	Express	service	,	which	will	reach	speeds	of	150	mph	,	will	begin	running	''	within	a	month	,	''	Warrington	said	.
DT	JJ	NNP	NNP	NN	,	WDT	MD	VB	NNS	IN	CD	NN	,	MD	VB	VBG	''	IN	DT	NN	,	''	NNP	VBD	.
det	amod	nn	nn	nsubj	p	nsubj	aux	rcmod	dobj	prep	num	pobj	p	aux	ccomp	xcomp	p	prep	det	tmod	p	p	nsubj	root	p
5	5	5	5	16	25	9	9	5	9	10	13	11	25	16	25	16	25	17	21	17	25	25	25	0	25
O	O	B-ORG	I-ORG	O	O	O	O	O	O	O	B-QUANTITY	I-QUANTITY	O	O	O	O	O	O	O	O	O	O	B-ORG	O	O
</negative>
<negative>
On	the	Net	:	Amtrak	:	http	:	//www	.	amtrak	.	com
IN	DT	NN	:	RB	:	NN	:	NNP	.	NN	.	JJ
dep	det	pobj	p	root	p	dep	p	nn	p	dep	p	dep
5	3	1	5	0	5	5	5	11	5	7	5	7
O	O	O	O	B-ORG	O	O	O	O	O	O	O	O
</negative>
</QApairs>
<QApairs id='34.2'>
<question>
How	many	passengers	does	Amtrak	serve	annually	?
WRB	JJ	NNS	VBZ	NNP	VB	RB	.
advmod	amod	dobj	aux	nsubj	root	advmod	p
2	3	6	6	6	0	6	6
O	O	O	O	B-ORG	O	B-DATE	O
</question>
<positive>
Amtrak	annually	serves	about	21	million	passengers	.
NNP	RB	VBZ	RB	CD	CD	NNS	.
nsubj	advmod	root	quantmod	number	num	dobj	p
3	3	0	6	6	7	3	3
B-ORG	B-DATE	O	B-QUANTITY	I-QUANTITY	I-QUANTITY	O	O
21	million
5	6
</positive>
</QApairs>
<QApairs id='34.3'>
<question>
How	many	employees	does	Amtrak	have	?
WRB	JJ	NNS	VBZ	NNP	VB	.
advmod	amod	dobj	aux	nsubj	root	p
2	3	6	6	6	0	6
O	O	O	O	B-ORG	O	O
</question>
<positive>
Schulz	said	Amtrak	prepared	for	the	new	guarantee	program	by	training	its	25,000	employees	''	to	take	personal	initiative	and	do	what	is	necessary	to	solve	guest	problems.	''
NNP	VBD	NNP	VBN	IN	DT	JJ	NN	NN	IN	VBG	PRP$	CD	NNS	''	TO	VB	JJ	NN	CC	VB	WP	VBZ	JJ	TO	VB	JJ	NN	''
nsubj	root	dobj	partmod	prep	det	amod	nn	pobj	prep	pcomp	poss	num	dobj	p	aux	xcomp	amod	dobj	cc	conj	nsubj	cop	ccomp	aux	xcomp	amod	dobj	p
2	0	2	3	4	9	9	9	5	4	10	14	14	11	2	17	11	19	17	17	17	24	24	21	26	24	28	26	2
B-PERSON	O	B-ORG	O	O	O	O	O	O	O	O	O	B-CARDINAL	O	O	O	O	O	O	O	O	O	O	O	O	O	O	O	O
25,000
13
</positive>
<positive>
Currently	,	about	24,000	employees	work	for	Amtrak	,	according	to	spokesman	Steven	Taubenkibel	.
RB	,	RB	CD	NNS	VBP	IN	NNP	,	VBG	TO	NN	NNP	NNP	.
advmod	p	quantmod	num	nsubj	root	prep	pobj	p	prep	pcomp	nn	nn	pobj	p
6	6	4	5	6	0	6	7	6	6	10	14	14	11	6
O	O	O	B-CARDINAL	O	O	O	B-ORG	O	O	O	O	B-PERSON	I-PERSON	O
24,000
4
</positive>
</QApairs>
<QApairs id='34.4'>
<question>
Who	is	the	president	or	chief	executive	of	Amtrak	?
WP	VBZ	DT	NN	CC	JJ	NN	IN	NNP	.
attr	root	det	nsubj	cc	amod	conj	prep	pobj	p
2	0	4	2	4	7	4	4	8	2
O	O	O	O	O	O	O	O	B-ORG	O
</question>
<positive>
``	Long-term	success	here	has	to	do	with	doing	it	right	,	getting	it	right	and	increasing	market	share	,	''	said	George	Warrington	,	Amtrak	's	president	and	chief	executive	.
``	JJ	NN	RB	VBZ	TO	VB	IN	VBG	PRP	RB	,	VBG	PRP	RB	CC	VBG	NN	NN	,	''	VBD	NNP	NNP	,	NNP	POS	NN	CC	JJ	NN	.
p	amod	nsubj	advmod	ccomp	aux	xcomp	prep	pcomp	nsubj	xcomp	p	conj	nsubj	xcomp	cc	conj	nn	dobj	p	p	root	nn	nsubj	p	poss	possessive	appos	cc	amod	conj	p
22	3	5	5	22	7	5	7	8	11	9	22	9	15	13	9	9	19	17	22	22	0	24	22	22	28	26	24	28	31	28	22
O	O	O	O	O	O	O	O	O	O	O	O	O	O	O	O	O	O	O	O	O	O	B-PERSON	I-PERSON	O	B-ORG	O	O	O	O	O	O
George	Warrington
23	24
</positive>
<positive>
``	We	will	treat	our	customers	as	valued	guests	...	,	so	they	will	choose	to	ride	our	trains	over	and	over	again	,	''	said	George	Warrington	,	Amtrak	's	president	and	chief	executive	.
``	PRP	MD	VB	PRP$	NNS	IN	VBD	NNS	:	,	IN	PRP	MD	VB	TO	VB	PRP$	NNS	RP	CC	RP	RB	,	''	VBD	NNP	NNP	,	NNP	POS	NN	CC	JJ	NN	.
p	nsubj	aux	ccomp	poss	dobj	mark	advcl	dobj	p	p	dep	nsubj	aux	dep	aux	xcomp	poss	dobj	prt	dep	dep	advmod	p	p	root	nn	nsubj	p	poss	possessive	appos	cc	amod	conj	p
26	4	4	26	6	4	8	4	8	26	26	4	15	15	4	17	15	19	17	17	20	20	17	26	26	0	28	26	26	32	30	28	32	35	32	26
O	O	O	O	O	O	O	O	O	O	O	O	O	O	O	O	O	O	O	O	O	O	O	O	O	O	B-PERSON	I-PERSON	O	B-ORG	O	O	O	O	O	O
George	Warrington
27	28
</positive>
<positive>
``	Amtrak	is	committed	to	treating	all	employees	fairly	,	''	Amtrak	President	George	Warrington	said	in	a	statement	.
``	NNP	VBZ	VBN	TO	VBG	DT	NNS	RB	,	''	NNP	NNP	NNP	NNP	VBD	IN	DT	NN	.
p	nsubjpass	auxpass	ccomp	prep	pcomp	det	dobj	advmod	p	p	nn	nn	nn	nsubj	root	prep	det	pobj	p
16	4	4	16	4	5	8	6	6	16	16	15	15	15	16	0	16	19	17	16
O	B-ORG	O	O	O	O	O	O	O	O	O	B-ORG	O	B-PERSON	I-PERSON	O	O	O	O	O
George	Warrington
14	15
</positive>
<positive>
Amtrak	President	George	Warrington	said	settling	out-of-court	was	the	right	thing	to	do	.
NNP	NNP	NNP	NNP	VBD	VBG	NNS	VBD	DT	JJ	NN	TO	VB	.
nn	nn	nn	nsubj	root	amod	nsubj	cop	det	amod	ccomp	aux	infmod	p
4	4	4	5	0	7	11	11	11	11	5	13	11	5
B-ORG	O	B-PERSON	I-PERSON	O	O	O	O	O	O	O	O	O	O
George	Warrington
3	4
</positive>
<positive>
Amtrak	President	George	Warrington	told	the	committee	that	the	railway	expects	delivery	next	week	of	the	first	of	20	high-speed	trains	for	the	Boston	-to-	Washington	Northeast	Corridor	.
NNP	NNP	NNP	NNP	VBD	DT	NN	IN	DT	NN	VBZ	NN	JJ	NN	IN	DT	JJ	IN	CD	JJ	NNS	IN	DT	NNP	NNP	NNP	NNP	NNP	.
nn	nn	nn	nsubj	root	det	dobj	complm	det	nsubj	ccomp	nn	amod	dobj	prep	det	pobj	prep	num	amod	pobj	prep	det	nn	nn	nn	nn	pobj	p
4	4	4	5	0	7	5	11	10	11	5	14	14	11	14	17	15	17	21	21	18	21	28	28	28	28	28	22	5
B-ORG	O	B-PERSON	I-PERSON	O	O	O	O	O	O	O	O	B-DATE	I-DATE	O	O	B-ORDINAL	O	B-CARDINAL	O	O	O	O	B-GPE	O	B-GPE	I-FAC	I-FAC	O
George	Warrington
3	4
</positive>
<positive>
``	We	are	going	to	guarantee	passenger	rights	while	others	in	the	transportation	industry	are	fighting	them	in	Congress	,	''	said	George	Warrington	,	Amtrak	's	president	.
``	PRP	VBP	VBG	TO	VB	NN	NNS	IN	NNS	IN	DT	NN	NN	VBP	VBG	PRP	IN	NNP	,	''	VBD	NNP	NNP	,	NNP	POS	NN	.
p	nsubj	aux	ccomp	aux	xcomp	nn	dobj	mark	nsubj	prep	det	nn	pobj	aux	advcl	dobj	prep	pobj	p	p	root	nn	nsubj	p	poss	possessive	appos	p
22	4	4	22	6	4	8	6	16	16	10	14	14	11	16	6	16	16	18	22	22	0	24	22	22	28	26	24	22
O	O	O	O	O	O	O	O	O	O	O	O	O	O	O	O	O	O	B-ORG	O	O	O	B-PERSON	I-PERSON	O	B-ORG	O	O	O
George	Warrington
23	24
</positive>
<positive>
George	Warrington	,	Amtrak	's	president	and	chief	executive	,	said	the	railroad	would	face	a	shortfall	in	the	next	fiscal	year	as	a	result	of	the	delay	.
NNP	NNP	,	NNP	POS	NN	CC	JJ	NN	,	VBD	DT	NN	MD	VB	DT	NN	IN	DT	JJ	JJ	NN	IN	DT	NN	IN	DT	NN	.
nn	nsubj	p	poss	possessive	appos	cc	amod	conj	p	root	det	nsubj	aux	ccomp	det	dobj	prep	det	amod	amod	pobj	prep	det	pobj	prep	det	pobj	p
2	11	11	6	4	2	6	9	6	11	0	13	15	15	11	17	15	17	22	22	22	18	15	25	23	25	28	26	11
B-PERSON	I-PERSON	O	B-ORG	O	O	O	O	O	O	O	O	O	O	O	O	O	O	O	B-DATE	I-DATE	I-DATE	O	O	O	O	O	O	O
George	Warrington
1	2
</positive>
<positive>
George	Warrington	,	Amtrak	's	president	,	said	ridership	was	up	because	service	was	better	and	because	``	the	marketplace	is	feeling	increasingly	frustrated	with	the	alternatives	,	''	namely	jammed	highways	and	delayed	airplanes	.
NNP	NNP	,	NNP	POS	NN	,	VBD	NN	VBD	IN	IN	NN	VBD	JJR	CC	IN	``	DT	NN	VBZ	VBG	RB	JJ	IN	DT	NNS	,	''	RB	VBN	NNS	CC	VBN	NNS	.
nn	nsubj	p	poss	possessive	appos	p	root	nsubj	ccomp	prep	mark	nsubj	cop	dep	cc	mark	p	det	nsubj	aux	conj	advmod	acomp	prep	det	pobj	p	p	advmod	amod	pobj	cc	amod	conj	p
2	8	8	6	4	2	8	0	10	8	10	15	15	15	32	15	22	8	20	22	22	15	24	22	24	27	25	8	8	32	32	11	32	35	32	8
B-PERSON	I-PERSON	O	B-ORG	O	O	O	O	O	O	O	O	O	O	O	O	O	O	O	O	O	O	O	O	O	O	O	O	O	O	O	O	O	O	O	O
George	Warrington
1	2
</positive>
<negative>
Amtrak	is	offering	a	deal	it	hopes	few	travelers	can	resist	:	Get	good	service	or	a	free	ride	.
NNP	VBZ	VBG	DT	NN	PRP	VBZ	JJ	NNS	MD	VB	:	VB	JJ	NN	CC	DT	JJ	NN	.
nsubj	aux	root	det	dobj	nsubj	rcmod	amod	nsubj	aux	ccomp	p	dep	amod	dobj	cc	det	amod	conj	p
3	3	0	5	3	7	5	9	11	11	7	3	11	15	13	15	19	19	15	3
B-ORG	O	O	O	O	O	O	O	O	O	O	O	O	O	O	O	O	O	O	O
</negative>
<negative>
Amtrak	,	which	must	wean	itself	from	federal	operating	subsidies	by	2003	,	hopes	its	planned	service	improvements	--	such	as	flowers	in	bathrooms	and	entertainment	for	children	--	will	boost	revenues	by	$	85	million	over	three	years	.
NNP	,	WDT	MD	VB	PRP	IN	JJ	NN	NNS	IN	CD	,	VBZ	PRP$	JJ	NN	NNS	:	JJ	IN	NNS	IN	NNS	CC	NN	IN	NNS	:	MD	VB	NNS	IN	$	CD	CD	IN	CD	NNS	.
nsubj	p	nsubj	aux	rcmod	dobj	prep	amod	nn	pobj	prep	pobj	p	root	poss	amod	nn	nsubj	p	mwe	dep	pobj	prep	pobj	cc	conj	prep	pobj	p	aux	ccomp	dobj	prep	pobj	number	number	prep	num	pobj	p
14	14	5	5	1	5	5	10	10	7	5	11	14	0	18	18	18	31	14	21	31	21	22	23	24	24	22	27	14	31	14	31	31	33	34	34	34	39	37	14
B-ORG	O	O	O	O	O	O	O	O	O	O	B-DATE	O	O	O	O	O	O	O	O	O	O	O	O	O	O	O	O	O	O	O	O	O	B-MONEY	I-MONEY	I-MONEY	O	B-DATE	I-DATE	O
</negative>
<negative>
Central	to	winning	customers	'	confidence	is	Amtrak	's	new	pledge	:	Amtrak	will	offer	dissatisfied	passengers	a	refund	voucher	good	for	future	travel	.
NNP	TO	JJ	NNS	POS	NN	VBZ	NNP	POS	JJ	NN	:	NNP	MD	VB	JJ	NNS	DT	NN	NN	JJ	IN	JJ	NN	.
nsubj	prep	amod	poss	p	pobj	cop	poss	possessive	amod	root	p	nsubj	aux	parataxis	amod	iobj	det	nn	dobj	amod	prep	amod	pobj	p
11	1	4	6	11	2	11	11	8	11	0	11	15	15	11	17	15	20	20	15	20	21	24	22	11
O	O	O	O	O	O	O	B-ORG	O	O	O	O	B-ORG	O	O	O	O	O	O	O	O	O	O	O	O
</negative>
<negative>
Amtrak	spokesman	John	Wolf	estimated	that	only	one	out	of	every	1,000	passengers	will	request	a	refund	voucher	.
NNP	NN	NNP	NNP	VBD	IN	RB	CD	RB	IN	DT	CD	NNS	MD	VB	DT	NN	NN	.
nn	nn	nn	nsubj	root	complm	advmod	nsubj	advmod	prep	det	num	pobj	aux	ccomp	det	nn	dobj	p
4	4	4	5	0	15	8	15	10	8	13	13	10	15	5	18	18	15	5
B-ORG	O	B-PERSON	I-PERSON	O	O	O	O	O	O	O	B-CARDINAL	O	O	O	O	O	O	O
</negative>
<negative>
Amtrak	is	offering	vouchers	,	instead	of	refunds	on	the	current	trip	,	to	give	itself	a	second	chance	to	woo	the	customer	.
NNP	VBZ	VBG	NNS	,	RB	IN	NNS	IN	DT	JJ	NN	,	TO	VB	PRP	DT	JJ	NN	TO	VB	DT	NN	.
nsubj	aux	root	dobj	p	cc	mwe	conj	prep	det	amod	pobj	p	aux	xcomp	iobj	det	amod	dobj	aux	infmod	det	dobj	p
3	3	0	3	3	4	6	4	8	12	12	9	3	15	3	15	19	19	15	21	19	23	21	3
B-ORG	O	O	O	O	O	O	O	O	O	O	O	O	O	O	O	O	B-ORDINAL	O	O	O	O	O	O
</negative>
<negative>
Amtrak	still	faces	hurdles	,	such	as	limited	routes	and	schedules	,	in	becoming	a	true	alternative	to	airlines	.
NNP	RB	VBZ	NNS	,	JJ	IN	JJ	NNS	CC	NNS	,	IN	VBG	DT	JJ	NN	TO	NNS	.
nsubj	advmod	root	dobj	p	mwe	dep	amod	pobj	cc	conj	p	prep	pcomp	det	amod	attr	prep	pobj	p
3	3	0	3	3	7	3	9	7	9	9	3	3	13	17	17	14	14	18	3
B-ORG	O	O	O	O	O	O	O	O	O	O	O	O	O	O	O	O	O	O	O
</negative>
<negative>
Earlier	this	year	,	Amtrak	announced	a	high-speed	service	to	lure	travelers	who	now	fly	the	lucrative	Washington	-	New	York	-	Boston	shuttle	route	.
RBR	DT	NN	,	NNP	VBD	DT	JJ	NN	TO	VB	NNS	WP	RB	VBP	DT	JJ	NNP	:	NNP	NNP	:	NNP	NN	NN	.
advmod	det	tmod	p	nsubj	root	det	amod	dobj	aux	xcomp	dobj	nsubj	advmod	rcmod	det	amod	nn	p	nn	dep	p	nn	dobj	advmod	p
3	3	6	6	6	0	9	9	6	11	6	11	15	15	12	24	24	24	6	21	24	6	24	15	24	6
B-DATE	I-DATE	I-DATE	O	B-ORG	O	O	O	O	O	O	O	O	O	O	O	O	B-GPE	O	B-GPE	I-GPE	O	B-GPE	O	O	O
</negative>
<negative>
Amtrak	also	is	developing	other	high-speed	rail	corridors	elsewhere	,	including	one	linking	Illinois	,	Indiana	,	Iowa	,	Michigan	,	Minnesota	,	Missouri	,	Nebraska	,	Ohio	,	and	Wisconsin	.
NNP	RB	VBZ	VBG	JJ	JJ	NN	NNS	RB	,	VBG	CD	VBG	NNP	,	NNP	,	NNP	,	NNP	,	NNP	,	NNP	,	NNP	,	NNP	,	CC	NNP	.
nsubj	advmod	aux	root	amod	amod	nn	dobj	advmod	p	prep	pobj	partmod	nn	p	appos	p	appos	p	appos	p	appos	p	appos	p	appos	p	dobj	p	cc	conj	p
4	4	4	0	8	8	8	4	4	4	4	11	12	28	4	28	4	28	4	28	4	28	4	28	4	28	4	13	4	28	28	4
B-ORG	O	O	O	O	O	O	O	O	O	O	B-CARDINAL	O	B-GPE	O	B-GPE	O	B-GPE	O	B-GPE	O	B-GPE	O	B-GPE	O	B-GPE	O	B-GPE	O	O	B-GPE	O
</negative>
<negative>
Amtrak	passenger	revenues	exceeded	$	1	billion	for	the	first	time	ever	last	year	,	with	21	million	customers	riding	by	rail	.
NNP	NN	NNS	VBD	$	CD	CD	IN	DT	JJ	NN	RB	JJ	NN	,	IN	CD	CD	NNS	VBG	IN	NN	.
nn	nn	nsubj	root	dobj	number	number	prep	det	amod	pobj	advmod	amod	tmod	p	prep	number	num	pobj	partmod	prep	pobj	p
3	3	4	0	4	5	5	4	11	11	8	14	14	4	4	4	18	19	16	19	20	21	4
B-ORG	O	O	O	B-MONEY	I-MONEY	I-MONEY	O	O	B-ORDINAL	O	O	B-DATE	I-DATE	O	O	B-CARDINAL	I-CARDINAL	O	O	O	O	O
</negative>
<negative>
Amtrak	said	it	had	the	best	on-time	performance	in	13	years	.
NNP	VBD	PRP	VBD	DT	JJS	JJ	NN	IN	CD	NNS	.
nsubj	root	nsubj	ccomp	det	amod	amod	dobj	prep	num	pobj	p
2	0	4	2	8	8	8	4	8	11	9	2
B-ORG	O	O	O	O	O	O	O	O	B-DATE	I-DATE	O
</negative>
<negative>
Moscow	is	insisting	on	a	separate	sector	for	its	peacekeepers	;	NATO	says	that	wo	n't	happen	though	President	Clinton	predicted	a	``	successful	conclusion.	''
NNP	VBZ	VBG	IN	DT	JJ	NN	IN	PRP$	NNS	:	NNP	VBZ	IN	MD	RB	VB	IN	NNP	NNP	VBD	DT	``	JJ	NN	''
nsubj	aux	root	prep	det	amod	pobj	prep	poss	pobj	p	nsubj	parataxis	complm	aux	neg	ccomp	mark	nn	nsubj	advcl	det	p	amod	dobj	p
3	3	0	3	7	7	4	7	10	8	3	13	3	17	17	17	13	21	20	21	17	25	3	25	21	3
B-GPE	O	O	O	O	O	O	O	O	O	O	B-ORG	O	O	O	O	O	O	O	B-PERSON	O	O	O	O	O	O
</negative>
<negative>
Amtrak	:	Good	Service	or	Free	Travel
NNP	:	NNP	NNP	CC	NNP	NNP
root	p	nn	dep	cc	nn	conj
0	1	4	1	4	7	4
B-ORG	O	O	O	O	B-ORG	I-ORG
</negative>
<negative>
Amtrak	,	wooing	people	to	take	the	train	,	not	the	plane	,	today	promised	all	passengers	good	service	or	a	voucher	for	a	free	ride	.
NNP	,	VBG	NNS	TO	VB	DT	NN	,	RB	DT	NN	,	NN	VBD	DT	NNS	JJ	NN	CC	DT	NN	IN	DT	JJ	NN	.
nsubj	p	partmod	dobj	aux	xcomp	det	dobj	p	neg	det	dep	p	nsubj	root	det	iobj	amod	dobj	cc	det	conj	prep	det	amod	pobj	p
15	15	1	3	6	3	8	6	15	8	12	8	15	15	0	17	15	19	15	19	22	19	22	26	26	23	15
B-ORG	O	O	O	O	O	O	O	O	O	O	O	O	B-DATE	O	O	O	O	O	O	O	O	O	O	O	O	O
</negative>
<negative>
Amtrak	has	agreed	to	settle	a	race	discrimination	lawsuit	filed	by	black	management	employees	and	applicants	for	management	positions	.
NNP	VBZ	VBN	TO	VB	DT	NN	NN	NN	VBN	IN	JJ	NN	NNS	CC	NNS	IN	NN	NNS	.
nsubj	aux	root	aux	xcomp	det	nn	nn	dobj	partmod	prep	amod	nn	pobj	cc	conj	prep	nn	pobj	p
3	3	0	5	3	9	9	9	5	9	10	14	14	11	14	14	14	19	17	3
B-ORG	O	O	O	O	O	O	O	O	O	O	O	O	O	O	O	O	O	O	O
</negative>
<negative>
Under	terms	of	the	settlement	,	Amtrak	did	not	admit	to	any	wrongdoing	,	but	agreed	to	extensive	changes	in	corporate	practices	designed	to	prevent	race	discrimination	.
IN	NNS	IN	DT	NN	,	NNP	VBD	RB	VB	TO	DT	NN	,	CC	VBD	TO	JJ	NNS	IN	JJ	NNS	VBN	TO	VB	NN	NN	.
prep	pobj	prep	det	pobj	p	nsubj	aux	neg	root	prep	det	pobj	p	cc	conj	prep	amod	pobj	prep	amod	pobj	partmod	aux	xcomp	nn	dobj	p
10	1	2	5	3	10	10	10	10	0	10	13	11	10	10	10	16	19	17	16	22	20	22	25	23	27	25	10
O	O	O	O	O	O	B-ORG	O	O	O	O	O	O	O	O	O	O	O	O	O	O	O	O	O	O	O	O	O
</negative>
<negative>
Michael	Lieder	,	lead	counsel	for	the	plaintiffs	,	said	that	the	new	practices	``	will	help	employees	of	all	races	survive	and	thrive	at	Amtrak	well	into	the	future.	''
NNP	NNP	,	JJ	NN	IN	DT	NNS	,	VBD	IN	DT	JJ	NNS	``	MD	VB	NNS	IN	DT	NNS	VB	CC	VB	IN	NNP	RB	IN	DT	NN	''
nn	nsubj	p	amod	appos	prep	det	pobj	p	root	complm	det	amod	nsubj	p	aux	ccomp	nsubj	prep	det	pobj	ccomp	cc	conj	prep	pobj	advmod	prep	det	pobj	p
2	10	10	5	2	5	8	6	10	0	17	14	14	17	10	17	10	22	18	21	19	17	22	22	22	25	22	22	30	28	10
B-PERSON	I-PERSON	O	O	O	O	O	O	O	O	O	O	O	O	O	O	O	O	O	O	O	O	O	O	O	B-ORG	O	O	O	O	O
</negative>
<negative>
In	addition	,	Amtrak	has	created	a	new	position	,	vice	president	of	business	diversity	and	strategic	initiatives	,	and	filled	the	job	.
IN	NN	,	NNP	VBZ	VBN	DT	JJ	NN	,	NN	NN	IN	NN	NN	CC	JJ	NNS	,	CC	VBN	DT	NN	.
prep	pobj	p	nsubj	aux	root	det	amod	dobj	p	nn	conj	prep	nn	pobj	cc	amod	conj	p	cc	conj	det	dobj	p
6	1	6	6	6	0	9	9	6	6	12	9	12	15	13	9	18	9	6	6	6	23	21	6
O	O	O	B-ORG	O	O	O	O	O	O	O	O	O	O	O	O	O	O	O	O	O	O	O	O
</negative>
<negative>
The	lawsuit	,	filed	last	August	in	the	U.S	.	District	Court	for	the	District	of	Columbia	,	contended	Amtrak	discriminated	against	blacks	in	filling	management	jobs	and	handling	pay	,	promotion	and	disciplinary	issues	.
DT	NN	,	VBN	JJ	NNP	IN	DT	NNP	.	NNP	NNP	IN	DT	NNP	IN	NNP	,	VBD	NNP	VBD	IN	NNS	IN	VBG	NN	NNS	CC	VBG	NN	,	NN	CC	JJ	NNS	.
det	nsubj	p	partmod	amod	tmod	prep	det	nn	p	nn	pobj	prep	det	pobj	prep	pobj	p	root	nsubj	ccomp	prep	pobj	prep	pcomp	nn	dobj	cc	conj	nn	p	nn	cc	conj	dobj	p
2	19	19	2	6	4	4	12	12	19	12	7	4	15	13	15	16	19	0	21	19	21	22	21	24	27	25	25	25	32	19	35	32	32	29	19
O	O	O	O	O	B-DATE	O	O	B-GPE	O	B-ORG	I-ORG	O	B-GPE	I-GPE	I-GPE	I-GPE	O	O	B-ORG	O	O	O	O	O	O	O	O	O	O	O	O	O	O	O	O
</negative>
<negative>
It	also	alleged	Amtrak	maintained	a	racially	hostile	work	environment	.
PRP	RB	VBD	NNP	VBD	DT	RB	JJ	NN	NN	.
nsubj	advmod	root	nsubj	ccomp	det	advmod	amod	nn	dobj	p
3	3	0	5	3	10	8	10	10	5	3
O	O	O	B-ORG	O	O	O	O	O	O	O
</negative>
<negative>
For	the	second	time	in	nine	months	,	Amtrak	has	settled	a	racial	discrimination	suit	,	the	latest	alleging	the	national	railway	condoned	hostile	work	conditions	for	blacks	that	created	a	''	segregated	work	force	.	''
IN	DT	JJ	NN	IN	CD	NNS	,	NNP	VBZ	VBN	DT	JJ	NN	NN	,	DT	JJS	VBG	DT	JJ	NN	VBD	JJ	NN	NNS	IN	NNS	WDT	VBD	SYM	''	VBD	NN	NN	.	''
prep	det	amod	pobj	prep	num	pobj	p	nsubj	aux	parataxis	det	amod	nn	dobj	p	det	nsubj	partmod	det	amod	dobj	root	amod	nn	dobj	prep	pobj	nsubj	rcmod	dobj	p	rcmod	nn	dobj	p	p
23	4	4	1	4	7	5	23	11	11	23	15	15	15	11	23	18	23	18	22	22	19	0	26	26	23	23	27	30	28	30	23	31	35	33	23	23
O	O	B-ORDINAL	O	O	B-DATE	I-DATE	O	B-ORG	O	O	O	O	O	O	O	O	O	O	O	O	O	O	O	O	O	O	O	O	O	O	O	O	O	O	O	O
</negative>
<negative>
Amtrak	did	not	admit	any	wrongdoing	in	the	settlement	announced	on	Friday	,	but	the	railway	agreed	to	change	company	policies	.
NNP	VBD	RB	VB	DT	NN	IN	DT	NN	VBN	IN	NNP	,	CC	DT	NN	VBD	TO	VB	NN	NNS	.
nsubj	aux	neg	root	det	dobj	prep	det	pobj	partmod	prep	pobj	p	cc	det	nsubj	conj	aux	xcomp	nn	dobj	p
4	4	4	0	6	4	4	9	7	9	10	11	4	4	16	17	4	19	17	21	19	4
B-ORG	O	O	O	O	O	O	O	O	O	O	B-DATE	O	O	O	O	O	O	O	O	O	O
</negative>
<negative>
The	suit	was	filed	by	13	black	members	of	the	Brotherhood	of	Maintenance	of	Way	Employees	who	build	and	maintain	railroad	tracks	for	Amtrak	's	engineering	department	in	the	Northeast	corridor	between	Washington	and	Boston	.
DT	NN	VBD	VBN	IN	CD	JJ	NNS	IN	DT	NNP	IN	NNP	IN	NNP	NNPS	WP	VBP	CC	VBP	NN	NNS	IN	NNP	POS	NN	NN	IN	DT	NNP	NN	IN	NNP	CC	NNP	.
det	nsubjpass	auxpass	root	prep	num	amod	pobj	prep	det	pobj	prep	pobj	prep	nn	pobj	nsubj	rcmod	cc	conj	nn	dobj	prep	poss	possessive	nn	pobj	prep	det	nn	pobj	prep	pobj	cc	conj	p
2	4	4	0	4	8	8	5	8	11	9	11	12	13	16	14	18	8	18	18	22	18	22	27	24	27	23	18	31	31	28	31	32	33	33	4
O	O	O	O	O	B-CARDINAL	O	O	O	B-ORG	I-ORG	I-ORG	I-ORG	I-ORG	I-ORG	I-ORG	O	O	O	O	O	O	O	B-ORG	O	O	O	O	O	B-LOC	O	O	B-GPE	O	B-GPE	O
</negative>
<negative>
''	There	's	a	lot	that	Amtrak	has	agreed	to	here	that	would	not	have	happened	if	this	had	gone	into	litigation	,	''	she	said	.
''	EX	VBZ	DT	NN	IN	NNP	VBZ	VBN	TO	RB	WDT	MD	RB	VB	VBN	IN	DT	VBD	VBN	IN	NN	,	''	PRP	VBD	.
p	expl	ccomp	det	nsubj	complm	nsubj	aux	ccomp	prep	pobj	nsubj	aux	neg	aux	rcmod	mark	nsubj	aux	advcl	prep	pobj	p	p	nsubj	root	p
26	3	26	5	3	9	9	9	3	9	10	16	16	16	16	11	20	20	20	16	20	21	26	26	26	0	26
O	O	O	O	O	O	B-ORG	O	O	O	O	O	O	O	O	O	O	O	O	O	O	O	O	O	O	O	O
</negative>
<negative>
The	agreement	settles	the	first	of	three	discrimination	suits	filed	against	Amtrak	in	the	past	two	years	.
DT	NN	VBZ	DT	JJ	IN	CD	NN	NNS	VBN	IN	NNP	IN	DT	JJ	CD	NNS	.
det	nsubj	root	det	dobj	prep	num	nn	pobj	partmod	prep	pobj	prep	det	amod	num	pobj	p
2	3	0	5	3	5	9	9	6	9	10	11	10	17	17	17	13	3
O	O	O	O	B-ORDINAL	O	B-CARDINAL	O	O	O	O	B-ORG	O	O	O	B-DATE	I-DATE	O
</negative>
<negative>
In	July	1999	,	Amtrak	settled	a	suit	filed	by	black	managers	and	employees	seeking	management	positions	.
IN	NNP	CD	,	NNP	VBD	DT	NN	VBD	IN	JJ	NNS	CC	NNS	VBG	NN	NNS	.
prep	pobj	num	p	nsubj	root	det	nsubj	ccomp	prep	amod	pobj	cc	conj	xcomp	nn	dobj	p
6	1	2	6	6	0	8	9	6	9	12	10	12	12	9	17	15	6
O	B-DATE	I-DATE	O	B-ORG	O	O	O	O	O	O	O	O	O	O	O	O	O
</negative>
<negative>
Sen	.	John	McCain	panned	a	plan	that	would	give	Amtrak	a	''	multibillion-dollar	blank	check	''	even	though	the	railway	is	under	orders	to	become	independent	from	federal	operating	subsidies	.
NNP	.	NNP	NNP	VBD	DT	NN	WDT	MD	VB	NNP	DT	''	VBG	JJ	NN	''	RB	IN	DT	NN	VBZ	IN	NNS	TO	VB	JJ	IN	JJ	VBG	NNS	.
nn	p	nn	nsubj	root	det	dobj	nsubj	aux	rcmod	dobj	dep	p	partmod	amod	dobj	p	advmod	dep	det	nsubj	dep	prep	pobj	aux	cop	xcomp	prep	amod	amod	pobj	p
4	5	4	5	0	7	5	10	10	7	10	11	5	11	16	14	5	22	22	21	22	14	22	23	27	27	22	27	31	31	28	5
O	O	B-PERSON	I-PERSON	O	O	O	O	O	O	B-ORG	O	O	O	O	O	O	O	O	O	O	O	O	O	O	O	O	O	O	O	O	O
</negative>
<negative>
The	Arizona	Republican	,	chairman	of	the	Senate	Commerce	Committee	,	led	a	highly	critical	oversight	hearing	Tuesday	that	painted	a	sobering	portrait	of	Amtrak	's	financial	status	and	outlook	.
DT	NNP	NNP	,	NN	IN	DT	NNP	NNP	NNP	,	VBD	DT	RB	JJ	NN	NN	NNP	WDT	VBD	DT	JJ	NN	IN	NNP	POS	JJ	NN	CC	NN	.
det	nn	nsubj	p	appos	prep	det	nn	nn	pobj	p	root	det	advmod	amod	nn	dobj	dep	nsubj	rcmod	det	amod	dobj	prep	poss	possessive	amod	pobj	cc	conj	p
3	3	12	12	3	5	10	10	10	6	12	0	17	15	17	17	12	17	20	17	23	23	20	23	28	25	28	24	28	28	12
B-ORG	I-ORG	B-NORP	O	O	O	B-ORG	I-ORG	I-ORG	I-ORG	O	O	O	O	O	O	O	B-DATE	O	O	O	O	O	O	B-ORG	O	O	O	O	O	O
</negative>
<negative>
''	Amtrak	is	largely	no	better	off	today	than	one	year	ago	,	''	said	Phyllis	Scheinberg	,	associate	director	for	transportation	issues	at	the	General	Accounting	Office	.
''	NNP	VBZ	RB	RB	RB	IN	NN	IN	CD	NN	RB	,	''	VBD	NNP	NNP	,	JJ	NN	IN	NN	NNS	IN	DT	NNP	NNP	NNP	.
p	nsubj	ccomp	advmod	advmod	advmod	advmod	dep	prep	num	npadvmod	pcomp	p	p	root	nn	dep	p	amod	appos	prep	nn	pobj	prep	det	nn	nn	pobj	p
15	3	15	3	7	7	3	7	7	11	12	9	15	15	0	17	15	15	20	17	20	23	21	23	28	28	28	24	15
O	B-ORG	O	O	O	O	O	B-DATE	O	B-DATE	I-DATE	I-DATE	O	O	O	B-PERSON	I-PERSON	O	O	O	O	O	O	O	B-ORG	I-ORG	I-ORG	I-ORG	O
</negative>
<negative>
Both	Scheinberg	and	Kenneth	Mead	,	inspector	general	in	the	Department	of	Transportation	,	said	Amtrak	is	not	on	track	to	meet	congressional	demands	that	it	achieve	financial	self-sufficiency	by	2003	.
DT	NNP	CC	NNP	NNP	,	NN	NN	IN	DT	NNP	IN	NNP	,	VBD	NNP	VBZ	RB	IN	NN	TO	VB	JJ	NNS	IN	PRP	VB	JJ	NN	IN	CD	.
det	nn	cc	conj	nsubj	p	nn	appos	prep	det	pobj	prep	pobj	p	root	nsubj	ccomp	neg	prep	pobj	aux	xcomp	amod	dobj	complm	nsubj	ccomp	amod	dobj	prep	pobj	p
5	5	2	2	15	15	8	5	8	11	9	11	12	15	0	17	15	17	17	19	22	17	24	22	27	27	22	29	27	27	30	15
O	B-PERSON	O	B-PERSON	I-PERSON	O	O	O	O	B-ORG	I-ORG	I-ORG	I-ORG	O	O	B-ORG	O	O	O	O	O	O	O	O	O	O	O	O	O	O	B-DATE	O
</negative>
<negative>
Amtrak	could	face	liquidation	if	it	fails	to	meet	the	deadline	.
NNP	MD	VB	NN	IN	PRP	VBZ	TO	VB	DT	NN	.
nsubj	aux	root	dobj	mark	nsubj	advcl	aux	xcomp	det	dobj	p
3	3	0	3	7	7	3	9	7	11	9	3
B-ORG	O	O	O	O	O	O	O	O	O	O	O
</negative>
<negative>
Mead	forecasts	that	Amtrak	will	lose	$	1.4	billion	more	than	it	anticipates	from	2000	through	2004	because	rising	costs	are	counteracting	gains	in	riders	and	revenue	.
NNP	VBZ	IN	NNP	MD	VB	$	CD	CD	RBR	IN	PRP	VBZ	IN	CD	IN	CD	IN	VBG	NNS	VBP	VBG	NNS	IN	NNS	CC	NN	.
nsubj	root	complm	nsubj	aux	ccomp	dep	number	number	advmod	mark	nsubj	dep	prep	pobj	prep	pobj	mark	amod	nsubj	aux	dep	dobj	prep	pobj	cc	conj	p
2	0	6	6	6	2	10	7	7	6	13	13	10	13	14	13	16	22	20	22	22	10	22	23	24	25	25	2
B-ORG	O	O	B-ORG	O	O	B-MONEY	I-MONEY	I-MONEY	O	O	O	O	O	B-CARDINAL	O	B-DATE	O	O	O	O	O	O	O	O	O	O	O
</negative>
<negative>
It	would	let	Amtrak	issue	bonds	,	sweetened	by	federal	tax	credits	,	to	raise	$	10	billion	over	10	years	to	build	high-speed	rail	lines	around	the	country	.
PRP	MD	VB	NNP	NN	NNS	,	VBN	IN	JJ	NN	NNS	,	TO	VB	$	CD	CD	IN	CD	NNS	TO	VB	JJ	NN	NNS	IN	DT	NN	.
nsubj	aux	root	nn	nn	nsubj	p	partmod	prep	amod	nn	pobj	p	aux	xcomp	dobj	number	number	prep	num	pobj	aux	xcomp	amod	nn	dobj	prep	det	pobj	p
3	3	0	6	6	15	3	6	8	12	12	9	3	15	3	15	16	16	15	21	19	23	15	26	26	23	23	29	27	3
O	O	O	B-ORG	O	O	O	O	O	O	O	O	O	O	O	B-MONEY	I-MONEY	I-MONEY	O	B-DATE	I-DATE	O	O	O	O	O	O	O	O	O
</negative>
<negative>
Amtrak	advocates	say	the	money	represents	an	investment	in	intercity	rail	that	should	be	considered	independent	of	Amtrak	's	future	as	a	corporation	.
NNP	NNS	VBP	DT	NN	VBZ	DT	NN	IN	JJ	NN	WDT	MD	VB	VBN	JJ	IN	NNP	POS	NN	IN	DT	NN	.
nn	nsubj	root	det	nsubj	ccomp	det	dobj	prep	amod	pobj	nsubjpass	aux	auxpass	rcmod	acomp	prep	poss	possessive	pobj	prep	det	pobj	p
2	3	0	5	6	3	8	6	8	11	9	15	15	15	8	15	16	20	18	17	15	23	21	3
B-ORG	O	O	O	O	O	O	O	O	O	O	O	O	O	O	O	O	B-ORG	O	O	O	O	O	O
</negative>
<negative>
''	Amtrak	needs	to	make	more	progress	before	any	further	funding	schemes	are	enacted	,	''	he	said	.
''	NNP	VBZ	TO	VB	JJR	NN	IN	DT	JJ	NN	NNS	VBP	VBN	,	''	PRP	VBD	.
p	nsubj	ccomp	aux	xcomp	amod	dobj	mark	det	amod	nn	nsubjpass	auxpass	advcl	p	p	nsubj	root	p
18	3	18	5	3	7	5	14	12	12	12	14	14	5	18	18	18	0	18
O	B-ORG	O	O	O	O	O	O	O	O	O	O	O	O	O	O	O	O	O
</negative>
<negative>
Tuesday	's	hearing	was	a	dramatic	departure	from	the	last	time	Amtrak	's	fate	was	considered	by	Commerce	Committee	members	.
NNP	POS	NN	VBD	DT	JJ	NN	IN	DT	JJ	NN	NNP	POS	NN	VBD	VBN	IN	NNP	NNP	NNS	.
poss	possessive	nsubj	cop	det	amod	root	prep	det	amod	pobj	poss	possessive	nsubjpass	auxpass	rcmod	prep	nn	nn	pobj	p
3	1	7	7	7	7	0	7	11	11	8	14	12	16	16	11	16	20	20	17	7
B-DATE	O	O	O	O	O	O	O	O	O	O	B-ORG	O	O	O	O	O	B-ORG	I-ORG	O	O
</negative>
<negative>
In	February	,	a	subcommittee	led	by	Amtrak	supporter	Sen	.	Kay	Bailey	Hutchison	,	R	-	Texas	,	endorsed	the	railway	's	plan	to	expand	rather	than	cut	service	as	the	route	to	fiscal	health	.
IN	NNP	,	DT	NN	VBN	IN	NNP	VBP	NNP	.	NNP	NNP	NNP	,	NN	:	NNP	,	VBD	DT	NN	POS	NN	TO	VB	RB	IN	VB	NN	IN	DT	NN	TO	JJ	NN	.
prep	pobj	p	det	nsubj	partmod	prep	pobj	root	nn	p	nn	nn	nsubj	p	appos	p	dep	p	ccomp	det	poss	possessive	dobj	aux	infmod	cc	mwe	conj	dobj	prep	det	pobj	prep	amod	pobj	p
9	1	9	5	9	5	6	7	0	14	9	14	14	20	9	14	9	16	9	9	22	24	22	20	26	24	26	27	26	29	29	33	31	33	36	34	9
O	B-DATE	O	O	O	O	O	B-ORG	O	O	O	B-PERSON	I-PERSON	I-PERSON	O	O	O	B-GPE	O	O	O	O	O	O	O	O	O	O	O	O	O	O	O	O	O	O	O
</negative>
<negative>
But	Hutchison	and	pro-	Amtrak	Democrats	Max	Cleland	of	Georgia	and	John	Kerry	of	Massachusetts	had	to	settle	for	supporting	roles	Tuesday	as	McCain	offered	an	unflattering	history	lesson	about	Amtrak	,	which	runs	two	routes	that	cross	Arizona	.
CC	NNP	CC	JJ	NNP	NNPS	NNP	NNP	IN	NNP	CC	NNP	NNP	IN	NNP	VBD	TO	VB	IN	JJ	NNS	NNP	IN	NNP	VBD	DT	JJ	NN	NN	IN	NNP	,	WDT	VBZ	CD	NNS	WDT	VBP	NNP	.
cc	nn	cc	conj	nn	nn	nn	nsubj	prep	nn	cc	conj	pobj	prep	pobj	root	aux	xcomp	prep	amod	pobj	tmod	mark	nsubj	advcl	det	amod	nn	dobj	prep	pobj	p	nsubj	rcmod	num	dobj	nsubj	rcmod	dobj	p
16	8	2	2	8	8	8	16	8	13	10	10	9	13	14	0	18	16	18	21	19	18	25	25	18	29	29	29	25	25	30	16	34	31	36	34	38	36	38	16
O	B-ORG	O	O	B-ORG	B-NORP	B-PERSON	I-PERSON	O	B-GPE	O	B-PERSON	I-PERSON	O	B-GPE	O	O	O	O	O	O	B-DATE	O	B-PERSON	O	O	O	O	O	O	B-ORG	O	O	O	B-CARDINAL	O	O	O	B-GPE	O
</negative>
<negative>
Congress	created	Amtrak	in	1971	from	a	collection	of	failing	passenger	railroads	.
NNP	VBD	NNP	IN	CD	IN	DT	NN	IN	VBG	NN	NNS	.
nsubj	root	dobj	prep	pobj	prep	det	pobj	prep	amod	nn	pobj	p
2	0	2	3	4	2	8	6	8	12	12	9	2
B-ORG	O	B-ORG	O	B-DATE	O	O	O	O	O	O	O	O
</negative>
<negative>
The	promise	,	McCain	said	,	was	that	Amtrak	would	be	self-sufficient	after	two	years	of	federal	operating	subsidies	.
DT	NN	,	NNP	VBD	,	VBD	IN	NNP	MD	VB	JJ	IN	CD	NNS	IN	JJ	VBG	NNS	.
det	nsubj	p	nsubj	parataxis	p	root	complm	nsubj	aux	cop	ccomp	prep	num	pobj	prep	amod	amod	pobj	p
2	7	7	5	7	7	0	12	12	12	12	7	12	15	13	15	19	19	16	7
O	O	O	B-PERSON	O	O	O	O	B-ORG	O	O	O	O	B-DATE	I-DATE	O	O	O	O	O
</negative>
<negative>
Amtrak	is	now	in	its	29th	year	of	subsidies	and	has	consumed	more	than	$	23	billion	in	federal	operating	support	.
NNP	VBZ	RB	IN	PRP$	JJ	NN	IN	NNS	CC	VBZ	VBN	JJR	IN	$	CD	CD	IN	JJ	NN	NN	.
nsubj	root	advmod	prep	poss	amod	pobj	prep	pobj	cc	aux	conj	quantmod	quantmod	dobj	number	number	prep	amod	nn	pobj	p
2	0	2	2	7	7	4	7	8	2	12	2	15	15	12	15	15	15	21	21	18	2
B-ORG	O	O	O	O	B-DATE	I-DATE	O	O	O	O	O	O	O	B-MONEY	I-MONEY	I-MONEY	O	O	O	O	O
</negative>
<negative>
''	I	am	now	embarrassed	to	admit	that	I	worked	to	create	Amtrak	,	''	Joseph	Vranich	,	a	former	Amtrak	spokesman	turned	critic	,	told	the	committee	.
''	PRP	VBP	RB	JJ	TO	VB	IN	PRP	VBD	TO	VB	NNP	,	''	NNP	NNP	,	DT	JJ	NNP	NN	VBN	NN	,	VBD	DT	NN	.
p	nsubj	cop	advmod	ccomp	aux	xcomp	complm	nsubj	ccomp	aux	xcomp	dobj	p	p	nn	nsubj	p	det	amod	nn	appos	partmod	dobj	p	root	det	dobj	p
26	5	5	5	26	7	5	10	10	7	12	10	12	26	26	17	26	26	22	22	22	17	22	23	26	0	28	26	26
O	O	O	O	O	O	O	O	O	O	O	O	B-ORG	O	O	B-PERSON	I-PERSON	O	O	O	B-ORG	O	O	O	O	O	O	O	O
</negative>
<negative>
Congress	gave	Amtrak	in	1997	an	infusion	of	aid	along	with	a	2003	deadline	to	become	self-sufficient	.
NNP	VBD	NNP	IN	CD	DT	NN	IN	NN	IN	IN	DT	CD	NN	TO	VB	JJ	.
nsubj	root	iobj	prep	pobj	det	dobj	prep	pobj	advmod	prep	det	num	pobj	aux	cop	infmod	p
2	0	2	3	4	7	2	7	8	9	10	14	14	11	17	17	7	2
B-ORG	O	B-ORG	O	B-DATE	O	O	O	O	O	O	O	B-DATE	O	O	O	O	O
</negative>
<negative>
Amtrak	Chairman	Tommy	Thompson	,	Wisconsin	's	governor	,	told	the	committee	the	railway	will	meet	the	deadline	.
NNP	NNP	NNP	NNP	,	NNP	POS	NN	,	VBD	DT	NN	DT	NN	MD	VB	DT	NN	.
nn	nn	nn	nsubj	p	poss	possessive	appos	p	root	det	dobj	det	nsubj	aux	rcmod	det	dobj	p
4	4	4	10	10	8	6	4	10	0	12	10	14	16	16	12	18	16	10
B-ORG	O	B-PERSON	I-PERSON	O	B-GPE	O	O	O	O	O	O	O	O	O	O	O	O	O
</negative>
<negative>
He	said	Amtrak	's	governing	board	met	last	week	and	addressed	much	of	the	criticism	in	Mead	's	audit	.
PRP	VBD	NNP	POS	VBG	NN	VBD	JJ	NN	CC	VBD	RB	IN	DT	NN	IN	NNP	POS	NN	.
nsubj	root	poss	possessive	amod	nsubj	ccomp	amod	tmod	cc	conj	dobj	prep	det	pobj	prep	poss	possessive	pobj	p
2	0	6	3	6	7	2	9	7	7	7	11	12	15	13	15	19	17	16	2
O	O	B-ORG	O	O	O	O	B-DATE	I-DATE	O	O	O	O	O	O	O	B-ORG	O	O	O
</negative>
<negative>
''	For	much	of	Amtrak	's	history	,	it	was	not	run	like	a	business	,	''	Thompson	said	.
''	IN	RB	IN	NNP	POS	NN	,	PRP	VBD	RB	VBN	IN	DT	NN	,	''	NNP	VBD	.
p	prep	pobj	prep	poss	possessive	pobj	p	nsubjpass	auxpass	neg	ccomp	prep	det	pobj	p	p	nsubj	root	p
19	12	2	3	7	5	4	19	12	12	12	19	12	15	13	19	19	19	0	19
O	O	O	O	B-ORG	O	O	O	O	O	O	O	O	O	O	O	O	B-PERSON	O	O
</negative>
<negative>
But	in	recent	years	we	have	made	remarkable	progress	in	turning	Amtrak	around.	''
CC	IN	JJ	NNS	PRP	VBP	VBN	JJ	NN	IN	VBG	JJ	NN	''
root	dep	amod	pobj	nsubj	aux	rcmod	amod	dobj	prep	pcomp	amod	dobj	p
0	1	4	2	7	7	4	9	7	7	10	13	11	1
O	O	O	O	O	O	O	O	O	O	O	B-ORG	O	O
</negative>
<negative>
Thompson	,	Mead	and	Scheinberg	agreed	that	,	even	if	Amtrak	weans	itself	from	federal	operating	subsidies	by	2003	,	it	will	need	significant	continuing	federal	support	for	capital	expenses	like	track	repair	.
NNP	,	NNP	CC	NNP	VBD	IN	,	RB	IN	NNP	VBZ	PRP	IN	JJ	VBG	NNS	IN	CD	,	PRP	MD	VB	JJ	JJ	JJ	NN	IN	NN	NNS	IN	NN	NN	.
nsubj	p	conj	cc	conj	root	complm	p	advmod	dep	nsubj	advcl	dobj	prep	amod	amod	pobj	prep	pobj	p	nsubj	aux	ccomp	amod	amod	amod	dobj	prep	nn	pobj	prep	nn	pobj	p
6	6	1	1	1	0	23	6	12	12	12	23	12	12	17	17	14	17	18	6	23	23	6	27	27	27	23	27	30	28	23	33	31	6
B-PERSON	O	B-PERSON	O	B-PERSON	O	O	O	O	O	B-ORG	O	O	O	O	O	O	O	B-DATE	O	O	O	O	O	O	O	O	O	O	O	O	O	O	O
</negative>
<negative>
On	the	Net	:	Amtrak	:	http	:	//www	.	amtrak	.	com
IN	DT	NN	:	RB	:	NN	:	NNP	.	NN	.	JJ
dep	det	pobj	p	root	p	dep	p	nn	p	dep	p	dep
5	3	1	5	0	5	5	5	11	5	7	5	7
O	O	O	O	B-ORG	O	O	O	O	O	O	O	O
</negative>
<negative>
WASHINGTON	_	Amtrak	managers	filed	a	class-action	lawsuit	Thursday	alleging	that	the	company	discriminated	against	African-Americans	in	management	and	other	white-collar	positions	.
NNP	NNP	NNP	NNS	VBD	DT	JJ	NN	NNP	VBG	IN	DT	NN	VBD	IN	NNPS	IN	NN	CC	JJ	JJ	NNS	.
nn	nn	nn	nsubj	root	det	amod	dobj	tmod	xcomp	complm	det	nsubj	ccomp	prep	pobj	prep	nn	cc	conj	amod	pobj	p
4	4	4	5	0	8	8	5	5	5	14	13	14	10	14	15	14	22	18	18	22	17	5
B-GPE	O	B-ORG	O	O	O	O	O	B-DATE	O	O	O	O	O	O	B-NORP	O	O	O	O	O	O	O
</negative>
<negative>
The	lawsuit	is	the	second	discrimination	charge	against	Amtrak	this	year	in	US	District	Court	in	Washington	.
DT	NN	VBZ	DT	JJ	NN	NN	IN	NNP	DT	NN	IN	NNP	NNP	NNP	IN	NNP	.
det	nsubj	cop	det	amod	nn	root	prep	pobj	det	dep	prep	nn	nn	pobj	prep	pobj	p
2	7	7	7	7	7	0	7	8	11	9	7	15	15	12	15	16	7
O	O	O	O	B-ORDINAL	O	O	O	B-ORG	B-DATE	I-DATE	O	B-ORG	I-ORG	I-ORG	O	B-GPE	O
</negative>
<negative>
Black	track-laying	and	repair	workers	in	the	Northeast	filed	a	class-action	suit	in	April	,	also	charging	unfair	treatment	of	blacks	and	likening	Amtrak	to	a	``	plantation	.	''
JJ	NN	CC	NN	NNS	IN	DT	NN	VBD	DT	JJ	NN	IN	NNP	,	RB	VBG	JJ	NN	IN	NNS	CC	VBG	NNP	TO	DT	``	NN	.	''
amod	nsubj	cc	nn	conj	prep	det	pobj	root	det	amod	dobj	prep	pobj	p	advmod	dep	amod	dobj	prep	pobj	cc	conj	dobj	prep	det	p	pobj	p	p
2	9	2	5	2	2	8	6	0	12	12	9	12	13	9	17	9	19	17	19	20	17	17	23	23	28	9	25	9	9
O	O	O	O	O	O	O	B-LOC	O	O	O	O	O	B-DATE	O	O	O	O	O	O	O	O	O	B-ORG	O	O	O	O	O	O
</negative>
<negative>
The	plaintiffs	'	lawyers	said	they	want	Amtrak	to	change	its	employment	and	disciplinary	practices	,	and	they	are	seeking	damages	for	back	pay	and	mental	anguish	.
DT	NNS	POS	NNS	VBD	PRP	VBP	NNP	TO	VB	PRP$	NN	CC	JJ	NNS	,	CC	PRP	VBP	VBG	NNS	IN	JJ	NN	CC	JJ	NNS	.
det	poss	p	nsubj	root	nsubj	ccomp	nsubj	aux	xcomp	poss	dobj	cc	amod	conj	p	cc	nsubj	aux	conj	dobj	prep	amod	pobj	cc	amod	conj	p
2	4	5	5	0	7	5	10	10	7	12	10	12	15	12	5	5	20	20	5	20	21	24	22	24	27	24	5
O	O	O	O	O	O	O	B-ORG	O	O	O	O	O	O	O	O	O	O	O	O	O	O	O	O	O	O	O	O
</negative>
<negative>
In	response	to	the	allegations	,	Amtrak	officials	said	Thursday	the	company	works	to	prevent	discrimination	.
IN	NN	TO	DT	NNS	,	NNP	NNS	VBD	NNP	DT	NN	VBZ	TO	VB	NN	.
prep	pobj	prep	det	pobj	p	nn	nsubj	root	tmod	det	nsubj	dep	aux	xcomp	dobj	p
9	1	2	5	3	9	8	9	0	9	12	13	9	15	13	15	9
O	O	O	O	O	O	B-ORG	O	O	B-DATE	O	O	O	O	O	O	O
</negative>
<negative>
``	Amtrak	has	a	zero	-tolerance	policy	for	discriminatory	practices	in	hiring	or	in	any	aspect	of	the	workplace	,	''	said	George	D	.	Warrington	,	Amtrak	's	acting	president	and	chief	executive	officer	.
``	NNP	VBZ	DT	CD	JJ	NN	IN	JJ	NNS	IN	NN	CC	IN	DT	NN	IN	DT	NN	,	''	VBD	NNP	NNP	.	NNP	,	NNP	POS	JJ	NN	CC	JJ	JJ	NN	.
p	nsubj	ccomp	det	num	amod	dobj	prep	amod	pobj	prep	pobj	cc	conj	det	pobj	prep	det	pobj	p	p	root	nn	nn	p	nsubj	p	poss	possessive	amod	appos	cc	amod	amod	conj	p
22	3	22	7	7	7	3	7	10	8	10	11	8	8	16	14	16	19	17	22	22	0	26	26	22	22	22	31	28	31	26	31	35	35	31	22
O	B-ORG	O	O	B-CARDINAL	O	O	O	O	O	O	O	O	O	O	O	O	O	O	O	O	O	B-PERSON	I-PERSON	O	B-GPE	O	B-ORG	O	O	O	O	O	O	O	O
</negative>
<negative>
The	earlier	lawsuit	,	which	included	two	Amtrak	workers	from	Massachusetts	,	opened	the	door	for	the	second	suit	,	lawyers	said	.
DT	JJR	NN	,	WDT	VBD	CD	NNP	NNS	IN	NNP	,	VBD	DT	NN	IN	DT	JJ	NN	,	NNS	VBD	.
det	amod	nsubj	p	nsubj	rcmod	num	nn	dobj	prep	pobj	p	ccomp	det	dobj	prep	det	amod	pobj	p	nsubj	root	p
3	3	13	22	6	3	9	9	6	6	10	22	22	15	13	13	19	19	16	22	22	0	22
O	O	O	O	O	O	B-CARDINAL	B-ORG	O	O	B-GPE	O	O	O	O	O	O	B-ORDINAL	O	O	O	O	O
</negative>
<negative>
The	white	female	plaintiff	,	Leslie	Dunning	of	Fairfax	Station	,	Va	.	,	said	Amtrak	demoted	her	in	retaliation	for	helping	a	black	manager	prepare	a	report	that	detailed	discrimination	within	the	company	.
DT	JJ	JJ	NN	,	NNP	NNP	IN	NNP	NNP	,	NNP	.	,	VBD	NNP	VBN	PRP	IN	NN	IN	VBG	DT	JJ	NN	VB	DT	NN	DT	JJ	NN	IN	DT	NN	.
det	amod	amod	nsubj	p	nn	appos	prep	nn	pobj	p	appos	p	p	root	dobj	partmod	dobj	prep	pobj	prep	pcomp	det	amod	nsubj	ccomp	det	nsubj	det	amod	xcomp	prep	det	pobj	p
4	4	4	15	15	7	4	7	10	8	15	10	15	15	0	15	16	17	17	19	17	21	25	25	26	22	28	31	31	31	26	31	34	32	15
O	O	O	O	O	B-PERSON	I-PERSON	O	B-ORG	I-ORG	O	B-GPE	O	O	O	B-ORG	O	O	O	O	O	O	O	O	O	O	O	O	O	O	O	O	O	O	O
</negative>
<negative>
In	a	conference	call	with	reporters	to	discuss	the	company	's	plans	,	Warrington	said	that	before	Congress	created	Amtrak	a	quarter-century	ago	,	nearly	half	of	railroads	'	passenger	-train	revenue	actually	came	from	hauling	freight	.
IN	DT	NN	NN	IN	NNS	TO	VB	DT	NN	POS	NNS	,	NNP	VBD	IN	IN	NNP	VBD	NNP	DT	NN	RB	,	RB	PDT	IN	NNS	POS	NN	NN	NN	RB	VBD	IN	VBG	NN	.
prep	det	nn	pobj	prep	pobj	aux	infmod	det	poss	possessive	dobj	p	nsubj	root	complm	mark	nsubj	advcl	dobj	det	npadvmod	advmod	p	quantmod	nsubj	prep	poss	p	nn	nn	pobj	advmod	ccomp	prep	amod	pobj	p
15	4	4	1	4	5	8	6	10	12	10	8	15	15	0	34	19	19	34	19	22	23	19	15	26	34	26	32	15	32	32	27	34	15	34	37	35	15
O	O	O	O	O	O	O	O	O	O	O	O	O	B-ORG	O	O	O	B-ORG	O	B-ORG	O	O	O	O	B-CARDINAL	I-CARDINAL	O	O	O	O	O	O	O	O	O	O	O	O
</negative>
<negative>
In	adding	freight	cars	now	to	its	regular	passenger	runs	,	he	said	,	Amtrak	will	not	allow	any	compromise	in	speed	or	reliability	.
IN	VBG	NN	NNS	RB	TO	PRP$	JJ	NN	NNS	,	PRP	VBD	,	NNP	MD	RB	VB	DT	NN	IN	NN	CC	NN	.
prep	pcomp	nn	dobj	advmod	prep	poss	amod	nn	pobj	p	nsubj	ccomp	p	nsubj	aux	neg	root	det	dobj	prep	pobj	cc	conj	p
13	1	4	2	2	2	10	10	10	6	18	13	18	18	18	18	18	0	20	18	20	21	22	22	18
O	O	O	O	O	O	O	O	O	O	O	O	O	O	B-ORG	O	O	O	O	O	O	O	O	O	O
</negative>
<negative>
``	They	've	already	added	so	much	time	to	the	schedule	of	the	Chief	,	''	said	Ross	Capon	,	executive	director	of	the	National	Association	of	Railroad	Passengers	,	``	and	already	had	so	many	horror	stories.	''
``	PRP	VBP	RB	VBN	RB	JJ	NN	TO	DT	NN	IN	DT	NNP	,	''	VBD	NNP	NNP	,	JJ	NN	IN	DT	NNP	NNP	IN	NNP	NNP	,	``	CC	RB	VBD	RB	JJ	NN	VBN	''
p	nsubj	aux	advmod	root	advmod	amod	dobj	prep	det	pobj	prep	det	pobj	p	p	parataxis	nn	nsubj	p	amod	appos	prep	det	nn	pobj	prep	nn	pobj	p	p	cc	advmod	aux	advmod	amod	pobj	conj	p
5	5	5	5	0	8	8	5	5	11	9	11	14	12	5	5	5	19	17	5	22	19	22	26	26	23	26	29	27	5	5	5	38	38	38	37	35	5	5
O	O	O	O	O	O	O	O	O	O	O	O	O	O	O	O	O	B-PERSON	I-PERSON	O	O	O	O	B-ORG	I-ORG	I-ORG	I-ORG	I-ORG	I-ORG	O	O	O	O	O	O	O	O	O	O
</negative>
<negative>
Analysts	said	they	thought	Amtrak	could	find	a	substantial	niche	in	carrying	high-value	freight	.
NNS	VBD	PRP	VBD	NNP	MD	VB	DT	JJ	NN	IN	VBG	JJ	NN	.
nsubj	root	nsubj	ccomp	nsubj	aux	ccomp	det	amod	dobj	prep	pcomp	amod	dobj	p
2	0	4	2	7	7	4	10	10	7	7	11	14	12	2
O	O	O	O	B-ORG	O	O	O	O	O	O	O	O	O	O
</negative>
<negative>
Amtrak	also	said	Wednesday	that	it	would	close	its	food	warehouses	and	hire	Dobbs	International	Services	,	which	already	provides	food	to	airlines	,	to	do	the	same	with	trains	.
NNP	RB	VBD	NNP	IN	PRP	MD	VB	PRP$	NN	NNS	CC	VB	NNP	NNP	NNPS	,	WDT	RB	VBZ	NN	TO	NNS	,	TO	VB	DT	JJ	IN	NNS	.
nsubj	advmod	root	tmod	complm	nsubj	aux	ccomp	poss	nn	dobj	cc	conj	nn	nn	nsubj	p	nsubj	advmod	rcmod	dobj	prep	pobj	p	aux	xcomp	det	dobj	prep	pobj	p
3	3	0	3	8	8	8	3	11	11	8	8	8	16	16	26	3	20	20	16	20	20	22	3	26	13	28	26	26	29	3
B-ORG	O	O	B-DATE	O	O	O	O	O	O	O	O	O	B-ORG	I-ORG	I-ORG	O	O	O	O	O	O	O	O	O	O	O	O	O	O	O
</negative>
<negative>
NEW	YORK	_	Aiming	to	bring	high-speed	rail	service	to	Boston	by	the	start	of	the	new	millennium	,	Amtrak	said	Tuesday	that	it	would	start	rolling	out	the	first	of	its	new	150	mile	-an-hour	trains	by	December	.
NNP	NNP	VBZ	NNP	TO	VB	JJ	NN	NN	TO	NNP	IN	DT	NN	IN	DT	JJ	NN	,	NNP	VBD	NNP	IN	PRP	MD	VB	VBG	RP	DT	JJ	IN	PRP$	JJ	CD	NN	JJ	NNS	IN	NNP	.
nn	nsubj	ccomp	nsubj	aux	xcomp	amod	nn	dobj	prep	pobj	prep	det	pobj	prep	det	amod	pobj	p	nsubj	root	tmod	complm	nsubj	aux	ccomp	xcomp	prt	det	dobj	prep	poss	amod	num	nn	amod	pobj	prep	pobj	p
2	3	21	6	6	3	9	9	6	6	10	6	14	12	14	18	18	15	21	21	0	21	26	26	26	21	26	27	30	27	30	37	37	37	37	37	31	27	38	21
B-GPE	I-GPE	O	O	O	O	O	O	O	O	B-GPE	O	O	O	O	O	O	O	O	B-ORG	O	B-DATE	O	O	O	O	O	O	O	B-ORDINAL	O	O	O	B-QUANTITY	I-QUANTITY	O	O	O	B-DATE	O
</negative>
<negative>
But	more	important	for	Amtrak	,	the	high-speed	train	provides	a	model	for	its	rail	service	across	the	nation	,	and	is	the	centerpiece	of	its	hopes	of	economic	redemption	after	operating	for	three	decades	with	government	subsidies	.
CC	RBR	JJ	IN	NNP	,	DT	JJ	NN	VBZ	DT	NN	IN	PRP$	NN	NN	IN	DT	NN	,	CC	VBZ	DT	NN	IN	PRP$	NNS	IN	JJ	NN	IN	VBG	IN	CD	NNS	IN	NN	NNS	.
cc	advmod	dep	prep	pobj	p	det	amod	nsubj	root	det	dobj	prep	poss	nn	pobj	prep	det	pobj	p	cc	cop	det	conj	prep	poss	pobj	prep	amod	pobj	prep	pcomp	prep	num	pobj	prep	nn	pobj	p
10	3	10	3	4	10	9	9	10	0	12	10	12	16	16	13	10	19	17	10	10	24	24	10	24	27	25	27	30	28	10	31	32	35	33	35	38	36	10
O	O	O	O	B-ORG	O	O	O	O	O	O	O	O	O	O	O	O	O	O	O	O	O	O	O	O	O	O	O	O	O	O	O	O	B-DATE	I-DATE	O	O	O	O
</negative>
<negative>
``	Today	we	are	kicking	off	the	revitalization	of	train	service	in	America	,	''	Gov	.	Tommy	G	.	Thompson	of	Wisconsin	,	who	is	the	chairman	of	Amtrak	's	board	,	said	at	a	Manhattan	news	conference	.
``	NN	PRP	VBP	VBG	RP	DT	NN	IN	NN	NN	IN	NNP	,	''	NNP	.	NNP	NNP	.	NNP	IN	NNP	,	WP	VBZ	DT	NN	IN	NNP	POS	NN	,	VBD	IN	DT	NNP	NN	NN	.
p	tmod	nsubj	aux	ccomp	prt	det	dobj	prep	nn	pobj	prep	pobj	p	p	nn	p	nn	nn	p	nsubj	prep	pobj	p	nsubj	cop	det	rcmod	prep	poss	possessive	pobj	p	root	prep	det	nn	nn	pobj	p
34	5	5	5	34	5	8	5	8	11	9	11	12	34	34	21	34	21	21	34	34	21	22	34	28	28	28	21	28	32	30	29	34	0	34	39	39	39	35	34
O	B-DATE	O	O	O	O	O	O	O	O	O	O	B-GPE	O	O	O	O	B-PERSON	I-PERSON	O	B-ORG	I-ORG	I-ORG	O	O	O	O	O	O	B-ORG	O	O	O	O	O	O	B-GPE	O	O	O
</negative>
<negative>
With	new	,	electrified	engines	pulling	rebuilt	Amtrak	cars	,	the	three-hour	schedule	has	been	made	possible	by	extensive	track	work	and	electrification	from	New	Haven	to	Boston	,	a	project	that	cost	$	1.6	billion	.
IN	JJ	,	JJ	NNS	VBG	NNP	NNP	NNS	,	DT	JJ	NN	VBZ	VBN	VBN	JJ	IN	JJ	NN	NN	CC	VBN	IN	NNP	NNP	TO	NNP	,	DT	NN	WDT	VBD	$	CD	CD	.
prep	amod	p	amod	pobj	partmod	nn	nn	dobj	p	det	amod	nsubjpass	aux	auxpass	root	acomp	prep	amod	nn	pobj	cc	conj	prep	nn	pobj	prep	pobj	p	det	appos	nsubj	rcmod	dobj	number	number	p
16	5	16	5	1	5	9	9	6	16	13	13	16	16	16	0	16	16	21	21	18	16	16	23	26	24	16	27	16	31	28	33	31	33	34	34	16
O	O	O	O	O	O	O	B-ORG	O	O	O	O	O	O	O	O	O	O	O	O	O	O	O	O	B-GPE	I-GPE	O	B-GPE	O	O	O	O	O	B-MONEY	I-MONEY	I-MONEY	O
</negative>
<negative>
Officials	of	Amtrak	refused	to	say	what	they	would	charge	for	the	high-speed	rail	trip	.
NNS	IN	NNP	VBD	TO	VB	WP	PRP	MD	VB	IN	DT	JJ	NN	NN	.
nsubj	prep	pobj	root	aux	xcomp	dobj	nsubj	aux	ccomp	prep	det	amod	nn	pobj	p
4	1	2	0	6	4	10	10	10	6	10	15	15	15	11	4
O	O	B-ORG	O	O	O	O	O	O	O	O	O	O	O	O	O
</negative>
<negative>
Amtrak	's	ticket	pricing	for	high-speed	trains	could	be	crucial	to	its	success	.
NNP	POS	NN	NN	IN	JJ	NNS	MD	VB	JJ	TO	PRP$	NN	.
poss	possessive	nn	nsubj	prep	amod	pobj	aux	cop	root	prep	poss	pobj	p
4	1	4	10	4	7	5	10	10	0	10	13	11	10
B-ORG	O	O	O	O	O	O	O	O	O	O	O	O	O
</negative>
<negative>
To	attract	more	riders	,	Amtrak	said	it	would	schedule	more	trains	along	the	length	of	its	Northeast	corridor	,	with	the	biggest	service	expansion	between	Boston	and	New	York	City	.
TO	VB	JJR	NNS	,	NNP	VBD	PRP	MD	VB	JJR	NNS	IN	DT	NN	IN	PRP$	NNP	NN	,	IN	DT	JJS	NN	NN	IN	NNP	CC	NNP	NNP	NNP	.
aux	purpcl	amod	dobj	p	nsubj	root	nsubj	aux	ccomp	amod	dobj	prep	det	pobj	prep	poss	nn	pobj	p	prep	det	amod	nn	pobj	prep	pobj	cc	nn	nn	conj	p
2	7	4	2	7	7	0	10	10	7	12	10	10	15	13	15	19	19	16	7	10	25	25	25	21	25	26	27	31	31	27	7
O	O	O	O	O	B-ORG	O	O	O	O	O	O	O	O	O	O	O	B-LOC	O	O	O	O	O	O	O	O	B-GPE	O	B-GPE	I-GPE	I-GPE	O
</negative>
<negative>
Another	question	left	unanswered	Tuesday	was	how	many	stops	the	high-speed	trains	would	make	,	another	complex	equation	for	Amtrak	planners	,	since	every	stop	increases	travel	time	for	those	on	board	.
DT	NN	VBN	JJ	NNP	VBD	WRB	JJ	VBZ	DT	JJ	NNS	MD	VB	,	DT	JJ	NN	IN	NNP	NNS	,	IN	DT	NN	VBZ	NN	NN	IN	DT	IN	NN	.
det	nsubj	partmod	amod	tmod	root	advmod	advmod	ccomp	det	amod	nsubj	aux	ccomp	p	det	amod	dobj	prep	nn	pobj	p	mark	det	nsubj	advcl	nn	dobj	prep	pobj	prep	pobj	p
2	6	2	5	3	0	8	9	6	12	12	14	14	9	6	18	18	14	18	21	19	6	26	25	26	14	28	26	28	29	30	31	6
O	O	O	O	B-DATE	O	O	O	O	O	O	O	O	O	O	O	O	O	O	B-ORG	O	O	O	O	O	O	O	O	O	O	O	O	O
</negative>
<negative>
Preliminary	plans	by	Amtrak	that	were	released	yesterday	call	for	stops	of	its	high-speed	express	service	in	Boston	,	Providence	,	R.I	.	,
JJ	NNS	IN	NNP	WDT	VBD	VBN	NN	VBP	IN	NNS	IN	PRP$	JJ	JJ	NN	IN	NNP	,	NNP	,	NNP	.	,
amod	nsubj	prep	pobj	nsubjpass	auxpass	rcmod	tmod	root	prep	pobj	prep	poss	amod	amod	pobj	prep	nn	p	pobj	p	appos	p	p
2	9	2	3	7	7	4	7	0	9	10	11	16	16	16	12	16	20	9	17	9	20	9	9
O	O	O	B-ORG	O	O	O	B-DATE	O	O	O	O	O	O	O	O	O	B-GPE	O	B-GPE	O	O	O	O
</negative>
<negative>
Amtrak	plans	to	name	the	trains	Acela	-LRB-	pronounced	uh-SELL-uh	-RRB-	,	which	is	a	made-up	name	,	not	an	acronym	.
NNP	VBZ	TO	VB	DT	NNS	NN	-LRB-	JJ	NN	-RRB-	,	WDT	VBZ	DT	JJ	NN	,	RB	DT	NN	.
nsubj	root	aux	xcomp	det	nn	dobj	p	amod	appos	p	p	nsubj	cop	det	amod	rcmod	p	neg	det	dep	p
2	0	4	2	7	7	4	2	10	7	2	2	17	17	17	17	7	2	17	21	17	2
B-ORG	O	O	O	O	O	B-LOC	O	O	O	O	O	O	O	O	O	O	O	O	O	O	O
</negative>
<negative>
David	Neeleman	,	the	company	's	chief	executive	,	said	recently	that	the	airline	will	operate	as	Jetblue	Airways	.
NNP	NNP	,	DT	NN	POS	JJ	NN	,	VBD	RB	IN	DT	NN	MD	VB	IN	NNP	NNPS	.
nn	nsubj	p	det	poss	possessive	amod	appos	p	root	advmod	complm	det	nsubj	aux	ccomp	prep	nn	pobj	p
2	10	10	5	8	5	8	2	10	0	10	16	14	16	16	10	16	19	17	10
B-PERSON	I-PERSON	O	O	O	O	O	O	O	O	O	O	O	O	O	O	O	B-ORG	I-ORG	O
</negative>
<negative>
Amtrak	Is	Rolling	Out	Satisfaction	Express
WRB	VBZ	NNP	IN	NNP	NNP
advmod	root	nsubj	prep	nn	pobj
2	0	2	2	6	4
B-ORG	O	O	O	O	O
</negative>
<negative>
Amtrak	plans	to	put	a	customer-satisfaction	guarantee	into	effect	by	the	end	of	the	year	.
NNP	VBZ	TO	VB	DT	JJ	NN	IN	NN	IN	DT	NN	IN	DT	NN	.
nsubj	root	aux	xcomp	det	amod	dobj	prep	pobj	prep	det	pobj	prep	det	pobj	p
2	0	4	2	7	7	4	4	8	4	12	10	12	15	13	2
B-ORG	O	O	O	O	O	O	O	O	O	O	O	O	O	O	O
</negative>
<negative>
Amtrak	said	its	new	hiring	would	focus	on	people	with	traits	that	met	customer-service	needs	.
NNP	VBD	PRP$	JJ	NN	MD	VB	IN	NNS	IN	NNS	WDT	VBD	JJ	NNS	.
nsubj	root	poss	amod	nsubj	aux	ccomp	prep	pobj	prep	pobj	nsubj	rcmod	amod	dobj	p
2	0	5	5	7	7	2	7	8	7	10	13	11	15	13	2
B-ORG	O	O	O	O	O	O	O	O	O	O	O	O	O	O	O
</negative>
<negative>
Trains	that	do	n't	pass	muster	wo	n't	be	permitted	to	leave	,	said	John	Wolf	,	an	Amtrak	spokesman	.
NNP	WDT	VBP	RB	VB	NN	MD	RB	VB	VBN	TO	VB	,	VBD	NNP	NNP	,	DT	NNP	NN	.
nsubjpass	nsubj	aux	neg	rcmod	dobj	aux	neg	auxpass	ccomp	aux	xcomp	p	root	nn	nsubj	p	det	nn	appos	p
10	5	5	5	1	5	10	10	10	14	12	10	14	0	16	14	14	20	20	16	14
O	O	O	O	O	O	O	O	O	O	O	O	O	O	B-PERSON	I-PERSON	O	O	B-ORG	O	O
</negative>
<negative>
Amtrak	is	counting	on	the	new	service	,	called	Acela	,	to	lure	business	away	from	the	airlines	and	to	generate	$	180	million	a	year	in	profits	.
NNP	VBZ	VBG	IN	DT	JJ	NN	,	VBN	NNP	,	TO	VB	NN	RP	IN	DT	NNS	CC	TO	VB	$	CD	CD	DT	NN	IN	NNS	.
nsubj	aux	root	prep	det	amod	pobj	p	partmod	dep	p	aux	ccomp	dobj	prt	prep	det	pobj	cc	aux	conj	dobj	number	number	det	dep	prep	pobj	p
3	3	0	3	7	7	4	3	7	9	3	13	9	13	13	13	18	16	13	21	13	21	22	22	26	22	21	27	3
B-ORG	O	O	O	O	O	O	O	O	B-PERSON	O	O	O	O	O	O	O	O	O	O	O	B-MONEY	I-MONEY	I-MONEY	O	O	O	O	O
</negative>
<negative>
But	he	said	Amtrak	would	make	ends	meet	with	new	revenue	,	most	of	which	is	derived	from	one-time	deals	.
CC	PRP	VBD	NNP	MD	VB	NNS	VB	IN	JJ	NN	,	JJS	IN	WDT	VBZ	VBN	IN	JJ	NNS	.
cc	nsubj	root	nsubj	aux	ccomp	nsubj	ccomp	prep	amod	pobj	p	nsubjpass	prep	pobj	auxpass	rcmod	prep	amod	pobj	p
3	3	0	6	6	3	8	6	8	11	9	3	17	13	14	17	11	17	20	18	3
O	O	O	B-ORG	O	O	O	O	O	O	O	O	O	O	O	O	O	O	O	O	O
</negative>
<negative>
Amtrak	said	it	would	know	in	60	days	when	the	trains	would	be	ready	.
NNP	VBD	PRP	MD	VB	IN	CD	NNS	WRB	DT	NNS	MD	VB	JJ	.
nsubj	root	nsubj	aux	ccomp	prep	num	pobj	advmod	det	nsubj	aux	cop	advcl	p
2	0	5	5	2	5	8	6	14	11	14	14	14	5	2
B-ORG	O	O	O	O	O	B-DATE	I-DATE	O	O	O	O	O	O	O
</negative>
<negative>
Warrington	and	the	president	of	Bombardier	,	Jacques	Lapare	,	were	not	specific	about	the	cause	of	the	problem	,	but	Lapare	said	that	it	became	apparent	only	because	of	instrumentation	on	a	test	train	at	Pueblo	.
NNP	CC	DT	NN	IN	NNP	,	NNP	NNP	,	VBD	RB	JJ	IN	DT	NN	IN	DT	NN	,	CC	NNP	VBD	IN	PRP	VBD	JJ	RB	RB	IN	NN	IN	DT	NN	NN	IN	NNP	.
nsubj	cc	det	conj	prep	pobj	p	nn	appos	p	cop	neg	root	prep	det	pobj	prep	det	pobj	p	cc	nsubj	conj	complm	nsubj	cop	ccomp	advmod	advmod	prep	pobj	prep	det	nn	pobj	prep	pobj	p
13	1	4	1	4	5	13	9	6	13	13	13	0	13	16	14	16	19	17	13	13	23	13	27	27	27	23	30	30	27	30	31	35	35	32	27	36	13
B-GPE	O	O	O	O	B-ORG	O	B-PERSON	I-PERSON	O	O	O	O	O	O	O	O	O	O	O	O	B-PERSON	O	O	O	O	O	O	O	O	O	O	O	O	O	O	B-GPE	O
</negative>
<negative>
Amtrak	is	also	upgrading	the	tracks	between	Washington	and	Boston	,	said	Warrington	,	which	should	lead	to	improved	service	even	before	the	high-speed	trains	are	introduced	.
NNP	VBZ	RB	VBG	DT	NNS	IN	NNP	CC	NNP	,	VBD	NNP	,	WDT	MD	VB	TO	JJ	NN	RB	IN	DT	JJ	NNS	VBP	VBN	.
nsubj	aux	advmod	ccomp	det	dobj	prep	pobj	cc	conj	p	root	nsubj	p	nsubj	aux	rcmod	prep	amod	pobj	advmod	dep	det	amod	nsubjpass	auxpass	ccomp	p
4	4	4	12	6	4	6	7	8	8	12	0	12	12	17	17	13	17	20	18	27	27	25	25	27	27	17	12
B-ORG	O	O	O	O	O	O	B-GPE	O	B-GPE	O	O	B-GPE	O	O	O	O	O	O	O	O	O	O	O	O	O	O	O
</negative>
<negative>
Amtrak	will	lose	money	again	this	year	,	but	will	meet	the	congressional	deadline	of	weaning	itself	from	operating	subsidies	by	the	fiscal	year	ending	Sept	.	30	,	2002	,	officials	said	.
NNP	MD	VB	NN	RB	DT	NN	,	CC	MD	VB	DT	JJ	NN	IN	VBG	PRP	IN	VBG	NNS	IN	DT	JJ	NN	VBG	NNP	.	CD	,	CD	,	NNS	VBD	.
nsubj	aux	root	dobj	advmod	det	tmod	p	cc	aux	dep	det	amod	dobj	prep	pcomp	dobj	prep	amod	pobj	prep	det	amod	pobj	partmod	dobj	p	nsubj	p	appos	p	nsubj	conj	p
3	3	0	3	3	7	3	3	3	11	33	14	14	11	14	15	16	16	20	18	11	24	24	21	24	25	3	11	3	28	3	33	3	3
B-ORG	O	O	O	O	B-DATE	I-DATE	O	O	O	O	O	O	O	O	O	O	O	O	O	O	B-DATE	I-DATE	I-DATE	I-DATE	I-DATE	I-DATE	I-DATE	I-DATE	I-DATE	O	O	O	O
</negative>
<negative>
Amtrak	ridership	statistics	go	back	to	1975	.
NNP	NN	NNS	VBP	RB	TO	CD	.
nn	nn	nsubj	root	advmod	prep	pobj	p
3	3	4	0	4	4	6	4
B-ORG	O	O	O	O	O	B-DATE	O
</negative>
</QApairs>
<QApairs id='35.1'>
<question>
When	did	Jack	Welch	become	chairman	of	General	Electric	?
WRB	VBD	NNP	NNP	VB	NN	IN	NNP	NNP	.
advmod	aux	nn	nsubj	cop	root	prep	nn	pobj	p
6	6	4	6	6	0	6	9	7	6
O	O	B-PERSON	I-PERSON	O	O	O	B-ORG	I-ORG	O
</question>
<positive>
When	Jack	Welch	took	over	GE	in	1981	,	he	inherited	a	slow-moving	,	bureaucratic	company	.
WRB	NNP	NNP	VBD	IN	NNP	IN	CD	,	PRP	VBD	DT	JJ	,	JJ	NN	.
advmod	nn	nsubj	advcl	prep	pobj	prep	pobj	p	nsubj	root	det	amod	p	amod	dobj	p
4	3	4	11	4	5	4	7	11	11	0	16	16	11	16	11	11
O	B-PERSON	I-PERSON	O	O	B-ORG	O	B-DATE	O	O	O	O	O	O	O	O	O
1981
8
</positive>
<positive>
For	that	matter	,	the	World	Wide	Web	did	not	even	exist	when	John	F	.	Welch	Jr	.	took	over	the	General	Electric	Co	.	in	1981	.
IN	DT	NN	,	DT	NNP	NNP	NNP	VBD	RB	RB	VB	WRB	NNP	NNP	.	NNP	NNP	.	VBD	IN	DT	NNP	NNP	NNP	.	IN	CD	.
prep	det	pobj	p	det	nn	nn	nsubj	aux	neg	advmod	root	advmod	nn	nn	p	nn	nsubj	p	advcl	prep	det	nn	nn	pobj	p	prep	pobj	p
12	3	1	12	8	8	8	12	12	12	12	0	20	18	18	12	18	20	12	12	20	25	25	25	21	12	25	27	12
O	O	O	O	O	I-PRODUCT	I-PRODUCT	I-PRODUCT	O	O	O	O	O	B-PERSON	I-PERSON	O	B-ORG	I-ORG	O	O	O	B-ORG	I-ORG	I-ORG	I-ORG	O	O	B-DATE	O
1981
28
</positive>
<positive>
Welch	became	GE	's	chief	executive	in	April	1981	,	so	the	date	will	mark	his	20th	anniversary	.
NNP	VBD	NNP	POS	JJ	NN	IN	NNP	CD	,	IN	DT	NN	MD	VB	PRP$	JJ	NN	.
nsubj	cop	poss	possessive	amod	root	prep	pobj	num	p	dep	det	nsubj	aux	ccomp	poss	amod	dobj	p
6	6	6	3	6	0	6	7	8	6	6	13	15	15	6	18	18	15	6
B-PERSON	O	B-ORG	O	O	O	O	B-DATE	I-DATE	O	O	O	O	O	O	O	B-ORDINAL	O	O
1981
9
</positive>
<positive>
Welch	has	turned	what	had	been	a	$	25	billion	manufacturing	company	in	1981	into	a	$	100	billion	behemoth	that	derives	huge	portions	of	its	revenues	from	more	profitable	services	.
NNP	VBZ	VBN	WP	VBD	VBN	DT	$	CD	CD	NN	NN	IN	CD	IN	DT	$	CD	CD	NN	WDT	VBZ	JJ	NNS	IN	PRP$	NNS	IN	RBR	JJ	NNS	.
nsubj	aux	root	nsubj	aux	cop	det	num	number	number	nn	ccomp	prep	pobj	prep	det	num	number	number	pobj	nsubj	rcmod	amod	dobj	prep	poss	pobj	prep	advmod	amod	pobj	p
3	3	0	12	12	12	12	12	8	8	12	3	12	13	12	20	20	17	17	15	22	20	24	22	24	27	25	22	30	31	28	3
B-PERSON	O	O	O	O	O	O	B-MONEY	I-MONEY	I-MONEY	O	O	O	B-DATE	O	O	B-MONEY	I-MONEY	I-MONEY	O	O	O	O	O	O	O	O	O	O	O	O	O
1981
14
</positive>
<positive>
When	Welch	was	named	chief	executive	in	1981	,	most	of	the	also-	rans	quit	.
WRB	NNP	VBD	VBN	JJ	NN	IN	CD	,	JJS	IN	DT	JJ	NNS	VBD	.
advmod	nsubjpass	auxpass	advcl	amod	dobj	prep	pobj	p	nsubj	prep	det	amod	pobj	root	p
4	4	4	15	6	4	4	7	15	15	10	14	14	11	0	15
O	B-PERSON	O	O	O	O	O	B-DATE	O	O	O	O	O	O	O	O
1981
8
</positive>
<negative>
In	his	author	's	note	,	he	points	out	that	the	subject	of	his	book	,	Jack	Welch	,	chairman	of	General	Electric	Co	.	,	refused	to	cooperate	with	the	project	.
IN	PRP$	NN	POS	NN	,	PRP	VBZ	RP	IN	DT	NN	IN	PRP$	NN	,	NNP	NNP	,	NN	IN	NNP	NNP	NNP	.	,	VBD	TO	VB	IN	DT	NN	.
prep	poss	poss	possessive	pobj	p	nsubj	root	prt	complm	det	nsubj	prep	poss	pobj	p	nn	appos	p	appos	prep	nn	nn	pobj	p	p	ccomp	aux	xcomp	prep	det	pobj	p
8	3	5	3	1	8	8	0	8	27	12	27	12	15	13	8	18	12	8	12	20	24	24	21	8	8	8	29	27	29	32	30	8
O	O	O	O	O	O	O	O	O	O	O	O	O	O	O	O	B-PERSON	I-PERSON	O	O	O	B-ORG	I-ORG	I-ORG	O	O	O	O	O	O	O	O	O
</negative>
<negative>
``	At	Any	Cost	''	is	actually	a	remarkably	one-sided	book	about	Welch	's	tenure	at	GE	.
``	IN	DT	NN	''	VBZ	RB	DT	RB	JJ	NN	IN	NNP	POS	NN	IN	NNP	.
p	dep	det	dep	p	cop	advmod	det	advmod	amod	root	prep	poss	possessive	pobj	prep	pobj	p
11	4	4	11	11	11	11	11	10	11	0	11	15	13	12	15	16	11
O	O	O	O	O	O	O	O	O	O	O	O	B-PERSON	O	O	O	B-ORG	O
</negative>
<negative>
O'Boyle	has	made	Welch	the	poster	boy	for	modern	capitalism	and	all	the	ills	that	accompany	it	:	downsizing	,	deal-making	,	ethical	violations	,	pollution	.
NNP	VBZ	VBN	VBG	DT	NN	NN	IN	JJ	NN	CC	PDT	DT	NNS	WDT	VB	PRP	:	NN	,	NN	,	JJ	NNS	,	NN	.
nsubj	aux	root	xcomp	det	nn	dobj	prep	amod	pobj	cc	predet	det	conj	nsubj	rcmod	dobj	p	dep	p	appos	p	amod	appos	p	appos	p
3	3	0	3	7	7	4	7	10	8	7	14	14	7	16	14	16	3	14	3	19	3	24	19	3	19	3
B-PERSON	O	O	B-PERSON	O	O	O	O	O	O	O	O	O	O	O	O	O	O	O	O	O	O	O	O	O	O	O
</negative>
<negative>
If	the	book	had	come	out	a	few	months	later	,	O'Boyle	probably	would	have	blamed	Welch	for	the	Asian	financial	crisis	and	the	collapse	of	the	ruble	.
IN	DT	NN	VBD	VBN	RP	DT	JJ	NNS	RB	,	NNP	RB	MD	VB	VBN	NNP	IN	DT	JJ	JJ	NN	CC	DT	NN	IN	DT	NN	.
mark	det	nsubj	aux	advcl	prt	det	amod	npadvmod	advmod	p	nsubj	advmod	aux	aux	root	dobj	prep	det	amod	amod	pobj	cc	det	conj	prep	det	pobj	p
5	3	5	5	16	5	9	9	10	5	16	16	16	16	16	0	16	17	22	22	22	18	17	25	17	25	28	26	16
O	O	O	O	O	O	B-DATE	I-DATE	I-DATE	I-DATE	O	B-PERSON	O	O	O	O	B-PERSON	O	O	B-NORP	O	O	O	O	O	O	O	O	O
</negative>
<negative>
Welch	rolled	up	his	sleeves	and	went	to	work	.
NNP	VBD	RP	PRP$	NNS	CC	VBD	TO	VB	.
nsubj	root	prt	poss	dobj	cc	conj	aux	xcomp	p
2	0	2	5	2	2	2	9	7	2
B-PERSON	O	O	O	O	O	O	O	O	O
</negative>
<negative>
Welch	did	n't	invent	the	forces	of	modern	capitalism	.
NNP	VBD	RB	VB	DT	NNS	IN	JJ	NN	.
nsubj	aux	neg	root	det	dobj	prep	amod	pobj	p
4	4	4	0	6	4	6	9	7	4
B-PERSON	O	O	O	O	O	O	O	O	O
</negative>
<negative>
Bill	Gates	may	be	America	's	best	known	corporate	leader	,	but	in	business	circles	,	Jack	Welch	is	probably	more	admired	.
NNP	NNP	MD	VB	NNP	POS	RB	VBN	JJ	NN	,	CC	IN	NN	NNS	,	NNP	NNP	VBZ	RB	RBR	JJ	.
nn	nsubj	aux	cop	poss	possessive	advmod	amod	amod	root	p	cc	prep	nn	pobj	p	nn	nsubj	cop	advmod	advmod	conj	p
2	10	10	10	10	5	8	10	10	0	10	10	22	15	13	10	18	22	22	22	22	10	10
B-PERSON	I-PERSON	O	O	B-GPE	O	O	O	O	O	O	O	O	O	O	O	B-PERSON	I-PERSON	O	O	O	O	O
</negative>
<negative>
Welch	has	created	winners	in	at	least	half	a	dozen	separate	fields	.
NNP	VBZ	VBN	NNS	IN	IN	JJS	PDT	DT	NN	JJ	NNS	.
nsubj	aux	root	nsubj	prep	quantmod	quantmod	pobj	det	dep	amod	xcomp	p
3	3	0	12	4	8	8	5	10	8	12	3	3
B-PERSON	O	O	O	O	O	O	B-PERCENT	O	O	O	O	O
</negative>
<negative>
He	dismisses	Welch	's	foray	into	finance	_	probably	his	greatest	triumph	_	in	a	few	paragraphs	.
PRP	VBZ	NNP	POS	NN	IN	NN	VBG	RB	PRP$	JJS	NN	NN	IN	DT	JJ	NNS	.
nsubj	root	poss	possessive	dobj	prep	pobj	partmod	advmod	poss	amod	nn	dobj	prep	det	amod	pobj	p
2	0	5	3	2	2	6	7	8	13	13	13	8	8	17	17	14	2
O	O	B-PERSON	O	O	O	O	O	O	O	O	O	O	O	O	O	O	O
</negative>
<negative>
O'Boyle	has	plenty	to	say	about	the	problems	of	the	Welch	years	.
NNP	VBZ	RB	TO	VB	IN	DT	NNS	IN	DT	NNP	NNS	.
nsubj	root	advmod	aux	xcomp	prep	det	pobj	prep	det	nn	pobj	p
2	0	2	5	2	5	8	6	8	12	12	9	2
B-PERSON	O	O	O	O	O	O	O	O	O	B-PERSON	O	O
</negative>
<negative>
More	than	100,000	GE	jobs	have	been	axed	under	Welch	,	in	a	series	of	downsizings	that	have	devastated	old	industrial	towns	like	Pittsfield	and	Schenectady	,	N.Y	.	Did	Welch	need	to	be	so	hard-nosed	?
JJR	IN	CD	NNP	NNS	VBP	VBN	VBN	IN	NNP	,	IN	DT	NN	IN	NNS	WDT	VBP	VBN	JJ	JJ	NNS	IN	NNP	CC	NNP	,	NNP	.	NNPS	NNP	VBP	TO	VB	RB	JJ	.
mwe	quantmod	num	nn	nsubjpass	aux	auxpass	ccomp	prep	pobj	p	prep	det	pobj	prep	pobj	nsubj	aux	rcmod	amod	amod	dobj	prep	pobj	cc	conj	p	nn	p	nn	nsubj	root	aux	cop	advmod	xcomp	p
2	3	5	5	8	8	8	32	8	9	32	8	14	12	14	15	19	19	16	22	22	19	19	23	24	24	32	31	32	31	32	0	36	36	36	32	32
B-CARDINAL	I-CARDINAL	I-CARDINAL	B-ORG	O	O	O	O	O	B-PERSON	O	O	O	O	O	O	O	O	O	O	O	O	O	B-GPE	O	B-GPE	O	B-GPE	O	O	B-PERSON	O	O	O	O	O	O
</negative>
<negative>
It	is	also	fair	to	ask	how	much	blame	Welch	should	bear	for	some	of	the	ethical	lapses	that	have	happened	on	his	watch	,	especially	in	the	defense	business	.
PRP	VBZ	RB	JJ	TO	VB	WRB	JJ	VBP	NNP	MD	VB	IN	DT	IN	DT	JJ	NNS	WDT	VBP	VBN	IN	PRP$	NN	,	RB	IN	DT	NN	NN	.
nsubj	cop	advmod	root	aux	xcomp	advmod	advmod	ccomp	nsubj	aux	ccomp	prep	pobj	prep	det	amod	pobj	nsubj	aux	rcmod	prep	poss	pobj	p	advmod	prep	det	nn	pobj	p
4	4	4	0	6	4	8	9	6	12	12	9	12	13	14	18	18	15	21	21	18	21	24	22	4	22	22	30	30	27	4
O	O	O	O	O	O	O	O	O	B-PERSON	O	O	O	O	O	O	O	O	O	O	O	O	O	O	O	O	O	O	O	O	O
</negative>
<negative>
While	Welch	has	never	told	his	employees	to	break	the	law	,	the	high-pressure	culture	he	has	created	may	have	encouraged	some	of	his	underlings	to	cross	the	line	in	pursuit	of	greater	profits	.
IN	NNP	VBZ	RB	VBN	PRP$	NNS	TO	VB	DT	NN	,	DT	JJ	NN	PRP	VBZ	VBN	MD	VB	VBN	DT	IN	PRP$	NNS	TO	VB	DT	NN	IN	NN	IN	JJR	NNS	.
mark	nsubj	aux	neg	advcl	poss	dobj	aux	xcomp	det	dobj	p	det	amod	nsubj	nsubj	aux	rcmod	aux	aux	root	dobj	prep	poss	pobj	aux	infmod	det	dobj	prep	pobj	prep	amod	pobj	p
5	5	5	5	21	7	5	9	5	11	9	21	15	15	21	18	18	15	21	21	0	21	22	25	23	27	25	29	27	27	30	31	34	32	21
O	B-PERSON	O	O	O	O	O	O	O	O	O	O	O	O	O	O	O	O	O	O	O	O	O	O	O	O	O	O	O	O	O	O	O	O	O
</negative>
<negative>
In	the	business	press	,	Jack	Welch	receives	very	different	treatment	.
IN	DT	NN	NN	,	NNP	NNP	VBZ	RB	JJ	NN	.
prep	det	nn	pobj	p	nn	nsubj	root	advmod	amod	dobj	p
8	4	4	1	8	7	8	0	10	11	8	8
O	O	O	O	O	B-PERSON	I-PERSON	O	O	O	O	O
</negative>
<negative>
Someday	,	a	book	will	come	along	that	provides	a	balanced	account	of	Jack	Welch	.
RB	,	DT	NN	MD	VB	RP	IN	VBZ	DT	JJ	NN	IN	NNP	NNP	.
advmod	p	det	nsubj	aux	root	prt	complm	ccomp	det	amod	dobj	prep	nn	pobj	p
6	6	4	6	6	0	6	9	6	12	12	9	12	15	13	6
O	O	O	O	O	O	O	O	O	O	O	O	O	B-PERSON	I-PERSON	O
</negative>
<negative>
Nor	did	anyone	at	the	LTV	Corp	.	question	Peter	E	.	Kelly	about	the	marketing	potential	of	the	Internet	when	he	was	named	president	of	the	company	in	1991	and	became	a	front-runner	for	the	top	job	.
CC	VBD	NN	IN	DT	NNP	NNP	.	VB	NNP	NNP	.	NNP	IN	DT	NN	NN	IN	DT	NN	WRB	PRP	VBD	VBN	NN	IN	DT	NN	IN	CD	CC	VBD	DT	NN	IN	DT	JJ	NN	.
cc	aux	nsubj	prep	det	nn	pobj	p	root	nn	nn	p	dobj	prep	det	nn	pobj	prep	det	pobj	advmod	nsubjpass	auxpass	advcl	dobj	prep	det	pobj	prep	pobj	cc	cop	det	conj	prep	det	amod	pobj	p
9	9	9	3	7	7	4	9	0	13	13	9	9	13	17	17	14	17	20	18	24	24	24	9	24	25	28	26	28	29	24	34	34	24	34	38	38	35	9
O	O	O	O	O	B-ORG	I-ORG	O	O	B-PERSON	I-PERSON	O	O	O	O	O	O	O	O	O	O	O	O	O	O	O	O	O	O	B-DATE	O	O	O	O	O	O	O	O	O
</negative>
<negative>
``	Even	if	they	do	n't	specify	Internet	savvy	by	name	,	they	are	asking	for	it	,	''	said	Gerard	R	.	Roche	,	chairman	of	Heidrick	&	Struggles	,	a	search	firm	.
``	RB	IN	PRP	VBP	RB	VB	NN	NN	IN	NN	,	PRP	VBP	VBG	IN	PRP	,	''	VBD	NNP	NNP	.	NNP	,	NN	IN	NNP	CC	NNP	,	DT	NN	NN	.
p	advmod	dep	nsubj	aux	neg	advcl	nn	dobj	prep	pobj	p	nsubj	aux	ccomp	prep	pobj	p	p	root	nn	nn	p	nsubj	p	appos	prep	pobj	cc	conj	p	det	nn	appos	p
20	7	7	7	7	7	15	9	7	7	10	20	15	15	20	15	16	20	20	0	24	24	20	20	20	24	26	27	28	28	20	34	34	28	20
O	O	O	O	O	O	O	O	O	O	O	O	O	O	O	O	O	O	O	O	B-PERSON	I-PERSON	O	B-PERSON	O	O	O	B-ORG	I-ORG	I-ORG	O	O	O	O	O
</negative>
<negative>
``	The	Internet	is	such	a	new	phenomenon	that	it	would	be	too	limiting	to	mandate	hands-on	experience	,	''	said	Thomas	J	.	Neff	,	chairman	of	U.S	.	operations	for	the	search	firm	Spencer	Stuart	.
``	DT	NN	VBZ	PDT	DT	JJ	NN	IN	PRP	MD	VB	RB	VBG	TO	VB	JJ	NN	,	''	VBD	NNP	NNP	.	NNP	,	NN	IN	NNP	.	NNS	IN	DT	NN	NN	NNP	NNP	.
p	det	nsubj	cop	predet	det	amod	ccomp	complm	nsubj	aux	aux	advmod	ccomp	aux	xcomp	amod	dobj	p	p	root	nn	nn	p	nsubj	p	appos	prep	nn	p	pobj	prep	det	nn	nn	nn	pobj	p
21	3	8	8	8	8	8	21	14	14	14	14	14	8	16	14	18	16	21	21	0	25	25	21	21	21	25	27	31	21	28	31	37	37	37	37	32	21
O	O	O	O	O	O	O	O	O	O	O	O	O	O	O	O	O	O	O	O	O	B-PERSON	I-PERSON	O	B-PERSON	O	O	O	B-GPE	O	O	O	O	O	O	B-PERSON	I-PERSON	O
</negative>
<negative>
That	worries	Kelly	,	57	,	who	became	chairman	of	LTV	in	February	.
DT	VBZ	NNP	,	CD	,	WP	VBD	NN	IN	NNP	IN	NNP	.
nsubj	root	dobj	p	appos	p	nsubj	cop	rcmod	prep	pobj	prep	pobj	p
2	0	2	2	3	2	9	9	3	9	10	9	12	2
O	O	B-PERSON	O	B-CARDINAL	O	O	O	O	O	B-ORG	O	B-DATE	O
</negative>
<negative>
Everyone	knew	it	was	coming	,	but	now	they	know	when	:	John	F	.	Welch	Jr	.	,	the	chairman	of	General	Electric	,	will	retire	after	the	company	's	annual	meeting	in	April	2001	.
NN	VBD	PRP	VBD	VBG	,	CC	RB	PRP	VBP	WRB	:	NNP	NNP	.	NNP	NNP	.	,	DT	NN	IN	NNP	NNP	,	MD	VB	IN	DT	NN	POS	JJ	NN	IN	NNP	CD	.
nsubj	root	nsubj	aux	ccomp	p	cc	advmod	nsubj	conj	dobj	p	nn	nsubj	p	nn	dep	p	p	det	appos	prep	nn	pobj	p	aux	parataxis	prep	det	poss	possessive	amod	pobj	prep	pobj	num	p
2	0	5	5	2	2	2	10	10	2	10	2	14	27	2	17	14	2	2	21	14	21	24	22	2	27	2	27	30	33	30	33	28	33	34	35	2
O	O	O	O	O	O	O	O	O	O	O	O	B-PERSON	I-PERSON	O	B-ORG	I-ORG	O	O	O	O	O	B-ORG	I-ORG	O	O	O	O	O	O	O	B-DATE	O	O	B-DATE	I-DATE	O
</negative>
<negative>
Welch	,	who	announced	the	date	on	CNBC	on	Monday	evening	,	will	turn	65	on	Nov	.	19	,	2000	,	and	had	always	indicated	he	would	step	down	then	.
NNP	,	WP	VBD	DT	NN	IN	NNP	IN	NNP	NN	,	MD	VB	CD	IN	NNP	.	CD	,	CD	,	CC	VBD	RB	VBN	PRP	MD	VB	RP	RB	.
nsubj	p	nsubj	rcmod	det	dobj	prep	pobj	prep	pobj	tmod	p	aux	root	dobj	prep	pobj	p	dep	p	appos	p	cc	aux	advmod	conj	nsubj	aux	ccomp	prt	advmod	p
14	14	4	1	6	4	4	7	4	9	4	14	14	0	14	14	16	14	17	14	17	14	14	26	26	14	29	29	26	29	29	14
B-PERSON	O	O	O	O	O	O	B-ORG	O	B-DATE	B-TIME	O	O	O	B-CARDINAL	O	B-DATE	O	B-CARDINAL	O	B-DATE	O	O	O	O	O	O	O	O	O	O	O
</negative>
<negative>
``	Jack	still	plans	to	announce	his	successor	in	mid-2000	,	so	this	is	business	as	usual	for	us	,	''	said	Beth	Comstock	,	a	GE	spokeswoman	.
``	NNP	RB	VBZ	TO	VB	PRP$	NN	IN	JJ	,	IN	DT	VBZ	NN	RB	JJ	IN	PRP	,	''	VBD	NNP	NNP	,	DT	NNP	NN	.
p	nsubj	advmod	ccomp	aux	xcomp	poss	dobj	prep	pobj	p	dep	nsubj	cop	dep	advmod	amod	prep	pobj	p	p	root	nn	nsubj	p	det	nn	appos	p
22	4	4	22	6	4	8	6	6	9	22	4	15	15	4	17	15	15	18	22	22	0	24	22	22	28	28	24	22
O	B-PERSON	O	O	O	O	O	O	O	B-DATE	O	O	O	O	O	O	O	O	O	O	O	O	B-PERSON	I-PERSON	O	O	B-ORG	O	O
</negative>
<negative>
In	a	sense	,	Welch	will	be	both	a	difficult	and	an	easy	act	to	follow	.
IN	DT	NN	,	NNP	MD	VB	PDT	DT	JJ	CC	DT	JJ	NN	TO	VB	.
prep	det	pobj	p	nsubj	aux	cop	preconj	dep	root	cc	det	amod	conj	aux	xcomp	p
10	3	1	10	10	10	10	10	10	0	10	14	14	10	16	10	10
O	O	O	O	B-PERSON	O	O	O	O	O	O	O	O	O	O	O	O
</negative>
<negative>
Corporate	wags	have	long	referred	to	GE	as	``	the	House	that	Jack	built.	''
JJ	NNS	VBP	RB	VBN	TO	NNP	IN	``	DT	NNP	IN	NNP	VBN	''
amod	nsubj	aux	advmod	root	prep	pobj	prep	p	det	pobj	complm	nsubj	dep	p
2	5	5	5	0	5	6	5	5	11	8	14	14	11	5
O	O	O	O	O	O	B-ORG	O	O	O	B-ORG	O	B-PERSON	I-PERSON	I-PERSON
</negative>
<negative>
He	whittled	away	at	GE	's	bloated	staff	long	before	downsizing	became	a	buzzword	,	earning	him	the	rubric	of	Neutron	Jack	_	someone	who	kills	off	the	people	but	leaves	the	physical	assets	intact	.
PRP	VBN	RB	IN	NNP	POS	JJ	NN	RB	IN	NN	VBD	DT	NN	,	VBG	PRP	DT	NN	IN	NNP	NNP	NNP	NN	WP	VBZ	RP	DT	NNS	CC	VBZ	DT	JJ	NNS	JJ	.
nsubj	root	advmod	prep	poss	possessive	amod	pobj	advmod	mark	nsubj	cop	det	advcl	p	partmod	iobj	det	dobj	prep	nn	nn	nn	pobj	nsubj	rcmod	prt	det	dobj	cc	conj	det	amod	nsubj	xcomp	p
2	0	2	3	8	5	8	4	4	14	14	14	14	2	2	14	16	19	16	19	24	24	24	20	26	19	26	29	26	26	26	34	34	35	31	2
O	O	O	O	B-ORG	O	O	O	O	O	O	O	O	O	O	O	O	O	O	O	B-PERSON	I-PERSON	O	O	O	O	O	O	O	O	O	O	O	O	O	O
</negative>
<negative>
Welch	has	also	turned	GE	into	what	he	calls	a	``	boundary-less	''	organization	,	a	place	where	executives	are	rewarded	for	sharing	insights	and	customer	contacts	and	castigated	for	keeping	good	ideas	to	themselves	.
NNP	VBZ	RB	VBN	NNP	IN	WP	PRP	VBZ	DT	``	JJ	''	NN	,	DT	NN	WRB	NNS	VBP	VBN	IN	NN	NNS	CC	NN	NNS	CC	VBN	IN	VBG	JJ	NNS	TO	PRP	.
nsubj	aux	advmod	root	dobj	prep	dobj	nsubj	pcomp	det	p	amod	p	dobj	p	det	appos	advmod	nsubjpass	auxpass	rcmod	prep	nn	pobj	cc	nn	conj	cc	conj	prep	pcomp	amod	dobj	prep	pobj	p
4	4	4	0	4	4	9	9	6	14	4	14	4	9	4	17	14	21	21	21	17	21	24	22	24	27	24	21	21	29	30	33	31	31	34	4
B-PERSON	O	O	O	B-ORG	O	O	O	O	O	O	O	O	O	O	O	O	O	O	O	O	O	O	O	O	O	O	O	O	O	O	O	O	O	O	O
</negative>
<negative>
Only	people	whom	Welch	deemed	to	be	team	players	were	propelled	up	the	ranks	.
RB	NNS	WP	NNP	VBD	TO	VB	NN	NNS	VBD	VBN	RP	DT	NNS	.
advmod	nsubjpass	rel	nsubj	rcmod	aux	cop	nn	xcomp	auxpass	root	prt	det	dobj	p
2	11	5	5	2	9	9	9	5	11	0	11	14	11	11
O	O	O	B-PERSON	O	O	O	O	O	O	O	O	O	O	O
</negative>
<negative>
``	The	businesses	have	a	momentum	in	market	share	and	profitability	that	will	persist	when	Jack	is	retired	,	''	said	Russell	A	.	Leavitt	,	an	analyst	at	Banc	of	America	Securities	.
``	DT	NNS	VBP	DT	NN	IN	NN	NN	CC	NN	WDT	MD	VB	WRB	NNP	VBZ	VBN	,	''	VBD	NNP	NNP	.	NNP	,	DT	NN	IN	NNP	IN	NNP	NNPS	.
p	det	nsubj	ccomp	det	dobj	prep	nn	pobj	cc	conj	nsubj	aux	rcmod	advmod	nsubjpass	auxpass	advcl	p	p	root	nn	nn	p	nsubj	p	det	appos	prep	pobj	prep	nn	pobj	p
21	3	4	21	6	4	6	9	7	9	9	14	14	6	18	18	18	14	21	21	0	25	25	21	21	21	28	25	28	29	30	33	31	21
O	O	O	O	O	O	O	O	O	O	O	O	O	O	O	B-PERSON	O	O	O	O	O	B-PERSON	I-PERSON	O	B-PERSON	O	O	O	O	B-ORG	I-ORG	I-ORG	I-ORG	O
</negative>
<negative>
``	And	Jack	will	personally	introduce	him	to	the	major	customers	.	''
``	CC	NNP	MD	RB	VB	PRP	TO	DT	JJ	NNS	.	''
p	cc	nsubj	aux	advmod	root	dobj	prep	det	amod	pobj	p	p
6	6	6	6	6	0	6	6	11	11	8	6	6
O	O	B-PERSON	O	O	O	O	O	O	O	O	O	O
</negative>
<negative>
Welch	has	often	said	he	thinks	chief	executives	should	stay	for	10	,	even	20	years	,	to	live	with	the	results	of	their	long-term	decisions	.
NNP	VBZ	RB	VBD	PRP	VBZ	JJ	NNS	MD	VB	IN	CD	,	RB	CD	NNS	,	TO	VB	IN	DT	NNS	IN	PRP$	JJ	NNS	.
nsubj	aux	advmod	root	nsubj	ccomp	amod	nsubj	aux	ccomp	prep	pobj	p	advmod	num	pobj	p	aux	xcomp	prep	det	pobj	prep	poss	amod	pobj	p
4	4	4	0	6	4	8	10	10	6	10	11	4	10	16	14	4	19	10	19	22	20	22	26	26	23	4
B-PERSON	O	O	O	O	O	O	O	O	O	O	B-CARDINAL	O	O	B-DATE	I-DATE	O	O	O	O	O	O	O	O	O	O	O
</negative>
<negative>
At	43	,	Immelt	could	conceivably	serve	as	long	as	Welch	has	.
IN	CD	,	NNP	MD	RB	VB	RB	RB	IN	NNP	VBZ	.
prep	pobj	p	nsubj	aux	advmod	root	advmod	advmod	mark	nsubj	ccomp	p
7	1	7	7	7	7	0	9	7	12	12	9	7
O	B-CARDINAL	O	O	O	O	O	O	O	O	B-PERSON	O	O
</negative>
</QApairs>
<QApairs id='35.2'>
<question>
How	many	years	was	Jack	Welch	with	GE	?
WRB	JJ	NNS	VBD	NNP	NNP	IN	NNP	.
advmod	amod	attr	root	nn	nsubj	prep	pobj	p
2	3	4	0	6	4	6	7	4
O	O	O	O	B-PERSON	I-PERSON	O	B-ORG	O
</question>
<positive>
``	Six	Sigma	has	galvanized	our	company	with	an	intensity	the	likes	of	which	I	have	never	seen	in	my	40	years	at	GE	,	''	said	John	Welch	,	chairman	of	General	Electric	.
``	NNP	NNP	VBZ	VBD	PRP$	NN	IN	DT	NN	DT	NN	IN	WDT	PRP	VBP	RB	VBN	IN	PRP$	CD	NNS	IN	NNP	,	''	VBD	NNP	NNP	,	NN	IN	NNP	NNP	.
p	nn	nsubj	aux	ccomp	poss	dobj	prep	det	pobj	det	dobj	prep	pobj	nsubj	aux	neg	rcmod	prep	poss	num	pobj	prep	pobj	p	p	root	nn	nsubj	p	appos	prep	nn	pobj	p
27	3	5	5	27	7	5	5	10	8	12	18	12	13	18	18	18	10	18	22	22	19	18	23	27	27	0	29	27	27	29	31	34	32	27
O	B-CARDINAL	B-ORG	O	O	O	O	O	O	O	O	O	O	O	O	O	O	O	O	O	B-DATE	I-DATE	O	B-ORG	O	O	O	B-PERSON	I-PERSON	O	O	O	B-ORG	I-ORG	O
40
21
</positive>
<negative>
So	fervent	a	proselytizer	is	Welch	that	GE	has	spent	three	years	and	more	than	$	1	billion	to	convert	all	of	its	divisions	to	the	Six	Sigma	faith	.
IN	JJ	DT	NN	VBZ	NNP	IN	NNP	VBZ	VBN	CD	NNS	CC	JJR	IN	$	CD	CD	TO	VB	DT	IN	PRP$	NNS	TO	DT	CD	NNP	NN	.
advmod	pobj	det	nsubj	cop	root	complm	nsubj	aux	dep	num	dobj	cc	quantmod	quantmod	conj	number	number	aux	xcomp	dobj	prep	poss	pobj	prep	det	num	nn	pobj	p
6	1	4	6	6	0	10	10	10	6	12	10	12	16	16	12	16	16	20	10	20	21	24	22	20	29	29	29	25	6
O	O	O	O	O	B-PERSON	O	B-ORG	O	O	B-DATE	I-DATE	O	O	O	B-MONEY	I-MONEY	I-MONEY	O	O	O	O	O	O	O	O	B-CARDINAL	B-ORG	O	O
</negative>
<negative>
The	GE	Medical	Systems	unit	recently	introduced	a	$	1.25	million	diagnostic	scanner	,	the	first	product	that	GE	designed	from	start	to	finish	using	Six	Sigma	principles	.
DT	NNP	NNP	NNPS	NN	RB	VBD	DT	$	CD	CD	JJ	NN	,	DT	JJ	NN	IN	NNP	VBD	IN	NN	TO	VB	VBG	CD	NNP	NNS	.
det	nn	nn	nn	nsubj	advmod	root	det	num	number	number	amod	dobj	p	det	amod	appos	complm	nsubj	ccomp	prep	pobj	aux	xcomp	xcomp	num	nn	dobj	p
5	5	5	5	7	7	0	13	13	9	9	13	7	7	17	17	13	20	20	7	20	21	24	20	24	28	28	25	7
B-ORG	I-ORG	I-ORG	I-ORG	O	O	O	O	B-MONEY	I-MONEY	I-MONEY	O	O	O	O	B-ORDINAL	O	O	B-ORG	O	O	O	O	O	O	B-CARDINAL	O	O	O
</negative>
<negative>
Six	Sigma	teamwork	enabled	GE	Plastics	to	produce	1.1	billion	pounds	more	plastics	without	building	one	new	plant	.
CD	NNP	NN	VBD	NNP	NNPS	TO	VB	CD	CD	NNS	RBR	NNS	IN	VBG	CD	JJ	NN	.
num	nn	nsubj	root	nn	nsubj	aux	xcomp	number	num	dep	amod	dobj	prep	pcomp	num	amod	dobj	p
3	3	4	0	6	8	8	4	10	11	12	13	8	8	14	18	18	15	4
B-CARDINAL	B-ORG	O	O	B-ORG	I-ORG	O	O	B-MONEY	I-MONEY	I-MONEY	O	O	O	O	O	O	O	O
</negative>
<negative>
In	the	case	of	the	new	GE	Medical	Systems	product	_	a	superfast	diagnostic	scanner	called	the	Lightspeed	_	200	people	spent	nearly	three	years	and	almost	$	50	million	to	run	250	separate	Six	Sigma	analyses	.
IN	DT	NN	IN	DT	JJ	NNP	NNP	NNP	NN	NN	DT	JJ	JJ	NN	VBD	DT	NNP	NNP	CD	NNS	VBN	RB	CD	NNS	CC	RB	$	CD	CD	TO	VB	CD	JJ	CD	NNP	NNS	.
prep	det	pobj	prep	det	amod	nn	nn	nn	nn	pobj	det	amod	amod	nsubj	root	det	nn	nn	num	dobj	partmod	quantmod	num	dobj	cc	quantmod	conj	number	number	aux	xcomp	num	amod	num	nn	dobj	p
16	3	1	3	11	11	11	11	11	11	4	15	15	15	16	0	21	21	21	21	16	21	24	25	22	25	28	25	28	28	32	22	37	37	37	37	32	16
O	O	O	O	O	O	B-ORG	I-ORG	I-ORG	O	O	O	O	O	O	O	O	B-PRODUCT	O	B-CARDINAL	O	O	B-DATE	I-DATE	I-DATE	O	B-MONEY	I-MONEY	I-MONEY	I-MONEY	O	O	B-CARDINAL	O	B-CARDINAL	B-ORG	O	O
</negative>
<negative>
GE	Medical	Systems	,	which	already	controls	39	percent	of	the	$	1.6	billion	global	market	for	scanners	,	has	high	hopes	for	the	Lightspeed	.
NNP	NNP	NNPS	,	WDT	RB	VBZ	CD	NN	IN	DT	$	CD	CD	JJ	NN	IN	NNS	,	VBZ	JJ	NNS	IN	DT	NNP	.
nn	nn	nsubj	p	nsubj	advmod	rcmod	num	dobj	prep	det	num	number	number	amod	pobj	prep	pobj	p	root	amod	dobj	prep	det	pobj	p
3	3	20	20	7	7	3	9	7	9	16	16	12	12	16	10	16	17	20	0	22	20	22	25	23	20
B-ORG	I-ORG	I-ORG	O	O	O	O	B-PERCENT	I-PERCENT	O	O	B-MONEY	I-MONEY	I-MONEY	O	O	O	O	O	O	O	O	O	O	O	O
</negative>
<negative>
But	Six	Sigma	enabled	GE	Medical	to	anticipate	which	compromises	doctors	would	accept	.
CC	NNP	NNP	VBD	NNP	NNP	TO	VB	WDT	NNS	NNS	MD	VB	.
cc	nn	nsubj	root	nn	nsubj	aux	xcomp	dobj	nn	nsubj	aux	ccomp	p
4	3	4	0	6	8	8	4	13	11	13	13	8	4
O	B-CARDINAL	B-ORG	O	B-ORG	I-ORG	O	O	O	O	O	O	O	O
</negative>
<negative>
The	old	tubes	,	which	cost	$	59,000	each	to	replace	,	had	long	been	a	thorn	in	GE	's	side	.
DT	JJ	NNS	,	WDT	VBD	$	CD	DT	TO	VB	,	VBD	RB	VBN	DT	NN	IN	NNP	POS	NN	.
det	amod	nsubj	p	nsubj	rcmod	dep	num	dobj	aux	xcomp	p	aux	advmod	cop	det	root	prep	poss	possessive	pobj	p
3	3	17	17	6	3	6	7	6	11	6	17	17	17	17	17	0	17	21	19	18	17
O	O	O	O	O	O	O	B-MONEY	O	O	O	O	O	O	O	O	O	O	B-ORG	O	O	O
</negative>
</QApairs>
<QApairs id='35.3'>
<question>
When	did	Jack	Welch	retire	from	GE	?
WRB	VBD	NNP	NNP	VB	IN	NNP	.
advmod	aux	nn	nsubj	root	prep	pobj	p
5	5	4	5	0	5	6	5
O	O	B-PERSON	I-PERSON	O	O	B-ORG	O
</question>
<positive>
GE-WELCH	-LRB-	Undated	-RRB-	_	Jack	Welch	,	chairman	and	chief	executive	of	General	Electric	,	has	set	a	date	of	April	2001	for	his	previously	disclosed	plans	to	step	down	.
NNP	-LRB-	NNP	-RRB-	NNP	NNP	NNP	,	NN	CC	NN	NN	IN	NNP	NNP	,	VBZ	VBN	DT	NN	IN	NNP	CD	IN	PRP$	RB	VBN	NNS	TO	VB	RP	.
nsubj	p	dep	p	nn	nn	nsubj	p	nn	cc	conj	appos	prep	nn	pobj	p	aux	root	det	nsubj	prep	pobj	num	prep	poss	advmod	amod	pobj	aux	xcomp	prt	p
18	18	18	18	7	7	18	18	12	9	9	7	12	15	13	18	18	0	20	30	20	21	22	22	28	27	28	24	30	18	30	18
O	O	O	O	O	B-PERSON	I-PERSON	O	O	O	O	O	O	B-ORG	I-ORG	O	O	O	O	O	O	B-DATE	I-DATE	O	O	O	O	O	O	O	O	O
2001
23
</positive>
<positive>
GE-WELCH	-LRB-	Undated	-RRB-	_	Everyone	knew	it	was	coming	,	but	now	they	know	when	:	John	Welch	,	the	chairman	of	General	Electric	Co	.	,	will	retire	after	the	company	's	annual	meeting	in	April	2001	.
JJ	-LRB-	NNP	-RRB-	JJ	NNS	VBD	PRP	VBD	VBG	,	CC	RB	PRP	VBP	WRB	:	NNP	NNP	,	DT	NN	IN	NNP	NNP	NNP	.	,	MD	VB	IN	DT	NN	POS	JJ	NN	IN	NNP	CD	.
amod	p	appos	p	amod	nsubj	root	nsubj	aux	ccomp	p	cc	advmod	nsubj	conj	dobj	p	nn	nsubj	p	det	appos	prep	nn	nn	pobj	p	p	aux	parataxis	prep	det	poss	possessive	amod	pobj	prep	pobj	num	p
6	7	6	7	6	7	0	10	10	7	7	7	15	15	7	15	7	19	30	7	22	19	22	26	26	23	7	7	30	7	30	33	36	33	36	31	36	37	38	7
O	O	O	O	O	O	O	O	O	O	O	O	O	O	O	O	O	B-PERSON	I-PERSON	O	O	O	O	B-ORG	I-ORG	I-ORG	O	O	O	O	O	O	O	O	B-DATE	O	O	B-DATE	I-DATE	O
2001
39
</positive>
<positive>
Everyone	knew	it	was	coming	,	but	now	they	know	when	:	John	F	.	Welch	Jr	.	,	the	chairman	of	General	Electric	,	will	retire	after	the	company	's	annual	meeting	in	April	2001	.
NN	VBD	PRP	VBD	VBG	,	CC	RB	PRP	VBP	WRB	:	NNP	NNP	.	NNP	NNP	.	,	DT	NN	IN	NNP	NNP	,	MD	VB	IN	DT	NN	POS	JJ	NN	IN	NNP	CD	.
nsubj	root	nsubj	aux	ccomp	p	cc	advmod	nsubj	conj	dobj	p	nn	nsubj	p	nn	dep	p	p	det	appos	prep	nn	pobj	p	aux	parataxis	prep	det	poss	possessive	amod	pobj	prep	pobj	num	p
2	0	5	5	2	2	2	10	10	2	10	2	14	27	2	17	14	2	2	21	14	21	24	22	2	27	2	27	30	33	30	33	28	33	34	35	2
O	O	O	O	O	O	O	O	O	O	O	O	B-PERSON	I-PERSON	O	B-ORG	I-ORG	O	O	O	O	O	B-ORG	I-ORG	O	O	O	O	O	O	O	B-DATE	O	O	B-DATE	I-DATE	O
2001
36
</positive>
<positive>
GE	'S	WELCH	PLANS	TO	RETIRE	IN	APRIL	2001
NNP	POS	NNS	VBZ	TO	VB	IN	NNP	CD
poss	possessive	nsubj	root	aux	xcomp	prep	pobj	num
3	1	4	0	6	4	6	7	8
O	O	O	O	O	O	O	O	O
2001
9
</positive>
<positive>
Welch	plans	to	retire	in	2001	,	and	analysts	who	track	the	company	have	said	the	presidents	of	GE	Medical	Systems	,	GE	Power	Systems	and	GE	Aircraft	Engines	are	the	apparent	frontrunners	for	Welch	's	position	.
NNP	VBZ	TO	VB	IN	CD	,	CC	NNS	WP	VBP	DT	NN	VBP	VBD	DT	NNS	IN	NNP	NNP	NNPS	,	NNP	NNP	NNPS	CC	NNP	NNP	NNP	VBP	DT	JJ	NNS	IN	NNP	POS	NN	.
nsubj	root	aux	xcomp	prep	pobj	p	cc	nsubj	nsubj	rcmod	det	nsubj	aux	ccomp	det	dobj	prep	nn	nn	pobj	p	nn	nn	conj	cc	nn	nn	conj	cop	det	amod	conj	prep	poss	possessive	pobj	p
2	0	4	2	4	5	2	2	33	11	9	13	15	15	11	17	15	17	21	21	18	2	25	25	21	21	29	29	21	33	33	33	2	33	37	35	34	2
B-PERSON	O	O	O	O	B-DATE	O	O	O	O	O	O	O	O	O	O	O	O	B-ORG	I-ORG	I-ORG	O	B-ORG	I-ORG	I-ORG	O	B-ORG	I-ORG	I-ORG	O	O	O	O	O	B-PERSON	O	O	O
2001
6
</positive>
<negative>
GE	-	WELCH-ROLE	Looking	at	Welch	's	role	as	a	model	for	chief	executives	everywhere	.
NNP	:	NN	VBG	IN	NNP	POS	NN	IN	DT	NN	IN	JJ	NNS	RB	.
root	p	dep	partmod	prep	poss	possessive	pobj	prep	det	pobj	prep	amod	pobj	advmod	p
0	1	1	3	4	8	6	5	4	11	9	11	14	12	4	1
B-ORG	I-ORG	I-ORG	I-ORG	O	B-PERSON	O	O	O	O	O	O	O	O	O	O
</negative>
<negative>
Welch	became	GE	's	chief	executive	in	April	1981	,	so	the	date	will	mark	his	20th	anniversary	.
NNP	VBD	NNP	POS	JJ	NN	IN	NNP	CD	,	IN	DT	NN	MD	VB	PRP$	JJ	NN	.
nsubj	cop	poss	possessive	amod	root	prep	pobj	num	p	dep	det	nsubj	aux	ccomp	poss	amod	dobj	p
6	6	6	3	6	0	6	7	8	6	6	13	15	15	6	18	18	15	6
B-PERSON	O	B-ORG	O	O	O	O	B-DATE	I-DATE	O	O	O	O	O	O	O	B-ORDINAL	O	O
</negative>
<negative>
``	Jack	still	plans	to	announce	his	successor	in	mid-2000	,	so	this	is	business	as	usual	for	us	,	''	said	Beth	Comstock	,	a	GE	spokeswoman	.
``	NNP	RB	VBZ	TO	VB	PRP$	NN	IN	JJ	,	IN	DT	VBZ	NN	RB	JJ	IN	PRP	,	''	VBD	NNP	NNP	,	DT	NNP	NN	.
p	nsubj	advmod	ccomp	aux	xcomp	poss	dobj	prep	pobj	p	dep	nsubj	cop	dep	advmod	amod	prep	pobj	p	p	root	nn	nsubj	p	det	nn	appos	p
22	4	4	22	6	4	8	6	6	9	22	4	15	15	4	17	15	15	18	22	22	0	24	22	22	28	28	24	22
O	B-PERSON	O	O	O	O	O	O	O	B-DATE	O	O	O	O	O	O	O	O	O	O	O	O	B-PERSON	I-PERSON	O	O	B-ORG	O	O
</negative>
<negative>
Corporate	wags	have	long	referred	to	GE	as	``	the	House	that	Jack	built.	''
JJ	NNS	VBP	RB	VBN	TO	NNP	IN	``	DT	NNP	IN	NNP	VBN	''
amod	nsubj	aux	advmod	root	prep	pobj	prep	p	det	pobj	complm	nsubj	dep	p
2	5	5	5	0	5	6	5	5	11	8	14	14	11	5
O	O	O	O	O	O	B-ORG	O	O	O	B-ORG	O	B-PERSON	I-PERSON	I-PERSON
</negative>
<negative>
He	whittled	away	at	GE	's	bloated	staff	long	before	downsizing	became	a	buzzword	,	earning	him	the	rubric	of	Neutron	Jack	_	someone	who	kills	off	the	people	but	leaves	the	physical	assets	intact	.
PRP	VBN	RB	IN	NNP	POS	JJ	NN	RB	IN	NN	VBD	DT	NN	,	VBG	PRP	DT	NN	IN	NNP	NNP	NNP	NN	WP	VBZ	RP	DT	NNS	CC	VBZ	DT	JJ	NNS	JJ	.
nsubj	root	advmod	prep	poss	possessive	amod	pobj	advmod	mark	nsubj	cop	det	advcl	p	partmod	iobj	det	dobj	prep	nn	nn	nn	pobj	nsubj	rcmod	prt	det	dobj	cc	conj	det	amod	nsubj	xcomp	p
2	0	2	3	8	5	8	4	4	14	14	14	14	2	2	14	16	19	16	19	24	24	24	20	26	19	26	29	26	26	26	34	34	35	31	2
O	O	O	O	B-ORG	O	O	O	O	O	O	O	O	O	O	O	O	O	O	O	B-PERSON	I-PERSON	O	O	O	O	O	O	O	O	O	O	O	O	O	O
</negative>
<negative>
He	divested	all	businesses	in	which	GE	was	not	dominant	_	a	strategy	that	has	been	adopted	by	numerous	American	companies	.
PRP	VBD	DT	NNS	IN	WDT	NNP	VBD	RB	JJ	NNS	DT	NN	WDT	VBZ	VBN	VBN	IN	JJ	JJ	NNS	.
nsubj	root	det	dobj	rel	pobj	nsubj	cop	neg	amod	rcmod	det	dep	nsubjpass	aux	auxpass	rcmod	prep	amod	amod	pobj	p
2	0	4	2	11	5	11	11	11	11	4	13	11	17	17	17	11	17	21	21	18	2
O	O	O	O	O	O	B-ORG	O	O	O	O	O	O	O	O	O	O	O	O	B-NORP	O	O
</negative>
<negative>
He	is	pushing	all	of	GE	's	divisions	into	e-commerce	with	such	fervor	that	many	analysts	say	that	GE	will	soon	be	the	most	Internet-savvy	of	the	non-dot-	com	companies	.
PRP	VBZ	VBG	DT	IN	NNP	POS	NNS	IN	NN	IN	JJ	NN	IN	JJ	NNS	VBP	IN	NNP	MD	RB	VB	DT	JJS	NN	IN	DT	JJ	NN	NNS	.
nsubj	aux	root	dobj	prep	poss	possessive	pobj	prep	pobj	prep	amod	pobj	complm	amod	nsubj	ccomp	complm	nsubj	aux	advmod	cop	det	amod	ccomp	prep	det	amod	nn	pobj	p
3	3	0	3	4	8	6	5	3	9	3	13	11	17	16	17	3	25	25	25	25	25	25	25	17	25	30	30	30	26	3
O	O	O	O	O	B-ORG	O	O	O	O	O	O	O	O	O	O	O	O	B-ORG	O	O	O	O	O	O	O	O	O	O	O	O
</negative>
<negative>
Welch	has	also	turned	GE	into	what	he	calls	a	``	boundary-less	''	organization	,	a	place	where	executives	are	rewarded	for	sharing	insights	and	customer	contacts	and	castigated	for	keeping	good	ideas	to	themselves	.
NNP	VBZ	RB	VBN	NNP	IN	WP	PRP	VBZ	DT	``	JJ	''	NN	,	DT	NN	WRB	NNS	VBP	VBN	IN	NN	NNS	CC	NN	NNS	CC	VBN	IN	VBG	JJ	NNS	TO	PRP	.
nsubj	aux	advmod	root	dobj	prep	dobj	nsubj	pcomp	det	p	amod	p	dobj	p	det	appos	advmod	nsubjpass	auxpass	rcmod	prep	nn	pobj	cc	nn	conj	cc	conj	prep	pcomp	amod	dobj	prep	pobj	p
4	4	4	0	4	4	9	9	6	14	4	14	4	9	4	17	14	21	21	21	17	21	24	22	24	27	24	21	21	29	30	33	31	31	34	4
B-PERSON	O	O	O	B-ORG	O	O	O	O	O	O	O	O	O	O	O	O	O	O	O	O	O	O	O	O	O	O	O	O	O	O	O	O	O	O	O
</negative>
<negative>
``	He	turned	GE	away	from	the	idea	of	supreme	rulers	and	introduced	it	to	team	structures	,	''	said	Nicholas	P	.	Heymann	,	an	analyst	with	Prudential	Securities	.
``	PRP	VBD	NNP	RP	IN	DT	NN	IN	JJ	NNS	CC	VBD	PRP	TO	NN	NNS	,	''	VBD	NNP	NNP	.	NNP	,	DT	NN	IN	NNP	NNPS	.
p	nsubj	ccomp	dobj	prt	prep	det	pobj	prep	amod	pobj	cc	conj	dobj	prep	nn	pobj	p	p	root	nn	nn	p	nsubj	p	det	appos	prep	nn	pobj	p
20	3	20	3	3	3	8	6	8	11	9	3	3	13	13	17	15	20	20	0	24	24	20	20	20	27	24	27	30	28	20
O	O	O	B-ORG	O	O	O	O	O	O	O	O	O	O	O	O	O	O	O	O	B-PERSON	I-PERSON	I-PERSON	I-PERSON	O	O	O	O	B-ORG	I-ORG	O
</negative>
<negative>
But	who	,	in	fact	,	will	be	the	next	No	.	1	at	GE	?
CC	WP	,	IN	NN	,	MD	VB	DT	JJ	RB	.	CD	IN	NNP	.
cc	nsubj	p	dep	pobj	p	aux	cop	det	amod	dep	p	root	prep	pobj	p
13	13	13	13	4	13	13	13	13	13	13	13	0	13	14	13
O	O	O	O	O	O	O	O	O	O	O	O	B-CARDINAL	O	B-ORG	O
</negative>
<negative>
Gary	M	.	Reiner	,	45	,	GE	's	chief	information	officer	,	has	led	many	of	the	company	's	initial	forays	onto	the	Web	.
NNP	NNP	.	NNP	,	CD	,	NNP	POS	JJ	NN	NN	,	VBZ	VBN	JJ	IN	DT	NN	POS	JJ	NNS	IN	DT	NNP	.
nn	nn	p	nsubj	p	appos	p	poss	possessive	amod	nn	appos	p	aux	root	dobj	prep	det	poss	possessive	amod	pobj	prep	det	pobj	p
4	4	15	15	15	4	15	12	8	12	12	6	15	15	0	15	16	19	22	19	22	17	15	25	23	15
B-PERSON	I-PERSON	I-PERSON	I-PERSON	O	B-CARDINAL	O	B-ORG	O	O	O	O	O	O	O	O	O	O	O	O	O	O	O	O	O	O
</negative>
<negative>
David	L	.	Calhoun	,	42	,	the	new	head	of	GE	Capital	,	GE	's	biggest	and	most	profitable	unit	,	is	often	cited	as	a	dark	horse	candidate	.
NNP	NNP	.	NNP	,	CD	,	DT	JJ	NN	IN	NNP	NNP	,	NNP	POS	JJS	CC	RBS	JJ	NN	,	VBZ	RB	VBN	IN	DT	JJ	NN	NN	.
nn	nn	p	nsubjpass	p	appos	p	det	amod	appos	prep	nn	pobj	p	appos	possessive	amod	cc	advmod	amod	conj	p	auxpass	advmod	root	prep	det	amod	nn	pobj	p
4	4	25	25	25	4	25	10	10	4	10	13	11	25	4	15	15	15	20	21	15	25	25	25	0	25	30	30	30	26	25
B-PERSON	I-PERSON	I-PERSON	B-ORG	O	B-CARDINAL	O	O	O	O	O	B-ORG	I-ORG	O	B-ORG	O	O	O	O	O	O	O	O	O	O	O	O	O	O	O	O
</negative>
<negative>
Still	,	although	no	one	will	say	so	for	the	record	,	the	odds-on	favorite	is	Jeffrey	R	.	Immelt	,	head	of	GE	Medical	Systems	.
RB	,	IN	DT	NN	MD	VB	RB	IN	DT	NN	,	DT	JJ	NN	VBZ	NNP	NNP	.	NNP	,	NN	IN	NNP	NNP	NNPS	.
advmod	p	mark	det	nsubj	aux	advcl	advmod	prep	det	pobj	p	det	amod	nsubj	cop	nn	nn	p	root	p	appos	prep	nn	nn	pobj	p
20	20	7	5	7	7	20	7	7	11	9	20	15	15	20	20	20	20	20	0	20	20	22	26	26	23	20
O	O	O	O	O	O	O	O	O	O	O	O	O	O	O	O	B-PERSON	I-PERSON	O	O	O	O	O	B-ORG	I-ORG	I-ORG	O
</negative>
<negative>
He	was	the	first	GE	executive	to	use	Six	Sigma	not	only	to	refine	processes	but	to	design	a	product	.
PRP	VBD	DT	JJ	NNP	NN	TO	VB	CD	NNS	RB	JJ	TO	VB	NNS	CC	TO	VB	DT	NN	.
nsubj	cop	det	amod	nn	root	aux	infmod	num	dobj	neg	preconj	aux	dep	dobj	cc	aux	conj	det	dobj	p
6	6	6	6	6	0	8	6	10	8	12	14	14	8	14	14	18	14	20	18	6
O	O	O	B-ORDINAL	B-ORG	O	O	O	B-CARDINAL	O	O	O	O	O	O	O	O	O	O	O	O
</negative>
<negative>
Shares	of	GE	have	ridden	a	roller	coaster	over	the	last	week	.
NNS	IN	NNP	VBP	VBN	DT	NN	NN	IN	DT	JJ	NN	.
nsubj	prep	pobj	aux	root	det	nn	dobj	prep	det	amod	pobj	p
5	1	2	5	0	8	8	5	5	12	12	9	5
O	O	B-ORG	O	O	O	O	O	O	B-DATE	I-DATE	I-DATE	O
</negative>
<negative>
GE	fell	93.75	cents	Tuesday	,	to	$	128.4375	.
NNP	VBD	CD	NNS	NNP	,	TO	$	CD	.
nsubj	root	num	dobj	tmod	p	prep	pobj	num	p
2	0	4	2	2	2	2	7	8	2
B-ORG	O	B-MONEY	I-MONEY	B-DATE	O	O	O	B-MONEY	O
</negative>
<negative>
``	A	strong	quarter	is	business	as	usual	for	GE	,	but	this	quarter	was	even	better	than	normal	,	''	said	Charles	Hill	,	director	of	research	at	First	Call	.
``	DT	JJ	NN	VBZ	NN	RB	JJ	IN	NNP	,	CC	DT	NN	VBD	RB	JJR	IN	JJ	,	''	VBD	NNP	NNP	,	NN	IN	NN	IN	NNP	NNP	.
p	det	amod	nsubj	cop	ccomp	advmod	amod	prep	pobj	p	cc	det	nsubj	cop	advmod	conj	prep	pobj	p	p	root	nn	nsubj	p	appos	prep	pobj	prep	nn	pobj	p
22	4	4	6	6	22	8	6	6	9	22	6	14	17	17	17	6	17	18	22	22	0	24	22	22	24	26	27	28	31	29	22
O	O	O	O	O	O	O	O	O	B-ORG	O	O	B-DATE	I-DATE	O	O	O	O	O	O	O	O	B-PERSON	I-PERSON	O	O	O	O	O	B-ORDINAL	O	O
</negative>
<negative>
Investors	seemed	unimpressed	as	shares	of	GE	,	based	in	Fairfield	,	Conn	.	,	fell	$	1	,	to	$	52.50	.
NNS	VBD	JJ	IN	NNS	IN	NNP	,	VBN	IN	NNP	,	NNP	.	,	VBD	$	CD	,	TO	$	CD	.
nsubj	cop	root	mark	nsubj	prep	pobj	p	partmod	prep	pobj	p	appos	p	p	advcl	dobj	num	p	prep	pobj	num	p
3	3	0	16	16	5	6	3	5	9	10	3	11	3	3	3	16	17	3	16	20	21	3
O	O	O	O	O	O	B-ORG	O	O	O	B-GPE	O	B-GPE	O	O	O	O	B-MONEY	O	O	O	B-MONEY	O
</negative>
<negative>
``	Most	industrial	companies	are	experiencing	no	more	than	5	percent	organic	growth	,	so	GE	's	results	are	just	phenomenal	,	''	said	Jeffrey	Sprague	,	an	analyst	at	Salomon	Smith	Barney	.
``	JJS	JJ	NNS	VBP	VBG	DT	JJR	IN	CD	NN	JJ	NN	,	IN	NNP	POS	NNS	VBP	RB	JJ	,	''	VBD	NNP	NNP	,	DT	NN	IN	NNP	NNP	NNP	.
p	amod	amod	nsubj	aux	ccomp	det	mwe	quantmod	num	nn	amod	dobj	p	dep	poss	possessive	nsubj	cop	advmod	dep	p	p	root	nn	nsubj	p	det	appos	prep	nn	nn	pobj	p
24	4	4	6	6	24	13	9	10	13	13	13	6	24	6	18	16	21	21	21	6	24	24	0	26	24	24	29	26	29	33	33	30	24
O	O	O	O	O	O	O	O	O	B-PERCENT	I-PERCENT	O	O	O	O	B-ORG	O	O	O	O	O	O	O	O	B-PERSON	I-PERSON	O	O	O	O	B-ORG	I-ORG	I-ORG	O
</negative>
<negative>
The	numbers	did	little	to	help	handicap	the	race	to	succeed	Jack	Welch	,	the	GE	chairman	,	who	will	retire	next	year	.
DT	NNS	VBD	JJ	TO	VB	VB	DT	NN	TO	VB	NNP	NNP	,	DT	NNP	NN	,	WP	MD	VB	JJ	NN	.
det	nsubj	dep	root	aux	xcomp	xcomp	det	dobj	aux	infmod	nn	dobj	p	det	nn	appos	p	nsubj	aux	rcmod	amod	tmod	p
2	4	4	0	6	4	6	9	7	11	9	13	11	4	17	17	13	4	21	21	13	23	21	4
O	O	O	O	O	O	O	O	O	O	O	B-PERSON	I-PERSON	O	O	B-ORG	O	O	O	O	O	B-DATE	I-DATE	O
</negative>
<negative>
GE	Power	Systems	had	a	particularly	robust	quarter	,	with	sales	up	60	percent	.
NNP	NNP	NNPS	VBD	DT	RB	JJ	NN	,	IN	NNS	RB	CD	NN	.
nn	nn	nsubj	root	det	advmod	amod	dobj	p	prep	pobj	advmod	num	pobj	p
3	3	4	0	8	7	8	4	4	4	10	11	14	12	4
B-ORG	I-ORG	I-ORG	O	O	O	O	O	O	O	O	O	B-PERCENT	I-PERCENT	O
</negative>
<negative>
All	makers	of	turbines	had	growth	spurts	as	utilities	continued	their	buying	spree	,	but	analysts	say	that	GE	grabbed	share	away	from	competitors	like	ABB	and	Siemens	.
DT	NNS	IN	NNS	VBD	NN	NNS	IN	NNS	VBD	PRP$	NN	NN	,	CC	NNS	VBP	IN	NNP	VBD	NN	RP	IN	NNS	IN	NNP	CC	NNP	.
det	nsubj	prep	pobj	root	nn	dobj	mark	nsubj	advcl	poss	nn	dobj	p	cc	nsubj	conj	complm	nsubj	ccomp	dobj	prt	prep	pobj	prep	pobj	cc	conj	p
2	5	2	3	0	7	5	10	10	5	13	13	10	5	5	17	5	20	20	17	20	20	20	23	24	25	26	26	5
O	O	O	O	O	O	O	O	O	O	O	O	O	O	O	O	O	O	B-ORG	O	O	O	O	O	O	B-ORG	O	B-ORG	O
</negative>
<negative>
GE	Medical	nearly	doubled	its	sales	of	X-ray	machines	,	while	sales	of	CAT	scanners	and	ultrasound	machines	were	up	more	than	35	percent	.
NNP	NNP	RB	VBD	PRP$	NNS	IN	NN	NNS	,	IN	NNS	IN	NN	NNS	CC	NN	NNS	VBD	RB	JJR	IN	CD	NN	.
nn	nsubj	advmod	root	poss	dobj	prep	nn	pobj	p	mark	nsubj	prep	nn	pobj	cc	nn	conj	advcl	advmod	mwe	quantmod	num	pobj	p
2	4	4	0	6	4	6	9	7	4	19	19	12	15	13	15	18	15	4	19	22	23	24	20	4
B-ORG	I-ORG	O	O	O	O	O	O	O	O	O	O	O	O	O	O	O	O	O	O	O	O	B-PERCENT	I-PERCENT	O
</negative>
<negative>
Thanks	to	robust	sales	of	high-margin	services	,	GE	Aircraft	Engines	saw	its	profit	rise	20	percent	on	a	revenue	increase	of	just	4	percent	.
NNS	TO	JJ	NNS	IN	JJ	NNS	,	NNP	NNP	NNP	VBD	PRP$	NN	NN	CD	NN	IN	DT	NN	NN	IN	RB	CD	NN	.
nsubj	prep	amod	pobj	prep	amod	pobj	p	nn	nn	appos	root	poss	nn	nn	num	dobj	prep	det	nn	pobj	prep	quantmod	num	pobj	p
12	1	4	2	4	7	5	12	11	11	7	0	17	17	17	17	12	12	21	21	18	21	24	25	22	12
O	O	O	O	O	O	O	O	B-ORG	I-ORG	I-ORG	O	O	O	O	B-PERCENT	I-PERCENT	O	O	O	O	O	O	B-PERCENT	I-PERCENT	O
</negative>
<negative>
Even	without	new	reality	or	game	shows	,	GE	's	television	network	,	NBC	,	held	onto	a	high	share	of	viewers	aged	18	to	49	_	the	ones	advertisers	pay	most	to	reach	.
RB	IN	JJ	NN	CC	NN	NNS	,	NNP	POS	NN	NN	,	NNP	,	VBD	IN	DT	JJ	NN	IN	NNS	VBN	CD	TO	CD	VBG	DT	NNS	NNS	VB	JJS	TO	VB	.
advmod	advcl	amod	pobj	cc	nn	conj	p	poss	possessive	nn	nsubj	p	appos	p	root	prep	det	amod	pobj	prep	pobj	partmod	number	dep	dobj	xcomp	det	nn	nsubj	ccomp	nsubj	aux	xcomp	p
2	16	4	2	4	7	4	16	12	9	12	16	16	12	16	0	16	20	20	17	20	21	22	26	26	23	23	30	30	31	27	34	34	31	16
O	O	O	O	O	O	O	O	B-ORG	O	O	O	O	B-ORG	O	O	O	O	O	O	O	O	O	B-DATE	I-DATE	I-DATE	O	O	O	O	O	O	O	O	O
</negative>
<negative>
Earnings	at	GE	Capital	,	meanwhile	,	were	up	17	percent	on	a	revenue	rise	of	23	percent	.
NNS	IN	NNP	NNP	,	RB	,	VBD	RB	CD	NN	IN	DT	NN	NN	IN	CD	NN	.
nsubj	prep	nn	pobj	p	advmod	p	root	advmod	num	pobj	prep	det	nn	pobj	prep	num	pobj	p
8	1	4	2	8	8	8	0	8	11	9	8	15	15	12	15	18	16	8
O	O	B-ORG	I-ORG	O	O	O	O	O	B-PERCENT	I-PERCENT	O	O	O	O	O	B-PERCENT	I-PERCENT	O
</negative>
<negative>
Analysts	expect	those	earnings	to	rise	even	higher	as	GE	Capital	continues	to	de-emphasize	businesses	like	the	leasing	of	rail	cars	in	favor	of	those	featuring	financial	services	.
NNS	VBP	DT	NNS	TO	VB	RB	JJR	IN	NNP	NNP	VBZ	TO	JJ	NNS	IN	DT	NN	IN	NN	NNS	IN	NN	IN	DT	VBG	JJ	NNS	.
nsubj	root	det	nsubj	aux	xcomp	advmod	acomp	mark	nn	nsubj	ccomp	prep	amod	pobj	prep	det	pobj	prep	nn	pobj	prep	pobj	prep	pobj	partmod	amod	dobj	p
2	0	4	6	6	2	8	6	12	11	12	8	12	15	13	12	18	16	18	21	19	6	22	23	24	25	28	26	2
O	O	O	O	O	O	O	O	O	B-ORG	I-ORG	O	O	O	O	O	O	O	O	O	O	O	O	O	O	O	O	O	O
</negative>
<negative>
GE	,	never	short	of	cash	,	will	soon	have	even	more	.
NNP	,	RB	JJ	IN	NN	,	MD	RB	VB	RB	JJR	.
nsubj	p	neg	ccomp	prep	pobj	p	aux	advmod	root	advmod	dobj	p
10	10	4	10	4	5	10	10	10	0	12	10	10
B-ORG	O	O	O	O	O	O	O	O	O	O	O	O
</negative>
<negative>
GE	owns	part	of	PaineWebber	and	should	reap	$	1.4	billion	from	the	deal	.
NNP	VBZ	NN	IN	NNP	CC	MD	VB	$	CD	CD	IN	DT	NN	.
nsubj	root	dobj	prep	pobj	cc	aux	conj	dobj	number	number	prep	det	pobj	p
2	0	2	3	4	2	8	2	8	9	9	8	14	12	2
B-ORG	O	O	O	B-ORG	O	O	O	B-MONEY	I-MONEY	I-MONEY	O	O	O	O
</negative>
<negative>
Gary	Sheffer	,	a	GE	spokesman	,	insists	that	GE	was	not	consulted	on	the	merger	and	has	not	yet	made	plans	for	the	money	.
NNP	NNP	,	DT	NNP	NN	,	VBZ	IN	NNP	VBD	RB	VBN	IN	DT	NN	CC	VBZ	RB	RB	VBN	NNS	IN	DT	NN	.
nn	nsubj	p	det	nn	appos	p	root	complm	nsubjpass	auxpass	neg	ccomp	prep	det	pobj	cc	aux	neg	advmod	conj	dobj	prep	det	pobj	p
2	8	8	6	6	2	8	0	13	13	13	13	8	13	16	14	13	21	21	21	13	21	22	25	23	8
B-PERSON	I-PERSON	O	O	B-ORG	O	O	O	O	B-ORG	O	O	O	O	O	O	O	O	O	O	O	O	O	O	O	O
</negative>
<negative>
GE	,	in	fact	,	bought	back	$	523	million	in	stock	during	the	quarter	.
NNP	,	IN	NN	,	VBD	RP	$	CD	CD	IN	NN	IN	DT	NN	.
nsubj	p	prep	pobj	p	root	prt	dobj	number	number	prep	pobj	prep	det	pobj	p
6	6	1	3	6	0	6	6	8	8	8	11	6	15	13	6
B-ORG	O	O	O	O	O	O	B-MONEY	I-MONEY	I-MONEY	O	O	O	B-DATE	I-DATE	O
</negative>
<negative>
Wright	,	57	,	will	continue	at	NBC	's	helm	,	a	seat	he	has	occupied	for	nearly	14	years	,	and	will	be	responsible	for	overseeing	GE	's	media	interest	in	his	new	role	,	the	company	said	.
NNP	,	CD	,	MD	VB	IN	NNP	POS	NN	,	DT	NN	PRP	VBZ	VBD	IN	RB	CD	NNS	,	CC	MD	VB	JJ	IN	VBG	NNP	POS	NNS	NN	IN	PRP$	JJ	NN	,	DT	NN	VBD	.
nsubj	p	appos	p	aux	ccomp	prep	poss	possessive	pobj	p	det	appos	nsubj	aux	rcmod	prep	quantmod	num	pobj	p	cc	aux	cop	conj	prep	pcomp	poss	possessive	nn	dobj	prep	poss	amod	pobj	p	det	nsubj	root	p
6	39	1	39	6	39	6	10	8	7	39	13	10	16	16	13	16	19	20	17	39	16	25	25	16	25	26	31	28	31	27	31	35	35	32	39	38	39	0	39
B-PERSON	O	B-DATE	O	O	O	O	B-ORG	O	O	O	O	O	O	O	O	O	O	B-DATE	I-DATE	O	O	O	O	O	O	O	B-ORG	O	O	O	O	O	O	O	O	O	O	O	O
</negative>
<negative>
``	Bob	's	a	visionary	with	a	great	strategic	mind	,	and	he	's	a	strong	business	leader	with	outstanding	people	skills	,	''	GE	chairman	and	chief	executive	Jack	Welch	said	in	a	statement	.
``	NNP	VBZ	DT	NN	IN	DT	JJ	JJ	NN	,	CC	PRP	VBZ	DT	JJ	NN	NN	IN	JJ	NNS	NNS	,	''	NNP	NN	CC	JJ	NN	NNP	NNP	VBD	IN	DT	NN	.
p	nsubj	cop	det	root	prep	det	amod	amod	pobj	p	cc	nsubj	cop	det	amod	nn	conj	prep	amod	nn	pobj	p	p	dep	dep	cc	amod	conj	nn	nsubj	rcmod	prep	det	pobj	p
5	5	5	5	0	5	10	10	10	6	5	5	18	18	18	18	18	5	18	22	22	19	5	5	26	18	26	29	26	31	32	26	32	35	33	5
O	B-PERSON	O	O	O	O	O	O	O	O	O	O	O	O	O	O	O	O	O	O	O	O	O	O	B-ORG	O	O	O	O	B-PERSON	I-PERSON	O	O	O	O	O
</negative>
<negative>
In	the	future	,	analyst	Lawrence	Horan	said	,	NBC	could	play	an	increasingly	vital	role	as	GE	puts	an	added	emphasis	on	the	communications	and	information	fields	.
IN	DT	NN	,	NN	NNP	NNP	VBD	,	NNP	MD	VB	DT	RB	JJ	NN	IN	NNP	VBZ	DT	VBN	NN	IN	DT	NNS	CC	NN	NNS	.
prep	det	pobj	p	nn	nn	nsubj	parataxis	p	nsubj	aux	root	det	advmod	amod	dobj	mark	nsubj	advcl	det	amod	dobj	prep	det	pobj	cc	nn	conj	p
12	3	1	12	7	7	8	12	12	12	12	0	16	15	16	12	19	19	12	22	22	19	22	25	23	25	28	25	12
O	O	O	O	O	B-PERSON	I-PERSON	O	O	B-ORG	O	O	O	O	O	O	O	B-ORG	O	O	O	O	O	O	O	O	O	O	O
</negative>
<negative>
GE	's	decision	to	broaden	Wright	's	influence	,	he	added	,	reflects	that	commitment	.
NNP	POS	NN	TO	VB	NNP	POS	NN	,	PRP	VBD	,	VBZ	DT	NN	.
poss	possessive	nsubj	aux	infmod	poss	possessive	dobj	p	nsubj	parataxis	p	root	det	dobj	p
3	1	13	5	3	8	6	5	13	11	13	13	0	15	13	13
B-ORG	O	O	O	O	B-PERSON	O	O	O	O	O	O	O	O	O	O
</negative>
<negative>
Shares	of	GE	were	down	1	3/8	,	or	3	percent	,	to	51	1/8	in	afternoon	trading	.
NNS	IN	NNP	VBD	RB	CD	CD	,	CC	CD	NN	,	TO	CD	CD	IN	NN	NN	.
nsubj	prep	pobj	root	advmod	num	pobj	p	cc	num	conj	p	prep	number	pobj	prep	nn	pobj	p
4	1	2	0	4	7	5	4	7	11	7	4	4	15	13	4	18	16	4
O	O	B-ORG	O	O	B-CARDINAL	I-CARDINAL	O	O	B-PERCENT	I-PERCENT	O	O	B-CARDINAL	I-CARDINAL	O	O	O	O
</negative>
</QApairs>
<QApairs id='35.4'>
<question>
How	many	people	did	Jack	Welch	fire	from	GE	?
WRB	JJ	NNS	VBD	NNP	NNP	VB	IN	NNP	.
advmod	amod	dobj	aux	nn	nsubj	root	prep	pobj	p
2	3	7	7	6	7	0	7	8	7
O	O	O	O	B-PERSON	I-PERSON	O	O	B-ORG	O
</question>
<positive>
More	than	100,000	GE	jobs	have	been	axed	under	Welch	,	in	a	series	of	downsizings	that	have	devastated	old	industrial	towns	like	Pittsfield	and	Schenectady	,	N.Y	.	Did	Welch	need	to	be	so	hard-nosed	?
JJR	IN	CD	NNP	NNS	VBP	VBN	VBN	IN	NNP	,	IN	DT	NN	IN	NNS	WDT	VBP	VBN	JJ	JJ	NNS	IN	NNP	CC	NNP	,	NNP	.	NNPS	NNP	VBP	TO	VB	RB	JJ	.
mwe	quantmod	num	nn	nsubjpass	aux	auxpass	ccomp	prep	pobj	p	prep	det	pobj	prep	pobj	nsubj	aux	rcmod	amod	amod	dobj	prep	pobj	cc	conj	p	nn	p	nn	nsubj	root	aux	cop	advmod	xcomp	p
2	3	5	5	8	8	8	32	8	9	32	8	14	12	14	15	19	19	16	22	22	19	19	23	24	24	32	31	32	31	32	0	36	36	36	32	32
B-CARDINAL	I-CARDINAL	I-CARDINAL	B-ORG	O	O	O	O	O	B-PERSON	O	O	O	O	O	O	O	O	O	O	O	O	O	B-GPE	O	B-GPE	O	B-GPE	O	O	B-PERSON	O	O	O	O	O	O
100,000
3
</positive>
<positive>
Along	the	way	he	sold	off	underperforming	divisions	and	fired	about	100,000	people	,	thus	earning	himself	the	name	``	Neutron	Jack	.	''
IN	DT	NN	PRP	VBD	IN	VBG	NNS	CC	VBN	IN	CD	NNS	,	RB	VBG	PRP	DT	NN	``	NNP	NNP	.	''
prep	det	pobj	nsubj	root	prep	amod	pobj	cc	conj	prep	num	pobj	p	advmod	xcomp	iobj	det	nn	p	nn	dobj	p	p
5	3	1	5	0	5	8	6	5	5	10	13	11	5	16	10	16	22	22	5	22	16	5	5
O	O	O	O	O	O	O	O	O	O	O	B-CARDINAL	O	O	O	O	O	O	O	O	B-PERSON	I-PERSON	O	O
100,000
12
</positive>
<negative>
``	At	Any	Cost	''	is	actually	a	remarkably	one-sided	book	about	Welch	's	tenure	at	GE	.
``	IN	DT	NN	''	VBZ	RB	DT	RB	JJ	NN	IN	NNP	POS	NN	IN	NNP	.
p	dep	det	dep	p	cop	advmod	det	advmod	amod	root	prep	poss	possessive	pobj	prep	pobj	p
11	4	4	11	11	11	11	11	10	11	0	11	15	13	12	15	16	11
O	O	O	O	O	O	O	O	O	O	O	O	B-PERSON	O	O	O	B-ORG	O
</negative>
<negative>
When	Jack	Welch	took	over	GE	in	1981	,	he	inherited	a	slow-moving	,	bureaucratic	company	.
WRB	NNP	NNP	VBD	IN	NNP	IN	CD	,	PRP	VBD	DT	JJ	,	JJ	NN	.
advmod	nn	nsubj	advcl	prep	pobj	prep	pobj	p	nsubj	root	det	amod	p	amod	dobj	p
4	3	4	11	4	5	4	7	11	11	0	16	16	11	16	11	11
O	B-PERSON	I-PERSON	O	O	B-ORG	O	B-DATE	O	O	O	O	O	O	O	O	O
</negative>
<negative>
At	the	same	time	he	moved	GE	into	service	businesses	like	entertainment	and	finance	that	promised	greater	growth	and	higher	returns	.
IN	DT	JJ	NN	PRP	VBD	NNP	IN	NN	NNS	IN	NN	CC	NN	WDT	VBD	JJR	NN	CC	JJR	NNS	.
prep	det	amod	pobj	nsubj	root	dobj	prep	nn	pobj	prep	pobj	cc	conj	nsubj	rcmod	amod	dobj	cc	amod	conj	p
6	4	4	1	6	0	6	6	10	8	6	11	12	12	16	12	18	16	18	21	18	6
O	O	O	O	O	O	B-ORG	O	O	O	O	O	O	O	O	O	O	O	O	O	O	O
</negative>
<negative>
Welch	did	n't	invent	the	forces	of	modern	capitalism	.
NNP	VBD	RB	VB	DT	NNS	IN	JJ	NN	.
nsubj	aux	neg	root	det	dobj	prep	amod	pobj	p
4	4	4	0	6	4	6	9	7	4
B-PERSON	O	O	O	O	O	O	O	O	O
</negative>
<negative>
Between	1982	and	1997	GE	's	stock	price	rose	1,155	percent	.
IN	CD	CC	CD	NNP	POS	NN	NN	VBD	CD	NN	.
prep	pobj	cc	conj	poss	possessive	nn	nsubj	root	num	dobj	p
9	1	2	2	8	5	8	9	0	11	9	9
B-DATE	I-DATE	I-DATE	I-DATE	B-ORG	O	O	O	O	B-PERCENT	I-PERCENT	O
</negative>
<negative>
He	calls	the	failure	of	a	new	GE	refrigerator	in	the	1980s	``	one	of	the	greatest	fiascoes	in	modern	engineering.	''
PRP	VBZ	DT	NN	IN	DT	JJ	NNP	NN	IN	DT	NNS	``	CD	IN	DT	JJS	VBZ	IN	JJ	NN	''
nsubj	root	det	dobj	prep	det	amod	nn	pobj	prep	det	pobj	p	nsubj	prep	det	pobj	dep	prep	amod	pobj	p
2	0	4	2	4	9	9	9	5	9	12	10	2	18	14	17	15	12	18	21	19	2
O	O	O	O	O	O	O	B-ORG	O	O	B-DATE	I-DATE	O	O	O	O	O	O	O	O	O	O
</negative>
<negative>
The	author	spends	a	full	50	pages	describing	the	government	's	attempt	to	prosecute	GE	for	price	fixing	in	the	industrial	diamond	business	.
DT	NN	VBZ	DT	JJ	CD	NNS	VBG	DT	NN	POS	NN	TO	VB	NNP	IN	NN	VBG	IN	DT	JJ	NN	NN	.
det	nsubj	root	det	amod	num	dobj	partmod	det	poss	possessive	dobj	aux	infmod	dobj	prep	pobj	partmod	prep	det	amod	nn	pobj	p
2	3	0	7	7	7	3	7	10	12	10	8	14	12	14	15	16	17	18	23	23	23	19	3
O	O	O	O	O	B-CARDINAL	O	O	O	O	O	O	O	O	B-ORG	O	O	O	O	O	O	O	O	O
</negative>
<negative>
Could	the	transformation	of	GE	have	been	accomplished	in	a	more	humane	way	?
MD	DT	NN	IN	NNP	VB	VBN	VBN	IN	DT	RBR	JJ	NN	.
aux	det	nsubjpass	prep	pobj	aux	auxpass	root	prep	det	advmod	amod	pobj	p
8	3	8	3	4	8	8	0	8	13	12	13	9	8
O	O	O	O	B-ORG	O	O	O	O	O	O	O	O	O
</negative>
<negative>
In	his	20	years	as	GE	's	chief	executive	officer	,	Welch	has	generated	enormous	wealth	not	only	for	the	company	's	stockholders	but	for	hundreds	of	companies	that	do	business	with	GE	.
IN	PRP$	CD	NNS	IN	NNP	POS	JJ	JJ	NN	,	NNP	VBZ	VBN	JJ	NN	RB	JJ	IN	DT	NN	POS	NNS	CC	IN	NNS	IN	NNS	WDT	VBP	NN	IN	NNP	.
prep	poss	num	pobj	prep	poss	possessive	amod	amod	pobj	p	nsubj	aux	root	amod	dobj	neg	preconj	prep	det	poss	possessive	pobj	cc	conj	pobj	prep	pobj	nsubj	rcmod	dobj	prep	pobj	p
14	4	4	1	4	10	6	10	10	5	14	14	14	0	16	14	18	19	14	21	23	21	19	19	19	25	26	27	30	28	30	30	32	14
O	O	B-DATE	I-DATE	O	B-ORG	O	O	O	O	O	B-PERSON	O	O	O	O	O	O	O	O	O	O	O	O	O	B-CARDINAL	O	O	O	O	O	O	B-ORG	O
</negative>
<negative>
People	are	not	going	to	buy	it	for	its	plot	,	character	development	or	sex	appeal	.
NNS	VBP	RB	VBG	TO	VB	PRP	IN	PRP$	NN	,	NN	NN	CC	NN	NN	.
nsubj	aux	neg	root	aux	xcomp	dobj	prep	poss	pobj	p	nn	conj	cc	nn	conj	p
4	4	4	0	6	4	6	6	10	8	4	13	10	10	16	10	4
O	O	O	O	O	O	O	O	O	O	O	O	O	O	O	O	O
</negative>
<negative>
Unlike	Chrysler	's	Lee	Iacocca	,	whose	story	sold	an	astonishing	2.6	million	hardcover	books	,	Welch	did	not	rescue	a	large	American	company	from	bankruptcy	,	nor	does	he	have	Iacocca	's	promotional	flair	.
IN	NNP	POS	NNP	NNP	,	WP$	NN	VBD	DT	JJ	CD	CD	NN	NNS	,	NNP	VBD	RB	VB	DT	JJ	JJ	NN	IN	NN	,	CC	VBZ	PRP	VBP	NNP	POS	JJ	NN	.
prep	poss	possessive	nn	pobj	p	poss	nsubj	rcmod	det	amod	number	dep	nn	dobj	p	nsubj	aux	neg	root	det	amod	amod	dobj	prep	pobj	p	cc	conj	nsubj	ccomp	poss	possessive	amod	dobj	p
20	5	2	5	1	20	8	9	5	15	15	13	11	15	9	20	20	20	20	0	24	24	24	20	20	25	20	20	20	31	29	35	32	35	31	20
O	B-ORG	O	B-PERSON	I-PERSON	O	O	O	O	O	O	B-CARDINAL	I-CARDINAL	O	O	O	B-PERSON	O	O	O	O	O	B-NORP	O	O	O	O	O	O	O	O	B-PERSON	O	O	O	O
</negative>
<negative>
People	will	buy	Welch	's	book	because	it	will	be	marketed	as	the	definitive	text	of	modern	American	business	practices	.
NNS	MD	VB	NNP	POS	NN	IN	PRP	MD	VB	VBN	IN	DT	JJ	NN	IN	JJ	JJ	NN	NNS	.
nsubj	aux	root	poss	possessive	dobj	mark	nsubjpass	aux	auxpass	advcl	prep	det	amod	pobj	prep	amod	amod	nn	pobj	p
3	3	0	6	4	3	11	11	11	11	3	11	15	15	12	15	20	20	20	16	3
O	O	O	B-PERSON	O	O	O	O	O	O	O	O	O	O	O	O	O	B-NORP	O	O	O
</negative>
<negative>
But	a	lot	of	people	think	he	has	all	the	answers	,	and	Time	Warner	is	betting	that	that	there	are	at	least	1.6	million	people	willing	to	pay	good	money	to	find	out	what	they	are	.
CC	DT	NN	IN	NNS	VBP	PRP	VBZ	PDT	DT	NNS	,	CC	NNP	NNP	VBZ	VBG	IN	IN	EX	VBP	IN	JJS	CD	CD	NNS	JJ	TO	VB	JJ	NN	TO	VB	RP	WP	PRP	VBP	.
cc	det	nsubj	prep	pobj	root	nsubj	ccomp	predet	det	dobj	p	cc	nn	nsubj	aux	conj	complm	dep	expl	ccomp	quantmod	mwe	number	num	dobj	dep	aux	xcomp	amod	dobj	aux	xcomp	prt	dobj	nsubj	ccomp	p
6	3	6	3	4	0	8	6	11	11	8	6	6	15	17	17	6	21	21	21	17	25	22	25	26	27	21	29	27	31	29	33	29	33	37	37	33	6
O	O	O	O	O	O	O	O	O	O	O	O	O	B-ORG	I-ORG	O	O	O	O	O	O	O	O	B-CARDINAL	I-CARDINAL	O	O	O	O	O	O	O	O	O	O	O	O	O
</negative>
<negative>
GE	was	famous	for	,	even	admired	for	its	layers	of	sector	managers	,	department	managers	,	unit	managers	and	supervisors	,	all	of	whom	were	thought	to	be	essential	to	strategic	planning	and	quality	control	.
NNP	VBD	JJ	IN	,	RB	VBD	IN	PRP$	NNS	IN	NN	NNS	,	NN	NNS	,	NN	NNS	CC	NNS	,	DT	IN	WP	VBD	VBN	TO	VB	JJ	TO	JJ	NN	CC	NN	NN	.
nsubj	cop	ccomp	prep	p	advmod	root	prep	poss	pobj	prep	nn	pobj	p	nn	appos	p	nn	nsubj	cc	conj	p	dep	nsubjpass	pobj	auxpass	rcmod	aux	cop	xcomp	prep	amod	pobj	cc	nn	conj	p
3	3	7	3	7	7	0	7	10	8	10	13	11	7	16	13	7	19	7	19	19	7	24	27	24	27	19	30	30	27	30	33	31	33	36	33	7
B-ORG	O	O	O	O	O	O	O	O	O	O	O	O	O	O	O	O	O	O	O	O	O	O	O	O	O	O	O	O	O	O	O	O	O	O	O	O
</negative>
<negative>
Freed	of	fuzzy	paternalism	,	the	people	who	remained	were	encouraged	to	think	for	themselves	and	question	the	corporate	culture	,	resulting	not	only	in	technological	innovation	but	in	huge	cost	savings	.
NNP	IN	JJ	NN	,	DT	NNS	WP	VBD	VBD	VBN	TO	VB	IN	PRP	CC	NN	DT	JJ	NN	,	VBG	RB	JJ	IN	JJ	NN	CC	IN	JJ	NN	NNS	.
nsubjpass	prep	amod	pobj	p	det	appos	nsubj	rcmod	auxpass	root	aux	xcomp	prep	pobj	cc	conj	det	amod	dobj	p	partmod	neg	preconj	prep	amod	pobj	cc	conj	amod	nn	pobj	p
11	1	4	2	11	7	4	9	7	11	0	13	11	13	14	11	11	20	20	17	11	17	24	25	22	27	25	25	25	32	32	29	11
O	O	O	O	O	O	O	O	O	O	O	O	O	O	O	O	O	O	O	O	O	O	O	O	O	O	O	O	O	O	O	O	O
</negative>
</QApairs>
<QApairs id='36.1'>
<question>
In	what	country	did	the	Khmer	Rouge	movement	take	place	?
IN	WDT	NN	VBD	DT	NNP	NNP	NN	VB	NN	.
prep	det	pobj	aux	det	nn	nn	nsubj	root	dobj	p
9	3	1	9	8	8	8	9	0	9	9
O	O	O	O	B-ORG	I-ORG	I-ORG	O	O	O	O
</question>
<positive>
Key	events	in	the	history	of	Cambodia	's	Khmer	Rouge	movement	:	___	_	1949-52	:	Saloth	Sar	,	later	known	as	Pol	Pot	,	goes	to	Paris	on	government	scholarship	and	becomes	absorbed	with	communist	ideology	.
NN	NNS	IN	DT	NN	IN	NNP	POS	NNP	NNP	NN	:	NNP	NNP	NNP	:	NNP	NNP	,	RB	VBN	IN	NNP	NNP	,	VBZ	TO	NNP	IN	NN	NN	CC	VBZ	VBN	IN	JJ	NN	.
nn	root	prep	det	pobj	prep	poss	possessive	nn	nn	pobj	p	nn	nn	dep	p	nn	nsubj	p	advmod	partmod	prep	nn	pobj	p	dep	prep	pobj	prep	nn	pobj	cc	auxpass	conj	prep	amod	pobj	p
2	0	2	5	3	5	11	7	11	11	6	2	15	15	2	2	18	26	2	21	18	21	24	22	2	15	26	27	26	31	29	26	34	26	34	37	35	2
O	O	O	O	O	O	B-GPE	O	B-ORG	I-ORG	O	O	O	O	O	O	B-PERSON	I-PERSON	O	O	O	O	B-PERSON	I-PERSON	O	O	O	B-GPE	O	O	O	O	O	O	O	O	O	O
Cambodia
7
</positive>
<positive>
1978	:	Vietnam	invades	Cambodia	to	stop	Khmer	Rouge	border	attacks	.
CD	:	NNP	VBZ	NNP	TO	VB	NNP	NNP	NN	NNS	.
root	p	nsubj	dep	nsubj	aux	xcomp	nn	nn	nn	dobj	p
0	1	4	1	7	7	4	11	11	11	7	1
B-DATE	O	B-GPE	O	B-GPE	O	O	B-LOC	I-LOC	O	O	O
Cambodia
5
</positive>
<positive>
Pol	Pot	died	in	April	in	a	Khmer	Rouge	guerrilla	camp	in	western	Cambodia	,	apparently	of	natural	causes	.
NNP	NNP	VBD	IN	NNP	IN	DT	NNP	NNP	NN	NN	IN	JJ	NNP	,	RB	IN	JJ	NNS	.
nn	nsubj	root	prep	pobj	prep	det	nn	nn	nn	pobj	prep	amod	pobj	p	advmod	prep	amod	pobj	p
2	3	0	3	4	5	11	11	11	11	6	11	14	12	3	3	3	19	17	3
B-PERSON	I-PERSON	O	O	B-DATE	O	O	B-ORG	I-ORG	O	O	O	O	B-GPE	O	O	O	O	O	O
Cambodia
14
</positive>
<positive>
He	was	the	titular	head	of	the	Khmer	Rouge	guerrillas	during	the	civil	war	from	1970	to	1975	,	and	then	was	briefly	head	of	state	of	Cambodia	during	the	Khmer	Rouge	period	.
PRP	VBD	DT	NN	NN	IN	DT	NNP	NNP	NNS	IN	DT	JJ	NN	IN	CD	TO	CD	,	CC	RB	VBD	RB	NN	IN	NN	IN	NNP	IN	DT	NNP	NNP	NN	.
nsubj	cop	det	nn	root	prep	det	nn	nn	pobj	prep	det	amod	pobj	prep	num	dep	pobj	p	cc	nsubj	cop	advmod	conj	prep	pobj	prep	pobj	prep	det	nn	nn	pobj	p
5	5	5	5	0	5	10	10	10	6	5	14	14	11	14	18	18	15	5	5	24	24	24	5	24	25	26	27	28	33	33	33	29	5
O	O	O	O	O	O	B-ORG	I-ORG	I-ORG	O	O	O	O	O	O	B-DATE	I-DATE	I-DATE	O	O	O	O	O	O	O	O	O	B-GPE	O	B-ORG	I-ORG	I-ORG	O	O
Cambodia
28
</positive>
<positive>
Three	international	jurists	hired	by	the	United	Nations	are	in	Cambodia	,	looking	at	the	evidence	against	the	most	important	Khmer	Rouge	leaders	and	assessing	the	feasibility	of	trials	.
CD	JJ	NNS	VBN	IN	DT	NNP	NNPS	VBP	IN	NNP	,	VBG	IN	DT	NN	IN	DT	RBS	JJ	NNP	NNP	NNS	CC	VBG	DT	NN	IN	NNS	.
num	amod	nsubj	partmod	prep	det	nn	pobj	root	prep	pobj	p	ccomp	prep	det	pobj	prep	det	advmod	amod	nn	nn	pobj	cc	conj	det	dobj	prep	pobj	p
3	3	9	3	4	8	8	5	0	9	10	9	9	13	16	14	16	23	20	23	23	23	17	13	13	27	25	27	28	9
B-CARDINAL	O	O	O	O	B-ORG	I-ORG	I-ORG	O	O	B-GPE	O	O	O	O	O	O	O	O	O	B-LOC	I-LOC	O	O	O	O	O	O	O	O
Cambodia
11
</positive>
<positive>
NEW	YORK	_	After	months	of	wavering	,	Cambodia	Friday	officially	rejected	U.N	.	recommendations	to	convene	a	tribunal	to	try	surviving	senior	Khmer	Rouge	leaders	,	seeming	to	kill	any	chance	of	an	international	court	.
NNP	NNP	VBD	IN	NNS	IN	VBG	,	NNP	NNP	RB	VBD	NNP	.	NNS	TO	VB	DT	NN	TO	VB	VBG	JJ	NNP	NNP	NNS	,	VBG	TO	VB	DT	NN	IN	DT	JJ	NN	.
nn	nsubj	root	prep	pobj	prep	pobj	p	nn	nsubj	advmod	ccomp	nn	p	dobj	aux	infmod	det	dobj	aux	infmod	ccomp	amod	nn	nn	dobj	p	dep	aux	xcomp	det	dobj	prep	det	amod	pobj	p
2	3	0	12	4	5	6	3	10	12	12	3	15	3	12	17	15	19	17	21	19	21	26	26	26	22	3	22	30	28	32	30	32	36	36	33	3
B-GPE	I-GPE	O	O	O	O	O	O	B-GPE	B-DATE	O	O	B-ORG	O	O	O	O	O	O	O	O	O	O	B-ORG	I-ORG	O	O	O	O	O	O	O	O	O	O	O	O
Cambodia
9
</positive>
<positive>
Hor	Nam	Hong	,	Cambodia	's	foreign	minister	,	flew	to	New	York	and	informed	U.N	.	Secretary	General	Kofi	Annan	that	Cambodia	would	hold	a	trial	of	Khmer	Rouge	leaders	in	its	own	courts	.
NNP	NNP	NNP	,	NNP	POS	JJ	NN	,	VBD	TO	NNP	NNP	CC	VBD	NNP	.	NNP	NNP	NNP	NNP	IN	NNP	MD	VB	DT	NN	IN	NNP	NNP	NNS	IN	PRP$	JJ	NNS	.
nn	nn	nsubj	p	poss	possessive	amod	appos	p	root	prep	nn	pobj	cc	conj	nn	p	nn	nn	nn	dobj	complm	nsubj	aux	dep	det	dobj	prep	nn	nn	pobj	prep	poss	amod	pobj	p
3	3	10	10	8	5	8	3	10	0	10	13	11	10	10	21	10	21	21	21	15	25	25	25	21	27	25	27	31	31	28	25	35	35	32	10
B-PERSON	I-PERSON	I-PERSON	O	B-GPE	O	O	O	O	O	O	B-GPE	I-GPE	O	O	B-ORG	O	O	O	B-PERSON	I-PERSON	O	B-GPE	O	O	O	O	O	B-ORG	I-ORG	O	O	O	O	O	O
Cambodia
23
</positive>
<positive>
The	Cambodian	trial	would	cover	the	period	from	1975	to	1979	when	the	Khmer	Rouge	governed	Cambodia	,	taking	the	lives	of	2	million	Cambodians	.
DT	JJ	NN	MD	VB	DT	NN	IN	CD	TO	CD	WRB	DT	NNP	NNP	VBD	NNP	,	VBG	DT	NNS	IN	CD	CD	NNPS	.
det	amod	nsubj	aux	root	det	dobj	prep	num	dep	pobj	advmod	det	nn	nsubj	advcl	dobj	p	partmod	det	dobj	prep	number	num	pobj	p
3	3	5	5	0	7	5	5	11	11	8	16	15	15	16	5	16	5	16	21	19	21	24	25	22	5
O	B-NORP	O	O	O	O	O	O	B-DATE	I-DATE	I-DATE	O	B-ORG	I-ORG	I-ORG	O	B-GPE	O	O	O	O	O	B-CARDINAL	I-CARDINAL	B-NORP	O
Cambodia
17
</positive>
<positive>
But	Hor	Nam	Hong	said	Friday	that	with	the	help	of	international	jurists	,	Cambodia	could	try	the	Khmer	Rouge	in	the	country	where	``	we	were	all	their	victims	.	''
CC	NNP	NNP	NNP	VBD	NNP	IN	IN	DT	NN	IN	JJ	NNS	,	NNP	MD	VB	DT	NNP	NNP	IN	DT	NN	WRB	``	PRP	VBD	PDT	PRP$	NNS	.	''
cc	nn	nn	nsubj	root	tmod	complm	prep	det	pobj	prep	amod	pobj	p	nsubj	aux	ccomp	det	nn	dobj	prep	det	pobj	advmod	p	nsubj	cop	predet	poss	advcl	p	p
5	4	4	5	0	5	17	17	10	8	10	13	11	5	17	17	5	20	20	17	17	23	21	30	5	30	30	30	30	17	5	5
O	B-PERSON	I-PERSON	I-PERSON	O	B-DATE	O	O	O	O	O	O	O	O	B-GPE	O	O	O	I-NORP	I-NORP	O	O	O	O	O	O	O	O	O	O	O	O
Cambodia
15
</positive>
<positive>
Khmer	Rouge	rule	in	Cambodia	was	one	of	the	modern	world	's	most	brutal	regimes	.
NNP	NNP	NN	IN	NNP	VBD	CD	IN	DT	JJ	NN	POS	JJS	JJ	NNS	.
nn	nn	nsubj	prep	pobj	cop	root	prep	det	amod	poss	possessive	amod	amod	pobj	p
3	3	7	3	4	7	0	7	11	11	15	11	15	15	8	7
B-ORG	I-ORG	O	O	B-GPE	O	O	O	O	O	O	O	O	O	O	O
Cambodia
5
</positive>
<positive>
Ieng	Sary	with	several	thousand	Khmer	Rouge	forces	broke	away	from	the	guerrilla	movement	and	crossed	over	to	the	government	of	Cambodia	in	August	last	year	.
NNP	NNP	IN	JJ	CD	NNP	NNP	NNS	VBD	RP	IN	DT	NN	NN	CC	VBD	RP	TO	DT	NN	IN	NNP	IN	NNP	JJ	NN	.
nn	nsubj	prep	amod	num	nn	nn	pobj	root	prt	prep	det	nn	pobj	cc	conj	prt	prep	det	pobj	prep	pobj	prep	pobj	amod	tmod	p
2	9	2	8	8	8	8	3	0	9	9	14	14	11	9	9	16	16	20	18	20	21	22	23	26	16	9
B-PERSON	I-PERSON	O	B-CARDINAL	I-CARDINAL	B-ORG	I-ORG	O	O	O	O	O	O	O	O	O	O	O	O	O	O	B-GPE	O	B-DATE	I-DATE	I-DATE	O
Cambodia
22
</positive>
<positive>
PHNOM	PENH	,	December	26	-LRB-	Xinhua	-RRB-	--	Cambodia	's	Top	Khmer	Rouge	political	leader	Khieu	Samphan	has	surrendered	to	the	government	,	a	local	radio	reported	Saturday	.
NNP	NNP	,	NNP	CD	-LRB-	NNP	-RRB-	:	NNP	POS	NNP	NNP	NNP	JJ	NN	NNP	NNP	VBZ	VBN	TO	DT	NN	,	DT	JJ	NN	VBN	NNP	.
nn	nn	p	root	num	p	appos	p	p	poss	possessive	nn	nn	dep	amod	nn	nn	nsubj	aux	rcmod	prep	det	pobj	p	det	amod	appos	partmod	tmod	p
4	4	4	0	4	4	4	4	4	14	10	14	14	4	18	18	18	20	20	14	20	23	21	4	27	27	23	27	28	4
B-GPE	I-GPE	O	B-DATE	I-DATE	O	B-ORG	O	O	B-GPE	O	B-ORG	I-ORG	I-ORG	O	O	B-PERSON	I-PERSON	O	O	O	O	O	O	O	O	O	O	B-DATE	O
Cambodia
10
</positive>
<positive>
In	his	letter	,	Hun	Sen	reiterated	that	``	We	have	never	rejected	the	accountability	of	the	Khmer	Rouge	leaders	for	the	crimes	of	genocide	in	Cambodia	.	''
IN	PRP$	NN	,	NNP	NNP	VBD	IN	``	PRP	VBP	RB	VBN	DT	NN	IN	DT	NNP	NNP	NNS	IN	DT	NNS	IN	NN	IN	NNP	.	''
prep	poss	pobj	p	nn	nsubj	root	complm	p	nsubj	aux	neg	ccomp	det	dobj	prep	det	nn	nn	pobj	prep	det	pobj	prep	pobj	prep	pobj	p	p
7	3	1	7	6	7	0	13	7	13	13	13	7	15	13	15	20	20	20	16	13	23	21	23	24	13	26	7	7
O	O	O	O	B-PERSON	I-PERSON	O	O	O	O	O	O	O	O	O	O	O	I-LOC	I-LOC	O	O	O	O	O	O	O	B-GPE	O	O
Cambodia
27
</positive>
<positive>
The	U.N	.	experts	came	to	Cambodia	last	November	to	investigate	the	Khmer	Rouge	issues	and	made	the	report	to	Kofi	Annan	.
DT	NNP	.	NNP	VBD	TO	NNP	JJ	NNP	TO	VB	DT	NNP	NNP	NNS	CC	VBD	DT	NN	TO	NNP	NNP	.
det	nn	p	nsubj	root	prep	pobj	amod	tmod	aux	xcomp	det	nn	nn	dobj	cc	conj	det	dobj	prep	nn	pobj	p
4	4	5	5	0	5	6	9	5	11	5	15	15	15	11	5	5	19	17	17	22	20	5
O	B-ORG	O	O	O	O	B-GPE	B-DATE	I-DATE	O	O	O	I-LOC	I-LOC	O	O	O	O	O	O	B-PERSON	I-PERSON	O
Cambodia
7
</positive>
<negative>
Cambodia	objected	to	a	foreign	panel	of	judges	,	arguing	that	this	kind	of	tribunal	would	violate	the	country	's	sovereign	powers	,	and	the	national	parliament	effectively	vetoed	the	idea	.
NNP	VBD	TO	DT	JJ	NN	IN	NNS	,	VBG	IN	DT	NN	IN	NN	MD	VB	DT	NN	POS	JJ	NNS	,	CC	DT	JJ	NN	RB	VBD	DT	NN	.
nsubj	root	prep	det	amod	pobj	prep	pobj	p	xcomp	complm	det	nsubj	prep	pobj	aux	ccomp	det	poss	possessive	amod	dobj	p	cc	det	amod	nsubj	advmod	conj	det	dobj	p
2	0	2	6	6	3	6	7	2	2	17	13	17	13	14	17	10	19	22	19	22	17	2	2	27	27	29	29	2	31	29	2
B-GPE	O	O	O	O	O	O	O	O	O	O	O	O	O	O	O	O	O	O	O	O	O	O	O	O	O	O	O	O	O	O	O
</negative>
<negative>
Ieng	Sary	,	who	did	not	take	sides	in	Cambodia	's	recent	political	turmoil	,	arrived	here	on	Tuesday	for	the	first	time	since	the	Khmer	Rouge	was	driven	from	power	by	a	Vietnamese	invasion	in	early	1979	.
NNP	NNP	,	WP	VBD	RB	VB	NNS	IN	NNP	POS	JJ	JJ	NN	,	VBD	RB	IN	NNP	IN	DT	JJ	NN	IN	DT	NNP	NNP	VBD	VBN	IN	NN	IN	DT	JJ	NN	IN	JJ	CD	.
nn	nsubj	p	nsubj	aux	neg	rcmod	dobj	prep	poss	possessive	amod	amod	pobj	p	root	advmod	prep	pobj	prep	det	amod	pobj	mark	det	nn	nsubjpass	auxpass	advcl	prep	pobj	prep	det	amod	pobj	prep	amod	pobj	p
2	16	16	7	7	7	2	7	8	14	10	14	14	9	16	0	16	16	18	19	23	23	20	29	27	27	29	29	16	29	30	29	35	35	32	35	38	36	16
B-PERSON	I-PERSON	O	O	O	O	O	O	O	B-GPE	O	O	O	O	O	O	O	O	B-DATE	O	O	B-ORDINAL	O	O	B-ORG	I-ORG	I-ORG	O	O	O	O	O	O	B-NORP	O	O	B-DATE	I-DATE	O
</negative>
<negative>
Cambodian	leader	Hun	Sen	says	that	upcoming	elections	will	be	more	peaceful	than	polls	in	1993	monitored	by	the	United	Nations	,	thanks	largely	to	the	collapse	of	the	Khmer	Rouge	.
JJ	NN	NNP	NNP	VBZ	IN	NN	NNS	MD	VB	RBR	JJ	IN	NNS	IN	CD	VBD	IN	DT	NNP	NNPS	,	NNS	RB	TO	DT	NN	IN	DT	NNP	NNP	.
amod	nn	nn	nsubj	root	complm	nn	nsubj	aux	cop	advmod	ccomp	mark	nsubj	prep	pobj	dep	prep	det	nn	pobj	p	advmod	advmod	prep	det	pobj	prep	det	nn	pobj	p
4	4	4	5	0	12	8	12	12	12	12	5	17	17	14	15	12	17	21	21	18	5	17	25	12	27	25	27	31	31	28	5
B-NORP	O	B-PERSON	I-PERSON	O	O	O	O	O	O	O	O	O	O	O	B-DATE	O	O	B-ORG	I-ORG	I-ORG	O	O	O	O	O	O	O	B-ORG	I-ORG	I-ORG	O
</negative>
<negative>
Hun	Sen	said	that	the	government	will	place	70,000	soldiers	and	civilians	at	the	disposal	of	the	National	Electoral	Commission	,	the	body	overseeing	the	polls	,	to	ensure	a	stable	election	environment	.
NNP	NNP	VBD	IN	DT	NN	MD	VB	CD	NNS	CC	NNS	IN	DT	NN	IN	DT	NNP	NNP	NNP	,	DT	NN	VBG	DT	NNS	,	TO	VB	DT	JJ	NN	NN	.
nn	nsubj	root	complm	det	nsubj	aux	ccomp	num	dobj	cc	conj	prep	det	pobj	prep	det	nn	nn	pobj	p	det	dobj	partmod	det	dobj	p	aux	xcomp	det	amod	nn	dobj	p
2	3	0	8	6	8	8	3	10	8	10	10	8	15	13	15	20	20	20	16	3	23	8	23	26	24	3	29	8	33	33	33	29	3
B-PERSON	I-PERSON	O	O	O	O	O	O	B-CARDINAL	O	O	O	O	O	O	O	B-ORG	I-ORG	I-ORG	I-ORG	O	O	O	O	O	O	O	O	O	O	O	O	O	O
</negative>
<negative>
The	Cambodian	government	's	decision	to	welcome	back	into	the	fold	five	important	leaders	of	the	dying	Khmer	Rouge	rebel	movement	smacked	of	hypocrisy	,	ousted	co-	premier	Prince	Norodom	Ranariddh	said	Saturday	.
DT	JJ	NN	POS	NN	TO	VB	RP	IN	DT	JJ	CD	JJ	NNS	IN	DT	VBG	NNP	NNP	NN	NN	VBD	IN	NN	,	JJ	JJ	NN	NNP	NNP	NNP	VBD	NNP	.
det	amod	poss	possessive	nsubj	aux	infmod	prt	prep	det	amod	num	amod	pobj	prep	det	amod	nn	nn	nn	pobj	ccomp	prep	pobj	p	amod	amod	nn	nn	nn	nsubj	root	tmod	p
3	3	5	3	22	7	5	7	7	14	14	14	14	9	14	21	21	21	21	21	15	32	22	23	32	31	31	31	31	31	32	0	32	32
O	B-NORP	O	O	O	O	O	O	O	O	O	B-CARDINAL	O	O	O	O	O	B-ORG	I-ORG	O	O	O	O	O	O	O	O	O	B-PERSON	I-PERSON	I-PERSON	O	B-DATE	O
</negative>
<negative>
But	his	actions	were	not	treated	as	a	victory	heralding	the	end	of	the	guerrilla	movement	,	as	Hun	Sen	's	recently	have	been	.
CC	PRP$	NNS	VBD	RB	VBN	IN	DT	NN	VBG	DT	NN	IN	DT	NN	NN	,	IN	NNP	NNP	POS	RB	VBP	VBN	.
cc	poss	nsubjpass	auxpass	neg	root	prep	det	pobj	partmod	det	dobj	prep	det	nn	pobj	p	mark	nn	nsubj	possessive	advmod	aux	advcl	p
6	3	6	6	6	0	6	9	7	9	12	10	12	16	16	13	6	24	20	24	20	24	24	6	6
O	O	O	O	O	O	O	O	O	O	O	O	O	O	O	O	O	O	B-PERSON	I-PERSON	I-PERSON	O	O	O	O
</negative>
<negative>
A	trio	of	veteran	rebel	leaders	,	including	Khieu	Samphan	,	still	remains	in	the	jungle	,	along	with	perhaps	several	hundred	followers	while	smaller	bands	of	Khmer	Rouge	roam	remote	areas	of	the	country	.
DT	NN	IN	JJ	NN	NNS	,	VBG	NNP	NNP	,	RB	VBZ	IN	DT	NN	,	IN	IN	RB	JJ	CD	NNS	IN	JJR	NNS	IN	NNP	NNP	VBP	JJ	NNS	IN	DT	NN	.
det	nsubj	prep	amod	nn	pobj	p	prep	nn	pobj	p	advmod	root	prep	det	pobj	p	advmod	prep	pcomp	quantmod	num	dep	mark	amod	nsubj	prep	nn	pobj	advcl	amod	dobj	prep	det	pobj	p
2	13	2	6	6	3	13	2	10	8	13	13	0	13	16	14	13	16	18	19	22	23	16	30	26	30	26	29	27	13	32	30	32	35	33	13
O	O	O	O	O	O	O	O	B-PERSON	I-PERSON	O	O	O	O	O	O	O	O	O	O	B-CARDINAL	I-CARDINAL	O	O	O	O	O	B-ORG	I-ORG	O	O	O	O	O	O	O
</negative>
<negative>
Any	trial	of	surviving	Khmer	Rouge	leaders	implicated	in	genocide	and	other	crimes	against	humanity	should	take	place	on	Cambodian	soil	,	Prime	Minister	Hun	Sen	said	in	an	interview	published	Thursday	.
DT	NN	IN	VBG	NNP	NNP	NNS	VBN	IN	NN	CC	JJ	NNS	IN	NN	MD	VB	NN	IN	JJ	NN	,	NNP	NNP	NNP	NNP	VBD	IN	DT	NN	VBN	NNP	.
det	nsubj	prep	amod	nn	nn	pobj	partmod	prep	nn	cc	conj	pobj	prep	pobj	aux	ccomp	dobj	prep	amod	pobj	p	nn	nn	nn	nsubj	root	prep	det	pobj	partmod	tmod	p
2	17	2	7	7	7	3	7	8	13	10	10	9	13	14	17	27	17	17	21	19	27	26	26	26	27	0	27	30	28	30	31	27
O	O	O	O	B-ORG	I-ORG	O	O	O	O	O	O	O	O	O	O	O	O	O	B-NORP	O	O	O	O	B-PERSON	I-PERSON	O	O	O	O	O	B-DATE	O
</negative>
<negative>
Doubtful	that	Khmer	Rouge	military	chief	Ta	Mok	and	other	surviving	rebels	could	be	apprehended	,	the	prime	minister	suggested	a	Cambodian	trial	instead	.
VB	IN	NNP	NNP	JJ	NN	NNP	NNP	CC	JJ	VBG	NNS	MD	VB	VBN	,	DT	JJ	NN	VBD	DT	JJ	NN	RB	.
ccomp	complm	nn	nn	amod	nn	nn	nsubjpass	cc	amod	amod	conj	aux	auxpass	ccomp	p	det	amod	nsubj	root	det	amod	dobj	advmod	p
20	15	8	8	8	8	8	15	8	12	12	8	15	15	1	20	19	19	20	0	23	23	20	20	20
O	O	B-ORG	I-ORG	O	O	B-PERSON	I-PERSON	O	O	O	O	O	O	O	O	O	O	O	O	O	B-NORP	O	O	O
</negative>
<negative>
The	rebel	's	historically	close	relationship	with	the	Thai	military	and	the	reintegration	of	several	top	Khmer	Rouge	_	also	possible	defendants	_	into	the	Cambodian	government	are	seen	as	a	potential	stumbling	blocks	to	a	trial	.
DT	NN	POS	RB	JJ	NN	IN	DT	NNP	NN	CC	DT	NN	IN	JJ	JJ	NNP	NNP	NNP	RB	JJ	NNS	VBN	IN	DT	JJ	NN	VBP	VBN	IN	DT	JJ	JJ	NNS	TO	DT	NN	.
det	poss	possessive	advmod	amod	nsubjpass	prep	det	nn	pobj	cc	det	conj	prep	amod	amod	nn	nn	nn	advmod	amod	pobj	partmod	prep	det	amod	pobj	auxpass	root	prep	det	amod	amod	pobj	prep	det	pobj	p
2	6	2	5	6	29	6	10	10	7	6	13	6	13	22	22	22	22	22	21	22	14	22	23	27	27	24	29	0	29	34	34	34	30	29	37	35	29
O	O	O	O	O	O	O	O	B-NORP	O	O	O	O	O	O	O	B-ORG	I-ORG	O	O	O	O	O	O	O	B-NORP	O	O	O	O	O	O	O	O	O	O	O	O
</negative>
<negative>
Ieng	Sary	,	a	deputy	prime	minister	in	the	Khmer	Rouge	regime	,	received	an	amnesty	from	the	government	in	1996	in	exchange	for	leading	a	mass	defection	of	rebel	fighters	that	crippled	the	movement	.
NNP	NNP	,	DT	JJ	JJ	NN	IN	DT	NNP	NNP	NN	,	VBD	DT	NN	IN	DT	NN	IN	CD	IN	NN	IN	VBG	DT	JJ	NN	IN	JJ	NNS	WDT	VBN	DT	NN	.
nn	nsubj	p	det	amod	amod	appos	prep	det	nn	nn	pobj	p	root	det	dobj	prep	det	pobj	prep	pobj	prep	pobj	prep	pcomp	det	amod	dobj	prep	amod	pobj	nsubj	rcmod	det	dobj	p
2	14	14	7	7	7	2	7	12	12	12	8	14	0	16	14	14	19	17	19	20	14	22	14	24	28	28	25	28	31	29	33	28	35	33	14
B-PERSON	I-PERSON	O	O	O	O	O	O	O	I-LOC	I-LOC	O	O	O	O	O	O	O	O	O	B-DATE	O	O	O	O	O	O	O	O	O	O	O	O	O	O	O
</negative>
<negative>
Earlier	today	,	Cambodian	Prime	Minister	Hun	Sen	said	Khieu	Samphan	and	Nuon	Chea	,	members	of	Khmer	Rouge	leader	Pol	Pot	's	inner	circle	during	the	group	's	brutal	1975-79	rule	,	must	be	tried	for	genocide	.
RBR	NN	,	JJ	NNP	NNP	NNP	NNP	VBD	NNP	NNP	CC	NNP	NNP	,	NNS	IN	NNP	NNP	NN	NNP	NNP	POS	JJ	NN	IN	DT	NN	POS	JJ	JJ	NN	,	MD	VB	VBN	IN	NN	.
advmod	tmod	p	amod	nn	nn	nn	nsubj	root	nn	nsubjpass	cc	nn	conj	p	appos	prep	nn	nn	nn	nn	poss	possessive	amod	pobj	prep	det	poss	possessive	amod	amod	pobj	p	aux	auxpass	ccomp	prep	pobj	p
2	9	9	8	8	8	8	9	0	11	36	11	14	11	9	11	16	22	22	22	22	25	22	25	17	25	28	32	28	32	32	26	9	36	36	9	36	37	9
B-TIME	I-TIME	O	B-NORP	O	O	B-PERSON	I-PERSON	O	B-PERSON	I-PERSON	O	B-PERSON	I-PERSON	O	O	O	B-ORG	I-ORG	O	B-PERSON	I-PERSON	O	O	O	O	O	O	O	O	O	O	O	O	O	O	O	O	O
</negative>
<negative>
Fernando	Henrique	Cardoso	became	Brazil	's	first	re-elected	president	today	,	vowing	to	continue	modernizing	the	economy	while	battling	the	country	's	deep	social	inequality	.
NNP	NNP	NNP	VBD	NNP	POS	JJ	NN	NN	NN	,	VBG	TO	VB	VBG	DT	NN	IN	VBG	DT	NN	POS	JJ	JJ	NN	.
nn	nn	nsubj	cop	poss	possessive	amod	nn	root	attr	p	partmod	aux	xcomp	xcomp	det	dobj	prep	pcomp	det	poss	possessive	amod	amod	dobj	p
3	3	9	9	9	5	9	9	0	9	9	9	14	12	14	17	15	15	18	21	25	21	25	25	19	9
B-PERSON	I-PERSON	I-PERSON	O	B-GPE	O	O	O	O	B-DATE	O	O	O	O	O	O	O	O	O	O	O	O	O	O	O	O
</negative>
<negative>
He	is	the	first	Brazilian	president	to	take	advantage	of	a	1997	constitutional	change	allowing	the	head	of	state	to	serve	a	second	term	.
PRP	VBZ	DT	JJ	JJ	NN	TO	VB	NN	IN	DT	CD	JJ	NN	VBG	DT	NN	IN	NN	TO	VB	DT	JJ	NN	.
nsubj	cop	det	amod	amod	root	aux	infmod	dobj	prep	det	num	amod	pobj	xcomp	det	dobj	prep	pobj	aux	xcomp	det	amod	dobj	p
6	6	6	6	6	0	8	6	8	9	14	14	14	10	8	17	15	17	18	21	15	24	24	21	6
O	O	O	B-ORDINAL	B-NORP	O	O	O	O	O	O	B-DATE	O	O	O	O	O	O	O	O	O	O	B-ORDINAL	O	O
</negative>
<negative>
Leader	Confident	on	Khmer	Rouge	Case
NNP	NNP	IN	NNP	NNP	NNP
nn	root	prep	nn	nn	pobj
2	0	2	6	6	3
O	O	O	B-ORG	I-ORG	I-ORG
</negative>
<negative>
In	addition	to	the	political	cross-currents	that	complicate	a	resolution	to	the	country	's	past	conflicts	,	there	is	a	network	of	often-hidden	personal	relationships	that	keeps	past	debts	and	rivalries	alive	.
IN	NN	TO	DT	JJ	NNS	WDT	VB	DT	NN	TO	DT	NN	POS	JJ	NNS	,	EX	VBZ	DT	NN	IN	JJ	JJ	NNS	WDT	VBZ	JJ	NNS	CC	NNS	JJ	.
prep	pobj	prep	det	amod	pobj	nsubj	rcmod	det	dobj	prep	det	poss	possessive	amod	pobj	p	expl	root	det	nsubj	prep	amod	amod	pobj	nsubj	rcmod	amod	nsubj	cc	conj	xcomp	p
19	1	2	6	6	3	8	6	10	8	8	13	16	13	16	11	19	19	0	21	19	21	25	25	22	27	21	29	32	29	29	27	19
O	O	O	O	O	O	O	O	O	O	O	O	O	O	O	O	O	O	O	O	O	O	O	O	O	O	O	O	O	O	O	O	O
</negative>
<negative>
Among	these	are	Khieu	Samphan	,	the	movement	's	nominal	head	of	state	,	and	Nuon	Chea	,	a	top	ideologist	,	who	both	surrendered	to	the	government	on	Dec	.	25	.
IN	DT	VBP	NNP	NNP	,	DT	NN	POS	JJ	NN	IN	NN	,	CC	NNP	NNP	,	DT	JJ	NN	,	WP	DT	VBD	TO	DT	NN	IN	NNP	.	CD	.
prep	pobj	root	nn	nsubj	p	det	poss	possessive	amod	appos	prep	pobj	p	cc	nn	conj	p	det	amod	appos	p	nsubj	dep	rcmod	prep	det	pobj	prep	pobj	p	dep	p
3	1	0	5	3	3	8	11	8	11	5	11	12	3	11	17	11	3	21	21	17	3	25	25	17	25	28	26	25	29	3	30	3
O	O	O	B-PERSON	I-PERSON	O	O	O	O	O	O	O	O	O	O	B-PERSON	I-PERSON	O	O	O	O	O	O	O	O	O	O	O	O	B-DATE	O	B-CARDINAL	O
</negative>
<negative>
The	Vietnamese	discovered	the	archival	records	of	the	Khmer	Rouge	bureaucracy	that	disclosed	the	systematic	torture	and	killing	of	Cambodians	as	well	as	the	killing	fields	that	held	the	remains	of	the	victims	.
DT	NNS	VBD	DT	JJ	NNS	IN	DT	NNP	NNP	NN	WDT	VBD	DT	JJ	NN	CC	NN	IN	NNPS	RB	RB	IN	DT	VBG	NNS	WDT	VBD	DT	NNS	IN	DT	NNS	.
det	nsubj	root	det	amod	dobj	prep	det	nn	nn	pobj	nsubj	rcmod	det	amod	dobj	cc	conj	prep	pobj	advmod	cc	mwe	det	amod	conj	nsubj	rcmod	det	dobj	prep	det	pobj	p
2	3	0	6	6	3	6	11	11	11	7	13	6	16	16	13	16	16	16	19	22	16	22	26	26	16	28	26	30	28	30	33	31	3
O	B-NORP	O	O	O	O	O	B-ORG	I-ORG	I-ORG	O	O	O	O	O	O	O	O	O	B-NORP	O	O	O	O	O	O	O	O	O	O	O	O	O	O
</negative>
<negative>
Along	with	Pol	Pot	,	they	oversaw	the	Khmer	Rouge	and	their	reign	of	terror	,	during	which	at	least	1	million	Cambodians	are	estimated	to	have	been	executed	or	to	have	died	of	starvation	,	disease	and	overwork	.
IN	IN	NNP	NNP	,	PRP	VBD	DT	NNP	NNP	CC	PRP$	NN	IN	NN	,	IN	WDT	IN	JJS	CD	CD	NNPS	VBP	VBN	TO	VB	VBN	VBN	CC	TO	VB	VBN	IN	NN	,	NN	CC	NN	.
prep	pcomp	nn	pobj	p	nsubj	root	det	nn	dobj	cc	poss	conj	prep	pobj	p	rel	pobj	quantmod	mwe	number	num	nsubjpass	auxpass	rcmod	aux	aux	auxpass	ccomp	cc	aux	aux	conj	prep	pobj	p	conj	cc	conj	p
7	1	4	2	7	7	0	10	10	7	10	13	10	13	14	7	25	17	22	19	22	23	25	25	15	29	29	29	25	29	33	33	29	33	34	7	35	35	35	7
O	O	B-PERSON	I-PERSON	O	O	O	B-ORG	I-ORG	I-ORG	O	O	O	O	O	O	O	O	O	O	I-CARDINAL	I-CARDINAL	B-NORP	O	O	O	O	O	O	O	O	O	O	O	O	O	O	O	O	O
</negative>
<negative>
The	king	,	who	has	close	ties	to	the	Chinese	government	and	is	undergoing	medical	treatment	in	Beijing	,	headed	the	country	for	more	than	two	decades	.
DT	NN	,	WP	VBZ	JJ	NNS	TO	DT	JJ	NN	CC	VBZ	VBG	JJ	NN	IN	NNP	,	VBD	DT	NN	IN	JJR	IN	CD	NNS	.
det	nsubj	p	nsubj	rcmod	amod	dobj	prep	det	amod	pobj	cc	aux	conj	amod	dobj	prep	pobj	p	root	det	dobj	prep	mwe	quantmod	num	pobj	p
2	20	20	5	2	7	5	7	11	11	8	5	14	5	16	14	14	17	20	0	22	20	20	25	26	27	23	20
O	O	O	O	O	O	O	O	O	B-NORP	O	O	O	O	O	O	O	B-GPE	O	O	O	O	O	O	O	B-DATE	I-DATE	O
</negative>
<negative>
In	the	past	the	Cambodian	leader	,	Hun	Sen	,	has	favored	prosecuting	Khmer	Rouge	leaders	,	whose	regime	in	the	late	1970s	killed	more	than	1	million	people	.
IN	DT	NN	DT	JJ	NN	,	NNP	NNP	,	VBZ	VBN	VBG	NNP	NNP	NNS	,	WP$	NN	IN	DT	JJ	NNS	VBD	JJR	IN	CD	CD	NNS	.
prep	det	pobj	det	amod	nsubj	p	nn	appos	p	aux	root	xcomp	nn	nn	dobj	p	poss	nsubj	prep	det	amod	pobj	rcmod	mwe	quantmod	number	num	dobj	p
12	3	1	6	6	12	12	9	6	12	12	0	12	16	16	13	12	19	24	19	23	23	20	16	26	28	28	29	24	12
O	O	O	O	B-NORP	O	O	B-PERSON	I-PERSON	O	O	O	O	B-ORG	I-ORG	O	O	O	O	O	B-DATE	I-DATE	I-DATE	O	O	O	B-CARDINAL	I-CARDINAL	O	O
</negative>
<negative>
The	minister	also	announced	that	his	government	has	rejected	the	recommendation	that	a	truth	commission	be	convened	to	try	lesser	figures	in	the	Khmer	Rouge	movement	.
DT	NN	RB	VBD	IN	PRP$	NN	VBZ	VBN	DT	NN	IN	DT	NN	NN	VB	VBN	TO	VB	JJR	NNS	IN	DT	NNP	NNP	NN	.
det	nsubj	advmod	root	complm	poss	nsubj	aux	ccomp	det	dobj	complm	det	nn	nsubjpass	auxpass	ccomp	aux	xcomp	amod	dobj	prep	det	nn	nn	pobj	p
2	4	4	0	9	7	9	9	4	11	9	17	15	15	17	17	9	19	17	21	19	19	26	26	26	22	4
O	O	O	O	O	O	O	O	O	O	O	O	O	O	O	O	O	O	O	O	O	O	B-ORG	I-ORG	I-ORG	O	O
</negative>
<negative>
Nuon	Chea	,	his	second-in-command	,	surrendered	in	December	with	a	fellow	Khmer	Rouge	leader	,	Khieu	Samphan	,	to	the	Cambodian	government	.
NNP	NNP	,	PRP$	NN	,	VBD	IN	NNP	IN	DT	JJ	NNP	NNP	NN	,	NNP	NNP	,	TO	DT	JJ	NN	.
nn	nsubj	p	poss	appos	p	root	prep	pobj	prep	det	amod	nn	nn	pobj	p	nn	appos	p	prep	det	amod	pobj	p
2	7	7	5	2	7	0	7	8	7	15	15	15	15	10	7	18	15	7	7	23	23	20	7
B-PERSON	I-PERSON	O	O	O	O	O	O	B-DATE	O	O	O	B-ORG	I-ORG	O	O	B-PERSON	I-PERSON	O	O	O	B-NORP	O	O
</negative>
<negative>
In	his	1997	letter	requesting	the	aid	of	the	United	Nations	in	setting	up	a	tribunal	,	Hun	Sen	said	his	country	did	not	have	the	``	resources	or	the	expertise	''	to	conduct	a	trial	.
IN	PRP$	CD	NN	VBG	DT	NN	IN	DT	NNP	NNPS	IN	VBG	RP	DT	NN	,	NNP	NNP	VBD	PRP$	NN	VBD	RB	VB	DT	``	NNS	CC	DT	NN	''	TO	VB	DT	NN	.
prep	poss	num	pobj	partmod	det	dobj	prep	det	nn	pobj	prep	pcomp	prt	det	dobj	p	nn	nsubj	root	poss	nsubj	aux	neg	ccomp	det	p	nsubj	cc	det	conj	p	aux	ccomp	det	dobj	p
20	4	4	1	4	7	5	7	11	11	8	5	12	13	16	13	20	19	20	0	22	25	25	25	20	28	20	34	28	31	28	20	34	25	36	34	20
O	O	B-DATE	O	O	O	O	O	B-ORG	I-ORG	I-ORG	O	O	O	O	O	O	B-PERSON	I-PERSON	O	O	O	O	O	O	O	O	O	O	O	O	O	O	O	O	O	O
</negative>
<negative>
A	number	of	former	Khmer	Rouge	officials	from	the	movement	that	devastated	the	country	from	1975	to	early	1979	are	now	in	government	or	other	influential	positions	.
DT	NN	IN	JJ	NNP	NNP	NNS	IN	DT	NN	WDT	VBD	DT	NN	IN	CD	TO	JJ	CD	VBP	RB	IN	NN	CC	JJ	JJ	NNS	.
det	nsubj	prep	amod	nn	nn	pobj	prep	det	pobj	nsubj	rcmod	det	dobj	prep	pobj	prep	amod	pobj	root	advmod	prep	nn	cc	conj	amod	pobj	p
2	20	2	7	7	7	3	2	10	8	12	10	14	12	12	15	12	19	17	0	20	20	27	23	23	27	22	20
O	O	O	O	B-ORG	I-ORG	O	O	O	O	O	O	O	O	O	B-DATE	O	B-DATE	I-DATE	O	O	O	O	O	O	O	O	O
</negative>
<negative>
PHNOM	PENH	,	October	29	-LRB-	Xinhua	-RRB-	--	Cambodian	Second	Prime	Minister	Hun	Sen	held	talks	earlier	today	with	former	Khmer	Rouge	leader	Ieng	Sary	,	but	the	details	of	the	talks	were	not	disclosed	.
NNP	NNP	,	NNP	CD	-LRB-	NNP	-RRB-	:	JJ	NNP	NNP	NNP	NNP	NNP	VBD	NNS	RBR	NN	IN	JJ	NNP	NNP	NN	NNP	NNP	,	CC	DT	NNS	IN	DT	NNS	VBD	RB	VBN	.
nn	nn	p	root	num	p	appos	p	p	amod	nn	nn	dep	nn	nsubj	rcmod	dobj	advmod	tmod	prep	amod	nn	nn	nn	nn	pobj	p	cc	det	nsubjpass	prep	det	pobj	auxpass	neg	conj	p
4	4	4	0	4	4	4	4	4	13	13	13	4	15	16	13	16	17	16	16	26	26	26	26	26	20	4	16	30	36	30	33	31	36	36	16	4
B-GPE	I-GPE	O	B-DATE	I-DATE	O	B-ORG	O	O	B-NORP	B-ORDINAL	O	O	B-PERSON	I-PERSON	O	O	O	O	O	O	B-ORG	I-ORG	O	B-PERSON	I-PERSON	O	O	O	O	O	O	O	O	O	O	O
</negative>
<negative>
The	meeting	took	place	at	Hun	Sen	's	suburban	villa	.
DT	NN	VBD	NN	IN	NNP	NNP	POS	JJ	NN	.
det	nsubj	root	dobj	prep	nn	poss	possessive	amod	pobj	p
2	3	0	3	3	7	10	7	10	5	3
O	O	O	O	O	B-PERSON	I-PERSON	I-PERSON	O	O	O
</negative>
<negative>
The	surrender	took	place	Friday	and	Khieu	Samphan	has	moved	to	the	western	town	of	Pailin	under	the	government	troops	.
DT	NN	VBD	NN	NNP	CC	NNP	NNP	VBZ	VBN	TO	DT	JJ	NN	IN	NNP	IN	DT	NN	NNS	.
det	nsubj	root	dobj	tmod	cc	nn	nsubj	aux	conj	prep	det	amod	pobj	prep	pobj	prep	det	nn	pobj	p
2	3	0	3	3	3	8	10	10	3	10	14	14	11	14	15	10	20	20	17	3
O	O	O	O	B-DATE	O	B-PERSON	I-PERSON	O	O	O	O	O	O	O	B-GPE	O	O	O	O	O
</negative>
<negative>
Speaking	to	the	press	,	Eckhard	said	no	date	had	been	set	for	the	visit	by	the	chief	legal	counsel	,	Hans	Corell	and	it	would	take	place	when	a	mutually	convenient	time	can	be	agreed	upon	.
VBG	TO	DT	NN	,	NNP	VBD	DT	NN	VBD	VBN	VBN	IN	DT	NN	IN	DT	JJ	JJ	NN	,	NNP	NNP	CC	PRP	MD	VB	NN	WRB	DT	RB	JJ	NN	MD	VB	VBN	RB	.
partmod	prep	det	pobj	p	nsubj	root	det	nsubjpass	aux	auxpass	dep	prep	det	pobj	prep	det	amod	amod	pobj	p	nn	appos	cc	nsubj	aux	conj	dobj	advmod	det	advmod	amod	nsubjpass	aux	auxpass	advcl	prep	p
7	1	4	2	7	7	0	9	12	12	12	7	12	15	13	12	20	20	20	16	7	23	20	12	27	27	12	27	36	33	32	33	36	36	36	27	36	7
O	O	O	O	O	B-ORG	O	O	O	O	O	O	O	O	O	O	O	O	O	O	O	B-PERSON	I-PERSON	O	O	O	O	O	O	O	O	O	O	O	O	O	O	O
</negative>
</QApairs>
<QApairs id='36.2'>
<question>
When	did	the	Khmer	Rouge	come	into	power	?
WRB	VBD	DT	NNP	NNP	VB	IN	NN	.
advmod	aux	det	nn	nsubj	root	prep	pobj	p
6	6	5	5	6	0	6	7	6
O	O	B-ORG	I-ORG	I-ORG	O	O	O	O
</question>
<positive>
After	seizing	power	in	1975	,	the	Khmer	Rouge	turned	Cambodia	into	a	slave	labor	camp	and	caused	the	deaths	of	as	many	as	2	million	people	.
IN	VBG	NN	IN	CD	,	DT	NNP	NNP	VBD	NNP	IN	DT	NN	NN	NN	CC	VBD	DT	NNS	IN	RB	JJ	IN	CD	CD	NNS	.
prep	pcomp	dobj	prep	pobj	p	det	nn	nsubj	root	dobj	prep	det	nn	nn	pobj	cc	conj	det	dobj	prep	quantmod	quantmod	quantmod	number	num	pobj	p
10	1	2	2	4	10	9	9	10	0	10	10	16	16	16	12	10	10	20	18	20	26	26	26	26	27	21	10
O	O	O	O	B-DATE	O	B-ORG	I-ORG	I-ORG	O	B-GPE	O	O	O	O	O	O	O	O	O	O	O	O	O	B-CARDINAL	I-CARDINAL	O	O
1975
5
</positive>
<positive>
He	portrays	himself	as	a	human-rights	advocate	who	``	never	condoned	the	class	struggle	and	violation	of	human	rights	''	after	the	Khmer	Rouge	came	to	power	in	1975	.
PRP	VBZ	PRP	IN	DT	JJ	NN	WP	``	RB	VBD	DT	NN	NN	CC	NN	IN	JJ	NNS	''	IN	DT	NNP	NNP	VBD	TO	NN	IN	CD	.
nsubj	root	dobj	prep	det	amod	pobj	nsubj	p	neg	rcmod	det	nn	dobj	cc	conj	prep	amod	pobj	p	mark	det	nn	nsubj	advcl	prep	pobj	prep	pobj	p
2	0	2	2	7	7	4	11	2	11	7	14	14	11	14	14	14	19	17	2	25	24	24	25	2	25	26	25	28	2
O	O	O	O	O	O	O	O	O	O	O	O	O	O	O	O	O	O	O	O	O	B-ORG	I-ORG	I-ORG	O	O	O	O	B-DATE	O
1975
29
</positive>
<positive>
The	Khmer	Rouge	seized	power	in	1975	and	killed	as	many	as	2	million	Cambodians	in	a	bid	to	create	a	communist	agrarian	utopia	.
DT	NNP	NNP	VBD	NN	IN	CD	CC	VBD	RB	JJ	IN	CD	CD	NNPS	IN	DT	NN	TO	VB	DT	JJ	NN	NN	.
det	nn	nsubj	root	dobj	prep	pobj	cc	conj	quantmod	quantmod	quantmod	number	num	dobj	prep	det	pobj	aux	xcomp	det	amod	nn	dobj	p
3	3	4	0	4	4	6	4	4	14	14	14	14	15	9	9	18	16	20	9	24	24	24	20	4
B-ORG	I-ORG	I-ORG	O	O	O	B-DATE	O	O	O	O	O	B-CARDINAL	I-CARDINAL	B-NORP	O	O	O	O	O	O	O	O	O	O
1975
7
</positive>
<positive>
The	Khmer	Rouge	came	to	power	in	April	1975	by	overthrowing	the	U.S	.	-backed	Lon	Nol	government	.
DT	NNP	NNP	VBD	TO	NN	IN	NNP	CD	IN	VBG	DT	NNP	.	JJ	JJ	NN	NN	.
det	nn	nsubj	root	prep	pobj	prep	pobj	num	prep	pcomp	det	nn	p	amod	amod	nsubj	xcomp	p
3	3	4	0	4	5	4	7	8	4	10	17	17	4	17	17	18	11	4
B-ORG	I-ORG	I-ORG	O	O	O	O	B-DATE	I-DATE	O	O	O	B-GPE	O	O	B-PERSON	I-PERSON	O	O
1975
9
</positive>
<positive>
1975	:	Khmer	Rouge	seizes	power	,	begins	doomed	experiment	in	agrarian	communism	.
CD	:	NNP	NNP	NNS	NN	,	VBZ	JJ	NN	IN	NN	NN	.
nsubj	p	nn	nn	nn	dep	p	root	amod	dobj	prep	nn	pobj	p
8	8	6	6	6	1	8	0	10	8	10	13	11	8
B-DATE	O	B-ORG	I-ORG	O	O	O	O	O	O	O	O	O	O
1975
1
</positive>
<positive>
The	defectors	were	key	players	in	the	Khmer	Rouge	's	rule	after	the	Maoist	revolutionaries	won	a	civil	war	in	1975	.
DT	NNS	VBD	JJ	NNS	IN	DT	NNP	NNP	POS	NN	IN	DT	NNP	NNS	VBD	DT	JJ	NN	IN	CD	.
det	nsubj	cop	amod	root	prep	det	nn	poss	possessive	pobj	mark	det	nn	nsubj	advcl	det	amod	dobj	prep	pobj	p
2	5	5	5	0	5	9	9	11	9	6	16	15	15	16	5	19	19	16	16	20	5
O	O	O	O	O	O	O	I-FAC	I-FAC	I-FAC	O	O	O	B-NORP	O	O	O	O	O	O	B-DATE	O
1975
21
</positive>
<positive>
The	doctoral	thesis	he	submitted	at	the	University	of	Paris	in	1959	is	seen	as	a	blueprint	of	Khmer	Rouge	economic	policy	once	it	seized	power	in	1975	_	economic	self-reliance	and	the	collectivization	of	agriculture	.
DT	JJ	NN	PRP	VBD	IN	DT	NNP	IN	NNP	IN	CD	VBZ	VBN	IN	DT	NN	IN	NNP	NNP	JJ	NN	IN	PRP	VBD	NN	IN	CD	JJ	JJ	NN	CC	DT	NN	IN	NN	.
det	amod	nsubjpass	nsubj	rcmod	prep	det	pobj	prep	pobj	prep	pobj	auxpass	root	prep	det	pobj	prep	nn	nn	amod	pobj	mark	nsubj	advcl	dobj	prep	num	amod	amod	pobj	cc	det	conj	prep	pobj	p
3	3	14	5	3	5	8	6	8	9	5	11	14	0	14	17	15	17	22	22	22	18	25	25	14	25	25	31	31	31	27	31	34	31	34	35	14
O	O	O	O	O	O	B-ORG	I-ORG	I-ORG	I-ORG	O	B-DATE	O	O	O	O	O	O	B-LOC	I-LOC	O	O	O	O	O	O	O	B-DATE	O	O	O	O	O	O	O	O	O
1975
28
</positive>
<positive>
The	Khmer	Rouge	seized	Phnom	Penh	on	April	17	,	1975	,	and	cut	Cambodia	off	from	the	world	.
DT	NNP	NNP	VBD	NNP	NNP	IN	NNP	CD	,	CD	,	CC	VBD	NNP	RP	IN	DT	NN	.
det	nn	nsubj	root	nn	dobj	prep	pobj	num	p	num	p	cc	conj	dobj	prt	prep	det	pobj	p
3	3	4	0	6	4	6	7	8	4	8	4	4	4	14	14	14	19	17	4
B-ORG	I-ORG	I-ORG	O	B-GPE	I-GPE	O	B-DATE	I-DATE	I-DATE	I-DATE	O	O	O	B-GPE	O	O	O	O	O
1975
11
</positive>
<positive>
Sihanouk	was	named	head	of	state	after	the	Khmer	Rouge	seized	power	in	1975	,	but	was	locked	in	his	palace	by	the	communists	as	they	embarked	on	their	brutal	attempt	to	create	an	agrarian	utopia	.
NNP	VBD	VBN	NN	IN	NN	IN	DT	NNP	NNP	VBD	NN	IN	CD	,	CC	VBD	VBN	IN	PRP$	NN	IN	DT	NNS	IN	PRP	VBD	IN	PRP$	JJ	NN	TO	VB	DT	NN	NN	.
nsubjpass	auxpass	root	dobj	prep	pobj	mark	det	nn	nsubj	advcl	dobj	prep	pobj	p	cc	auxpass	conj	prep	poss	pobj	prep	det	pobj	mark	nsubj	advcl	prep	poss	amod	pobj	aux	xcomp	det	nn	dobj	p
3	3	0	3	4	5	11	10	10	11	3	11	11	13	3	11	18	11	18	21	19	18	24	22	27	27	18	27	31	31	28	33	27	36	36	33	3
B-PERSON	O	O	O	O	O	O	O	I-EVENT	I-EVENT	O	O	O	B-DATE	O	O	O	O	O	O	O	O	O	O	O	O	O	O	O	O	O	O	O	O	O	O	O
1975
14
</positive>
<positive>
He	then	allowed	himself	to	be	named	head	of	state	when	the	Khmer	Rouge	seized	power	in	1975	under	the	leadership	of	Pol	Pot	,	who	died	last	year	.
PRP	RB	VBD	PRP	TO	VB	VBN	NN	IN	NN	WRB	DT	NNP	NNP	VBD	NN	IN	CD	IN	DT	NN	IN	NNP	NNP	,	WP	VBD	JJ	NN	.
nsubj	advmod	root	nsubjpass	aux	auxpass	xcomp	dobj	prep	pobj	advmod	det	nn	nsubj	advcl	dobj	prep	pobj	prep	det	pobj	prep	nn	pobj	p	nsubj	rcmod	amod	tmod	p
3	3	0	7	7	7	3	7	8	9	15	14	14	15	7	15	15	17	15	21	19	21	24	22	3	27	24	29	27	3
O	O	O	O	O	O	O	O	O	O	O	O	I-LOC	I-LOC	O	O	O	B-DATE	O	O	O	O	B-PERSON	I-PERSON	O	O	O	B-DATE	I-DATE	O
1975
18
</positive>
<positive>
1975	:	Khmer	Rouge	seizes	power	.
CD	:	NNP	NNP	NNS	NN	.
root	p	nn	nn	nn	dep	p
0	1	6	6	6	1	1
B-DATE	O	B-ORG	I-ORG	O	O	O
1975
1
</positive>
<negative>
Cambodian	leader	Hun	Sen	says	that	upcoming	elections	will	be	more	peaceful	than	polls	in	1993	monitored	by	the	United	Nations	,	thanks	largely	to	the	collapse	of	the	Khmer	Rouge	.
JJ	NN	NNP	NNP	VBZ	IN	NN	NNS	MD	VB	RBR	JJ	IN	NNS	IN	CD	VBD	IN	DT	NNP	NNPS	,	NNS	RB	TO	DT	NN	IN	DT	NNP	NNP	.
amod	nn	nn	nsubj	root	complm	nn	nsubj	aux	cop	advmod	ccomp	mark	nsubj	prep	pobj	dep	prep	det	nn	pobj	p	advmod	advmod	prep	det	pobj	prep	det	nn	pobj	p
4	4	4	5	0	12	8	12	12	12	12	5	17	17	14	15	12	17	21	21	18	5	17	25	12	27	25	27	31	31	28	5
B-NORP	O	B-PERSON	I-PERSON	O	O	O	O	O	O	O	O	O	O	O	B-DATE	O	O	B-ORG	I-ORG	I-ORG	O	O	O	O	O	O	O	B-ORG	I-ORG	I-ORG	O
</negative>
<negative>
``	In	1993	,	Khmer	Rouge	occupied	many	places	...	,	''
``	NNP	CD	,	NNP	NNP	JJ	JJ	NNS	:	,	''
p	root	dep	p	nn	appos	amod	amod	dep	p	p	p
2	0	2	2	6	2	9	9	6	2	2	2
O	O	B-DATE	O	B-ORG	I-ORG	O	O	O	O	O	O
</negative>
<negative>
Cambodia	's	King	Norodom	Sihanouk	granted	an	audience	Wednesday	to	Ieng	Sary	,	a	former	high-ranking	Khmer	Rouge	leader	who	was	his	jailer	in	the	late	1970s	.
NNP	POS	NNP	NNP	NNP	VBD	DT	NN	NNP	TO	NNP	NNP	,	DT	JJ	JJ	NNP	NNP	NN	WP	VBD	PRP$	NN	IN	DT	JJ	NNS	.
poss	possessive	nn	nn	nsubj	root	det	dobj	tmod	prep	nn	pobj	p	det	amod	amod	nn	nn	appos	nsubj	cop	poss	rcmod	prep	det	amod	pobj	p
5	1	5	5	6	0	8	6	6	6	12	10	6	19	19	19	19	19	12	23	23	23	19	23	27	27	24	6
B-GPE	O	O	B-PERSON	I-PERSON	O	O	O	B-DATE	O	B-PERSON	I-PERSON	O	O	O	O	B-ORG	I-ORG	O	O	O	O	O	O	B-DATE	I-DATE	I-DATE	O
</negative>
<negative>
Ieng	Sary	oversaw	the	house	arrest	of	the	king	during	the	Khmer	Rouge	's	genocidal	rule	.
NNP	NNP	VBD	DT	NN	NN	IN	DT	NN	IN	DT	NNP	NNP	POS	JJ	NN	.
nn	nsubj	root	det	nn	dobj	prep	det	pobj	prep	det	nn	poss	possessive	amod	pobj	p
2	3	0	6	6	3	6	9	7	3	13	13	16	13	16	10	3
B-PERSON	I-PERSON	O	O	O	O	O	O	O	O	B-ORG	I-ORG	I-ORG	I-ORG	O	O	O
</negative>
<negative>
Ieng	Sary	,	for	his	part	,	has	described	how	the	guerrillas	used	an	alliance	with	Sihanouk	to	help	win	power	,	once	likening	him	to	a	``	water	buffalo	who	will	help	us	cross	the	river.	''
NNP	NNP	,	IN	PRP$	NN	,	VBZ	VBN	WRB	DT	NNS	VBD	DT	NN	IN	NNP	TO	VB	VB	NN	,	RB	VBG	PRP	TO	DT	``	NN	NN	WP	MD	VB	PRP	VB	DT	NN	''
nn	nsubj	p	prep	poss	pobj	p	aux	root	advmod	det	nsubj	ccomp	det	dobj	prep	pobj	aux	xcomp	xcomp	dobj	p	advmod	xcomp	dobj	prep	det	p	nn	pobj	nsubj	aux	rcmod	nsubj	ccomp	det	dobj	p
2	9	9	2	6	4	9	9	0	13	12	13	9	15	13	13	16	19	13	19	20	9	24	13	24	24	30	9	30	26	33	33	30	35	33	37	35	9
B-PERSON	I-PERSON	O	O	O	O	O	O	O	O	O	O	O	O	O	O	O	O	O	O	O	O	O	O	O	O	O	O	O	O	O	O	O	O	O	O	O	O
</negative>
<negative>
At	least	14	of	the	king	's	relatives	and	children	died	under	Khmer	Rouge	rule	.
IN	JJS	CD	IN	DT	NN	POS	NNS	CC	NNS	VBD	IN	NNP	NNP	NN	.
quantmod	mwe	nsubj	prep	det	poss	possessive	pobj	cc	conj	root	prep	nn	nn	pobj	p
3	1	11	3	6	8	6	4	8	8	0	11	15	15	12	11
B-CARDINAL	I-CARDINAL	I-CARDINAL	O	O	O	O	O	O	O	O	O	B-LAW	I-LAW	O	O
</negative>
<negative>
It	was	a	political	deal	undertaken	to	ensure	the	eventual	defection	of	some	10,000	war-weary	Khmer	Rouge	guerrillas	to	the	government	.
PRP	VBD	DT	JJ	NN	VBN	TO	VB	DT	JJ	NN	IN	DT	CD	JJ	NNP	NNP	NNS	TO	DT	NN	.
nsubj	cop	det	amod	root	partmod	aux	xcomp	det	amod	dobj	prep	det	num	amod	nn	nn	pobj	prep	det	pobj	p
5	5	5	5	0	5	8	6	11	11	8	11	18	18	18	18	18	12	8	21	19	5
O	O	O	O	O	O	O	O	O	O	O	O	O	B-CARDINAL	O	B-NORP	I-NORP	O	O	O	O	O
</negative>
<negative>
The	defections	marked	the	beginning	of	the	end	for	the	Khmer	Rouge	,	which	is	now	down	to	a	few	hundred	guerrillas	along	the	Thai	border	.
DT	NNS	VBD	DT	NN	IN	DT	NN	IN	DT	NNP	NNP	,	WDT	VBZ	RB	RB	TO	DT	JJ	CD	NNS	IN	DT	NNP	NN	.
det	nsubj	root	det	dobj	prep	det	pobj	prep	det	nn	pobj	p	nsubj	rcmod	advmod	advmod	prep	det	amod	num	pobj	prep	det	nn	pobj	p
2	3	0	5	3	5	8	6	3	12	12	9	3	15	12	17	15	17	22	22	22	18	15	26	26	23	3
O	O	O	O	O	O	O	O	O	B-ORG	I-ORG	I-ORG	O	O	O	O	O	O	O	O	B-CARDINAL	O	O	O	B-NORP	O	O
</negative>
<negative>
His	death	has	spurred	new	calls	by	human-rights	groups	and	some	Western	governments	,	led	by	the	United	States	,	for	the	trial	of	remaining	Khmer	Rouge	leaders	.
PRP$	NN	VBZ	VBN	JJ	NNS	IN	JJ	NNS	CC	DT	JJ	NNS	,	VBN	IN	DT	NNP	NNPS	,	IN	DT	NN	IN	JJ	NNP	NNP	NNS	.
poss	nsubj	aux	root	amod	dobj	prep	amod	pobj	cc	det	amod	conj	p	dep	prep	det	nn	pobj	p	prep	det	pobj	prep	amod	nn	nn	pobj	p
2	4	4	0	6	4	4	9	7	9	13	13	9	4	4	15	19	19	16	4	4	23	21	23	28	28	28	24	4
O	O	O	O	O	O	O	O	O	O	O	B-NORP	O	O	O	O	B-GPE	I-GPE	I-GPE	O	O	O	O	O	O	B-ORG	I-ORG	O	O
</negative>
<negative>
Sihanouk	was	toppled	by	a	U.S	.	-backed	coup	in	1970	and	lent	his	support	to	the	Khmer	Rouge	,	then	a	small	band	of	jungle	guerrillas	,	against	the	new	government	.
NNP	VBD	VBN	IN	DT	NNP	.	NN	NN	IN	CD	CC	VBD	PRP$	NN	TO	DT	NNP	NNP	,	RB	DT	JJ	NN	IN	NN	NNS	,	IN	DT	JJ	NN	.
nsubjpass	auxpass	root	prep	det	nn	p	nn	pobj	prep	pobj	cc	conj	poss	dobj	prep	det	nn	pobj	p	advmod	det	amod	appos	prep	nn	pobj	p	prep	det	amod	pobj	p
3	3	0	3	9	9	3	9	4	3	10	3	3	15	13	13	19	19	16	3	24	24	24	19	24	27	25	3	13	32	32	29	3
B-PERSON	O	O	O	O	B-GPE	O	O	O	O	B-DATE	O	O	O	O	O	O	I-LOC	I-LOC	O	O	O	O	O	O	O	O	O	O	O	O	O	O
</negative>
<negative>
The	Khmer	Rouge	regime	,	however	,	proved	every	bit	as	rabidly	anti-Vietnamese	as	Lon	Nol	,	and	their	old	allies	responded	to	repeated	border	attacks	by	toppling	the	Khmer	Rouge	in	1979	.
DT	NNP	NNP	NN	,	RB	,	VBD	DT	RB	IN	JJ	NN	IN	NNP	NNP	,	CC	PRP$	JJ	NNS	VBD	TO	JJ	NN	NNS	IN	VBG	DT	NNP	NNP	IN	CD	.
det	nn	nn	nsubj	p	advmod	p	root	det	dobj	prep	amod	pobj	prep	nn	pobj	p	cc	poss	amod	nsubj	conj	prep	amod	nn	pobj	prep	pcomp	det	nn	dobj	prep	pobj	p
4	4	4	8	8	8	8	0	10	8	8	13	11	8	16	14	8	8	21	21	22	8	22	26	26	23	22	27	31	31	28	31	32	8
B-ORG	I-ORG	I-ORG	O	O	O	O	O	O	O	O	O	O	O	B-PERSON	I-PERSON	O	O	O	O	O	O	O	O	O	O	O	O	B-ORG	I-ORG	I-ORG	O	B-DATE	O
</negative>
<negative>
Hun	Sen	,	a	mid-ranking	Khmer	Rouge	commander	who	defected	to	escape	purges	,	rose	to	the	top	of	the	Hanoi	-installed	government	in	1985	and	has	been	Cambodia	's	most	powerful	figure	ever	since	.
NNP	NNP	,	DT	JJ	NNP	NNP	NN	WP	VBD	TO	VB	NNS	,	VBD	TO	DT	NN	IN	DT	NNP	JJ	NN	IN	CD	CC	VBZ	VBN	NNP	POS	RBS	JJ	NN	RB	IN	.
nn	nsubj	p	det	amod	nn	nn	appos	nsubj	rcmod	aux	xcomp	dobj	p	root	prep	det	pobj	prep	det	nn	amod	pobj	prep	pobj	cc	aux	cop	poss	possessive	advmod	amod	conj	advmod	prep	p
2	15	15	8	8	8	8	2	10	8	12	10	12	15	0	15	18	16	18	23	23	23	19	15	24	15	33	33	33	29	32	33	15	33	33	15
B-PERSON	I-PERSON	O	O	B-ORG	I-ORG	I-ORG	O	O	O	O	O	O	O	O	O	O	O	O	O	B-GPE	O	O	O	B-DATE	O	O	O	B-GPE	O	O	O	O	O	O	O
</negative>
<negative>
The	irony	is	that	he	was	a	leading	member	of	the	ousted	Khmer	Rouge	,	which	did	n't	permit	free	elections	during	its	five-year	reign	of	terror	.
DT	NN	VBZ	IN	PRP	VBD	DT	VBG	NN	IN	DT	VBN	NNP	NNP	,	WDT	VBD	RB	VB	JJ	NNS	IN	PRP$	JJ	NN	IN	NN	.
det	nsubj	root	complm	nsubj	cop	det	amod	ccomp	prep	det	amod	nn	pobj	p	nsubj	aux	neg	rcmod	amod	dobj	prep	poss	amod	pobj	prep	pobj	p
2	3	0	9	9	9	9	9	3	9	14	14	14	10	3	19	19	19	14	21	19	19	25	25	22	25	26	3
O	O	O	O	O	O	O	O	O	O	O	O	B-ORG	I-ORG	O	O	O	O	O	O	O	O	O	O	O	O	O	O
</negative>
<negative>
Chan	Youran	served	as	the	Khmer	Rouge	ambassador	to	many	countries	,	including	China	,	where	the	creed	of	cultural	revolution	originated	.
NNP	NNP	VBD	IN	DT	NNP	NNP	NN	TO	JJ	NNS	,	VBG	NNP	,	WRB	DT	NN	IN	JJ	NN	VBP	.
nn	nsubj	root	prep	det	nn	nn	pobj	prep	amod	pobj	p	prep	pobj	p	advmod	det	nsubj	prep	amod	pobj	rcmod	p
2	3	0	3	8	8	8	4	3	11	9	3	3	13	3	22	18	22	18	21	19	14	3
B-PERSON	I-PERSON	O	O	B-ORG	I-ORG	I-ORG	O	O	O	O	O	O	B-GPE	O	O	O	O	O	O	O	O	O
</negative>
<negative>
As	many	as	2	million	Cambodians	were	executed	or	died	from	starvation	,	forced	labor	and	illness	before	a	Vietnamese	invasion	toppled	the	Khmer	Rouge	in	1979	.
RB	JJ	IN	CD	CD	NNPS	VBD	VBN	CC	VBN	IN	NN	,	VBN	NN	CC	NN	IN	DT	JJ	NN	VBD	DT	NNP	NNP	IN	CD	.
quantmod	quantmod	quantmod	number	num	nsubjpass	auxpass	root	cc	conj	prep	pobj	p	partmod	dobj	cc	conj	mark	det	amod	nsubj	advcl	det	nn	dobj	prep	pobj	p
5	5	5	5	6	8	8	0	8	8	8	11	8	12	14	15	15	22	21	21	22	14	25	25	22	22	26	8
O	O	O	B-CARDINAL	I-CARDINAL	B-NORP	O	O	O	O	O	O	O	O	O	O	O	O	O	B-NORP	O	O	B-ORG	I-ORG	I-ORG	O	B-DATE	O
</negative>
<negative>
Their	defections	came	after	the	Khmer	Rouge	stronghold	in	Anlong	Veng	was	overrun	by	government	troops	in	April	and	they	advocated	ending	the	war	.
PRP$	NNS	VBD	IN	DT	NNP	NNP	NN	IN	NNP	NNP	VBD	NN	IN	NN	NNS	IN	NNP	CC	PRP	VBD	VBG	DT	NN	.
poss	nsubj	root	mark	det	nn	nn	nsubj	prep	nn	pobj	aux	advcl	prep	nn	pobj	prep	pobj	cc	nsubj	conj	xcomp	det	dobj	p
2	3	0	13	8	8	8	13	8	11	9	13	3	13	16	14	16	17	13	21	13	21	24	22	3
O	O	O	O	B-ORG	I-ORG	I-ORG	O	O	B-GPE	I-GPE	O	O	O	O	O	O	B-DATE	O	O	O	O	O	O	O
</negative>
<negative>
The	defectors	were	greeted	with	open	arms	by	the	government	of	strongman	Hun	Sen	,	who	has	spent	years	denouncing	the	Khmer	Rouge	but	found	that	the	best	way	of	beating	them	was	to	let	them	join	.
DT	NNS	VBD	VBN	IN	JJ	NNS	IN	DT	NN	IN	NNP	NNP	NNP	,	WP	VBZ	VBN	NNS	VBG	DT	NNP	NNP	CC	VBD	IN	DT	JJS	NN	IN	VBG	PRP	VBD	TO	VB	PRP	VB	.
det	nsubjpass	auxpass	root	prep	amod	pobj	prep	det	pobj	prep	nn	nn	pobj	p	nsubj	aux	rcmod	tmod	xcomp	det	nn	dobj	cc	conj	complm	det	amod	nsubj	prep	pcomp	dobj	ccomp	aux	xcomp	nsubj	ccomp	p
2	4	4	0	4	7	5	4	10	8	10	14	14	11	4	18	18	14	18	18	23	23	20	18	18	33	29	29	33	29	30	31	25	35	33	37	35	4
O	O	O	O	O	O	O	O	O	O	O	O	B-PERSON	I-PERSON	O	O	O	O	O	O	O	I-FAC	I-FAC	O	O	O	O	O	O	O	O	O	O	O	O	O	O	O
</negative>
<negative>
``	We	are	happy	to	take	part	in	the	elections	,	''	said	Kor	Bun	Heng	,	the	former	senior	spokesman	for	the	Khmer	Rouge	.
``	PRP	VBP	JJ	TO	VB	NN	IN	DT	NNS	,	''	VBD	NNP	NNP	NNP	,	DT	JJ	JJ	NN	IN	DT	NNP	NNP	.
p	nsubj	cop	ccomp	aux	xcomp	dobj	prep	det	pobj	p	p	root	nn	nn	nsubj	p	det	amod	amod	appos	prep	det	nn	pobj	p
13	4	4	13	6	4	6	6	10	8	13	13	0	16	16	13	13	21	21	21	16	21	25	25	22	13
O	O	O	O	O	O	O	O	O	O	O	O	O	B-PERSON	I-PERSON	I-PERSON	O	O	O	O	O	O	B-ORG	I-ORG	I-ORG	O
</negative>
<negative>
The	Khmer	Rouge	agreed	to	,	then	boycotted	,	U.N.-sponsored	elections	five	years	ago	.
DT	NNP	NNP	VBD	TO	,	RB	NNP	,	JJ	NNS	CD	NNS	RB	.
det	nn	nsubj	root	prep	p	dep	dep	p	amod	pobj	num	npadvmod	advmod	p
3	3	4	0	4	4	8	11	4	11	5	13	14	4	4
B-ORG	I-ORG	I-ORG	O	O	O	O	O	O	O	O	B-DATE	I-DATE	I-DATE	O
</negative>
<negative>
When	asked	why	it	took	so	long	to	come	around	,	Chan	Youran	asked	the	age	of	his	Cambodian	interviewer	.
WRB	VBD	WRB	PRP	VBD	RB	RB	TO	VB	RP	,	NNP	NNP	VBD	DT	NN	IN	PRP$	JJ	NN	.
advmod	advcl	advmod	nsubj	advcl	advmod	advmod	aux	xcomp	prt	p	nn	nsubj	root	det	dobj	prep	poss	amod	pobj	p
2	14	5	5	2	7	5	9	5	9	14	13	14	0	16	14	16	20	20	17	14
O	O	O	O	O	O	O	O	O	O	O	B-PERSON	I-PERSON	O	O	O	O	O	B-NORP	O	O
</negative>
<negative>
Cambodian	leader	Hun	Sen	said	Saturday	that	a	former	Khmer	Rouge	general	wanted	for	the	abduction	and	murder	of	three	Western	tourists	in	1994	has	been	arrested	and	will	stand	trial	in	Phnom	Penh	.
JJ	NN	NNP	NNP	VBD	NNP	IN	DT	JJ	NNP	NNP	NN	VBD	IN	DT	NN	CC	NN	IN	CD	JJ	NNS	IN	CD	VBZ	VBN	VBN	CC	MD	VB	NN	IN	NNP	NNP	.
amod	nn	nn	nsubj	root	tmod	complm	det	amod	nn	nn	nsubj	ccomp	mark	det	nsubjpass	cc	conj	prep	num	amod	pobj	prep	pobj	aux	auxpass	advcl	cc	aux	conj	dobj	prep	nn	pobj	p
4	4	4	5	0	5	13	12	12	12	12	13	5	27	16	27	16	16	16	22	22	19	22	23	27	27	13	13	30	13	30	30	34	32	5
B-NORP	O	B-PERSON	I-PERSON	O	B-DATE	O	O	O	B-ORG	I-ORG	O	O	O	O	O	O	O	O	B-CARDINAL	B-NORP	O	O	B-DATE	O	O	O	O	O	O	O	O	B-GPE	I-GPE	O
</negative>
<negative>
Nuon	Paet	led	a	band	of	Khmer	Rouge	guerrillas	who	halted	a	train	in	1994	and	abducted	three	young	Western	tourists	:	David	Wilson	of	Australia	,	Mark	Slater	of	Britain	and	Jean-Michel	Braquet	of	France	.
NNP	NNP	VBD	DT	NN	IN	NNP	NNP	NNS	WP	VBD	DT	NN	IN	CD	CC	VBN	CD	JJ	JJ	NNS	:	NNP	NNP	IN	NNP	,	NNP	NNP	IN	NNP	CC	NNP	NNP	IN	NNP	.
nn	nsubj	root	det	dobj	prep	nn	nn	pobj	nsubj	rcmod	det	dobj	prep	pobj	cc	conj	num	amod	amod	dobj	p	nn	conj	prep	pobj	p	nn	conj	prep	pobj	cc	nn	conj	prep	pobj	p
2	3	0	5	3	5	9	9	6	11	5	13	11	11	14	11	11	21	21	21	17	3	24	5	24	25	3	29	5	29	30	5	34	5	34	35	3
B-PERSON	I-PERSON	O	O	O	O	B-ORG	I-ORG	O	O	O	O	O	O	B-DATE	O	O	B-CARDINAL	O	B-NORP	O	O	B-PERSON	I-PERSON	O	B-GPE	O	B-PERSON	I-PERSON	O	B-GPE	O	B-PERSON	I-PERSON	O	B-GPE	O
</negative>
<negative>
Pailin	is	a	former	Khmer	Rouge	stronghold	on	Cambodia	's	western	border	.
NNP	VBZ	DT	JJ	NNP	NNP	NN	IN	NNP	POS	JJ	NN	.
nsubj	cop	det	amod	nn	nn	root	prep	poss	possessive	amod	pobj	p
7	7	7	7	7	7	0	7	12	9	12	8	7
B-GPE	O	O	O	B-ORG	I-ORG	O	O	B-GPE	O	O	O	O
</negative>
<negative>
The	defections	,	initiated	by	high-ranking	Khmer	Rouge	figure	Ieng	Sary	,	crippled	the	revolutionary	movement	and	have	given	the	country	its	best	chance	for	peace	in	decades	.
DT	NNS	,	VBN	IN	JJ	NNP	NNP	NN	NNP	NNP	,	VBN	DT	JJ	NN	CC	VBP	VBN	DT	NN	PRP$	JJS	NN	IN	NN	IN	NNS	.
det	nsubj	p	partmod	prep	amod	nn	nn	nn	nn	pobj	p	root	det	amod	dobj	cc	aux	conj	det	iobj	poss	amod	dobj	prep	pobj	prep	pobj	p
2	13	13	2	4	11	11	11	11	11	5	13	0	16	16	13	13	19	13	21	19	24	24	19	24	25	19	27	13
O	O	O	O	O	O	B-ORG	I-ORG	O	B-PERSON	I-PERSON	O	O	O	O	O	O	O	O	O	O	O	O	O	O	O	O	B-DATE	O
</negative>
<negative>
At	least	10	foreigners	have	been	taken	hostage	and	subsequently	killed	by	Khmer	Rouge	guerrillas	since	1994	.
IN	JJS	CD	NNS	VBP	VBN	VBN	NN	CC	RB	VBN	IN	NNP	NNP	NNS	IN	CD	.
quantmod	mwe	num	nsubjpass	aux	auxpass	root	dobj	cc	advmod	conj	prep	nn	nn	pobj	prep	pobj	p
3	1	4	7	7	7	0	7	7	11	7	11	15	15	12	11	16	7
B-CARDINAL	I-CARDINAL	I-CARDINAL	O	O	O	O	O	O	O	O	O	B-ORG	I-ORG	O	O	B-DATE	O
</negative>
<negative>
While	it	is	possible	there	are	some	tiny	bands	of	guerrillas	still	wandering	the	jungles	,	Thayer	said	he	knew	of	no	sizeable	Khmer	Rouge	fighting	force	that	could	pose	a	viable	threat	to	the	government	.
IN	PRP	VBZ	JJ	EX	VBP	DT	JJ	NNS	IN	NNS	RB	VBG	DT	NNS	,	NNP	VBD	PRP	VBD	IN	DT	JJ	NNP	NNP	NN	NN	WDT	MD	VB	DT	JJ	NN	TO	DT	NN	.
mark	nsubj	cop	advcl	expl	dep	det	amod	nsubj	prep	pobj	advmod	partmod	det	dobj	p	nsubj	root	nsubj	ccomp	prep	det	amod	nn	nn	nn	pobj	nsubj	aux	rcmod	det	amod	dobj	prep	det	pobj	p
4	4	4	18	6	4	9	9	6	9	10	13	11	15	13	18	18	0	20	18	20	27	27	27	27	27	21	30	30	27	33	33	30	30	36	34	18
O	O	O	O	O	O	O	O	O	O	O	O	O	O	O	O	B-PERSON	O	O	O	O	O	O	B-LOC	I-LOC	O	O	O	O	O	O	O	O	O	O	O	O
</negative>
<negative>
With	the	Khmer	Rouge	laying	down	their	arms	and	Hun	Sen	and	Ranariddh	working	together	,	the	country	is	poised	to	begin	perhaps	its	most	stable	period	in	decades	.
IN	DT	NNP	NNP	VBG	RP	PRP$	NNS	CC	NNP	NNP	CC	NNP	VBG	RB	,	DT	NN	VBZ	VBN	TO	VB	RB	PRP$	RBS	JJ	NN	IN	NNS	.
prep	det	nn	nsubj	pcomp	prt	poss	dobj	cc	nn	conj	cc	conj	partmod	advmod	p	det	nsubjpass	auxpass	root	aux	xcomp	advmod	poss	advmod	amod	dobj	prep	pobj	p
20	4	4	5	1	5	8	5	8	11	8	8	8	13	14	20	18	20	20	0	22	20	22	27	26	27	22	27	28	20
O	B-ORG	I-ORG	I-ORG	O	O	O	O	O	B-PERSON	I-PERSON	O	B-PERSON	O	O	O	O	O	O	O	O	O	O	O	O	O	O	O	B-DATE	O
</negative>
<negative>
Nearly	two	million	people	died	of	execution	,	overwork	,	starvation	or	disease	under	the	Khmer	Rouge	until	they	were	ousted	from	power	by	a	Vietnamese	invasion	in	1979	.
RB	CD	CD	NNS	VBD	IN	NN	,	NN	,	NN	CC	NN	IN	DT	NNP	NNP	IN	PRP	VBD	VBN	IN	NN	IN	DT	JJ	NN	IN	CD	.
quantmod	number	num	nsubj	root	prep	pobj	p	conj	p	conj	cc	conj	prep	det	nn	pobj	mark	nsubjpass	auxpass	advcl	prep	pobj	prep	det	amod	pobj	prep	pobj	p
3	3	4	5	0	5	6	5	7	5	7	7	7	5	17	17	14	21	21	21	5	21	22	21	27	27	24	27	28	5
B-CARDINAL	I-CARDINAL	I-CARDINAL	O	O	O	O	O	O	O	O	O	O	O	O	I-LOC	I-LOC	O	O	O	O	O	O	O	O	B-NORP	O	O	B-DATE	O
</negative>
<negative>
The	last	main	fighting	force	of	the	Khmer	Rouge	,	the	radical	Marxist	guerrillas	who	killed	nearly	two	million	Cambodians	,	have	surrendered	to	the	government	,	a	journalist	close	to	the	rebels	said	on	Saturday	.
DT	JJ	JJ	NN	NN	IN	DT	NNP	NNP	,	DT	JJ	JJ	NNS	WP	VBD	RB	CD	CD	NNPS	,	VBP	VBN	TO	DT	NN	,	DT	NN	RB	TO	DT	NNS	VBD	IN	NNP	.
det	amod	amod	nn	nsubj	prep	det	nn	pobj	p	det	amod	amod	appos	nsubj	rcmod	quantmod	number	num	dobj	p	aux	ccomp	prep	det	pobj	p	det	nsubj	advmod	prep	det	pobj	root	prep	pobj	p
5	5	5	5	23	5	9	9	6	34	14	14	14	5	16	14	19	19	20	16	34	23	34	23	26	24	34	29	34	34	30	33	31	0	34	35	34
O	O	O	O	O	O	O	I-NORP	I-NORP	O	O	O	B-NORP	O	O	O	B-CARDINAL	I-CARDINAL	I-CARDINAL	B-NORP	O	O	O	O	O	O	O	O	O	O	O	O	O	O	O	B-DATE	O
</negative>
<negative>
In	1997	,	Thayer	became	the	first	journalist	allowed	to	interview	the	Khmer	Rouge	's	late	leader	Pol	Pot	,	who	had	not	been	seen	in	public	in	nearly	two	decades	,	and	who	died	in	April	this	year	.
IN	CD	,	NNP	VBD	DT	JJ	NN	VBD	TO	VB	DT	NNP	NNP	POS	JJ	NN	NNP	NNP	,	WP	VBD	RB	VBN	VBN	IN	NN	IN	RB	CD	NNS	,	CC	WP	VBD	IN	NNP	DT	NN	.
prep	pobj	p	nsubj	root	det	amod	nsubj	dep	aux	xcomp	det	nn	poss	possessive	amod	dobj	nn	dobj	p	nsubjpass	aux	neg	auxpass	rcmod	prep	pobj	prep	quantmod	num	pobj	p	cc	nsubj	conj	prep	pobj	det	tmod	p
5	1	5	5	0	8	8	9	5	11	9	14	14	17	14	17	11	19	9	5	25	25	25	25	19	25	26	27	30	31	28	5	9	35	9	35	36	39	35	5
O	B-DATE	O	B-PERSON	O	O	B-ORDINAL	O	O	O	O	O	I-NORP	I-NORP	O	O	O	B-PERSON	I-PERSON	O	O	O	O	O	O	O	O	O	O	B-DATE	I-DATE	O	O	O	O	O	B-DATE	I-DATE	I-DATE	O
</negative>
<negative>
The	surrender	of	the	Khmer	Rouge	would	bring	to	an	end	more	than	30	years	of	civil	war	in	Cambodia	that	began	with	the	Marxist	guerrilla	's	insurgency	against	the	government	in	Phnom	Penh	in	the	late	1960s	.
DT	NN	IN	DT	NNP	NNP	MD	VB	TO	DT	NN	JJR	IN	CD	NNS	IN	JJ	NN	IN	NNP	WDT	VBD	IN	DT	JJ	NN	POS	NN	IN	DT	NN	IN	NNP	NNP	IN	DT	JJ	NNS	.
det	nsubj	prep	det	nn	pobj	aux	root	prep	det	pobj	mwe	quantmod	num	dobj	prep	amod	pobj	prep	pobj	nsubj	rcmod	prep	det	amod	poss	possessive	pobj	prep	det	pobj	prep	nn	pobj	prep	det	amod	pobj	p
2	8	2	6	6	3	8	0	8	11	9	13	14	15	8	15	18	16	18	19	22	18	22	26	26	28	26	23	22	31	29	31	34	32	34	38	38	35	8
O	O	O	O	I-LANGUAGE	I-LOC	O	O	O	O	O	O	O	B-DATE	I-DATE	O	O	O	O	B-GPE	O	O	O	O	B-NORP	O	O	O	O	O	O	O	B-GPE	I-GPE	O	B-DATE	I-DATE	I-DATE	O
</negative>
<negative>
They	apparently	no	longer	command	any	troops	,	but	their	former	followers	did	not	want	to	give	them	up	.
PRP	RB	RB	RB	VB	DT	NNS	,	CC	PRP$	JJ	NNS	VBD	RB	VB	TO	VB	PRP	RP	.
nsubj	advmod	advmod	advmod	root	det	dobj	p	cc	poss	amod	nsubj	aux	neg	conj	aux	xcomp	dobj	prt	p
5	5	4	5	0	7	5	5	5	12	12	15	15	15	5	17	15	17	17	5
O	O	O	O	O	O	O	O	O	O	O	O	O	O	O	O	O	O	O	O
</negative>
<negative>
Khem	Nuon	claimed	he	was	negotiating	on	behalf	of	5,000	remaining	ragtag	troops	and	15,000	civilians	living	under	Khmer	Rouge	control	.
NNP	NNP	VBD	PRP	VBD	VBG	IN	NN	IN	CD	VBG	NN	NNS	CC	CD	NNS	VBG	IN	NNP	NNP	NN	.
nn	nsubj	root	nsubj	aux	ccomp	prep	pobj	prep	num	amod	nn	pobj	cc	num	conj	partmod	prep	nn	nn	pobj	p
2	3	0	6	6	3	6	7	8	13	13	13	9	13	16	13	16	17	21	21	18	3
B-PERSON	I-PERSON	O	O	O	O	O	O	O	B-CARDINAL	O	O	O	O	B-CARDINAL	O	O	O	B-LOC	I-LOC	O	O
</negative>
<negative>
While	it	is	possible	there	are	some	tiny	bands	of	guerrillas	still	wandering	the	jungles	,	Thayer	said	he	knew	of	no	sizable	Khmer	Rouge	fighting	force	that	could	pose	a	viable	threat	to	the	government	.
IN	PRP	VBZ	JJ	EX	VBP	DT	JJ	NNS	IN	NNS	RB	VBG	DT	NNS	,	NNP	VBD	PRP	VBD	IN	DT	JJ	NNP	NNP	NN	NN	WDT	MD	VB	DT	JJ	NN	TO	DT	NN	.
mark	nsubj	cop	advcl	expl	dep	det	amod	nsubj	prep	pobj	advmod	partmod	det	dobj	p	nsubj	root	nsubj	ccomp	prep	det	amod	nn	nn	nn	pobj	nsubj	aux	rcmod	det	amod	dobj	prep	det	pobj	p
4	4	4	18	6	4	9	9	6	9	10	13	11	15	13	18	18	0	20	18	20	27	27	27	27	27	21	30	30	27	33	33	30	30	36	34	18
O	O	O	O	O	O	O	O	O	O	O	O	O	O	O	O	B-PERSON	O	O	O	O	O	O	B-LOC	I-LOC	O	O	O	O	O	O	O	O	O	O	O	O
</negative>
<negative>
The	last	main	fighting	force	of	the	Khmer	Rouge	,	the	radical	Marxist	guerrillas	who	killed	nearly	two	million	Cambodians	,	surrendered	to	the	government	in	a	ceremony	broadcast	on	national	television	Saturday	.
DT	JJ	JJ	NN	NN	IN	DT	NNP	NNP	,	DT	JJ	JJ	NNS	WP	VBD	RB	CD	CD	NNPS	,	VBD	TO	DT	NN	IN	DT	NN	NN	IN	JJ	NN	NNP	.
det	amod	amod	nn	nsubj	prep	det	nn	pobj	p	det	amod	amod	appos	nsubj	rcmod	quantmod	number	num	dobj	p	root	prep	det	pobj	prep	det	nn	pobj	prep	amod	pobj	tmod	p
5	5	5	5	22	5	9	9	6	22	14	14	14	5	16	14	19	19	20	16	22	0	22	25	23	25	29	29	26	29	32	30	22	22
O	O	O	O	O	O	O	I-NORP	I-NORP	O	O	O	B-NORP	O	O	O	B-CARDINAL	I-CARDINAL	I-CARDINAL	B-NORP	O	O	O	O	O	O	O	O	O	O	O	O	B-DATE	O
</negative>
<negative>
The	Khmer	Rouge	laying	down	their	arms	brings	to	an	end	more	than	30	years	of	civil	war	in	Cambodia	that	began	with	the	Marxist	guerrillas	'	insurgency	against	the	government	in	Phnom	Penh	in	the	late	1960s	.
DT	NNP	NNP	VBG	RP	PRP$	NNS	VBZ	TO	DT	NN	JJR	IN	CD	NNS	IN	JJ	NN	IN	NNP	WDT	VBD	IN	DT	JJ	NNS	POS	NN	IN	DT	NN	IN	NNP	NNP	IN	DT	JJ	NNS	.
det	nn	nsubj	partmod	prt	poss	dobj	root	prep	det	pobj	mwe	quantmod	num	dobj	prep	amod	pobj	prep	pobj	nsubj	rcmod	prep	det	amod	poss	p	pobj	prep	det	pobj	prep	nn	pobj	prep	det	amod	pobj	p
3	3	8	3	4	7	4	0	8	11	9	13	14	15	8	15	18	16	18	19	22	15	22	26	26	28	8	23	22	31	29	31	34	32	34	38	38	35	8
B-ORG	I-ORG	I-ORG	O	O	O	O	O	O	O	O	O	O	B-DATE	I-DATE	O	O	O	O	B-GPE	O	O	O	O	B-NORP	O	O	O	O	O	O	O	B-GPE	I-GPE	O	B-DATE	I-DATE	I-DATE	O
</negative>
<negative>
Although	the	three	no	longer	command	any	troops	,	their	former	followers	apparently	did	not	want	to	give	them	up	.
IN	DT	CD	RB	RB	VB	DT	NNS	,	PRP$	JJ	NNS	RB	VBD	RB	VB	TO	VB	PRP	RP	.
mark	det	nsubj	advmod	advmod	advcl	det	dobj	p	poss	amod	nsubj	advmod	aux	neg	root	aux	xcomp	dobj	prt	p
6	3	6	5	6	16	8	6	16	12	12	16	16	16	16	0	18	16	18	18	16
O	O	B-CARDINAL	O	O	O	O	O	O	O	O	O	O	O	O	O	O	O	O	O	O
</negative>
<negative>
Thayer	,	who	in	1997	became	the	first	journalist	to	interview	the	late	Khmer	Rouge	leader	Pol	Pot	,	is	one	of	few	outsiders	trusted	by	the	guerrillas	.
NNP	,	WP	IN	CD	VBD	DT	JJ	NN	TO	VB	DT	JJ	NNP	NNP	NN	NNP	NNP	,	VBZ	CD	IN	JJ	NNS	VBN	IN	DT	NNS	.
nsubj	p	nsubj	prep	pobj	cop	det	amod	rcmod	aux	xcomp	det	amod	nn	nn	nn	nn	dobj	p	cop	root	prep	amod	pobj	partmod	prep	det	pobj	p
21	21	9	9	4	9	9	9	1	11	9	18	18	18	18	18	18	11	21	21	0	21	24	22	24	25	28	26	21
B-PERSON	O	O	O	B-DATE	O	O	B-ORDINAL	O	O	O	O	I-LANGUAGE	B-ORG	I-ORG	O	B-PERSON	I-PERSON	O	O	B-QUANTITY	I-QUANTITY	I-QUANTITY	O	O	O	O	O	O
</negative>
<negative>
Although	Cambodia	still	faces	many	problems	,	with	the	Khmer	Rouge	laying	down	their	arms	and	Hun	Sen	and	Ranariddh	working	together	,	the	country	is	poised	to	begin	perhaps	its	most	potentially	stable	period	in	decades	.
IN	NNP	RB	VBZ	JJ	NNS	,	IN	DT	NNP	NNP	VBG	RP	PRP$	NNS	CC	NNP	NNP	CC	NNP	VBG	RB	,	DT	NN	VBZ	VBN	TO	VB	RB	PRP$	RBS	RB	JJ	NN	IN	NNS	.
mark	nsubj	advmod	advcl	amod	dobj	p	prep	det	nn	pobj	partmod	prt	poss	dobj	cc	nn	conj	cc	conj	partmod	advmod	p	det	nsubjpass	auxpass	root	aux	xcomp	advmod	poss	advmod	advmod	amod	dobj	prep	pobj	p
4	4	4	27	6	4	27	4	11	11	8	11	12	15	12	15	18	15	15	15	20	21	27	25	27	27	0	29	27	29	35	34	34	35	29	35	36	27
O	B-GPE	O	O	O	O	O	O	O	I-LOC	I-LOC	O	O	O	O	O	B-PERSON	I-PERSON	O	B-PERSON	O	O	O	O	O	O	O	O	O	O	O	O	O	O	O	O	B-DATE	O
</negative>
<negative>
Key	events	in	the	history	of	Cambodia	's	Khmer	Rouge	movement	:	___	_	1949-52	:	Saloth	Sar	,	later	known	as	Pol	Pot	,	goes	to	Paris	on	government	scholarship	and	becomes	absorbed	with	communist	ideology	.
NN	NNS	IN	DT	NN	IN	NNP	POS	NNP	NNP	NN	:	NNP	NNP	NNP	:	NNP	NNP	,	RB	VBN	IN	NNP	NNP	,	VBZ	TO	NNP	IN	NN	NN	CC	VBZ	VBN	IN	JJ	NN	.
nn	root	prep	det	pobj	prep	poss	possessive	nn	nn	pobj	p	nn	nn	dep	p	nn	nsubj	p	advmod	partmod	prep	nn	pobj	p	dep	prep	pobj	prep	nn	pobj	cc	auxpass	conj	prep	amod	pobj	p
2	0	2	5	3	5	11	7	11	11	6	2	15	15	2	2	18	26	2	21	18	21	24	22	2	15	26	27	26	31	29	26	34	26	34	37	35	2
O	O	O	O	O	O	B-GPE	O	B-ORG	I-ORG	O	O	O	O	O	O	B-PERSON	I-PERSON	O	O	O	O	B-PERSON	I-PERSON	O	O	O	B-GPE	O	O	O	O	O	O	O	O	O	O
</negative>
<negative>
1960-68	:	Khmer	Rouge	leaders	flee	to	jungle	to	escape	repression	.
CD	:	NNP	NNP	NNS	VB	TO	NN	TO	VB	NN	.
root	p	nn	nn	nsubj	dep	prep	pobj	aux	xcomp	dobj	p
0	1	5	5	6	1	6	7	10	6	10	1
O	O	B-ORG	I-ORG	O	O	O	O	O	O	O	O
</negative>
<negative>
Khmer	Rouge	takes	up	arms	in	support	of	peasants	against	a	government	rice	tax	.
NNP	NNP	VBZ	RP	NNS	IN	NN	IN	NNS	IN	DT	NN	NN	NN	.
nn	nsubj	root	prt	dobj	prep	pobj	prep	pobj	prep	det	nn	nn	pobj	p
2	3	0	3	3	5	6	7	8	9	14	14	14	10	3
B-ORG	I-ORG	O	O	O	O	O	O	O	O	O	O	O	O	O
</negative>
<negative>
1970	:	U.S	.	-backed	right-wing	coup	topples	Sihanouk	;	civil	war	begins	between	Khmer	Rouge	and	new	military	government	.
CD	:	NNP	.	JJ	JJ	NN	VBZ	NNP	:	JJ	NN	VBZ	IN	NNP	NNP	CC	JJ	JJ	NN	.
dep	p	dep	p	amod	amod	nsubj	root	dobj	p	amod	nsubj	parataxis	prep	nn	pobj	cc	amod	amod	conj	p
8	8	1	8	7	7	8	0	8	8	12	13	8	13	16	14	16	20	20	16	8
B-DATE	O	B-GPE	O	O	O	O	O	B-PERSON	O	O	O	O	O	B-ORG	I-ORG	O	O	O	O	O
</negative>
<negative>
1978	:	Vietnam	invades	Cambodia	to	stop	Khmer	Rouge	border	attacks	.
CD	:	NNP	VBZ	NNP	TO	VB	NNP	NNP	NN	NNS	.
root	p	nsubj	dep	nsubj	aux	xcomp	nn	nn	nn	dobj	p
0	1	4	1	7	7	4	11	11	11	7	1
B-DATE	O	B-GPE	O	B-GPE	O	O	B-LOC	I-LOC	O	O	O
</negative>
<negative>
1982	:	Khmer	Rouge	forms	alliance	with	royalist	,	republican	forces	to	expel	Vietnamese	occupation	forces	.
CD	:	NNP	NNP	NNS	NN	IN	JJ	,	JJ	NNS	TO	VB	JJ	NN	NNS	.
root	p	nn	nn	nn	dep	prep	amod	p	amod	pobj	aux	infmod	amod	nn	dobj	p
0	1	6	6	6	1	6	11	1	11	7	13	6	16	16	13	1
B-DATE	O	B-ORG	I-ORG	O	O	O	O	O	O	O	O	O	B-NORP	O	O	O
</negative>
<negative>
1993	:	Khmer	Rouge	boycotts	United	Nations	-supervised	general	election	.
CD	:	NNP	NNP	NNP	NNP	NNPS	JJ	JJ	NN	.
root	p	nn	nn	nn	nn	dep	amod	amod	dep	p
0	1	7	7	7	7	1	10	10	7	1
B-DATE	O	B-ORG	I-ORG	O	B-ORG	I-ORG	O	O	O	O
</negative>
<negative>
1996	:	Government	announces	Khmer	Rouge	breakup	.
CD	:	NNP	NNP	NNP	NNP	NN	.
root	p	nn	nn	nn	nn	dep	p
0	1	7	7	7	7	1	1
B-DATE	O	O	O	B-ORG	I-ORG	O	O
</negative>
<negative>
4	,	1998	:	Last	main	Khmer	Rouge	fighting	force	surrenders	to	government	.
CD	,	CD	:	JJ	JJ	NNP	NNP	NN	NN	NNS	TO	NN	.
root	p	appos	p	amod	amod	nn	nn	nn	nn	dep	prep	pobj	p
0	1	1	1	11	11	11	11	11	11	1	11	12	1
B-CARDINAL	O	B-DATE	O	O	O	B-ORG	I-ORG	O	O	O	O	O	O
</negative>
<negative>
26	,	1998	:	Two	of	last	three	historic	Khmer	Rouge	leaders	Khieu	Samphan	and	Nuon	Chea	,	defect	to	government	.
CD	,	CD	:	CD	IN	JJ	CD	JJ	NNP	NNP	NNS	NNP	NNP	CC	NNP	NNP	,	VB	TO	NN	.
nsubj	p	num	p	appos	prep	amod	num	amod	nn	nn	pobj	nn	dep	cc	nn	conj	p	root	prep	pobj	p
19	19	5	19	1	5	12	12	12	12	12	6	14	12	12	17	12	19	0	19	20	19
B-CARDINAL	O	B-DATE	O	B-CARDINAL	O	O	B-CARDINAL	O	B-ORG	I-ORG	O	B-PERSON	I-PERSON	O	B-PERSON	I-PERSON	O	O	O	O	O
</negative>
<negative>
Two	leaders	of	the	Khmer	Rouge	reign	of	terror	in	the	1970s	defected	to	the	government	Saturday	in	a	deal	marking	the	death	rattle	of	the	bloodstained	revolutionary	group	but	unlikely	to	bring	them	to	justice	.
CD	NNS	IN	DT	NNP	NNP	NN	IN	NN	IN	DT	NNS	VBD	TO	DT	NN	NNP	IN	DT	NN	VBG	DT	NN	NN	IN	DT	JJ	JJ	NN	CC	JJ	TO	VB	PRP	TO	NN	.
num	nsubj	prep	det	nn	nn	pobj	prep	pobj	prep	det	pobj	root	prep	det	pobj	tmod	prep	det	pobj	partmod	det	nn	dobj	prep	det	amod	amod	pobj	cc	conj	aux	xcomp	dobj	prep	pobj	p
2	13	2	7	7	7	3	7	8	9	12	10	0	13	16	14	13	13	20	18	20	24	24	21	24	29	29	29	25	13	13	33	31	33	33	35	13
B-CARDINAL	O	O	B-ORG	I-ORG	I-ORG	O	O	O	O	O	B-DATE	O	O	O	O	B-DATE	O	O	O	O	O	O	O	O	O	O	O	O	O	O	O	O	O	O	O	O
</negative>
<negative>
Khieu	Samphan	,	long	the	nominal	Khmer	Rouge	leader	while	others	held	real	power	,	and	political	chief	Nuon	Chea	said	in	letters	read	by	Hun	Sen	on	national	radio	that	they	wished	to	become	``	ordinary	citizens	.	''
NNP	NNP	,	RB	DT	JJ	NNP	NNP	NN	IN	NNS	VBD	JJ	NN	,	CC	JJ	NN	NNP	NNP	VBD	IN	NNS	VBD	IN	NNP	NNP	IN	JJ	NN	IN	PRP	VBD	TO	VB	``	JJ	NNS	.	''
nn	nsubj	p	advmod	det	amod	nn	nn	nsubj	mark	nsubj	dep	amod	dobj	p	cc	amod	nn	nn	nsubj	conj	prep	pobj	root	prep	nn	pobj	prep	amod	pobj	complm	nsubj	ccomp	aux	cop	p	amod	xcomp	p	p
2	24	24	24	9	9	9	9	24	12	12	9	14	12	24	12	20	20	20	21	12	21	22	0	24	27	25	27	30	28	33	33	24	38	38	24	38	33	24	24
B-PERSON	I-PERSON	O	O	O	O	B-ORG	I-ORG	O	O	O	O	O	O	O	O	O	O	B-PERSON	I-PERSON	O	O	O	O	O	B-PERSON	I-PERSON	O	O	O	O	O	O	O	O	O	O	O	O	O
</negative>
<negative>
The	defections	leave	at	large	only	one	major	Khmer	Rouge	figure	,	the	one	-	legged	general	Ta	Mok	,	known	as	``	The	Butcher	,	''	and	fewer	than	100	die-hard	loyalists	.
DT	NNS	VBP	IN	JJ	RB	CD	JJ	NNP	NNP	NN	,	DT	NN	:	VBD	JJ	NNP	NNP	,	VBN	IN	``	DT	NNP	,	''	CC	JJR	IN	CD	JJ	NNS	.
det	nsubj	root	advmod	advmod	advmod	num	amod	nn	nn	nsubj	p	det	nsubj	p	ccomp	amod	nn	dobj	p	partmod	prep	p	det	pobj	p	p	cc	mwe	quantmod	num	amod	conj	p
2	3	0	16	4	16	11	11	11	11	16	3	14	16	3	3	19	19	16	3	19	21	3	25	22	3	3	25	30	31	33	33	25	3
O	O	O	O	O	O	O	O	B-LOC	I-LOC	O	O	O	O	O	O	O	B-PERSON	I-PERSON	O	O	O	O	O	O	O	O	O	O	O	B-CARDINAL	O	O	O
</negative>
<negative>
The	Khmer	Rouge	emptied	the	cities	and	sent	the	populations	to	agricultural	labor	camps	in	the	countryside	.
DT	NNP	NNP	VBZ	DT	NNS	CC	VBD	DT	NNS	TO	JJ	NN	NNS	IN	DT	NN	.
det	nn	nsubj	root	det	dobj	cc	conj	det	dobj	prep	amod	nn	pobj	prep	det	pobj	p
3	3	4	0	6	4	4	4	10	8	8	14	14	11	8	17	15	4
B-ORG	I-ORG	I-ORG	O	O	O	O	O	O	O	O	O	O	O	O	O	O	O
</negative>
<negative>
Longtime	Khmer	Rouge	leader	Pol	Pot	_	purged	in	a	bloody	power	struggle	last	year	_	died	of	a	purported	heart	attack	in	April	under	house	arrest	by	his	ex-	comrades	.
JJ	NNP	NNP	NN	NNP	NNP	NNP	VBN	IN	DT	JJ	NN	NN	JJ	NN	RB	VBD	IN	DT	JJ	NN	NN	IN	NNP	IN	NN	NN	IN	PRP$	JJ	NNS	.
amod	nn	nn	nn	nn	nn	nsubj	partmod	prep	det	amod	nn	pobj	amod	tmod	advmod	root	prep	det	amod	nn	pobj	prep	pobj	prep	nn	pobj	prep	poss	amod	pobj	p
7	7	7	7	7	7	17	7	8	13	13	13	9	15	8	17	0	17	22	22	22	18	22	23	17	27	25	17	31	31	28	17
B-ORG	I-ORG	I-ORG	O	B-PERSON	I-PERSON	O	O	O	O	O	O	O	B-DATE	I-DATE	O	O	O	O	O	O	O	O	B-DATE	O	O	O	O	O	O	O	O
</negative>
<negative>
Over	the	past	two	years	,	the	government	has	adopted	a	policy	of	negotiating	de	facto	amnesty	with	Khmer	Rouge	leaders	to	persuade	them	to	end	nearly	two	decades	of	stalemated	civil	war	.
IN	DT	JJ	CD	NNS	,	DT	NN	VBZ	VBN	DT	NN	IN	VBG	FW	FW	NN	IN	NNP	NNP	NNS	TO	VB	PRP	TO	VB	RB	CD	NNS	IN	JJ	JJ	NN	.
prep	det	amod	num	pobj	p	det	nsubj	aux	root	det	dobj	prep	pcomp	nn	amod	dobj	prep	nn	nn	pobj	aux	infmod	nsubj	aux	xcomp	quantmod	num	dobj	prep	amod	amod	pobj	p
10	5	5	5	1	10	8	10	10	0	12	10	12	13	16	17	14	14	21	21	18	23	21	26	26	23	28	29	26	29	33	33	30	10
O	B-DATE	I-DATE	I-DATE	I-DATE	O	O	O	O	O	O	O	O	O	O	O	O	O	B-ORG	I-ORG	O	O	O	O	O	O	O	B-DATE	I-DATE	O	O	O	O	O
</negative>
<negative>
The	area	is	controlled	by	one	of	their	old	comrades	,	Pol	Pot	's	brother-in-law	Ieng	Sary	,	the	first	Khmer	Rouge	leader	to	make	peace	with	the	government	.
DT	NN	VBZ	VBN	IN	CD	IN	PRP$	JJ	NNS	,	NNP	NNP	POS	NN	NNP	NNP	,	DT	JJ	NNP	NNP	NN	TO	VB	NN	IN	DT	NN	.
det	nsubjpass	auxpass	root	prep	pobj	prep	poss	amod	pobj	p	nn	poss	possessive	appos	nn	dobj	p	det	amod	nn	nn	appos	aux	xcomp	dobj	prep	det	pobj	p
2	4	4	0	4	5	6	10	10	7	4	13	15	13	10	17	4	4	23	23	23	23	17	25	4	25	25	29	27	4
O	O	O	O	O	B-CARDINAL	O	O	O	O	O	B-PERSON	I-PERSON	I-PERSON	O	B-PERSON	I-PERSON	O	O	I-ORDINAL	B-ORG	I-ORG	O	O	O	O	O	O	O	O
</negative>
<negative>
Their	letters	said	they	had	sealed	their	defection	by	telephone	Friday	with	Hun	Sen	,	who	formed	a	new	government	last	month	expected	to	curb	the	political	instability	long	exploited	by	the	Khmer	Rouge	.
PRP$	NNS	VBD	PRP	VBD	VBN	PRP$	NN	IN	NN	NNP	IN	NNP	NNP	,	WP	VBD	DT	JJ	NN	JJ	NN	VBN	TO	VB	DT	JJ	NN	RB	VBN	IN	DT	NNP	NNP	.
poss	nsubj	root	nsubj	aux	ccomp	poss	dobj	prep	pobj	dep	prep	nn	pobj	p	nsubj	rcmod	det	amod	dobj	amod	tmod	dep	aux	xcomp	det	amod	dobj	advmod	partmod	prep	det	nn	pobj	p
2	3	0	6	6	3	8	6	6	9	10	10	14	12	3	17	10	20	20	17	22	17	17	25	23	28	28	25	30	28	30	34	34	31	3
O	O	O	O	O	O	O	O	O	O	B-DATE	O	B-PERSON	I-PERSON	O	O	O	O	O	O	B-DATE	I-DATE	O	O	O	O	O	O	O	O	O	B-ORG	I-ORG	I-ORG	O
</negative>
<negative>
The	defections	come	weeks	after	Khmer	Rouge	chief	of	staff	Khem	Ngun	and	seven	other	generals	surrendered	.
DT	NNS	VBP	NNS	IN	NNP	NNP	NN	IN	NN	NNP	NNP	CC	CD	JJ	NNS	VBD	.
det	nsubj	root	tmod	mark	nn	nn	nsubj	prep	nn	nn	pobj	cc	num	amod	conj	advcl	p
2	3	0	3	17	8	8	17	8	12	12	9	12	16	16	12	3	3
O	O	O	B-DATE	O	B-ORG	I-ORG	O	O	O	B-PERSON	I-PERSON	O	B-CARDINAL	O	O	O	O
</negative>
<negative>
In	Thailand	,	which	closely	monitors	Khmer	Rouge	activities	,	Maj	.	Gen	.	Wiwat	Sattarak	,	chief	of	the	border	task	force	,	said	that	Khieu	Samphan	and	Nuon	Chea	moved	to	defect	a	month	ago	.
IN	NNP	,	WDT	RB	VBZ	NNP	NNP	NNS	,	NNP	.	NNP	.	NNP	NNP	,	NN	IN	DT	NN	NN	NN	,	VBD	IN	NNP	NNP	CC	NNP	NNP	VBD	TO	VB	DT	NN	RB	.
prep	pobj	p	nsubj	advmod	rcmod	nn	nn	dobj	p	nsubj	p	nn	p	nn	dep	p	appos	prep	det	nn	nn	pobj	p	root	complm	nn	nsubj	cc	nn	conj	ccomp	aux	xcomp	det	npadvmod	advmod	p
25	1	25	6	6	2	9	9	6	25	25	25	16	25	16	11	25	11	18	23	23	23	19	25	0	32	28	32	28	31	28	25	34	32	36	37	34	25
O	B-GPE	O	O	O	O	B-ORG	I-ORG	O	O	O	O	O	O	O	O	O	O	O	O	O	O	O	O	O	O	B-PERSON	I-PERSON	O	B-PERSON	I-PERSON	O	O	O	B-DATE	I-DATE	I-DATE	O
</negative>
<negative>
Youk	Chhang	,	director	of	a	Cambodian	research	center	devoted	to	gathering	evidence	against	the	Khmer	Rouge	,	said	Hun	Sen	risks	losing	support	from	Cambodians	if	he	prevents	a	trial	.
NNP	NNP	,	NN	IN	DT	JJ	NN	NN	VBN	TO	NN	NN	IN	DT	NNP	NNP	,	VBD	NNP	NNP	VBZ	VBG	NN	IN	NNPS	IN	PRP	VBZ	DT	NN	.
nn	nsubj	p	appos	prep	det	amod	nn	pobj	partmod	prep	nn	pobj	prep	det	nn	pobj	p	root	nn	nsubj	ccomp	xcomp	dobj	prep	pobj	mark	nsubj	advcl	det	dobj	p
2	19	19	2	4	9	9	9	5	9	10	13	11	13	17	17	14	19	0	21	22	19	22	23	23	25	29	29	23	31	29	19
B-PERSON	I-PERSON	O	O	O	O	B-NORP	O	O	O	O	O	O	O	B-ORG	I-ORG	I-ORG	O	O	B-PERSON	I-PERSON	O	O	O	O	B-NORP	O	O	O	O	O	O
</negative>
<negative>
The	defection	of	Khmer	Rouge	intellectual	Khieu	Samphan	to	the	Cambodian	government	brings	an	end	to	decades	of	posturing	in	which	he	played	the	moderate	,	public	front	-man	for	a	gang	of	history	's	worst	killers	.
DT	NN	IN	NNP	NNP	NN	NNP	NNP	TO	DT	JJ	NN	VBZ	DT	NN	TO	NNS	IN	NN	IN	WDT	PRP	VBD	DT	JJ	,	JJ	NN	NN	IN	DT	NN	IN	NN	POS	JJS	NNS	.
det	nsubj	prep	nn	nn	nn	nn	pobj	prep	det	amod	pobj	root	det	dobj	prep	pobj	prep	pobj	rel	pobj	nsubj	rcmod	det	amod	p	amod	nn	dobj	prep	det	pobj	prep	poss	possessive	amod	pobj	p
2	13	2	8	8	8	8	3	8	12	12	9	0	15	13	13	16	17	18	23	20	23	17	29	29	13	29	29	23	23	32	30	32	37	34	37	33	13
O	O	O	B-LOC	I-LOC	O	B-PERSON	I-PERSON	O	O	B-NORP	O	O	O	O	O	B-DATE	O	O	O	O	O	O	O	O	O	O	O	O	O	O	O	O	O	O	O	O	O
</negative>
<negative>
The	death	knell	comes	eight	months	after	Pol	Pot	,	the	supreme	Khmer	Rouge	leader	until	he	was	purged	in	a	power	struggle	in	1997	,	succumbed	to	a	purported	heart	attack	.
DT	NN	NN	VBZ	CD	NNS	IN	NNP	NNP	,	DT	JJ	NNP	NNP	NN	IN	PRP	VBD	VBN	IN	DT	NN	NN	IN	CD	,	VBN	TO	DT	JJ	NN	NN	.
det	nn	nsubj	root	num	dep	dep	nn	nsubj	p	det	amod	nn	nn	appos	mark	nsubjpass	auxpass	dep	prep	det	nn	pobj	prep	pobj	p	ccomp	prep	det	amod	nn	pobj	p
3	3	4	0	6	27	27	9	27	4	15	15	15	15	9	19	19	19	15	19	23	23	20	23	24	4	4	27	32	32	32	28	4
O	O	O	O	B-DATE	I-DATE	O	B-PERSON	I-PERSON	O	O	I-LAW	I-LAW	I-LAW	O	O	O	O	O	O	O	O	O	O	B-DATE	O	O	O	O	O	O	O	O
</negative>
<negative>
But	researchers	who	have	studied	Cambodia	under	the	Khmer	Rouge	say	that	Khieu	Samphan	bore	much	more	responsibility	for	the	deaths	of	his	countrymen	than	is	often	attributed	to	him	.
CC	NNS	WP	VBP	VBN	NNP	IN	DT	NNP	NNP	VBP	IN	NNP	NNP	VBD	RB	JJR	NN	IN	DT	NNS	IN	PRP$	NNS	IN	VBZ	RB	VBN	TO	PRP	.
cc	nsubj	nsubj	aux	rcmod	dobj	prep	det	nn	pobj	root	complm	nn	nsubj	ccomp	advmod	amod	dobj	prep	det	pobj	prep	poss	pobj	mark	auxpass	advmod	advcl	prep	pobj	p
11	11	5	5	2	5	5	10	10	7	0	15	14	15	11	17	18	15	15	21	19	21	24	22	28	28	28	15	28	29	11
O	O	O	O	O	B-GPE	O	O	I-LOC	I-LOC	O	O	B-PERSON	I-PERSON	O	O	O	O	O	O	O	O	O	O	O	O	O	O	O	O	O
</negative>
<negative>
``	Khieu	Samphan	's	political	star	rose	literally	on	heaps	of	corpses	,	''	said	Steven	Heder	,	an	expert	on	the	Khmer	Rouge	who	lectures	at	London	's	School	of	Oriental	and	African	Studies	.
``	NNP	NNP	POS	JJ	NN	VBD	RB	IN	NNS	IN	NNS	,	''	VBD	NNP	NNP	,	DT	NN	IN	DT	NNP	NNP	WP	VBZ	IN	NNP	POS	NNP	IN	JJ	CC	JJ	NNS	.
p	nn	poss	possessive	amod	nsubj	ccomp	advmod	prep	pobj	prep	pobj	p	p	root	nn	nsubj	p	det	appos	prep	det	nn	pobj	nsubj	rcmod	prep	poss	possessive	pobj	prep	amod	cc	conj	pobj	p
15	3	6	3	6	7	15	7	7	9	10	11	15	15	0	17	15	15	20	17	20	24	24	21	26	20	26	30	28	27	30	35	32	32	31	15
O	B-PERSON	I-PERSON	I-PERSON	O	O	O	O	O	O	O	O	O	O	O	B-PERSON	I-PERSON	O	O	O	O	B-ORG	I-ORG	I-ORG	O	O	O	B-GPE	O	B-ORG	I-ORG	I-ORG	O	B-ORG	I-ORG	O
</negative>
<negative>
So	did	Pol	Pot	and	other	top	leaders	of	what	became	the	Khmer	Rouge	.
RB	VBD	NNP	NNP	CC	JJ	JJ	NNS	IN	WP	VBD	DT	NNP	NNP	.
advmod	root	nn	nsubj	cc	amod	amod	conj	prep	nsubj	cop	det	nn	pcomp	p
2	0	4	2	4	8	8	4	8	14	14	14	14	9	2
O	O	B-PERSON	I-PERSON	O	O	O	O	O	O	O	B-ORG	I-ORG	I-ORG	O
</negative>
<negative>
After	Sihanouk	was	overthrown	by	a	U.S	.	-backed	coup	in	1970	,	the	prince	formed	an	alliance	with	the	Khmer	Rouge	.
IN	NNP	VBD	VBN	IN	DT	NNP	.	NN	NN	IN	CD	,	DT	NN	VBD	DT	NN	IN	DT	NNP	NNP	.
mark	nsubjpass	auxpass	advcl	prep	det	nn	p	nn	pobj	prep	pobj	p	det	nsubj	root	det	dobj	prep	det	nn	pobj	p
4	4	4	16	4	10	10	16	10	5	4	11	16	15	16	0	18	16	16	22	22	19	16
O	B-PERSON	O	O	O	O	B-GPE	O	O	O	O	B-DATE	O	O	O	O	O	O	O	B-ORG	I-ORG	I-ORG	O
</negative>
<negative>
Vietnam	invaded	Cambodia	on	Christmas	Day	,	1978	,	and	toppled	the	Khmer	Rouge	two	weeks	later	.
NNP	VBD	NNP	IN	NNP	NNP	,	CD	,	CC	VBD	DT	NNP	NNP	CD	NNS	RB	.
nsubj	root	dobj	prep	nn	pobj	p	appos	p	cc	conj	det	nn	dobj	num	tmod	advmod	p
2	0	2	3	6	4	2	6	2	2	2	14	14	11	16	11	16	2
B-GPE	O	B-GPE	O	B-DATE	I-DATE	I-DATE	I-DATE	O	O	O	B-ORG	I-ORG	I-ORG	B-DATE	I-DATE	I-DATE	O
</negative>
<negative>
The	Khmer	Rouge	joined	royalist	and	republican	factions	in	an	alliance	to	drive	out	the	Vietnamese	,	Cambodia	's	traditional	enemy	.
DT	NNP	NNP	VBD	NN	CC	NN	NNS	IN	DT	NN	TO	VB	RP	DT	NNS	,	NNP	POS	JJ	NN	.
det	nn	nsubj	root	nn	cc	conj	dobj	prep	det	pobj	aux	xcomp	prt	det	dobj	p	poss	possessive	amod	appos	p
3	3	4	0	8	5	5	4	4	11	9	13	4	13	16	13	4	21	18	21	16	4
B-ORG	I-ORG	I-ORG	O	O	O	O	O	O	O	O	O	O	O	O	B-NORP	O	B-GPE	O	O	O	O
</negative>
<negative>
The	Khmer	Rouge	boycotted	U.N	.	-organized	elections	in	1993	.
DT	NNP	NNP	NNP	NNP	.	JJ	NNS	IN	CD	.
det	nn	nn	nn	root	p	amod	dep	prep	pobj	p
5	5	5	5	0	5	8	5	8	9	5
B-ORG	I-ORG	I-ORG	O	B-ORG	O	O	O	O	B-DATE	O
</negative>
<negative>
Sihanouk	,	Prime	Minister	Hun	Sen	and	other	leaders	often	drew	a	distinction	between	Khieu	Samphan	and	other	Khmer	Rouge	chieftains	.
NNP	,	NNP	NNP	NNP	NNP	CC	JJ	NNS	RB	VBD	DT	NN	IN	NNP	NNP	CC	JJ	NNP	NNP	NNS	.
nsubj	p	nn	nn	nn	conj	cc	amod	conj	advmod	root	det	dobj	prep	nn	pobj	cc	amod	nn	nn	conj	p
11	11	6	6	6	1	1	9	1	11	0	13	11	13	16	14	16	21	21	21	16	11
B-PERSON	O	O	O	B-PERSON	I-PERSON	O	O	O	O	O	O	O	O	B-PERSON	I-PERSON	O	O	B-LOC	I-LOC	O	O
</negative>
<negative>
Stung	by	reminders	in	the	press	of	his	past	support	for	the	notorious	Khmer	Rouge	,	King	Norodom	Sihanouk	reiterated	today	that	he	is	willing	to	stand	trial	alongside	the	architects	of	Cambodia	's	genocide	.
VBN	IN	NNS	IN	DT	NN	IN	PRP$	JJ	NN	IN	DT	JJ	NNP	NNP	,	NNP	NNP	NNP	VBD	NN	IN	PRP	VBZ	JJ	TO	VB	NN	IN	DT	NNS	IN	NNP	POS	NN	.
partmod	prep	pobj	prep	det	pobj	prep	poss	amod	pobj	prep	det	amod	nn	pobj	p	nn	nn	nsubj	root	tmod	complm	nsubj	cop	ccomp	aux	xcomp	dobj	prep	det	pobj	prep	poss	possessive	pobj	p
20	1	2	3	6	4	6	10	10	7	10	15	15	15	11	20	19	19	20	0	20	25	25	25	20	27	25	27	27	31	29	31	35	33	32	20
O	O	O	O	O	O	O	O	O	O	O	O	O	B-ORG	I-ORG	O	O	B-PERSON	I-PERSON	O	B-DATE	O	O	O	O	O	O	O	O	O	O	O	B-GPE	O	O	O
</negative>
<negative>
``	As	I	've	said	and	written	several	times	,	I	am	ready	to	appear	in	front	of	a	tribunal	in	charge	of	judging	the	Khmer	Rouge	and	their	real	or	supposed	accomplices	,	''	the	king	said	.
``	IN	PRP	VBP	VBN	CC	VBN	JJ	NNS	,	PRP	VBP	JJ	TO	VB	IN	NN	IN	DT	NN	IN	NN	IN	VBG	DT	NNP	NNP	CC	PRP$	JJ	CC	JJ	NNS	,	''	DT	NN	VBD	.
p	mark	nsubj	aux	advcl	cc	conj	amod	dobj	p	nsubj	cop	ccomp	aux	xcomp	prep	pobj	prep	det	pobj	prep	pobj	prep	pcomp	det	nn	dobj	cc	poss	conj	cc	amod	conj	p	p	det	nsubj	root	p
38	5	5	5	13	5	5	9	7	38	13	13	38	15	13	15	16	17	20	18	15	21	22	23	27	27	24	27	30	27	30	33	30	38	38	37	38	0	38
O	O	O	O	O	O	O	O	O	O	O	O	O	O	O	O	O	O	O	O	O	O	O	O	O	I-LOC	I-LOC	O	O	O	O	O	O	O	O	O	O	O	O
</negative>
<negative>
He	was	responding	to	a	local	news	report	recalling	that	he	was	briefly	head	of	state	during	the	Khmer	Rouge	regime	.
PRP	VBD	VBG	TO	DT	JJ	NN	NN	VBG	IN	PRP	VBD	RB	NN	IN	NN	IN	DT	NNP	NNP	NN	.
nsubj	aux	root	prep	det	amod	nn	pobj	xcomp	complm	nsubj	cop	advmod	ccomp	prep	pobj	prep	det	nn	nn	pobj	p
3	3	0	3	8	8	8	4	3	14	14	14	14	9	14	15	16	21	21	21	17	3
O	O	O	O	O	O	O	O	O	O	O	O	O	O	O	O	O	O	I-LOC	I-LOC	O	O
</negative>
<negative>
After	Sihanouk	was	deposed	from	power	by	his	army	chief	Lon	Nol	in	a	1970	U.S	.	-backed	coup	,	he	lent	his	name	and	popularity	to	the	Khmer	Rouge	forces	that	were	battling	Lon	Nol	's	troops	.
IN	NNP	VBD	VBN	IN	NN	IN	PRP$	NN	NN	NNP	NNP	IN	DT	CD	NNP	.	NN	NN	,	PRP	VBD	PRP$	NN	CC	NN	TO	DT	NNP	NNP	NNS	WDT	VBD	VBG	NNP	NNP	POS	NNS	.
mark	nsubjpass	auxpass	advcl	prep	pobj	prep	poss	nn	nn	nn	pobj	prep	det	num	nn	p	nn	pobj	p	nsubj	root	poss	dobj	cc	conj	prep	det	nn	nn	pobj	nsubj	aux	rcmod	nn	poss	possessive	dobj	p
4	4	4	22	4	5	4	12	12	12	12	7	4	19	19	19	22	19	13	22	22	0	24	22	24	24	22	31	31	31	27	34	34	31	36	38	36	34	22
O	B-PERSON	O	O	O	O	O	O	O	O	B-PERSON	I-PERSON	O	O	B-DATE	B-GPE	O	O	O	O	O	O	O	O	O	O	O	B-ORG	I-ORG	I-ORG	O	O	O	O	B-PERSON	I-PERSON	I-PERSON	O	O
</negative>
<negative>
The	Khmer	Rouge	forced	a	war-weakened	population	into	agricultural	collectives	that	were	run	like	slave	labor	camps	.
DT	NNP	NNP	VBD	DT	JJ	NN	IN	JJ	NNS	WDT	VBD	VBN	IN	NN	NN	NNS	.
det	nn	nsubj	root	det	amod	dobj	prep	amod	pobj	nsubjpass	auxpass	rcmod	prep	nn	nn	pobj	p
3	3	4	0	7	7	4	4	10	8	13	13	10	13	17	17	14	4
B-ORG	I-ORG	I-ORG	O	O	O	O	O	O	O	O	O	O	O	O	O	O	O
</negative>
<negative>
Sihanouk	resigned	in	1976	,	but	the	Khmer	Rouge	kept	him	under	house	arrest	until	they	were	driven	from	power	by	an	invading	Vietnamese	army	in	1979	.
NNP	VBD	IN	CD	,	CC	DT	NNP	NNP	VBD	PRP	IN	NN	NN	IN	PRP	VBD	VBN	IN	NN	IN	DT	JJ	JJ	NN	IN	CD	.
nsubj	root	prep	pobj	p	cc	det	nn	nsubj	conj	dobj	prep	nn	pobj	mark	nsubjpass	auxpass	advcl	prep	pobj	prep	det	amod	amod	pobj	prep	pobj	p
2	0	2	3	2	2	9	9	10	2	10	10	14	12	18	18	18	10	18	19	18	25	25	25	21	25	26	2
B-PERSON	O	O	B-DATE	O	O	B-ORG	I-ORG	I-ORG	O	O	O	O	O	O	O	O	O	O	O	O	O	O	B-NORP	O	O	B-DATE	O
</negative>
<negative>
Hun	Sen	,	a	low-level	Khmer	Rouge	commander	until	1977	,	has	refused	to	arrest	the	pair	until	a	warrant	is	issued	by	a	court	.
NNP	NNP	,	DT	JJ	NNP	NNP	NN	IN	CD	,	VBZ	VBN	TO	VB	DT	NN	IN	DT	NN	VBZ	VBN	IN	DT	NN	.
nn	nsubj	p	det	amod	nn	nn	appos	prep	pobj	p	aux	root	aux	xcomp	det	dobj	mark	det	nsubjpass	auxpass	advcl	prep	det	pobj	p
2	13	13	8	8	8	8	2	8	9	13	13	0	15	13	17	15	22	20	22	22	15	22	25	23	13
B-PERSON	I-PERSON	O	O	O	B-ORG	I-ORG	O	O	B-DATE	O	O	O	O	O	O	O	O	O	O	O	O	O	O	O	O
</negative>
<negative>
The	Cambodian	government	and	a	visiting	U.N	.	legal	team	began	tough	negotiations	Thursday	over	a	proposed	genocide	trial	for	former	Khmer	Rouge	leaders	.
DT	JJ	NN	CC	DT	NNPS	NNP	.	JJ	NN	VBD	JJ	NNS	NNP	IN	DT	VBN	NN	NN	IN	JJ	NNP	NNP	NNS	.
det	amod	nsubj	cc	det	nn	conj	p	amod	dep	root	amod	dobj	tmod	prep	det	amod	nn	pobj	prep	amod	nn	nn	pobj	p
3	3	11	3	7	7	3	11	10	7	0	13	11	11	11	19	19	19	15	19	24	24	24	20	11
O	B-NORP	O	O	O	O	B-ORG	O	O	O	O	O	O	B-DATE	O	O	O	O	O	O	O	B-ORG	I-ORG	O	O
</negative>
<negative>
The	extremist	policies	of	the	Khmer	Rouge	are	held	responsible	for	the	death	of	an	estimated	1.7	million	people	when	the	communist	group	held	power	from	1975-79	.
DT	NN	NNS	IN	DT	NNP	NNP	VBP	VBN	JJ	IN	DT	NN	IN	DT	JJ	CD	CD	NNS	WRB	DT	JJ	NN	VBD	NN	IN	CD	.
det	nn	nsubjpass	prep	det	nn	pobj	auxpass	root	acomp	prep	det	pobj	prep	det	amod	number	num	pobj	advmod	det	amod	nsubj	advcl	dobj	prep	pobj	p
3	3	9	3	7	7	4	9	0	9	10	13	11	13	19	19	18	19	14	24	23	23	24	9	24	24	26	9
O	O	O	O	O	I-LOC	I-LOC	O	O	O	O	O	O	O	O	O	B-CARDINAL	I-CARDINAL	O	O	O	O	O	O	O	O	O	O
</negative>
<negative>
In	the	past	year	,	after	two	decades	in	the	jungle	waging	civil	war	,	several	top	Khmer	Rouge	leaders	have	surrendered	or	been	arrested	,	making	them	vulnerable	to	prosecution	.
IN	DT	JJ	NN	,	IN	CD	NNS	IN	DT	NN	VBG	JJ	NN	,	DT	JJ	NNP	NNP	NNS	VBP	VBN	CC	VBN	VBN	,	VBG	PRP	JJ	TO	NN	.
prep	det	amod	pobj	p	prep	num	nsubj	prep	det	pobj	pcomp	amod	dobj	p	det	amod	nn	nn	nsubj	aux	root	cc	auxpass	conj	p	xcomp	nsubj	xcomp	prep	pobj	p
22	4	4	1	22	22	8	12	8	11	9	6	14	12	22	20	20	20	20	22	22	0	22	25	22	22	25	29	27	29	30	22
O	B-DATE	I-DATE	I-DATE	O	O	B-DATE	I-DATE	O	O	O	O	O	O	O	O	O	B-ORG	I-ORG	O	O	O	O	O	O	O	O	O	O	O	O	O
</negative>
<negative>
Sam	Rainsy	said	Cambodia	needed	an	international	tribunal	to	prosecute	Khmer	Rouge	leaders	``	and	put	an	end	to	impunity	in	this	country	,	''	a	reference	to	the	ability	of	officials	and	influential	people	to	escape	justice	.
NNP	NNP	VBD	NNP	VBD	DT	JJ	NN	TO	JJ	NNP	NNP	NNS	``	NNP	VBD	DT	NN	TO	NN	IN	DT	NN	,	''	DT	NN	TO	DT	NN	IN	NNS	CC	JJ	NNS	TO	VB	NN	.
nn	nsubj	root	nsubj	ccomp	det	amod	dobj	prep	amod	nn	nn	pobj	p	nsubj	dep	det	dobj	prep	pobj	prep	det	pobj	p	p	det	conj	prep	det	pobj	prep	pobj	cc	amod	conj	aux	xcomp	dobj	p
2	3	0	5	3	8	8	5	5	13	13	13	9	3	16	5	18	16	16	19	20	23	21	3	3	27	23	27	30	28	30	31	23	35	23	37	16	37	3
B-PERSON	I-PERSON	O	B-GPE	O	O	O	O	O	O	B-ORG	I-ORG	O	O	O	O	O	O	O	O	O	O	O	O	O	O	O	O	O	O	O	O	O	O	O	O	O	O	O
</negative>
<negative>
Prime	Minister	Hun	Sen	favors	bringing	the	Khmer	Rouge	leaders	to	trial	but	says	pushing	too	hard	could	renew	the	civil	war	.
NNP	NNP	NNP	NNP	VBZ	VBG	DT	NNP	NNP	NNS	TO	NN	CC	VBZ	VBG	RB	JJ	MD	VB	DT	JJ	NN	.
nn	nn	nn	nsubj	root	xcomp	det	nn	nn	dobj	prep	pobj	cc	conj	xcomp	advmod	acomp	aux	dep	det	amod	dobj	p
4	4	4	5	0	5	10	10	10	6	6	11	5	5	14	17	15	19	17	22	22	19	5
O	O	B-PERSON	I-PERSON	O	O	B-ORG	I-ORG	I-ORG	O	O	O	O	O	O	O	O	O	O	O	O	O	O
</negative>
<negative>
Critics	say	neither	Hun	Sen	nor	his	junior	partner	in	the	coalition	government	,	Prince	Norodom	Ranariddh	,	want	a	trial	that	would	highlight	their	past	links	to	the	Khmer	Rouge	.
NNS	VBP	CC	NNP	NNP	CC	PRP$	JJ	NN	IN	DT	NN	NN	,	NNP	NNP	NNP	,	VBP	DT	NN	WDT	MD	VB	PRP$	JJ	NNS	TO	DT	NNP	NNP	.
nsubj	root	preconj	nn	nsubj	cc	poss	amod	conj	prep	det	nn	pobj	p	nn	nn	appos	p	ccomp	det	dobj	nsubj	aux	rcmod	poss	amod	dobj	prep	det	nn	pobj	p
2	0	5	5	19	5	9	9	5	9	13	13	10	2	17	17	13	2	2	21	19	24	24	21	27	27	24	24	31	31	28	2
O	O	O	B-PERSON	I-PERSON	O	O	O	O	O	O	O	O	O	B-PERSON	I-PERSON	I-PERSON	O	O	O	O	O	O	O	O	O	O	O	O	I-LANGUAGE	I-LOC	O
</negative>
<negative>
The	preparations	appear	to	be	focusing	on	a	dozen	top	figures	from	the	Khmer	Rouge	Central	Committee	and	the	torture	house	at	Tuol	Sleng	prison	,	where	at	least	14,000	people	were	killed	.
DT	NNS	VBP	TO	VB	VBG	IN	DT	NN	JJ	NNS	IN	DT	NNP	NNP	NNP	NNP	CC	DT	JJ	NN	IN	NNP	NNP	NN	,	WRB	IN	JJS	CD	NNS	VBD	VBN	.
det	nsubj	root	aux	aux	xcomp	prep	quantmod	num	amod	pobj	prep	det	nn	nn	nn	pobj	cc	det	amod	conj	prep	nn	nn	pobj	p	advmod	quantmod	mwe	num	nsubjpass	auxpass	advcl	p
2	3	0	6	6	3	6	9	11	11	7	11	17	17	17	17	12	11	21	21	11	21	25	25	22	3	33	30	28	31	33	33	6	3
O	O	O	O	O	O	O	O	O	O	O	O	B-ORG	I-ORG	I-ORG	I-ORG	I-ORG	O	O	O	O	O	O	O	O	O	O	O	O	B-CARDINAL	O	O	O	O
</negative>
<negative>
The	king	,	who	is	76	,	lent	his	name	to	the	Khmer	Rouge	guerrillas	after	he	was	ousted	in	a	U.S	.	-backed	coup	led	by	his	army	chief	,	Lon	Nol	,	in	1970	.
DT	NN	,	WP	VBZ	CD	,	VBD	PRP$	NN	TO	DT	NNP	NNP	NNS	IN	PRP	VBD	VBN	IN	DT	NNP	.	NN	NN	VBN	IN	PRP$	NN	NN	,	NNP	NNP	,	IN	CD	.
det	nsubj	p	nsubj	cop	rcmod	p	root	poss	dobj	prep	det	nn	nn	pobj	mark	nsubjpass	auxpass	advcl	prep	det	nn	p	nn	pobj	partmod	prep	poss	nn	pobj	p	nn	appos	p	prep	pobj	p
2	8	8	6	6	2	8	0	10	8	8	15	15	15	11	19	19	19	8	19	25	25	8	25	20	25	26	30	30	27	8	33	30	8	26	35	8
O	O	O	O	O	B-DATE	O	O	O	O	O	B-ORG	I-ORG	I-ORG	O	O	O	O	O	O	O	B-GPE	O	O	O	O	O	O	O	O	O	B-PERSON	I-PERSON	O	O	B-DATE	O
</negative>
<negative>
But	Sihanouk	was	placed	under	house	arrest	for	the	final	three	years	of	Khmer	Rouge	rule	.
CC	NNP	VBD	VBN	IN	NN	NN	IN	DT	JJ	CD	NNS	IN	NNP	NNP	NN	.
cc	nsubjpass	auxpass	root	prep	nn	pobj	prep	det	amod	num	pobj	prep	nn	nn	pobj	p
4	4	4	0	4	7	5	7	12	12	12	8	7	16	16	13	4
O	B-PERSON	O	O	O	O	O	O	O	O	B-DATE	I-DATE	O	B-ORG	I-ORG	O	O
</negative>
<negative>
He	was	one	of	the	millions	of	people	who	suffered	severely	at	the	hands	of	the	Khmer	Rouge	,	losing	14	family	members	.
PRP	VBD	CD	IN	DT	NNS	IN	NNS	WP	VBD	RB	IN	DT	NNS	IN	DT	NNP	NNP	,	VBG	CD	NN	NNS	.
nsubj	cop	root	prep	det	pobj	prep	pobj	nsubj	rcmod	advmod	prep	det	pobj	prep	det	nn	pobj	p	xcomp	num	nn	dobj	p
3	3	0	3	6	4	6	7	10	8	10	10	14	12	14	18	18	15	3	10	23	23	20	3
O	O	O	O	O	B-CARDINAL	O	O	O	O	O	O	O	O	O	O	I-NORP	I-NORP	O	O	B-CARDINAL	O	O	O
</negative>
<negative>
The	head	of	his	political	party	,	Chea	Sim	,	as	well	as	his	co-defense	minister	,	Tea	Banh	,	were	members	of	the	Khmer	Rouge	in	the	1970s	.
DT	NN	IN	PRP$	JJ	NN	,	NNP	NNP	,	RB	RB	IN	PRP$	JJ	NN	,	NNP	NNP	,	VBD	NNS	IN	DT	NNP	NNP	IN	DT	NNS	.
det	nsubj	prep	poss	amod	pobj	p	nn	appos	p	advmod	cc	mwe	poss	amod	conj	p	nn	appos	p	cop	root	prep	det	nn	pobj	prep	det	pobj	p
2	22	2	6	6	3	22	9	2	22	12	9	12	16	16	9	22	19	2	22	22	0	22	26	26	23	26	29	27	22
O	O	O	O	O	O	O	B-PERSON	I-PERSON	O	O	O	O	O	O	O	O	O	O	O	O	O	O	B-ORG	I-ORG	I-ORG	O	B-DATE	I-DATE	O
</negative>
<negative>
The	following	is	a	chronology	of	key	events	concerning	Khmer	Rouge	:
DT	VBG	VBZ	DT	NN	IN	JJ	NNS	VBG	NNP	NNP	:
nsubj	amod	cop	det	root	prep	amod	pobj	prep	nn	pobj	p
5	1	5	5	0	5	8	6	8	11	9	5
O	O	O	O	O	O	O	O	O	B-WORK_OF_ART	I-WORK_OF_ART	O
</negative>
<negative>
January	1968	:	Khmer	Rouge	takes	up	arms	insurrection	and	starts	a	guerrilla	war	.
NNP	CD	:	NNP	NNP	VBZ	RP	NNS	NN	CC	VBZ	DT	NN	NN	.
root	num	p	nn	nsubj	dep	prt	nn	dobj	cc	conj	det	nn	dobj	p
0	1	1	5	6	1	6	9	6	6	6	14	14	11	1
B-DATE	I-DATE	O	B-ORG	I-ORG	O	O	O	O	O	O	O	O	O	O
</negative>
<negative>
1970	:	Prince	Norodom	Sihanouk	is	toppled	;	a	civil	war	begins	between	Khmer	Rouge	and	the	new	military	government	.
CD	:	NNP	NNP	NNP	VBZ	VBN	:	DT	JJ	NN	VBZ	IN	NNP	NNP	CC	DT	JJ	JJ	NN	.
root	p	nn	nn	nsubjpass	auxpass	dep	p	det	amod	nsubj	parataxis	prep	nn	pobj	cc	det	amod	amod	conj	p
0	1	5	5	7	7	1	1	11	11	12	7	12	15	13	15	20	20	20	15	1
B-DATE	O	O	B-PERSON	I-PERSON	O	O	O	O	O	O	O	O	B-ORG	I-ORG	O	O	O	O	O	O
</negative>
<negative>
Khmer	Rouge	leaders	retreat	to	the	Thai	border	and	spend	the	next	decade	fighting	against	the	Hanoi-backed	government	.
NNP	NNP	NNS	VB	TO	DT	NNP	NN	CC	VB	DT	JJ	NN	VBG	IN	DT	JJ	NN	.
nn	nn	nsubj	root	prep	det	nn	pobj	cc	conj	det	amod	dobj	partmod	prep	det	amod	pobj	p
3	3	4	0	4	8	8	5	4	4	13	13	10	13	14	18	18	15	4
B-ORG	I-ORG	O	O	O	O	B-NORP	O	O	O	B-DATE	I-DATE	I-DATE	O	O	O	O	O	O
</negative>
<negative>
1993	:	Khmer	Rouge	boycotts	U.N.-supervised	general	election	.
CD	:	NNP	NNP	VBZ	JJ	JJ	NN	.
root	p	nn	nsubj	dep	amod	amod	dobj	p
0	1	4	5	1	8	8	5	1
B-DATE	O	B-ORG	I-ORG	O	O	O	O	O
</negative>
<negative>
July	1994	:	The	government	ends	negotiations	and	formally	outlaws	Khmer	Rouge	.
NNP	CD	:	DT	NN	VBZ	NNS	CC	RB	VBZ	NNP	NNP	.
root	num	p	det	nsubj	dep	dobj	cc	advmod	conj	nn	dobj	p
0	1	1	5	6	1	6	6	10	6	12	10	1
B-DATE	I-DATE	O	O	O	O	O	O	O	O	B-ORG	I-ORG	O
</negative>
<negative>
August	1996	:	Phnom	Penh	announces	a	major	Khmer	Rouge	split	.
NNP	CD	:	NNP	NNP	VBZ	DT	JJ	NNP	NNP	NN	.
root	num	p	nn	nsubj	dep	det	amod	nn	nn	dobj	p
0	1	1	5	6	1	11	11	11	11	6	1
B-DATE	I-DATE	O	B-GPE	I-GPE	O	O	O	B-ORG	I-ORG	O	O
</negative>
<negative>
May	1	:	Stepped-up	Royal	Cambodia	Armed	Forces	-LRB-	RCAF	-RRB-	offensive	in	northern	Anlong	Veng	sends	tens	of	thousands	of	Khmer	Rouge	civilians	fleeing	over	the	Thai	border	.
NNP	CD	:	NNP	NNP	NNP	NNP	NNPS	-LRB-	NNP	-RRB-	NN	IN	JJ	NNP	NNP	VBZ	NNS	IN	NNS	IN	NNP	NNP	NNS	VBG	IN	DT	NNP	NN	.
root	num	p	nn	nn	nn	nn	dep	p	abbrev	p	nsubj	prep	amod	nn	pobj	rcmod	dep	quantmod	dobj	prep	nn	nn	pobj	partmod	prep	det	nn	pobj	p
0	1	1	8	8	8	8	1	1	8	1	17	12	16	16	13	8	20	20	17	20	24	24	21	24	25	29	29	26	1
B-DATE	I-DATE	O	B-ORG	I-ORG	I-ORG	I-ORG	I-ORG	O	B-ORG	O	O	O	O	B-LOC	I-LOC	O	B-CARDINAL	I-CARDINAL	I-CARDINAL	I-MONEY	I-MONEY	I-MONEY	O	O	O	O	B-NORP	O	O
</negative>
<negative>
May	12	:	RCAF	claim	they	destroyed	the	Khmer	Rouge	radio	on	Thai	soil	after	more	than	25	years	of	broadcasts	.
NNP	CD	:	NNP	VBP	PRP	VBD	DT	NNP	NNP	NN	IN	NNP	NN	IN	JJR	IN	CD	NNS	IN	NNS	.
root	num	p	nsubj	dep	nsubj	ccomp	det	nn	nn	dobj	prep	nn	pobj	prep	mwe	quantmod	num	pobj	prep	pobj	p
0	1	1	5	1	7	5	11	11	11	7	7	14	12	7	17	18	19	15	19	20	1
B-DATE	I-DATE	O	B-ORG	O	O	O	B-ORG	I-ORG	I-ORG	O	O	B-NORP	O	O	O	O	B-DATE	I-DATE	O	O	O
</negative>
<negative>
June	5	:	More	than	3,000	breakaway	Khmer	Rouge	troops	are	integrated	into	RCAF	at	Anlong	Veng	.
NNP	CD	:	JJR	IN	CD	JJ	NNP	NNP	NNS	VBP	VBN	IN	NNP	IN	NNP	NNP	.
root	num	p	mwe	quantmod	dep	amod	nn	nn	nsubjpass	auxpass	rcmod	prep	pobj	prep	nn	pobj	p
0	1	1	5	6	1	10	10	10	12	12	6	12	13	12	17	15	1
B-DATE	I-DATE	O	B-CARDINAL	I-CARDINAL	I-CARDINAL	O	B-ORG	I-ORG	O	O	O	O	B-ORG	O	B-ORG	I-ORG	O
</negative>
<negative>
June	12	:	Five	top	Khmer	Rouge	members	defect	to	government	.
NNP	CD	:	CD	JJ	NNP	NNP	NNS	VB	TO	NN	.
root	num	p	num	amod	nn	nn	nsubj	dep	prep	pobj	p
0	1	1	8	8	8	8	9	1	9	10	1
B-DATE	I-DATE	O	B-CARDINAL	O	B-ORG	I-ORG	O	O	O	O	O
</negative>
<negative>
December	4	:	The	last	main	Khmer	Rouge	fighting	force	surrenders	to	the	government	.
NNP	CD	:	DT	JJ	JJ	NNP	NNP	VBG	NN	NNS	TO	DT	NN	.
root	num	p	det	amod	amod	nn	dep	partmod	nn	dobj	prep	det	pobj	p
0	1	1	8	8	8	8	1	8	11	9	9	14	12	1
B-DATE	I-DATE	O	O	O	O	B-LOC	I-LOC	O	O	O	O	O	O	O
</negative>
<negative>
December	26	:	Khmer	Rouge	remaining	top	leaders	Khieu	Samphan	and	Nuon	Chea	surrendered	to	the	government	,	leaving	Cambodia	's	guerrilla	force	with	its	only	military	chief	Ta	Mok	.
NNP	CD	:	NNP	NNP	VBG	JJ	NNS	NNP	NNP	CC	NNP	NNP	VBD	TO	DT	NN	,	VBG	NNP	POS	NN	NN	IN	PRP$	JJ	JJ	NN	NNP	NNP	.
root	num	p	nn	dep	partmod	amod	dobj	nn	nsubj	cc	nn	conj	rcmod	prep	det	pobj	p	xcomp	poss	possessive	nn	dobj	prep	poss	amod	amod	nn	nn	pobj	p
0	1	1	5	1	5	8	6	10	14	10	13	10	8	14	17	15	1	14	23	20	23	19	19	30	30	30	30	30	24	1
B-DATE	I-DATE	O	B-ORG	I-ORG	O	O	O	B-PERSON	I-PERSON	O	B-PERSON	I-PERSON	O	O	O	O	O	O	B-GPE	O	O	O	O	O	O	O	O	B-PERSON	I-PERSON	O
</negative>
</QApairs>
<QApairs id='36.3'>
<question>
Who	was	Khmer	Rouge	's	first	leader	?
WP	VBD	NNP	NNP	POS	JJ	NN	.
attr	root	nn	poss	possessive	amod	nsubj	p
2	0	4	7	4	7	2	2
O	O	B-ORG	I-ORG	I-ORG	B-ORDINAL	O	O
</question>
<positive>
Key	events	in	the	history	of	Cambodia	's	Khmer	Rouge	movement	:	1949-52	:	Saloth	Sar	,	later	known	as	Pol	Pot	,	goes	to	Paris	on	government	scholarship	and	becomes	absorbed	with	communist	ideology	.
NN	NNS	IN	DT	NN	IN	NNP	POS	NNP	NNP	NN	:	CD	:	NNP	NNP	,	RB	VBN	IN	NNP	NNP	,	VBZ	TO	NNP	IN	NN	NN	CC	VBZ	VBN	IN	JJ	NN	.
nn	root	prep	det	pobj	prep	poss	possessive	nn	nn	pobj	p	dep	p	nn	nsubj	p	advmod	partmod	prep	nn	pobj	p	dep	prep	pobj	prep	nn	pobj	cc	auxpass	conj	prep	amod	pobj	p
2	0	2	5	3	5	11	7	11	11	6	2	2	2	16	24	2	19	16	19	22	20	2	13	24	25	24	29	27	24	32	24	32	35	33	2
O	O	O	O	O	O	B-GPE	O	B-ORG	I-ORG	O	O	O	O	B-PERSON	I-PERSON	O	O	O	O	B-PERSON	I-PERSON	O	O	O	B-GPE	O	O	O	O	O	O	O	O	O	O
Saloth	Sar
15	16
</positive>
</QApairs>
<QApairs id='36.5'>
<question>
When	was	the	Khmer	Rouge	removed	from	power	?
WRB	VBD	DT	NNP	NNP	VBN	IN	NN	.
advmod	auxpass	det	nn	nsubjpass	root	prep	pobj	p
6	6	5	5	6	0	6	7	6
O	O	B-ORG	I-ORG	I-ORG	O	O	O	O
</question>
<positive>
Religious	practices	were	revived	after	the	Khmer	Rouge	were	driven	from	power	by	a	Vietnamese	invasion	in	1979	.
JJ	NNS	VBD	VBN	IN	DT	NNP	NNP	VBD	VBN	IN	NN	IN	DT	JJ	NN	IN	CD	.
amod	nsubjpass	auxpass	root	mark	det	nn	nsubjpass	auxpass	advcl	prep	pobj	prep	det	amod	pobj	prep	pobj	p
2	4	4	0	10	8	8	10	10	4	10	11	10	16	16	13	16	17	4
O	O	O	O	O	B-ORG	I-ORG	I-ORG	O	O	O	O	O	O	B-NORP	O	O	B-DATE	O
1979
18
</positive>
<positive>
Sihanouk	resigned	in	1976	,	but	the	Khmer	Rouge	kept	him	under	house	arrest	until	they	were	driven	from	power	by	an	invading	Vietnamese	army	in	1979	.
NNP	VBD	IN	CD	,	CC	DT	NNP	NNP	VBD	PRP	IN	NN	NN	IN	PRP	VBD	VBN	IN	NN	IN	DT	JJ	JJ	NN	IN	CD	.
nsubj	root	prep	pobj	p	cc	det	nn	nsubj	conj	dobj	prep	nn	pobj	mark	nsubjpass	auxpass	advcl	prep	pobj	prep	det	amod	amod	pobj	prep	pobj	p
2	0	2	3	2	2	9	9	10	2	10	10	14	12	18	18	18	10	18	19	18	25	25	25	21	25	26	2
B-PERSON	O	O	B-DATE	O	O	B-ORG	I-ORG	I-ORG	O	O	O	O	O	O	O	O	O	O	O	O	O	O	B-NORP	O	O	B-DATE	O
1979
27
</positive>
<positive>
In	1979	,	Vietnamese	forces	captured	the	Cambodian	capital	of	Phnom	Penh	,	overthrowing	the	Khmer	Rouge	government	.
IN	CD	,	JJ	NNS	VBD	DT	JJ	NN	IN	NNP	NNP	,	VBG	DT	NNP	NNP	NN	.
prep	pobj	p	amod	nsubj	root	det	amod	dobj	prep	nn	pobj	p	partmod	det	nn	nn	dobj	p
6	1	6	5	6	0	9	9	6	9	12	10	6	6	18	18	18	14	6
O	B-DATE	O	B-NORP	O	O	O	B-NORP	O	O	B-GPE	I-GPE	O	O	B-ORG	I-ORG	I-ORG	O	O
1979
2
</positive>
<positive>
When	a	Vietnamese	invasion	drove	the	Khmer	Rouge	from	power	in	1979	,	Duch	fled	with	other	Khmer	Rouge	leaders	into	the	jungles	.
WRB	DT	JJ	NN	VBD	DT	NNP	NNP	IN	NN	IN	CD	,	NNP	VBD	IN	JJ	NNP	NNP	NNS	IN	DT	NNS	.
advmod	det	amod	nsubj	advcl	det	nn	dobj	prep	pobj	prep	pobj	p	nsubj	root	prep	amod	nn	nn	pobj	prep	det	pobj	p
5	4	4	5	15	8	8	5	5	9	5	11	15	15	0	15	20	20	20	16	15	23	21	15
O	O	B-NORP	O	O	O	I-LOC	I-LOC	O	O	O	B-DATE	O	B-PERSON	O	O	O	B-LOC	I-LOC	O	O	O	O	O
1979
12
</positive>
<negative>
``	Let	bygones	be	bygones	,	''	said	Khieu	Samphan	,	head	of	state	between	1975	and	1979	,	when	the	savage	rule	of	the	Khmers	Rouges	over	Cambodia	resulted	in	nearly	2	million	deaths	.
``	VB	NNS	VB	JJ	,	''	VBD	NNP	NNP	,	NN	IN	NN	IN	CD	CC	CD	,	WRB	DT	JJ	NN	IN	DT	NNP	NNP	IN	NNP	VBD	IN	RB	CD	CD	NNS	.
p	ccomp	dobj	cop	dep	p	p	root	nn	nsubj	p	appos	prep	pobj	prep	pobj	cc	conj	p	advmod	det	amod	nsubj	prep	det	nn	pobj	prep	pobj	dep	prep	quantmod	number	num	pobj	p
8	8	2	5	2	8	8	0	10	8	8	10	12	13	14	15	16	16	8	30	23	23	30	23	27	27	24	27	28	10	30	34	34	35	31	8
O	O	O	O	O	O	O	O	B-PERSON	I-PERSON	O	O	O	O	O	B-DATE	O	B-DATE	O	O	O	O	O	O	O	I-LANGUAGE	I-PRODUCT	O	B-GPE	O	O	O	B-CARDINAL	I-CARDINAL	O	O
</negative>
<negative>
The	United	States	suggested	something	along	these	lines	last	year	,	confining	the	tribunal	's	scope	to	acts	committed	from	1975	to	1979	,	the	years	the	Khmers	Rouges	held	power	.
DT	NNP	NNPS	VBD	NN	IN	DT	NNS	JJ	NN	,	VBG	DT	NN	POS	NN	TO	NNS	VBN	IN	CD	TO	CD	,	DT	NNS	DT	NNPS	NNPS	VBD	NN	.
det	nn	nsubj	root	dobj	prep	det	pobj	amod	tmod	p	partmod	det	poss	possessive	dobj	prep	pobj	partmod	prep	num	dep	pobj	p	det	appos	det	nn	nsubj	rcmod	dobj	p
3	3	4	0	4	4	8	6	10	4	4	4	14	16	14	12	12	17	18	19	23	23	20	4	26	23	29	29	30	26	30	4
B-GPE	I-GPE	I-GPE	O	O	O	O	O	B-DATE	I-DATE	O	O	O	O	O	O	O	O	O	O	B-DATE	O	B-DATE	O	O	O	O	O	O	O	O	O
</negative>
<negative>
Cambodian	leader	Hun	Sen	says	that	upcoming	elections	will	be	more	peaceful	than	polls	in	1993	monitored	by	the	United	Nations	,	thanks	largely	to	the	collapse	of	the	Khmer	Rouge	.
JJ	NN	NNP	NNP	VBZ	IN	NN	NNS	MD	VB	RBR	JJ	IN	NNS	IN	CD	VBD	IN	DT	NNP	NNPS	,	NNS	RB	TO	DT	NN	IN	DT	NNP	NNP	.
amod	nn	nn	nsubj	root	complm	nn	nsubj	aux	cop	advmod	ccomp	mark	nsubj	prep	pobj	dep	prep	det	nn	pobj	p	advmod	advmod	prep	det	pobj	prep	det	nn	pobj	p
4	4	4	5	0	12	8	12	12	12	12	5	17	17	14	15	12	17	21	21	18	5	17	25	12	27	25	27	31	31	28	5
B-NORP	O	B-PERSON	I-PERSON	O	O	O	O	O	O	O	O	O	O	O	B-DATE	O	O	B-ORG	I-ORG	I-ORG	O	O	O	O	O	O	O	B-ORG	I-ORG	I-ORG	O
</negative>
<negative>
``	In	1993	,	Khmer	Rouge	occupied	many	places	...	,	''
``	NNP	CD	,	NNP	NNP	JJ	JJ	NNS	:	,	''
p	root	dep	p	nn	appos	amod	amod	dep	p	p	p
2	0	2	2	6	2	9	9	6	2	2	2
O	O	B-DATE	O	B-ORG	I-ORG	O	O	O	O	O	O
</negative>
<negative>
But	after	they	came	to	power	,	the	Khmer	Rouge	abolished	religion	,	forcing	monks	to	abandon	their	robes	and	perform	hard	labor	.
CC	IN	PRP	VBD	TO	NN	,	DT	NNP	NNP	VBD	NN	,	VBG	NNS	TO	VB	PRP$	NNS	CC	VB	JJ	NN	.
cc	mark	nsubj	advcl	prep	pobj	p	det	nn	nsubj	root	dobj	p	partmod	dobj	aux	xcomp	poss	dobj	cc	conj	amod	dobj	p
11	4	4	11	4	5	11	10	10	11	0	11	11	11	14	17	14	19	17	17	17	23	21	11
O	O	O	O	O	O	O	B-ORG	I-ORG	I-ORG	O	O	O	O	O	O	O	O	O	O	O	O	O	O
</negative>
<negative>
But	Cambodia	is	a	country	of	few	rules	,	where	the	elite	live	by	corruption	and	Khmer	Rouge	killers	join	the	government	.
CC	NNP	VBZ	DT	NN	IN	JJ	NNS	,	WRB	DT	NN	VBP	IN	NN	CC	NNP	NNP	NNS	VBP	DT	NN	.
cc	nsubj	cop	det	root	prep	amod	pobj	p	advmod	det	nsubj	rcmod	prep	pobj	cc	nn	nn	nsubj	conj	det	dobj	p
5	5	5	5	0	5	8	6	5	13	12	13	8	13	14	5	19	19	20	5	22	20	5
O	B-GPE	O	O	O	O	O	O	O	O	O	O	O	O	O	O	B-GPE	I-GPE	O	O	O	O	O
</negative>
<negative>
Lao	Mong	Hay	,	director	of	the	Khmer	Institute	for	Democracy	,	said	recent	incidents	involving	monks	are	``	just	a	reflection	of	the	society.	''
NNP	NNP	NNP	,	NN	IN	DT	NNP	NNP	IN	NN	,	VBD	JJ	NNS	VBG	NNS	VBP	``	RB	DT	NN	IN	DT	NN	''
nn	nn	nsubj	p	appos	prep	det	nn	pobj	prep	pobj	p	root	amod	nsubj	partmod	dobj	cop	p	advmod	det	ccomp	prep	det	pobj	p
3	3	13	13	3	5	9	9	6	9	10	13	0	15	22	15	16	22	13	22	22	13	22	25	23	13
B-PERSON	I-PERSON	I-PERSON	O	O	O	B-ORG	I-ORG	I-ORG	I-ORG	I-ORG	O	O	O	O	O	O	O	O	O	O	O	O	O	O	O
</negative>
<negative>
Stung	by	reminders	in	the	press	of	his	past	support	for	the	notorious	Khmer	Rouge	,	King	Norodom	Sihanouk	reiterated	today	that	he	is	willing	to	stand	trial	alongside	the	architects	of	Cambodia	's	genocide	.
VBN	IN	NNS	IN	DT	NN	IN	PRP$	JJ	NN	IN	DT	JJ	NNP	NNP	,	NNP	NNP	NNP	VBD	NN	IN	PRP	VBZ	JJ	TO	VB	NN	IN	DT	NNS	IN	NNP	POS	NN	.
partmod	prep	pobj	prep	det	pobj	prep	poss	amod	pobj	prep	det	amod	nn	pobj	p	nn	nn	nsubj	root	tmod	complm	nsubj	cop	ccomp	aux	xcomp	dobj	prep	det	pobj	prep	poss	possessive	pobj	p
20	1	2	3	6	4	6	10	10	7	10	15	15	15	11	20	19	19	20	0	20	25	25	25	20	27	25	27	27	31	29	31	35	33	32	20
O	O	O	O	O	O	O	O	O	O	O	O	O	B-ORG	I-ORG	O	O	B-PERSON	I-PERSON	O	B-DATE	O	O	O	O	O	O	O	O	O	O	O	B-GPE	O	O	O
</negative>
<negative>
``	As	I	've	said	and	written	several	times	,	I	am	ready	to	appear	in	front	of	a	tribunal	in	charge	of	judging	the	Khmer	Rouge	and	their	real	or	supposed	accomplices	,	''	the	king	said	.
``	IN	PRP	VBP	VBN	CC	VBN	JJ	NNS	,	PRP	VBP	JJ	TO	VB	IN	NN	IN	DT	NN	IN	NN	IN	VBG	DT	NNP	NNP	CC	PRP$	JJ	CC	JJ	NNS	,	''	DT	NN	VBD	.
p	mark	nsubj	aux	advcl	cc	conj	amod	dobj	p	nsubj	cop	ccomp	aux	xcomp	prep	pobj	prep	det	pobj	prep	pobj	prep	pcomp	det	nn	dobj	cc	poss	conj	cc	amod	conj	p	p	det	nsubj	root	p
38	5	5	5	13	5	5	9	7	38	13	13	38	15	13	15	16	17	20	18	15	21	22	23	27	27	24	27	30	27	30	33	30	38	38	37	38	0	38
O	O	O	O	O	O	O	O	O	O	O	O	O	O	O	O	O	O	O	O	O	O	O	O	O	I-LOC	I-LOC	O	O	O	O	O	O	O	O	O	O	O	O
</negative>
<negative>
He	was	responding	to	a	local	news	report	recalling	that	he	was	briefly	head	of	state	during	the	Khmer	Rouge	regime	.
PRP	VBD	VBG	TO	DT	JJ	NN	NN	VBG	IN	PRP	VBD	RB	NN	IN	NN	IN	DT	NNP	NNP	NN	.
nsubj	aux	root	prep	det	amod	nn	pobj	xcomp	complm	nsubj	cop	advmod	ccomp	prep	pobj	prep	det	nn	nn	pobj	p
3	3	0	3	8	8	8	4	3	14	14	14	14	9	14	15	16	21	21	21	17	3
O	O	O	O	O	O	O	O	O	O	O	O	O	O	O	O	O	O	I-LOC	I-LOC	O	O
</negative>
<negative>
After	Sihanouk	was	deposed	from	power	by	his	army	chief	Lon	Nol	in	a	1970	U.S	.	-backed	coup	,	he	lent	his	name	and	popularity	to	the	Khmer	Rouge	forces	that	were	battling	Lon	Nol	's	troops	.
IN	NNP	VBD	VBN	IN	NN	IN	PRP$	NN	NN	NNP	NNP	IN	DT	CD	NNP	.	NN	NN	,	PRP	VBD	PRP$	NN	CC	NN	TO	DT	NNP	NNP	NNS	WDT	VBD	VBG	NNP	NNP	POS	NNS	.
mark	nsubjpass	auxpass	advcl	prep	pobj	prep	poss	nn	nn	nn	pobj	prep	det	num	nn	p	nn	pobj	p	nsubj	root	poss	dobj	cc	conj	prep	det	nn	nn	pobj	nsubj	aux	rcmod	nn	poss	possessive	dobj	p
4	4	4	22	4	5	4	12	12	12	12	7	4	19	19	19	22	19	13	22	22	0	24	22	24	24	22	31	31	31	27	34	34	31	36	38	36	34	22
O	B-PERSON	O	O	O	O	O	O	O	O	B-PERSON	I-PERSON	O	O	B-DATE	B-GPE	O	O	O	O	O	O	O	O	O	O	O	B-ORG	I-ORG	I-ORG	O	O	O	O	B-PERSON	I-PERSON	I-PERSON	O	O
</negative>
<negative>
Sihanouk	was	named	head	of	state	after	the	Khmer	Rouge	seized	power	in	1975	,	but	was	locked	in	his	palace	by	the	communists	as	they	embarked	on	their	brutal	attempt	to	create	an	agrarian	utopia	.
NNP	VBD	VBN	NN	IN	NN	IN	DT	NNP	NNP	VBD	NN	IN	CD	,	CC	VBD	VBN	IN	PRP$	NN	IN	DT	NNS	IN	PRP	VBD	IN	PRP$	JJ	NN	TO	VB	DT	NN	NN	.
nsubjpass	auxpass	root	dobj	prep	pobj	mark	det	nn	nsubj	advcl	dobj	prep	pobj	p	cc	auxpass	conj	prep	poss	pobj	prep	det	pobj	mark	nsubj	advcl	prep	poss	amod	pobj	aux	xcomp	det	nn	dobj	p
3	3	0	3	4	5	11	10	10	11	3	11	11	13	3	11	18	11	18	21	19	18	24	22	27	27	18	27	31	31	28	33	27	36	36	33	3
B-PERSON	O	O	O	O	O	O	O	I-EVENT	I-EVENT	O	O	O	B-DATE	O	O	O	O	O	O	O	O	O	O	O	O	O	O	O	O	O	O	O	O	O	O	O
</negative>
<negative>
The	Khmer	Rouge	forced	a	war-weakened	population	into	agricultural	collectives	that	were	run	like	slave	labor	camps	.
DT	NNP	NNP	VBD	DT	JJ	NN	IN	JJ	NNS	WDT	VBD	VBN	IN	NN	NN	NNS	.
det	nn	nsubj	root	det	amod	dobj	prep	amod	pobj	nsubjpass	auxpass	rcmod	prep	nn	nn	pobj	p
3	3	4	0	7	7	4	4	10	8	13	13	10	13	17	17	14	4
B-ORG	I-ORG	I-ORG	O	O	O	O	O	O	O	O	O	O	O	O	O	O	O
</negative>
<negative>
Hun	Sen	,	a	low-level	Khmer	Rouge	commander	until	1977	,	has	refused	to	arrest	the	pair	until	a	warrant	is	issued	by	a	court	.
NNP	NNP	,	DT	JJ	NNP	NNP	NN	IN	CD	,	VBZ	VBN	TO	VB	DT	NN	IN	DT	NN	VBZ	VBN	IN	DT	NN	.
nn	nsubj	p	det	amod	nn	nn	appos	prep	pobj	p	aux	root	aux	xcomp	det	dobj	mark	det	nsubjpass	auxpass	advcl	prep	det	pobj	p
2	13	13	8	8	8	8	2	8	9	13	13	0	15	13	17	15	22	20	22	22	15	22	25	23	13
B-PERSON	I-PERSON	O	O	O	B-ORG	I-ORG	O	O	B-DATE	O	O	O	O	O	O	O	O	O	O	O	O	O	O	O	O
</negative>
<negative>
The	two	aging	Khmer	Rouge	leaders	had	a	message	for	their	countrymen	.
DT	CD	JJ	NNP	NNP	NNS	VBD	DT	NN	IN	PRP$	NNS	.
det	num	amod	nn	nn	nsubj	root	det	dobj	prep	poss	pobj	p
6	6	6	6	6	7	0	9	7	9	12	10	7
O	B-CARDINAL	O	B-ORG	I-ORG	O	O	O	O	O	O	O	O
</negative>
<negative>
Nuon	Chea	,	``	Brother	Number	2	''	to	the	late	Khmer	Rouge	leader	Pol	Pot	,	offered	similar	advice	:	``	This	is	an	old	story	.
NNP	NNP	,	``	NNP	NNP	CD	''	TO	DT	JJ	NNP	NNP	NN	NNP	NNP	,	VBD	JJ	NN	:	``	DT	VBZ	DT	JJ	NN	.
nn	nsubj	p	p	nn	appos	num	p	prep	det	amod	nn	nn	nn	nn	pobj	p	root	amod	dobj	p	p	nsubj	cop	det	amod	dep	p
2	18	18	18	6	2	6	18	6	16	16	16	16	16	16	9	18	0	20	18	18	18	27	27	27	27	18	18
B-PERSON	I-PERSON	O	O	O	O	B-CARDINAL	O	O	O	I-LANGUAGE	B-ORG	I-ORG	O	B-PERSON	I-PERSON	O	O	O	O	O	O	O	O	O	O	O	O
</negative>
<negative>
They	are	more	intent	on	clinging	to	power	than	seeing	justice	done	.
PRP	VBP	RBR	JJ	IN	VBG	TO	NN	IN	VBG	NN	VBN	.
nsubj	cop	advmod	root	prep	pcomp	prep	pobj	prep	pcomp	dobj	partmod	p
4	4	4	0	4	5	6	7	6	9	10	11	4
O	O	O	O	O	O	O	O	O	O	O	O	O
</negative>
<negative>
People	have	accepted	the	need	to	forgive	Khmer	Rouge	foot-	soldiers	in	order	to	end	a	chronic	civil	war	.
NNS	VBP	VBN	DT	NN	TO	VB	NNP	NNP	NNP	NNS	IN	NN	TO	VB	DT	JJ	JJ	NN	.
nsubj	aux	root	det	dobj	aux	infmod	nn	nn	nn	dobj	mark	dep	aux	purpcl	det	amod	amod	dobj	p
3	3	0	5	3	7	5	11	11	11	7	15	15	15	7	19	19	19	15	3
O	O	O	O	O	O	O	B-ORG	I-ORG	O	O	O	O	O	O	O	O	O	O	O
</negative>
<negative>
Moreover	,	20	years	after	the	Khmers	Rouges	were	ousted	from	power	,	Cambodia	still	struggles	on	the	brink	of	chaos	,	ruled	by	the	gun	,	not	by	law	.
RB	,	CD	NNS	IN	DT	NNPS	NNPS	VBD	VBN	IN	NN	,	NNP	RB	VBZ	IN	DT	NN	IN	NN	,	VBN	IN	DT	NN	,	RB	IN	NN	.
advmod	p	num	dep	dep	det	nn	nsubjpass	auxpass	dep	prep	pobj	p	nsubj	advmod	root	prep	det	pobj	prep	pobj	p	dep	prep	det	pobj	p	neg	prep	pobj	p
16	16	4	10	10	8	8	10	10	16	10	11	16	16	16	0	16	19	17	19	20	16	16	23	26	24	16	24	24	29	16
O	O	B-DATE	I-DATE	O	O	I-EVENT	I-EVENT	O	O	O	O	O	B-GPE	O	O	O	O	O	O	O	O	O	O	O	O	O	O	O	O	O
</negative>
<negative>
Putting	Khmer	Rouge	leaders	on	trial	is	the	first	essential	step	towards	creating	any	credible	legal	system	,	and	restraining	the	country	's	current	leaders	.
VBG	NNP	NNP	NNS	IN	NN	VBZ	DT	JJ	JJ	NN	IN	VBG	DT	JJ	JJ	NN	,	CC	VBG	DT	NN	POS	JJ	NNS	.
csubj	nn	nn	dobj	prep	pobj	cop	det	amod	amod	root	prep	pcomp	det	amod	amod	dobj	p	cc	conj	det	poss	possessive	amod	dobj	p
11	4	4	1	1	5	11	11	11	11	0	11	12	17	17	17	13	11	13	13	22	25	22	25	20	11
O	O	O	O	O	O	O	O	O	O	O	O	O	O	O	O	O	O	O	O	O	O	O	O	O	O
</negative>
<negative>
The	obstacles	in	the	way	of	such	trials	have	been	removed	.
DT	NNS	IN	DT	NN	IN	JJ	NNS	VBP	VBN	VBN	.
det	nsubjpass	prep	det	pobj	prep	amod	pobj	aux	auxpass	root	p
2	11	2	5	3	5	8	6	11	11	0	11
O	O	O	O	O	O	O	O	O	O	O	O
</negative>
<negative>
Though	most	Khmer	Rouge	leaders	are	living	in	Pailin	,	a	border	town	where	the	government	's	grip	is	tenuous	,	they	no	longer	have	an	army	.
IN	JJS	NNP	NNP	NNS	VBP	VBG	IN	NNP	,	DT	NN	NN	WRB	DT	NN	POS	NN	VBZ	JJ	,	PRP	RB	RB	VBP	DT	NN	.
mark	amod	nn	nn	nsubj	aux	advcl	prep	pobj	p	det	nn	appos	advmod	det	poss	possessive	nsubj	cop	rcmod	p	nsubj	advmod	advmod	root	det	dobj	p
7	5	5	5	7	7	25	7	8	25	13	13	9	20	16	18	16	20	20	13	25	25	24	25	0	27	25	25
O	O	B-ORG	I-ORG	O	O	O	O	B-GPE	O	O	O	O	O	O	O	O	O	O	O	O	O	O	O	O	O	O	O
</negative>
<negative>
Concerted	pressure	from	aid	donors	would	win	his	cooperation	,	however	reluctant	,	in	bringing	Khmer	Rouge	leaders	to	trial	.
JJ	NN	IN	NN	NNS	MD	VB	PRP$	NN	,	RB	JJ	,	IN	VBG	NNP	NNP	NNS	TO	NN	.
amod	nsubj	prep	nn	pobj	aux	root	poss	dobj	p	advmod	amod	p	prep	pcomp	nn	nn	dobj	prep	pobj	p
2	7	2	5	3	7	0	9	7	7	12	9	7	9	14	18	18	15	15	19	7
O	O	O	O	O	O	O	O	O	O	O	O	O	O	O	B-ORG	I-ORG	O	O	O	O
</negative>
<negative>
Kang	Kek	Ieu	,	better	known	by	his	revolutionary	nickname	,	Duch	,	was	the	head	of	the	Khmer	Rouge	secret	police	and	the	commandant	of	Tuol	Sleng	prison	,	where	at	least	14,000	people	were	tortured	and	killed	.
NNP	NNP	NNP	,	RBR	VBN	IN	PRP$	JJ	NN	,	NNP	,	VBD	DT	NN	IN	DT	NNP	NNP	JJ	NN	CC	DT	NN	IN	NNP	NNP	NN	,	WRB	IN	JJS	CD	NNS	VBD	JJ	CC	VBD	.
nn	nn	nsubj	p	advmod	partmod	prep	poss	amod	pobj	p	appos	p	cop	det	root	prep	det	nn	nn	amod	pobj	cc	det	conj	prep	nn	nn	pobj	p	advmod	quantmod	mwe	num	nsubj	cop	advcl	cc	conj	p
3	3	16	16	6	3	6	10	10	7	16	10	16	16	16	0	16	22	22	22	22	17	16	25	16	25	29	29	26	16	37	34	32	35	37	37	16	37	37	16
B-PERSON	I-PERSON	I-PERSON	O	O	O	O	O	O	O	O	O	O	O	O	O	O	B-ORG	I-ORG	I-ORG	O	O	O	O	O	O	O	O	O	O	O	B-CARDINAL	I-CARDINAL	I-CARDINAL	O	O	O	O	O	O
</negative>
<negative>
In	the	20	years	since	the	Khmer	Rouge	were	ousted	from	power	,	he	converted	to	Christianity	and	devoted	himself	to	spreading	the	Gospel	and	to	helping	refugees	who	fled	the	brutality	of	his	regime	.
IN	DT	CD	NNS	IN	DT	NNP	NNP	VBD	VBN	IN	NN	,	PRP	VBN	TO	NNP	CC	VBN	PRP	TO	VBG	DT	NN	CC	TO	VBG	NNS	WP	VBD	DT	NN	IN	PRP$	NN	.
prep	det	num	pobj	mark	det	nn	nsubjpass	auxpass	dep	prep	pobj	p	nsubj	root	prep	pobj	cc	conj	dobj	prep	pcomp	det	dobj	cc	conj	pcomp	dobj	nsubj	rcmod	det	dobj	prep	poss	pobj	p
15	4	4	1	10	8	8	10	10	4	10	11	15	15	0	15	16	15	15	19	19	21	24	22	21	21	26	27	30	28	32	30	32	35	33	15
O	B-DATE	I-DATE	I-DATE	O	B-ORG	I-ORG	I-ORG	O	O	O	O	O	O	O	O	B-NORP	O	O	O	O	O	O	B-ORG	O	O	O	O	O	O	O	O	O	O	O	O
</negative>
<negative>
``	He	is	the	key	to	the	conviction	of	Khmer	Rouge	leaders	.
``	PRP	VBZ	DT	NN	TO	DT	NN	IN	NNP	NNP	NNS	.
p	nsubj	cop	det	root	prep	det	pobj	prep	nn	nn	pobj	p
5	5	5	5	0	5	8	6	8	12	12	9	5
O	O	O	O	O	O	O	O	O	B-LOC	I-LOC	O	O
</negative>
<negative>
The	two	men	surrendered	last	December	and	were	given	a	guided	tour	of	the	country	before	returning	to	the	security	of	the	remote	Khmer	Rouge	-controlled	town	of	Pailin	.
DT	CD	NNS	VBD	JJ	NNP	CC	VBD	VBN	DT	JJ	NN	IN	DT	NN	IN	VBG	TO	DT	NN	IN	DT	JJ	NNP	NNP	JJ	NN	IN	NNP	.
det	num	nsubj	root	amod	tmod	cc	auxpass	conj	det	amod	dobj	prep	det	pobj	prep	pcomp	prep	det	pobj	prep	det	amod	nn	nn	amod	pobj	prep	pobj	p
3	3	4	0	6	4	4	9	4	12	12	9	12	15	13	9	16	17	20	18	20	27	27	27	27	27	21	20	28	4
O	B-CARDINAL	O	O	B-DATE	I-DATE	O	O	O	O	O	O	O	O	O	O	O	O	O	O	O	O	O	B-ORG	I-ORG	O	O	O	B-GPE	O
</negative>
<negative>
``	The	first	was	Pol	Pot	,	''	he	said	,	naming	the	Khmer	Rouge	leader	who	died	a	year	ago	.
``	DT	JJ	VBD	NNP	NNP	,	''	PRP	VBD	,	VBG	DT	NNP	NNP	NN	WP	VBD	DT	NN	RB	.
p	det	nsubj	cop	nn	ccomp	p	p	nsubj	root	p	xcomp	det	nn	nn	dobj	nsubj	rcmod	det	npadvmod	advmod	p
10	3	6	6	6	10	10	10	10	0	10	10	16	16	16	12	18	16	20	21	18	10
O	O	B-ORDINAL	O	B-PERSON	I-PERSON	O	O	O	O	O	O	B-ORG	I-ORG	I-ORG	O	O	O	B-DATE	I-DATE	I-DATE	O
</negative>
<negative>
Duch	,	whose	thin	face	,	large	teeth	and	prominent	ears	made	him	one	of	the	more	recognizable	faces	in	photographs	of	the	Khmer	Rouge	,	said	he	was	fully	prepared	to	face	trial	.
NNP	,	WP$	JJ	NN	,	JJ	NNS	CC	JJ	NNS	VBD	PRP	CD	IN	DT	RBR	JJ	NNS	IN	NNS	IN	DT	NNP	NNP	,	VBD	PRP	VBD	RB	VBN	TO	VB	NN	.
nsubj	p	poss	amod	dobj	p	amod	nsubj	cc	amod	conj	rcmod	nsubj	xcomp	prep	det	advmod	amod	pobj	prep	pobj	prep	det	nn	pobj	p	root	nsubjpass	auxpass	advmod	ccomp	aux	xcomp	dobj	p
27	27	5	5	12	27	8	12	8	11	8	1	14	12	14	19	18	19	15	19	20	21	25	25	22	27	0	31	31	31	27	33	31	33	27
B-PERSON	O	O	O	O	O	O	O	O	O	O	O	O	O	O	O	O	O	O	O	O	O	O	I-NORP	I-NORP	O	O	O	O	O	O	O	O	O	O
</negative>
<negative>
``	I	have	done	very	bad	things	in	my	life	,	''	he	said	,	the	first	Khmer	Rouge	leader	to	make	that	admission	.
``	PRP	VBP	VBN	RB	JJ	NNS	IN	PRP$	NN	,	''	PRP	VBD	,	DT	JJ	NNP	NNP	NN	TO	VB	DT	NN	.
p	nsubj	aux	ccomp	advmod	amod	dobj	prep	poss	pobj	p	p	nsubj	root	p	det	amod	nn	nn	nsubj	aux	xcomp	det	dobj	p
14	4	4	14	6	7	4	4	10	8	14	14	14	0	14	20	20	20	20	22	22	14	24	22	14
O	O	O	O	O	O	O	O	O	O	O	O	O	O	O	O	I-ORDINAL	B-ORG	I-ORG	O	O	O	O	O	O
</negative>
</QApairs>
<QApairs id='37.1'>
<question>
How	many	members	are	there	in	the	singing	group	the	Wiggles	?
WRB	JJ	NNS	VBP	RB	IN	DT	NN	NN	DT	NNPS	.
advmod	amod	attr	root	nsubj	prep	det	nn	pobj	det	attr	p
2	3	4	0	4	5	9	9	6	11	4	4
O	O	O	O	O	O	O	O	O	O	B-LOC	O
</question>
<positive>
The	Wiggles	are	four	effervescent	performers	from	the	Sydney	area	:	Anthony	Field	,	Murray	Cook	,	Jeff	Fatt	and	Greg	Page	.
DT	NNPS	VBP	CD	JJ	NNS	IN	DT	NNP	NN	:	NNP	NNP	,	NNP	NNP	,	NNP	NNP	CC	NNP	NNP	.
det	nsubj	cop	num	amod	root	prep	det	nn	pobj	p	nn	dep	p	nn	conj	p	nn	conj	cc	nn	conj	p
2	6	6	6	6	0	6	10	10	7	6	13	6	6	16	13	6	19	13	13	22	13	6
O	B-PRODUCT	O	B-CARDINAL	O	O	O	O	B-GPE	O	O	B-PERSON	I-PERSON	O	B-PERSON	I-PERSON	O	B-PERSON	I-PERSON	O	B-PERSON	I-PERSON	O
four
4
</positive>
<negative>
Let	's	now	give	a	welcome	to	the	Wiggles	,	a	goofy	new	import	from	Australia	.
NNP	POS	RB	VBP	DT	JJ	TO	DT	NNPS	,	DT	NN	JJ	NN	IN	NNP	.
nsubj	possessive	advmod	root	det	amod	prep	det	pobj	p	det	appos	amod	dobj	prep	pobj	p
4	1	4	0	14	14	6	9	7	4	12	9	14	4	14	15	4
O	O	O	O	O	O	O	O	B-PRODUCT	O	O	O	O	O	O	B-GPE	O
</negative>
<negative>
His	group	had	kids	howling	with	joy	with	routines	involving	Dorothy	the	Dinosaur	,	Henry	the	Octopus	and	Wags	the	Dog	.
PRP$	NN	VBD	NNS	VBG	IN	NN	IN	NNS	VBG	NNP	DT	NNP	,	NNP	DT	NNPS	CC	NNPS	DT	NN	.
poss	nsubj	root	nsubj	ccomp	prep	pobj	prep	pobj	prep	nn	det	pobj	p	appos	det	dobj	cc	conj	det	dep	p
2	3	0	5	3	5	6	5	8	9	13	13	10	3	13	17	3	17	17	21	17	3
O	O	O	O	O	O	O	O	O	O	B-PERSON	I-PERSON	I-PERSON	O	B-PERSON	I-PERSON	I-PERSON	O	O	O	O	O
</negative>
<negative>
While	relatively	new	to	the	American	scene	,	the	Wiggles	seem	to	be	on	to	something	,	judging	by	kids	'	reactions	to	the	group	's	belly-slapping	shows	.
IN	RB	JJ	TO	DT	JJ	NN	,	DT	NNPS	VBP	TO	VB	IN	TO	NN	,	VBG	IN	NNS	POS	NNS	TO	DT	NN	POS	JJ	NNS	.
mark	advmod	advcl	prep	det	amod	pobj	p	det	nsubj	root	aux	xcomp	prep	pcomp	pobj	p	xcomp	prep	poss	p	pobj	prep	det	poss	possessive	amod	pobj	p
3	3	11	3	7	7	4	11	10	11	0	13	11	13	14	15	11	13	18	22	11	19	18	25	28	25	28	23	11
O	O	O	O	O	B-NORP	O	O	O	O	O	O	O	O	O	O	O	O	O	O	O	O	O	O	O	O	O	O	O
</negative>
<negative>
Six	of	the	Wiggles	'	videos	have	reached	multiplatinum	status	in	Australia	.
CD	IN	DT	NNPS	POS	NNS	VBP	VBN	NN	NN	IN	NNP	.
nsubj	prep	det	poss	p	pobj	aux	root	nn	dobj	prep	pobj	p
8	1	4	6	8	2	8	0	10	8	10	11	8
B-CARDINAL	O	O	O	O	O	O	O	O	O	O	B-GPE	O
</negative>
<negative>
And	``	The	Wiggles	Movie	''	was	the	second	highest-grossing	film	in	Australia	in	1998	.
CC	``	DT	NNP	NN	''	VBD	DT	JJ	JJ	NN	IN	NNP	IN	CD	.
cc	p	det	nn	nsubj	p	cop	det	amod	amod	root	prep	pobj	prep	pobj	p
11	11	5	5	11	11	11	11	11	11	0	11	12	13	14	11
O	O	B-ORG	I-ORG	I-ORG	I-ORG	O	O	B-ORDINAL	O	O	O	B-GPE	O	B-DATE	O
</negative>
<negative>
In	Australia	,	the	Wiggles	is	like	really	huge	.
IN	NNP	,	DT	NNPS	VBZ	IN	RB	JJ	.
prep	pobj	p	det	nsubj	root	prep	advmod	pobj	p
6	1	6	5	6	0	6	9	7	6
O	B-GPE	O	O	O	O	O	O	O	O
</negative>
<negative>
Field	said	he	was	overwhelmed	by	what	he	saw	as	the	Wiggles	traveled	the	country	.
NNP	VBD	PRP	VBD	VBN	IN	WP	PRP	VBD	IN	DT	NNPS	VBD	DT	NN	.
nsubj	root	nsubjpass	auxpass	ccomp	prep	dep	nsubj	pcomp	mark	det	nsubj	advcl	det	dobj	p
2	0	5	5	2	5	9	9	6	13	12	13	9	15	13	2
O	O	O	O	O	O	O	O	O	O	O	B-ORG	O	O	O	O
</negative>
</QApairs>
<QApairs id='37.3'>
<question>
Where	is	the	group	Wiggles	from	?
WRB	VBZ	DT	NN	NNP	IN	.
advmod	root	det	nn	nsubj	prep	p
2	0	5	5	2	2	2
O	O	O	O	O	O	O
</question>
<positive>
The	Wiggles	are	four	effervescent	performers	from	the	Sydney	area	:	Anthony	Field	,	Murray	Cook	,	Jeff	Fatt	and	Greg	Page	.
DT	NNPS	VBP	CD	JJ	NNS	IN	DT	NNP	NN	:	NNP	NNP	,	NNP	NNP	,	NNP	NNP	CC	NNP	NNP	.
det	nsubj	cop	num	amod	root	prep	det	nn	pobj	p	nn	dep	p	nn	conj	p	nn	conj	cc	nn	conj	p
2	6	6	6	6	0	6	10	10	7	6	13	6	6	16	13	6	19	13	13	22	13	6
O	B-PRODUCT	O	B-CARDINAL	O	O	O	O	B-GPE	O	O	B-PERSON	I-PERSON	O	B-PERSON	I-PERSON	O	B-PERSON	I-PERSON	O	B-PERSON	I-PERSON	O
Sydney
9
</positive>
<negative>
Let	's	now	give	a	welcome	to	the	Wiggles	,	a	goofy	new	import	from	Australia	.
NNP	POS	RB	VBP	DT	JJ	TO	DT	NNPS	,	DT	NN	JJ	NN	IN	NNP	.
nsubj	possessive	advmod	root	det	amod	prep	det	pobj	p	det	appos	amod	dobj	prep	pobj	p
4	1	4	0	14	14	6	9	7	4	12	9	14	4	14	15	4
O	O	O	O	O	O	O	O	B-PRODUCT	O	O	O	O	O	O	B-GPE	O
</negative>
<negative>
His	group	had	kids	howling	with	joy	with	routines	involving	Dorothy	the	Dinosaur	,	Henry	the	Octopus	and	Wags	the	Dog	.
PRP$	NN	VBD	NNS	VBG	IN	NN	IN	NNS	VBG	NNP	DT	NNP	,	NNP	DT	NNPS	CC	NNPS	DT	NN	.
poss	nsubj	root	nsubj	ccomp	prep	pobj	prep	pobj	prep	nn	det	pobj	p	appos	det	dobj	cc	conj	det	dep	p
2	3	0	5	3	5	6	5	8	9	13	13	10	3	13	17	3	17	17	21	17	3
O	O	O	O	O	O	O	O	O	O	B-PERSON	I-PERSON	I-PERSON	O	B-PERSON	I-PERSON	I-PERSON	O	O	O	O	O
</negative>
<negative>
While	relatively	new	to	the	American	scene	,	the	Wiggles	seem	to	be	on	to	something	,	judging	by	kids	'	reactions	to	the	group	's	belly-slapping	shows	.
IN	RB	JJ	TO	DT	JJ	NN	,	DT	NNPS	VBP	TO	VB	IN	TO	NN	,	VBG	IN	NNS	POS	NNS	TO	DT	NN	POS	JJ	NNS	.
mark	advmod	advcl	prep	det	amod	pobj	p	det	nsubj	root	aux	xcomp	prep	pcomp	pobj	p	xcomp	prep	poss	p	pobj	prep	det	poss	possessive	amod	pobj	p
3	3	11	3	7	7	4	11	10	11	0	13	11	13	14	15	11	13	18	22	11	19	18	25	28	25	28	23	11
O	O	O	O	O	B-NORP	O	O	O	O	O	O	O	O	O	O	O	O	O	O	O	O	O	O	O	O	O	O	O
</negative>
<negative>
Six	of	the	Wiggles	'	videos	have	reached	multiplatinum	status	in	Australia	.
CD	IN	DT	NNPS	POS	NNS	VBP	VBN	NN	NN	IN	NNP	.
nsubj	prep	det	poss	p	pobj	aux	root	nn	dobj	prep	pobj	p
8	1	4	6	8	2	8	0	10	8	10	11	8
B-CARDINAL	O	O	O	O	O	O	O	O	O	O	B-GPE	O
</negative>
<negative>
And	``	The	Wiggles	Movie	''	was	the	second	highest-grossing	film	in	Australia	in	1998	.
CC	``	DT	NNP	NN	''	VBD	DT	JJ	JJ	NN	IN	NNP	IN	CD	.
cc	p	det	nn	nsubj	p	cop	det	amod	amod	root	prep	pobj	prep	pobj	p
11	11	5	5	11	11	11	11	11	11	0	11	12	13	14	11
O	O	B-ORG	I-ORG	I-ORG	I-ORG	O	O	B-ORDINAL	O	O	O	B-GPE	O	B-DATE	O
</negative>
<negative>
In	Australia	,	the	Wiggles	is	like	really	huge	.
IN	NNP	,	DT	NNPS	VBZ	IN	RB	JJ	.
prep	pobj	p	det	nsubj	root	prep	advmod	pobj	p
6	1	6	5	6	0	6	9	7	6
O	B-GPE	O	O	O	O	O	O	O	O
</negative>
</QApairs>
<QApairs id='38.1'>
<question>
What	kind	of	a	particle	is	a	quark	?
WDT	NN	IN	DT	NN	VBZ	DT	NN	.
det	attr	prep	det	pobj	root	det	nsubj	p
2	6	2	5	3	0	8	6	6
O	O	O	O	O	O	O	O	O
</question>
<positive>
Bott	's	work	with	quarks	,	an	elementary	particle	found	in	protons	and	neutrons	,	has	contributed	to	the	string	theory	,	the	so-called	``	theory	of	everything	''	to	explain	the	universe	.
NNP	POS	NN	IN	NNS	,	DT	JJ	NN	VBD	IN	NNS	CC	NNS	,	VBZ	VBN	TO	DT	NN	NN	,	DT	JJ	``	NN	IN	NN	''	TO	VB	DT	NN	.
poss	possessive	nsubj	prep	pobj	p	det	amod	nsubj	parataxis	prep	pobj	cc	conj	p	aux	root	prep	det	nn	pobj	p	det	amod	p	appos	prep	pobj	p	aux	infmod	det	dobj	p
3	1	17	3	4	17	9	9	10	17	10	11	12	12	17	17	0	17	21	21	18	17	26	26	17	21	26	27	17	31	28	33	31	17
B-PERSON	O	O	O	O	O	O	O	O	O	O	O	O	O	O	O	O	O	O	O	O	O	O	O	O	O	O	O	O	O	O	O	O	O
elementary	particle
8	9
</positive>
<positive>
In	those	first	instants	,	scientists	believe	,	subatomic	particles	called	quarks	and	gluons	roamed	freely	,	rather	than	being	locked	inside	the	protons	and	neutrons	that	make	up	atomic	nuclei	,	as	they	seem	to	be	now	.
IN	DT	JJ	NNS	,	NNS	VBP	,	JJ	NNS	VBD	NNS	CC	NNS	VBD	RB	,	RB	IN	VBG	VBN	IN	DT	NNS	CC	NNS	WDT	VBP	RP	JJ	NNS	,	IN	PRP	VBP	TO	VB	RB	.
prep	det	amod	pobj	p	nsubj	root	p	amod	nsubj	parataxis	nsubj	cc	conj	ccomp	advmod	p	advmod	prep	auxpass	pcomp	prep	det	pobj	cc	conj	nsubj	rcmod	prt	amod	dobj	p	mark	nsubj	advcl	aux	xcomp	advmod	p
7	4	4	1	7	7	0	7	10	11	7	15	12	12	11	15	7	19	15	21	19	21	24	22	24	24	28	24	28	31	28	7	35	35	7	37	35	37	7
O	O	B-ORDINAL	O	O	O	O	O	O	O	O	O	O	O	O	O	O	O	O	O	O	O	O	O	O	O	O	O	O	O	O	O	O	O	O	O	O	O	O
subatomic	particles
9	10
</positive>
<positive>
Its	crucial	component	is	the	``	strange	quark	''	-	one	of	six	types	of	quarks	,	which	are	the	tiniest	building	blocks	of	matter	.
PRP$	JJ	NN	VBZ	DT	``	JJ	NN	''	:	CD	IN	CD	NNS	IN	NNS	,	WDT	VBP	DT	JJS	NN	NNS	IN	NN	.
poss	amod	nsubj	cop	det	p	amod	root	p	p	dep	prep	num	pobj	prep	pobj	p	nsubj	cop	det	amod	nn	rcmod	prep	pobj	p
3	3	8	8	8	8	8	0	8	8	8	11	14	12	14	15	8	23	23	23	23	23	16	23	24	8
O	O	O	O	O	O	O	O	O	O	I-LAW	O	B-CARDINAL	O	O	O	O	O	O	O	O	O	O	O	O	O
tiniest	building	blocks	of	matter
21	22	23	24	25
</positive>
<negative>
The	other	is	quantum	mechanics	,	which	describes	the	unseen	universe	of	subatomic	particles	_	electrons	,	quarks	and	,	perhaps	,	elements	yet	unknown	.
DT	JJ	VBZ	NN	NNS	,	WDT	VBZ	DT	JJ	NN	IN	JJ	JJ	NN	NNS	,	NNS	CC	,	RB	,	JJ	CC	JJ	.
det	nsubj	cop	nn	root	p	nsubj	rcmod	det	amod	dobj	prep	amod	amod	nn	pobj	p	conj	cc	p	advmod	p	amod	cc	conj	p
2	5	5	5	0	5	8	5	11	11	8	11	16	16	16	12	5	11	11	5	11	5	11	23	23	5
O	O	O	O	O	O	O	O	O	O	O	O	O	O	O	O	O	O	O	O	O	O	O	O	O	O
</negative>
<negative>
So	``	strange	stars	'	would	offer	scientists	their	only	chance	to	observe	a	large	and	stable	piece	of	quark	matter	,	the	report	added	.
CC	``	JJ	NNS	''	MD	VB	NNS	PRP$	JJ	NN	TO	VB	DT	JJ	CC	JJ	NN	IN	NN	NN	,	DT	NN	VBD	.
cc	p	amod	nsubj	p	aux	ccomp	iobj	poss	amod	dobj	aux	infmod	det	amod	cc	conj	dobj	prep	nn	pobj	p	det	nsubj	root	p
7	25	4	7	25	7	25	7	11	11	7	13	11	18	18	15	15	13	18	21	19	25	24	25	0	25
O	O	O	O	O	O	O	O	O	O	O	O	O	O	O	O	O	O	O	O	O	O	O	O	O	O
</negative>
<negative>
Though	the	$	600	million	collider	opened	about	a	year	ago	at	the	lab	in	Upton	,	N.Y	.	,	the	achievement	of	the	first	particle	collisions	was	delayed	by	technical	problems	.
IN	DT	$	CD	CD	NN	VBD	IN	DT	NN	IN	IN	DT	NN	IN	NNP	,	NNP	.	,	DT	NN	IN	DT	JJ	NN	NNS	VBD	VBN	IN	JJ	NNS	.
mark	det	num	number	number	nsubj	advcl	prep	det	pobj	amod	prep	det	pobj	prep	pobj	p	nsubjpass	p	p	det	appos	prep	det	amod	nn	pobj	auxpass	root	prep	amod	pobj	p
7	6	6	3	3	7	29	7	10	8	10	7	14	12	14	15	29	29	29	29	22	18	22	27	27	27	23	29	0	29	32	30	29
O	O	B-MONEY	I-MONEY	I-MONEY	O	O	O	B-DATE	I-DATE	I-DATE	O	O	O	O	B-GPE	O	B-GPE	O	O	O	O	O	O	B-ORDINAL	O	O	O	O	O	O	O	O
</negative>
<negative>
But	quarks	rarely	exist	as	separate	entities	,	and	it	's	possible	to	get	only	a	brief	glimpse	of	their	existence	in	high-energy	particle	accelerators	.
CC	NNS	RB	VBP	IN	JJ	NNS	,	CC	PRP	VBZ	JJ	TO	VB	RB	DT	JJ	NN	IN	PRP$	NN	IN	JJ	NN	NNS	.
cc	nsubj	advmod	root	prep	amod	pobj	p	cc	nsubj	cop	conj	aux	xcomp	advmod	det	amod	dobj	prep	poss	pobj	prep	amod	nn	pobj	p
4	4	4	0	4	7	5	4	4	12	12	4	14	12	18	18	18	14	18	21	19	14	25	25	22	4
O	O	O	O	O	O	O	O	O	O	O	O	O	O	O	O	O	O	O	O	O	O	O	O	O	O
</negative>
<negative>
WASHINGTON	,	July	21	-LRB-	Xinhua	-RRB-	--	Scientists	Friday	hailed	the	finding	of	first	direct	evidence	of	the	existence	of	tau	neutrino	as	a	milestone	in	particle	physics	.
NNP	,	NNP	CD	-LRB-	NNP	-RRB-	:	NNS	NNP	VBD	DT	NN	IN	JJ	JJ	NN	IN	DT	NN	IN	NN	NN	IN	DT	NN	IN	NN	NNS	.
nn	p	root	num	p	appos	p	p	dep	nsubj	rcmod	det	dobj	prep	amod	amod	pobj	prep	det	pobj	prep	nn	pobj	prep	det	pobj	prep	nn	pobj	p
3	3	0	3	3	3	3	3	3	11	9	13	11	13	17	17	14	17	20	18	20	23	21	11	26	24	26	29	27	3
B-GPE	O	B-DATE	I-DATE	O	B-ORG	O	O	O	B-DATE	O	O	O	O	B-ORDINAL	O	O	O	O	O	O	O	O	O	O	O	O	O	O	O
</negative>
<negative>
Physicist	Wolfgang	Pauli	first	proposed	in	1930	the	existence	of	a	neutral	particle	,	later	named	``	neutrino	,	''	for	``	little	neutral	one	,	''	by	Enrico	Fermi	.
NNP	NNP	NNP	RB	VBD	IN	CD	DT	NN	IN	DT	JJ	NN	,	RB	VBN	``	NN	,	''	IN	``	RB	JJ	CD	,	''	IN	NNP	NNP	.
nn	nn	nsubj	advmod	root	prep	pobj	det	dobj	prep	det	amod	pobj	p	advmod	rcmod	p	dobj	p	p	prep	p	advmod	pobj	dep	p	p	prep	nn	pobj	p
3	3	5	5	0	5	6	9	5	9	13	13	10	5	16	9	5	16	5	5	18	5	24	21	24	5	5	16	30	28	5
O	B-PERSON	I-PERSON	B-ORDINAL	O	O	B-DATE	O	O	O	O	O	O	O	O	O	O	O	O	O	O	O	O	O	O	O	O	O	B-PERSON	I-PERSON	O
</negative>
</QApairs>
<QApairs id='38.2'>
<question>
Who	discovered	quarks	?
WP	VBD	NNS	.
nsubj	root	dobj	p
2	0	2	2
O	O	O	O
</question>
<negative>
In	1974	,	using	beams	of	electrons	and	antielectrons	,	or	positrons	,	Richter	discovered	a	particle	that	came	to	be	called	Psi/	J	.
IN	CD	,	VBG	VBZ	IN	NNS	CC	NNS	,	CC	VBZ	,	NNP	VBD	DT	NN	WDT	VBD	TO	VB	VBN	NNP	NNP	.
prep	pobj	p	csubj	ccomp	prep	pobj	cc	conj	p	cc	conj	p	nsubj	root	det	dobj	nsubj	rcmod	aux	auxpass	xcomp	nn	dobj	p
5	1	15	5	15	5	6	7	7	15	5	5	15	15	0	17	15	19	17	22	22	19	24	22	15
O	B-DATE	O	O	O	O	O	O	O	O	O	O	O	O	O	O	O	O	O	O	O	O	B-PRODUCT	I-PRODUCT	O
</negative>
<negative>
1990	:	Jerome	I	.	Friedman	,	Henry	W	.	Kendall	,	United	States	;	Richard	E	.	Taylor	,	Canada	,	for	investigating	the	scattering	of	electrons	and	refining	models	of	quarks	.
CD	:	NNP	NNP	.	NNP	,	NNP	NNP	.	NNP	,	NNP	NNPS	:	NNP	NNP	.	NNP	,	NNP	,	IN	VBG	DT	NN	IN	NNS	CC	NN	NNS	IN	NNS	.
root	p	nn	nn	p	dep	p	nn	nn	p	appos	p	nn	appos	p	nn	nn	p	dep	p	appos	p	prep	pcomp	det	dobj	prep	pobj	cc	nn	conj	prep	pobj	p
0	1	6	6	1	1	1	11	11	1	1	1	14	1	1	19	19	1	1	1	19	1	1	23	26	24	26	27	28	31	28	1	32	1
B-DATE	O	B-PERSON	O	O	B-PERSON	O	B-PERSON	I-PERSON	I-PERSON	I-PERSON	O	B-GPE	I-GPE	O	B-PERSON	I-PERSON	I-PERSON	I-PERSON	O	B-GPE	O	O	O	O	O	O	O	O	O	O	O	O	O
</negative>
<negative>
Do	supposedly	fundamental	particles	like	quarks	and	leptons	actually	have	internal	structure	?
VBP	RB	JJ	NNS	IN	NNS	CC	NNS	RB	VB	JJ	NN	.
aux	advmod	amod	nsubj	prep	pobj	cc	conj	advmod	root	amod	dobj	p
10	3	4	10	4	5	6	6	10	0	12	10	10
O	O	O	O	O	O	O	O	O	O	O	O	O
</negative>
<negative>
It	contained	two	quarks	possessing	a	previously	unknown	flavor	called	charm	.
PRP	VBD	CD	NNS	VBG	DT	RB	JJ	NN	VBD	NN	.
nsubj	root	num	nsubj	partmod	det	advmod	amod	dobj	ccomp	dobj	p
2	0	4	10	4	9	8	9	5	2	10	2
O	O	B-CARDINAL	O	O	O	O	O	O	O	O	O
</negative>
<negative>
The	stupendous	power	of	the	Tevatron	made	possible	the	1995	discovery	of	the	top	quark	_	the	last	of	six	flavors	of	quarks	predicted	by	the	standard	model	theory	of	particle	physics	.
DT	JJ	NN	IN	DT	NNP	VBD	JJ	DT	CD	NN	IN	DT	JJ	NN	VBZ	DT	JJ	IN	CD	NNS	IN	NNS	VBN	IN	DT	JJ	NN	NN	IN	NN	NNS	.
det	amod	nsubj	prep	det	pobj	root	acomp	det	num	nsubj	prep	det	amod	pobj	dep	det	dobj	prep	num	pobj	prep	pobj	partmod	prep	det	amod	nn	pobj	prep	nn	pobj	p
3	3	7	3	6	4	0	7	11	11	16	11	15	15	12	8	18	16	18	21	19	21	22	23	24	29	29	29	25	29	32	30	7
O	O	O	O	O	O	O	O	O	B-DATE	O	O	O	O	O	O	O	O	O	B-CARDINAL	O	O	O	O	O	O	O	O	O	O	O	O	O
</negative>
<negative>
Gell-	Mann	predicted	the	existence	of	the	most	basic	subatomic	elements	yet	found	and	named	them	quarks	.
NNP	NNP	VBD	DT	NN	IN	DT	JJS	JJ	JJ	NNS	RB	VBN	CC	VBN	PRP	VBZ	.
nn	nsubj	root	det	nsubj	prep	det	amod	amod	amod	pobj	advmod	partmod	cc	conj	dobj	ccomp	p
2	3	0	5	17	5	11	11	11	11	6	13	11	13	13	13	3	3
O	B-PERSON	O	O	O	O	O	O	O	O	O	O	O	O	O	O	O	O
</negative>
<negative>
Characterizing	the	quarks	cleared	the	way	for	quantum	chromodynamics	-LRB-	QCD	-RRB-	,	the	field	theory	describing	the	strong	force	binding	particles	together	in	the	atom	's	nucleus	.
VBG	DT	NNS	VBD	DT	NN	IN	NN	NNS	-LRB-	NNP	-RRB-	,	DT	NN	NN	VBG	DT	JJ	NN	JJ	NNS	RB	IN	DT	NN	POS	NN	.
root	det	dobj	dep	det	dobj	prep	pobj	nsubj	p	abbrev	p	p	det	nn	appos	partmod	det	amod	dobj	amod	npadvmod	advmod	prep	det	poss	possessive	pobj	p
0	3	1	1	6	4	4	7	1	1	9	1	1	16	16	9	16	20	20	17	22	23	24	17	26	28	26	24	1
O	O	O	O	O	O	O	O	O	O	O	O	O	O	O	O	O	O	O	O	O	O	O	O	O	O	O	O	O
</negative>
<negative>
It	's	probably	OK	to	call	a	proton	a	``	beanbag	''	containing	three	quarks	,	but	to	call	a	proton	accelerator	an	``	atom	smasher	''	makes	physicists	squirm	.
PRP	VBZ	RB	JJ	TO	VB	DT	NN	DT	``	NN	''	VBG	CD	NNS	,	CC	TO	VB	DT	NN	NN	DT	``	NN	NN	''	VBZ	JJ	NN	.
nsubj	cop	advmod	root	aux	dep	det	iobj	det	p	dobj	p	partmod	num	dobj	p	cc	aux	conj	det	nn	iobj	det	p	nn	dobj	p	rcmod	amod	dobj	p
4	4	4	0	6	4	8	6	11	4	6	4	11	15	13	4	6	19	6	22	22	19	26	4	26	19	4	26	30	28	4
O	O	O	O	O	O	O	O	O	O	O	O	O	B-CARDINAL	O	O	O	O	O	O	O	O	O	O	O	O	O	O	O	O	O
</negative>
</QApairs>
<QApairs id='38.3'>
<question>
When	were	quarks	discovered	?
WRB	VBD	NNS	VBN	.
advmod	auxpass	nsubjpass	root	p
4	4	4	0	4
O	O	O	O	O
</question>
<positive>
Their	equations	were	vital	in	calculating	the	mass	of	the	top	quark	,	which	was	observed	for	the	first	time	in	1995	at	the	Fermilab	in	the	United	States	.
PRP$	NNS	VBD	JJ	IN	VBG	DT	NN	IN	DT	JJ	NN	,	WDT	VBD	VBN	IN	DT	JJ	NN	IN	CD	IN	DT	NN	IN	DT	NNP	NNPS	.
poss	nsubj	cop	root	prep	pcomp	det	dobj	prep	det	amod	pobj	p	nsubjpass	auxpass	rcmod	prep	det	amod	pobj	prep	pobj	prep	det	pobj	prep	det	nn	pobj	p
2	4	4	0	4	5	8	6	8	12	12	9	4	16	16	12	16	20	20	17	20	21	16	25	23	25	29	29	26	4
O	O	O	O	O	O	O	O	O	O	O	O	O	O	O	O	O	O	B-ORDINAL	O	O	B-DATE	O	O	B-FAC	O	B-GPE	I-GPE	I-GPE	O
1995
22
</positive>
<positive>
The	bet	,	which	won	him	dinner	for	four	,	was	regarding	the	existence	and	mass	of	the	top	quark	,	an	elementary	particle	discovered	to	much	in	1995	.
DT	NN	,	WDT	VBD	PRP	NN	IN	CD	,	VBD	VBG	DT	NN	CC	NN	IN	DT	JJ	NN	,	DT	JJ	NN	VBD	TO	RB	IN	CD	.
det	nsubj	p	nsubj	rcmod	iobj	dobj	prep	pobj	p	aux	ccomp	det	dobj	cc	conj	prep	det	amod	pobj	p	det	amod	nsubj	root	prep	pobj	prep	pobj	p
2	12	25	5	2	5	5	7	8	25	12	25	14	12	14	14	14	20	20	17	25	24	24	25	0	25	26	25	28	25
O	O	O	O	O	O	O	O	B-CARDINAL	O	O	O	O	O	O	O	O	O	O	O	O	O	O	O	O	O	O	O	B-DATE	O
1995
29
</positive>
<positive>
The	stupendous	power	of	the	Tevatron	made	possible	the	1995	discovery	of	the	top	quark	_	the	last	of	six	flavors	of	quarks	predicted	by	the	standard	model	theory	of	particle	physics	.
DT	JJ	NN	IN	DT	NNP	VBD	JJ	DT	CD	NN	IN	DT	JJ	NN	VBZ	DT	JJ	IN	CD	NNS	IN	NNS	VBN	IN	DT	JJ	NN	NN	IN	NN	NNS	.
det	amod	nsubj	prep	det	pobj	root	acomp	det	num	nsubj	prep	det	amod	pobj	dep	det	dobj	prep	num	pobj	prep	pobj	partmod	prep	det	amod	nn	pobj	prep	nn	pobj	p
3	3	7	3	6	4	0	7	11	11	16	11	15	15	12	8	18	16	18	21	19	21	22	23	24	29	29	29	25	29	32	30	7
O	O	O	O	O	O	O	O	O	B-DATE	O	O	O	O	O	O	O	O	O	B-CARDINAL	O	O	O	O	O	O	O	O	O	O	O	O	O
1995
10
</positive>
<negative>
In	1974	,	using	beams	of	electrons	and	antielectrons	,	or	positrons	,	Richter	discovered	a	particle	that	came	to	be	called	Psi/	J	.
IN	CD	,	VBG	VBZ	IN	NNS	CC	NNS	,	CC	VBZ	,	NNP	VBD	DT	NN	WDT	VBD	TO	VB	VBN	NNP	NNP	.
prep	pobj	p	csubj	ccomp	prep	pobj	cc	conj	p	cc	conj	p	nsubj	root	det	dobj	nsubj	rcmod	aux	auxpass	xcomp	nn	dobj	p
5	1	15	5	15	5	6	7	7	15	5	5	15	15	0	17	15	19	17	22	22	19	24	22	15
O	B-DATE	O	O	O	O	O	O	O	O	O	O	O	O	O	O	O	O	O	O	O	O	B-PRODUCT	I-PRODUCT	O
</negative>
<negative>
They	discovered	that	ordinary	electrons	acting	together	in	strong	magnetic	fields	and	very	low	temperatures	can	condense	into	new	types	of	composite	subatomic	particles	that	function	as	a	fluid	.
PRP	VBD	IN	JJ	NNS	VBG	RB	IN	JJ	JJ	NNS	CC	RB	JJ	NNS	MD	VB	IN	JJ	NNS	IN	JJ	JJ	NNS	WDT	VBP	IN	DT	NN	.
nsubj	root	complm	amod	nsubj	partmod	advmod	prep	amod	amod	pobj	cc	advmod	amod	conj	aux	ccomp	prep	amod	pobj	prep	amod	amod	pobj	nsubj	rcmod	prep	det	pobj	p
2	0	17	5	17	5	6	6	11	11	8	11	14	15	11	17	2	17	20	18	20	24	24	21	26	24	26	29	27	2
O	O	O	O	O	O	O	O	O	O	O	O	O	O	O	O	O	O	O	O	O	O	O	O	O	O	O	O	O	O
</negative>
<negative>
The	medicine	prize	was	awarded	Monday	to	Dr	.	Guenter	Blobel	,	63	,	a	German	native	and	U.S	.	citizen	,	who	discovered	how	proteins	find	their	rightful	places	in	cells	.
DT	NN	NN	VBD	VBN	NNP	TO	NNP	.	NNP	NNP	,	CD	,	DT	JJ	NN	CC	NNP	.	NN	,	WP	VBD	WRB	NNS	VBP	PRP$	JJ	NNS	IN	NNS	.
det	nn	nsubjpass	auxpass	root	tmod	prep	nn	p	nn	pobj	p	conj	p	det	amod	conj	cc	nn	p	conj	p	nsubj	rcmod	advmod	nsubj	ccomp	poss	amod	dobj	prep	pobj	p
3	3	5	5	0	5	5	11	5	11	7	5	11	5	17	17	11	11	21	5	11	5	24	21	27	27	24	30	30	27	27	31	5
O	O	O	O	O	B-DATE	O	O	O	B-PERSON	I-PERSON	O	B-DATE	O	O	B-NORP	O	O	B-GPE	O	O	O	O	O	O	O	O	O	O	O	O	O	O
</negative>
<negative>
But	when	scientists	discovered	the	subatomic	particles	,	they	realized	Newton	's	laws	of	physics	did	not	work	at	the	subatomic	level	.
CC	WRB	NNS	VBD	DT	JJ	NNS	,	PRP	VBD	NNP	POS	NNS	IN	NN	VBD	RB	VB	IN	DT	JJ	NN	.
cc	advmod	nsubj	advcl	det	amod	dobj	p	nsubj	root	poss	possessive	nsubj	prep	pobj	aux	neg	ccomp	prep	det	amod	pobj	p
10	4	4	10	7	7	4	10	10	0	13	11	18	13	14	18	18	10	18	22	22	19	10
O	O	O	O	O	O	O	O	O	O	B-PERSON	O	O	O	O	O	O	O	O	O	O	O	O
</negative>
</QApairs>
<QApairs id='39.1'>
<question>
What	kind	of	music	does	the	Clash	play	?
WDT	NN	IN	NN	VBZ	DT	NNP	VB	.
det	dobj	prep	pobj	aux	det	nsubj	root	p
2	8	2	3	8	7	8	0	8
O	O	O	O	O	O	O	O	O
</question>
<positive>
Its	music	marches	and	builds	like	U2	songs	,	parades	its	guitar	riffs	like	David	Bowie	's	glam-rock	and	occasionally	revs	up	to	Clash	-style	punk-rock	.
PRP$	NN	VBZ	CC	VBZ	IN	JJ	NNS	,	VBZ	PRP$	NN	NNS	IN	NNP	NNP	POS	NN	CC	RB	VBZ	RB	TO	NNP	JJ	JJ	.
poss	nsubj	root	cc	conj	prep	amod	pobj	p	conj	poss	nn	dobj	prep	nn	poss	possessive	pobj	cc	advmod	conj	advmod	prep	pobj	amod	amod	p
2	3	0	3	3	5	8	6	3	3	13	13	10	10	16	18	16	14	3	21	3	21	22	23	24	24	3
O	O	O	O	O	O	B-PRODUCT	O	O	O	O	O	O	O	B-PERSON	I-PERSON	I-PERSON	O	O	O	O	O	O	O	O	O	O
punk-rock
26
</positive>
<negative>
All	these	make	``	Galo	Negro	''	stand	out	in	a	sea	of	world	music	releases	.
PDT	DT	VBP	``	NNP	NNP	''	VBP	RP	IN	DT	NN	IN	NN	NN	NNS	.
predet	nsubj	root	p	nn	nsubj	p	ccomp	prt	prep	det	pobj	prep	nn	nn	pobj	p
2	3	0	3	6	8	3	3	8	8	12	10	12	16	16	13	3
O	O	O	O	B-PERSON	I-PERSON	O	O	O	O	O	O	O	O	O	O	O
</negative>
<negative>
The	careful	,	relatively	decorous	,	professional	music	of	the	first	two	days	was	replaced	by	rowdy	,	noisy	,	hormonally	charged	-LRB-	though	equally	professional	-RRB-	rock	.
DT	JJ	,	RB	JJ	,	JJ	NN	IN	DT	JJ	CD	NNS	VBD	VBN	IN	JJ	,	JJ	,	JJ	JJ	-LRB-	IN	RB	RB	-RRB-	NN	.
det	amod	p	advmod	amod	p	amod	nsubjpass	prep	det	amod	num	pobj	auxpass	root	prep	amod	p	amod	p	amod	amod	p	dep	advmod	dep	p	pobj	p
8	5	15	5	8	15	8	15	8	13	13	13	9	15	0	15	21	15	21	15	28	28	15	26	26	28	15	16	15
O	O	O	O	O	O	O	O	O	O	B-ORDINAL	B-DATE	I-DATE	O	O	O	O	O	O	O	O	O	O	O	O	O	O	O	O
</negative>
<negative>
The	music	was	louder	,	male	band	members	took	off	their	shirts	,	and	a	mosh	pit	roiled	for	seven	hours	,	not	even	stopping	when	Joan	Osborne	sang	a	ballad	like	``	One	of	Us	.	''
DT	NN	VBD	JJR	,	JJ	NN	NNS	VBD	RP	PRP$	NNS	,	CC	DT	NN	NN	VBN	IN	CD	NNS	,	RB	RB	VBG	WRB	NNP	NNP	VBD	DT	NN	IN	``	CD	IN	PRP	.	''
det	nsubj	cop	root	p	amod	nn	nsubj	dep	prt	poss	dobj	p	cc	det	nn	nsubj	conj	prep	num	pobj	p	neg	advmod	ccomp	advmod	nn	nsubj	advcl	det	dobj	prep	p	pobj	prep	pobj	p	p
2	4	4	0	4	8	8	9	4	9	12	9	4	4	17	17	18	4	18	21	19	4	25	25	18	29	28	29	25	31	29	29	4	32	34	35	4	4
O	O	O	O	O	O	O	O	O	O	O	O	O	O	O	O	O	O	O	B-TIME	I-TIME	O	O	O	O	O	B-PERSON	I-PERSON	O	O	O	O	O	B-CARDINAL	O	O	O	O
</negative>
<negative>
While	Third	Eye	Blind	is	a	San	Francisco	band	,	its	musical	models	are	British	.
IN	NNP	NNP	NNP	VBZ	DT	NNP	NNP	NN	,	PRP$	JJ	NNS	VBP	JJ	.
mark	nn	nn	nsubj	cop	det	amod	amod	advcl	p	poss	amod	nsubj	cop	root	p
9	4	4	9	9	9	8	9	15	15	13	13	15	15	0	15
O	B-ORG	I-ORG	I-ORG	O	O	B-GPE	I-GPE	O	O	O	O	O	O	B-NORP	O
</negative>
<negative>
Once	the	band	had	played	that	hit	,	a	good	part	of	the	audience	started	to	head	for	the	parking	lots	.
IN	DT	NN	VBD	VBN	IN	VBD	,	DT	JJ	NN	IN	DT	NN	VBD	TO	VB	IN	DT	NN	NNS	.
mark	det	nsubj	aux	advcl	complm	ccomp	p	det	amod	nsubj	prep	det	pobj	root	aux	xcomp	prep	det	nn	pobj	p
5	3	5	5	15	7	5	15	11	11	15	11	14	12	0	17	15	17	21	21	18	15
O	O	O	O	O	O	O	O	O	O	O	O	O	O	O	O	O	O	O	O	O	O
</negative>
<negative>
She	also	tried	some	of	the	slides	and	percussive	attacks	of	Pakistani	qawwali	music	.
PRP	RB	VBD	DT	IN	DT	JJ	CC	JJ	NNS	IN	JJ	NN	NN	.
nsubj	advmod	root	dobj	prep	det	amod	cc	conj	pobj	prep	amod	nn	pobj	p
3	3	0	3	4	10	10	7	7	5	10	14	14	11	3
O	O	O	O	O	O	O	O	O	O	O	B-NORP	O	O	O
</negative>
<negative>
Their	music	is	an	update	of	the	1980s	Minneapolis	rock	of	the	Replacements	and	Soul	Asylum	,	using	punk	's	fast	strumming	to	rev	up	the	tunefulness	of	the	Beatles	.
PRP$	NN	VBZ	DT	NN	IN	DT	CD	NNP	NN	IN	DT	NNPS	CC	NNP	NNP	,	VBG	NN	VBZ	RB	VBG	TO	VB	RP	DT	NNS	IN	DT	NNPS	.
poss	nsubj	cop	det	root	prep	det	num	nn	pobj	prep	det	nn	cc	conj	pobj	p	partmod	nsubj	aux	advmod	ccomp	aux	xcomp	prt	det	dobj	prep	det	pobj	p
2	5	5	5	0	5	10	10	10	6	5	16	16	13	13	11	5	5	22	22	22	18	24	22	24	27	24	27	30	28	5
O	O	O	O	O	O	O	B-DATE	B-GPE	O	O	O	O	O	O	O	O	O	O	O	O	O	O	O	O	O	O	O	O	O	O
</negative>
</QApairs>
<QApairs id='40.2'>
<question>
What	town	was	Nimitz	native	of	?
WDT	NN	VBD	NNP	NN	IN	.
det	dep	root	nn	nsubj	prep	p
2	3	0	5	3	3	3
O	O	O	B-GPE	O	O	O
</question>
<positive>
The	museum	is	named	for	World	War	II	Pacific	fleet	commander	and	Fredericksburg	native	Admiral	Chester	Nimitz	,	under	whom	Bush	served	.
DT	NN	VBZ	VBN	IN	NNP	NNP	NNP	NNP	NN	NN	CC	NNP	JJ	NN	NNP	NNP	,	IN	WP	NNP	VBD	.
det	nsubjpass	auxpass	root	prep	nn	nn	nn	nn	nn	pobj	cc	nn	amod	nn	nn	conj	p	rel	pobj	nsubj	rcmod	p
2	4	4	0	4	11	11	11	11	11	5	11	17	17	17	17	11	4	22	19	22	11	4
O	O	O	O	O	B-EVENT	I-EVENT	I-EVENT	I-PERSON	O	O	O	B-GPE	O	O	B-PERSON	I-PERSON	O	O	O	B-PERSON	O	O
Fredericksburg
13
</positive>
<positive>
The	Nimitz	Museum	honors	Fredericksburg	native	Fleet	Adm	.	Chester	W	.	Nimitz	,	who	was	commander	-in-	chief	of	Allied	forces	in	the	Pacific	during	World	War	II	.
DT	NNP	NNP	VBZ	NNP	NN	NNP	NNP	.	NNP	NNP	.	NNP	,	WP	VBD	NN	NN	NN	IN	JJ	NNS	IN	DT	NNP	IN	NNP	NNP	NNP	.
det	nn	nsubj	root	nn	nn	nn	dobj	p	nn	dep	p	dep	p	nsubj	cop	nn	nn	rcmod	prep	amod	pobj	prep	det	pobj	prep	nn	nn	pobj	p
3	3	4	0	8	8	8	4	4	11	8	4	8	4	19	19	19	19	8	19	22	20	22	25	23	19	29	29	26	4
B-ORG	I-ORG	I-ORG	O	B-GPE	O	B-PERSON	I-PERSON	O	B-ORG	I-ORG	O	B-ORG	O	O	O	O	O	O	O	B-ORG	O	O	O	B-LOC	O	B-EVENT	I-EVENT	I-EVENT	O
Fredericksburg
5
</positive>
<positive>
Bush	explains	that	he	served	under	Adm	.	Chester	Nimitz	,	the	Fredericksburg	native	for	whom	the	complex	is	named	.
NNP	VBZ	IN	PRP	VBD	IN	NNP	.	NNP	NNP	,	DT	NNP	NN	IN	WP	DT	NN	VBZ	VBN	.
nsubj	root	complm	nsubj	ccomp	prep	nn	p	nn	pobj	p	det	nn	appos	rel	pobj	det	nsubjpass	auxpass	rcmod	p
2	0	5	5	2	5	10	2	10	6	2	14	14	10	20	15	18	20	20	14	2
B-PERSON	O	O	O	O	O	O	O	B-PERSON	I-PERSON	O	O	B-GPE	O	O	O	O	O	O	O	O
Fredericksburg
13
</positive>
<positive>
It	is	part	of	the	Admiral	Nimitz	Historical	Center	in	Fredericksburg	and	is	under	the	Texas	Parks	and	Wildlife	Department	.
PRP	VBZ	NN	IN	DT	NNP	NNP	NNP	NNP	IN	NNP	CC	VBZ	IN	DT	NNP	NNPS	CC	NNP	NNP	.
nsubj	cop	root	prep	det	nn	nn	nn	pobj	prep	pobj	cc	conj	prep	det	nn	pobj	cc	nn	conj	p
3	3	0	3	9	9	9	9	4	3	10	3	3	13	17	17	14	17	20	17	3
O	O	O	O	O	O	B-ORG	I-ORG	I-ORG	O	B-GPE	O	O	O	B-ORG	I-ORG	I-ORG	O	B-ORG	I-ORG	O
Fredericksburg
11
</positive>
</QApairs>
<QApairs id='40.4'>
<question>
During	what	war	did	Nimitz	serve	?
IN	WDT	NN	VBD	NNP	VB	.
prep	det	pobj	aux	nsubj	root	p
6	3	1	6	6	0	6
O	O	O	O	B-PERSON	O	O
</question>
<positive>
Conant	had	been	a	photographer	for	Adm	.	Chester	Nimitz	during	World	War	II	.
NNP	VBD	VBN	DT	NNP	IN	NNP	.	NNP	NNP	IN	NNP	NNP	NNP	.
nsubj	aux	cop	det	root	prep	nn	p	nn	pobj	prep	nn	nn	pobj	p
5	5	5	5	0	5	10	5	10	6	5	14	14	11	5
O	O	O	O	O	O	B-GPE	O	B-PERSON	I-PERSON	O	B-EVENT	I-EVENT	I-EVENT	O
World	War	II
12	13	14
</positive>
<positive>
The	museum	is	named	for	World	War	II	Pacific	fleet	commander	and	Fredericksburg	native	Admiral	Chester	Nimitz	,	under	whom	Bush	served	.
DT	NN	VBZ	VBN	IN	NNP	NNP	NNP	NNP	NN	NN	CC	NNP	JJ	NN	NNP	NNP	,	IN	WP	NNP	VBD	.
det	nsubjpass	auxpass	root	prep	nn	nn	nn	nn	nn	pobj	cc	nn	amod	nn	nn	conj	p	rel	pobj	nsubj	rcmod	p
2	4	4	0	4	11	11	11	11	11	5	11	17	17	17	17	11	4	22	19	22	11	4
O	O	O	O	O	B-EVENT	I-EVENT	I-EVENT	I-PERSON	O	O	O	B-GPE	O	O	B-PERSON	I-PERSON	O	O	O	B-PERSON	O	O
World	War	II
6	7	8
</positive>
<positive>
His	family	history	,	plus	the	Nimitz	Museum	's	emphasis	on	World	War	II	's	Pacific	battles	,	fed	Schroeder	's	interest	in	the	island-hopping	campaign	.
PRP$	NN	NN	,	CC	DT	NNP	NNP	POS	NN	IN	NNP	NNP	NNP	POS	NNP	NNS	,	VBD	NNP	POS	NN	IN	DT	JJ	NN	.
poss	nn	nsubj	p	cc	det	nn	poss	possessive	conj	prep	nn	nn	poss	possessive	nn	pobj	p	root	poss	possessive	dobj	prep	det	amod	pobj	p
3	3	19	19	3	8	8	10	8	3	10	14	14	17	14	17	11	19	0	22	20	19	19	26	26	23	19
O	O	O	O	O	B-ORG	I-ORG	I-ORG	I-ORG	O	O	B-EVENT	I-EVENT	I-EVENT	I-EVENT	I-EVENT	I-EVENT	O	O	B-PERSON	O	O	O	O	O	O	O
World	War	II
12	13	14
</positive>
<positive>
Indeed	,	the	ancestors	of	Chester	W	.	Nimitz	,	the	U.S	.	naval	commander	in	chief	of	the	Pacific	in	World	War	II	,	were	among	the	first	German	pioneers	to	settle	the	area	.
RB	,	DT	NNS	IN	NNP	NNP	.	NNP	,	DT	NNP	.	JJ	NN	IN	NN	IN	DT	NNP	IN	NNP	NNP	NNP	,	VBD	IN	DT	JJ	JJ	NNS	TO	VB	DT	NN	.
advmod	p	det	nsubj	prep	nn	nn	p	pobj	p	det	dep	p	amod	appos	prep	pobj	prep	det	pobj	prep	nn	nn	pobj	p	root	prep	det	amod	amod	pobj	aux	xcomp	det	dobj	p
26	26	4	26	4	9	9	26	5	26	15	15	26	15	9	15	16	17	20	18	20	24	24	21	26	0	26	31	31	31	27	33	26	35	33	26
O	O	O	O	O	B-ORG	I-ORG	O	O	O	O	B-GPE	O	O	O	O	O	O	O	B-LOC	O	B-EVENT	I-EVENT	I-EVENT	O	O	O	O	B-ORDINAL	B-NORP	O	O	O	O	O	O
World	War	II
22	23	24
</positive>
<positive>
Since	the	museum	opened	in	1983	,	Fredericksburg	has	become	a	haven	for	retired	military	servicemen	who	come	to	trace	Nimitz	's	career	and	the	events	of	World	War	II	.
IN	DT	NN	VBD	IN	CD	,	NNP	VBZ	VBN	DT	NN	IN	VBN	JJ	NN	WP	VBP	TO	VB	NNP	POS	NN	CC	DT	NNS	IN	NNP	NNP	NNP	.
mark	det	nsubj	advcl	prep	pobj	p	nsubj	aux	cop	det	root	prep	amod	amod	pobj	nsubj	rcmod	aux	xcomp	poss	possessive	dobj	cc	det	conj	prep	nn	nn	pobj	p
4	3	4	12	4	5	12	12	12	12	12	0	12	16	16	13	18	16	20	18	23	21	20	23	26	23	26	30	30	27	12
O	O	O	O	O	B-DATE	O	B-GPE	O	O	O	O	O	O	O	O	O	O	O	O	B-ORG	O	O	O	O	O	O	B-EVENT	I-EVENT	I-EVENT	O
World	War	II
28	29	30
</positive>
<positive>
Slew	McCain	's	peers	at	the	Naval	Academy	were	Chester	Nimitz	and	William	``	Bull	''	Halsey	,	who	would	become	major	commanders	during	World	War	II	.
NNP	NNP	POS	NNS	IN	DT	NNP	NNP	VBD	NNP	NNP	CC	NNP	``	NNP	''	NNP	,	WP	MD	VB	JJ	NNS	IN	NNP	NNP	NNP	.
nn	poss	possessive	nsubj	prep	det	nn	pobj	cop	nn	root	cc	nn	p	nn	p	conj	p	nsubj	aux	cop	amod	rcmod	prep	nn	nn	pobj	p
2	4	2	11	4	8	8	5	11	11	0	11	17	11	17	11	11	11	23	23	23	23	11	23	27	27	24	11
O	B-PERSON	O	O	O	B-ORG	I-ORG	I-ORG	O	B-PERSON	I-PERSON	O	B-PERSON	O	O	O	B-PERSON	O	O	O	O	O	O	O	B-EVENT	I-EVENT	I-EVENT	O
World	War	II
25	26	27
</positive>
<negative>
Yuengling	served	as	a	staff	sergeant	with	the	U.S	.	Army	Air	Corps	during	World	War	II	.
NNP	VBD	IN	DT	NN	NN	IN	DT	NNP	.	NNP	NNP	NNP	IN	NNP	NNP	NNP	.
nsubj	root	prep	det	nn	pobj	prep	det	nn	p	nn	nn	pobj	prep	nn	nn	pobj	p
2	0	2	6	6	3	2	13	13	2	13	13	7	13	17	17	14	2
O	O	O	O	O	O	O	O	B-ORG	I-ORG	I-ORG	I-ORG	I-ORG	O	B-EVENT	I-EVENT	I-EVENT	O
</negative>
<negative>
In	World	War	II	,	Bryer	was	a	captain	and	battalion	surgeon	in	the	Seventh	Armored	Division	in	Europe	,	and	he	received	a	Bronze	Star	and	a	Silver	Star	.
IN	NNP	NNP	NNP	,	NNP	VBD	DT	NN	CC	NN	NN	IN	DT	NNP	NNP	NNP	IN	NNP	,	CC	PRP	VBD	DT	NN	NN	CC	DT	NNP	NNP	.
prep	nn	nn	pobj	p	nsubj	cop	det	nn	cc	conj	root	prep	det	nn	nn	pobj	prep	pobj	p	cc	nsubj	conj	det	nn	dobj	cc	det	nn	conj	p
12	4	4	1	12	12	12	12	12	9	9	0	12	17	17	17	13	17	18	12	12	23	12	26	26	23	26	30	30	26	12
O	B-EVENT	I-EVENT	I-EVENT	O	B-PERSON	O	O	O	O	O	O	O	O	B-ORG	I-ORG	I-ORG	O	B-LOC	O	O	O	O	O	B-ORG	I-ORG	O	O	B-ORG	I-ORG	O
</negative>
<negative>
The	memories	were	n't	all	pleasant	for	George	Bush	as	he	toured	a	new	museum	gallery	dedicated	to	World	War	II	battles	in	the	Pacific	.
DT	NNS	VBD	RB	RB	JJ	IN	NNP	NNP	IN	PRP	VBD	DT	JJ	NN	NN	VBN	TO	NNP	NNP	NNP	NNS	IN	DT	NNP	.
det	nsubj	cop	neg	advmod	root	prep	nn	pobj	mark	nsubj	advcl	det	amod	nn	dobj	partmod	prep	nn	nn	nn	pobj	prep	det	pobj	p
2	6	6	6	6	0	6	9	7	12	12	6	16	16	16	12	16	17	22	22	22	18	17	25	23	6
O	O	O	O	O	O	O	B-PERSON	I-PERSON	O	O	O	O	O	O	O	O	O	B-EVENT	I-EVENT	I-EVENT	O	O	O	B-LOC	O
</negative>
<negative>
Schroeder	and	35	members	of	his	World	War	II	re-enactment	group	spread	out	across	the	state	when	the	Spielberg	movie	opened	last	month	.
NNP	CC	CD	NNS	IN	PRP$	NNP	NNP	NNP	NN	NN	VBD	RP	IN	DT	NN	WRB	DT	NNP	NN	VBD	JJ	NN	.
nsubj	cc	num	conj	prep	poss	nn	nn	nn	nn	pobj	root	prt	prep	det	pobj	advmod	det	nn	nsubj	advcl	amod	tmod	p
12	1	4	1	4	11	11	11	11	11	5	0	12	12	16	14	21	20	20	21	12	23	21	12
B-PERSON	O	B-CARDINAL	O	O	O	B-EVENT	I-EVENT	I-EVENT	O	O	O	O	O	O	O	O	O	B-PERSON	O	O	B-DATE	I-DATE	O
</negative>
<negative>
They	sent	men	dressed	in	World	War	II	uniforms	to	theaters	in	San	Antonio	,	Austin	and	Houston	.
PRP	VBD	NNS	VBD	IN	NNP	NNP	NNP	NNS	TO	NNS	IN	NNP	NNP	,	NNP	CC	NNP	.
nsubj	root	nsubj	ccomp	prep	nn	nn	nn	pobj	prep	pobj	prep	nn	pobj	p	conj	cc	conj	p
2	0	4	2	4	9	9	9	5	4	10	11	14	12	2	14	14	14	2
O	O	O	O	O	B-EVENT	I-EVENT	I-EVENT	O	O	O	O	B-GPE	I-GPE	O	B-GPE	O	B-GPE	O
</negative>
<negative>
It	shows	that	World	War	II	brought	us	into	the	nuclear	age	,	Schroeder	says	.
PRP	VBZ	IN	NNP	NNP	NNP	VBD	PRP	IN	DT	JJ	NN	,	NNP	VBZ	.
nsubj	ccomp	complm	nn	nn	nsubj	ccomp	dobj	prep	det	amod	pobj	p	nsubj	root	p
2	15	7	6	6	7	2	7	7	12	12	9	15	15	0	15
O	O	O	B-EVENT	I-EVENT	I-EVENT	O	O	O	O	O	O	O	B-PERSON	O	O
</negative>
<negative>
More	than	65	World	War	II	vehicles	were	used	in	the	parade	.
JJR	IN	CD	NNP	NNP	NNP	NNS	VBD	VBN	IN	DT	NN	.
mwe	quantmod	num	nn	amod	amod	nsubjpass	auxpass	root	prep	det	pobj	p
2	3	7	7	6	7	9	9	0	9	12	10	9
B-CARDINAL	I-CARDINAL	I-CARDINAL	B-EVENT	I-EVENT	I-EVENT	O	O	O	O	O	O	O
</negative>
<negative>
``	Schools	might	have	two	days	to	teach	World	War	II	history	.
``	NNP	MD	VB	CD	NNS	TO	VB	NNP	NNP	NNP	NN	.
p	nsubj	aux	root	num	tmod	aux	xcomp	nn	nn	iobj	dobj	p
4	4	4	0	6	4	8	4	11	11	8	8	4
O	O	O	O	B-DATE	I-DATE	O	O	B-EVENT	I-EVENT	I-EVENT	O	O
</negative>
<negative>
There	was	his	grandfather	,	Admiral	John	``	Slew	''	McCain	,	Class	of	1906	,	a	grizzled	old	sea	dog	who	commanded	aircraft	carriers	in	the	Pacific	during	World	War	II	.
EX	VBD	PRP$	NN	,	NNP	NNP	``	NNP	''	NNP	,	NNP	IN	CD	,	DT	JJ	JJ	NN	NN	WP	VBD	NN	NNS	IN	DT	NNP	IN	NNP	NNP	NNP	.
expl	root	poss	nsubj	p	nn	nn	p	nn	p	appos	p	appos	prep	pobj	p	det	amod	amod	nn	appos	nsubj	rcmod	nn	dobj	prep	det	pobj	prep	nn	nn	pobj	p
2	0	4	2	2	11	11	2	11	2	4	2	4	13	14	2	21	19	21	21	4	23	4	25	23	23	28	26	23	32	32	29	2
O	O	O	O	O	O	B-PERSON	O	O	O	B-PERSON	O	O	O	B-DATE	O	O	O	O	O	O	O	O	O	O	O	O	B-LOC	O	B-EVENT	I-EVENT	I-EVENT	O
</negative>
<negative>
Also	,	the	strain	of	operations	in	World	War	II	was	immense.	''
RB	,	DT	NN	IN	NNS	IN	NNP	NNP	NNP	VBD	VBN	''
advmod	p	det	nsubjpass	prep	pobj	prep	nn	nn	pobj	auxpass	root	p
12	12	4	12	4	5	6	10	10	7	12	0	12
O	O	O	O	O	O	O	B-EVENT	I-EVENT	I-EVENT	O	O	O
</negative>
<negative>
After	the	war	,	Bryer	returned	to	his	alma	mater	,	Johns	Hopkins	University	,	where	he	and	a	team	of	researchers	developed	Aureomycin	,	tetracycline	,	polymyxin	agents	and	other	antibiotics	.
IN	DT	NN	,	NNP	VBD	TO	PRP$	JJ	NN	,	NNP	NNP	NNP	,	WRB	PRP	CC	DT	NN	IN	NNS	VBD	NNP	,	NN	,	NN	NNS	CC	JJ	NNS	.
prep	det	pobj	p	nsubj	root	prep	poss	amod	pobj	p	nn	nn	appos	p	advmod	nsubj	cc	det	conj	prep	pobj	advcl	dobj	p	conj	p	nn	conj	cc	amod	conj	p
6	3	1	6	6	0	6	10	10	7	6	14	14	10	6	23	23	17	20	17	20	21	6	23	6	24	6	29	24	24	32	24	6
O	O	O	O	B-PERSON	O	O	O	O	O	O	B-ORG	I-ORG	I-ORG	O	O	O	O	O	O	O	O	O	B-PERSON	O	O	O	O	O	O	O	O	O
</negative>
<negative>
He	joined	the	Chicago	Daily	News	as	a	reporter	after	the	war	,	later	becoming	city	editor	and	assistant	managing	editor	.
PRP	VBD	DT	NNP	NNP	NNP	IN	DT	NN	IN	DT	NN	,	RB	VBG	NN	NN	CC	JJ	VBG	NN	.
nsubj	root	det	nn	nn	dobj	prep	det	pobj	prep	det	pobj	p	advmod	partmod	nn	attr	cc	amod	amod	conj	p
2	0	6	6	6	2	2	9	7	2	12	10	2	15	2	17	15	17	21	21	17	2
O	O	B-ORG	I-ORG	I-ORG	I-ORG	O	O	O	O	O	O	O	O	O	O	O	O	O	O	O	O
</negative>
<negative>
``	I	saw	the	island	over	which	my	roommate	was	shot	down	,	the	first	casualty	of	our	squadron	,	''	said	the	former	president	,	who	served	as	a	young	pilot	during	the	war	.
``	PRP	VBD	DT	NN	IN	WDT	PRP$	NN	VBD	VBN	RB	,	DT	JJ	NN	IN	PRP$	NN	,	''	VBD	DT	JJ	NN	,	WP	VBD	IN	DT	JJ	NN	IN	DT	NN	.
p	nsubj	ccomp	det	dobj	prep	dobj	poss	nsubjpass	auxpass	pcomp	advmod	p	det	amod	dobj	prep	poss	pobj	p	p	root	det	amod	nsubj	p	nsubj	rcmod	prep	det	amod	pobj	prep	det	pobj	p
22	3	22	5	3	5	11	9	11	11	6	11	22	16	16	11	16	19	17	22	22	0	25	25	22	22	28	25	28	32	32	29	28	35	33	22
O	O	O	O	O	O	O	O	O	O	O	O	O	O	O	O	O	O	O	O	O	O	O	O	O	O	O	O	O	O	O	O	O	O	O	O
</negative>
<negative>
Bush	cut	the	ribbon	Friday	on	the	George	Bush	Gallery	of	the	National	Museum	of	the	Pacific	War	,	part	of	the	larger	Admiral	Nimitz	Museum	and	Historical	Center	.
NNP	VBD	DT	NN	NNP	IN	DT	NNP	NNP	NNP	IN	DT	NNP	NNP	IN	DT	NNP	NNP	,	NN	IN	DT	JJR	NNP	NNP	NN	CC	NNP	NNP	.
nsubj	root	det	dobj	tmod	prep	det	nn	nn	pobj	prep	det	nn	pobj	prep	det	nn	nn	p	pobj	prep	det	amod	nn	nn	pobj	cc	nn	conj	p
2	0	4	2	2	2	10	10	10	6	10	14	14	11	14	20	20	20	2	15	20	26	26	26	26	21	26	29	26	2
B-PERSON	O	O	O	B-DATE	O	O	B-PERSON	I-PERSON	O	O	B-ORG	I-ORG	I-ORG	I-ORG	I-ORG	I-ORG	I-ORG	O	O	O	O	O	B-FAC	I-FAC	I-FAC	I-FAC	I-FAC	I-FAC	O
</negative>
<negative>
A	group	in	the	Dallas-Fort	Worth	area	did	the	same	.
DT	NN	IN	DT	NNP	NNP	NN	VBD	DT	JJ	.
det	nsubj	prep	det	nn	nn	pobj	root	det	dobj	p
2	8	2	7	7	7	3	0	10	8	8
O	O	O	O	I-LOC	I-LOC	O	O	O	O	O
</negative>
<negative>
``	Most	groups	do	Indian	wars	,	the	Civil	War	;	not	many	people	do	anything	from	the	20th	century	.	''
``	JJS	NNS	VBP	JJ	NNS	,	DT	JJ	NN	:	RB	JJ	NNS	VBP	NN	IN	DT	JJ	NN	.	''
p	amod	nsubj	root	amod	dobj	p	det	amod	appos	p	neg	amod	nsubj	ccomp	dobj	prep	det	amod	pobj	p	p
4	3	4	0	6	4	4	10	10	6	4	4	14	15	4	15	15	20	20	17	4	4
O	O	O	O	B-NORP	O	O	B-EVENT	I-EVENT	I-EVENT	O	O	O	O	O	O	O	B-DATE	I-DATE	I-DATE	O	O
</negative>
<negative>
It	took	until	1994	to	come	up	with	a	base	plan	on	how	to	teach	World	War	II.	''
PRP	VBD	IN	CD	TO	VB	RP	IN	DT	NN	NN	IN	WRB	TO	VB	NNP	NNP	NNP	''
nsubj	root	prep	pobj	aux	xcomp	prt	prep	det	nn	pobj	prep	advmod	aux	pcomp	nn	nn	dobj	p
2	0	2	3	6	2	6	6	11	11	8	11	15	15	12	18	18	15	2
O	O	O	B-DATE	O	O	O	O	O	O	O	O	O	O	O	B-EVENT	I-EVENT	I-EVENT	O
</negative>
<negative>
Last	year	,	he	engineered	a	Marine	landing	on	Galveston	Island	;	in	1995	he	put	together	a	``	Welcome	Home	Parade	''	for	veterans	of	the	war	in	the	Pacific	.
JJ	NN	,	PRP	VBD	DT	NNP	NN	IN	NNP	NNP	:	IN	CD	PRP	VBD	RP	DT	``	JJ	NN	NN	''	IN	NNS	IN	DT	NN	IN	DT	NNP	.
amod	tmod	p	nsubj	root	det	nn	dobj	prep	nn	pobj	p	prep	pobj	nsubj	parataxis	prt	det	p	amod	nn	dobj	p	prep	pobj	prep	det	pobj	prep	det	pobj	p
2	5	5	5	0	8	8	5	5	11	9	5	16	13	16	5	16	22	5	22	22	16	5	22	24	25	28	26	16	31	29	5
B-DATE	I-DATE	O	O	O	O	O	O	O	B-GPE	I-GPE	O	O	B-DATE	O	O	O	O	O	O	O	O	O	O	O	O	O	O	O	O	B-LOC	O
</negative>
<negative>
``	That	's	something	they	never	got	after	the	war	,	''	he	said	.
``	DT	VBZ	NN	PRP	RB	VBD	IN	DT	NN	,	''	PRP	VBD	.
p	nsubj	cop	ccomp	nsubj	neg	rcmod	prep	det	pobj	p	p	nsubj	root	p
14	4	4	14	7	7	4	7	10	8	14	14	14	0	14
O	O	O	O	O	O	O	O	O	O	O	O	O	O	O
</negative>
<negative>
Schroeder	insists	that	he	and	his	re-enactors	are	not	trying	to	romanticize	war	.
NNP	VBZ	IN	PRP	CC	PRP$	NNS	VBP	RB	VBG	TO	VB	NN	.
nsubj	root	complm	nsubj	cc	poss	conj	aux	neg	ccomp	aux	xcomp	dobj	p
2	0	10	10	4	7	4	10	10	2	12	10	12	2
B-PERSON	O	O	O	O	O	O	O	O	O	O	O	O	O
</negative>
<negative>
With	children	,	he	explained	,	they	do	n't	even	talk	about	war	.
IN	NNS	,	PRP	VBD	,	PRP	VBP	RB	RB	VB	IN	NN	.
prep	pobj	p	nsubj	parataxis	p	nsubj	aux	neg	advmod	root	prep	pobj	p
11	1	11	5	11	11	11	11	11	11	0	11	12	11
O	O	O	O	O	O	O	O	O	O	O	O	O	O
</negative>
<negative>
The	latest	addition	to	the	park	,	the	$	3	million	National	Museum	of	the	Pacific	War	and	George	Bush	Gallery	,	is	scheduled	to	open	to	the	public	June	12	.
DT	JJS	NN	TO	DT	NN	,	DT	$	CD	CD	NNP	NN	IN	DT	NNP	NNP	CC	NNP	NNP	NNP	,	VBZ	VBN	TO	VB	TO	DT	NN	NNP	CD	.
det	amod	nsubjpass	prep	det	pobj	p	det	num	number	number	nn	appos	prep	det	nn	pobj	cc	nn	nn	conj	p	auxpass	root	aux	xcomp	prep	det	pobj	tmod	num	p
3	3	24	3	6	4	24	13	13	9	9	13	3	13	17	17	14	17	21	21	17	24	24	0	26	24	26	29	27	26	30	24
O	O	O	O	O	O	O	O	B-MONEY	I-MONEY	I-MONEY	B-ORG	I-ORG	I-ORG	I-ORG	I-ORG	I-ORG	O	B-PERSON	I-PERSON	O	O	O	O	O	O	O	O	O	B-DATE	I-DATE	O
</negative>
<negative>
``	What	did	you	say	?	''
``	WP	VBD	PRP	VB	.	''
p	dobj	aux	nsubj	root	p	p
5	5	5	5	0	5	5
O	O	O	O	O	O	O
</negative>
<negative>
According	to	his	grandson	,	McCain	was	the	quintessential	combat	officer	_	a	throwback	,	a	gregarious	,	beloved	commander	who	did	n't	worry	whether	his	uniform	was	pressed	.
VBG	TO	PRP$	NN	,	NNP	VBD	DT	JJ	NN	NN	VBG	DT	NN	,	DT	JJ	,	JJ	NN	WP	VBD	RB	VB	IN	PRP$	NN	VBD	VBN	.
prep	pcomp	poss	pobj	p	nsubj	cop	det	amod	nn	root	partmod	det	dobj	p	det	amod	p	amod	appos	nsubj	aux	neg	rcmod	complm	poss	nsubjpass	auxpass	ccomp	p
11	1	4	2	11	11	11	11	11	11	0	11	14	12	11	20	20	11	20	14	24	24	24	20	29	27	29	29	24	11
O	O	O	O	O	B-PERSON	O	O	O	O	O	O	O	O	O	O	O	O	O	O	O	O	O	O	O	O	O	O	O	O
</negative>
<negative>
But	the	war	,	and	his	lifestyle	,	taxed	his	health	.
CC	DT	NN	,	CC	PRP$	NN	,	VBD	PRP$	NN	.
cc	det	nsubj	p	cc	poss	conj	p	root	poss	dobj	p
9	3	9	9	3	7	3	9	0	11	9	9
O	O	O	O	O	O	O	O	O	O	O	O
</negative>
<negative>
``	He	smoked	and	he	drank	and	he	did	n't	take	care	of	himself	.
``	PRP	VBD	CC	PRP	VBD	CC	PRP	VBD	RB	VB	NN	IN	PRP	.
p	nsubj	root	cc	nsubj	conj	cc	nsubj	aux	neg	conj	dobj	prep	pobj	p
3	3	0	3	6	3	6	11	11	11	6	11	12	13	3
O	O	O	O	O	O	O	O	O	O	O	O	O	O	O
</negative>
<negative>
Bill	McCain	,	who	graduated	from	West	Point	,	chased	Pancho	Villa	with	Gen	.	Blackjack	Pershing	,	served	as	an	artillery	officer	during	World	War	I	and	attained	the	rank	of	brigadier	general	.
NNP	NNP	,	WP	VBD	IN	NNP	NNP	,	VBD	NNP	NNP	IN	NNP	.	NNP	NNP	,	VBN	IN	DT	NN	NN	IN	NNP	NNP	PRP	CC	VBN	DT	NN	IN	NN	NN	.
nn	nsubj	p	nsubj	rcmod	prep	nn	pobj	p	root	nn	dobj	prep	nn	p	nn	pobj	p	dep	prep	det	nn	pobj	prep	nn	pobj	dep	cc	conj	det	dobj	prep	nn	pobj	p
2	10	10	5	2	5	8	6	10	0	12	10	12	17	10	17	13	10	17	19	23	23	20	19	26	24	26	19	19	31	29	31	34	32	10
B-PERSON	I-PERSON	O	O	O	O	B-GPE	I-GPE	O	O	B-PERSON	I-PERSON	O	O	O	O	O	O	O	O	O	O	O	O	B-EVENT	I-EVENT	I-EVENT	O	O	O	O	O	O	O	O
</negative>
<negative>
After	the	family	moved	to	Mississippi	,	a	number	of	McCain	's	ancestors	fought	in	the	Civil	War	on	the	side	of	the	Confederacy	.
IN	DT	NN	VBN	TO	NNP	,	DT	NN	IN	NNP	POS	NNS	VBD	IN	DT	JJ	NN	IN	DT	NN	IN	DT	NNP	.
prep	det	pobj	partmod	prep	pobj	p	det	nsubj	prep	poss	possessive	pobj	root	prep	det	amod	pobj	prep	det	pobj	prep	det	pobj	p
14	3	1	3	4	5	14	9	14	9	13	11	10	0	14	18	18	15	14	21	19	21	24	22	14
O	O	O	O	O	B-GPE	O	O	O	O	B-PERSON	O	O	O	O	O	I-FAC	I-FAC	O	O	O	O	O	O	O
</negative>
<negative>
At	Episcopal	High	,	a	private	boarding	school	in	Alexandria	,	Va	.	,	McCain	was	a	rebel	,	earning	the	nickname	``	McNasty	''	from	classmates	who	did	n't	dare	cross	him	.
IN	NNP	NNP	,	DT	JJ	NN	NN	IN	NNP	,	NNP	.	,	NNP	VBD	DT	NN	,	VBG	DT	NN	``	NNP	''	IN	NNS	WP	VBD	RB	VB	VB	PRP	.
prep	nn	pobj	p	det	amod	nn	nsubj	prep	nn	p	dep	p	p	pobj	cop	det	root	p	partmod	det	nn	p	dobj	p	prep	pobj	nsubj	aux	neg	rcmod	xcomp	dobj	p
18	3	1	18	8	8	8	18	8	15	18	15	18	18	9	18	18	0	18	18	24	24	18	20	18	20	26	31	31	31	27	31	32	18
O	B-ORG	I-ORG	O	O	O	O	O	O	B-GPE	O	B-GPE	O	O	B-PERSON	O	O	O	O	O	O	O	O	O	O	O	O	O	O	O	O	O	O	O
</negative>
<negative>
He	did	just	enough	to	pass	the	classes	he	did	n't	find	stimulating	.
PRP	VBD	RB	RB	TO	VB	DT	NNS	PRP	VBD	RB	VB	VBG	.
nsubj	root	advmod	advmod	aux	xcomp	det	dobj	nsubj	aux	neg	rcmod	xcomp	p
2	0	4	2	6	2	8	6	12	12	12	8	12	2
O	O	O	O	O	O	O	O	O	O	O	O	O	O
</negative>
<negative>
``	Did	you	have	fun	with	her	?
``	VBD	PRP	VBP	NN	IN	PRP	.
p	root	nsubj	ccomp	dobj	prep	pobj	p
2	0	4	2	4	4	6	2
O	O	O	O	O	O	O	O
</negative>
<negative>
Dewey	did	not	oppose	New	Deal	programs	,	which	caused	Republicans	to	grouse	about	``	me-tooism	,	''	but	which	also	made	him	a	formidable	candidate	.
RB	VBD	RB	VB	NNP	NNP	NNS	,	WDT	VBD	NNS	TO	VB	IN	``	NN	,	''	CC	WDT	RB	VBD	PRP	DT	JJ	NN	.
advmod	aux	neg	root	nn	dobj	nsubj	p	nsubj	rcmod	dobj	aux	xcomp	prep	p	pobj	p	p	cc	nsubj	advmod	conj	iobj	det	amod	dobj	p
4	4	4	0	6	4	4	4	10	7	10	13	10	13	4	14	4	4	10	22	22	10	22	26	26	22	4
B-PERSON	O	O	O	O	O	O	O	O	O	B-NORP	O	O	O	O	O	O	O	O	O	O	O	O	O	O	O	O
</negative>
<negative>
As	the	war	and	homefront	rationing	dragged	on	,	he	abandoned	his	nonpolitical	strategy	and	spoke	on	Sept	.	23	to	a	friendly	audience	,	the	Teamsters	Union	,	and	to	voters	via	radio	.
IN	DT	NN	CC	NN	NN	VBN	RP	,	PRP	VBD	PRP$	JJ	NN	CC	VBD	IN	NNP	.	CD	TO	DT	JJ	NN	,	DT	NNPS	NNP	,	CC	TO	NNS	IN	NN	.
prep	det	nn	cc	conj	pobj	partmod	prt	p	nsubj	root	poss	amod	dobj	cc	conj	prep	pobj	p	dep	prep	det	amod	pobj	p	det	nn	appos	p	cc	conj	pobj	prep	pobj	p
11	6	6	3	3	1	6	7	11	11	0	14	14	11	11	11	16	17	11	18	16	24	24	21	11	28	28	24	11	21	21	31	32	33	11
O	O	O	O	O	O	O	O	O	O	O	O	O	O	O	O	O	B-DATE	O	B-DATE	O	O	O	O	O	O	I-LAW	I-LAW	O	O	O	O	O	O	O
</negative>
<negative>
Hooting	and	hollering	,	banging	the	tables	,	the	Teamsters	wanted	more	,	as	did	millions	at	home	.
VBG	CC	VBG	,	VBG	DT	NNS	,	DT	NNPS	VBD	RBR	,	IN	VBD	NNS	IN	NN	.
ccomp	cc	conj	p	dep	det	dobj	p	det	nsubj	root	advmod	p	mark	advcl	dobj	prep	pobj	p
11	1	1	11	1	7	5	11	10	11	0	11	11	15	11	15	15	17	11
O	O	O	O	O	O	O	O	O	B-ORG	O	O	O	O	O	O	O	O	O
</negative>
</QApairs>
<QApairs id='40.5'>
<question>
What	rank	did	Nimitz	reach	?
WDT	NN	VBD	NNP	VB	.
det	dobj	aux	nsubj	root	p
2	5	5	5	0	5
O	O	O	B-PERSON	O	O
</question>
<positive>
Bush	cut	the	ribbon	Friday	on	the	George	Bush	Gallery	of	the	National	Museum	of	the	Pacific	War	,	part	of	the	larger	Admiral	Nimitz	Museum	and	Historical	Center	.
NNP	VBD	DT	NN	NNP	IN	DT	NNP	NNP	NNP	IN	DT	NNP	NNP	IN	DT	NNP	NNP	,	NN	IN	DT	JJR	NNP	NNP	NN	CC	NNP	NNP	.
nsubj	root	det	dobj	tmod	prep	det	nn	nn	pobj	prep	det	nn	pobj	prep	det	nn	nn	p	pobj	prep	det	amod	nn	nn	pobj	cc	nn	conj	p
2	0	4	2	2	2	10	10	10	6	10	14	14	11	14	20	20	20	2	15	20	26	26	26	26	21	26	29	26	2
B-PERSON	O	O	O	B-DATE	O	O	B-PERSON	I-PERSON	O	O	B-ORG	I-ORG	I-ORG	I-ORG	I-ORG	I-ORG	I-ORG	O	O	O	O	O	B-FAC	I-FAC	I-FAC	I-FAC	I-FAC	I-FAC	O
Admiral
24
</positive>
<positive>
The	museum	is	named	for	World	War	II	Pacific	fleet	commander	and	Fredericksburg	native	Admiral	Chester	Nimitz	,	under	whom	Bush	served	.
DT	NN	VBZ	VBN	IN	NNP	NNP	NNP	NNP	NN	NN	CC	NNP	JJ	NN	NNP	NNP	,	IN	WP	NNP	VBD	.
det	nsubjpass	auxpass	root	prep	nn	nn	nn	nn	nn	pobj	cc	nn	amod	nn	nn	conj	p	rel	pobj	nsubj	rcmod	p
2	4	4	0	4	11	11	11	11	11	5	11	17	17	17	17	11	4	22	19	22	11	4
O	O	O	O	O	B-EVENT	I-EVENT	I-EVENT	I-PERSON	O	O	O	B-GPE	O	O	B-PERSON	I-PERSON	O	O	O	B-PERSON	O	O
Admiral
15
</positive>
<positive>
To	commemorate	Nimitz	'	illustrious	career	,	his	grandfather	's	Nimitz	Steamboat	Hotel	at	Main	and	Washington	streets	was	turned	into	the	Admiral	Nimitz	Museum	and	Historical	Center	,	a	state	historical	park	managed	by	Texas	Parks	and	Wildlife	.
TO	VB	NNP	POS	JJ	NN	,	PRP$	NN	POS	NNP	NNP	NNP	IN	NNP	CC	NNP	NNS	VBD	VBN	IN	DT	NNP	NNP	NNP	CC	NNP	NNP	,	DT	NN	JJ	NN	VBN	IN	NNP	NNP	CC	NNP	.
aux	purpcl	poss	p	amod	dobj	p	poss	poss	possessive	nn	nn	nsubjpass	prep	nn	cc	conj	pobj	auxpass	root	prep	det	nn	nn	pobj	cc	nn	conj	p	det	nn	amod	appos	partmod	prep	nn	pobj	cc	conj	p
2	20	6	20	6	2	20	9	13	9	13	13	20	13	18	15	15	14	20	0	20	25	25	25	21	25	28	25	20	33	33	33	25	33	34	37	35	37	37	20
O	O	B-FAC	O	O	O	O	O	O	O	B-FAC	I-FAC	I-FAC	O	B-GPE	O	B-GPE	O	O	O	O	O	B-FAC	I-FAC	I-FAC	O	B-FAC	I-FAC	O	O	O	O	O	O	O	B-ORG	I-ORG	I-ORG	I-ORG	O
Admiral
23
</positive>
<positive>
It	is	part	of	the	Admiral	Nimitz	Historical	Center	in	Fredericksburg	and	is	under	the	Texas	Parks	and	Wildlife	Department	.
PRP	VBZ	NN	IN	DT	NNP	NNP	NNP	NNP	IN	NNP	CC	VBZ	IN	DT	NNP	NNPS	CC	NNP	NNP	.
nsubj	cop	root	prep	det	nn	nn	nn	pobj	prep	pobj	cc	conj	prep	det	nn	pobj	cc	nn	conj	p
3	3	0	3	9	9	9	9	4	3	10	3	3	13	17	17	14	17	20	17	3
O	O	O	O	O	O	B-ORG	I-ORG	I-ORG	O	B-GPE	O	O	O	B-ORG	I-ORG	I-ORG	O	B-ORG	I-ORG	O
Admiral
6
</positive>
<negative>
At	the	far	end	is	the	serene	Japanese	Garden	of	Peace	,	a	gift	from	the	people	of	Japan	to	symbolize	the	friendship	between	Nimitz	and	their	national	hero	Adm	.	Heihachiro	Togo	.
IN	DT	JJ	NN	VBZ	DT	JJ	JJ	NN	IN	NNP	,	DT	NN	IN	DT	NNS	IN	NNP	TO	VB	DT	NN	IN	NNP	CC	PRP$	JJ	NN	NNP	.	NNP	NNP	.
prep	det	amod	pobj	root	det	amod	amod	nsubj	prep	pobj	p	det	appos	prep	det	pobj	prep	pobj	aux	infmod	det	dobj	prep	pobj	cc	poss	amod	conj	nn	p	nn	dep	p
5	4	4	1	0	9	9	9	5	9	10	5	14	9	14	17	15	17	18	21	14	23	21	23	24	23	29	29	23	33	5	33	29	5
O	O	O	O	O	O	O	B-NORP	O	O	O	O	O	O	O	O	O	O	B-GPE	O	O	O	O	O	B-ORG	O	O	O	O	O	O	O	B-GPE	O
</negative>
<negative>
The	two	did	n't	get	a	chance	to	meet	.
DT	CD	VBD	RB	VB	DT	NN	TO	VB	.
det	nsubj	aux	neg	root	det	dobj	aux	infmod	p
2	5	5	5	0	7	5	9	7	5
O	B-CARDINAL	O	O	O	O	O	O	O	O
</negative>
<negative>
Bush	explains	that	he	served	under	Adm	.	Chester	Nimitz	,	the	Fredericksburg	native	for	whom	the	complex	is	named	.
NNP	VBZ	IN	PRP	VBD	IN	NNP	.	NNP	NNP	,	DT	NNP	NN	IN	WP	DT	NN	VBZ	VBN	.
nsubj	root	complm	nsubj	ccomp	prep	nn	p	nn	pobj	p	det	nn	appos	rel	pobj	det	nsubjpass	auxpass	rcmod	p
2	0	5	5	2	5	10	2	10	6	2	14	14	10	20	15	18	20	20	14	2
B-PERSON	O	O	O	O	O	O	O	B-PERSON	I-PERSON	O	O	B-GPE	O	O	O	O	O	O	O	O
</negative>
<negative>
The	primary	purpose	,	she	said	,	is	to	reach	a	younger	audience	and	give	them	a	better	understanding	of	the	contributions	that	were	made	by	the	generation	of	World	War	II	.
DT	JJ	NN	,	PRP	VBD	,	VBZ	TO	VB	DT	JJR	NN	CC	VB	PRP	DT	JJR	NN	IN	DT	NNS	WDT	VBD	VBN	IN	DT	NN	IN	NNP	NNP	NNP	.
det	amod	nsubj	p	nsubj	parataxis	p	root	aux	xcomp	det	amod	dobj	cc	conj	iobj	det	amod	dobj	prep	det	pobj	nsubjpass	auxpass	rcmod	prep	det	pobj	prep	nn	nn	pobj	p
3	3	8	8	6	8	8	0	10	8	13	13	10	10	10	15	19	19	15	19	22	20	25	25	22	25	28	26	28	32	32	29	8
O	O	O	O	O	O	O	O	O	O	O	O	O	O	O	O	O	O	O	O	O	O	O	O	O	O	O	O	O	B-EVENT	I-EVENT	I-EVENT	O
</negative>
</QApairs>
<QApairs id='41.1'>
<question>
What	year	did	the	Teapot	Dome	scandal	take	place	?
WDT	NN	VBD	DT	NNP	NNP	NN	VB	NN	.
det	tmod	aux	det	nn	nn	nsubj	root	dobj	p
2	8	8	7	7	7	8	0	8	8
O	O	O	O	I-FAC	I-FAC	O	O	O	O
</question>
<positive>
For	much	of	the	1920s	,	Teapot	Dome	_	a	classic	tale	of	oil	tycoons	,	$	100	bills	and	a	jailed	Cabinet	member	_	was	the	talk	of	the	nation	.
IN	RB	IN	DT	NNS	,	NNP	NNP	VBD	DT	JJ	NN	IN	NN	NNS	,	$	CD	NNS	CC	DT	JJ	NNP	NN	NN	VBD	DT	NN	IN	DT	NN	.
prep	pobj	prep	det	pobj	p	nn	nsubj	root	det	amod	nsubj	prep	nn	pobj	p	dep	num	conj	cc	det	amod	nn	nn	conj	cop	det	ccomp	prep	det	pobj	p
9	1	2	5	3	9	8	9	0	12	12	28	12	15	13	9	19	19	15	15	25	25	25	25	15	28	28	9	28	31	29	9
O	O	O	B-DATE	I-DATE	O	B-ORG	I-ORG	O	O	O	O	O	O	O	O	O	B-MONEY	O	O	O	O	B-ORG	O	O	O	O	O	O	O	O	O
1920s
5
</positive>
<positive>
It	was	the	first	trial	of	former	Cabinet	officials	since	the	Teapot	Dome	scandal	in	the	1920s	,	and	it	was	the	first	time	in	the	country	's	history	that	two	former	Cabinet	officials	were	tried	together	.
PRP	VBD	DT	JJ	NN	IN	JJ	NNP	NNS	IN	DT	NNP	NNP	NN	IN	DT	NNS	,	CC	PRP	VBD	DT	JJ	NN	IN	DT	NN	POS	NN	IN	CD	JJ	JJ	NNS	VBD	VBN	RB	.
nsubj	cop	det	amod	root	prep	amod	nn	pobj	prep	det	nn	nn	pobj	prep	det	pobj	p	cc	nsubj	cop	det	amod	conj	prep	det	poss	possessive	pobj	complm	num	amod	amod	nsubjpass	auxpass	ccomp	advmod	p
5	5	5	5	0	5	9	9	6	5	14	14	14	10	14	17	15	5	5	24	24	24	24	5	24	27	29	27	25	36	34	34	34	36	36	24	36	5
O	O	O	B-ORDINAL	O	O	O	B-ORG	O	O	O	I-EVENT	I-EVENT	I-EVENT	O	B-DATE	I-DATE	O	O	O	O	O	B-ORDINAL	O	O	O	O	O	O	O	B-CARDINAL	O	B-ORG	O	O	O	O	O
1920s
17
</positive>
<positive>
In	1923	,	as	the	tawdriness	of	the	Teapot	Dome	scandal	began	to	leak	out	,	Harding	lamented	,	``	My	God	,	this	is	a	hell	of	a	job	.
IN	CD	,	IN	DT	NNS	IN	DT	NNP	NNP	NN	VBD	TO	VB	RB	,	NNP	VBD	,	``	PRP$	NN	,	DT	VBZ	DT	NN	IN	DT	NN	.
prep	pobj	p	mark	det	nsubj	prep	det	nn	nn	pobj	advcl	aux	xcomp	advmod	p	nsubj	parataxis	p	p	poss	dobj	p	nsubj	cop	det	root	prep	det	pobj	p
27	1	27	12	6	12	6	11	11	11	7	27	14	12	14	27	18	14	27	27	22	14	27	27	27	27	0	27	30	28	27
O	B-DATE	O	O	O	O	O	O	I-LANGUAGE	I-FAC	O	O	O	O	O	O	B-PERSON	O	O	O	O	O	O	O	O	O	O	O	O	O	O
1923
2
</positive>
<negative>
Last	fall	,	Congress	decreed	he	will	be	the	last	in	a	long	line	of	naval	officers	who	have	kept	an	eye	on	the	oil	field	since	a	scandal	rocked	President	Warren	Harding	's	administration	in	1922	.
JJ	NN	,	NNP	VBD	PRP	MD	VB	DT	JJ	IN	DT	JJ	NN	IN	JJ	NNS	WP	VBP	VBN	DT	NN	IN	DT	NN	NN	IN	DT	NN	VBD	NNP	NNP	NNP	POS	NN	IN	CD	.
amod	tmod	p	nsubj	root	nsubj	aux	cop	det	ccomp	prep	det	amod	pobj	prep	amod	pobj	nsubj	aux	rcmod	det	dobj	prep	det	nn	pobj	mark	det	nsubj	advcl	nn	nn	poss	possessive	dobj	prep	pobj	p
2	5	5	5	0	10	10	10	10	5	10	14	14	11	14	17	15	20	20	10	22	20	22	26	26	23	30	29	30	20	33	33	35	33	30	30	36	5
B-DATE	I-DATE	O	B-ORG	O	O	O	O	O	O	O	O	O	O	O	O	O	O	O	O	O	O	O	O	O	O	O	O	O	O	O	B-PERSON	I-PERSON	O	O	O	B-DATE	O
</negative>
<negative>
By	the	time	Harding	died	on	Aug	.	2	,	1923	,	apparently	of	a	heart	attack	,	the	whistle	was	blowing	on	Teapot	.
IN	DT	NN	NN	VBN	IN	NNP	.	CD	,	CD	,	RB	IN	DT	NN	NN	,	DT	NN	VBD	VBG	IN	NNP	.
prep	det	nn	pobj	partmod	prep	pobj	p	dep	p	appos	p	advmod	prep	det	nn	pobj	p	det	nsubj	aux	root	prep	pobj	p
22	4	4	1	4	5	6	22	7	22	7	22	7	7	17	17	14	22	20	22	22	0	22	23	22
O	O	O	B-PERSON	O	O	B-DATE	O	B-CARDINAL	O	B-DATE	O	O	O	O	O	O	O	O	O	O	O	O	O	O
</negative>
<negative>
Tunison	,	a	petroleum	engineer	,	keeps	watch	over	Naval	Petroleum	Reserve	No	.	3	,	better	known	as	Teapot	Dome	.
NNP	,	DT	NN	NN	,	VBZ	VB	RP	NNP	NNP	NNP	NNP	.	CD	,	RBR	VBN	IN	NNP	NNP	.
nsubj	p	det	nn	appos	p	root	xcomp	prt	nn	nn	nn	dobj	p	dep	p	advmod	partmod	prep	nn	pobj	p
7	7	5	5	1	7	0	7	8	13	13	13	8	7	13	7	18	13	18	21	19	7
B-PERSON	O	O	O	O	O	O	O	O	B-ORG	I-ORG	I-ORG	O	O	B-CARDINAL	O	O	O	O	B-ORG	I-ORG	O
</negative>
<negative>
At	about	the	same	time	,	Department	of	Energy	officials	hope	to	submit	legislation	to	sell	Teapot	Dome	to	a	private	company	or	a	group	that	would	open	it	to	drilling	research	.
IN	IN	DT	JJ	NN	,	NNP	IN	NNP	NNS	VBP	TO	VB	NN	TO	VB	NNP	NNP	TO	DT	JJ	NN	CC	DT	NN	WDT	MD	VB	PRP	TO	NN	NN	.
prep	pcomp	det	amod	pobj	p	nsubj	prep	nn	pobj	root	aux	xcomp	dobj	aux	xcomp	nn	dobj	prep	det	amod	pobj	cc	det	conj	nsubj	aux	rcmod	dobj	prep	nn	pobj	p
11	1	5	5	2	11	11	7	10	8	0	13	11	13	16	13	18	16	18	22	22	19	22	25	22	28	28	25	28	28	32	30	11
O	O	O	O	O	O	B-ORG	I-ORG	I-ORG	O	O	O	O	O	O	O	B-GPE	I-GPE	O	O	O	O	O	O	O	O	O	O	O	O	O	O	O
</negative>
<negative>
In	1981	,	production	at	Teapot	Dome	peaked	at	5,000	barrels	a	day	.
IN	CD	,	NN	IN	NNP	NNP	VBD	IN	CD	NNS	DT	NN	.
prep	pobj	p	nsubj	prep	nn	pobj	root	prep	num	pobj	det	dep	p
8	1	8	8	4	7	5	0	8	11	9	13	11	8
O	B-DATE	O	O	O	B-ORG	I-ORG	O	O	B-QUANTITY	I-QUANTITY	O	O	O
</negative>
<negative>
Time	has	even	taken	its	toll	on	a	nearby	rock	formation	that	looked	like	a	teapot	to	early	prospectors	.
NNP	VBZ	RB	VBN	PRP$	NN	IN	DT	JJ	NN	NN	WDT	VBD	IN	DT	NN	TO	JJ	NNS	.
nsubj	aux	advmod	root	poss	dobj	prep	det	amod	nn	pobj	nsubj	rcmod	prep	det	pobj	prep	amod	pobj	p
4	4	4	0	6	4	4	11	11	11	7	13	11	13	16	14	13	19	17	4
O	O	O	O	O	O	O	O	O	O	O	O	O	O	O	O	O	O	O	O
</negative>
<negative>
A	1962	windstorm	broke	off	the	teapot	's	spout	.
DT	CD	NN	VBD	RP	DT	NN	POS	NN	.
det	num	nsubj	root	prt	det	poss	possessive	dobj	p
3	3	4	0	4	7	9	7	4	4
O	B-DATE	O	O	O	O	O	O	O	O
</negative>
<negative>
But	the	dome	,	underground	layers	of	rock	shaped	liked	an	upside-down	bowl	,	is	better	known	for	its	place	in	history	than	its	oil	.
CC	DT	NN	,	JJ	NNS	IN	NN	JJ	VBD	DT	JJ	NN	,	VBZ	RBR	VBN	IN	PRP$	NN	IN	NN	IN	PRP$	NN	.
cc	det	nsubjpass	p	amod	nsubj	prep	dep	pobj	parataxis	det	amod	dobj	p	auxpass	advmod	root	prep	poss	pobj	prep	pobj	prep	poss	pobj	p
17	3	17	17	6	10	6	9	7	17	13	13	10	17	17	17	0	17	20	18	20	21	17	25	23	17
O	O	O	O	O	O	O	O	O	O	O	O	O	O	O	O	O	O	O	O	O	O	O	O	O	O
</negative>
<negative>
The	Navy	never	used	Teapot	Dome	's	oil	directly	.
DT	NNP	RB	VBD	NNP	NNP	POS	NN	RB	.
det	nsubj	neg	root	nn	poss	possessive	dobj	advmod	p
2	4	4	0	6	8	6	4	4	4
O	B-ORG	O	O	B-PRODUCT	I-PRODUCT	I-PRODUCT	O	O	O
</negative>
<negative>
Sinclair	Oil	Co	.	,	with	the	green	dinosaur	logo	on	gas	station	signs	,	remains	the	biggest	buyer	of	Teapot	Dome	oil	.
NNP	NNP	NNP	.	,	IN	DT	JJ	NN	NN	IN	NN	NN	NNS	,	VBZ	DT	JJS	NN	IN	NNP	NNP	NN	.
nn	nn	nsubj	p	p	prep	det	amod	nn	pobj	prep	nn	nn	pobj	p	cop	det	amod	root	prep	nn	nn	pobj	p
3	3	19	19	19	3	10	10	10	6	10	14	14	11	19	19	19	19	0	19	23	23	20	19
B-ORG	I-ORG	I-ORG	O	O	O	O	O	O	O	O	O	O	O	O	O	O	O	O	O	B-PRODUCT	I-PRODUCT	O	O
</negative>
<negative>
After	the	scandal	,	the	Navy	retook	control	of	the	field	and	most	of	its	oil	was	undisturbed	until	the	late	1970s	.
IN	DT	NN	,	DT	NNP	NN	NN	IN	DT	NN	CC	JJS	IN	PRP$	NN	VBD	JJ	IN	DT	JJ	NNS	.
prep	det	pobj	p	det	nn	nn	nsubj	prep	det	pobj	cc	conj	prep	poss	pobj	cop	root	prep	det	amod	pobj	p
18	3	1	18	8	8	8	18	8	11	9	11	11	13	16	14	18	0	18	22	22	19	18
O	O	O	O	O	B-ORG	O	O	O	O	O	O	O	O	O	O	O	O	O	B-DATE	I-DATE	I-DATE	O
</negative>
<negative>
With	oil	prices	hovering	between	dlrs	14	and	dlrs	15	a	barrel	,	the	prospect	of	finding	a	buyer	for	Teapot	Dome	may	not	be	good	.
IN	NN	NNS	VBG	IN	NNS	CD	CC	NNS	CD	DT	NN	,	DT	NN	IN	VBG	DT	NN	IN	NNP	NNP	MD	RB	VB	JJ	.
prep	nn	nsubj	pcomp	prep	pobj	num	cc	conj	num	det	dep	p	det	nsubj	prep	pcomp	det	dobj	prep	nn	pobj	aux	neg	cop	root	p
26	3	4	1	4	5	6	6	6	9	12	9	26	15	26	15	16	19	17	19	22	20	26	26	26	0	26
O	O	O	O	O	O	B-CARDINAL	O	O	B-CARDINAL	O	O	O	O	O	O	O	O	O	O	B-GPE	I-GPE	O	O	O	O	O
</negative>
<negative>
It	does	n't	come	all	wrapped	up	in	a	neat	little	package	in	some	cases	,	but	the	advent	of	scandal	and	stock	market	sinking	spells	are	in	close	enough	proximity	to	challenge	your	belief	in	coincidences	.
PRP	VBZ	RB	VB	DT	VBN	RP	IN	DT	JJ	JJ	NN	IN	DT	NNS	,	CC	DT	NN	IN	NN	CC	NN	NN	VBG	NNS	VBP	IN	NN	RB	JJ	TO	VB	PRP$	NN	IN	NNS	.
nsubj	aux	neg	root	dobj	partmod	prt	prep	det	amod	amod	pobj	prep	det	pobj	p	cc	det	nsubj	prep	nn	cc	conj	nn	amod	pobj	cop	prep	pobj	advmod	conj	aux	xcomp	poss	dobj	prep	pobj	p
4	4	4	0	4	5	6	6	12	12	12	8	12	15	13	4	4	19	31	19	26	21	21	26	26	20	31	31	28	31	4	33	31	35	33	33	36	4
O	O	O	O	O	O	O	O	O	O	O	O	O	O	O	O	O	O	O	O	O	O	O	O	O	O	O	O	O	O	O	O	O	O	O	O	O	O
</negative>
<negative>
From	the	time	of	the	Nixon	-era	Watergate	scandal	marked	by	the	``	Saturday	Night	Massacre	''	in	October	1973	,	the	Dow	lost	40	percent	during	an	ensuing	12-month	bear	debacle	.
IN	DT	NN	IN	DT	NNP	NNP	NNP	NN	VBN	IN	DT	``	NNP	NN	NN	''	IN	NNP	CD	,	DT	NNP	VBD	CD	NN	IN	DT	VBG	JJ	NN	NN	.
prep	det	pobj	prep	det	nn	nn	nn	pobj	partmod	prep	det	p	nn	nn	pobj	p	prep	pobj	num	p	det	nsubj	root	num	dobj	prep	det	amod	amod	nn	pobj	p
24	3	1	3	9	9	9	9	4	9	10	16	24	16	16	11	24	16	18	19	24	23	24	0	26	24	24	32	32	32	32	27	24
O	O	O	O	O	B-PERSON	O	B-EVENT	O	O	O	O	O	B-WORK_OF_ART	I-WORK_OF_ART	I-WORK_OF_ART	O	O	B-DATE	I-DATE	O	O	B-ORG	O	B-PERCENT	I-PERCENT	O	O	O	O	O	O	O
</negative>
<negative>
The	Teapot	Dome	scandal	broke	during	the	Calvin	Coolidge	presidency	but	was	a	creature	of	the	Warren	G	.	Harding	administration	.
DT	NNP	NNP	NN	VBD	IN	DT	NNP	NNP	NN	CC	VBD	DT	NN	IN	DT	NNP	NNP	.	NN	NN	.
det	nn	nn	nsubj	root	prep	det	nn	nn	pobj	cc	cop	det	conj	prep	det	nn	nn	p	nn	pobj	p
4	4	4	5	0	5	10	10	10	6	5	14	14	5	14	21	21	21	5	21	15	5
O	I-EVENT	I-EVENT	O	O	O	O	B-PERSON	I-PERSON	O	O	O	O	O	O	O	B-PERSON	I-PERSON	O	B-PERSON	O	O
</negative>
<negative>
Before	that	bit	of	unpleasantness	you	have	to	go	back	50	more	years	to	the	Grant	regime	,	which	saw	four	Cabinet	officers	involved	in	scandal	.
IN	DT	NN	IN	NN	PRP	VBP	TO	VB	RP	CD	JJR	NNS	TO	DT	NNP	NN	,	WDT	VBD	CD	NNP	NNS	VBN	IN	NN	.
prep	det	pobj	prep	pobj	nsubj	root	aux	xcomp	prt	num	amod	tmod	prep	det	nn	pobj	p	nsubj	rcmod	num	nn	dobj	partmod	prep	pobj	p
7	3	1	3	4	7	0	9	7	9	13	13	9	9	17	17	14	7	20	17	23	23	20	23	24	25	7
O	O	O	O	O	O	O	O	O	O	B-DATE	I-DATE	I-DATE	O	O	B-PERSON	O	O	O	O	B-CARDINAL	B-ORG	O	O	O	O	O
</negative>
<negative>
But	the	scandal	that	really	smeared	the	memory	of	President	Warren	Harding	bubbled	75	years	ago	from	Teapot	Dome	,	a	vast	pool	of	oil	below	treeless	sagebrush	flats	just	south	of	here	.
CC	DT	NN	WDT	RB	VBD	DT	NN	IN	NNP	NNP	NNP	VBN	CD	NNS	RB	IN	NNP	NNP	,	DT	JJ	NN	IN	NN	IN	NNS	VBP	NNS	RB	RB	IN	RB	.
cc	det	nsubj	nsubj	advmod	rcmod	det	dobj	prep	nn	nn	pobj	partmod	num	npadvmod	advmod	prep	nn	pobj	p	det	amod	appos	prep	pobj	prep	pobj	root	dobj	advmod	advmod	prep	pcomp	p
28	3	28	6	6	3	8	6	8	12	12	9	12	15	16	17	13	19	17	28	23	23	19	23	24	13	26	0	28	31	28	31	32	28
O	O	O	O	O	O	O	O	O	O	B-PERSON	I-PERSON	O	B-DATE	I-DATE	I-DATE	O	B-ORG	I-ORG	O	O	O	O	O	O	O	O	O	O	O	O	O	O	O
</negative>
<negative>
The	Starr	Report	could	dethrone	the	Teapot	Dome	.
DT	NNP	NNP	MD	VB	DT	NNP	NNP	.
det	nn	nsubj	aux	root	det	nn	dobj	p
3	3	5	5	0	8	8	5	5
O	O	O	O	O	O	I-LANGUAGE	I-FAC	O
</negative>
<negative>
``	The	scandal	today	is	n't	nothing	compared	to	Teapot	Dome	,	''	Pauline	Schultz	insisted	,	at	her	local	history	museum	.
``	DT	NN	NN	VBZ	RB	NN	VBN	TO	NNP	NNP	,	''	NNP	NNP	VBD	,	IN	PRP$	JJ	NN	NN	.
p	det	nn	nsubj	cop	neg	ccomp	prep	pcomp	nn	pobj	p	p	nn	nsubj	root	p	prep	poss	amod	nn	pobj	p
16	4	4	7	7	7	16	7	8	11	9	16	16	15	16	0	16	16	22	22	22	18	16
O	O	O	O	O	O	O	O	O	B-ORG	I-ORG	O	O	B-PERSON	I-PERSON	O	O	O	O	O	O	O	O
</negative>
<negative>
Showing	visitors	around	today	,	she	lectured	insistently	:	``	The	Teapot	Dome	scandal	was	the	largest	in	the	United	States	.
VBG	NNS	IN	NN	,	PRP	VBD	RB	:	``	DT	NNP	NNP	NN	VBD	DT	JJS	IN	DT	NNP	NNPS	.
partmod	dobj	prep	pobj	p	nsubj	root	advmod	p	p	det	nn	nn	nsubj	cop	det	ccomp	prep	det	nn	pobj	p
7	1	1	3	7	7	0	7	7	7	14	14	14	17	17	17	7	17	21	21	18	7
O	O	O	B-DATE	O	O	O	O	O	O	O	I-EVENT	I-EVENT	I-EVENT	O	O	O	O	B-GPE	I-GPE	I-GPE	O
</negative>
<negative>
At	the	town	offices	next	door	,	Melvin	Dimick	,	a	plumber	who	doubles	as	mayor	,	defended	Teapot	's	primacy	,	saying	:	``	It	's	right	up	there	at	the	top	.
IN	DT	NN	NNS	JJ	NN	,	NNP	NNP	,	DT	NN	WP	VBZ	IN	NN	,	VBD	NNP	POS	NN	,	VBG	:	``	PRP	VBZ	RB	RB	RB	IN	DT	NN	.
prep	det	nn	pobj	advmod	dep	p	nn	nsubj	p	det	appos	nsubj	rcmod	prep	pobj	p	root	poss	possessive	dobj	p	partmod	p	p	nsubj	ccomp	advmod	advmod	advmod	prep	det	pobj	p
18	4	4	1	4	5	18	9	18	18	12	9	14	12	14	15	18	0	21	19	18	18	18	18	18	27	23	30	30	27	27	33	31	18
O	O	O	O	O	O	O	B-PERSON	I-PERSON	O	O	O	O	O	O	O	O	O	B-ORG	O	O	O	O	O	O	O	O	O	O	O	O	O	O	O
</negative>
<negative>
That	was	one	big	financial	scandal	.
DT	VBD	CD	JJ	JJ	NN	.
nsubj	cop	npadvmod	amod	amod	root	p
6	6	4	6	6	0	6
O	O	B-CARDINAL	O	O	O	O
</negative>
<negative>
But	,	even	before	Monica	Lewinsky	came	along	,	time	had	not	been	kind	to	the	Teapot	Dome	.
CC	,	RB	IN	NNP	NNP	VBD	RP	,	NN	VBD	RB	VBN	JJ	TO	DT	NNP	NNP	.
cc	p	advmod	dep	nn	nsubj	dep	prt	p	nsubj	aux	neg	cop	root	prep	det	nn	pobj	p
14	14	7	7	6	7	14	7	14	14	14	14	14	0	14	18	18	15	14
O	O	O	O	B-PERSON	I-PERSON	O	O	O	O	O	O	O	O	O	O	I-LANGUAGE	I-FAC	O
</negative>
<negative>
Wyoming	's	famous	winds	battered	the	signature	landmark	,	a	beige	sandstone	formation	named	Teapot	Rock	by	passing	cowboys	.
NNP	POS	JJ	NNS	VBD	DT	NN	NN	,	DT	JJ	NN	NN	VBN	NNP	NNP	IN	VBG	NNS	.
poss	possessive	amod	nsubj	root	det	nn	dobj	p	det	amod	nn	appos	partmod	nn	dobj	prep	pcomp	dobj	p
4	1	4	5	0	8	8	5	5	13	13	13	8	13	16	14	14	17	18	5
B-GPE	O	O	O	O	O	O	O	O	O	O	O	O	O	B-ORG	I-ORG	O	O	O	O
</negative>
<negative>
The	decline	of	the	Teapot	Dome	field	is	part	of	a	wider	oil	implosion	in	Wyoming	,	a	state	heavily	dependent	on	energy	royalties	to	pave	highways	and	pay	for	schools	.
DT	NN	IN	DT	NNP	NNP	NN	VBZ	NN	IN	DT	JJR	NN	NN	IN	NNP	,	DT	NN	RB	JJ	IN	NN	NNS	TO	VB	NNS	CC	VB	IN	NNS	.
det	nsubj	prep	det	nn	nn	pobj	cop	advmod	prep	det	amod	nn	pobj	prep	pobj	p	det	npadvmod	advmod	root	prep	nn	pobj	aux	xcomp	dobj	cc	conj	prep	pobj	p
2	21	2	7	7	7	3	21	21	9	14	14	14	10	14	15	21	19	20	10	0	21	24	22	26	21	26	26	26	29	30	21
O	O	O	O	I-FAC	I-FAC	O	O	O	O	O	O	O	O	O	B-GPE	O	O	O	O	O	O	O	O	O	O	O	O	O	O	O	O
</negative>
<negative>
But	,	about	10	miles	south	of	Salt	Creek	lay	Teapot	Dome	,	an	untapped	reserve	on	federal	land	that	was	off	limits	to	private	companies	.
CC	,	RB	CD	NNS	RB	IN	NNP	NNP	VBD	NNP	NNP	,	DT	JJ	NN	IN	JJ	NN	WDT	VBD	IN	NNS	TO	JJ	NNS	.
cc	p	quantmod	num	npadvmod	advmod	prep	nn	pobj	root	nn	nsubj	p	det	amod	appos	prep	amod	pobj	nsubj	rcmod	prep	pobj	prep	amod	pobj	p
10	10	4	5	6	10	10	9	7	0	12	10	10	16	16	12	16	19	17	21	16	21	22	23	26	24	10
O	O	O	B-QUANTITY	I-QUANTITY	O	O	B-LOC	I-LOC	O	B-ORG	I-ORG	O	O	O	O	O	O	O	O	O	O	O	O	O	O	O
</negative>
<negative>
In	April	1921	,	only	days	after	Harding	's	inauguration	,	Harry	Sinclair	,	owner	of	Sinclair	Oil	Co	.	,	privately	negotiated	a	lease	on	the	Teapot	Dome	with	the	new	Interior	Secretary	,	Albert	Fall	.
IN	NNP	CD	,	JJ	NNS	IN	NNP	POS	NN	,	NNP	NNP	,	NN	IN	NNP	NNP	NNP	.	,	RB	VBD	DT	NN	IN	DT	NNP	NNP	IN	DT	JJ	NNP	NNP	,	NNP	NNP	.
prep	pobj	num	p	amod	npadvmod	prep	poss	possessive	pobj	p	nn	nsubj	p	appos	prep	nn	nn	pobj	p	p	advmod	root	det	dobj	prep	det	nn	pobj	prep	det	amod	nn	pobj	p	nn	appos	p
23	1	2	23	6	7	23	10	8	7	23	13	23	23	13	15	19	19	16	23	23	23	0	25	23	23	29	29	26	23	34	34	34	30	23	37	34	23
O	B-DATE	I-DATE	O	B-DATE	I-DATE	O	B-PERSON	O	O	O	B-PERSON	I-PERSON	O	O	O	B-ORG	I-ORG	I-ORG	O	O	O	O	O	O	O	O	I-FAC	I-FAC	O	O	O	B-ORG	O	O	B-PERSON	I-PERSON	O
</negative>
<negative>
``	For	the	general	public	,	the	revelation	of	a	mistress	and	an	illegitimate	child	was	easier	to	grasp	than	the	Teapot	Dome	.	''
``	IN	DT	JJ	NN	,	DT	NN	IN	DT	NN	CC	DT	JJ	NN	VBD	JJR	TO	VB	IN	DT	NNP	NNP	.	''
p	prep	det	amod	pobj	p	det	nsubj	prep	det	pobj	cc	det	amod	conj	cop	root	aux	xcomp	prep	det	nn	pobj	p	p
17	17	5	5	2	17	8	17	8	11	9	11	15	15	11	17	0	19	17	19	23	23	20	17	17
O	O	O	O	O	O	O	O	O	O	O	O	O	O	O	O	O	O	O	O	O	I-LANGUAGE	I-GPE	O	O
</negative>
<negative>
But	,	here	the	consequence	of	Teapot	Dome	was	as	easy	to	grasp	.
CC	,	RB	DT	NN	IN	NNP	NNP	VBD	RB	JJ	TO	VB	.
cc	p	advmod	det	nsubj	prep	nn	pobj	cop	advmod	root	aux	xcomp	p
11	11	11	5	11	5	8	6	11	11	0	13	11	11
O	O	O	O	O	O	B-ORG	I-ORG	O	O	O	O	O	O
</negative>
<negative>
``	The	scandal	was	so	great	,	they	had	to	wipe	Teapot	Dome	off	the	map	,	''	Mrs	.	Schultz	said	of	the	Navy	's	decision	to	shut	the	oil	field	.
``	DT	NN	VBD	RB	JJ	,	PRP	VBD	TO	VB	NNP	NNP	IN	DT	NN	,	''	NNP	.	NNP	VBD	IN	DT	NNP	POS	NN	TO	VB	DT	NN	NN	.
p	det	nsubj	cop	advmod	ccomp	p	nsubj	ccomp	aux	xcomp	nn	dobj	prep	det	pobj	p	p	nn	p	nsubj	root	prep	det	poss	possessive	pobj	aux	infmod	det	nn	dobj	p
22	3	6	6	6	9	22	9	22	11	9	13	11	11	16	14	22	22	21	22	22	0	22	25	27	25	23	29	27	32	32	29	22
O	O	O	O	O	O	O	O	O	O	O	B-GPE	I-GPE	O	O	O	O	O	O	O	B-PERSON	O	O	O	B-ORG	O	O	O	O	O	O	O	O
</negative>
<negative>
Without	the	oil	field	,	the	town	of	Teapot	Dome	vanished	,	leaving	only	a	few	foundations	visible	today	.
IN	DT	NN	NN	,	DT	NN	IN	NNP	NNP	VBN	,	VBG	RB	DT	JJ	NNS	JJ	NN	.
prep	det	nn	pobj	p	det	nsubj	prep	nn	pobj	root	p	xcomp	quantmod	quantmod	num	dobj	amod	tmod	p
11	4	4	1	11	7	11	7	10	8	0	11	11	16	16	17	13	19	13	11
O	O	O	O	O	O	O	O	B-GPE	I-GPE	O	O	O	O	O	O	O	O	B-DATE	O
</negative>
<negative>
Following	a	rootless	pattern	of	human	habitation	that	has	marked	much	of	Wyoming	in	the	20th	century	,	residents	of	Teapot	simply	moved	their	houses	down	the	road	,	heading	to	the	next	boom	town	.
VBG	DT	JJ	NN	IN	JJ	NN	WDT	VBZ	VBN	RB	IN	NNP	IN	DT	JJ	NN	,	NNS	IN	NNP	RB	VBD	PRP$	NNS	IN	DT	NN	,	VBG	TO	DT	JJ	NN	NN	.
prep	det	amod	pobj	prep	amod	pobj	nsubj	aux	rcmod	dobj	prep	pobj	prep	det	amod	pobj	p	nsubj	prep	pobj	advmod	root	poss	dobj	prep	det	pobj	p	partmod	prep	det	amod	nn	pobj	p
23	4	4	1	4	7	5	10	10	4	10	11	12	10	17	17	14	23	23	19	20	23	0	25	23	23	28	26	23	23	30	35	35	35	31	23
O	O	O	O	O	O	O	O	O	O	O	O	B-GPE	O	B-DATE	I-DATE	I-DATE	O	O	O	O	O	O	O	O	O	O	O	O	O	O	O	O	O	O	O
</negative>
<negative>
The	federal	government	,	in	fact	,	wants	to	sell	Teapot	Dome	.
DT	JJ	NN	,	IN	NN	,	VBZ	TO	VB	NNP	NNP	.
det	amod	nsubj	p	prep	pobj	p	root	aux	xcomp	nn	dobj	p
3	3	8	8	3	5	8	0	10	8	12	10	8
O	O	O	O	O	O	O	O	O	O	B-ORG	I-ORG	O
</negative>
<negative>
The	Mitchell-Stans	trial	was	the	first	trial	of	defendants	who	had	been	high-ranking	Nixon	administration	officials	who	had	at	least	a	tenuous	link	with	the	Watergate	scandal	.
DT	NNP	NN	VBD	DT	JJ	NN	IN	NNS	WP	VBD	VBN	JJ	NNP	NN	NNS	WP	VBD	IN	JJS	DT	JJ	NN	IN	DT	NNP	NN	.
det	nn	nsubj	cop	det	amod	root	prep	pobj	nsubj	aux	cop	amod	nn	nn	rcmod	nsubj	rcmod	advmod	pobj	det	amod	dobj	prep	det	nn	pobj	p
3	3	7	7	7	7	0	7	8	16	16	16	16	16	16	9	18	16	23	19	23	23	18	23	27	27	24	7
O	B-NORP	O	O	O	B-ORDINAL	O	O	O	O	O	O	O	B-PERSON	O	O	O	O	O	O	O	O	O	O	O	B-EVENT	O	O
</negative>
<negative>
Richard	Nixon	likewise	is	seen	only	as	the	president	who	was	forced	from	office	by	the	Watergate	scandal	,	not	as	the	outstanding	foreign	policy	architect	among	the	presidents	of	the	second	half	of	the	20th	century	.
NNP	NNP	RB	VBZ	VBN	RB	IN	DT	NN	WP	VBD	VBN	IN	NN	IN	DT	NNP	NN	,	RB	IN	DT	JJ	JJ	NN	NN	IN	DT	NNS	IN	DT	JJ	NN	IN	DT	JJ	NN	.
nn	nsubjpass	advmod	auxpass	root	advmod	prep	det	pobj	nsubjpass	auxpass	rcmod	prep	pobj	prep	det	nn	pobj	p	cc	dep	det	amod	amod	nn	conj	prep	det	pobj	prep	det	amod	pobj	prep	det	amod	pobj	p
2	5	5	5	0	5	5	9	7	12	12	9	12	13	14	18	18	15	5	14	20	26	26	26	26	14	26	29	27	29	33	33	30	33	37	37	34	5
B-PERSON	I-PERSON	O	O	O	O	O	O	O	O	O	O	O	O	O	O	B-EVENT	O	O	O	O	O	O	O	O	O	O	O	O	O	O	B-ORDINAL	B-CARDINAL	O	B-DATE	I-DATE	I-DATE	O
</negative>
<negative>
Because	of	the	Monica	Lewinsky	scandal	,	Bill	Clinton	faces	a	similar	assessment	despite	the	good	he	has	done	in	guiding	the	nation	's	prosperity	,	aiding	education	and	trying	to	settle	longstanding	foreign	disputes	.
IN	IN	DT	NNP	NNP	NN	,	NNP	NNP	VBZ	DT	JJ	NN	IN	DT	JJ	PRP	VBZ	VBN	IN	VBG	DT	NN	POS	NN	,	VBG	NN	CC	VBG	TO	VB	JJ	JJ	NNS	.
mark	prep	det	nn	nn	pobj	p	nn	nsubj	advcl	det	amod	dobj	prep	det	pobj	nsubj	aux	root	prep	pcomp	det	poss	possessive	dobj	p	conj	dobj	cc	conj	aux	xcomp	amod	amod	dobj	p
10	10	6	6	6	2	19	9	10	19	13	13	10	10	16	14	19	19	0	19	20	23	25	23	21	19	21	27	21	21	32	30	35	35	32	19
O	O	O	B-PERSON	I-PERSON	O	O	B-PERSON	I-PERSON	O	O	O	O	O	O	O	O	O	O	O	O	O	O	O	O	O	O	O	O	O	O	O	O	O	O	O
</negative>
<negative>
Looking	over	the	current	crop	of	presidential	hopefuls	,	we	should	try	to	determine	which	candidate	can	best	provide	valorous	,	enlightened	leadership	in	time	of	crisis	,	as	did	the	giants	of	the	past	.
VBG	RP	DT	JJ	NN	IN	JJ	NNS	,	PRP	MD	VB	TO	VB	WDT	NN	MD	RBS	VB	JJ	,	VBN	NN	IN	NN	IN	NN	,	IN	VBD	DT	NNS	IN	DT	NN	.
partmod	prt	det	amod	dobj	prep	amod	pobj	p	nsubj	aux	root	aux	xcomp	dobj	nsubj	aux	advmod	ccomp	dep	p	amod	dobj	prep	pobj	prep	pobj	p	mark	advcl	det	dobj	prep	det	pobj	p
12	1	5	5	1	5	8	6	12	12	12	0	14	12	19	19	19	19	14	22	12	23	19	19	24	25	26	12	30	19	32	30	32	35	33	12
O	O	O	O	O	O	O	O	O	O	O	O	O	O	O	O	O	O	O	O	O	O	O	O	O	O	O	O	O	O	O	O	O	O	O	O
</negative>
</QApairs>
<QApairs id='41.2'>
<question>
Who	was	President	of	the	United	States	in	1922	?
WP	VBD	NNP	IN	DT	NNP	NNPS	IN	CD	.
attr	root	nsubj	prep	det	nn	pobj	prep	pobj	p
2	0	2	3	7	7	4	7	8	2
O	O	O	O	B-GPE	I-GPE	I-GPE	O	B-DATE	O
</question>
<positive>
Last	fall	,	Congress	decreed	he	will	be	the	last	in	a	long	line	of	naval	officers	who	have	kept	an	eye	on	the	oil	field	since	a	scandal	rocked	President	Warren	Harding	's	administration	in	1922	.
JJ	NN	,	NNP	VBD	PRP	MD	VB	DT	JJ	IN	DT	JJ	NN	IN	JJ	NNS	WP	VBP	VBN	DT	NN	IN	DT	NN	NN	IN	DT	NN	VBD	NNP	NNP	NNP	POS	NN	IN	CD	.
amod	tmod	p	nsubj	root	nsubj	aux	cop	det	ccomp	prep	det	amod	pobj	prep	amod	pobj	nsubj	aux	rcmod	det	dobj	prep	det	nn	pobj	mark	det	nsubj	advcl	nn	nn	poss	possessive	dobj	prep	pobj	p
2	5	5	5	0	10	10	10	10	5	10	14	14	11	14	17	15	20	20	10	22	20	22	26	26	23	30	29	30	20	33	33	35	33	30	30	36	5
B-DATE	I-DATE	O	B-ORG	O	O	O	O	O	O	O	O	O	O	O	O	O	O	O	O	O	O	O	O	O	O	O	O	O	O	O	B-PERSON	I-PERSON	O	O	O	B-DATE	O
Harding
33
</positive>
<positive>
But	the	scandal	that	really	smeared	the	memory	of	President	Warren	Harding	bubbled	75	years	ago	from	Teapot	Dome	,	a	vast	pool	of	oil	below	treeless	sagebrush	flats	just	south	of	here	.
CC	DT	NN	WDT	RB	VBD	DT	NN	IN	NNP	NNP	NNP	VBN	CD	NNS	RB	IN	NNP	NNP	,	DT	JJ	NN	IN	NN	IN	NNS	VBP	NNS	RB	RB	IN	RB	.
cc	det	nsubj	nsubj	advmod	rcmod	det	dobj	prep	nn	nn	pobj	partmod	num	npadvmod	advmod	prep	nn	pobj	p	det	amod	appos	prep	pobj	prep	pobj	root	dobj	advmod	advmod	prep	pcomp	p
28	3	28	6	6	3	8	6	8	12	12	9	12	15	16	17	13	19	17	28	23	23	19	23	24	13	26	0	28	31	28	31	32	28
O	O	O	O	O	O	O	O	O	O	B-PERSON	I-PERSON	O	B-DATE	I-DATE	I-DATE	O	B-ORG	I-ORG	O	O	O	O	O	O	O	O	O	O	O	O	O	O	O
Harding
12
</positive>
<positive>
After	Harding	's	death	in	1923	,	his	vice	president	,	Calvin	Coolidge	,	succeeded	him	and	restored	respectability	to	a	White	House	blackened	by	Teapot	Dome	and	other	scandals	.
IN	NNP	POS	NN	IN	CD	,	PRP$	NN	NN	,	NNP	NNP	,	VBD	PRP	CC	VBD	NN	TO	DT	NNP	NNP	VBN	IN	NNP	NNP	CC	JJ	NNS	.
prep	poss	possessive	pobj	prep	pobj	p	poss	nn	nsubj	p	nn	appos	p	root	dobj	cc	conj	dobj	prep	det	nn	pobj	partmod	prep	nn	pobj	cc	amod	conj	p
15	4	2	1	4	5	15	10	10	15	15	13	10	15	0	15	15	15	18	18	23	23	20	23	24	27	25	27	30	27	15
O	B-PERSON	O	O	O	B-DATE	O	O	O	O	O	B-PERSON	I-PERSON	O	O	O	O	O	O	O	O	B-ORG	I-ORG	O	O	B-ORG	I-ORG	O	O	O	O
Harding
2
</positive>
<negative>
Incidents	such	as	the	Teapot	Dome	scandal	so	marred	Warren	G	.	Harding	's	presidency	that	historians	consider	him	among	the	worst	presidents	in	the	nation	's	history	.
NNS	JJ	IN	DT	NNP	NNP	NN	RB	VBD	NNP	NNP	.	NNP	POS	NN	IN	NNS	VBP	PRP	IN	DT	JJS	NNS	IN	DT	NN	POS	NN	.
nsubj	mwe	prep	det	nn	nn	pobj	advmod	root	nn	nn	p	nn	possessive	dobj	complm	nsubj	ccomp	dobj	prep	det	amod	pobj	prep	det	poss	possessive	pobj	p
9	3	1	7	7	7	3	9	0	13	13	9	15	15	9	18	18	9	18	18	23	23	20	23	26	28	26	24	9
O	O	O	O	I-FAC	I-FAC	O	O	O	B-PERSON	I-PERSON	O	O	O	O	O	O	O	O	O	O	O	O	O	O	O	O	O	O
</negative>
<negative>
It	took	in	the	disapproving	-LRB-	-LRB-	Herbert	J	.	-RRB-	-RRB-	Hoover	-LRB-	-LRB-	Harding	's	commerce	secretary	and	later	president	-RRB-	-RRB-	,	who	always	thought	he	would	have	made	a	better	president	than	Harding	.
PRP	VBD	IN	DT	VBG	-LRB-	-LRB-	RB	VBZ	.	-RRB-	-RRB-	NNP	-LRB-	-LRB-	NNP	NNP	:	NN	CC	RB	NN	-RRB-	-RRB-	,	WP	RB	VBD	PRP	MD	VB	VBN	DT	JJR	NN	IN	NNP	.
nsubj	root	prep	nsubj	dep	p	p	advmod	parataxis	p	p	p	pobj	p	p	nn	dep	punct	dep	cc	advmod	conj	p	p	p	nsubj	advmod	ccomp	nsubj	aux	aux	ccomp	det	amod	dobj	prep	pobj	p
2	0	2	5	3	2	2	9	5	2	2	2	3	2	2	17	13	17	17	19	22	19	2	2	2	28	28	2	32	32	32	28	35	35	32	32	36	2
O	O	O	O	O	O	O	B-PERSON	I-PERSON	O	O	O	O	O	O	B-PERSON	O	O	O	O	O	O	O	O	O	O	O	O	O	O	O	O	O	O	O	O	B-PERSON	O
</negative>
<negative>
I	remember	,	and	I	know	,	and	I	also	know	that	no	strange	woman	ever	came	here	to	see	President	Warren	G	.	Harding	.	'
PRP	VBP	,	CC	PRP	VBP	,	CC	PRP	RB	VBP	IN	DT	JJ	NN	RB	VBD	RB	TO	VB	NNP	NNP	NNP	.	VBG	.	''
nsubj	root	p	cc	nsubj	conj	p	cc	nsubj	advmod	conj	complm	det	amod	nsubj	advmod	ccomp	advmod	aux	xcomp	nn	nn	dobj	p	partmod	p	p
2	0	2	2	6	2	2	6	11	11	6	17	15	15	17	17	11	17	20	17	23	23	20	2	23	2	2
O	O	O	O	O	O	O	O	O	O	O	O	O	O	O	O	O	O	O	O	O	B-PERSON	I-PERSON	O	O	O	O
</negative>
<negative>
``	It	was	President	Harding	,	Cabinet	Secretaries	,	there	were	many	,	many	dignitaries	involved.	''
``	PRP	VBD	NNP	NNP	,	NNP	NNP	,	EX	VBD	JJ	,	JJ	NNS	NN	''
p	nsubj	cop	nn	ccomp	p	nn	appos	p	expl	root	amod	p	amod	nn	nsubj	p
11	5	5	5	11	11	8	5	11	11	0	16	11	16	16	11	11
O	O	O	O	B-PERSON	O	O	O	O	O	O	O	O	O	O	O	O
</negative>
<negative>
Harding	was	succeeded	by	Coolidge	,	who	spent	much	of	his	five-year	presidency	napping	in	the	White	House	while	business	and	industrial	leaders	pretty	much	ran	the	country	.
NNP	VBD	VBN	IN	NNP	,	WP	VBD	RB	IN	PRP$	JJ	NN	VBG	IN	DT	NNP	NNP	IN	NN	CC	JJ	NNS	RB	JJ	VBD	DT	NN	.
nsubjpass	auxpass	root	prep	pobj	p	nsubj	rcmod	dobj	prep	poss	amod	pobj	partmod	prep	det	nn	pobj	mark	nn	cc	conj	nsubj	advmod	amod	advcl	det	dobj	p
3	3	0	3	4	3	8	5	8	9	13	13	10	13	14	18	18	15	26	23	20	20	26	25	23	14	28	26	3
B-PERSON	O	O	O	B-PERSON	O	O	O	O	O	O	O	O	O	O	B-ORG	I-ORG	I-ORG	O	O	O	O	O	O	O	O	O	O	O
</negative>
<negative>
The	government	took	control	in	1915	when	President	Woodrow	Wilson	set	it	aside	in	case	the	Navy	needed	oil	for	battleships	,	destroyers	and	other	warships	as	World	War	I	approached	.
DT	NN	VBD	NN	IN	NNP	WRB	NNP	NNP	NNP	VBD	PRP	RB	IN	NN	DT	NNP	VBD	NN	IN	NNS	,	NNS	CC	JJ	NNS	IN	NNP	NNP	PRP	VBD	.
det	nsubj	dep	dobj	prep	pobj	advmod	nn	nn	nsubj	advcl	dobj	advmod	prep	pobj	det	nsubj	rcmod	dobj	prep	nn	p	pobj	cc	amod	conj	prep	nn	pobj	nsubj	root	p
2	3	31	3	3	5	11	10	10	11	3	11	11	11	14	17	18	15	18	18	23	31	20	23	26	23	18	29	27	31	0	31
O	O	O	O	O	B-DATE	O	O	B-PERSON	I-PERSON	O	O	O	O	O	O	B-ORG	O	O	O	O	O	O	O	O	O	O	B-EVENT	I-EVENT	I-EVENT	O	O
</negative>
<negative>
The	Monica	Lewinsky	sex	scandal	will	leave	a	lasting	impression	on	President	Clinton	's	long-term	reputation	and	may	overshadow	the	accomplishments	of	his	administration	,	two	Houston	scholars	said	Monday	.
DT	NNP	NNP	NN	NN	MD	VB	DT	JJ	NN	IN	NNP	NNP	POS	JJ	NN	CC	MD	VB	DT	NNS	IN	PRP$	NN	,	CD	NNP	NNS	VBD	NNP	.
det	nn	nn	nn	nsubj	aux	ccomp	det	amod	dobj	prep	nn	poss	possessive	amod	pobj	cc	aux	conj	det	dobj	prep	poss	pobj	p	num	nn	nsubj	root	tmod	p
5	5	5	5	7	7	29	10	10	7	7	13	16	13	16	11	7	19	7	21	19	21	24	22	29	28	28	29	0	29	29
O	B-PERSON	I-PERSON	O	O	O	O	O	O	O	O	O	B-PERSON	O	O	O	O	O	O	O	O	O	O	O	O	B-CARDINAL	B-GPE	O	O	B-DATE	O
</negative>
<negative>
The	president	best	known	for	his	sexual	escapades	,	however	,	was	John	F	.	Kennedy	,	who	was	rumored	to	have	had	countless	affairs	,	including	one	with	star	Marilyn	Monroe	.
DT	NN	RBS	VBN	IN	PRP$	JJ	NNS	,	RB	,	VBD	NNP	NNP	.	NNP	,	WP	VBD	VBN	TO	VB	VBN	JJ	NNS	,	VBG	CD	IN	NN	NNP	NNP	.
det	nsubj	advmod	partmod	prep	poss	amod	pobj	p	advmod	p	cop	nn	nn	p	root	p	nsubjpass	auxpass	rcmod	aux	aux	xcomp	amod	dobj	p	prep	pobj	prep	nn	nn	pobj	p
2	16	4	2	4	8	8	5	16	16	16	16	16	16	16	0	16	20	20	16	23	23	20	25	23	16	25	27	28	32	32	29	16
O	O	O	O	O	O	O	O	O	O	O	O	B-PERSON	I-PERSON	O	B-PERSON	O	O	O	O	O	O	O	O	O	O	O	O	O	O	B-PERSON	I-PERSON	O
</negative>
<negative>
In	the	past	,	Brace	said	presidents	were	able	to	control	what	journalists	wrote	about	them	because	Washington	press	corps	careers	were	based	on	access	to	the	president	.
IN	DT	NN	,	NNP	VBD	NNS	VBD	JJ	TO	VB	WP	NNS	VBD	IN	PRP	IN	NNP	NN	NN	NNS	VBD	VBN	IN	NN	TO	DT	NN	.
prep	det	pobj	p	nsubj	root	nsubj	cop	ccomp	aux	xcomp	dep	nsubj	ccomp	prep	pobj	mark	nn	nn	nn	nsubjpass	auxpass	advcl	prep	pobj	prep	det	pobj	p
6	3	1	6	6	0	9	9	6	11	9	14	14	11	14	15	23	21	21	21	23	23	14	23	24	23	28	26	6
O	O	O	O	B-PERSON	O	O	O	O	O	O	O	O	O	O	O	O	B-GPE	O	O	O	O	O	O	O	O	O	O	O
</negative>
<negative>
It	's	maybe	not	going	too	far	out	on	a	limb	to	say	that	President	Clinton	is	worried	about	his	legacy	nowadays	.
PRP	VBZ	RB	RB	VBG	RB	RB	IN	IN	DT	NN	TO	VB	IN	NNP	NNP	VBZ	VBN	IN	PRP$	NN	RB	.
nsubj	aux	advmod	neg	root	advmod	advmod	advmod	prep	det	pobj	aux	xcomp	complm	nn	nsubjpass	auxpass	ccomp	prep	poss	pobj	advmod	p
5	5	5	5	0	8	8	5	8	11	9	13	5	18	16	18	18	13	18	21	19	18	5
O	O	O	O	O	O	O	O	O	O	O	O	O	O	O	B-PERSON	O	O	O	O	O	O	O
</negative>
<negative>
``	In	1926	,	a	novel	,	`	Revelry	,	'	describes	a	guilty	president	who	poisons	himself	to	escape	scandals	and	exposure	.
``	IN	CD	,	DT	NN	,	``	NNP	,	''	VBZ	DT	JJ	NN	WP	VBZ	PRP	TO	VB	NNS	CC	NN	.
p	prep	pobj	p	det	nsubj	p	p	dep	p	p	root	det	amod	dobj	nsubj	rcmod	nsubj	aux	xcomp	dobj	cc	conj	p
12	12	2	12	6	12	12	12	6	12	12	0	15	15	12	17	15	20	20	17	20	21	21	12
O	O	B-DATE	O	O	O	O	O	O	O	O	O	O	O	O	O	O	O	O	O	O	O	O	O
</negative>
<negative>
The	first	president	to	discuss	civil	rights	in	the	South	so	frankly	,	he	was	loudly	cheered	by	blacks	and	met	with	silent	stares	from	whites	.
DT	JJ	NN	TO	VB	JJ	NNS	IN	DT	NNP	IN	RB	,	PRP	VBD	JJ	VBD	IN	NNS	CC	VBD	IN	JJ	NNS	IN	NNS	.
det	amod	nsubj	aux	infmod	amod	dobj	prep	det	pobj	mark	advmod	p	nsubj	cop	advcl	root	prep	pobj	cc	conj	prep	amod	pobj	prep	pobj	p
3	3	17	5	3	7	5	5	10	8	16	16	17	16	16	5	0	17	18	17	17	21	24	22	21	25	17
O	B-ORDINAL	O	O	O	O	O	O	O	B-LOC	O	O	O	O	O	O	O	O	O	O	O	O	O	O	O	O	O
</negative>
<negative>
The	55-year-old	president	had	intimate	encounters	with	a	24-year-old	campaign	volunteer	in	a	cloak	closet	off	the	Oval	Office	in	the	White	House	.
DT	JJ	NN	VBD	JJ	NNS	IN	DT	JJ	NN	NN	IN	DT	NN	NN	IN	DT	NNP	NNP	IN	DT	NNP	NNP	.
det	amod	nsubj	root	amod	dobj	prep	det	amod	nn	pobj	prep	det	nn	pobj	prep	det	nn	pobj	prep	det	nn	pobj	p
3	3	4	0	6	4	6	11	11	11	7	11	15	15	12	4	19	19	16	19	23	23	20	4
O	O	O	O	O	O	O	O	O	O	O	O	O	O	O	O	B-ORG	I-ORG	I-ORG	O	B-ORG	I-ORG	I-ORG	O
</negative>
<negative>
Showing	visitors	around	today	,	she	lectured	insistently	:	``	The	Teapot	Dome	scandal	was	the	largest	in	the	United	States	.
VBG	NNS	IN	NN	,	PRP	VBD	RB	:	``	DT	NNP	NNP	NN	VBD	DT	JJS	IN	DT	NNP	NNPS	.
partmod	dobj	prep	pobj	p	nsubj	root	advmod	p	p	det	nn	nn	nsubj	cop	det	ccomp	prep	det	nn	pobj	p
7	1	1	3	7	7	0	7	7	7	14	14	14	17	17	17	7	17	21	21	18	7
O	O	O	B-DATE	O	O	O	O	O	O	O	I-EVENT	I-EVENT	I-EVENT	O	O	O	O	B-GPE	I-GPE	I-GPE	O
</negative>
<negative>
In	1915	,	with	World	War	I	raging	in	Europe	,	President	Woodrow	Wilson	reserved	this	field	and	others	in	the	West	to	create	a	secure	supply	for	oil	-burning	Navy	ships	.
IN	NNP	,	IN	NNP	NNP	PRP	VBG	IN	NNP	,	NNP	NNP	NNP	VBD	DT	NN	CC	NNS	IN	DT	NNP	TO	VB	DT	JJ	NN	IN	NN	JJ	NN	NNS	.
prep	pobj	p	prep	nn	nsubj	dep	pcomp	prep	pobj	p	nn	nn	nsubj	root	det	dobj	cc	conj	prep	det	pobj	aux	xcomp	det	amod	dobj	prep	nn	amod	nn	pobj	p
15	1	15	15	6	8	6	4	8	9	15	14	14	15	0	17	15	17	17	15	22	20	24	15	27	27	24	27	32	32	32	28	15
O	B-DATE	O	O	B-EVENT	I-EVENT	I-EVENT	O	O	B-LOC	O	O	B-PERSON	I-PERSON	O	O	O	O	O	O	O	B-LOC	O	O	O	O	O	O	O	O	B-ORG	O	O
</negative>
<negative>
CLINTON-CONGRESS-TV	-LRB-	Undated	-RRB-	_	If	and	when	the	House	releases	President	Clinton	's	grand	jury	testimony	on	videotape	,	much	of	the	nation	will	get	to	see	all	four	hours	almost	immediately	.
NNP	-LRB-	NNP	-RRB-	VBD	IN	CC	WRB	DT	NNP	VBZ	NNP	NNP	POS	JJ	NN	NN	IN	NN	,	RB	IN	DT	NN	MD	VB	TO	VB	DT	CD	NNS	RB	RB	.
nsubj	p	appos	p	root	mark	cc	advmod	det	nsubj	advcl	nn	poss	possessive	amod	nn	dobj	prep	pobj	p	nsubj	prep	det	pobj	aux	ccomp	aux	xcomp	dobj	num	dobj	advmod	advmod	p
5	5	1	5	0	11	11	11	10	11	26	13	17	13	17	17	11	17	18	5	26	21	24	22	26	5	28	26	28	31	26	31	26	5
O	O	O	O	O	O	O	O	O	B-ORG	O	O	B-PERSON	O	O	O	O	O	O	O	O	O	O	O	O	O	O	O	O	B-TIME	I-TIME	O	O	O
</negative>
<negative>
SATELLITE-EXPORTS	_	In	a	major	rebuke	of	President	Clinton	's	export	policy	,	House	and	Senate	negotiators	agreed	Thursday	to	shift	the	control	over	exporting	U.S	.	satellites	back	to	the	State	Department	from	the	Commerce	Department	.
NNP	NNP	IN	DT	JJ	NN	IN	NNP	NNP	POS	NN	NN	,	NNP	CC	NNP	NNS	VBD	NNP	TO	VB	DT	NN	IN	VBG	NNP	.	NNS	RB	TO	DT	NNP	NNP	IN	DT	NNP	NNP	.
nn	dep	prep	det	amod	pobj	prep	nn	poss	possessive	nn	pobj	p	nn	cc	conj	nsubj	root	tmod	aux	xcomp	det	dobj	prep	pcomp	nn	p	dobj	advmod	prep	det	nn	pobj	prep	det	nn	pobj	p
2	3	18	6	6	3	6	9	12	9	12	7	18	17	14	14	18	0	18	21	18	23	21	21	24	28	18	25	28	29	33	33	30	25	37	37	34	18
O	O	O	O	O	O	O	O	B-PERSON	O	O	O	O	B-ORG	O	B-ORG	O	O	B-DATE	O	O	O	O	O	O	B-GPE	O	O	O	O	B-ORG	I-ORG	I-ORG	O	B-ORG	I-ORG	I-ORG	O
</negative>
<negative>
GLOBAL-ECONOMY	-LRB-	Washington	-RRB-	_	On	Monday	President	Clinton	declared	that	with	the	world	in	its	greatest	economic	turmoil	in	a	half-century	,	``	the	industrial	world	's	chief	priority	today	,	plainly	,	is	to	spur	growth.	''
NNP	-LRB-	NNP	-RRB-	VBD	IN	NNP	NNP	NNP	VBD	DT	IN	DT	NN	IN	PRP$	JJS	JJ	NN	IN	DT	NN	,	``	DT	JJ	NN	POS	JJ	NN	NN	,	RB	,	VBZ	TO	VB	NN	''
nsubj	p	appos	p	root	prep	pobj	nn	nsubj	ccomp	dobj	prep	det	pobj	prep	poss	amod	amod	pobj	prep	det	pobj	p	p	det	amod	poss	possessive	amod	nn	nsubj	p	advmod	p	dep	aux	xcomp	dobj	p
5	5	1	5	0	10	6	9	10	5	10	10	14	12	14	19	19	19	15	10	22	20	5	5	27	27	31	27	31	31	35	5	31	5	22	37	35	37	5
O	O	B-GPE	O	O	O	B-DATE	O	B-PERSON	O	O	O	O	O	O	O	O	O	O	O	O	O	O	O	O	O	O	O	O	O	B-DATE	O	O	O	O	O	O	O	O
</negative>
<negative>
Rosenthal	comments	on	President	Clinton	's	problems	.
NNP	VBZ	IN	NNP	NNP	POS	NNS	.
nsubj	root	prep	nn	poss	possessive	pobj	p
2	0	2	5	7	5	3	2
O	O	O	O	B-PERSON	O	O	O
</negative>
<negative>
WASHINGTON	_	President	Clinton	's	admitted	immoral	behavior	has	thrust	to	the	forefront	a	fundamental	question	about	the	meaning	of	the	American	presidency	:	Should	the	president	be	a	moral	leader	?
NNP	NNP	NNP	NNP	POS	VBN	JJ	NN	VBZ	VBN	TO	DT	NN	DT	JJ	NN	IN	DT	NN	IN	DT	JJ	NN	:	MD	DT	NN	VB	DT	JJ	NN	.
nn	nn	nn	poss	possessive	amod	amod	nsubj	aux	root	prep	det	pobj	det	amod	dobj	prep	det	pobj	prep	det	amod	pobj	p	aux	det	nsubj	cop	det	amod	dep	p
4	4	4	8	4	8	8	10	10	0	10	13	11	16	16	10	16	19	17	19	23	23	20	10	31	27	31	31	31	31	23	10
O	O	O	B-PERSON	O	O	O	O	O	O	O	O	O	O	O	O	O	O	O	O	O	B-NORP	O	O	O	O	O	O	O	O	O	O
</negative>
<negative>
``	In	an	ideal	world	,	the	president	would	be	the	paragon	of	virtue	,	''	said	former	New	York	Gov	.	Mario	Cuomo	,	a	Democrat	.
``	IN	DT	JJ	NN	,	DT	NN	MD	VB	DT	NN	IN	NN	,	''	VBD	JJ	NNP	NNP	NNP	.	NNP	NNP	,	DT	NNP	.
p	prep	det	amod	pobj	p	det	nsubj	aux	cop	det	ccomp	prep	pobj	p	p	root	amod	nn	nn	nn	p	nn	nsubj	p	det	appos	p
17	12	5	5	2	17	8	12	12	12	12	17	12	13	17	17	0	24	24	24	24	17	24	17	17	27	24	17
O	O	O	O	O	O	O	O	O	O	O	O	O	O	O	O	O	O	B-GPE	I-GPE	I-GPE	O	B-PERSON	I-PERSON	O	O	B-NORP	O
</negative>
<negative>
``	There	was	a	time	when	people	expected	presidents	to	be	Superman	,	''	said	Mansfield	,	who	is	95	.
``	EX	VBD	DT	NN	WRB	NNS	VBD	NNS	TO	VB	NNP	,	''	VBD	NNP	,	WP	VBZ	CD	.
p	expl	ccomp	det	nsubj	advmod	nsubj	dep	dobj	aux	cop	xcomp	p	p	root	nsubj	p	nsubj	cop	rcmod	p
15	3	15	5	3	8	8	5	8	12	12	8	15	15	0	15	15	20	20	16	15
O	O	O	O	O	O	O	O	O	O	O	O	O	O	O	B-PERSON	O	O	O	B-CARDINAL	O
</negative>
<negative>
No	president	is	on	the	pedestal	any	more.	''
DT	NN	VBZ	IN	DT	JJ	DT	NN	''
det	nsubj	root	prep	det	amod	dep	pobj	p
2	3	0	3	8	8	6	4	3
O	O	O	O	O	O	O	O	O
</negative>
<negative>
Henry	Graff	,	a	professor	emeritus	of	history	at	Columbia	University	,	said	``	the	wheel	of	history	has	to	turn	fortuitously	''	for	a	president	to	have	the	opportunity	to	exhibit	moral	leadership	.
NNP	NNP	,	DT	NN	NN	IN	NN	IN	NNP	NNP	,	VBD	``	DT	NN	IN	NN	VBZ	TO	VB	RB	''	IN	DT	NN	TO	VB	DT	NN	TO	VB	JJ	NN	.
nn	nsubj	p	det	nn	appos	prep	pobj	prep	nn	pobj	p	root	p	det	nsubj	prep	pobj	ccomp	aux	xcomp	advmod	p	prep	det	pobj	aux	infmod	det	dobj	aux	infmod	amod	dobj	p
2	13	13	6	6	2	6	7	8	11	9	13	0	13	16	19	16	17	13	21	19	21	13	21	26	24	28	26	30	28	32	30	34	32	13
B-PERSON	I-PERSON	O	O	O	O	O	O	O	B-ORG	I-ORG	O	O	O	O	O	O	O	O	O	O	O	O	O	O	O	O	O	O	O	O	O	O	O	O
</negative>
<negative>
Herbert	Hoover	,	for	example	,	was	so	scrupulously	honest	that	he	did	not	collect	his	salary	as	president	.
NNP	NNP	,	IN	NN	,	VBD	RB	RB	JJ	IN	PRP	VBD	RB	VB	PRP$	NN	IN	NN	.
nn	nsubj	p	prep	pobj	p	cop	advmod	advmod	root	complm	nsubj	aux	neg	ccomp	poss	dobj	prep	pobj	p
2	10	10	2	4	10	10	10	10	0	15	15	15	15	10	17	15	15	18	10
B-PERSON	I-PERSON	O	O	O	O	O	O	O	O	O	O	O	O	O	O	O	O	O	O
</negative>
<negative>
One	of	the	few	presidents	who	is	widely	regarded	as	a	true	moral	leader	during	a	time	of	peace	was	Theodore	Roosevelt	,	who	from	his	``	bully	pulpit	''	preached	again	and	again	about	honesty	in	government	.
CD	IN	DT	JJ	NNS	WP	VBZ	RB	VBN	IN	DT	JJ	JJ	NN	IN	DT	NN	IN	NN	VBD	NNP	NNP	,	WP	IN	PRP$	``	JJ	NN	''	VBD	RB	CC	RB	IN	NN	IN	NN	.
nsubj	prep	det	amod	pobj	nsubjpass	auxpass	advmod	rcmod	prep	det	amod	amod	pobj	prep	det	pobj	prep	pobj	cop	nn	root	p	nsubj	prep	poss	p	amod	pobj	p	rcmod	advmod	cc	conj	prep	pobj	prep	pobj	p
22	1	5	5	2	9	9	9	5	9	14	14	14	10	9	17	15	17	18	22	22	0	22	31	31	29	22	29	25	22	22	31	32	32	31	35	36	37	22
B-CARDINAL	O	O	O	O	O	O	O	O	O	O	O	O	O	O	O	O	O	O	O	B-PERSON	I-PERSON	O	O	O	O	O	O	O	O	O	O	O	O	O	O	O	O	O
</negative>
<negative>
For	all	the	talk	of	integrity	,	some	people	may	not	be	more	comfortable	with	a	president	who	commands	the	same	personal	respect	as	,	say	,	a	member	of	the	clergy	.
IN	PDT	DT	NN	IN	NN	,	DT	NNS	MD	RB	VB	RBR	JJ	IN	DT	NN	WP	VBZ	DT	JJ	JJ	NN	IN	,	VB	,	DT	NN	IN	DT	NNS	.
prep	predet	det	pobj	prep	pobj	p	det	nsubj	aux	neg	cop	advmod	root	prep	det	pobj	nsubj	rcmod	det	amod	amod	dobj	prep	p	dep	p	det	pobj	prep	det	pobj	p
14	4	4	1	4	5	14	9	14	14	14	14	14	0	14	17	15	19	17	23	23	23	19	23	14	24	14	29	24	29	32	30	14
O	O	O	O	O	O	O	O	O	O	O	O	O	O	O	O	O	O	O	O	O	O	O	O	O	O	O	O	O	O	O	O	O
</negative>
<negative>
A	common	perception	is	that	politicians	who	are	too	clean	may	find	it	too	distasteful	to	do	some	of	the	unsavory	things	that	a	president	must	do	,	like	outmaneuver	political	opponents	.
DT	JJ	NN	VBZ	IN	NNS	WP	VBP	RB	JJ	MD	VB	PRP	RB	JJ	TO	VB	DT	IN	DT	JJ	NNS	IN	DT	NN	MD	VB	,	IN	JJ	JJ	NNS	.
det	amod	nsubj	root	complm	nsubj	nsubj	cop	advmod	rcmod	aux	ccomp	nsubj	advmod	dep	aux	xcomp	dobj	prep	det	amod	pobj	complm	det	nsubj	aux	ccomp	p	prep	amod	amod	pobj	p
3	3	4	0	12	12	10	10	10	6	12	4	17	15	17	17	12	17	18	22	22	19	27	25	27	27	17	4	27	32	32	29	4
O	O	O	O	O	O	O	O	O	O	O	O	O	O	O	O	O	O	O	O	O	O	O	O	O	O	O	O	O	O	O	O	O
</negative>
<negative>
No	one	ever	questioned	the	uprightness	of	President	Gerald	R	.	Ford	or	his	successor	,	Jimmy	Carter	,	who	in	the	1976	campaign	presented	himself	as	an	antidote	to	the	dishonesty	of	government	in	the	Watergate	era	.
DT	NN	RB	VBD	DT	NNS	IN	NNP	NNP	NNP	.	NNP	CC	PRP$	NN	,	NNP	NNP	,	WP	IN	DT	CD	NN	VBD	PRP	IN	DT	NN	TO	DT	NN	IN	NN	IN	DT	NNP	NN	.
det	nsubj	advmod	root	det	dobj	prep	nn	nn	nn	p	pobj	cc	poss	conj	p	nn	appos	p	nsubj	prep	det	num	pobj	rcmod	dobj	prep	det	pobj	prep	det	pobj	prep	pobj	prep	det	nn	pobj	p
2	4	4	0	6	4	6	12	12	12	4	7	12	15	12	4	18	15	4	25	25	24	24	21	15	25	25	29	27	25	32	30	32	33	34	38	38	35	4
O	O	O	O	O	O	O	O	B-PERSON	I-PERSON	O	B-ORG	O	O	O	O	B-PERSON	I-PERSON	O	O	O	O	B-DATE	O	O	O	O	O	O	O	O	O	O	O	O	O	B-EVENT	O	O
</negative>
<negative>
But	that	did	not	prevent	Jackson	from	earning	a	place	in	history	as	a	respectable	president	symbolizing	abiding	national	values	.
CC	DT	VBD	RB	VB	NNP	IN	VBG	DT	NN	IN	NN	IN	DT	JJ	NN	VBG	VBG	JJ	NNS	.
cc	nsubj	aux	neg	root	dobj	prep	pcomp	det	dobj	prep	pobj	prep	det	amod	pobj	partmod	xcomp	amod	dobj	p
5	5	5	5	0	5	5	7	10	8	10	11	8	16	16	13	16	17	20	18	5
O	O	O	O	O	B-PERSON	O	O	O	O	O	O	O	O	O	O	O	O	O	O	O
</negative>
<negative>
Nixon	,	of	course	,	became	the	first	president	to	be	forced	from	office	because	of	ethical	misdeeds	,	although	many	people	still	insist	that	he	was	an	effective	leader	,	particularly	in	foreign	policy	.
NNP	,	IN	NN	,	VBD	DT	JJ	NN	TO	VB	VBN	IN	NN	RB	IN	JJ	NNS	,	IN	JJ	NNS	RB	VBP	IN	PRP	VBD	DT	JJ	NN	,	RB	IN	JJ	NN	.
nsubj	p	prep	pobj	p	cop	det	amod	root	aux	auxpass	xcomp	prep	pobj	advmod	prep	amod	pobj	p	mark	amod	nsubj	advmod	advcl	complm	nsubj	cop	det	amod	ccomp	p	advmod	prep	amod	pobj	p
9	9	1	3	9	9	9	9	0	12	12	9	12	13	16	14	18	16	9	24	22	24	24	12	30	30	30	30	30	24	9	30	9	35	33	9
B-PERSON	O	O	O	O	O	O	O	O	O	O	O	O	O	O	O	O	O	O	O	O	O	O	O	O	O	O	O	O	O	O	O	O	O	O	O
</negative>
<negative>
And	Truman	was	not	particularly	popular	when	he	was	president	;	only	recently	have	historians	portrayed	him	as	a	heroic	figure	.
CC	NNP	VBD	RB	RB	JJ	WRB	PRP	VBD	NN	:	RB	RB	VBP	NNS	VBD	PRP	IN	DT	JJ	NN	.
cc	nsubj	cop	neg	advmod	root	advmod	nsubj	cop	advcl	p	advmod	advmod	csubj	dobj	parataxis	dobj	prep	det	amod	pobj	p
6	6	6	6	6	0	10	10	10	6	6	14	14	16	14	6	16	16	21	21	18	6
O	B-PERSON	O	O	O	O	O	O	O	O	O	O	O	O	O	O	O	O	O	O	O	O
</negative>
<negative>
The	most	blatant	distinction	between	a	president	's	personal	morals	and	public	values	was	drawn	by	Democratic	National	Committee	national	chairman	Steve	Grossman	speaking	,	as	Clinton	looked	on	,	at	a	recent	fund-raising	event	in	New	York	.
DT	RBS	JJ	NN	IN	DT	NN	POS	JJ	NNS	CC	JJ	NNS	VBD	VBN	IN	NNP	NNP	NNP	JJ	NN	NNP	NNP	NN	,	IN	NNP	VBD	IN	,	IN	DT	JJ	JJ	NN	IN	NNP	NNP	.
det	advmod	amod	nsubjpass	prep	det	poss	possessive	amod	pobj	cc	amod	conj	auxpass	root	prep	nn	nn	nn	amod	nn	nn	nn	pobj	p	mark	nsubj	advcl	prep	p	prep	det	amod	amod	pobj	prep	nn	pobj	p
4	4	4	15	4	7	10	7	10	5	10	13	10	15	0	15	24	24	24	24	24	24	24	16	15	28	28	15	28	15	28	35	35	35	31	35	38	36	15
O	O	O	O	O	O	O	O	O	O	O	O	O	O	O	O	B-ORG	I-ORG	I-ORG	O	O	B-PERSON	I-PERSON	O	O	O	B-PERSON	O	O	O	O	O	O	O	O	O	B-GPE	I-GPE	O
</negative>
<negative>
Former	Vice	President	Dan	Quayle	,	who	is	considering	a	run	for	the	White	House	in	2000	,	volunteered	on	national	TV	recently	that	he	had	not	had	an	extramarital	affair	.
NNP	NNP	NNP	NNP	NNP	,	WP	VBZ	VBG	DT	NN	IN	DT	NNP	NNP	IN	CD	,	VBD	IN	JJ	NN	RB	IN	PRP	VBD	RB	VBN	DT	JJ	NN	.
nn	nn	nn	nn	nsubj	p	nsubj	aux	rcmod	det	dobj	prep	det	nn	pobj	prep	pobj	p	root	prep	amod	pobj	advmod	complm	nsubj	aux	neg	ccomp	det	amod	dobj	p
5	5	5	5	19	19	9	9	5	11	9	11	15	15	12	15	16	19	0	19	22	20	19	28	28	28	28	19	31	31	28	19
O	O	O	B-PERSON	I-PERSON	O	O	O	O	O	O	O	B-ORG	I-ORG	I-ORG	O	B-DATE	O	O	O	O	O	O	O	O	O	O	O	O	O	O	O
</negative>
<negative>
When	Carter	ran	for	president	,	he	did	not	repudiate	Nixon	and	Ford	as	much	as	he	tried	to	promote	the	general	healing	of	the	nation	.
WRB	NNP	VBD	IN	NN	,	PRP	VBD	RB	VB	NNP	CC	NNP	RB	RB	IN	PRP	VBD	TO	VB	DT	JJ	NN	IN	DT	NN	.
advmod	nsubj	advcl	prep	pobj	p	nsubj	aux	neg	root	dobj	cc	conj	advmod	advmod	mark	nsubj	ccomp	aux	xcomp	det	amod	dobj	prep	det	pobj	p
3	3	10	3	4	10	10	10	10	0	10	11	11	15	10	18	18	15	20	18	23	23	20	23	26	24	10
O	B-PERSON	O	O	O	O	O	O	O	O	B-PERSON	O	B-ORG	O	O	O	O	O	O	O	O	O	O	O	O	O	O
</negative>
<negative>
The	United	States	fared	better	in	the	20th	century	.
DT	NNP	NNPS	VBD	RBR	IN	DT	JJ	NN	.
det	nn	nsubj	root	advmod	prep	det	amod	pobj	p
3	3	4	0	4	4	9	9	6	4
B-GPE	I-GPE	I-GPE	O	O	O	B-DATE	I-DATE	I-DATE	O
</negative>
<negative>
Then	came	Herbert	Hoover	,	a	talented	engineer	,	who	probably	would	have	been	an	outstanding	president	had	the	Great	Depression	not	come	crashing	down	on	him	and	the	nation	.
RB	VBD	NNP	NNP	,	DT	JJ	NN	,	WP	RB	MD	VB	VBN	DT	JJ	NN	VBD	DT	NNP	NNP	RB	VB	VBG	RP	IN	PRP	CC	DT	NN	.
advmod	root	nn	nsubj	p	det	amod	appos	p	nsubj	advmod	aux	aux	cop	det	amod	rcmod	rcmod	det	nn	nsubj	neg	ccomp	xcomp	prt	prep	pobj	cc	det	conj	p
2	0	4	2	2	8	8	4	2	17	17	17	17	17	17	17	8	17	21	21	23	23	18	23	24	24	26	27	30	27	2
O	O	B-PERSON	I-PERSON	O	O	O	O	O	O	O	O	O	O	O	O	O	O	B-EVENT	I-EVENT	I-EVENT	O	O	O	O	O	O	O	O	O	O
</negative>
<negative>
Richard	Nixon	likewise	is	seen	only	as	the	president	who	was	forced	from	office	by	the	Watergate	scandal	,	not	as	the	outstanding	foreign	policy	architect	among	the	presidents	of	the	second	half	of	the	20th	century	.
NNP	NNP	RB	VBZ	VBN	RB	IN	DT	NN	WP	VBD	VBN	IN	NN	IN	DT	NNP	NN	,	RB	IN	DT	JJ	JJ	NN	NN	IN	DT	NNS	IN	DT	JJ	NN	IN	DT	JJ	NN	.
nn	nsubjpass	advmod	auxpass	root	advmod	prep	det	pobj	nsubjpass	auxpass	rcmod	prep	pobj	prep	det	nn	pobj	p	cc	dep	det	amod	amod	nn	conj	prep	det	pobj	prep	det	amod	pobj	prep	det	amod	pobj	p
2	5	5	5	0	5	5	9	7	12	12	9	12	13	14	18	18	15	5	14	20	26	26	26	26	14	26	29	27	29	33	33	30	33	37	37	34	5
B-PERSON	I-PERSON	O	O	O	O	O	O	O	O	O	O	O	O	O	O	B-EVENT	O	O	O	O	O	O	O	O	O	O	O	O	O	O	B-ORDINAL	B-CARDINAL	O	B-DATE	I-DATE	I-DATE	O
</negative>
<negative>
When	Rogers	visited	the	White	House	in	the	FDR	era	,	he	asked	first	lady	Eleanor	Roosevelt	where	the	president	was	.
WRB	NNP	VBD	DT	NNP	NNP	IN	DT	NNP	NN	,	PRP	VBD	JJ	NN	NNP	NNP	WRB	DT	NN	VBD	.
advmod	nsubj	advcl	det	nn	dobj	prep	det	nn	pobj	p	nsubj	root	amod	nn	nn	dobj	advmod	det	nsubj	advcl	p
3	3	13	6	6	3	3	10	10	7	13	13	0	17	17	17	13	21	20	21	13	13
O	B-PERSON	O	B-ORG	I-ORG	I-ORG	O	O	B-PRODUCT	O	O	O	O	B-ORDINAL	O	B-PERSON	I-PERSON	O	O	O	O	O
</negative>
<negative>
``	No	,	Mr	.	President	,	''	Hayes	replied	.
``	UH	,	NNP	.	NNP	,	''	NNP	VBD	.
p	dep	p	nn	p	nsubj	p	p	nsubj	root	p
10	10	10	6	10	10	10	10	10	0	10
O	O	O	O	O	O	O	O	B-PERSON	O	O
</negative>
<negative>
Carpenter	recounts	President	Ronald	Reagan	's	one-liners	when	he	was	shot	in	an	assassination	attempt	in	1981	.
NNP	VBZ	NNP	NNP	NNP	POS	NNS	WRB	PRP	VBD	VBN	IN	DT	NN	NN	IN	CD	.
nsubj	root	nn	nn	poss	possessive	dobj	advmod	nsubjpass	auxpass	advcl	prep	det	nn	pobj	prep	pobj	p
2	0	5	5	7	5	2	11	11	11	2	11	15	15	12	15	16	2
O	O	O	B-PERSON	I-PERSON	O	O	O	O	O	O	O	O	O	O	O	B-DATE	O
</negative>
<negative>
When	the	Whitewater	investigation	first	surfaced	,	President	Clinton	attended	a	White	House	Correspondents	Association	dinner	and	said	:	``	I	'm	happy	to	be	here	.
WRB	DT	NNP	NN	RB	VBD	,	NNP	NNP	VBD	DT	NNP	NNP	NNPS	NNP	NN	CC	VBD	:	``	PRP	VBP	JJ	TO	VB	RB	.
advmod	det	nn	nsubj	advmod	advcl	p	nn	nsubj	root	det	nn	nn	nn	nn	dobj	cc	conj	p	p	nsubj	cop	ccomp	aux	xcomp	advmod	p
6	4	4	6	6	10	10	9	10	0	16	16	16	16	16	10	10	10	10	10	23	23	10	25	23	25	10
O	O	B-ORG	O	O	O	O	O	B-PERSON	O	O	B-ORG	I-ORG	I-ORG	I-ORG	O	O	O	O	O	O	O	O	O	O	O	O
</negative>
<negative>
Clinton	then	recalled	that	the	press	dinners	began	in	1944	when	President	Roosevelt	delivered	his	fireside	chats	over	radio	.
NNP	RB	VBD	IN	DT	NN	NNS	VBD	IN	CD	WRB	NNP	NNP	VBD	PRP$	JJ	NNS	IN	NN	.
nsubj	advmod	root	complm	det	nn	nsubj	ccomp	prep	pobj	advmod	nn	nsubj	advcl	poss	amod	dobj	prep	pobj	p
3	3	0	8	7	7	8	3	8	9	14	13	14	8	17	17	14	14	18	3
B-PERSON	O	O	O	O	O	O	O	O	B-DATE	O	O	B-PERSON	O	O	O	O	O	O	O
</negative>
<negative>
``	It	's	not	much	different	today	except	that	you	insist	that	the	president	sit	directly	on	the	logs.	''
``	PRP	VBZ	RB	JJ	JJ	NN	IN	IN	PRP	VBP	IN	DT	NN	VBP	RB	IN	DT	NN	''
p	nsubj	cop	neg	root	amod	attr	prep	complm	nsubj	pcomp	complm	det	nsubj	ccomp	advmod	prep	det	pobj	p
5	5	5	5	0	7	5	5	11	11	8	15	14	15	11	15	15	19	17	5
O	O	O	O	O	O	B-DATE	O	O	O	O	O	O	O	O	O	O	O	O	O
</negative>
<negative>
Can	Vice	President	Al	Gore	be	his	own	man	only	when	President	Clinton	is	not	around	?
MD	NNP	NNP	NNP	NNP	VB	PRP$	JJ	NN	RB	WRB	NNP	NNP	VBZ	RB	RB	.
aux	nn	nn	nn	nsubj	cop	poss	amod	root	advmod	advmod	nn	nsubj	advcl	neg	advmod	p
9	5	5	5	9	9	9	9	0	11	14	13	14	9	14	14	9
O	O	O	B-PERSON	I-PERSON	O	O	O	O	O	O	O	B-PERSON	O	O	O	O
</negative>
<negative>
In	the	manner	of	the	``	Survivor	''	television	series	,	the	president	has	been	kicked	off	the	island	and	told	to	get	lost	so	that	he	does	n't	detract	from	Gore	's	election	campaign	.
IN	DT	NN	IN	DT	``	NNP	''	NN	NN	,	DT	NN	VBZ	VBN	VBN	RP	DT	NN	CC	VBD	TO	VB	VBN	RB	IN	PRP	VBZ	RB	VB	IN	NNP	POS	NN	NN	.
prep	det	pobj	prep	det	p	nn	p	nn	pobj	p	det	nsubjpass	aux	auxpass	root	prt	det	dobj	cc	conj	aux	auxpass	xcomp	advmod	dep	nsubj	aux	neg	advcl	prep	poss	possessive	nn	pobj	p
16	3	1	3	10	16	10	16	10	4	16	13	16	16	16	0	16	19	16	16	16	24	24	21	30	30	30	30	30	24	30	35	32	35	31	16
O	O	O	O	O	O	O	O	O	O	O	O	O	O	O	O	O	O	O	O	O	O	O	O	O	O	O	O	O	O	O	B-PERSON	O	O	O	O
</negative>
</QApairs>
<QApairs id='41.3'>
<question>
What	was	the	main	focus	of	the	Teapot	Dome	scandal	?
WP	VBD	DT	JJ	NN	IN	DT	NNP	NNP	NN	.
attr	root	det	amod	nsubj	prep	det	nn	nn	pobj	p
2	0	5	5	2	5	10	10	10	6	2
O	O	O	O	O	O	O	I-LANGUAGE	I-GPE	O	O
</question>
</QApairs>
<QApairs id='42.1'>
<question>
When	was	the	USS	Constitution	commissioned	?
WRB	VBD	DT	NNP	NNP	VBN	.
advmod	auxpass	det	nn	nsubjpass	root	p
6	6	5	5	6	0	6
O	O	B-PRODUCT	I-PRODUCT	I-PRODUCT	O	O
</question>
<positive>
Dockside	at	the	Charlestown	Navy	Yard	,	you	can	visit	``	Old	Ironsides	,	''	the	Constitution	,	commissioned	in	1797	and	never	decommissioned	.
RB	IN	DT	NNP	NNP	NNP	,	PRP	MD	VB	``	NNP	NNP	,	''	DT	NNP	,	VBN	IN	CD	CC	RB	VBN	.
advmod	prep	det	nn	nn	pobj	p	nsubj	aux	root	p	nn	dobj	p	p	det	dep	p	dep	prep	pobj	cc	neg	conj	p
2	10	6	6	6	2	10	10	10	0	10	13	10	10	10	17	13	10	17	19	20	19	24	19	10
O	O	B-ORG	I-ORG	I-ORG	I-ORG	O	O	O	O	O	B-WORK_OF_ART	I-WORK_OF_ART	O	O	O	B-LAW	O	O	O	B-DATE	O	O	O	O
1797
21
</positive>
<negative>
CHARLESTOWN	NAVY	YARD	,	USS	Constitution	Museum	,	Building	22	in	the	Charlestown	Navy	Yard	,	off	Chelsea	Street	.
NNP	NNP	NNP	,	NNP	NNP	NNP	,	NNP	CD	IN	DT	NNP	NNP	NNP	,	IN	NNP	NNP	.
nn	nn	root	p	nn	nn	appos	p	appos	num	prep	det	nn	nn	pobj	p	prep	nn	pobj	p
3	3	0	3	7	7	3	3	3	9	9	15	15	15	11	3	3	19	17	3
B-ORG	I-ORG	I-ORG	O	B-PRODUCT	I-PRODUCT	I-PRODUCT	O	O	B-CARDINAL	O	B-ORG	I-ORG	I-ORG	I-ORG	O	O	B-FAC	I-FAC	O
</negative>
<negative>
Everything	in	the	museum	is	related	to	the	Constitution	,	docked	at	Pier	1	in	the	Navy	Yard	.
NN	IN	DT	NN	VBZ	VBN	TO	DT	NNP	,	VBN	IN	NNP	CD	IN	DT	NNP	NNP	.
nsubjpass	prep	det	pobj	auxpass	root	prep	det	pobj	p	partmod	prep	pobj	num	prep	det	nn	pobj	p
6	1	4	2	6	0	6	9	7	6	9	11	12	13	11	18	18	15	6
O	O	O	O	O	O	O	O	B-LAW	O	O	O	B-DATE	I-DATE	O	O	I-LANGUAGE	I-LANGUAGE	O
</negative>
<negative>
Although	it	's	still	a	commissioned	warship	-LRB-	with	a	crew	of	71	officers	and	seamen	-RRB-	,	the	Constitution	is	more	of	a	museum	than	anything	else	these	days	.
IN	PRP	VBZ	RB	DT	JJ	NN	-LRB-	IN	DT	NN	IN	CD	NNS	CC	NN	-RRB-	,	DT	NNP	VBZ	RBR	IN	DT	NN	IN	NN	RB	DT	NNS	.
mark	nsubj	cop	advmod	det	amod	advcl	p	dep	det	pobj	prep	num	pobj	cc	conj	p	p	det	nsubj	cop	advmod	prep	det	pobj	prep	pobj	root	det	attr	p
7	7	7	7	7	7	28	28	7	11	9	11	14	12	14	14	28	28	20	28	28	28	22	25	23	25	26	0	30	28	28
O	O	O	O	O	O	O	O	O	O	O	O	B-CARDINAL	O	O	O	O	O	O	B-LAW	O	O	O	O	O	O	O	O	O	O	O
</negative>
<negative>
The	Constitution	also	offers	a	pretty	good	place	to	survey	the	Boston	skyline	.
DT	NNP	RB	VBZ	DT	RB	JJ	NN	TO	VB	DT	NNP	NN	.
det	nsubj	advmod	root	det	advmod	amod	dobj	aux	xcomp	det	nn	dobj	p
2	4	4	0	8	7	8	4	10	4	13	13	10	4
O	B-LAW	O	O	O	O	O	O	O	O	O	B-GPE	O	O
</negative>
</QApairs>
<QApairs id='42.2'>
<question>
What	conflict	did	the	USS	Constitution	distinguish	herself	in	?
WDT	NN	VBD	DT	NNP	NNP	VB	PRP	IN	.
det	dep	aux	det	nn	nsubj	root	dobj	prep	p
2	7	7	6	6	7	0	7	7	7
O	O	O	B-LAW	I-LAW	I-LAW	O	O	O	O
</question>
<positive>
In	1812	,	the	USS	Constitution	defeated	the	British	frigate	Guerriere	east	of	Nova	Scotia	during	the	War	of	1812	.
IN	CD	,	DT	NNP	NNP	VBD	DT	JJ	NN	NN	JJ	IN	NNP	NNP	IN	DT	NN	IN	CD	.
prep	pobj	p	det	nn	nsubj	root	det	amod	nn	dobj	advmod	prep	nn	pobj	prep	det	pobj	prep	pobj	p
7	1	7	6	6	7	0	11	11	11	7	11	11	15	13	7	18	16	18	19	7
O	B-DATE	O	B-PRODUCT	I-PRODUCT	I-PRODUCT	O	O	B-NORP	O	O	O	O	B-GPE	I-GPE	O	B-EVENT	I-EVENT	I-EVENT	I-EVENT	O
War	of	1812
18	19	20
</positive>
<negative>
Deborah	Burwick	might	have	thought	so	,	but	most	of	her	charges	did	n't	.
NNP	NNP	MD	VB	VBN	RB	,	CC	JJS	IN	PRP$	NNS	VBD	RB	.
nn	nsubj	aux	aux	root	advmod	p	cc	nsubj	prep	poss	pobj	conj	neg	p
2	5	5	5	0	5	5	5	13	9	12	10	5	13	5
B-PERSON	I-PERSON	O	O	O	O	O	O	O	O	O	O	O	O	O
</negative>
<negative>
They	did	n't	show	up	.
PRP	VBD	RB	VB	RP	.
nsubj	aux	neg	root	prt	p
4	4	4	0	4	4
O	O	O	O	O	O
</negative>
<negative>
He	did	n't	ride	through	the	streets	yelling	,	``	The	British	are	coming	!	''
PRP	VBD	RB	VB	IN	DT	NNS	VBG	,	``	DT	NNP	VBP	VBG	.	''
nsubj	aux	neg	root	prep	det	pobj	partmod	p	p	det	nsubj	aux	ccomp	p	p
4	4	4	0	4	7	5	7	4	4	12	14	14	8	4	4
O	O	O	O	O	O	O	O	O	O	O	B-NORP	O	O	O	O
</negative>
</QApairs>
<QApairs id='42.4'>
<question>
What	is	USS	Constitution	's	nickname	?
WP	VBZ	NNP	NNP	POS	NN	.
attr	root	nn	poss	possessive	nsubj	p
2	0	4	6	4	2	2
O	O	B-PRODUCT	I-PRODUCT	O	O	O
</question>
<positive>
July	23-26	will	see	an	international	salute	to	the	unsinkable	Old	Ironsides	,	the	USS	Constitution	,	which	is	celebrating	its	200th	birthday	.
NNP	NNP	MD	VB	DT	JJ	NN	TO	DT	JJ	NNP	NNPS	,	DT	NNP	NNP	,	WDT	VBZ	VBG	PRP$	JJ	NN	.
nn	nsubj	aux	root	det	amod	dobj	prep	det	amod	nn	pobj	p	det	nn	appos	p	nsubj	aux	rcmod	poss	amod	dobj	p
2	4	4	0	7	7	4	4	12	12	12	8	4	16	16	12	4	20	20	12	23	23	20	4
B-DATE	O	O	O	O	O	O	O	O	O	B-WORK_OF_ART	I-WORK_OF_ART	O	B-PRODUCT	I-PRODUCT	I-PRODUCT	O	O	O	O	O	B-ORDINAL	O	O
Old	Ironsides
11	12
</positive>
<positive>
Sharing	the	skyline	with	slender	,	twitchy	sailboat	masts	is	the	USS	Constitution	,	a	slumbering	giant	of	a	hull	that	Americans	know	as	Old	Ironsides	.
VBG	DT	NN	IN	NN	,	JJ	NN	NNS	VBZ	DT	NNP	NNP	,	DT	JJ	NN	IN	DT	NN	IN	NNPS	VBP	IN	NNP	NNP	.
partmod	det	dobj	prep	pobj	p	amod	nn	nsubj	cop	det	nn	root	p	det	amod	appos	prep	det	pobj	complm	nsubj	ccomp	prep	nn	pobj	p
13	3	1	1	4	13	9	9	13	13	13	13	0	13	17	17	13	17	20	18	23	23	13	23	26	24	13
O	O	O	O	O	O	O	O	O	O	B-PRODUCT	I-PRODUCT	I-PRODUCT	O	O	O	O	O	O	O	O	B-NORP	O	O	B-WORK_OF_ART	I-WORK_OF_ART	O
Old	Ironsides
25	26
</positive>
<positive>
Sailors	offer	free	guided	tours	,	during	which	you	'll	learn	,	among	other	things	,	that	``	Old	Ironsides	''	is	a	misnomer	;	the	ship	got	its	nickname	because	of	the	strength	of	its	oak	sides	.
NNS	VBP	JJ	JJ	NNS	,	IN	WDT	PRP	MD	VB	,	IN	JJ	NNS	,	IN	``	NNP	NNP	''	VBZ	DT	NN	:	DT	NN	VBD	PRP$	NN	RB	IN	DT	NN	IN	PRP$	NN	NNS	.
nsubj	root	amod	amod	dobj	p	rel	pobj	nsubj	aux	rcmod	p	prep	amod	pobj	p	complm	p	nn	nsubj	p	cop	det	ccomp	p	det	nsubj	parataxis	poss	dobj	advmod	prep	det	pobj	prep	poss	nn	pobj	p
2	0	5	5	2	2	11	7	11	11	5	2	11	15	13	2	24	2	20	24	2	24	24	11	2	27	28	2	30	28	32	28	34	32	34	38	38	35	2
O	O	O	O	O	O	O	O	O	O	O	O	O	O	O	O	O	O	B-NORP	I-NORP	O	O	O	O	O	O	O	O	O	O	O	O	O	O	O	O	O	O	O
Old	Ironsides
19	20
</positive>
</QApairs>
<QApairs id='43.1'>
<question>
Who	established	the	Nobel	prize	awards	?
WP	VBD	DT	NNP	NN	NNS	.
nsubj	root	det	nn	nn	dobj	p
2	0	6	6	6	2	2
O	O	O	B-WORK_OF_ART	O	O	O
</question>
<positive>
Alfred	Nobel	,	the	Swedish	industrialist	and	inventor	who	established	the	prizes	in	his	will	,	said	the	literature	prize	should	recognize	an	author	whose	work	moves	in	an	``	ideal	direction.	''
NNP	NNP	,	DT	JJ	NN	CC	NN	WP	VBD	DT	NNS	IN	PRP$	NN	,	VBD	DT	NN	NN	MD	VB	DT	NN	WP$	NN	VBZ	IN	DT	``	JJ	NN	''
nn	nsubj	p	det	amod	appos	cc	conj	nsubj	rcmod	det	dobj	prep	poss	pobj	p	root	det	nn	nsubj	aux	ccomp	det	nsubj	poss	dep	ccomp	prep	det	p	amod	pobj	p
2	17	17	6	6	2	6	6	10	6	12	10	10	15	13	17	0	20	20	22	22	17	24	27	26	24	22	27	32	17	32	28	17
B-PERSON	I-PERSON	O	O	B-NORP	O	O	O	O	O	O	O	O	O	O	O	O	O	O	O	O	O	O	O	O	O	O	O	O	O	O	O	O
Alfred	Nobel
1	2
</positive>
<positive>
The	honored	work	touches	on	the	personal	life	of	Alfred	Nobel	,	the	Swedish	industrialist	and	inventor	of	dynamite	who	established	the	prizes	in	his	will	.
DT	NN	VBP	NNS	IN	DT	JJ	NN	IN	NNP	NNP	,	DT	JJ	NN	CC	NN	IN	NN	WP	VBD	DT	NNS	IN	PRP$	NN	.
det	nsubj	root	dobj	prep	det	amod	pobj	prep	nn	pobj	p	det	amod	conj	cc	conj	prep	pobj	nsubj	rcmod	det	dobj	prep	poss	pobj	p
2	3	0	3	4	8	8	5	8	11	9	3	15	15	11	11	11	17	18	21	4	23	21	21	26	24	3
O	O	O	O	O	O	O	O	O	B-PERSON	I-PERSON	O	O	B-NORP	O	O	O	O	O	O	O	O	O	O	O	O	O
Alfred	Nobel
10	11
</positive>
<positive>
The	prizes	are	presented	on	Dec	.	10	,	the	anniversary	of	the	death	of	Alfred	Nobel	,	the	Swedish	industrialist	and	inventor	of	dynamite	who	established	the	prizes	in	his	will	.
DT	NNS	VBP	VBN	IN	NNP	.	CD	,	DT	NN	IN	DT	NN	IN	NNP	NNP	,	DT	JJ	NN	CC	NN	IN	NN	WP	VBD	DT	NNS	IN	PRP$	NN	.
det	nsubjpass	auxpass	root	prep	pobj	p	dep	p	det	appos	prep	det	pobj	prep	nn	pobj	p	det	amod	appos	cc	conj	prep	pobj	nsubj	rcmod	det	dobj	prep	poss	pobj	p
2	4	4	0	4	5	4	6	4	11	6	11	14	12	14	17	15	4	21	21	6	21	21	21	24	27	21	29	27	27	32	30	4
O	O	O	O	O	B-DATE	O	B-CARDINAL	O	O	O	O	O	O	O	B-PERSON	I-PERSON	O	O	B-NORP	O	O	O	O	O	O	O	O	O	O	O	O	O
Alfred	Nobel
16	17
</positive>
<positive>
The	economics	prize	is	the	only	Nobel	not	established	in	the	will	of	Swedish	industrialist	Alfred	Nobel	,	who	invented	dynamite	.
DT	NNS	NN	VBZ	DT	JJ	NNP	RB	VBN	IN	DT	NN	IN	JJ	NN	NNP	NNP	,	WP	VBD	JJ	.
det	nn	nsubj	cop	det	amod	root	neg	amod	prep	det	pobj	prep	amod	pobj	nn	attr	p	nsubj	rcmod	acomp	p
3	3	7	7	7	7	0	9	7	7	12	10	12	15	13	17	7	7	20	17	20	7
O	O	O	O	O	O	O	O	O	O	O	O	O	B-NORP	O	B-PERSON	I-PERSON	O	O	O	O	O
Alfred	Nobel
16	17
</positive>
<positive>
The	Nobel	Prize	was	established	in	the	will	of	Alfred	Nobel	,	a	Swede	who	invented	dynamite	and	died	in	1896	.
DT	NNP	NNP	VBD	VBN	IN	DT	NN	IN	NNP	NNP	,	DT	NN	WP	VBD	NN	CC	VBD	IN	CD	.
det	nn	nsubjpass	auxpass	root	prep	det	pobj	prep	nn	pobj	p	det	appos	nsubj	rcmod	dobj	cc	conj	prep	pobj	p
3	3	5	5	0	5	8	6	8	11	9	5	14	11	16	14	16	16	16	19	20	5
B-WORK_OF_ART	I-WORK_OF_ART	I-WORK_OF_ART	O	O	O	O	O	O	B-PERSON	I-PERSON	O	O	B-NORP	O	O	O	O	O	O	B-DATE	O
Alfred	Nobel
10	11
</positive>
<positive>
Nobel	prizes	,	named	after	Swedish	chemist	Alfred	Bernhard	Nobel	who	died	in	1896	,	were	set	up	in	1901	in	the	fields	of	chemistry	,	physics	,	medicine	,	peace	and	literature	.
NNP	NNS	,	VBN	IN	JJ	NN	NNP	NNP	NNP	WP	VBD	IN	CD	,	VBD	VBN	RP	IN	CD	IN	DT	NNS	IN	NN	,	NN	,	NN	,	NN	CC	NN	.
nn	nsubjpass	p	partmod	prep	amod	nn	nn	nn	pobj	nsubj	rcmod	prep	pobj	p	auxpass	root	prt	prep	pobj	prep	det	pobj	prep	pobj	p	conj	p	conj	p	conj	cc	conj	p
2	17	17	2	4	10	10	10	10	5	12	10	12	13	17	17	0	17	17	19	17	23	21	23	24	17	25	17	25	17	25	25	25	17
O	O	O	O	O	B-NORP	O	B-PERSON	I-PERSON	O	O	O	O	B-DATE	O	O	O	O	O	B-DATE	O	O	O	O	O	O	O	O	O	O	O	O	O	O
Alfred	Bernhard	Nobel
8	9	10
</positive>
<negative>
He	was	wealthy	,	Swedish	and	idealistic	_	a	close	parallel	to	Alfred	Nobel	.
PRP	VBD	JJ	,	JJ	CC	JJ	VBG	DT	JJ	NN	TO	NNP	NNP	.
nsubj	cop	root	p	conj	cc	conj	xcomp	det	amod	dobj	prep	nn	pobj	p
3	3	0	3	3	3	3	3	11	11	8	8	14	12	3
O	O	O	O	B-NORP	O	O	O	O	O	O	O	B-PERSON	I-PERSON	O
</negative>
<negative>
The	Nobel	Prizes	always	are	presented	Dec	.	10	,	the	anniversary	of	the	death	of	Alfred	Nobel	.
DT	NNP	NNPS	RB	VBP	VBD	NNP	.	CD	,	DT	NN	IN	DT	NN	IN	NNP	NNP	.
det	nn	nsubj	advmod	dep	root	dobj	p	nsubj	p	det	appos	prep	det	pobj	prep	nn	pobj	p
3	3	5	5	6	0	6	6	6	6	12	9	12	15	13	15	18	16	6
O	O	O	O	O	O	B-DATE	O	B-CARDINAL	O	O	O	O	O	O	O	B-PERSON	I-PERSON	O
</negative>
<negative>
The	1997	Nobel	prize	winners	will	receive	their	awards	on	December	10	,	the	anniversary	of	Alfred	Nobel	's	death	in	1896	.
DT	CD	NNP	NN	NNS	MD	VB	PRP$	NNS	IN	NNP	CD	,	DT	NN	IN	NNP	NNP	POS	NN	IN	CD	.
det	num	nn	nn	nsubj	aux	root	poss	dobj	prep	pobj	num	p	det	appos	prep	nn	poss	possessive	pobj	prep	pobj	p
5	5	5	5	7	7	0	9	7	7	10	11	7	15	11	15	18	20	18	16	20	21	7
O	B-DATE	O	O	O	O	O	O	O	O	B-DATE	I-DATE	O	O	O	O	B-PERSON	I-PERSON	I-PERSON	O	O	B-DATE	O
</negative>
<negative>
Now	,	the	Right	Livelihood	awards	_	commonly	called	the	``	alternative	Nobels	''	_	are	gaining	some	of	the	respect	and	notice	given	to	the	Nobels	themselves	.
RB	,	DT	NNP	NNP	NNP	NNP	RB	VBD	DT	``	JJ	NN	''	NN	VBP	VBG	DT	IN	DT	NN	CC	NN	VBN	TO	DT	NNPS	PRP	.
advmod	p	det	nn	nn	nn	nsubj	advmod	root	det	p	amod	nn	p	nsubj	aux	ccomp	iobj	prep	det	pobj	cc	conj	prep	pcomp	det	pobj	dobj	p
9	9	7	7	7	7	9	9	0	15	9	15	15	9	17	17	9	17	18	21	19	21	21	21	24	27	25	17	9
O	O	O	O	O	O	O	O	O	O	O	O	O	O	O	O	O	O	O	O	O	O	O	O	O	O	O	O	O
</negative>
<negative>
Von	Uexkull	,	a	stamp	dealer	,	sold	his	collection	for	about	dlrs	1	million	and	started	the	awards	in	1980	to	recognize	work	that	he	believed	the	Nobel	Prizes	were	ignoring	.
NNP	NNP	,	DT	NN	NN	,	VBD	PRP$	NN	IN	RB	CD	CD	CD	CC	VBD	DT	NNS	IN	CD	TO	VB	NN	IN	PRP	VBD	DT	NNP	NNPS	VBD	VBG	.
nn	nsubj	p	det	nn	appos	p	root	poss	dobj	prep	quantmod	num	number	pobj	cc	conj	det	dobj	prep	pobj	aux	xcomp	dobj	complm	nsubj	ccomp	det	nn	nsubj	aux	ccomp	p
2	8	8	6	6	2	8	0	10	8	8	13	15	15	11	8	8	19	17	17	20	23	17	23	27	27	23	30	30	32	32	27	8
B-PERSON	I-PERSON	O	O	O	O	O	O	O	O	O	O	O	B-CARDINAL	I-CARDINAL	O	O	O	O	O	B-DATE	O	O	O	O	O	O	B-ORG	I-ORG	I-ORG	O	O	O
</negative>
<negative>
The	awards	usually	go	to	four	recipients	a	year	,	dividing	up	a	prize	pool	that	this	year	is	worth	1.8	million	kronor	-LRB-	dlrs	234,000	-RRB-	.
DT	NNS	RB	VBP	TO	CD	NNS	DT	NN	,	VBG	RP	DT	NN	NN	IN	DT	NN	VBZ	IN	CD	CD	NNS	-LRB-	NN	CD	-RRB-	.
det	nsubj	advmod	root	prep	num	pobj	det	dep	p	xcomp	prt	det	nn	dobj	complm	det	nsubj	ccomp	prep	number	num	pobj	p	appos	num	p	p
2	4	4	0	4	7	5	9	7	4	4	11	15	15	11	19	18	19	4	19	22	23	20	4	23	25	4	4
O	O	O	O	O	B-CARDINAL	O	O	O	O	O	O	O	O	O	O	B-DATE	I-DATE	O	O	B-MONEY	I-MONEY	I-MONEY	O	O	B-CARDINAL	O	O
</negative>
<negative>
The	awards	are	n't	given	in	specific	categories	.
DT	NNS	VBP	RB	VBN	IN	JJ	NNS	.
det	nsubjpass	auxpass	neg	root	prep	amod	pobj	p
2	5	5	5	0	5	8	6	5
O	O	O	O	O	O	O	O	O
</negative>
<negative>
could	exert	important	functions	''	in	animals	and	people	,	said	the	Karolinska	Institute	,	which	awards	the	prize	.
MD	VB	JJ	NNS	''	IN	NNS	CC	NNS	,	VBD	DT	NNP	NNP	,	WDT	VBZ	DT	NN	.
aux	ccomp	amod	dobj	p	prep	pobj	cc	conj	p	root	det	nn	nsubj	p	nsubj	rcmod	det	dobj	p
2	11	4	2	11	2	6	7	7	11	0	14	14	11	11	17	14	19	17	11
O	O	O	O	O	O	O	O	O	O	O	B-ORG	I-ORG	I-ORG	O	O	O	O	O	O
</negative>
<negative>
Sen	,	who	was	visiting	Manhattan	on	Wednesday	,	said	he	was	thrilled	that	the	Royal	Swedish	Academy	of	Sciences	,	which	awards	the	prize	,	at	long	last	acknowledged	his	field	.
NNP	,	WP	VBD	VBG	NNP	IN	NNP	,	VBD	PRP	VBD	VBN	IN	DT	NNP	NNP	NNP	IN	NNPS	,	WDT	VBZ	DT	NN	,	IN	RB	RB	VBD	PRP$	NN	.
nsubj	p	nsubj	aux	rcmod	dobj	prep	pobj	p	root	nsubjpass	auxpass	ccomp	complm	det	nn	nn	nsubj	prep	pobj	p	nsubj	rcmod	det	dobj	p	advmod	advmod	advmod	ccomp	poss	dobj	p
10	10	5	5	1	5	6	7	10	0	13	13	10	30	18	18	18	30	18	19	10	23	18	25	23	10	30	27	27	13	32	30	10
O	O	O	O	O	B-GPE	O	B-DATE	O	O	O	O	O	O	O	B-ORG	I-ORG	I-ORG	I-ORG	I-ORG	O	O	O	O	O	O	O	O	O	O	O	O	O
</negative>
<negative>
The	Canadian	-born	economist	``	has	established	the	foundation	for	the	theory	that	dominates	practical	policy	considerations	of	monetary	and	fiscal	policy	in	open	economies	,	''	the	Royal	Swedish	Academy	of	Sciences	said	.
DT	JJ	JJ	NN	``	VBZ	VBN	DT	NN	IN	DT	NN	WDT	VBZ	JJ	NN	NNS	IN	JJ	CC	JJ	NN	IN	JJ	NNS	,	''	DT	NNP	NNP	NNP	IN	NNPS	VBD	.
det	amod	amod	nsubj	p	aux	ccomp	det	dobj	prep	det	pobj	nsubj	rcmod	amod	nn	dobj	prep	amod	cc	conj	pobj	prep	amod	pobj	p	p	det	nn	nn	nsubj	prep	pobj	root	p
4	4	4	7	34	7	34	9	7	7	12	10	14	12	17	17	14	17	22	19	19	18	14	25	23	34	34	31	31	31	34	31	32	0	34
O	B-NORP	O	O	O	O	O	O	O	O	O	O	O	O	O	O	O	O	O	O	O	O	O	O	O	O	O	O	B-ORG	I-ORG	I-ORG	I-ORG	I-ORG	O	O
</negative>
<negative>
But	as	usual	,	the	secretive	members	of	the	awards	committee	did	n't	give	a	hint	following	Wednesday	's	final	meeting	.
CC	IN	JJ	,	DT	JJ	NNS	IN	DT	NNS	NN	VBD	RB	VB	DT	NN	VBG	NNP	POS	JJ	NN	.
cc	prep	pobj	p	det	amod	nsubj	prep	det	nn	pobj	aux	neg	root	det	dobj	prep	poss	possessive	amod	pobj	p
14	14	2	14	7	7	14	7	11	11	8	14	14	0	16	14	16	21	18	21	17	14
O	O	O	O	O	O	O	O	O	O	O	O	O	O	O	O	O	B-DATE	O	O	O	O
</negative>
<negative>
''	We	had	our	last	regular	meeting	,	and	have	reached	a	decision	that	will	be	announced	on	Oct	.	13	,	''	said	Geir	Lundestad	,	a	non-voting	secretary	who	attends	the	five	-member	awards	committee	's	meetings	.
''	PRP	VBD	PRP$	JJ	JJ	NN	,	CC	VBP	VBN	DT	NN	WDT	MD	VB	VBN	IN	NNP	.	CD	,	''	VBD	NNP	NNP	,	DT	JJ	NN	WP	VBZ	DT	CD	JJ	NNS	NN	POS	NNS	.
p	nsubj	ccomp	poss	amod	amod	dobj	p	cc	aux	conj	det	dobj	nsubjpass	aux	auxpass	rcmod	prep	pobj	p	dep	p	p	root	nn	dobj	p	det	amod	appos	nsubj	rcmod	det	num	amod	dobj	poss	possessive	dep	p
24	3	24	7	7	7	3	24	3	11	3	13	11	17	17	17	13	17	18	24	19	24	24	0	26	24	24	30	30	26	32	30	36	36	36	32	39	37	24	24
O	O	O	O	O	O	O	O	O	O	O	O	O	O	O	O	O	O	B-DATE	O	B-CARDINAL	O	O	O	B-PERSON	I-PERSON	O	O	O	O	O	O	O	B-CARDINAL	O	O	O	O	O	O
</negative>
<negative>
The	economics	prize	,	known	formally	as	The	Bank	of	Sweden	Prize	in	Economic	Sciences	,	was	given	for	the	first	time	in	1968	and	is	the	newest	of	the	prestigious	awards	.
DT	NN	NN	,	VBN	RB	IN	DT	NNP	IN	NNP	NNP	IN	NNP	NNPS	,	VBD	VBN	IN	DT	JJ	NN	IN	CD	CC	VBZ	DT	JJS	IN	DT	JJ	NNS	.
det	nn	nsubjpass	p	partmod	advmod	prep	det	pobj	prep	nn	pobj	prep	nn	pobj	p	auxpass	root	prep	det	amod	pobj	prep	pobj	cc	cop	det	conj	prep	det	amod	pobj	p
3	3	18	18	3	5	5	9	7	9	12	10	12	15	13	18	18	0	18	22	22	19	22	23	18	28	28	18	28	32	32	29	18
O	O	O	O	O	O	O	B-ORG	I-ORG	I-ORG	I-ORG	I-ORG	I-ORG	I-ORG	I-ORG	O	O	O	O	O	B-ORDINAL	O	O	B-DATE	O	O	O	O	O	O	O	O	O
</negative>
<negative>
STOCKHOLM	,	December	10	-LRB-	Xinhua	-RRB-	--	The	1998	Nobel	Prize	winners	in	science	and	literature	received	their	awards	here	Thursday	as	two	rival	statesmen	from	Northern	Ireland	shared	the	peace	prize	in	Oslo	in	neighboring	Norway	.
NNP	,	NNP	CD	-LRB-	NNP	-RRB-	:	DT	CD	NNP	NNP	NNS	IN	NN	CC	NN	VBD	PRP$	NNS	RB	NNP	IN	CD	JJ	NNS	IN	NNP	NNP	VBD	DT	NN	NN	IN	NNP	IN	JJ	NNP	.
nn	p	root	num	p	appos	p	p	det	num	nn	nn	dep	prep	pobj	cc	conj	rcmod	poss	dobj	advmod	tmod	mark	num	amod	nsubj	prep	nn	pobj	advcl	det	nn	dobj	prep	pobj	prep	amod	pobj	p
3	3	0	3	3	3	3	3	13	13	13	13	3	13	14	15	15	13	20	18	18	18	30	26	26	30	26	29	27	18	33	33	30	30	34	30	38	36	3
O	O	B-DATE	I-DATE	O	B-ORG	O	O	O	B-DATE	B-WORK_OF_ART	I-WORK_OF_ART	O	O	O	O	O	O	O	O	O	B-DATE	O	B-CARDINAL	O	O	O	B-GPE	I-GPE	O	O	O	O	O	B-GPE	O	O	B-GPE	O
</negative>
</QApairs>
<QApairs id='43.3'>
<question>
When	were	the	Nobel	prize	awards	first	given	?
WRB	VBD	DT	NNP	NN	NN	RB	VBN	.
advmod	auxpass	det	nn	nn	nsubjpass	advmod	root	p
8	8	6	6	6	8	8	0	8
O	O	O	B-WORK_OF_ART	O	O	B-ORDINAL	O	O
</question>
<positive>
Among	them	is	the	winner	of	the	first	prize	in	1901	,	Sully	Prudhomme	.
IN	PRP	VBZ	DT	NN	IN	DT	JJ	NN	IN	CD	,	NNP	VBZ	.
prep	nsubj	cop	det	pcomp	prep	det	amod	pobj	prep	pobj	p	nsubj	root	p
14	5	5	5	1	5	9	9	6	9	10	14	14	0	14
O	O	O	O	O	O	O	B-ORDINAL	O	O	B-DATE	O	B-PERSON	I-PERSON	O
1901
11
</positive>
<positive>
The	prizes	,	first	awarded	in	1901	,	are	always	presented	on	the	Dec	.	10	anniversary	of	Nobel	's	death	.
DT	NNS	,	RB	VBN	IN	CD	,	VBP	RB	VBN	IN	DT	NNP	.	CD	NN	IN	NNP	POS	NN	.
det	nsubjpass	p	advmod	partmod	prep	pobj	p	auxpass	advmod	root	prep	det	nn	p	num	pobj	prep	poss	possessive	pobj	p
2	11	11	5	2	5	6	11	11	11	0	11	17	17	11	17	12	17	21	19	18	11
O	O	O	O	O	O	B-DATE	O	O	O	O	O	O	B-DATE	O	B-CARDINAL	O	O	O	O	O	O
1901
7
</positive>
<positive>
The	prizes	,	first	given	in	1901	,	are	always	presented	on	the	Dec	.	10	anniversary	of	the	death	of	their	creator	,	Swedish	industrialist	Alfred	Nobel	.
DT	NNS	,	RB	VBN	IN	CD	,	VBP	RB	VBN	IN	DT	NNP	.	CD	NN	IN	DT	NN	IN	PRP$	NN	,	JJ	NN	NNP	NNP	.
det	nsubjpass	p	advmod	partmod	prep	pobj	p	auxpass	advmod	root	prep	det	nn	p	num	pobj	prep	det	pobj	prep	poss	pobj	p	amod	nn	nn	appos	p
2	11	11	5	2	5	6	11	11	11	0	11	17	17	11	17	12	17	20	18	20	23	21	11	28	28	28	23	11
O	O	O	O	O	O	B-DATE	O	O	O	O	O	O	B-DATE	O	B-CARDINAL	O	O	O	O	O	O	O	O	B-NORP	O	B-PERSON	I-PERSON	O
1901
7
</positive>
<positive>
The	first	awards	ceremony	took	place	in	1901	.
DT	JJ	NNS	NN	VBD	NN	IN	CD	.
det	amod	nn	nsubj	root	dobj	prep	pobj	p
4	4	4	5	0	5	5	7	5
O	O	O	O	O	O	O	B-DATE	O
1901
8
</positive>
<positive>
The	prizes	were	first	awarded	in	1901	.
DT	NNS	VBD	RB	VBN	IN	CD	.
det	nsubjpass	auxpass	advmod	root	prep	pobj	p
2	5	5	5	0	5	6	5
O	O	O	B-ORDINAL	O	O	B-DATE	O
1901
7
</positive>
<positive>
In	1901	,	Sweden	bestowed	the	inaugural	Nobel	Prize	for	medicine	on	a	Berliner	,	Emil	von	Behring	,	for	his	serum	against	diphtheria	.
IN	CD	,	NNP	VBN	DT	JJ	NNP	NNP	IN	NN	IN	DT	NNP	,	NNP	NNP	NNP	,	IN	PRP$	NN	IN	NN	.
prep	pobj	p	nsubj	root	det	amod	nn	dobj	prep	pobj	prep	det	pobj	p	nn	nn	appos	p	prep	poss	pobj	prep	pobj	p
5	1	5	5	0	9	9	9	5	5	10	11	14	12	5	18	18	14	5	5	22	20	22	23	5
O	B-DATE	O	B-GPE	O	O	O	B-ORG	I-ORG	O	O	O	O	O	O	B-PERSON	I-PERSON	I-PERSON	O	O	O	O	O	O	O
1901
2
</positive>
<positive>
The	award	to	Doctors	Without	Borders	echoes	the	first	Nobel	Peace	Prize	of	the	century	,	given	in	1901	,	of	which	the	founder	of	the	Red	Cross	was	a	co-	recipient	.
DT	NN	TO	NNS	IN	NNP	VBD	DT	JJ	NNP	NNP	NNP	IN	DT	NN	,	VBN	IN	CD	,	IN	WDT	DT	NN	IN	DT	NNP	NNP	VBD	DT	JJ	NN	.
det	nsubj	prep	pobj	prep	pobj	root	det	amod	nn	nn	dobj	prep	det	pobj	p	prep	pcomp	pobj	p	rel	pobj	det	nsubj	prep	det	nn	pobj	cop	det	amod	rcmod	p
2	7	2	3	7	5	0	12	12	12	12	7	12	15	13	7	7	17	18	7	32	21	24	32	24	28	28	25	32	32	32	19	7
O	O	O	O	O	O	O	O	B-ORDINAL	B-WORK_OF_ART	I-WORK_OF_ART	I-WORK_OF_ART	O	O	B-DATE	O	O	O	B-DATE	O	O	O	O	O	O	B-ORG	I-ORG	I-ORG	O	O	O	O	O
1901
19
</positive>
<positive>
Leo	Tolstoy	lost	the	first	Literature	prize	in	1901	to	the	forgettable	Rene	F	.	A	.	Sully	Prudhomme	.
NNP	NNP	VBD	DT	JJ	NNP	NN	IN	CD	TO	DT	NNP	NNP	NNP	.	NNP	.	NNP	NNP	.
nn	nsubj	root	det	amod	nn	dobj	prep	pobj	prep	det	nn	nn	pobj	p	nn	p	nn	dep	p
2	3	0	7	7	7	3	3	8	3	14	14	14	10	3	19	3	19	14	3
B-PERSON	I-PERSON	O	O	I-PRODUCT	I-PRODUCT	O	O	B-DATE	O	O	O	B-PERSON	I-PERSON	O	O	O	B-PERSON	I-PERSON	O
1901
9
</positive>
<negative>
Nobel	prizes	,	named	after	Swedish	chemist	Alfred	Bernhard	Nobel	who	died	in	1896	,	were	set	up	in	1901	in	the	fields	of	chemistry	,	physics	,	medicine	,	peace	and	literature	.
NNP	NNS	,	VBN	IN	JJ	NN	NNP	NNP	NNP	WP	VBD	IN	CD	,	VBD	VBN	RP	IN	CD	IN	DT	NNS	IN	NN	,	NN	,	NN	,	NN	CC	NN	.
nn	nsubjpass	p	partmod	prep	amod	nn	nn	nn	pobj	nsubj	rcmod	prep	pobj	p	auxpass	root	prt	prep	pobj	prep	det	pobj	prep	pobj	p	conj	p	conj	p	conj	cc	conj	p
2	17	17	2	4	10	10	10	10	5	12	10	12	13	17	17	0	17	17	19	17	23	21	23	24	17	25	17	25	17	25	25	25	17
O	O	O	O	O	B-NORP	O	B-PERSON	I-PERSON	O	O	O	O	B-DATE	O	O	O	O	O	B-DATE	O	O	O	O	O	O	O	O	O	O	O	O	O	O
</negative>
<negative>
Arguments	over	the	Academy	's	choices	are	inevitable	,	considering	the	instructions	they	were	given	.
NNS	IN	DT	NN	POS	NNS	VBP	JJ	,	VBG	DT	NNS	PRP	VBD	VBN	.
nsubj	prep	det	poss	possessive	pobj	cop	root	p	xcomp	det	dobj	nsubjpass	auxpass	rcmod	p
8	1	4	6	4	2	8	0	8	8	12	10	15	15	12	8
O	O	O	B-ORG	O	O	O	O	O	O	O	O	O	O	O	O
</negative>
<negative>
``	We	all	know	that	there	are	still	major	problems	to	be	faced	,	''	said	awards	committee	chairman	Francis	Sejersted	,	according	to	a	copy	of	his	planned	speech	.
``	PRP	DT	VBP	IN	EX	VBP	RB	JJ	NNS	TO	VB	VBN	,	''	VBD	NNS	NN	NN	NNP	NNP	,	VBG	TO	DT	NN	IN	PRP$	JJ	NN	.
p	nsubj	advmod	root	complm	expl	ccomp	advmod	amod	nsubj	aux	auxpass	infmod	p	p	parataxis	dobj	nn	nn	nn	nsubj	p	prep	pcomp	det	pobj	prep	poss	amod	pobj	p
4	4	4	0	7	7	4	7	10	7	13	13	10	4	4	4	16	21	21	21	16	4	4	23	26	24	26	30	30	27	4
O	O	O	O	O	O	O	O	O	O	O	O	O	O	O	O	O	O	O	B-PERSON	I-PERSON	O	O	O	O	O	O	O	O	O	O
</negative>
<negative>
Hume	,	61	,	and	Trimble	,	54	,	accept	their	awards	,	which	include	a	gold	medal	,	before	about	1,000	people	,	including	Norway	's	King	Harald	V	and	Queen	Sonja	,	at	the	Oslo	City	Hall	.
RB	,	CD	,	CC	NNP	,	CD	,	VBP	PRP$	NNS	,	WDT	VBP	DT	JJ	NN	,	IN	RB	CD	NNS	,	VBG	NNP	POS	NNP	NNP	NNP	CC	NNP	NNP	,	IN	DT	NNP	NNP	NNP	.
advmod	p	nsubj	p	cc	conj	p	conj	p	root	poss	dobj	p	nsubj	rcmod	det	amod	dobj	p	prep	quantmod	num	pobj	p	prep	poss	possessive	nn	nn	pobj	cc	nn	conj	p	prep	det	nn	nn	pobj	p
10	10	10	10	3	3	10	3	10	0	12	10	10	15	12	18	18	15	10	15	22	23	20	10	23	30	26	30	30	25	30	33	30	10	15	39	39	39	35	10
B-PERSON	O	B-CARDINAL	O	O	B-PERSON	O	B-CARDINAL	O	O	O	O	O	O	O	O	O	O	O	O	O	B-CARDINAL	O	O	O	B-GPE	O	O	B-PERSON	I-PERSON	O	B-PERSON	I-PERSON	O	O	O	B-FAC	I-FAC	I-FAC	O
</negative>
<negative>
``	We	all	know	that	there	are	still	major	problems	to	be	faced	,	''	said	awards	committee	chairman	Francis	Sejersted	.
``	PRP	DT	VBP	IN	EX	VBP	RB	JJ	NNS	TO	VB	VBN	,	''	VBD	NNS	NN	NN	NNP	NNP	.
p	nsubj	advmod	ccomp	complm	expl	ccomp	advmod	amod	nsubj	aux	auxpass	infmod	p	p	root	dobj	nn	nn	nn	nsubj	p
16	4	4	16	7	7	4	7	10	7	13	13	10	16	16	0	16	21	21	21	16	16
O	O	O	O	O	O	O	O	O	O	O	O	O	O	O	O	O	O	O	B-PERSON	I-PERSON	O
</negative>
<negative>
Hume	,	61	,	and	Trimble	,	54	,	accepted	their	awards	,	which	include	a	gold	medal	,	before	about	1,000	people	,	including	Norway	's	King	Harald	V	and	Queen	Sonja	,	at	the	Oslo	City	Hall	.
RB	,	CD	,	CC	NNP	,	CD	,	VBD	PRP$	NNS	,	WDT	VBP	DT	JJ	NN	,	IN	RB	CD	NNS	,	VBG	NNP	POS	NNP	NNP	NNP	CC	NNP	NNP	,	IN	DT	NNP	NNP	NNP	.
advmod	p	nsubj	p	cc	conj	p	conj	p	root	poss	dobj	p	nsubj	rcmod	det	amod	dobj	p	prep	quantmod	num	pobj	p	prep	poss	possessive	nn	nn	pobj	cc	nn	conj	p	prep	det	nn	nn	pobj	p
10	10	10	10	3	3	10	3	10	0	12	10	10	15	12	18	18	15	10	15	22	23	20	10	23	30	26	30	30	25	30	33	30	10	15	39	39	39	35	10
B-PERSON	O	B-CARDINAL	O	O	B-PERSON	O	B-CARDINAL	O	O	O	O	O	O	O	O	O	O	O	O	O	B-CARDINAL	O	O	O	B-GPE	O	O	B-PERSON	I-PERSON	O	B-PERSON	I-PERSON	O	O	O	B-FAC	I-FAC	I-FAC	O
</negative>
<negative>
The	five	-member	awards	committee	works	in	secrecy	during	its	five	or	six	meetings	a	year	,	and	refuses	to	comment	on	or	release	candidates	'	names	.
DT	CD	JJ	NN	NN	VBZ	IN	NN	IN	PRP$	CD	CC	CD	NNS	DT	NN	,	CC	VBZ	TO	VB	RP	CC	VB	NNS	POS	NNS	.
det	num	amod	nn	nsubj	root	prep	pobj	prep	poss	pobj	cc	num	conj	det	dep	p	cc	conj	aux	xcomp	prt	cc	conj	poss	p	dobj	p
5	5	5	5	6	0	6	7	6	11	9	11	14	11	16	11	6	6	6	21	19	21	21	21	27	6	24	6
O	B-CARDINAL	O	O	O	O	O	O	O	O	B-CARDINAL	O	B-CARDINAL	O	O	O	O	O	O	O	O	O	O	O	O	O	O	O
</negative>
<negative>
But	as	usual	,	the	secretive	members	of	the	awards	committee	did	n't	give	a	hint	following	Wednesday	's	final	meeting	.
CC	IN	JJ	,	DT	JJ	NNS	IN	DT	NNS	NN	VBD	RB	VB	DT	NN	VBG	NNP	POS	JJ	NN	.
cc	prep	pobj	p	det	amod	nsubj	prep	det	nn	pobj	aux	neg	root	det	dobj	prep	poss	possessive	amod	pobj	p
14	14	2	14	7	7	14	7	11	11	8	14	14	0	16	14	16	21	18	21	17	14
O	O	O	O	O	O	O	O	O	O	O	O	O	O	O	O	O	B-DATE	O	O	O	O
</negative>
<negative>
''	We	had	our	last	regular	meeting	,	and	have	reached	a	decision	that	will	be	announced	on	Oct	.	13	,	''	said	Geir	Lundestad	,	a	non-voting	secretary	who	attends	the	five	-member	awards	committee	's	meetings	.
''	PRP	VBD	PRP$	JJ	JJ	NN	,	CC	VBP	VBN	DT	NN	WDT	MD	VB	VBN	IN	NNP	.	CD	,	''	VBD	NNP	NNP	,	DT	JJ	NN	WP	VBZ	DT	CD	JJ	NNS	NN	POS	NNS	.
p	nsubj	ccomp	poss	amod	amod	dobj	p	cc	aux	conj	det	dobj	nsubjpass	aux	auxpass	rcmod	prep	pobj	p	dep	p	p	root	nn	dobj	p	det	amod	appos	nsubj	rcmod	det	num	amod	dobj	poss	possessive	dep	p
24	3	24	7	7	7	3	24	3	11	3	13	11	17	17	17	13	17	18	24	19	24	24	0	26	24	24	30	30	26	32	30	36	36	36	32	39	37	24	24
O	O	O	O	O	O	O	O	O	O	O	O	O	O	O	O	O	O	B-DATE	O	B-CARDINAL	O	O	O	B-PERSON	I-PERSON	O	O	O	O	O	O	O	B-CARDINAL	O	O	O	O	O	O
</negative>
<negative>
A	day	after	the	announcement	,	for	example	,	critic	Norman	Holmes	Pearson	grumbled	that	``	this	woman	,	Pearl	Buck	,	was	given	the	Nobel	Prize	for	literature	.
DT	NN	IN	DT	NN	,	IN	NN	,	NNP	NNP	NNP	NNP	VBD	IN	``	DT	NN	,	NNP	NNP	,	VBD	VBN	DT	NNP	NNP	IN	NN	.
det	nsubj	prep	det	pobj	p	prep	pobj	p	nn	nn	nn	nsubj	root	complm	p	det	nsubjpass	p	nn	appos	p	auxpass	ccomp	det	nn	dobj	prep	pobj	p
2	14	2	5	3	14	14	7	14	13	13	13	14	0	24	14	18	24	14	21	18	14	24	14	27	27	24	27	28	14
B-DATE	I-DATE	O	O	O	O	O	O	O	O	B-PERSON	I-PERSON	I-PERSON	O	O	O	O	O	O	B-PERSON	I-PERSON	O	O	O	B-WORK_OF_ART	I-WORK_OF_ART	I-WORK_OF_ART	O	O	O
</negative>
<negative>
I	was	very	pleased	to	learn	that	the	Nobel	Prize	was	not	given	to	me	.
PRP	VBD	RB	JJ	TO	VB	IN	DT	NNP	NNP	VBD	RB	VBN	TO	PRP	.
nsubj	cop	advmod	root	aux	xcomp	complm	det	nn	nsubjpass	auxpass	neg	ccomp	prep	pobj	p
4	4	4	0	6	4	13	10	10	13	13	13	6	13	14	4
O	O	O	O	O	O	O	B-WORK_OF_ART	I-WORK_OF_ART	I-WORK_OF_ART	O	O	O	O	O	O
</negative>
<negative>
After	a	century	of	Einstein	,	Bohr	,	Churchill	,	Pasternak	,	Enders	,	Watson	,	Mother	Teresa	,	the	Dalai	Lama	and	other	laureates	,	what	will	the	world	's	most	prestigious	awards	institution	do	for	an	encore	?
IN	DT	NN	IN	NNP	,	NNP	,	NNP	,	NNP	,	NNP	,	NNP	,	NNP	NNP	,	DT	NNP	NNP	CC	JJ	NNS	,	WP	MD	DT	NN	POS	JJS	JJ	NNS	NN	VB	IN	DT	NN	.
prep	det	pobj	prep	nn	p	appos	p	appos	p	appos	p	appos	p	appos	p	appos	pobj	p	det	nn	conj	cc	amod	conj	p	dobj	aux	det	nsubj	possessive	amod	amod	dep	dep	root	prep	det	pobj	p
36	3	1	3	18	36	18	36	18	36	18	36	18	36	18	36	18	4	36	22	22	18	18	25	18	36	36	36	30	36	30	30	34	30	34	0	36	39	37	36
O	O	B-DATE	O	B-PERSON	O	B-PERSON	O	B-PERSON	O	B-PERSON	O	B-ORG	O	B-ORG	O	B-PERSON	I-PERSON	O	O	O	B-PERSON	O	O	O	O	O	O	O	O	O	O	O	O	O	O	O	O	O	O
</negative>
<negative>
Accounts	of	individual	awards	are	rich	in	links	.
NNPS	IN	JJ	NNS	VBP	JJ	IN	NNS	.
nsubj	prep	amod	pobj	cop	root	prep	pobj	p
6	1	4	2	6	0	6	7	6
O	O	O	O	O	O	O	O	O
</negative>
<negative>
The	economics	prize	,	known	formally	as	The	Bank	of	Sweden	Prize	in	Economic	Sciences	,	was	given	for	the	first	time	in	1968	and	is	the	newest	of	the	prestigious	awards	.
DT	NN	NN	,	VBN	RB	IN	DT	NNP	IN	NNP	NNP	IN	NNP	NNPS	,	VBD	VBN	IN	DT	JJ	NN	IN	CD	CC	VBZ	DT	JJS	IN	DT	JJ	NNS	.
det	nn	nsubjpass	p	partmod	advmod	prep	det	pobj	prep	nn	pobj	prep	nn	pobj	p	auxpass	root	prep	det	amod	pobj	prep	pobj	cc	cop	det	conj	prep	det	amod	pobj	p
3	3	18	18	3	5	5	9	7	9	12	10	12	15	13	18	18	0	18	22	22	19	22	23	18	28	28	18	28	32	32	29	18
O	O	O	O	O	O	O	B-ORG	I-ORG	I-ORG	I-ORG	I-ORG	I-ORG	I-ORG	I-ORG	O	O	O	O	O	B-ORDINAL	O	O	B-DATE	O	O	O	O	O	O	O	O	O
</negative>
</QApairs>
<QApairs id='43.4'>
<question>
What	is	the	monetary	value	of	the	Nobel	prize	?
WP	VBZ	DT	JJ	NN	IN	DT	NNP	NN	.
attr	root	det	amod	nsubj	prep	det	nn	pobj	p
2	0	5	5	2	5	9	9	6	2
O	O	O	O	O	O	O	B-WORK_OF_ART	O	O
</question>
<positive>
Nobel	Prize	winners	receive	their	prizes	,	this	year	worth	$	960,000	,	on	Dec	.	10	.
NNP	NNP	NNS	VBP	PRP$	NNS	,	DT	NN	NN	$	CD	,	IN	NNP	.	CD	.
nn	nn	nsubj	root	poss	dobj	p	det	nn	appos	amod	number	p	prep	pobj	p	dep	p
3	3	4	0	6	4	4	10	10	6	10	11	4	6	14	4	15	4
B-WORK_OF_ART	I-WORK_OF_ART	O	O	O	O	O	B-DATE	I-DATE	O	O	B-MONEY	O	O	B-DATE	O	B-CARDINAL	O
960,000
12
</positive>
<positive>
The	prizes	,	worth	$	960,000	,	are	presented	on	Dec	.	10	,	the	anniversary	of	Nobel	's	death	.
DT	NNS	,	NN	$	CD	,	VBP	VBN	IN	NNP	.	CD	,	DT	NN	IN	NNP	POS	NN	.
det	nsubjpass	p	appos	amod	number	p	auxpass	root	prep	pobj	p	dep	p	det	appos	prep	poss	possessive	pobj	p
2	9	9	2	4	5	9	9	0	9	10	9	11	9	16	11	16	20	18	17	9
O	O	O	O	O	B-MONEY	O	O	O	O	B-DATE	O	B-CARDINAL	O	O	O	O	O	O	O	O
960,000
6
</positive>
<positive>
This	year	's	prizes	are	worth	$	968,000	.
DT	NN	POS	NNS	VBP	JJ	$	CD	.
det	poss	possessive	nsubj	cop	root	dep	num	p
2	4	2	6	6	0	6	7	6
B-DATE	I-DATE	I-DATE	O	O	O	O	B-MONEY	O
968,000
8
</positive>
<negative>
This	year	's	Nobel	Prize	in	literature	will	be	announced	Thursday	,	weeks	earlier	than	most	years	,	and	only	the	Swedish	Academy	knows	which	world	author	will	be	crowned	.
DT	NN	POS	NNP	NNP	IN	NN	MD	VB	VBN	NNP	,	NNS	RBR	IN	JJS	NNS	,	CC	RB	DT	JJ	NN	VBZ	WDT	NN	NN	MD	VB	VBN	.
det	poss	possessive	nn	nsubjpass	prep	pobj	aux	auxpass	root	tmod	p	npadvmod	advmod	prep	amod	pobj	p	cc	advmod	det	amod	nsubj	conj	dobj	nn	nsubjpass	aux	auxpass	ccomp	p
2	5	2	5	10	5	6	10	10	0	10	10	14	15	10	17	15	10	10	23	23	23	24	10	30	27	30	30	30	24	10
B-DATE	I-DATE	I-DATE	B-WORK_OF_ART	I-WORK_OF_ART	O	O	O	O	O	B-DATE	O	B-DATE	O	O	O	O	O	O	O	B-ORG	I-ORG	I-ORG	O	O	O	O	O	O	O	O
</negative>
<negative>
Custom	dictates	that	the	prize	date	be	announced	just	days	in	advance	.
NNP	VBZ	IN	DT	NN	NN	VB	VBN	RB	NNS	IN	NN	.
nsubj	root	complm	det	nn	nsubjpass	auxpass	ccomp	advmod	dobj	prep	pobj	p
2	0	8	6	6	8	8	2	10	8	10	11	2
O	O	O	O	O	O	O	O	O	O	O	O	O
</negative>
<negative>
Then	there	's	Salman	Rushdie	,	the	Booker	Prize	winner	who	lived	under	a	death	threat	after	his	book	``	The	Satanic	Verses	''	was	accused	of	blaspheming	Islam	.
RB	EX	VBZ	NNP	NNP	,	DT	NNP	NNP	NN	WP	VBD	IN	DT	NN	NN	IN	PRP$	NN	``	DT	NNP	NNP	''	VBD	VBN	IN	VBG	NNP	.
advmod	expl	root	nn	nsubj	p	det	nn	nn	appos	nsubj	rcmod	prep	det	nn	pobj	mark	poss	nsubjpass	p	det	nn	dep	p	auxpass	advcl	prep	pcomp	dobj	p
3	3	0	5	3	3	10	10	10	5	12	10	12	16	16	13	26	19	26	3	23	23	19	3	26	12	26	27	28	3
O	O	O	B-PERSON	I-PERSON	O	O	B-WORK_OF_ART	I-WORK_OF_ART	O	O	O	O	O	O	O	O	O	O	O	O	B-WORK_OF_ART	O	O	O	O	O	O	B-ORG	O
</negative>
<negative>
Jose	Saramago	of	Portugal	won	last	year	's	Nobel	Prize	in	literature	.
NNP	NNP	IN	NNP	VBD	JJ	NN	POS	NNP	NNP	IN	NN	.
nn	nsubj	prep	pobj	root	amod	poss	possessive	nn	dobj	prep	pobj	p
2	5	2	3	0	7	10	7	10	5	10	11	5
B-PERSON	I-PERSON	O	B-GPE	O	B-DATE	I-DATE	I-DATE	B-WORK_OF_ART	I-WORK_OF_ART	O	O	O
</negative>
<negative>
Robert	A	.	Mundell	of	Columbia	University	in	New	York	won	the	Nobel	Prize	for	economic	sciences	today	for	his	analysis	of	exchange	rates	and	how	they	affect	monetary	policies	.
NNP	NNP	.	NNP	IN	NNP	NNP	IN	NNP	NNP	VBD	DT	NNP	NNP	IN	JJ	NNS	NN	IN	PRP$	NN	IN	NN	NNS	CC	WRB	PRP	VBP	JJ	NNS	.
nn	nn	p	nsubj	prep	nn	pobj	prep	nn	pobj	root	det	nn	dobj	prep	amod	pobj	tmod	prep	poss	pobj	prep	nn	pobj	cc	advmod	nsubj	conj	amod	dobj	p
4	4	11	11	4	7	5	7	10	8	0	14	14	11	11	17	15	11	11	21	19	21	24	22	21	28	28	21	30	28	11
B-PERSON	I-PERSON	I-PERSON	I-PERSON	O	B-ORG	I-ORG	O	B-GPE	I-GPE	O	B-WORK_OF_ART	I-WORK_OF_ART	I-WORK_OF_ART	O	O	O	B-DATE	O	O	O	O	O	O	O	O	O	O	O	O	O
</negative>
<negative>
The	Canadian	-born	economist	``	has	established	the	foundation	for	the	theory	that	dominates	practical	policy	considerations	of	monetary	and	fiscal	policy	in	open	economies	,	''	the	Royal	Swedish	Academy	of	Sciences	said	.
DT	JJ	JJ	NN	``	VBZ	VBN	DT	NN	IN	DT	NN	WDT	VBZ	JJ	NN	NNS	IN	JJ	CC	JJ	NN	IN	JJ	NNS	,	''	DT	NNP	NNP	NNP	IN	NNPS	VBD	.
det	amod	amod	nsubj	p	aux	ccomp	det	dobj	prep	det	pobj	nsubj	rcmod	amod	nn	dobj	prep	amod	cc	conj	pobj	prep	amod	pobj	p	p	det	nn	nn	nsubj	prep	pobj	root	p
4	4	4	7	34	7	34	9	7	7	12	10	14	12	17	17	14	17	22	19	19	18	14	25	23	34	34	31	31	31	34	31	32	0	34
O	B-NORP	O	O	O	O	O	O	O	O	O	O	O	O	O	O	O	O	O	O	O	O	O	O	O	O	O	O	B-ORG	I-ORG	I-ORG	I-ORG	I-ORG	O	O
</negative>
<negative>
``	His	work	on	monetary	dynamics	and	optimum	currency	areas	has	inspired	generations	of	researchers	.
``	PRP$	NN	IN	JJ	NNS	CC	JJ	NN	NNS	VBZ	VBN	NNS	IN	NNS	.
p	poss	nsubj	prep	amod	pobj	cc	amod	nn	conj	aux	root	dobj	prep	pobj	p
12	3	12	3	6	4	6	10	10	6	12	0	12	13	14	12
O	O	O	O	O	O	O	O	O	O	O	O	O	O	O	O
</negative>
<negative>
Economists	said	Mundell	's	research	has	made	important	contributions	far	outside	esoteric	academic	circles	by	clarifying	how	exchange	rates	fluctuate	when	a	government	shifts	from	a	flexible	to	a	fixed	monetary	policy	.
NNS	VBD	NNP	POS	NN	VBZ	VBN	JJ	NNS	RB	IN	JJ	JJ	NNS	IN	VBG	WRB	NN	NNS	VBP	WRB	DT	NN	VBZ	IN	DT	JJ	TO	DT	JJ	JJ	NN	.
nsubj	root	poss	possessive	nsubj	aux	ccomp	amod	dobj	advmod	prep	amod	amod	pobj	prep	pcomp	advmod	nn	nsubj	ccomp	advmod	det	nsubj	advcl	prep	det	pobj	prep	det	amod	amod	pobj	p
2	0	5	3	7	7	2	9	7	7	10	14	14	11	7	15	20	19	20	16	24	23	24	20	24	27	25	24	32	32	32	28	2
O	O	B-PERSON	O	O	O	O	O	O	O	O	O	O	O	O	O	O	O	O	O	O	O	O	O	O	O	O	O	O	O	O	O	O
</negative>
<negative>
Mundell	published	a	pioneering	article	in	1963	on	the	short-term	effects	of	monetary	and	fiscal	policy	in	an	open	economy	,	the	citation	said	.
NNP	VBD	DT	JJ	NN	IN	CD	IN	DT	JJ	NNS	IN	JJ	CC	JJ	NN	IN	DT	JJ	NN	,	DT	NN	VBD	.
nsubj	ccomp	det	amod	dobj	prep	pobj	prep	det	amod	pobj	prep	amod	cc	conj	pobj	prep	det	amod	pobj	p	det	nsubj	root	p
2	24	5	5	2	2	6	2	11	11	8	11	16	13	13	12	2	20	20	17	24	23	24	0	24
B-PERSON	O	O	O	O	O	B-DATE	O	O	O	O	O	O	O	O	O	O	O	O	O	O	O	O	O	O
</negative>
<negative>
In	addition	,	he	has	served	as	an	international	monetary	adviser	for	more	than	40	years	.
IN	NN	,	PRP	VBZ	VBN	IN	DT	JJ	JJ	NN	IN	JJR	IN	CD	NNS	.
prep	pobj	p	nsubj	aux	root	prep	det	amod	amod	pobj	prep	mwe	quantmod	num	pobj	p
6	1	6	6	6	0	6	11	11	11	7	11	14	15	16	12	6
O	O	O	O	O	O	O	O	O	O	O	O	O	O	B-DATE	I-DATE	O
</negative>
<negative>
Americans	Robert	Merton	and	Myron	Scholes	won	the	1997	prize	for	their	work	on	valuing	risky	``	derivatives	''	investments	such	as	stock	options	.
NNPS	NNP	NNP	CC	NNP	NNP	VBD	DT	CD	NN	IN	PRP$	NN	IN	VBG	JJ	``	JJ	''	NNS	JJ	IN	NN	NNS	.
nn	nn	nsubj	cc	nn	conj	root	det	num	dobj	prep	poss	pobj	prep	pcomp	amod	p	amod	p	dobj	mwe	prep	nn	pobj	p
3	3	7	3	6	3	0	10	10	7	10	13	11	7	14	20	7	20	7	15	22	20	24	22	7
B-NORP	B-PERSON	I-PERSON	O	B-PERSON	I-PERSON	O	O	B-DATE	O	O	O	O	O	O	O	O	O	O	O	O	O	O	O	O
</negative>
<negative>
The	economics	prize	is	the	only	Nobel	not	established	in	the	will	of	Swedish	industrialist	Alfred	Nobel	,	who	invented	dynamite	.
DT	NNS	NN	VBZ	DT	JJ	NNP	RB	VBN	IN	DT	NN	IN	JJ	NN	NNP	NNP	,	WP	VBD	JJ	.
det	nn	nsubj	cop	det	amod	root	neg	amod	prep	det	pobj	prep	amod	pobj	nn	attr	p	nsubj	rcmod	acomp	p
3	3	7	7	7	7	0	9	7	7	12	10	12	15	13	17	7	7	20	17	20	7
O	O	O	O	O	O	O	O	O	O	O	O	O	B-NORP	O	B-PERSON	I-PERSON	O	O	O	O	O
</negative>
<negative>
The	medicine	prize	was	awarded	Monday	to	Dr	.	Guenter	Blobel	,	63	,	a	German	native	and	U.S	.	citizen	,	who	discovered	how	proteins	find	their	rightful	places	in	cells	.
DT	NN	NN	VBD	VBN	NNP	TO	NNP	.	NNP	NNP	,	CD	,	DT	JJ	NN	CC	NNP	.	NN	,	WP	VBD	WRB	NNS	VBP	PRP$	JJ	NNS	IN	NNS	.
det	nn	nsubjpass	auxpass	root	tmod	prep	nn	p	nn	pobj	p	conj	p	det	amod	conj	cc	nn	p	conj	p	nsubj	rcmod	advmod	nsubj	ccomp	poss	amod	dobj	prep	pobj	p
3	3	5	5	0	5	5	11	5	11	7	5	11	5	17	17	11	11	21	5	11	5	24	21	27	27	24	30	30	27	27	31	5
O	O	O	O	O	B-DATE	O	O	O	B-PERSON	I-PERSON	O	B-DATE	O	O	B-NORP	O	O	B-GPE	O	O	O	O	O	O	O	O	O	O	O	O	O	O
</negative>
<negative>
Veltman	,	both	of	the	Netherlands	,	won	the	physics	prize	Tuesday	for	developing	more	precise	calculations	used	to	predict	and	confirm	the	existence	of	subatomic	particles	.
NNP	,	DT	IN	DT	NNPS	,	VBD	DT	NN	NN	NNP	IN	VBG	JJR	JJ	NNS	VBN	TO	VB	CC	VB	DT	NN	IN	JJ	NNS	.
nsubj	p	appos	prep	det	pobj	p	root	det	nn	dobj	tmod	prep	pcomp	amod	amod	dobj	partmod	aux	xcomp	cc	conj	det	dobj	prep	amod	pobj	p
8	8	1	3	6	4	8	0	11	11	8	8	8	13	17	17	14	17	20	18	20	20	24	20	24	27	25	8
B-PERSON	O	O	O	O	B-GPE	O	O	O	O	O	B-DATE	O	O	O	O	O	O	O	O	O	O	O	O	O	O	O	O
</negative>
<negative>
Ahmed	Zewail	,	an	Egyptian	-	American	,	won	the	chemistry	prize	Tuesday	for	pioneering	the	use	of	rapid-fire	laser	flashes	that	illuminate	the	motion	of	atoms	in	a	molecule	.
NNP	NNP	,	DT	JJ	:	NNP	,	VBD	DT	NN	NN	NNP	IN	VBG	DT	NN	IN	JJ	NN	NNS	WDT	VB	DT	NN	IN	NNS	IN	DT	NN	.
nn	nsubj	p	det	appos	p	dep	p	root	det	nn	dobj	tmod	prep	pcomp	det	dobj	prep	amod	nn	pobj	nsubj	rcmod	det	dobj	prep	pobj	prep	det	pobj	p
2	9	9	5	2	9	5	9	0	12	12	9	9	9	14	17	15	17	21	21	18	23	17	25	23	25	26	27	30	28	9
B-PERSON	I-PERSON	O	O	B-NORP	O	B-NORP	O	O	O	O	O	B-DATE	O	O	O	O	O	O	O	O	O	O	O	O	O	O	O	O	O	O
</negative>
<negative>
The	final	Nobel	--	the	peace	prize	--	is	to	be	announced	Friday	in	Oslo	,	Norway	.
DT	JJ	NNP	:	DT	NN	NN	:	VBZ	TO	VB	VBN	NNP	IN	NNP	,	NNP	.
det	amod	nsubj	p	det	nn	dep	p	root	aux	auxpass	xcomp	tmod	prep	nn	p	pobj	p
3	3	9	9	7	7	3	9	0	12	12	9	12	12	17	9	14	9
O	O	O	O	O	O	O	O	O	O	O	O	B-DATE	O	B-GPE	O	B-GPE	O
</negative>
<negative>
The	winner	of	the	prize	for	physiology	or	medicine	will	be	named	on	Oct	.	9	,	physics	and	chemistry	on	Oct	.	10	,	and	economics	on	Oct	.	11	,	according	to	the	foundation	's	Web	site	.
DT	NN	IN	DT	NN	IN	NN	CC	NN	MD	VB	VBN	IN	NNP	.	CD	,	NN	CC	NN	IN	NNP	.	CD	,	CC	NNS	IN	NNP	.	CD	,	VBG	TO	DT	NN	POS	NNP	NN	.
det	nsubjpass	prep	det	pobj	prep	pobj	cc	conj	aux	auxpass	root	prep	pobj	p	amod	p	conj	cc	conj	prep	pobj	p	dep	p	cc	conj	prep	pobj	p	dep	p	prep	pcomp	det	poss	possessive	nn	pobj	p
2	12	2	5	3	5	6	7	7	12	12	0	12	13	12	14	12	14	18	18	18	21	12	18	12	14	14	27	28	12	27	12	12	33	36	39	36	39	34	12
O	O	O	O	O	O	O	O	O	O	O	O	O	B-DATE	O	B-CARDINAL	O	O	O	O	O	B-DATE	O	B-CARDINAL	O	O	O	O	B-DATE	O	B-CARDINAL	O	O	O	O	O	O	O	O	O
</negative>
<negative>
The	peace	prize	laureate	--	the	only	one	awarded	in	Oslo	,	Norway	--	will	be	announced	on	Oct	.	12	.
DT	NN	NN	NN	:	DT	JJ	NN	VBN	IN	NNP	,	NNP	:	MD	VB	VBN	IN	NNP	.	CD	.
det	nn	nn	nsubjpass	p	det	amod	dep	partmod	prep	nn	p	pobj	p	aux	auxpass	root	prep	pobj	p	dep	p
4	4	4	17	17	8	8	4	8	9	13	17	10	17	17	17	0	17	18	17	19	17
O	O	O	O	O	O	O	O	O	O	B-GPE	O	B-GPE	O	O	O	O	O	B-DATE	O	B-CARDINAL	O
</negative>
<negative>
In	keeping	with	tradition	,	the	Swedish	Academy	will	give	the	date	for	the	announcement	of	the	literature	prize	later	.
IN	VBG	IN	NN	,	DT	JJ	NN	MD	VB	DT	NN	IN	DT	NN	IN	DT	NN	NN	RB	.
prep	pcomp	prep	pobj	p	det	amod	nsubj	aux	root	det	dobj	prep	det	pobj	prep	det	nn	pobj	advmod	p
10	1	2	3	10	8	8	10	10	0	12	10	12	15	13	15	19	19	16	10	10
O	O	O	O	O	B-ORG	I-ORG	I-ORG	O	O	O	O	O	O	O	O	O	O	O	O	O
</negative>
</QApairs>
<QApairs id='44.1'>
<question>
What	tribe	did	Sacajawea	belong	to	?
WDT	NN	VBD	NNP	VB	TO	.
det	dobj	aux	nsubj	root	prep	p
2	5	5	5	0	5	5
O	O	O	B-PERSON	O	O	O
</question>
<positive>
Sacajawea	was	a	Shoshone	girl	who	had	been	kidnapped	by	Hidatsa	Indians	.
NNP	VBD	DT	JJ	NN	WP	VBD	VBN	VBN	IN	NNP	NNPS	.
nsubj	cop	det	amod	root	nsubjpass	aux	auxpass	rcmod	prep	nn	pobj	p
5	5	5	5	0	9	9	9	5	9	12	10	5
B-PERSON	O	O	B-GPE	O	O	O	O	O	O	B-NORP	I-NORP	O
Shoshone
4
</positive>
<positive>
But	Sacajawea	recognized	their	chief	,	Cameahwait	,	as	her	long	lost	brother	,	and	another	Shoshone	,	Jumping	Fish	,	as	a	girl	she	had	not	seen	since	the	kidnapping	.
CC	NNP	VBD	PRP$	NN	,	NNP	,	IN	PRP$	RB	VBN	NN	,	CC	DT	NN	,	VBG	NN	,	IN	DT	NN	PRP	VBD	RB	VBN	IN	DT	NN	.
cc	nsubj	root	poss	dobj	p	appos	p	amod	poss	advmod	amod	appos	p	cc	det	conj	p	partmod	dobj	p	prep	det	pobj	nsubj	aux	neg	rcmod	prep	det	pobj	p
3	3	0	5	3	3	5	3	13	13	12	13	5	3	13	17	13	3	17	19	3	5	24	22	28	28	28	24	28	31	29	3
O	B-PERSON	O	O	O	O	B-ORG	O	O	O	O	O	O	O	O	O	B-GPE	O	O	O	O	O	O	O	O	O	O	O	O	O	O	O
Shoshone
17
</positive>
<negative>
The	400	or	so	Lemhi	live	on	a	reservation	200	miles	south	of	here	,	on	desert	land	set	aside	for	two	much	bigger	tribes	.
DT	CD	CC	RB	NNS	VBP	IN	DT	NN	CD	NNS	RB	IN	RB	,	IN	NN	NN	VBN	RP	IN	CD	RB	JJR	NNS	.
det	num	cc	conj	nsubj	root	prep	det	pobj	num	npadvmod	advmod	prep	pobj	p	prep	nn	pobj	partmod	prt	prep	num	advmod	amod	pobj	p
5	5	2	2	6	0	6	9	7	11	12	13	9	13	6	6	18	16	18	19	19	25	24	25	21	6
O	B-CARDINAL	O	O	B-GPE	O	O	O	O	B-QUANTITY	I-QUANTITY	O	O	O	O	O	O	O	O	O	O	B-CARDINAL	O	O	O	O
</negative>
<negative>
Their	affairs	are	handled	by	the	much	larger	Shoshone	-	Bannock	tribes	on	the	reservation	at	Fort	Hall	,	Idaho	.
PRP$	NNS	VBP	VBN	IN	DT	RB	JJR	NN	:	NNP	NNS	IN	DT	NN	IN	NNP	NNP	,	NNP	.
poss	nsubjpass	auxpass	root	prep	det	advmod	amod	pobj	p	nn	dep	prep	det	pobj	prep	nn	pobj	p	appos	p
2	4	4	0	4	9	8	9	5	4	12	9	12	15	13	4	18	16	4	18	4
O	O	O	O	O	O	O	O	B-GPE	O	I-GPE	O	O	O	O	O	B-FAC	I-FAC	O	B-GPE	O
</negative>
<negative>
Lewis	was	counting	on	Sacajawea	to	be	a	translator	with	Shoshone	people	who	lived	in	the	mountains	west	of	the	Continental	Divide	,	and	he	expressed	concern	that	her	death	could	doom	the	expedition	.
NNP	VBD	VBG	IN	NNP	TO	VB	DT	NN	IN	JJ	NNS	WP	VBD	IN	DT	NNS	NN	IN	DT	NNP	NNP	,	CC	PRP	VBD	NN	IN	PRP$	NN	MD	VB	DT	NN	.
nsubj	aux	root	prep	pobj	aux	cop	det	xcomp	prep	amod	pobj	nsubj	rcmod	prep	det	nn	pobj	prep	det	nn	pobj	p	cc	nsubj	conj	dobj	complm	poss	nsubj	aux	ccomp	det	dobj	p
3	3	0	3	4	9	9	9	3	9	12	10	14	9	14	18	18	15	18	22	22	19	3	3	26	3	26	32	30	32	32	26	34	32	3
B-PERSON	O	O	O	B-PERSON	O	O	O	O	O	B-GPE	O	O	O	O	O	O	O	O	O	I-LANGUAGE	I-LAW	O	O	O	O	O	O	O	O	O	O	O	O	O
</negative>
<negative>
With	Sacajawea	's	help	,	they	crossed	the	Continental	Divide	at	Lemhi	Pass	,	then	came	upon	a	band	of	Shoshone	.
IN	NNP	POS	NN	,	PRP	VBD	DT	NNP	NNP	IN	NNP	NNP	,	RB	VBD	IN	DT	NN	IN	NNP	.
prep	poss	possessive	pobj	p	nsubj	root	det	nn	dobj	prep	nn	pobj	p	advmod	dep	prep	det	pobj	prep	pobj	p
7	4	2	1	7	7	0	10	10	7	7	13	11	7	7	7	16	19	17	19	20	7
O	B-PERSON	O	O	O	O	O	O	I-PRODUCT	I-PRODUCT	O	B-LOC	I-LOC	O	O	O	O	O	O	O	B-GPE	O
</negative>
<negative>
Also	,	as	other	historians	have	noted	,	Svingen	said	,	the	Lemhi	were	told	they	would	lose	their	food	rations	if	they	did	not	agree	to	leave	the	valley	.
RB	,	IN	JJ	NNS	VBP	VBN	,	NNP	VBD	,	DT	NNP	VBD	VBN	PRP	MD	VB	PRP$	NN	NNS	IN	PRP	VBD	RB	VB	TO	VB	DT	NN	.
advmod	p	mark	amod	nsubj	aux	advcl	p	nsubj	ccomp	p	det	nsubjpass	auxpass	root	nsubj	aux	ccomp	poss	nn	dobj	mark	nsubj	aux	neg	advcl	aux	xcomp	det	dobj	p
10	15	7	5	7	7	10	15	10	15	15	13	15	15	0	18	18	15	21	21	18	26	26	26	26	18	28	26	30	28	15
O	O	O	O	O	O	O	O	O	O	O	O	B-EVENT	O	O	O	O	O	O	O	O	O	O	O	O	O	O	O	O	O	O
</negative>
<negative>
The	odds	of	the	Lemhi	being	restored	as	a	tribe	in	the	valley	where	they	used	to	live	are	certainly	long	.
DT	NNS	IN	DT	NNP	VBG	VBN	IN	DT	NN	IN	DT	NN	WRB	PRP	VBD	TO	VB	VBP	RB	JJ	.
det	nsubj	prep	det	pobj	auxpass	partmod	prep	det	pobj	prep	det	pobj	advmod	nsubj	advcl	aux	xcomp	cop	advmod	root	p
2	21	2	5	3	7	5	7	10	8	10	13	11	16	16	7	18	16	21	21	0	21
O	O	O	O	B-PERSON	O	O	O	O	O	O	O	O	O	O	O	O	O	O	O	O	O
</negative>
<negative>
The	Shoshone-Bannock	say	the	Lemhi	belong	with	them	at	Fort	Hall	.
DT	NNP	VBP	DT	NNP	VBP	IN	PRP	IN	NNP	NNP	.
det	nsubj	root	det	nsubj	ccomp	prep	pobj	prep	nn	pobj	p
2	3	0	5	6	3	6	7	6	11	9	3
O	B-NORP	O	O	B-GPE	O	O	O	O	B-FAC	I-FAC	O
</negative>
<negative>
Congress	has	been	asked	by	Idaho	elected	officials	to	consider	plans	for	a	Sacajawea	center	here	at	Salmon	,	but	not	one	that	would	be	run	by	the	Lemhi	.
NNP	VBZ	VBN	VBN	IN	NNP	VBN	NNS	TO	VB	NNS	IN	DT	NNP	NN	RB	IN	NNP	,	CC	RB	CD	WDT	MD	VB	VBN	IN	DT	NNP	.
nsubjpass	aux	auxpass	root	prep	pobj	partmod	dobj	aux	xcomp	dobj	prep	det	nn	pobj	advmod	prep	pobj	p	cc	cc	conj	nsubjpass	aux	auxpass	rcmod	prep	det	pobj	p
4	4	4	0	4	5	6	7	10	7	10	11	15	15	12	17	10	17	4	21	6	6	26	26	26	22	26	29	27	4
B-ORG	O	O	O	O	B-GPE	O	O	O	O	O	O	O	B-PERSON	O	O	O	B-ORG	O	O	O	O	O	O	O	O	O	O	B-GPE	O
</negative>
<negative>
Today	,	the	Salmon	Savages	remain	,	while	Ariwite	,	45	,	and	the	rest	of	the	Lemhi	Shoshone	tribe	are	gone	.
NN	,	DT	NNP	NNP	VBP	,	IN	NNP	,	CD	,	CC	DT	NN	IN	DT	NNP	NNP	NN	VBP	VBN	.
tmod	p	det	nn	nsubj	root	p	mark	nsubjpass	p	conj	p	cc	det	conj	prep	det	nn	nn	pobj	auxpass	advcl	p
6	6	5	5	6	0	6	22	22	6	9	6	9	15	9	15	20	20	20	16	22	6	6
B-DATE	O	O	I-NORP	I-NORP	O	O	O	B-PERSON	O	B-CARDINAL	O	O	O	O	O	O	I-LANGUAGE	B-GPE	O	O	O	O
</negative>
<negative>
And	it	is	here	,	today	,	that	Ariwite	is	working	as	a	Shoshone	Moses	,	trying	to	bring	his	people	home	in	what	many	view	as	a	quixotic	attempt	at	restoring	a	tribe	.
CC	PRP	VBZ	RB	,	NN	,	IN	NNP	VBZ	VBG	IN	DT	NNP	NNPS	,	VBG	TO	VB	PRP$	NNS	NN	IN	WDT	JJ	NN	IN	DT	JJ	NN	IN	VBG	DT	NN	.
cc	nsubj	root	advmod	p	advmod	p	complm	nsubj	aux	ccomp	prep	det	nn	pobj	p	dep	aux	xcomp	poss	nn	dobj	prep	dep	amod	pobj	prep	det	amod	pobj	prep	pcomp	det	dobj	p
3	3	0	3	3	3	3	11	11	11	3	11	15	15	12	3	11	19	17	22	22	19	19	26	26	23	26	30	30	27	19	31	34	32	3
O	O	O	O	O	B-DATE	O	O	O	O	O	O	O	B-PERSON	I-PERSON	O	O	O	O	O	O	O	O	O	O	O	O	O	O	O	O	O	O	O	O
</negative>
<negative>
Svingen	is	writing	a	book	about	the	Lemhi	and	helping	them	seek	federal	restoration	as	a	tribe	.
NNP	VBZ	VBG	DT	NN	IN	DT	NNP	CC	VBG	PRP	VB	JJ	NN	IN	DT	NN	.
nsubj	aux	root	det	dobj	prep	det	pobj	cc	conj	nsubj	ccomp	amod	dobj	prep	det	pobj	p
3	3	0	5	3	5	8	6	3	3	12	10	14	12	12	17	15	3
O	O	O	O	O	O	O	B-LOC	O	O	O	O	O	O	O	O	O	O
</negative>
<negative>
The	Lemhi	have	been	``	hostages	''	of	the	Sho-Bans	,	he	said	,	the	foster	children	on	a	reservation	where	they	never	felt	they	belonged	.
DT	NNP	VBP	VBN	``	NNS	''	IN	DT	NNP	,	PRP	VBD	,	DT	JJ	NNS	IN	DT	NN	WRB	PRP	RB	VBD	PRP	VBD	.
det	nsubj	aux	cop	p	ccomp	p	prep	det	pobj	p	nsubj	root	p	det	amod	dobj	prep	det	pobj	advmod	nsubj	neg	rcmod	nsubj	ccomp	p
2	6	6	6	13	13	13	6	10	8	13	13	0	13	17	17	13	17	20	18	24	24	24	20	26	24	13
O	B-GPE	O	O	O	O	O	O	O	B-PRODUCT	O	O	O	O	O	O	O	O	O	O	O	O	O	O	O	O	O
</negative>
<negative>
The	Shoshone-Bannock	tribe	is	composed	of	bands	the	Lemhi	often	fought	.
DT	NNP	NN	VBZ	VBN	IN	NNS	DT	NNP	RB	VBD	.
det	nn	nsubjpass	auxpass	root	prep	pobj	det	nsubj	advmod	rcmod	p
3	3	5	5	0	5	6	9	11	11	7	5
O	B-NORP	O	O	O	O	O	O	B-EVENT	O	O	O
</negative>
<negative>
is	soliciting	votes	and	suggestions	for	the	image	of	Sacajawea	that	will	adorn	a	gold-colored	dollar	coin	to	be	issued	in	2000	.
VBZ	VBG	NNS	CC	NNS	IN	DT	NN	IN	NNP	WDT	MD	VB	DT	JJ	NN	NN	TO	VB	VBN	IN	CD	.
aux	root	dobj	cc	conj	prep	det	pobj	prep	pobj	nsubj	aux	rcmod	det	amod	nn	dobj	aux	auxpass	xcomp	prep	pobj	p
2	0	2	3	3	2	8	6	8	9	13	13	8	17	17	17	13	20	20	13	20	21	2
O	O	O	O	O	O	O	O	O	B-PERSON	O	O	O	O	O	O	O	O	O	O	O	B-DATE	O
</negative>
<negative>
In	fact	,	it	seems	to	most	closely	resemble	a	tribe	in	Japan	.
IN	NN	,	PRP	VBZ	TO	RBS	RB	VB	DT	NN	IN	NNP	.
prep	pobj	p	nsubj	root	aux	advmod	advmod	cop	det	xcomp	prep	pobj	p
5	1	5	5	0	11	8	11	11	11	5	11	12	5
O	O	O	O	O	O	O	O	O	O	O	O	B-GPE	O
</negative>
<negative>
PAKISTAN-MOOD	-LRB-	Rawalpindi	,	Pakistan	-RRB-	_	In	the	bazaars	of	Rawalpindi	,	life	goes	on	as	it	did	before	Pakistan	was	plunged	into	a	state	of	emergency	by	its	new	military	ruler	.
NNP	-LRB-	NNP	,	NNP	-RRB-	VBD	IN	DT	NNS	IN	NNP	,	NN	VBZ	RP	IN	PRP	VBD	IN	NNP	VBD	VBN	IN	DT	NN	IN	NN	IN	PRP$	JJ	JJ	NN	.
nsubj	p	appos	p	dep	p	root	prep	det	pobj	prep	pobj	p	nsubj	ccomp	prt	mark	nsubj	advcl	mark	nsubjpass	auxpass	advcl	prep	det	pobj	prep	pobj	prep	poss	amod	amod	pobj	p
7	7	1	7	3	7	0	15	10	8	10	11	7	15	7	15	19	19	15	23	23	23	19	23	26	24	26	27	23	33	33	33	29	7
O	O	B-GPE	O	B-GPE	O	O	O	O	O	O	B-GPE	O	O	O	O	O	O	O	O	B-GPE	O	O	O	O	O	O	O	O	O	O	O	O	O
</negative>
<negative>
But	the	tribe	's	luck	may	be	about	to	change	.
CC	DT	NN	POS	NN	MD	VB	IN	TO	VB	.
cc	det	poss	possessive	nsubj	aux	aux	root	aux	xcomp	p
8	3	5	3	8	8	8	0	10	8	8
O	O	O	O	O	O	O	O	O	O	O
</negative>
<negative>
``	The	feeling	we	get	is	,	`We	do	n't	want	you	here	,	but	we	want	your	Sacajawea	heritage.	''	'
``	DT	NN	PRP	VBP	VBZ	,	NN	VBP	RB	VB	PRP	RB	,	CC	PRP	VBP	PRP$	NNP	NN	''	''
p	det	nsubj	nsubj	rcmod	ccomp	p	nsubj	aux	neg	root	dobj	advmod	p	cc	nsubj	dep	poss	nn	dobj	p	p
11	3	6	5	3	11	11	11	11	11	0	11	11	11	17	17	11	20	20	17	11	11
O	O	O	O	O	O	O	O	O	O	O	O	O	O	O	O	O	O	B-PERSON	O	O	O
</negative>
<negative>
She	became	one	of	two	young	wives	of	Toussaint	Charbonneau	,	a	French	-	Canadian	trader	who	won	Sacajawea	in	a	bet	with	the	Indians	.
PRP	VBD	CD	IN	CD	JJ	NNS	IN	NNP	NNP	,	DT	JJ	:	JJ	NN	WP	VBD	NNP	IN	DT	NN	IN	DT	NNPS	.
nsubj	cop	root	prep	num	amod	pobj	prep	nn	pobj	p	det	appos	p	amod	dep	nsubj	rcmod	dobj	prep	det	pobj	prep	det	pobj	p
3	3	0	3	7	7	4	7	10	8	3	13	10	3	16	13	18	16	18	18	22	20	18	25	23	3
O	O	B-CARDINAL	O	B-CARDINAL	O	O	O	B-PERSON	I-PERSON	O	O	B-NORP	O	B-NORP	O	O	O	B-PERSON	O	O	O	O	O	B-NORP	O
</negative>
<negative>
When	Charbonneau	signed	on	with	Lewis	and	Clark	,	Sacajawea	,	though	just	15	years	old	and	six	months	pregnant	,	was	enlisted	as	an	interpreter	.
WRB	NNP	VBD	RP	IN	NNP	CC	NNP	,	NNP	,	IN	RB	CD	NNS	JJ	CC	CD	NNS	JJ	,	VBD	VBN	IN	DT	NN	.
advmod	nsubj	advcl	prt	prep	pobj	cc	conj	p	nsubjpass	p	mark	advmod	num	npadvmod	dep	cc	num	tmod	conj	p	auxpass	root	prep	det	pobj	p
3	3	23	3	3	5	6	6	23	23	23	16	16	15	16	23	16	19	20	16	23	23	0	23	26	24	23
O	B-PERSON	O	O	O	B-PERSON	O	B-PERSON	O	B-PERSON	O	O	O	B-DATE	I-DATE	I-DATE	O	B-DATE	I-DATE	O	O	O	O	O	O	O	O
</negative>
<negative>
For	her	services	on	the	expedition	,	Sacajawea	was	given	nothing	,	though	her	husband	,	Charbonneau	,	received	$	500	.
IN	PRP$	NNS	IN	DT	NN	,	NNP	VBD	VBN	NN	,	IN	PRP$	NN	,	NNP	,	VBD	$	CD	.
prep	poss	pobj	prep	det	pobj	p	nsubjpass	auxpass	root	dobj	p	mark	poss	nsubj	p	appos	p	advcl	dobj	num	p
10	3	1	3	6	4	10	10	10	0	10	10	19	15	19	10	15	10	10	19	20	10
O	O	O	O	O	O	O	B-PERSON	O	O	O	O	O	O	O	O	B-PERSON	O	O	O	B-MONEY	O
</negative>
<negative>
``	Their	treaty	was	never	ratified	,	so	basically	they	belong	down	here	,	''	said	Duane	Thompson	,	chairman	of	the	Shoshone-Bannock	Council	,	which	governs	the	reservation	.
``	PRP$	NN	VBD	RB	VBN	,	IN	RB	PRP	VBP	RP	RB	,	''	VBD	NNP	NNP	,	NN	IN	DT	NNP	NNP	,	WDT	VBZ	DT	NN	.
p	poss	nsubjpass	auxpass	neg	ccomp	p	dep	advmod	nsubj	dep	prt	advmod	p	p	root	nn	nsubj	p	appos	prep	det	nn	pobj	p	nsubj	rcmod	det	dobj	p
16	3	6	6	6	16	16	6	11	11	6	11	11	16	16	0	18	16	16	18	20	24	24	21	16	27	18	29	27	16
O	O	O	O	O	O	O	O	O	O	O	O	O	O	O	O	B-PERSON	I-PERSON	O	O	O	B-ORG	I-ORG	I-ORG	O	O	O	O	O	O
</negative>
<negative>
And	as	soon	as	he	did	,	he	was	attacked	by	Texas	Gov	.	George	W	.	Bush	,	the	Republican	front-runner	considered	most	liable	to	damage	should	Buchanan	generate	a	serious	tri-corner	competition	.
CC	RB	RB	IN	PRP	VBD	,	PRP	VBD	VBN	IN	NNP	NNP	.	NNP	NNP	.	NNP	,	DT	JJ	NN	VBN	RBS	JJ	TO	NN	MD	NNP	VB	DT	JJ	JJ	NN	.
cc	advmod	advmod	mark	nsubj	ccomp	p	nsubjpass	auxpass	root	prep	nn	nn	p	nn	nn	p	pobj	p	det	amod	appos	partmod	advmod	dep	prep	pobj	aux	nsubj	acomp	det	amod	amod	dobj	p
10	3	10	6	6	3	10	10	10	0	10	18	18	10	18	18	10	11	10	22	22	18	22	25	30	25	26	30	30	23	34	34	34	30	10
O	O	O	O	O	O	O	O	O	O	O	B-GPE	O	O	B-PERSON	I-PERSON	O	B-PERSON	O	O	B-NORP	O	O	O	O	O	O	O	B-PERSON	O	O	O	O	O	O
</negative>
<negative>
Ariwite	said	he	will	appeal	this	year	to	President	Clinton	for	restoration	of	the	Lemhis	as	a	tribe	with	treaty	rights	,	while	plying	other	federal	agencies	for	land	grants	and	money	to	purchase	private	land	.
NNP	VBD	PRP	MD	VB	DT	NN	TO	NNP	NNP	IN	NN	IN	DT	NNPS	IN	DT	NN	IN	NN	NNS	,	IN	VBG	JJ	JJ	NNS	IN	NN	NNS	CC	NN	TO	VB	JJ	NN	.
nsubj	root	nsubj	aux	ccomp	det	tmod	prep	nn	pobj	prep	pobj	prep	det	pobj	prep	det	pobj	prep	nn	pobj	p	dep	parataxis	amod	amod	dobj	prep	nn	pobj	cc	conj	aux	infmod	amod	dobj	p
2	0	5	5	2	7	5	5	10	8	10	11	12	15	13	5	18	16	18	21	19	2	24	5	27	27	24	5	30	28	30	30	34	32	36	34	2
B-PERSON	O	O	O	O	B-DATE	I-DATE	O	O	B-PERSON	O	O	O	O	B-PRODUCT	O	O	O	O	O	O	O	O	O	O	O	O	O	O	O	O	O	O	O	O	O	O
</negative>
<negative>
The	Lemhis	are	not	a	federally	recognized	tribe	;	instead	,	they	are	considered	part	of	the	Shoshone-Bannock	tribe	on	the	Fort	Hall	Reservation	,	located	243	miles	east	of	Boise	.
DT	NNPS	VBP	RB	DT	RB	VBN	NN	:	RB	,	PRP	VBP	VBN	NN	IN	DT	NNP	NN	IN	DT	NNP	NNP	NNP	,	VBN	CD	NNS	RB	IN	NNP	.
det	nsubj	cop	neg	det	advmod	amod	root	p	advmod	p	nsubjpass	auxpass	parataxis	dobj	prep	det	nn	pobj	prep	det	nn	nn	pobj	p	partmod	num	npadvmod	advmod	prep	pobj	p
2	8	8	8	8	7	8	0	8	14	8	14	14	8	14	15	19	19	16	14	24	24	24	20	8	24	28	29	30	26	30	8
O	O	O	O	O	O	O	O	O	O	O	O	O	O	O	O	O	B-FAC	O	O	B-FAC	I-FAC	I-FAC	I-FAC	O	O	B-QUANTITY	I-QUANTITY	O	O	B-GPE	O
</negative>
<negative>
Within	three	years	,	the	tribe	sent	the	Mormons	scurrying	back	to	Utah	,	but	it	was	a	short-lived	reprieve	.
IN	CD	NNS	,	DT	NN	VBD	DT	NNPS	VBG	RP	TO	NNP	,	CC	PRP	VBD	DT	JJ	NN	.
prep	num	pobj	p	det	nsubj	root	det	dobj	xcomp	prt	prep	pobj	p	cc	nsubj	cop	det	amod	conj	p
7	3	1	7	6	7	0	9	7	7	10	10	12	7	7	20	20	20	20	7	7
O	B-DATE	I-DATE	O	O	O	O	O	B-NORP	O	O	O	B-GPE	O	O	O	O	O	O	O	O
</negative>
<negative>
There	,	they	moved	in	with	tribes	of	Shoshone-Bannock	.
RB	,	PRP	VBD	IN	IN	NNS	IN	NNP	.
advmod	p	nsubj	root	dep	prep	pobj	prep	pobj	p
4	4	4	0	6	4	6	7	8	4
O	O	O	O	O	O	O	O	B-NORP	O
</negative>
<negative>
Leroy	Boyer	,	Shoshone-Bannock	Tribal	Council	chief	,	did	not	return	phone	calls	.
NNP	NNP	,	NNP	NNP	NNP	NN	,	VBD	RB	VB	NN	NNS	.
nn	nsubj	p	nn	nn	appos	dep	p	aux	neg	root	nn	dobj	p
2	11	11	6	6	2	6	11	11	11	0	13	11	11
B-PERSON	I-PERSON	O	B-ORG	I-ORG	I-ORG	O	O	O	O	O	O	O	O
</negative>
</QApairs>
<QApairs id='44.2'>
<question>
What	years	did	Sacajawea	accompany	Lewis	and	Clark	on	their	expedition	?
WDT	NNS	VBD	NNP	VB	NNP	CC	NNP	IN	PRP$	NN	.
det	tmod	aux	nsubj	root	dobj	cc	conj	prep	poss	pobj	p
2	5	5	5	0	5	6	6	5	11	9	5
O	O	O	B-PERSON	O	B-PERSON	O	B-PERSON	O	O	O	O
</question>
<positive>
The	coin	honors	the	young	woman	and	teen-age	mother	who	accompanied	explorers	Meriwether	Lewis	and	William	Clark	to	the	Pacific	Ocean	in	1805	.
DT	NN	VBZ	DT	JJ	NN	CC	JJ	NN	WP	VBD	NNP	NNP	NNP	CC	NNP	NNP	TO	DT	NNP	NNP	IN	CD	.
det	nsubj	root	det	amod	dobj	cc	amod	conj	nsubj	rcmod	nn	nn	dobj	cc	nn	conj	prep	det	nn	pobj	prep	pobj	p
2	3	0	6	6	3	6	9	6	11	6	14	14	11	14	17	14	14	21	21	18	11	22	3
O	O	O	O	O	O	O	O	O	O	O	O	B-PERSON	I-PERSON	O	B-PERSON	I-PERSON	O	B-LOC	I-LOC	I-LOC	O	B-DATE	O
1805
23
</positive>
<negative>
In	1804	,	Toussaint	was	hired	by	Lewis	and	Clark	,	not	for	his	own	skills	but	for	those	of	Sacagawea	.
IN	CD	,	NNP	VBD	VBN	IN	NNP	CC	NNP	,	RB	IN	PRP$	JJ	NNS	CC	IN	DT	IN	NNP	.
prep	pobj	p	nsubjpass	auxpass	root	prep	pobj	cc	conj	p	neg	prep	poss	amod	pobj	cc	conj	pobj	prep	pobj	p
6	1	6	6	6	0	6	7	8	8	6	13	6	16	16	13	13	13	18	19	20	6
O	B-DATE	O	B-PERSON	O	O	O	B-PERSON	O	B-PERSON	O	O	O	O	O	O	O	O	O	O	B-PERSON	O
</negative>
<negative>
She	knew	several	Indian	languages	,	and	being	Shoshone	could	help	the	explorers	make	contact	with	her	people	and	acquire	horses	that	were	crucial	to	the	expedition	.
PRP	VBD	JJ	JJ	NNS	,	CC	VBG	NNP	MD	VB	DT	NN	VB	NN	IN	PRP$	NNS	CC	VB	NNS	WDT	VBD	JJ	TO	DT	NN	.
nsubj	root	amod	amod	dobj	p	cc	cop	csubj	aux	conj	det	nsubj	ccomp	dobj	prep	poss	pobj	cc	conj	dobj	nsubj	cop	rcmod	prep	det	pobj	p
2	0	5	5	2	2	2	9	11	11	2	13	14	11	14	14	18	16	14	14	20	24	24	21	24	27	25	2
O	O	O	B-NORP	O	O	O	O	O	O	O	O	O	O	O	O	O	O	O	O	O	O	O	O	O	O	O	O
</negative>
<negative>
Little	is	documented	about	what	happened	to	Sacagawea	after	the	expedition	,	but	she	is	believed	to	have	died	Dec	.	20	,	1812	.
NNP	VBZ	VBN	IN	WP	VBD	TO	NNP	IN	DT	NN	,	CC	PRP	VBZ	VBN	TO	VB	VBD	NNP	.	CD	,	CD	.
nsubjpass	auxpass	dep	prep	nsubj	pcomp	prep	pobj	prep	det	pobj	p	cc	nsubjpass	auxpass	conj	aux	xcomp	root	dobj	p	nsubj	p	appos	p
3	3	19	3	6	4	6	7	6	11	9	19	3	16	16	3	18	16	0	19	19	19	19	22	19
O	O	O	O	O	O	O	B-PERSON	O	O	O	O	O	O	O	O	O	O	O	B-DATE	O	B-CARDINAL	O	O	O
</negative>
<negative>
A	:	Yes	,	but	many	years	after	the	fact	.
NNP	:	UH	,	CC	JJ	NNS	IN	DT	NN	.
root	p	dep	p	dep	amod	dep	prep	det	pobj	p
0	1	1	1	3	7	5	7	10	8	1
O	O	O	O	O	O	O	O	O	O	O
</negative>
<negative>
A	month	later	,	a	Japanese	envoy	made	what	was	believed	to	be	the	first	official	apology	on	American	soil	for	the	attack	50	years	earlier	.
DT	NN	RB	,	DT	JJ	NN	VBD	WP	VBD	VBN	TO	VB	DT	JJ	NN	NN	IN	JJ	NN	IN	DT	NN	CD	NNS	RBR	.
det	tmod	advmod	p	det	amod	nsubj	root	nsubjpass	auxpass	ccomp	aux	cop	det	amod	nn	xcomp	prep	amod	pobj	prep	det	pobj	num	npadvmod	advmod	p
2	8	2	8	7	7	8	0	11	11	8	17	17	17	17	17	11	17	20	18	20	23	21	25	26	23	8
B-DATE	I-DATE	I-DATE	O	O	B-NORP	O	O	O	O	O	O	O	O	B-ORDINAL	O	O	O	B-NORP	O	O	O	O	B-DATE	I-DATE	I-DATE	O
</negative>
<negative>
Q	:	Nearly	20	years	ago	,	a	nuclear	reactor	failed	at	the	Three	Mile	Island	power	plant	in	Pennsylvania	,	creating	a	crisis	.
NNP	:	RB	CD	NNS	RB	,	DT	JJ	NN	VBD	IN	DT	CD	NNP	NNP	NN	NN	IN	NNP	,	VBG	DT	NN	.
root	p	advmod	num	npadvmod	advmod	p	det	amod	nsubj	dep	prep	det	num	nn	nn	nn	pobj	prep	pobj	p	partmod	det	dobj	p
0	1	5	5	6	1	1	10	10	11	1	11	18	18	18	18	18	12	18	19	1	1	24	22	1
O	O	B-DATE	I-DATE	I-DATE	I-DATE	O	O	O	O	O	O	O	B-CARDINAL	I-LOC	I-LOC	O	O	O	B-GPE	O	O	O	O	O
</negative>
<negative>
The	transaction	,	the	first	sale	of	a	nuclear	plant	by	a	U.S	.	utility	,	is	expected	to	take	one	to	two	years	to	win	approval	from	regulators	,	including	the	NRC	.
DT	NN	,	DT	JJ	NN	IN	DT	JJ	NN	IN	DT	NNP	.	NN	,	VBZ	VBN	TO	VB	CD	TO	CD	NNS	TO	VB	NN	IN	NNS	,	VBG	DT	NNP	.
det	nsubjpass	p	det	amod	appos	prep	det	amod	pobj	prep	det	nn	p	pobj	p	auxpass	root	aux	xcomp	number	dep	num	tmod	aux	xcomp	dobj	prep	pobj	p	prep	det	pobj	p
2	18	18	6	6	2	6	10	10	7	10	15	15	18	11	18	18	0	20	18	23	23	24	20	26	20	26	26	28	18	20	33	31	18
O	O	O	O	O	O	O	O	O	O	O	O	B-GPE	O	O	O	O	O	O	O	O	O	B-DATE	I-DATE	O	O	O	O	O	O	O	O	B-ORG	O
</negative>
<negative>
But	that	tumbledown	village	was	destroyed	by	the	local	authorities	more	than	10	years	ago	.
CC	DT	JJ	NN	VBD	VBN	IN	DT	JJ	NNS	JJR	IN	CD	NNS	RB	.
cc	det	amod	nsubjpass	auxpass	root	prep	det	amod	pobj	mwe	quantmod	num	npadvmod	advmod	p
6	4	4	6	6	0	6	10	10	7	12	13	14	15	6	6
O	O	O	O	O	O	O	O	O	O	O	O	B-DATE	I-DATE	I-DATE	O
</negative>
<negative>
The	Lewis	and	Clark	bicentennial	is	going	to	be	our	last	fight	.
DT	NNP	CC	NNP	NNP	VBZ	VBG	TO	VB	PRP$	JJ	NN	.
det	nn	cc	conj	nsubj	aux	root	aux	cop	poss	amod	xcomp	p
5	5	2	2	7	7	0	12	12	12	12	7	7
O	B-PERSON	O	B-PERSON	O	O	O	O	O	O	O	O	O
</negative>
<negative>
When	Charbonneau	signed	on	with	Lewis	and	Clark	,	Sacajawea	,	though	just	15	years	old	and	six	months	pregnant	,	was	enlisted	as	an	interpreter	.
WRB	NNP	VBD	RP	IN	NNP	CC	NNP	,	NNP	,	IN	RB	CD	NNS	JJ	CC	CD	NNS	JJ	,	VBD	VBN	IN	DT	NN	.
advmod	nsubj	advcl	prt	prep	pobj	cc	conj	p	nsubjpass	p	mark	advmod	num	npadvmod	dep	cc	num	tmod	conj	p	auxpass	root	prep	det	pobj	p
3	3	23	3	3	5	6	6	23	23	23	16	16	15	16	23	16	19	20	16	23	23	0	23	26	24	23
O	B-PERSON	O	O	O	B-PERSON	O	B-PERSON	O	B-PERSON	O	O	O	B-DATE	I-DATE	I-DATE	O	B-DATE	I-DATE	O	O	O	O	O	O	O	O
</negative>
<negative>
Lewis	was	counting	on	Sacajawea	to	be	a	translator	with	Shoshone	people	who	lived	in	the	mountains	west	of	the	Continental	Divide	,	and	he	expressed	concern	that	her	death	could	doom	the	expedition	.
NNP	VBD	VBG	IN	NNP	TO	VB	DT	NN	IN	JJ	NNS	WP	VBD	IN	DT	NNS	NN	IN	DT	NNP	NNP	,	CC	PRP	VBD	NN	IN	PRP$	NN	MD	VB	DT	NN	.
nsubj	aux	root	prep	pobj	aux	cop	det	xcomp	prep	amod	pobj	nsubj	rcmod	prep	det	nn	pobj	prep	det	nn	pobj	p	cc	nsubj	conj	dobj	complm	poss	nsubj	aux	ccomp	det	dobj	p
3	3	0	3	4	9	9	9	3	9	12	10	14	9	14	18	18	15	18	22	22	19	3	3	26	3	26	32	30	32	32	26	34	32	3
B-PERSON	O	O	O	B-PERSON	O	O	O	O	O	B-GPE	O	O	O	O	O	O	O	O	O	I-LANGUAGE	I-LAW	O	O	O	O	O	O	O	O	O	O	O	O	O
</negative>
<negative>
For	her	services	on	the	expedition	,	Sacajawea	was	given	nothing	,	though	her	husband	,	Charbonneau	,	received	$	500	.
IN	PRP$	NNS	IN	DT	NN	,	NNP	VBD	VBN	NN	,	IN	PRP$	NN	,	NNP	,	VBD	$	CD	.
prep	poss	pobj	prep	det	pobj	p	nsubjpass	auxpass	root	dobj	p	mark	poss	nsubj	p	appos	p	advcl	dobj	num	p
10	3	1	3	6	4	10	10	10	0	10	10	19	15	19	10	15	10	10	19	20	10
O	O	O	O	O	O	O	B-PERSON	O	O	O	O	O	O	O	O	B-PERSON	O	O	O	B-MONEY	O
</negative>
<negative>
Her	son	,	Jean-Baptist	,	was	later	raised	in	part	by	William	Clark	.
PRP$	NN	,	NNP	,	VBD	RB	VBN	IN	NN	IN	NNP	NNP	.
poss	nsubjpass	p	appos	p	auxpass	advmod	root	prep	pobj	prep	nn	pobj	p
2	8	8	2	8	8	8	0	8	9	8	13	11	8
O	O	O	O	O	O	O	O	O	O	O	B-PERSON	I-PERSON	O
</negative>
<negative>
Also	,	as	other	historians	have	noted	,	Svingen	said	,	the	Lemhi	were	told	they	would	lose	their	food	rations	if	they	did	not	agree	to	leave	the	valley	.
RB	,	IN	JJ	NNS	VBP	VBN	,	NNP	VBD	,	DT	NNP	VBD	VBN	PRP	MD	VB	PRP$	NN	NNS	IN	PRP	VBD	RB	VB	TO	VB	DT	NN	.
advmod	p	mark	amod	nsubj	aux	advcl	p	nsubj	ccomp	p	det	nsubjpass	auxpass	root	nsubj	aux	ccomp	poss	nn	dobj	mark	nsubj	aux	neg	advcl	aux	xcomp	det	dobj	p
10	15	7	5	7	7	10	15	10	15	15	13	15	15	0	18	18	15	21	21	18	26	26	26	26	18	28	26	30	28	15
O	O	O	O	O	O	O	O	O	O	O	O	B-EVENT	O	O	O	O	O	O	O	O	O	O	O	O	O	O	O	O	O	O
</negative>
<negative>
The	Lewis	and	Clark	bicentennial	is	our	last	fight	.
DT	NNP	CC	NNP	NNP	VBZ	PRP$	JJ	NN	.
det	nn	cc	conj	nsubj	cop	poss	amod	root	p
5	5	2	2	9	9	9	9	0	9
O	B-PERSON	O	B-PERSON	O	O	O	O	O	O
</negative>
</QApairs>
<QApairs id='44.4'>
<question>
When	did	Sacajawea	die	?
WRB	VBD	NNP	VB	.
advmod	aux	nsubj	root	p
4	4	4	0	4
O	O	B-PERSON	O	O
</question>
</QApairs>
<QApairs id='44.5'>
<question>
Where	is	Sacajawea	buried	?
WRB	VBZ	NNP	VBN	.
advmod	auxpass	nsubjpass	root	p
4	4	4	0	4
O	O	B-PERSON	O	O
</question>
<positive>
She	is	buried	in	Wyoming	.
PRP	VBZ	VBN	IN	NNP	.
nsubjpass	auxpass	root	prep	pobj	p
3	3	0	3	4	3
O	O	O	O	B-GPE	O
Wyoming
5
</positive>
</QApairs>
<QApairs id='44.6'>
<question>
How	much	is	the	Sacajawea	coin	worth	?
WRB	JJ	VBZ	DT	NNP	NN	JJ	.
advmod	attr	cop	det	nn	nsubj	root	p
2	7	7	6	6	7	0	7
O	O	O	O	B-PRODUCT	O	O	O
</question>
<negative>
But	as	soon	as	you	're	accustomed	to	the	new	bill	,	expect	more	change	:	A	new	dollar	coin	to	replace	the	infamous	Susan	B	.	Anthony	.
CC	RB	RB	IN	PRP	VBP	VBN	TO	DT	JJ	NN	,	VBP	JJR	NN	:	DT	JJ	NN	NN	TO	VB	DT	JJ	NNP	NNP	.	NN	.
cc	advmod	advmod	mark	nsubjpass	auxpass	ccomp	prep	det	amod	pobj	p	root	amod	dobj	p	det	amod	nn	nsubj	aux	parataxis	det	amod	nn	nn	p	dobj	p
13	3	13	7	7	7	3	7	11	11	8	13	0	15	13	13	20	20	20	22	22	13	28	28	28	28	13	22	13
O	O	O	O	O	O	O	O	O	O	O	O	O	O	O	O	O	O	O	O	O	O	O	O	B-PERSON	I-PERSON	O	B-PERSON	O
</negative>
<negative>
A	Congress	-appointed	committee	met	Monday	and	Tuesday	in	Philadelphia	,	and	after	much	polite	debate	,	decided	which	famous	female	will	adorn	the	new	dollar	coin	.
DT	NNP	JJ	NN	VBN	NNP	CC	NNP	IN	NNP	,	CC	IN	JJ	JJ	NN	,	VBD	WDT	JJ	NN	MD	VB	DT	JJ	NN	NN	.
det	nn	amod	nsubj	partmod	tmod	cc	conj	prep	pobj	p	cc	conj	amod	amod	pobj	p	root	dobj	amod	nsubj	aux	ccomp	det	amod	nn	dobj	p
4	4	4	18	4	5	6	6	5	9	18	9	9	16	16	13	18	0	23	21	23	23	18	27	27	27	23	18
O	B-ORG	O	O	O	B-DATE	O	B-DATE	O	B-GPE	O	O	O	O	O	O	O	O	O	O	O	O	O	O	O	O	O	O
</negative>
<negative>
I	had	to	aim	the	dish	at	exactly	this	spot	,	using	the	compass	that	comes	with	the	kit	,	which	is	about	the	size	of	the	Sacajawea	dollar	_	but	far	less	valuable	.
PRP	VBD	TO	VB	DT	NN	IN	RB	DT	NN	,	VBG	DT	NNS	WDT	VBZ	IN	DT	NN	,	WDT	VBZ	IN	DT	NN	IN	DT	NNP	NN	JJ	CC	RB	RBR	JJ	.
nsubj	root	aux	xcomp	det	dobj	prep	advmod	det	pobj	p	partmod	det	dobj	nsubj	rcmod	prep	det	pobj	p	nsubj	cop	prep	det	pobj	prep	det	nn	pobj	rcmod	cc	advmod	advmod	dep	p
2	0	4	2	6	4	4	10	10	7	2	4	14	12	16	14	16	19	17	2	30	30	30	25	23	25	29	29	26	19	30	30	34	30	2
O	O	O	O	O	O	O	O	O	O	O	O	O	O	O	O	O	O	O	O	O	O	O	O	O	O	O	B-PERSON	O	O	O	O	O	O	O
</negative>
<negative>
The	Fort	Worth	Star-Telegram	plans	to	move	the	following	stories	for	clients	of	the	NYTimes	News	Service	for	AMs	and	PMs	of	Thursday	,	June	11	,	and	thereafter	.
DT	NNP	NNP	NNP	VBZ	TO	VB	DT	VBG	NNS	IN	NNS	IN	DT	NNP	NNP	NNP	IN	NNP	CC	NNP	IN	NNP	,	NNP	CD	,	CC	RB	.
det	nn	nn	nsubj	root	aux	xcomp	det	amod	dobj	prep	pobj	prep	det	nn	nn	pobj	prep	pobj	cc	conj	prep	pobj	p	appos	num	p	cc	advmod	p
4	4	4	5	0	7	5	10	10	7	10	11	12	17	17	17	13	10	18	19	19	10	22	5	23	25	5	10	10	5
B-ORG	I-ORG	I-ORG	I-ORG	O	O	O	O	O	O	O	O	O	O	B-ORG	I-ORG	I-ORG	O	B-PRODUCT	O	B-NORP	O	B-DATE	O	B-DATE	I-DATE	O	O	O	O
</negative>
<negative>
FORT	WORTH	,	Texas	_	Texas	Republicans	are	moving	forward	with	a	proposal	to	penalize	GOP	candidates	who	do	n't	support	abolishing	partial	birth	abortion	.
NNP	NNP	,	NNP	NNP	NNP	NNPS	VBP	VBG	RP	IN	DT	NN	TO	VB	NNP	NNS	WP	VBP	RB	VB	VBG	JJ	NN	NN	.
nn	nsubj	p	nn	nn	nn	appos	aux	root	prt	prep	det	pobj	aux	xcomp	nn	dobj	nsubj	aux	neg	rcmod	xcomp	amod	nn	dobj	p
2	9	9	7	7	7	2	9	0	9	9	13	11	15	9	17	15	21	21	21	17	21	25	25	22	9
B-GPE	I-GPE	O	B-GPE	O	B-GPE	B-NORP	O	O	O	O	O	O	O	O	B-ORG	O	O	O	O	O	O	O	O	O	O
</negative>
<negative>
Sacajawea	.
NNP	.
root	p
0	1
B-PERSON	O
</negative>
<negative>
The	Texas	Auto	Dealers	Association	filed	suit	in	Fort	Worth	today	,	seeking	an	injunction	.
DT	NNP	NNP	NNPS	NNP	VBD	NN	IN	NNP	NNP	NN	,	VBG	DT	NN	.
det	nn	nn	nn	nsubj	root	dobj	prep	nn	pobj	tmod	p	partmod	det	dobj	p
5	5	5	5	6	0	6	6	10	8	6	6	6	15	13	6
B-ORG	I-ORG	I-ORG	I-ORG	I-ORG	O	O	O	B-GPE	I-GPE	B-DATE	O	O	O	O	O
</negative>
<negative>
That	's	what	the	advance	PR	says	,	anyway	,	as	Republicans	from	all	over	Texas	gather	in	Fort	Worth	this	week	for	their	state	convention	.
DT	VBZ	WP	DT	NN	NN	VBZ	,	RB	,	IN	NNS	IN	DT	IN	NNP	VBP	IN	NNP	NNP	DT	NN	IN	PRP$	NN	NN	.
nsubj	root	dep	det	nn	nsubj	ccomp	p	advmod	p	mark	nsubj	prep	pobj	prep	pobj	advcl	prep	nn	pobj	det	tmod	prep	poss	nn	pobj	p
2	0	7	6	6	7	2	2	7	2	17	17	12	13	14	15	7	17	20	18	22	17	17	26	26	23	2
O	O	O	O	O	O	O	O	O	O	O	B-NORP	O	O	O	B-GPE	O	O	B-GPE	I-GPE	B-DATE	I-DATE	O	O	O	O	O
</negative>
<negative>
``	The	feeling	we	get	is	,	`We	do	n't	want	you	here	,	but	we	want	your	Sacajawea	heritage.	''	'
``	DT	NN	PRP	VBP	VBZ	,	NN	VBP	RB	VB	PRP	RB	,	CC	PRP	VBP	PRP$	NNP	NN	''	''
p	det	nsubj	nsubj	rcmod	ccomp	p	nsubj	aux	neg	root	dobj	advmod	p	cc	nsubj	dep	poss	nn	dobj	p	p
11	3	6	5	3	11	11	11	11	11	0	11	11	11	17	17	11	20	20	17	11	11
O	O	O	O	O	O	O	O	O	O	O	O	O	O	O	O	O	O	B-PERSON	O	O	O
</negative>
<negative>
Sacajawea	was	a	Shoshone	girl	who	had	been	kidnapped	by	Hidatsa	Indians	.
NNP	VBD	DT	JJ	NN	WP	VBD	VBN	VBN	IN	NNP	NNPS	.
nsubj	cop	det	amod	root	nsubjpass	aux	auxpass	rcmod	prep	nn	pobj	p
5	5	5	5	0	9	9	9	5	9	12	10	5
B-PERSON	O	O	B-GPE	O	O	O	O	O	O	B-NORP	I-NORP	O
</negative>
<negative>
She	became	one	of	two	young	wives	of	Toussaint	Charbonneau	,	a	French	-	Canadian	trader	who	won	Sacajawea	in	a	bet	with	the	Indians	.
PRP	VBD	CD	IN	CD	JJ	NNS	IN	NNP	NNP	,	DT	JJ	:	JJ	NN	WP	VBD	NNP	IN	DT	NN	IN	DT	NNPS	.
nsubj	cop	root	prep	num	amod	pobj	prep	nn	pobj	p	det	appos	p	amod	dep	nsubj	rcmod	dobj	prep	det	pobj	prep	det	pobj	p
3	3	0	3	7	7	4	7	10	8	3	13	10	3	16	13	18	16	18	18	22	20	18	25	23	3
O	O	B-CARDINAL	O	B-CARDINAL	O	O	O	B-PERSON	I-PERSON	O	O	B-NORP	O	B-NORP	O	O	O	B-PERSON	O	O	O	O	O	B-NORP	O
</negative>
<negative>
When	Charbonneau	signed	on	with	Lewis	and	Clark	,	Sacajawea	,	though	just	15	years	old	and	six	months	pregnant	,	was	enlisted	as	an	interpreter	.
WRB	NNP	VBD	RP	IN	NNP	CC	NNP	,	NNP	,	IN	RB	CD	NNS	JJ	CC	CD	NNS	JJ	,	VBD	VBN	IN	DT	NN	.
advmod	nsubj	advcl	prt	prep	pobj	cc	conj	p	nsubjpass	p	mark	advmod	num	npadvmod	dep	cc	num	tmod	conj	p	auxpass	root	prep	det	pobj	p
3	3	23	3	3	5	6	6	23	23	23	16	16	15	16	23	16	19	20	16	23	23	0	23	26	24	23
O	B-PERSON	O	O	O	B-PERSON	O	B-PERSON	O	B-PERSON	O	O	O	B-DATE	I-DATE	I-DATE	O	B-DATE	I-DATE	O	O	O	O	O	O	O	O
</negative>
<negative>
Lewis	was	counting	on	Sacajawea	to	be	a	translator	with	Shoshone	people	who	lived	in	the	mountains	west	of	the	Continental	Divide	,	and	he	expressed	concern	that	her	death	could	doom	the	expedition	.
NNP	VBD	VBG	IN	NNP	TO	VB	DT	NN	IN	JJ	NNS	WP	VBD	IN	DT	NNS	NN	IN	DT	NNP	NNP	,	CC	PRP	VBD	NN	IN	PRP$	NN	MD	VB	DT	NN	.
nsubj	aux	root	prep	pobj	aux	cop	det	xcomp	prep	amod	pobj	nsubj	rcmod	prep	det	nn	pobj	prep	det	nn	pobj	p	cc	nsubj	conj	dobj	complm	poss	nsubj	aux	ccomp	det	dobj	p
3	3	0	3	4	9	9	9	3	9	12	10	14	9	14	18	18	15	18	22	22	19	3	3	26	3	26	32	30	32	32	26	34	32	3
B-PERSON	O	O	O	B-PERSON	O	O	O	O	O	B-GPE	O	O	O	O	O	O	O	O	O	I-LANGUAGE	I-LAW	O	O	O	O	O	O	O	O	O	O	O	O	O
</negative>
<negative>
With	Sacajawea	's	help	,	they	crossed	the	Continental	Divide	at	Lemhi	Pass	,	then	came	upon	a	band	of	Shoshone	.
IN	NNP	POS	NN	,	PRP	VBD	DT	NNP	NNP	IN	NNP	NNP	,	RB	VBD	IN	DT	NN	IN	NNP	.
prep	poss	possessive	pobj	p	nsubj	root	det	nn	dobj	prep	nn	pobj	p	advmod	dep	prep	det	pobj	prep	pobj	p
7	4	2	1	7	7	0	10	10	7	7	13	11	7	7	7	16	19	17	19	20	7
O	B-PERSON	O	O	O	O	O	O	I-PRODUCT	I-PRODUCT	O	B-LOC	I-LOC	O	O	O	O	O	O	O	B-GPE	O
</negative>
<negative>
But	Sacajawea	recognized	their	chief	,	Cameahwait	,	as	her	long	lost	brother	,	and	another	Shoshone	,	Jumping	Fish	,	as	a	girl	she	had	not	seen	since	the	kidnapping	.
CC	NNP	VBD	PRP$	NN	,	NNP	,	IN	PRP$	RB	VBN	NN	,	CC	DT	NN	,	VBG	NN	,	IN	DT	NN	PRP	VBD	RB	VBN	IN	DT	NN	.
cc	nsubj	root	poss	dobj	p	appos	p	amod	poss	advmod	amod	appos	p	cc	det	conj	p	partmod	dobj	p	prep	det	pobj	nsubj	aux	neg	rcmod	prep	det	pobj	p
3	3	0	5	3	3	5	3	13	13	12	13	5	3	13	17	13	3	17	19	3	5	24	22	28	28	28	24	28	31	29	3
O	B-PERSON	O	O	O	O	B-ORG	O	O	O	O	O	O	O	O	O	B-GPE	O	O	O	O	O	O	O	O	O	O	O	O	O	O	O
</negative>
<negative>
For	her	services	on	the	expedition	,	Sacajawea	was	given	nothing	,	though	her	husband	,	Charbonneau	,	received	$	500	.
IN	PRP$	NNS	IN	DT	NN	,	NNP	VBD	VBN	NN	,	IN	PRP$	NN	,	NNP	,	VBD	$	CD	.
prep	poss	pobj	prep	det	pobj	p	nsubjpass	auxpass	root	dobj	p	mark	poss	nsubj	p	appos	p	advcl	dobj	num	p
10	3	1	3	6	4	10	10	10	0	10	10	19	15	19	10	15	10	10	19	20	10
O	O	O	O	O	O	O	B-PERSON	O	O	O	O	O	O	O	O	B-PERSON	O	O	O	B-MONEY	O
</negative>
<negative>
Congress	has	been	asked	by	Idaho	elected	officials	to	consider	plans	for	a	Sacajawea	center	here	at	Salmon	,	but	not	one	that	would	be	run	by	the	Lemhi	.
NNP	VBZ	VBN	VBN	IN	NNP	VBN	NNS	TO	VB	NNS	IN	DT	NNP	NN	RB	IN	NNP	,	CC	RB	CD	WDT	MD	VB	VBN	IN	DT	NNP	.
nsubjpass	aux	auxpass	root	prep	pobj	partmod	dobj	aux	xcomp	dobj	prep	det	nn	pobj	advmod	prep	pobj	p	cc	cc	conj	nsubjpass	aux	auxpass	rcmod	prep	det	pobj	p
4	4	4	0	4	5	6	7	10	7	10	11	15	15	12	17	10	17	4	21	6	6	26	26	26	22	26	29	27	4
B-ORG	O	O	O	O	B-GPE	O	O	O	O	O	O	O	B-PERSON	O	O	O	B-ORG	O	O	O	O	O	O	O	O	O	O	B-GPE	O
</negative>
<negative>
So	you	may	be	wondering	,	then	,	was	it	worth	it	?
CC	PRP	MD	VB	VBG	,	RB	,	VBD	PRP	JJ	PRP	.
cc	nsubj	aux	aux	dep	p	advmod	p	root	nsubj	prep	dep	p
5	5	5	5	9	9	5	9	0	9	9	11	9
O	O	O	O	O	O	O	O	O	O	O	O	O
</negative>
</QApairs>
<QApairs id='45.1'>
<question>
When	was	the	IFC	established	?
WRB	VBD	DT	NNP	VBN	.
advmod	auxpass	det	nsubjpass	root	p
5	5	4	5	0	5
O	O	O	B-ORG	O	O
</question>
<positive>
IFC	was	established	in	1956	as	a	member	of	the	World	Bank	Group	.
NNP	VBD	VBN	IN	CD	IN	DT	NN	IN	DT	NNP	NNP	NNP	.
nsubjpass	auxpass	root	prep	pobj	prep	det	pobj	prep	det	nn	nn	pobj	p
3	3	0	3	4	3	8	6	8	13	13	13	9	3
B-ORG	O	O	O	B-DATE	O	O	O	O	B-ORG	I-ORG	I-ORG	I-ORG	O
1956
5
</positive>
<positive>
IFC	,	which	was	established	in	1956	as	a	member	of	the	World	Bank	Group	,	has	invested	a	total	of	900	million	US	dollars	in	China	since	it	became	a	member	and	shareholder	of	IFC	in	1980	.
NNP	,	WDT	VBD	VBN	IN	CD	IN	DT	NN	IN	DT	NNP	NNP	NNP	,	VBZ	VBN	DT	NN	IN	CD	CD	NNP	NNS	IN	NNP	IN	PRP	VBD	DT	NN	CC	NN	IN	NNP	IN	CD	.
nsubj	p	nsubjpass	auxpass	rcmod	prep	pobj	prep	det	pobj	prep	det	nn	nn	pobj	p	aux	root	det	dobj	prep	number	num	nn	pobj	prep	pobj	mark	nsubj	cop	det	advcl	cc	conj	prep	pobj	prep	pobj	p
18	18	5	5	1	5	6	5	10	8	10	15	15	15	11	18	18	0	20	18	20	23	25	25	21	18	26	32	32	32	32	18	32	32	32	35	32	37	18
B-ORG	O	O	O	O	O	B-DATE	O	O	O	O	B-ORG	I-ORG	I-ORG	I-ORG	O	O	O	O	O	O	B-MONEY	I-MONEY	I-MONEY	I-MONEY	O	B-GPE	O	O	O	O	O	O	O	O	B-ORG	O	B-DATE	O
1956
7
</positive>
<positive>
Founded	in	1956	,	the	IFC	has	committed	more	than	23.9	billion	dollars	of	its	own	funds	and	arranged	17	billion	dollars	in	syndications	and	underwritings	for	2.067	companies	in	134	developing	countries	,	according	to	the	sources	.
VBN	IN	CD	,	DT	NNP	VBZ	VBN	JJR	IN	CD	CD	NNS	IN	PRP$	JJ	NNS	CC	VBN	CD	CD	NNS	IN	NNS	CC	NNS	IN	CD	NNS	IN	CD	JJ	NNS	,	VBG	TO	DT	NNS	.
partmod	prep	pobj	p	det	nsubj	aux	root	mwe	quantmod	number	num	dobj	prep	poss	amod	pobj	cc	conj	number	num	dobj	prep	pobj	cc	conj	prep	num	pobj	prep	num	amod	pobj	p	prep	pcomp	det	pobj	p
8	1	2	8	6	8	8	0	10	12	12	13	8	13	17	17	14	8	8	21	22	19	22	23	24	24	19	29	27	29	33	33	30	8	19	35	38	36	8
O	O	B-DATE	O	O	B-ORG	O	O	O	O	B-MONEY	I-MONEY	I-MONEY	O	O	O	O	O	O	B-MONEY	I-MONEY	I-MONEY	O	O	O	O	O	B-CARDINAL	O	O	B-CARDINAL	O	O	O	O	O	O	O	O
1956
3
</positive>
<negative>
XIAMEN	,	September	11	-LRB-	Xinhua	-RRB-	--	The	International	Finance	Corporation	-LRB-	IFC	-RRB-	is	willing	to	help	China	restructure	its	state-owned	enterprises	,	the	organization	's	chief	representative	in	China	says	.
NNP	,	NNP	CD	-LRB-	NNP	-RRB-	:	DT	NNP	NNP	NNP	-LRB-	NNP	-RRB-	VBZ	JJ	TO	VB	NNP	VB	PRP$	JJ	NNS	,	DT	NN	POS	JJ	NN	IN	NNP	VBZ	.
nn	p	nsubj	num	p	appos	p	p	det	nn	nn	nsubj	p	abbrev	p	cop	dep	aux	xcomp	nsubj	ccomp	poss	amod	dobj	p	det	poss	possessive	amod	dep	prep	pobj	root	p
3	33	33	3	33	3	33	33	12	12	12	17	33	12	33	17	3	19	17	21	19	24	24	21	33	27	30	27	30	17	30	31	0	33
B-ORG	O	B-DATE	I-DATE	O	B-ORG	O	O	B-ORG	I-ORG	I-ORG	I-ORG	O	B-ORG	O	O	O	O	O	B-GPE	O	O	O	O	O	O	O	O	O	O	O	B-GPE	O	O
</negative>
<negative>
``	The	International	Finance	Corporation	is	very	optimistic	about	China	's	private	enterprises	,	''	he	said	,	adding	that	IFC	is	also	willing	to	assist	China	's	new	non-state-owned	banks	or	to	buy	their	stock	.
``	DT	NNP	NNP	NNP	VBZ	RB	JJ	IN	NNP	POS	JJ	NNS	,	''	PRP	VBD	,	VBG	IN	NNP	VBZ	RB	JJ	TO	VB	NNP	POS	JJ	JJ	NNS	CC	TO	VB	PRP$	NN	.
p	det	nn	nn	nsubj	cop	advmod	ccomp	prep	poss	possessive	amod	pobj	p	p	nsubj	root	p	xcomp	complm	nsubj	cop	advmod	ccomp	aux	dep	poss	possessive	amod	amod	dobj	cc	aux	conj	poss	dobj	p
17	5	5	5	8	8	8	17	8	13	10	13	9	17	17	17	0	17	17	24	24	24	24	19	26	24	31	27	31	31	26	26	34	26	36	34	17
O	B-ORG	I-ORG	I-ORG	I-ORG	O	O	O	O	B-GPE	O	O	O	O	O	O	O	O	O	O	B-ORG	O	O	O	O	O	B-GPE	O	O	O	O	O	O	O	O	O	O
</negative>
<negative>
Mackenzie	said	IFC	is	interested	in	funding	the	privately-run	coke	industry	in	Shanxi	,	and	he	invited	Shanxi	officials	and	private	businessmen	to	hold	further	talks	with	IFC	in	Beijing	.
NNP	VBD	NNP	VBZ	JJ	IN	VBG	DT	JJ	NN	NN	IN	NNP	,	CC	PRP	VBD	NNP	NNS	CC	JJ	NNS	TO	VB	JJ	NNS	IN	NNP	IN	NNP	.
nsubj	root	nsubj	cop	ccomp	prep	pcomp	det	amod	nn	dobj	prep	pobj	p	cc	nsubj	conj	nn	nsubj	cc	amod	conj	aux	xcomp	amod	dobj	prep	pobj	prep	pobj	p
2	0	5	5	2	5	6	11	11	11	7	7	12	2	2	17	2	19	24	19	22	19	24	17	26	24	24	27	28	29	2
B-PERSON	O	B-ORG	O	O	O	O	O	O	O	O	O	B-GPE	O	O	O	O	B-GPE	O	O	O	O	O	O	O	O	O	B-ORG	O	B-GPE	O
</negative>
<negative>
COLOMBO	,	November	8	-LRB-	Xinhua	-RRB-	--	The	International	Finance	Corporation	-LRB-	IFC	-RRB-	has	approved	investments	of	14.4	million	U.S	.	dollars	for	Sri	Lanka	since	July	this	year	,	IFC	sources	here	said	Sunday	.
NNP	,	NNP	CD	-LRB-	NNP	-RRB-	:	DT	NNP	NNP	NNP	-LRB-	NNP	-RRB-	VBZ	VBN	NNS	IN	CD	CD	NNP	.	NNS	IN	NNP	NNP	IN	NNP	DT	NN	,	NNP	NNS	RB	VBD	NNP	.
nn	p	root	num	p	appos	p	p	det	nn	nn	dep	p	abbrev	p	aux	rcmod	dobj	prep	number	pobj	nn	p	dep	prep	nn	pobj	prep	pobj	det	tmod	p	nn	nsubj	advmod	rcmod	tmod	p
3	3	0	3	3	3	3	3	12	12	12	3	3	12	3	17	12	17	18	21	19	24	3	3	24	27	25	27	28	31	36	3	34	36	36	24	36	3
O	O	B-DATE	I-DATE	O	B-ORG	O	O	B-ORG	I-ORG	I-ORG	I-ORG	O	B-ORG	O	O	O	O	O	B-MONEY	I-MONEY	I-MONEY	I-MONEY	I-MONEY	O	B-GPE	I-GPE	O	B-DATE	I-DATE	I-DATE	O	B-ORG	O	O	O	B-DATE	O
</negative>
<negative>
The	sources	said	that	the	investments	were	made	in	four	corporations	of	IFC	set	up	in	Sri	Lanka	.
DT	NNS	VBD	IN	DT	NNS	VBD	VBN	IN	CD	NNS	IN	NNP	VBN	RP	IN	NNP	NNP	.
det	nsubj	root	complm	det	nsubjpass	auxpass	ccomp	prep	num	pobj	prep	pobj	partmod	prt	prep	nn	pobj	p
2	3	0	8	6	8	8	3	8	11	9	11	12	13	14	14	18	16	3
O	O	O	O	O	O	O	O	O	B-CARDINAL	O	O	B-ORG	O	O	O	B-GPE	I-GPE	O
</negative>
<negative>
The	IFC	opened	an	office	here	this	year	,	seeing	the	potential	for	further	investments	and	to	develop	the	regional	operational	presence	,	the	sources	pointed	out	.
DT	NNP	VBD	DT	NN	RB	DT	NN	,	VBG	DT	NN	IN	JJ	NNS	CC	TO	VB	DT	JJ	JJ	NN	,	DT	NNS	VBD	RP	.
det	nsubj	root	det	dobj	advmod	det	tmod	p	partmod	det	dobj	prep	amod	pobj	cc	aux	purpcl	det	amod	amod	dobj	p	det	nsubj	conj	prt	p
2	3	0	5	3	3	8	3	3	3	12	10	12	15	13	3	18	26	22	22	22	18	3	25	26	3	26	3
O	B-ORG	O	O	O	O	B-DATE	I-DATE	O	O	O	O	O	O	O	O	O	O	O	O	O	O	O	O	O	O	O	O
</negative>
<negative>
During	the	next	two	years	,	IFC	plans	to	increase	its	investment	from	25	million	to	50	million	dollars	and	is	looking	at	investing	3	-	5	projects	during	the	next	one	to	two	years	,	the	sources	added	.
IN	DT	JJ	CD	NNS	,	NNP	VBZ	TO	VB	PRP$	NN	IN	CD	CD	TO	CD	CD	NNS	CC	VBZ	VBG	IN	VBG	CD	:	CD	NNS	IN	DT	JJ	NN	TO	CD	NNS	,	DT	NNS	VBD	.
prep	det	amod	num	pobj	p	nsubj	parataxis	aux	xcomp	poss	dobj	prep	number	number	dep	number	num	pobj	cc	aux	conj	prep	pcomp	dobj	p	num	dep	prep	det	amod	pobj	prep	num	pobj	p	det	nsubj	root	p
39	5	5	5	1	39	8	39	10	8	12	10	10	18	18	18	18	19	13	8	22	8	22	23	24	39	28	25	28	32	32	29	24	35	33	39	38	39	0	39
O	O	B-DATE	I-DATE	I-DATE	O	B-ORG	O	O	O	O	O	O	B-MONEY	I-MONEY	I-MONEY	I-MONEY	I-MONEY	I-MONEY	O	O	O	O	O	B-CARDINAL	O	O	O	O	O	O	O	O	B-DATE	I-DATE	O	O	O	O	O
</negative>
</QApairs>
<QApairs id='45.2'>
<question>
What	is	IFC	's	mission	?
WP	VBZ	NNP	POS	NN	.
attr	root	poss	possessive	nsubj	p
2	0	5	3	2	2
O	O	B-ORG	O	O	O
</question>
<positive>
The	mission	of	the	IFC	is	to	promote	private	sector	investment	in	developing	countries	aimed	at	reducing	poverty	and	improving	people	's	lives	.
DT	NN	IN	DT	NNP	VBZ	TO	VB	JJ	NN	NN	IN	VBG	NNS	VBN	IN	VBG	NN	CC	VBG	NNS	POS	NNS	.
det	nsubj	prep	det	pobj	root	aux	xcomp	amod	nn	dobj	prep	amod	pobj	partmod	prep	pcomp	dobj	cc	conj	poss	possessive	dobj	p
2	6	2	5	3	0	8	6	11	11	8	8	14	12	14	15	16	17	17	17	23	21	20	6
O	O	O	O	B-ORG	O	O	O	O	O	O	O	O	O	O	O	O	O	O	O	O	O	O	O
promote	private	sector	investment	in	developing	countries
8	9	10	11	12	13	14
</positive>
</QApairs>
<QApairs id='46.1'>
<question>
Who	was	the	leader	of	the	cult	IFC	?
WP	VBD	DT	NN	IN	DT	NN	NN	.
attr	root	det	nsubj	prep	det	nn	pobj	p
2	0	4	2	4	8	8	5	2
O	O	O	O	O	O	O	B-ORG	O
</question>
<negative>
The	inquiry	would	allow	the	church	to	make	a	``	definitive	statement	to	Catholics	and	the	public	generally	''	that	church	did	not	support	the	cult	.
DT	NN	MD	VB	DT	NN	TO	VB	DT	``	JJ	NN	TO	NNPS	CC	DT	NN	RB	''	IN	NN	VBD	RB	VB	DT	NN	.
det	nsubj	aux	root	det	dobj	aux	infmod	det	p	amod	dobj	prep	pobj	cc	det	conj	advmod	p	complm	nsubj	aux	neg	ccomp	det	dobj	p
2	4	4	0	6	4	8	6	12	4	12	8	8	13	14	17	14	4	4	24	24	24	24	4	26	24	4
O	O	O	O	O	O	O	O	O	O	O	O	O	B-NORP	O	O	O	O	O	O	O	O	O	O	O	O	O
</negative>
</QApairs>
<QApairs id='46.2'>
<question>
How	many	members	of	Heaven	's	Gate	committed	suicide	?
WRB	JJ	NNS	IN	NNP	VBZ	NNP	VBN	NN	.
advmod	amod	dep	prep	pobj	auxpass	nsubjpass	root	dobj	p
2	3	8	3	4	8	8	0	8	8
O	O	O	O	B-PRODUCT	I-PRODUCT	I-PRODUCT	O	O	O
</question>
<positive>
In	1997	,	the	bodies	of	39	members	of	the	Heaven	's	Gate	techno-religious	cult	who	'd	committed	suicide	were	found	inside	a	mansion	in	Rancho	Santa	Fe	,	Calif	.
IN	CD	,	DT	NNS	IN	CD	NNS	IN	DT	NNP	POS	NN	NNS	NN	WP	VBD	VBN	NN	VBD	VBN	IN	DT	NN	IN	NNP	NNP	NNP	,	NNP	.
prep	pobj	p	det	nsubjpass	prep	num	pobj	prep	det	poss	possessive	nn	nn	pobj	nsubj	aux	rcmod	dobj	auxpass	root	prep	det	pobj	prep	nn	nn	pobj	p	appos	p
21	1	21	5	21	5	8	6	8	11	15	11	15	15	9	18	18	8	18	21	0	21	24	22	24	28	28	25	21	28	21
O	B-DATE	O	O	O	O	B-CARDINAL	O	O	O	I-LANGUAGE	O	O	O	O	O	O	O	O	O	O	O	O	O	O	B-GPE	I-GPE	I-GPE	O	B-GPE	O
39
7
</positive>
<positive>
The	items	were	the	last	earthly	possessions	of	the	39	members	of	the	Heaven	's	Gate	cult	who	killed	themselves	nearly	three	years	ago	in	hopes	of	boarding	a	spaceship	that	they	believed	was	trailing	the	Hale-Bopp	comet	.
DT	NNS	VBD	DT	JJ	JJ	NNS	IN	DT	CD	NNS	IN	DT	NNP	POS	NNP	NN	WP	VBN	PRP	RB	CD	NNS	RB	IN	NNS	IN	VBG	DT	NN	IN	PRP	VBD	VBD	VBG	DT	NN	NN	.
det	nsubj	cop	det	amod	amod	root	prep	det	num	pobj	prep	det	poss	possessive	nn	pobj	nsubj	rcmod	dobj	advmod	num	npadvmod	advmod	prep	pobj	prep	pcomp	det	dobj	complm	nsubj	ccomp	aux	ccomp	det	nn	dobj	p
2	7	7	7	7	7	0	7	11	11	8	11	14	17	14	17	12	19	7	19	23	23	24	25	19	25	26	27	30	28	33	33	28	35	33	38	38	35	7
O	O	O	O	O	O	O	O	O	B-CARDINAL	O	O	O	I-LANGUAGE	O	O	O	O	O	O	O	B-DATE	I-DATE	I-DATE	O	O	O	O	O	O	O	O	O	O	O	O	B-PRODUCT	O	O
39
10
</positive>
<positive>
Late	last	month	,	more	than	350	people	turned	out	in	San	Diego	to	bid	for	the	possessions	of	the	members	of	the	Heaven	's	Gate	cult	whose	39	in-house	fanatics	did	away	with	themselves	in	a	mass	suicide	.
RB	JJ	NN	,	JJR	IN	CD	NNS	VBD	RP	IN	NNP	NNP	TO	VB	IN	DT	NNS	IN	DT	NNS	IN	DT	NNP	POS	NNP	NN	WP$	CD	JJ	NNS	VBD	RP	IN	PRP	IN	DT	JJ	NN	.
advmod	amod	tmod	p	mwe	quantmod	num	nsubj	root	prt	prep	nn	pobj	aux	xcomp	prep	det	pobj	prep	det	pobj	prep	det	poss	possessive	nn	pobj	dep	num	amod	nsubj	dep	prt	prep	pobj	prep	det	amod	pobj	p
3	3	9	9	6	7	8	9	0	9	9	13	11	15	9	15	18	16	18	21	19	21	24	27	24	27	22	32	31	31	32	18	32	32	34	32	39	39	36	9
B-DATE	I-DATE	I-DATE	O	O	O	B-CARDINAL	O	O	O	O	B-GPE	I-GPE	O	O	O	O	O	O	O	O	O	O	I-LANGUAGE	O	O	O	O	B-CARDINAL	O	O	O	O	O	O	O	O	O	O	O
39
29
</positive>
<positive>
The	39	men	and	women	who	committed	suicide	were	members	of	a	cult	known	as	Heaven	's	Gate	,	the	authorities	said	.
DT	CD	NNS	CC	NNS	WP	VBD	NN	VBD	NNS	IN	DT	NN	VBN	IN	NNP	POS	NN	,	DT	NNS	VBD	.
det	num	nsubj	cc	conj	nsubj	rcmod	dobj	cop	ccomp	prep	det	pobj	partmod	prep	poss	possessive	pobj	p	det	nsubj	root	p
3	3	10	3	3	7	5	7	10	22	10	13	11	13	14	18	16	15	22	21	22	0	22
O	B-CARDINAL	O	O	O	O	O	O	O	O	O	O	O	O	O	B-EVENT	I-EVENT	I-EVENT	O	O	O	O	O
39
2
</positive>
<positive>
And	39	members	of	the	Heaven	's	Gate	cult	in	the	U.S	.	committed	suicide	in	California	on	March	26	,	1997	.
CC	CD	NNS	IN	DT	NNP	POS	NN	NN	IN	DT	NNP	.	VBD	NN	IN	NNP	IN	NNP	CD	,	CD	.
cc	num	nsubj	prep	det	poss	possessive	nn	pobj	prep	det	pobj	p	root	dobj	prep	pobj	prep	pobj	num	p	num	p
14	3	14	3	6	9	6	9	4	9	12	10	14	0	14	14	16	14	18	19	14	19	14
O	B-CARDINAL	O	O	O	I-LANGUAGE	O	O	O	O	O	B-GPE	O	O	O	O	B-GPE	O	B-DATE	I-DATE	I-DATE	I-DATE	O
39
2
</positive>
<negative>
Williams	denied	an	ex-member	's	reported	claim	that	Kamm	ordered	the	digging	of	graves	in	preparation	for	a	mass	suicide	.
NNP	VBD	DT	NN	POS	JJ	NN	IN	NNP	VBD	DT	NN	IN	NNS	IN	NN	IN	DT	JJ	NN	.
nsubj	root	det	poss	possessive	amod	dobj	complm	nsubj	ccomp	det	dobj	prep	pobj	prep	pobj	prep	det	amod	pobj	p
2	0	4	7	4	7	2	10	10	2	12	10	12	13	14	15	10	20	20	17	2
O	O	O	O	O	O	O	O	B-PERSON	O	O	O	O	O	O	O	O	O	O	O	O
</negative>
<negative>
The	members	call	themselves	the	Yamassee	Native	American	Nuwaubians	and	claim	to	have	created	a	utopian	society	on	their	476-acre	compound	of	Egyptian	-style	architecture	.
DT	NNS	VBP	PRP	DT	NNP	NNP	NNP	NNP	CC	VBP	TO	VB	VBN	DT	NN	NN	IN	PRP$	JJ	NN	IN	JJ	JJ	NN	.
det	nsubj	root	nsubj	det	nn	nn	nn	xcomp	cc	conj	aux	aux	xcomp	det	nn	dobj	prep	poss	amod	pobj	prep	amod	amod	pobj	p
2	3	0	9	9	9	9	9	3	3	3	14	14	11	17	17	14	14	21	21	18	21	25	25	22	3
O	O	O	O	O	I-NORP	B-NORP	I-NORP	I-NORP	O	O	O	O	O	O	O	O	O	O	O	O	O	B-NORP	O	O	O
</negative>
<negative>
Members	say	they	pay	no	dues	and	are	free	to	come	and	go	.
NNS	VBP	PRP	VBP	DT	NNS	CC	VBP	JJ	TO	VB	CC	VB	.
nsubj	root	nsubj	ccomp	det	dobj	cc	cop	conj	aux	xcomp	cc	conj	p
2	0	4	2	6	4	4	9	4	11	9	11	11	2
O	O	O	O	O	O	O	O	O	O	O	O	O	O
</negative>
<negative>
And	they	insist	that	suicide	is	not	in	their	plans	.
CC	PRP	VBP	IN	NN	VBZ	RB	IN	PRP$	NNS	.
cc	nsubj	root	complm	nsubj	ccomp	neg	prep	poss	pobj	p
3	3	0	6	6	3	6	6	10	8	3
O	O	O	O	O	O	O	O	O	O	O
</negative>
<negative>
Leading	up	to	Denver	's	date	with	destiny	,	members	of	the	sect	,	Concerned	Christians	,	sold	their	cars	,	furniture	and	houses	.
VBG	RP	TO	NNP	POS	NN	IN	NN	,	NNS	IN	DT	NN	,	NNP	NNS	,	VBD	PRP$	NNS	,	NN	CC	NNS	.
partmod	prt	prep	poss	possessive	pobj	prep	pobj	p	nsubj	prep	det	pobj	p	nn	appos	p	root	poss	dobj	p	conj	cc	conj	p
18	1	1	6	4	3	1	7	18	18	10	13	11	18	16	13	18	0	20	18	18	20	20	20	18
O	O	O	B-GPE	O	O	O	O	O	O	O	O	O	O	O	B-NORP	O	O	O	O	O	O	O	O	O
</negative>
<negative>
``	Kim	has	such	control	over	this	group	,	''	said	Honsberger	,	who	has	talked	to	many	concerned	relatives	of	members	.
``	NNP	VBZ	JJ	NN	IN	DT	NN	,	''	VBD	NNP	,	WP	VBZ	VBN	TO	RB	VBN	NNS	IN	NNS	.
p	nsubj	ccomp	amod	dobj	prep	det	pobj	p	p	root	nsubj	p	nsubj	aux	rcmod	prep	advmod	amod	pobj	prep	pobj	p
11	3	11	5	3	5	8	6	11	11	0	11	11	16	16	12	16	19	20	17	20	21	11
O	B-PERSON	O	O	O	O	O	O	O	O	O	B-PERSON	O	O	O	O	O	O	O	O	O	O	O
</negative>
<negative>
Roggeman	,	the	police	officer	,	said	about	20	family	members	had	received	similarly	vague	messages	in	the	last	month	.
NNP	,	DT	NN	NN	,	VBD	RB	CD	NN	NNS	VBD	VBN	RB	JJ	NNS	IN	DT	JJ	NN	.
nsubj	p	det	nn	appos	p	root	quantmod	num	nn	nsubj	aux	ccomp	advmod	amod	dobj	prep	det	amod	pobj	p
7	7	5	5	1	7	0	9	11	11	13	13	7	15	16	13	13	20	20	17	7
B-PERSON	O	O	O	O	O	O	O	B-CARDINAL	O	O	O	O	O	O	O	O	B-DATE	I-DATE	I-DATE	O
</negative>
<negative>
And	the	proceeds	from	the	Heaven	's	Gate	auction	were	designated	to	repay	the	families	of	the	cult	members	for	their	burial	expenses	.
CC	DT	NNS	IN	DT	NNP	POS	NNP	NN	VBD	VBN	TO	VB	DT	NNS	IN	DT	NN	NNS	IN	PRP$	NN	NNS	.
cc	det	nsubjpass	prep	det	poss	possessive	nn	pobj	auxpass	root	aux	xcomp	det	dobj	prep	det	nn	pobj	prep	poss	nn	pobj	p
11	3	11	3	6	9	6	9	4	11	0	13	11	15	13	15	19	19	16	13	23	23	20	11
O	O	O	O	O	I-FAC	I-FAC	I-FAC	O	O	O	O	O	O	O	O	O	O	O	O	O	O	O	O
</negative>
</QApairs>
<QApairs id='46.3'>
<question>
When	did	the	mass	suicide	of	Heaven	's	Gate	occur	?
WRB	VBD	DT	JJ	NN	IN	NNP	POS	NN	VB	.
advmod	aux	det	amod	nsubj	prep	poss	possessive	pobj	root	p
10	10	5	5	10	5	9	7	6	0	10
O	O	O	O	O	O	O	O	O	O	O
</question>
<positive>
West	was	sought	out	by	the	news	media	for	insight	on	cults	as	recently	as	1997	,	when	the	group	Heaven	's	Gate	staged	a	mass	suicide	in	San	Diego	.
NNP	VBD	VBN	RP	IN	DT	NN	NNS	IN	NN	IN	NNS	RB	RB	IN	CD	,	WRB	DT	NN	NN	POS	NN	VBD	DT	JJ	NN	IN	NNP	NNP	.
nsubjpass	auxpass	root	prt	prep	det	nn	pobj	prep	pobj	prep	pobj	advmod	advmod	prep	pobj	p	advmod	det	nn	poss	possessive	nsubj	advcl	det	amod	dobj	prep	nn	pobj	p
3	3	0	3	3	8	8	5	8	9	10	11	14	3	3	15	3	24	21	21	23	21	24	3	27	27	24	24	30	28	3
O	O	O	O	O	O	O	O	O	O	O	O	O	O	O	B-DATE	O	O	O	O	B-ORG	I-ORG	I-ORG	O	O	O	O	O	B-GPE	I-GPE	O
1997
16
</positive>
<positive>
Such	predictions	about	spacecraft	remind	some	of	the	group	's	neighbors	of	the	Heaven	's	Gate	sect	in	Rancho	Santa	Fe	,	Calif	.	,	who	committed	mass	suicide	in	1997	.
JJ	NNS	IN	NN	VBD	DT	IN	DT	NN	POS	NNS	IN	DT	NNP	POS	NNP	NN	IN	NNP	NNP	NNP	,	NNP	.	,	WP	VBD	JJ	NN	IN	CD	.
amod	nsubj	prep	pobj	root	dobj	prep	det	poss	possessive	pobj	prep	det	poss	possessive	nn	pobj	prep	nn	nn	pobj	p	appos	p	p	nsubj	rcmod	amod	dobj	prep	pobj	p
2	5	2	3	0	5	6	9	11	9	7	6	14	17	14	17	12	5	21	21	18	5	21	5	5	27	21	29	27	27	30	5
O	O	O	O	O	O	O	O	O	O	O	O	O	I-LANGUAGE	O	O	O	O	B-GPE	I-GPE	I-GPE	O	B-GPE	O	O	O	O	O	O	O	B-DATE	O
1997
31
</positive>
<positive>
The	similarities	between	the	Nuwaubians	and	the	39	members	of	the	Heaven	's	Gate	sect	in	Rancho	Santa	Fe	,	Calif	.	,	who	committed	mass	suicide	in	March	1997	,	were	too	close	to	ignore	,	Sills	said	.
DT	NNS	IN	DT	NNPS	CC	DT	CD	NNS	IN	DT	NNP	POS	NN	NN	IN	NNP	NNP	NNP	,	NNP	.	,	WP	VBD	JJ	NN	IN	NNP	CD	,	VBD	RB	JJ	TO	VB	,	NNP	VBD	.
det	nsubj	prep	det	pobj	cc	det	num	conj	prep	det	poss	possessive	nn	pobj	prep	nn	nn	pobj	p	nsubj	p	p	nsubj	rcmod	amod	dobj	prep	pobj	num	p	cop	advmod	ccomp	aux	xcomp	p	nsubj	root	p
2	34	2	5	3	2	9	9	2	9	12	15	12	15	10	15	19	19	16	39	34	39	39	25	21	27	25	25	28	29	39	34	34	39	36	34	39	39	0	39
O	O	O	O	B-NORP	O	O	B-CARDINAL	O	O	O	I-LANGUAGE	O	O	O	O	B-GPE	I-GPE	I-GPE	O	B-GPE	O	O	O	O	O	O	O	B-DATE	I-DATE	O	O	O	O	O	O	O	B-PERSON	O	O
1997
30
</positive>
<positive>
March	26	,	1997	:	The	Heaven	's	Gate	cult	carries	out	a	mass	suicide	.
NNP	CD	,	CD	:	DT	NNP	POS	NN	NN	VBZ	RP	DT	JJ	NN	.
root	num	p	num	p	det	poss	possessive	nn	nsubj	dep	prt	det	amod	dobj	p
0	1	1	1	1	7	10	7	10	11	1	11	15	15	11	1
B-DATE	I-DATE	I-DATE	I-DATE	O	O	I-LAW	I-LAW	I-LAW	O	O	O	O	O	O	O
1997
4
</positive>
<positive>
And	39	members	of	the	Heaven	's	Gate	cult	in	the	U.S	.	committed	suicide	in	California	on	March	26	,	1997	.
CC	CD	NNS	IN	DT	NNP	POS	NN	NN	IN	DT	NNP	.	VBD	NN	IN	NNP	IN	NNP	CD	,	CD	.
cc	num	nsubj	prep	det	poss	possessive	nn	pobj	prep	det	pobj	p	root	dobj	prep	pobj	prep	pobj	num	p	num	p
14	3	14	3	6	9	6	9	4	9	12	10	14	0	14	14	16	14	18	19	14	19	14
O	B-CARDINAL	O	O	O	I-LANGUAGE	O	O	O	O	O	B-GPE	O	O	O	O	B-GPE	O	B-DATE	I-DATE	I-DATE	I-DATE	O
1997
22
</positive>
<negative>
While	the	letter	has	long	been	in	the	works	,	the	bishops	felt	a	special	incentive	to	write	it	after	a	mass	suicide	during	Easter	week	,	1997	.
IN	DT	NN	VBZ	RB	VBN	IN	DT	NNS	,	DT	NNS	VBD	DT	JJ	NN	TO	VB	PRP	IN	DT	JJ	NN	IN	NNP	NN	,	CD	.
mark	det	nsubj	aux	advmod	advcl	prep	det	pobj	p	det	nsubj	root	det	amod	dobj	aux	xcomp	dobj	prep	det	amod	pobj	prep	nn	tmod	p	num	p
6	3	6	6	6	13	6	9	7	13	12	13	0	16	16	13	18	13	18	18	23	23	20	18	26	18	13	26	13
O	O	O	O	O	O	O	O	O	O	O	O	O	O	O	O	O	O	O	O	O	O	O	O	B-DATE	I-DATE	I-DATE	I-DATE	O
</negative>
<negative>
Williams	denied	an	ex-member	's	reported	claim	that	Kamm	ordered	the	digging	of	graves	in	preparation	for	a	mass	suicide	.
NNP	VBD	DT	NN	POS	JJ	NN	IN	NNP	VBD	DT	NN	IN	NNS	IN	NN	IN	DT	JJ	NN	.
nsubj	root	det	poss	possessive	amod	dobj	complm	nsubj	ccomp	det	dobj	prep	pobj	prep	pobj	prep	det	amod	pobj	p
2	0	4	7	4	7	2	10	10	2	12	10	12	13	14	15	10	20	20	17	2
O	O	O	O	O	O	O	O	B-PERSON	O	O	O	O	O	O	O	O	O	O	O	O
</negative>
<negative>
Lucas	said	Wilson	did	not	consider	Kamm	's	visions	authentic	or	that	the	activities	of	the	order	were	consistent	with	Catholic	practice	.
NNP	VBD	NNP	VBD	RB	VB	NNP	POS	NNS	NNS	CC	IN	DT	NNS	IN	DT	NN	VBD	JJ	IN	JJ	NN	.
nsubj	root	nsubj	aux	neg	ccomp	poss	possessive	nn	dobj	cc	complm	det	nsubj	prep	det	pobj	cop	conj	prep	amod	pobj	p
2	0	6	6	6	2	10	7	10	6	6	19	14	19	14	17	15	19	6	19	22	20	2
B-PERSON	O	B-PERSON	O	O	O	B-ORG	O	O	O	O	O	O	O	O	O	O	O	O	O	B-NORP	O	O
</negative>
<negative>
The	inquiry	would	allow	the	church	to	make	a	``	definitive	statement	to	Catholics	and	the	public	generally	''	that	church	did	not	support	the	cult	.
DT	NN	MD	VB	DT	NN	TO	VB	DT	``	JJ	NN	TO	NNPS	CC	DT	NN	RB	''	IN	NN	VBD	RB	VB	DT	NN	.
det	nsubj	aux	root	det	dobj	aux	infmod	det	p	amod	dobj	prep	pobj	cc	det	conj	advmod	p	complm	nsubj	aux	neg	ccomp	det	dobj	p
2	4	4	0	6	4	8	6	12	4	12	8	8	13	14	17	14	4	4	24	24	24	24	4	26	24	4
O	O	O	O	O	O	O	O	O	O	O	O	O	B-NORP	O	O	O	O	O	O	O	O	O	O	O	O	O
</negative>
<negative>
He	said	the	messages	warned	that	people	must	atone	for	their	sins	or	they	would	be	destroyed	on	Judgment	Day	,	which	would	occur	sometime	before	the	end	of	next	year	.
PRP	VBD	DT	NNS	VBD	IN	NNS	MD	VB	IN	PRP$	NNS	CC	PRP	MD	VB	VBN	IN	NNP	NNP	,	WDT	MD	VB	RB	IN	DT	NN	IN	JJ	NN	.
nsubj	root	det	nsubj	ccomp	complm	nsubj	aux	ccomp	prep	poss	pobj	cc	nsubjpass	aux	auxpass	conj	prep	nn	pobj	p	nsubj	aux	rcmod	advmod	prep	det	pobj	prep	amod	pobj	p
2	0	4	5	2	9	9	9	5	9	12	10	2	17	17	17	2	17	20	18	2	24	24	20	24	24	28	26	28	31	29	2
O	O	O	O	O	O	O	O	O	O	O	O	O	O	O	O	O	O	B-DATE	I-DATE	O	O	O	O	O	O	O	O	O	B-DATE	I-DATE	O
</negative>
<negative>
Asked	to	explain	why	it	did	n't	happen	,	Williams	said	:	``	It	's	the	Hale-Bopp	comet	,	and	the	Virgin	Mary	gave	us	a	date	but	not	the	year	,	just	the	day	and	the	month	.
VBN	TO	VB	WRB	PRP	VBD	RB	VB	,	NNP	VBD	:	``	PRP	VBZ	DT	NN	NN	,	CC	DT	NNP	NNP	VBD	PRP	DT	NN	CC	RB	DT	NN	,	RB	DT	NN	CC	DT	NN	.
partmod	aux	xcomp	advmod	nsubj	aux	neg	advcl	p	nsubj	root	p	p	nsubj	cop	det	nn	dep	p	cc	det	nn	nsubj	conj	iobj	det	dobj	cc	cc	det	conj	p	advmod	det	conj	cc	det	conj	p
11	3	1	8	8	8	8	3	11	11	0	11	11	18	18	18	18	11	11	18	23	23	24	18	24	27	24	29	27	31	27	11	35	35	27	27	38	27	11
O	O	O	O	O	O	O	O	O	B-PERSON	O	O	O	O	O	O	B-PRODUCT	O	O	O	O	B-PERSON	I-PERSON	O	O	O	O	O	O	O	O	O	O	O	O	O	O	O	O
</negative>
<negative>
Wingfield	did	not	rule	on	the	contempt	charge	against	York	.
NNP	VBD	RB	VB	IN	DT	NN	NN	IN	NNP	.
nsubj	aux	neg	root	prep	det	nn	pobj	prep	pobj	p
4	4	4	0	4	8	8	5	8	9	4
O	O	O	O	O	O	O	O	O	B-GPE	O
</negative>
<negative>
And	they	insist	that	suicide	is	not	in	their	plans	.
CC	PRP	VBP	IN	NN	VBZ	RB	IN	PRP$	NNS	.
cc	nsubj	root	complm	nsubj	ccomp	neg	prep	poss	pobj	p
3	3	0	6	6	3	6	6	10	8	3
O	O	O	O	O	O	O	O	O	O	O
</negative>
<negative>
999	:	Christians	aware	of	the	calendar	count	that	began	with	the	birth	of	Jesus	believe	the	Second	Coming	will	occur	at	the	end	of	the	first	millennium	.
CD	:	NNS	JJ	IN	DT	NN	NN	WDT	VBD	IN	DT	NN	IN	NNP	VBP	DT	NNP	NNP	MD	VB	IN	DT	NN	IN	DT	JJ	NN	.
root	p	dep	amod	prep	det	nn	pobj	nsubj	rcmod	mark	det	nsubj	prep	pobj	advcl	det	nn	nsubj	aux	ccomp	prep	det	pobj	prep	det	amod	pobj	p
0	1	1	3	4	8	8	5	10	8	16	13	16	13	14	10	19	19	21	21	16	21	24	22	24	28	28	25	1
B-CARDINAL	O	B-NORP	O	O	O	O	O	O	O	O	O	O	O	B-PERSON	O	O	B-ORDINAL	O	O	O	O	O	O	O	O	I-LANGUAGE	O	O
</negative>
</QApairs>
<QApairs id='46.4'>
<question>
Where	did	the	mass	suicide	of	Heaven	's	Gate	occur	?
WRB	VBD	DT	JJ	NN	IN	NNP	POS	NN	VB	.
advmod	aux	det	amod	nsubj	prep	poss	possessive	pobj	root	p
10	10	5	5	10	5	9	7	6	0	10
O	O	O	O	O	O	O	O	O	O	O
</question>
<positive>
West	was	sought	out	by	the	news	media	for	insight	on	cults	as	recently	as	1997	,	when	the	group	Heaven	's	Gate	staged	a	mass	suicide	in	San	Diego	.
NNP	VBD	VBN	RP	IN	DT	NN	NNS	IN	NN	IN	NNS	RB	RB	IN	CD	,	WRB	DT	NN	NN	POS	NN	VBD	DT	JJ	NN	IN	NNP	NNP	.
nsubjpass	auxpass	root	prt	prep	det	nn	pobj	prep	pobj	prep	pobj	advmod	advmod	prep	pobj	p	advmod	det	nn	poss	possessive	nsubj	advcl	det	amod	dobj	prep	nn	pobj	p
3	3	0	3	3	8	8	5	8	9	10	11	14	3	3	15	3	24	21	21	23	21	24	3	27	27	24	24	30	28	3
O	O	O	O	O	O	O	O	O	O	O	O	O	O	O	B-DATE	O	O	O	O	B-ORG	I-ORG	I-ORG	O	O	O	O	O	B-GPE	I-GPE	O
San	Diego
29	30
</positive>
<positive>
Late	last	month	,	more	than	350	people	turned	out	in	San	Diego	to	bid	for	the	possessions	of	the	members	of	the	Heaven	's	Gate	cult	whose	39	in-house	fanatics	did	away	with	themselves	in	a	mass	suicide	.
RB	JJ	NN	,	JJR	IN	CD	NNS	VBD	RP	IN	NNP	NNP	TO	VB	IN	DT	NNS	IN	DT	NNS	IN	DT	NNP	POS	NNP	NN	WP$	CD	JJ	NNS	VBD	RP	IN	PRP	IN	DT	JJ	NN	.
advmod	amod	tmod	p	mwe	quantmod	num	nsubj	root	prt	prep	nn	pobj	aux	xcomp	prep	det	pobj	prep	det	pobj	prep	det	poss	possessive	nn	pobj	dep	num	amod	nsubj	dep	prt	prep	pobj	prep	det	amod	pobj	p
3	3	9	9	6	7	8	9	0	9	9	13	11	15	9	15	18	16	18	21	19	21	24	27	24	27	22	32	31	31	32	18	32	32	34	32	39	39	36	9
B-DATE	I-DATE	I-DATE	O	O	O	B-CARDINAL	O	O	O	O	B-GPE	I-GPE	O	O	O	O	O	O	O	O	O	O	I-LANGUAGE	O	O	O	O	B-CARDINAL	O	O	O	O	O	O	O	O	O	O	O
San	Diego
12	13
</positive>
<negative>
``	Based	on	all	indications	this	was	a	mass	suicide	,	''	Bill	Kolender	,	San	Diego	County	Sheriff	,	told	reporters	.
``	VBN	IN	DT	NNS	DT	VBD	DT	JJ	NN	,	''	NNP	NNP	,	NNP	NNP	NNP	NNP	,	VBD	NNS	.
p	prep	pcomp	det	pobj	nsubj	cop	det	amod	ccomp	p	p	nn	nsubj	p	nn	nn	nn	appos	p	root	dobj	p
21	10	2	5	3	10	10	10	10	21	21	21	14	21	21	19	19	19	14	21	0	21	21
O	O	O	O	O	O	O	O	O	O	O	O	B-PERSON	I-PERSON	O	B-GPE	I-GPE	I-GPE	O	O	O	O	O
</negative>
<negative>
A	medical	examiner	in	San	Diego	County	said	it	appeared	the	suicides	were	carried	out	in	three	groups	over	a	period	of	several	days	.
DT	JJ	NN	IN	NNP	NNP	NNP	VBD	PRP	VBD	DT	NNS	VBD	VBN	RP	IN	CD	NNS	IN	DT	NN	IN	JJ	NNS	.
det	amod	nsubj	prep	nn	nn	pobj	root	nsubj	ccomp	det	nsubjpass	auxpass	ccomp	prt	prep	num	pobj	prep	det	pobj	prep	amod	pobj	p
3	3	8	3	7	7	4	0	10	8	12	14	14	10	14	14	18	16	18	21	19	21	24	22	8
O	O	O	O	B-GPE	I-GPE	I-GPE	O	O	O	O	O	O	O	O	O	B-CARDINAL	O	O	O	O	O	B-DATE	I-DATE	O
</negative>
</QApairs>
<QApairs id='46.5'>
<question>
How	did	the	Heaven	's	Gate	members	commit	suicide	?
WRB	VBD	DT	NNP	POS	CD	NNS	VB	NN	.
advmod	aux	det	poss	possessive	num	nsubj	root	dobj	p
8	8	4	7	4	7	8	0	8	8
O	O	O	I-FAC	I-FAC	I-FAC	O	O	O	O
</question>
<negative>
WASHINGTON	,	March	27	-LRB-	Xinhua	-RRB-	--	Investigators	confirmed	today	that	the	deaths	of	39	cult	members	in	a	mass	suicide	in	southern	California	were	caused	by	drugs	.
NNP	,	NNP	CD	-LRB-	NNP	-RRB-	:	NNS	VBN	NN	IN	DT	NNS	IN	CD	NN	NNS	IN	DT	JJ	NN	IN	JJ	NNP	VBD	VBN	IN	NNS	.
nn	p	root	num	p	appos	p	p	dep	partmod	tmod	complm	det	nsubjpass	prep	num	nn	pobj	prep	det	amod	pobj	prep	amod	pobj	auxpass	ccomp	prep	pobj	p
3	3	0	3	3	3	3	3	3	9	10	27	14	27	14	18	18	15	18	22	22	19	22	25	23	27	10	27	28	3
B-GPE	O	B-DATE	I-DATE	O	B-ORG	O	O	O	O	B-DATE	O	O	O	O	B-CARDINAL	O	O	O	O	O	O	O	O	B-GPE	O	O	O	O	O
</negative>
<negative>
``	Based	on	all	indications	this	was	a	mass	suicide	,	''	Bill	Kolender	,	San	Diego	County	Sheriff	,	told	reporters	.
``	VBN	IN	DT	NNS	DT	VBD	DT	JJ	NN	,	''	NNP	NNP	,	NNP	NNP	NNP	NNP	,	VBD	NNS	.
p	prep	pcomp	det	pobj	nsubj	cop	det	amod	ccomp	p	p	nn	nsubj	p	nn	nn	nn	appos	p	root	dobj	p
21	10	2	5	3	10	10	10	10	21	21	21	14	21	21	19	19	19	14	21	0	21	21
O	O	O	O	O	O	O	O	O	O	O	O	B-PERSON	I-PERSON	O	B-GPE	I-GPE	I-GPE	O	O	O	O	O
</negative>
<negative>
``	The	group	acted	in	concert	to	commit	suicide	for	unknown	reasons	.	''
``	DT	NN	VBD	IN	NN	TO	VB	NN	IN	JJ	NNS	.	''
p	det	nsubj	root	prep	pobj	aux	xcomp	dobj	prep	amod	pobj	p	p
4	3	4	0	4	5	8	4	8	8	12	10	4	4
O	O	O	O	O	O	O	O	O	O	O	O	O	O
</negative>
</QApairs>
<QApairs id='46.6'>
<question>
Why	did	the	Heaven	's	Gate	members	commit	suicide	?
WRB	VBD	DT	NNP	POS	CD	NNS	VB	NN	.
advmod	aux	det	poss	possessive	num	nsubj	root	dobj	p
8	8	4	7	4	7	8	0	8	8
O	O	O	I-FAC	I-FAC	I-FAC	O	O	O	O
</question>
<positive>
This	is	not	just	a	case	of	members	of	the	Heaven	's	Gate	cult	committing	suicide	to	join	a	flying	saucer	hiding	behind	the	Hale-Bopp	comet	.
DT	VBZ	RB	RB	DT	NN	IN	NNS	IN	DT	NNP	POS	NNP	NN	VBG	NN	TO	VB	DT	VBG	NN	VBG	IN	DT	NN	NN	.
nsubj	cop	neg	advmod	det	root	prep	pobj	prep	det	poss	possessive	nn	pobj	xcomp	dobj	aux	xcomp	det	amod	dobj	partmod	prep	det	nn	pobj	p
6	6	6	6	6	0	6	7	8	11	14	11	14	9	6	15	18	15	21	21	18	21	22	26	26	23	6
O	O	O	O	O	O	O	O	O	O	I-LANGUAGE	O	O	O	O	O	O	O	O	O	O	O	O	O	B-EVENT	O	O
to	join	a	flying	saucer	hiding	behind	the	Hale-Bopp	comet
17	18	19	20	21	22	23	24	25	26
</positive>
</QApairs>
<QApairs id='47.2'>
<question>
What	is	Bashar	Assad	's	party	affiliation	?
WP	VBZ	NNP	NNP	POS	NN	NN	.
attr	root	nn	poss	possessive	nn	nsubj	p
2	0	4	7	4	7	2	2
O	O	B-PERSON	I-PERSON	I-PERSON	O	O	O
</question>
<positive>
The	near	certainty	of	Bashar	Assad	's	succession	of	his	father	,	President	Hafez	Assad	,	gets	a	fresh	boost	Saturday	when	Syria	's	ruling	Baath	party	meets	to	elect	him	party	leader	and	declare	his	candidacy	for	president	.
DT	JJ	NN	IN	NNP	NNP	POS	NN	IN	PRP$	NN	,	NNP	NNP	NNP	,	VBZ	DT	JJ	NN	NNP	WRB	NNP	POS	VBG	JJ	NN	VBZ	TO	VB	PRP	NN	NN	CC	VB	PRP$	NN	IN	NN	.
det	amod	nsubj	prep	nn	poss	possessive	pobj	prep	poss	pobj	p	nn	nn	appos	p	root	det	amod	dobj	tmod	advmod	poss	possessive	amod	amod	nsubj	advcl	aux	xcomp	nsubj	nn	xcomp	cc	conj	poss	dobj	prep	pobj	p
3	3	17	3	6	8	6	4	8	11	9	17	15	15	11	17	0	20	20	17	17	28	27	23	27	27	28	17	30	28	33	33	30	30	30	37	35	35	38	17
O	O	O	O	B-PERSON	I-PERSON	I-PERSON	O	O	O	O	O	O	B-PERSON	I-PERSON	O	O	O	O	O	B-DATE	O	B-GPE	O	O	B-ORG	O	O	O	O	O	O	O	O	O	O	O	O	O	O
Baath
26
</positive>
<positive>
Syria	's	ruling	Baath	Party	opened	its	first	conference	in	15	years	Saturday	to	elect	Bashar	Assad	party	leader	and	declare	his	candidacy	for	president	,	putting	him	closer	to	succeeding	his	father	,	the	late	President	Hafez	Assad	.
NNP	POS	NN	NNP	NNP	VBD	PRP$	JJ	NN	IN	CD	NNS	NNP	TO	VB	NNP	NNP	NN	NN	CC	VB	PRP$	NN	IN	NN	,	VBG	PRP	JJR	TO	VBG	PRP$	NN	,	DT	JJ	NNP	NNP	NNP	.
poss	possessive	nn	nn	nsubj	root	poss	amod	dobj	prep	num	pobj	dep	aux	xcomp	nn	nsubj	nn	xcomp	cc	conj	poss	dobj	prep	pobj	p	xcomp	nsubj	xcomp	prep	pcomp	poss	dobj	p	det	amod	nn	nn	appos	p
5	1	5	5	6	0	9	9	6	6	12	10	12	15	6	17	19	19	15	15	15	23	21	21	24	6	6	29	27	29	30	33	31	6	39	39	39	39	33	6
B-GPE	O	O	B-ORG	I-ORG	O	O	B-ORDINAL	O	O	B-DATE	I-DATE	B-DATE	O	O	B-PERSON	I-PERSON	O	O	O	O	O	O	O	O	O	O	O	O	O	O	O	O	O	O	O	O	B-PERSON	I-PERSON	O
Baath
4
</positive>
<positive>
Bashar	Assad	is	a	Baath	party	member	--	one	of	an	estimated	1.5	million	--	but	until	now	has	not	held	any	formal	position	in	the	party	.
NNP	NNP	VBZ	DT	NNP	NN	NN	:	CD	IN	DT	VBN	CD	CD	:	CC	IN	RB	VBZ	RB	VBN	DT	JJ	NN	IN	DT	NN	.
nn	nsubj	cop	det	nn	nn	root	p	dep	prep	det	amod	number	pobj	p	dep	mark	advmod	aux	neg	parataxis	det	amod	dobj	prep	det	pobj	p
2	7	7	7	7	7	0	7	7	9	14	14	14	10	7	21	21	21	21	21	7	24	24	21	7	27	25	7
B-PERSON	I-PERSON	O	O	B-ORG	O	O	O	O	O	O	O	B-CARDINAL	I-CARDINAL	O	O	O	O	O	O	O	O	O	O	O	O	O	O
Baath
5
</positive>
<positive>
On	Saturday	,	Syria	's	ruling	Baath	Party	opened	its	first	conference	in	15	years	to	elect	Bashar	Assad	party	leader	and	declare	his	candidacy	for	president	,	putting	him	closer	to	succeeding	his	father	.
IN	NNP	,	NNP	POS	NN	NNP	NNP	VBD	PRP$	JJ	NN	IN	CD	NNS	TO	VB	NNP	NNP	NN	NN	CC	VB	PRP$	NN	IN	NN	,	VBG	PRP	JJR	TO	VBG	PRP$	NN	.
prep	pobj	p	poss	possessive	nn	nn	nsubj	root	poss	amod	dobj	prep	num	pobj	aux	xcomp	nn	nsubj	nn	xcomp	cc	conj	poss	dobj	prep	pobj	p	xcomp	nsubj	xcomp	prep	pcomp	poss	dobj	p
9	1	9	8	4	8	8	9	0	12	12	9	9	15	13	17	9	19	21	21	17	17	17	25	23	23	26	9	9	31	29	31	32	35	33	9
O	B-DATE	O	B-GPE	O	O	B-ORG	I-ORG	O	O	B-ORDINAL	O	O	B-DATE	I-DATE	O	O	B-PERSON	I-PERSON	O	O	O	O	O	O	O	O	O	O	O	O	O	O	O	O	O
Baath
7
</positive>
<positive>
Syria	's	ruling	Baath	party	nominated	Bashar	Assad	for	president	on	Tuesday	,	making	it	virtually	certain	he	will	succeed	his	late	father	as	leader	of	the	country	.
NNP	POS	VBG	JJ	NN	VBD	NNP	NNP	IN	NN	IN	NNP	,	VBG	PRP	RB	JJ	PRP	MD	VB	PRP$	JJ	NN	IN	NN	IN	DT	NN	.
poss	possessive	amod	amod	nsubj	root	nn	dobj	prep	pobj	prep	pobj	p	partmod	nsubj	advmod	xcomp	nsubj	aux	dep	poss	amod	dobj	prep	pobj	prep	det	pobj	p
5	1	5	5	6	0	8	6	8	9	6	11	6	6	17	17	14	20	20	17	23	23	20	20	24	25	28	26	6
B-GPE	O	O	O	O	O	B-PERSON	I-PERSON	O	O	O	B-DATE	O	O	O	O	O	O	O	O	O	O	O	O	O	O	O	O	O
Baath
4
</positive>
<positive>
Addressing	the	closing	session	of	the	party	's	congress	,	Bashar	Assad	vowed	that	Baath	would	remain	faithful	to	the	principles	laid	down	by	his	father	,	President	Hafez	Assad	.
VBG	DT	VBG	NN	IN	DT	NN	POS	NN	,	NNP	NNP	VBD	IN	NNP	MD	VB	NN	TO	DT	NNS	VBN	RP	IN	PRP$	NN	,	NNP	NNP	NNP	.
partmod	det	amod	dobj	prep	det	poss	possessive	pobj	p	nn	nsubj	root	complm	nsubj	aux	cop	ccomp	prep	det	pobj	partmod	prt	prep	poss	pobj	p	nn	nn	appos	p
13	4	4	1	4	7	9	7	5	13	12	13	0	18	18	18	18	13	18	21	19	21	22	22	26	24	13	30	30	26	13
O	O	O	O	O	O	O	O	O	O	B-PERSON	I-PERSON	O	O	B-ORG	O	O	O	O	O	O	O	O	O	O	O	O	O	B-PERSON	I-PERSON	O
Baath
15
</positive>
<positive>
Bashar	Assad	rejected	suggestions	that	the	Baath	party	,	which	has	monopolized	power	since	1963	,	was	becoming	antiquated	.
NNP	NNP	VBD	NNS	IN	DT	JJ	NN	,	WDT	VBZ	VBN	NN	IN	CD	,	VBD	VBG	JJ	.
nn	nsubj	root	dobj	complm	det	amod	nsubj	p	nsubj	aux	rcmod	dobj	prep	pobj	p	aux	ccomp	acomp	p
2	3	0	3	18	8	8	18	3	12	12	8	12	12	14	3	18	3	18	3
B-PERSON	I-PERSON	O	O	O	O	B-EVENT	O	O	O	O	O	O	O	B-DATE	O	O	O	O	O
Baath
7
</positive>
<positive>
The	ruling	Baath	Party	elected	Bashar	Assad	to	the	post	of	secretary	general	of	its	executive	on	Saturday	--	bringing	the	34-year-old	another	step	closer	to	taking	over	the	presidency	left	vacant	by	his	father	's	death	.
DT	VBG	NNP	NNP	VBD	NNP	NNP	TO	DT	NN	IN	NN	NN	IN	PRP$	NN	IN	NNP	:	VBG	DT	NN	DT	NN	JJR	TO	VBG	IN	DT	NN	VBD	JJ	IN	PRP$	NN	POS	NN	.
det	amod	nn	nsubj	root	nn	dobj	prep	det	pobj	prep	nn	pobj	prep	poss	pobj	prep	pobj	p	csubj	det	npadvmod	det	dep	advmod	prep	pcomp	prep	det	pobj	parataxis	acomp	prep	poss	poss	possessive	pobj	p
4	4	4	5	0	7	5	5	10	8	10	13	11	13	16	14	5	17	5	31	22	25	24	22	20	25	26	27	30	28	5	31	31	35	37	35	33	5
O	O	B-ORG	I-ORG	O	B-PERSON	I-PERSON	O	O	O	O	O	O	O	O	O	O	B-DATE	O	O	O	O	O	O	O	O	O	O	O	O	O	O	O	O	O	O	O	O
Baath
3
</positive>
<positive>
Since	the	June	10	death	of	his	father	,	President	Hafez	Assad	,	the	parliament	,	the	Baath	Party	and	state-controlled	media	have	been	promoting	Bashar	Assad	as	Syria	's	next	leader	.
IN	DT	NNP	CD	NN	IN	PRP$	NN	,	NNP	NNP	NNP	,	DT	NN	,	DT	NNP	NNP	CC	JJ	NNS	VBP	VBN	VBG	NNP	NNP	IN	NNP	POS	JJ	NN	.
prep	det	nn	num	pobj	prep	poss	pobj	p	nn	nn	nsubj	p	det	conj	p	det	nn	conj	cc	amod	conj	aux	aux	root	nn	dobj	prep	poss	possessive	amod	pobj	p
25	5	5	5	1	5	8	6	25	12	12	25	25	15	12	25	19	19	12	12	22	12	25	25	0	27	25	27	32	29	32	28	25
O	B-DATE	I-DATE	I-DATE	O	O	O	O	O	O	B-PERSON	I-PERSON	O	O	O	O	B-ORG	I-ORG	I-ORG	O	O	O	O	O	O	B-PERSON	I-PERSON	O	B-GPE	O	O	O	O
Baath
18
</positive>
<positive>
The	state	television	also	said	that	the	leadership	of	the	ruling	Baath	Party	had	voted	unanimously	to	nominate	Bashar	Assad	for	the	presidency	.
DT	NN	NN	RB	VBD	IN	DT	NN	IN	DT	VBG	NNP	NNP	VBD	VBN	RB	TO	VB	NNP	NNP	IN	DT	NN	.
det	nn	nsubj	advmod	root	complm	det	nsubj	prep	det	amod	nn	pobj	aux	ccomp	advmod	aux	xcomp	nn	dobj	prep	det	pobj	p
3	3	5	5	0	15	8	15	8	13	13	13	9	15	5	15	18	15	20	18	20	23	21	5
O	O	O	O	O	O	O	O	O	O	O	B-ORG	I-ORG	O	O	O	O	O	B-PERSON	I-PERSON	O	O	O	O
Baath
12
</positive>
<negative>
At	the	Baath	party	conference	,	expected	to	last	up	to	five	days	,	about	1,000	delegates	are	to	elect	a	90	-person	central	committee	,	which	will	choose	a	new	21	-member	national	leadership	.
IN	DT	NNP	NN	NN	,	VBN	TO	VB	RP	TO	CD	NNS	,	RB	CD	NNS	VBP	TO	VB	DT	CD	JJ	JJ	NN	,	WDT	MD	VB	DT	JJ	CD	NN	JJ	NN	.
prep	det	nn	nn	pobj	p	partmod	aux	xcomp	prt	prep	num	pobj	p	quantmod	num	nsubj	root	aux	xcomp	det	number	amod	amod	dobj	p	nsubj	aux	rcmod	det	amod	num	npadvmod	amod	dobj	p
18	5	5	5	1	18	5	9	7	9	9	13	11	18	16	17	18	0	20	18	25	23	25	25	20	18	29	29	25	35	35	33	34	35	29	18
O	O	B-ORG	O	O	O	O	O	O	O	O	B-DATE	I-DATE	O	O	B-CARDINAL	O	O	O	O	O	B-CARDINAL	O	O	O	O	O	O	O	O	O	B-CARDINAL	O	O	O	O
</negative>
<negative>
The	congress	also	elected	20	members	to	join	Bashar	on	the	party	's	executive	,	the	Baath	's	most	powerful	policy-making	body	.
DT	NN	RB	VBD	CD	NNS	TO	VB	NNP	IN	DT	NN	POS	NN	,	DT	NNP	POS	JJS	JJ	VBG	NN	.
det	nsubj	advmod	root	num	dobj	aux	xcomp	dobj	prep	det	poss	possessive	pobj	p	det	poss	possessive	amod	amod	amod	appos	p
2	4	4	0	6	4	8	4	8	9	12	14	12	10	4	17	22	17	22	22	22	9	4
O	O	O	O	B-CARDINAL	O	O	O	B-PERSON	O	O	O	O	O	O	O	I-GPE	O	O	O	O	O	O
</negative>
<negative>
Within	hours	of	the	death	,	the	250	-seat	Baath	-dominated	parliament	lowered	the	minimum	age	for	president	from	40	to	34	--	making	Bashar	eligible	for	the	post	.
IN	NNS	IN	DT	NN	,	DT	CD	JJ	NNP	JJ	NN	VBD	DT	JJ	NN	IN	NN	IN	CD	TO	CD	:	VBG	NNP	JJ	IN	DT	NN	.
prep	pobj	prep	det	pobj	p	det	number	amod	nn	amod	nsubj	root	det	amod	dobj	prep	pobj	prep	number	dep	pobj	p	parataxis	nsubj	xcomp	prep	det	pobj	p
13	1	2	5	3	13	12	9	12	12	12	13	0	16	16	13	16	17	13	22	22	19	13	13	26	24	26	29	27	13
O	B-TIME	O	O	O	O	O	B-CARDINAL	O	O	O	O	O	O	O	O	O	O	O	B-CARDINAL	O	B-CARDINAL	O	O	B-PERSON	O	O	O	O	O
</negative>
<negative>
The	Baath	Party	has	ruled	Syria	since	1963	.
DT	NNP	NNP	VBZ	VBN	NNP	IN	CD	.
det	nn	nsubj	aux	root	dobj	prep	pobj	p
3	3	5	5	0	5	6	7	5
B-ORG	I-ORG	I-ORG	O	O	B-GPE	O	B-DATE	O
</negative>
<negative>
Observers	suggested	they	had	been	organized	along	the	lines	of	the	different	government	ministries	,	political	youth	organizations	,	and	Baath	Party	districts	.
NNS	VBD	PRP	VBD	VBN	VBN	IN	DT	NNS	IN	DT	JJ	NN	NNS	,	JJ	NN	NNS	,	CC	NNP	NNP	NNS	.
nsubj	root	nsubjpass	aux	auxpass	ccomp	prep	det	pobj	prep	det	amod	nn	pobj	p	amod	nn	conj	p	cc	nn	nn	conj	p
2	0	6	6	6	2	6	9	7	9	14	14	14	10	2	18	18	14	2	14	23	23	14	2
O	O	O	O	O	O	O	O	O	O	O	O	O	O	O	O	O	O	O	O	B-ORG	I-ORG	O	O
</negative>
<negative>
In	the	days	since	his	father	's	death	,	the	machinery	of	the	all-important	military	and	the	ruling	Baath	Party	,	the	main	elements	of	his	father	's	authoritarian	rule	,	have	moved	rapidly	to	elevate	the	young	man	.
IN	DT	NNS	IN	PRP$	NN	POS	NN	,	DT	NN	IN	DT	JJ	NN	CC	DT	NN	NNP	NNP	,	DT	JJ	NNS	IN	PRP$	NN	POS	JJ	NN	,	VBP	VBN	RB	TO	VB	DT	JJ	NN	.
prep	det	pobj	prep	poss	poss	possessive	pobj	p	det	nsubj	prep	det	amod	pobj	cc	det	conj	nn	dep	p	det	amod	appos	prep	poss	poss	possessive	amod	pobj	p	aux	root	advmod	aux	xcomp	det	amod	dobj	p
33	3	1	3	6	8	6	4	33	11	33	11	15	15	12	11	18	11	20	18	33	24	24	11	24	27	30	27	30	25	33	33	0	33	36	33	39	39	36	33
O	B-DATE	I-DATE	O	O	O	O	O	O	O	O	O	O	O	O	O	O	O	B-ORG	I-ORG	O	O	O	O	O	O	O	O	O	O	O	O	O	O	O	O	O	O	O	O
</negative>
<negative>
Major	military	figures	as	well	as	some	in	the	Baath	Party	were	seated	Tuesday	on	one	side	of	the	hall	where	Bashar	Assad	received	visitors	.
JJ	JJ	NNS	RB	RB	IN	DT	IN	DT	NNP	NNP	VBD	VBN	NNP	IN	CD	NN	IN	DT	NN	WRB	NNP	NNP	VBD	NNS	.
amod	amod	nsubjpass	advmod	cc	mwe	conj	prep	det	nn	pobj	auxpass	root	tmod	prep	num	pobj	prep	det	pobj	advmod	nn	nsubj	advcl	dobj	p
3	3	13	5	3	5	3	7	11	11	8	13	0	13	13	17	15	17	20	18	24	23	24	13	24	13
O	O	O	O	O	O	O	O	B-ORG	I-ORG	I-ORG	O	O	B-DATE	O	O	O	O	O	O	O	B-PERSON	I-PERSON	O	O	O
</negative>
<negative>
The	party	already	has	announced	an	initial	nomination	of	Bashar	Assad	for	president	,	and	a	formal	nomination	is	expected	to	be	announced	during	the	conference	.
DT	NN	RB	VBZ	VBN	DT	JJ	NN	IN	NNP	NNP	IN	NN	,	CC	DT	JJ	NN	VBZ	VBN	TO	VB	VBN	IN	DT	NN	.
det	nsubj	advmod	aux	root	det	amod	dobj	prep	nn	pobj	prep	pobj	p	cc	det	amod	nsubjpass	auxpass	conj	aux	auxpass	xcomp	prep	det	pobj	p
2	5	5	5	0	8	8	5	8	11	9	11	12	5	5	18	18	20	20	5	23	23	20	23	26	24	5
O	O	O	O	O	O	O	O	O	B-PERSON	I-PERSON	O	O	O	O	O	O	O	O	O	O	O	O	O	O	O	O
</negative>
<negative>
The	standing	delegates	then	chanted	the	party	anthem	without	music	or	applause	.
DT	NN	NNS	RB	VBD	DT	NN	NN	IN	NN	CC	NN	.
det	nn	nsubj	advmod	root	det	nn	dobj	prep	pobj	cc	conj	p
3	3	5	5	0	8	8	5	5	9	10	10	5
O	O	O	O	O	O	O	O	O	O	O	O	O
</negative>
<negative>
It	was	unclear	when	during	the	five-day	conference	the	party	members	would	elect	Bashar	Assad	to	lead	the	party	,	or	when	they	would	nominate	him	for	the	presidency	.
PRP	VBD	JJ	WRB	IN	DT	JJ	NN	DT	NN	NNS	MD	VB	NNP	NNP	TO	VB	DT	NN	,	CC	WRB	PRP	MD	VB	PRP	IN	DT	NN	.
nsubj	cop	root	advmod	prep	det	amod	pobj	det	nn	nsubj	aux	dep	nn	nsubj	aux	xcomp	det	dobj	p	cc	advmod	nsubj	aux	conj	dobj	prep	det	pobj	p
3	3	0	13	13	8	8	5	11	11	13	13	3	15	17	17	13	19	17	3	13	25	25	25	13	25	25	29	27	3
O	O	O	O	O	O	O	O	O	O	O	O	O	B-PERSON	I-PERSON	O	O	O	O	O	O	O	O	O	O	O	O	O	O	O
</negative>
<negative>
The	proceedings	were	also	to	focus	on	assessing	the	party	's	rule	.
DT	NNS	VBD	RB	TO	VB	IN	VBG	DT	NN	POS	NN	.
det	nsubj	root	advmod	aux	xcomp	prep	pcomp	det	poss	possessive	dobj	p
2	3	0	3	6	3	6	7	10	12	10	8	3
O	O	O	O	O	O	O	O	O	O	O	O	O
</negative>
<negative>
In	an	opening	speech	,	Suleiman	Qaddah	,	assistant	secretary-general	of	the	party	,	vowed	it	would	remain	loyal	to	Assad	's	policies	.
IN	DT	NN	NN	,	NNP	NNP	,	JJ	NN	IN	DT	NN	,	VBD	PRP	MD	VB	JJ	TO	NNP	POS	NNS	.
prep	det	nn	pobj	p	nn	nsubj	p	amod	appos	prep	det	pobj	p	root	nsubj	aux	cop	ccomp	prep	poss	possessive	pobj	p
15	4	4	1	15	7	15	15	10	7	10	13	11	15	0	19	19	19	15	19	23	21	20	15
O	O	O	O	O	B-PERSON	I-PERSON	O	O	O	O	O	O	O	O	O	O	O	O	O	B-PERSON	O	O	O
</negative>
<negative>
The	250	-seat	parliament	,	where	Baathists	enjoy	a	clear	majority	,	is	expected	to	set	a	date	for	a	presidential	referendum	in	which	Bashar	is	likely	to	be	the	only	candidate	.
DT	CD	JJ	NN	,	WRB	NNP	VBP	DT	JJ	NN	,	VBZ	VBN	TO	VB	DT	NN	IN	DT	JJ	NN	IN	WDT	NNP	VBZ	JJ	TO	VB	DT	JJ	NN	.
det	num	amod	nsubjpass	p	advmod	nsubj	rcmod	det	amod	dobj	p	auxpass	root	aux	xcomp	det	dobj	prep	det	amod	pobj	rel	pobj	nsubj	cop	rcmod	aux	cop	det	amod	xcomp	p
4	4	4	14	14	8	8	4	11	11	8	14	14	0	16	14	18	16	16	22	22	19	27	23	27	27	22	32	32	32	32	27	14
O	B-CARDINAL	O	O	O	O	B-NORP	O	O	O	O	O	O	O	O	O	O	O	O	O	O	O	O	O	B-PERSON	O	O	O	O	O	O	O	O
</negative>
<negative>
the	ideology	and	slogans	of	the	party	today	remain	relevant	,	''	he	told	the	congress	,	the	party	's	first	in	15	years	.
DT	NN	CC	NNS	IN	DT	NN	NN	VBP	JJ	,	''	PRP	VBD	DT	NN	,	DT	NN	POS	JJ	IN	CD	NNS	.
det	nsubj	cc	conj	prep	det	nn	pobj	cop	ccomp	p	p	nsubj	root	det	dobj	p	det	appos	possessive	amod	prep	num	pobj	p
2	10	2	2	2	8	8	5	10	14	14	14	14	0	16	14	14	19	16	19	19	14	24	22	14
O	O	O	O	O	O	O	B-DATE	O	O	O	O	O	O	O	O	O	O	O	O	B-ORDINAL	O	B-DATE	I-DATE	O
</negative>
<negative>
The	party	reshuffle	is	part	of	a	carefully	laid	out	script	to	pass	the	leadership	mantle	to	Bashar	,	a	former	eye	doctor	,	and	to	ensure	that	the	transition	is	smooth	.
DT	NN	NN	VBZ	NN	IN	DT	NN	VBN	RP	NN	TO	VB	DT	NN	NN	TO	NNP	,	DT	JJ	NN	NN	,	CC	TO	VB	IN	DT	NN	VBZ	JJ	.
det	nn	nsubj	cop	root	prep	det	pobj	partmod	prt	dobj	aux	dep	det	nn	dobj	prep	pobj	p	det	amod	nn	appos	p	cc	aux	conj	complm	det	nsubj	cop	ccomp	p
3	3	5	5	0	5	8	6	8	9	9	13	9	16	16	13	13	17	5	23	23	23	18	5	13	27	13	32	30	32	32	27	5
O	O	O	O	O	O	O	O	O	O	O	O	O	O	O	O	O	B-PERSON	O	O	O	O	O	O	O	O	O	O	O	O	O	O	O
</negative>
<negative>
''	Absolute	loyalty	to	Gen	.	Bashar	Assad	,	leader	of	the	march	of	the	people	and	the	party	,	''	read	the	front-page	headline	in	Al-Baath	,	the	party	's	mouthpiece	.
''	JJ	NN	TO	NNP	.	NNP	NNP	,	NN	IN	DT	NN	IN	DT	NNS	CC	DT	NN	,	''	VBD	DT	JJ	NN	IN	NNP	,	DT	NN	VBZ	JJ	.
p	amod	nsubj	prep	nn	p	nn	pobj	p	appos	prep	det	pobj	prep	det	pobj	cc	det	conj	p	p	ccomp	det	amod	dobj	prep	pobj	p	det	nsubj	cop	root	p
32	3	22	3	8	32	8	4	32	3	10	13	11	13	16	14	16	19	16	32	32	32	25	25	22	22	26	32	30	32	32	0	32
O	O	O	O	O	O	B-PERSON	I-PERSON	O	O	O	O	O	O	O	O	O	O	O	O	O	O	O	O	O	O	B-ORG	O	O	O	O	O	O
</negative>
<negative>
The	party	nominated	him	as	their	chief	,	and	newspapers	and	the	state	propaganda	machine	began	churning	out	editorials	,	posters	and	banners	declaring	Bashar	the	nation	's	hope	for	the	future	.
DT	NN	VBD	PRP	IN	PRP$	NN	,	CC	NNS	CC	DT	NN	NN	NN	VBD	VBG	RP	NNS	,	NNS	CC	NNS	VBG	NNP	DT	NN	POS	NN	IN	DT	NN	.
det	nsubj	root	dobj	prep	poss	pobj	p	cc	nsubj	cc	det	nn	nn	conj	conj	xcomp	prt	dobj	p	conj	cc	conj	xcomp	iobj	det	poss	possessive	dobj	prep	det	pobj	p
2	3	0	3	3	7	5	3	3	16	10	15	15	15	10	3	16	17	17	3	19	19	19	17	24	27	29	27	24	29	32	30	3
O	O	O	O	O	O	O	O	O	O	O	O	O	O	O	O	O	O	O	O	O	O	O	O	B-PERSON	O	O	O	O	O	O	O	O
</negative>
<negative>
A	fourth	party	in	the	case	--	former	Premier	Mahmoud	el-Zoubi	--	committed	suicide	May	21	as	he	was	about	to	be	served	a	judicial	summons	.
DT	JJ	NN	IN	DT	NN	:	JJ	NNP	NNP	NNP	:	VBD	NN	NNP	CD	IN	PRP	VBD	IN	TO	VB	VBN	DT	JJ	NNS	.
det	amod	nsubj	prep	det	pobj	p	amod	nn	nn	dep	p	root	dobj	tmod	num	mark	nsubj	aux	advcl	aux	auxpass	xcomp	det	amod	dobj	p
3	3	13	3	6	4	13	11	11	11	6	13	0	13	13	15	20	20	20	13	23	23	20	26	26	23	13
O	B-ORDINAL	O	O	O	O	O	O	O	B-PERSON	I-PERSON	O	O	O	B-DATE	I-DATE	O	O	O	O	O	O	O	O	O	O	O
</negative>
<negative>
His	party	nominated	him	for	president	and	is	to	confirm	the	nomination	on	June	17	at	the	first	major	party	congress	in	nearly	two	decades	.
PRP$	NN	VBD	PRP	IN	NN	CC	VBZ	TO	VB	DT	NN	IN	NNP	CD	IN	DT	JJ	JJ	NN	NN	IN	RB	CD	NNS	.
poss	nsubj	root	dobj	prep	pobj	cc	conj	aux	xcomp	det	dobj	prep	pobj	num	prep	det	amod	amod	nn	pobj	prep	quantmod	num	pobj	p
2	3	0	3	3	5	3	3	10	8	12	10	12	13	14	10	21	21	21	21	16	21	24	25	22	3
O	O	O	O	O	O	O	O	O	O	O	O	O	B-DATE	I-DATE	O	O	B-ORDINAL	O	O	O	O	O	B-DATE	I-DATE	O
</negative>
<negative>
In	the	last	two	years	,	the	late	president	purged	old	timers	from	the	military	and	the	party	who	were	likely	to	pose	a	threat	to	his	son	.
IN	DT	JJ	CD	NNS	,	DT	JJ	NN	VBD	JJ	NNS	IN	DT	NN	CC	DT	NN	WP	VBD	JJ	TO	VB	DT	NN	TO	PRP$	NN	.
prep	det	amod	num	pobj	p	det	amod	nsubj	root	amod	dobj	prep	det	pobj	cc	det	conj	nsubj	cop	rcmod	aux	xcomp	det	dobj	prep	poss	pobj	p
10	5	5	5	1	10	9	9	10	0	12	10	10	15	13	15	18	15	21	21	18	23	21	25	23	23	28	26	10
O	O	O	B-DATE	I-DATE	O	O	O	O	O	O	O	O	O	O	O	O	O	O	O	O	O	O	O	O	O	O	O	O
</negative>
</QApairs>
<QApairs id='47.3'>
<question>
What	was	Bashar	Assad	's	profession	prior	to	assuming	the	Presidency	?
WP	VBD	NNP	NNP	POS	NN	VBN	TO	VBG	DT	NNP	.
dobj	auxpass	nn	poss	possessive	nsubjpass	root	prep	pcomp	det	dobj	p
7	7	4	6	4	7	0	7	8	11	9	7
O	O	B-PERSON	I-PERSON	I-PERSON	O	O	O	O	O	O	O
</question>
<positive>
But	there	was	little	doubt	Saturday	that	the	late	president	's	wish	was	being	honored	and	that	Bashar	Assad	,	a	British	-educated	ophthalmologist	,	was	headed	for	the	presidency	.
CC	EX	VBD	JJ	NN	NNP	IN	DT	JJ	NN	POS	NN	VBD	VBG	VBN	CC	IN	NNP	NNP	,	DT	JJ	JJ	NN	,	VBD	VBN	IN	DT	NN	.
cc	expl	root	advmod	dep	nsubj	complm	det	amod	poss	possessive	nsubjpass	aux	auxpass	ccomp	cc	complm	nn	nsubjpass	p	det	amod	amod	appos	p	auxpass	conj	prep	det	pobj	p
3	3	0	3	4	3	15	10	10	12	10	15	15	15	3	15	27	19	27	3	24	24	24	19	3	27	15	27	30	28	3
O	O	O	O	O	B-DATE	O	O	O	O	O	O	O	O	O	O	O	B-PERSON	I-PERSON	O	O	B-NORP	O	O	O	O	O	O	O	O	O
ophthalmologist
24
</positive>
<positive>
Assad	brought	Bashar	home	from	Britain	where	he	was	studying	to	be	an	eye	doctor	to	prepare	him	for	the	presidency	after	his	eldest	son	,	Bassil	,	died	in	a	car	crash	1994	.
NNP	VBD	NNP	NN	IN	NNP	WRB	PRP	VBD	VBG	TO	VB	DT	NN	NN	TO	VB	PRP	IN	DT	NN	IN	PRP$	JJS	NN	,	NNP	,	VBD	IN	DT	NN	NN	CD	.
nsubj	root	nn	dobj	prep	pobj	advmod	nsubj	aux	advcl	aux	cop	det	nn	xcomp	aux	xcomp	dobj	prep	det	pobj	mark	poss	amod	nsubj	p	appos	p	advcl	prep	det	nn	pobj	dobj	p
2	0	4	2	2	5	10	10	10	2	15	15	15	15	10	17	15	17	17	21	19	29	25	25	29	2	25	2	15	29	33	33	30	29	2
B-PERSON	O	B-PERSON	O	O	B-GPE	O	O	O	O	O	O	O	O	O	O	O	O	O	O	O	O	O	O	O	O	B-PERSON	O	O	O	O	O	O	B-DATE	O
eye	doctor
14	15
</positive>
<negative>
Instead	,	less	than	two	hours	after	the	public	announcement	of	the	president	's	death	,	parliament	amended	the	constitution	to	lower	the	age	limit	for	the	presidency	from	40	to	34	.
RB	,	JJR	IN	CD	NNS	IN	DT	JJ	NN	IN	DT	NN	POS	NN	,	NN	VBD	DT	NN	TO	VB	DT	NN	NN	IN	DT	NN	IN	CD	TO	CD	.
advmod	p	mwe	quantmod	num	nsubj	prep	det	amod	pobj	prep	det	poss	possessive	pobj	p	appos	root	det	dobj	aux	infmod	det	nn	dobj	prep	det	pobj	prep	number	dep	pobj	p
18	18	4	5	6	18	6	10	10	7	10	13	15	13	11	18	15	0	20	18	22	20	25	25	22	25	28	26	22	32	32	29	18
O	O	O	O	B-TIME	I-TIME	O	O	O	O	O	O	O	O	O	O	O	O	O	O	O	O	O	O	O	O	O	O	O	B-CARDINAL	O	B-CARDINAL	O
</negative>
<negative>
Technically	,	the	Syrian	constitution	provides	for	a	vice	president	to	take	over	if	the	presidency	becomes	vacant	.
NNP	,	DT	JJ	NN	VBZ	IN	DT	NN	NN	TO	VB	RP	IN	DT	NN	VBZ	JJ	.
nsubj	p	det	amod	nsubj	root	prep	det	nn	pobj	aux	xcomp	prt	mark	det	nsubj	cop	advcl	p
6	6	5	5	6	0	6	10	10	7	12	6	12	18	16	18	18	12	6
O	O	O	B-NORP	O	O	O	O	O	O	O	O	O	O	O	O	O	O	O
</negative>
<negative>
Analysts	are	divided	over	whether	Bashar	's	ascension	to	the	presidency	would	set	a	good	example	for	the	rest	of	the	Arab	world	.
NNS	VBP	VBN	RP	IN	NNP	POS	NN	TO	DT	NN	MD	VB	DT	JJ	NN	IN	DT	NN	IN	DT	JJ	NN	.
nsubjpass	auxpass	root	prt	complm	poss	possessive	nsubj	prep	det	pobj	aux	ccomp	det	amod	dobj	prep	det	pobj	prep	det	amod	pobj	p
3	3	0	3	13	8	6	13	8	11	9	13	3	16	16	13	13	19	17	19	23	23	20	3
O	O	O	O	O	B-PERSON	O	O	O	O	O	O	O	O	O	O	O	O	O	O	O	B-NORP	O	O
</negative>
</QApairs>
<QApairs id='47.4'>
<question>
How	long	are	Syrian	presidential	terms	?
WRB	JJ	VBP	JJ	JJ	NNS	.
advmod	attr	root	amod	amod	nsubj	p
2	3	0	6	6	3	3
O	O	O	B-NORP	O	O	O
</question>
<positive>
Parliament	formally	announced	that	Bashar	Assad	's	swearing-in	ceremony	will	be	on	July	17	,	after	which	he	will	embark	on	a	seven-year	term	that	is	full	of	risks	.
NNP	RB	VBD	IN	NNP	NNP	POS	NN	NN	MD	VB	IN	NNP	CD	,	IN	WDT	PRP	MD	VB	IN	DT	JJ	NN	WDT	VBZ	JJ	IN	NNS	.
nsubj	advmod	root	complm	nn	poss	possessive	nn	nsubj	aux	ccomp	prep	pobj	num	p	rel	pobj	nsubj	aux	rcmod	prep	det	amod	pobj	nsubj	cop	rcmod	prep	pobj	p
3	3	0	11	6	9	6	9	11	11	3	11	12	13	3	20	16	20	20	13	20	24	24	21	27	27	24	27	28	3
B-ORG	O	O	O	B-PERSON	I-PERSON	I-PERSON	O	O	O	O	O	B-DATE	I-DATE	O	O	O	O	O	O	O	O	O	O	O	O	O	O	O	O
seven-year
23
</positive>
<positive>
Assad	,	an	ophthalmologist	by	training	,	officially	began	a	seven-year	term	after	taking	the	oath	of	office	before	the	250	-member	Syrian	Parliament	.
NNP	,	DT	NN	IN	NN	,	RB	VBD	DT	JJ	NN	IN	VBG	DT	NN	IN	NN	IN	DT	CD	JJ	JJ	NNS	.
nsubj	p	det	appos	prep	pobj	p	advmod	root	det	amod	dobj	prep	pcomp	det	dobj	prep	pobj	prep	det	num	amod	amod	pobj	p
9	9	4	1	4	5	9	9	0	12	12	9	9	13	16	14	16	17	14	24	24	24	24	19	9
B-PERSON	O	O	O	O	O	O	O	O	O	O	O	O	O	O	O	O	O	O	O	B-CARDINAL	B-ORG	I-ORG	I-ORG	O
seven-year
11
</positive>
<positive>
Lahoud	congratulated	Assad	on	winning	his	fifth	seven-year	term	as	president	in	a	referendum	held	in	Syria	on	Thursday	,	in	which	Assad	was	the	only	candidate	.
NNP	VBD	NNP	IN	VBG	PRP$	JJ	JJ	NN	IN	NN	IN	DT	NN	VBN	IN	NNP	IN	NNP	,	IN	WDT	NNP	VBD	DT	JJ	NN	.
nsubj	root	dobj	prep	pcomp	poss	amod	amod	dobj	prep	pobj	prep	det	pobj	partmod	prep	pobj	prep	pobj	p	rel	pobj	nsubj	cop	det	amod	rcmod	p
2	0	2	2	4	9	9	9	5	5	10	5	14	12	14	15	16	15	18	2	27	21	27	27	27	27	19	2
B-PERSON	O	B-PERSON	O	O	O	B-ORDINAL	O	O	O	O	O	O	O	O	O	B-GPE	O	B-DATE	O	O	O	B-PERSON	O	O	O	O	O
seven-year
8
</positive>
<negative>
Hafez	Assad	received	between	99.6	and	99.99	percent	of	the	vote	in	his	presidential	referendums	,	which	,	like	Monday	's	,	were	orchestrated	by	the	Baath	party
NNP	NNP	VBD	IN	CD	CC	CD	NN	IN	DT	NN	IN	PRP$	JJ	NNS	,	WDT	,	IN	NNP	POS	,	VBD	VBN	IN	DT	NNP	NN
nn	nsubj	root	quantmod	num	cc	conj	dobj	prep	det	pobj	prep	poss	amod	pobj	p	nsubjpass	p	prep	pobj	possessive	p	auxpass	rcmod	prep	det	nn	pobj
2	3	0	5	8	5	5	3	8	11	9	3	15	15	12	3	24	3	24	19	20	3	24	15	24	28	28	25
B-PERSON	I-PERSON	O	O	B-CARDINAL	O	B-PERCENT	I-PERCENT	O	O	O	O	O	O	O	O	O	O	O	B-DATE	O	O	O	O	O	O	I-ORDINAL	O
</negative>
<negative>
Recovering	the	Golan	Heights	,	the	Syrian	plateau	that	was	occupied	by	Israel	in	the	1967	Arab-Israeli	war	,	is	a	top	priority	,	Assad	said	.
VBG	DT	NNP	NNP	,	DT	JJ	NN	WDT	VBD	VBN	IN	NNP	IN	DT	CD	JJ	NN	,	VBZ	DT	JJ	NN	,	NNP	VBD	.
partmod	det	nn	nsubj	p	det	amod	appos	nsubjpass	auxpass	rcmod	prep	pobj	prep	det	num	amod	pobj	p	cop	det	amod	ccomp	p	nsubj	root	p
26	4	4	23	26	8	8	4	11	11	8	11	12	13	18	18	18	14	26	23	23	23	1	26	26	0	26
O	O	B-GPE	I-GPE	O	O	B-NORP	O	O	O	O	O	B-GPE	O	O	B-DATE	B-PERSON	O	O	O	O	O	O	O	B-PERSON	O	O
</negative>
<negative>
``	However	long	it	takes	,	this	land	is	ours	and	it	will	return	to	us	in	full	,	''	he	said	.
``	WRB	JJ	PRP	VBZ	,	DT	NN	VBZ	PRP	CC	PRP	MD	VB	TO	PRP	IN	JJ	,	''	PRP	VBD	.
p	advmod	dep	nsubj	dep	p	det	nsubj	cop	ccomp	cc	nsubj	aux	conj	prep	pobj	prep	pobj	p	p	nsubj	root	p
22	3	5	5	10	22	8	10	10	22	10	14	14	10	14	15	14	17	22	22	22	0	22
O	O	O	O	O	O	O	O	O	O	O	O	O	O	O	O	O	O	O	O	O	O	O
</negative>
<negative>
Syrian	-	Israeli	peace	negotiations	have	been	frozen	since	mid-January	,	mainly	over	the	future	of	a	small	strip	of	land	that	borders	the	Sea	of	Galilee	,	the	major	source	of	Israel	's	water	.
JJ	:	JJ	NN	NNS	VBP	VBN	VBN	IN	NN	,	RB	IN	DT	NN	IN	DT	JJ	NN	IN	NN	WDT	VBZ	DT	NN	IN	NNP	,	DT	JJ	NN	IN	NNP	POS	NN	.
dep	p	amod	nn	nsubjpass	aux	auxpass	root	prep	pobj	p	advmod	amod	det	dep	prep	det	amod	pobj	prep	pobj	nsubj	rcmod	det	dobj	prep	pobj	p	det	amod	appos	prep	poss	possessive	pobj	p
8	8	5	5	8	8	8	0	8	9	8	10	10	15	10	15	19	19	16	19	20	23	15	25	23	25	26	8	31	31	27	31	35	33	32	8
B-NORP	O	B-NORP	O	O	O	O	O	O	B-DATE	O	O	O	O	O	O	O	O	O	O	O	O	O	O	O	O	B-GPE	O	O	O	O	O	B-GPE	O	O	O
</negative>
<negative>
He	pledged	to	reform	the	Syrian	economy	,	which	remains	largely	state-controlled	and	dependent	on	oil	exports	,	by	streamlining	the	government	bureaucracy	.
PRP	VBD	TO	VB	DT	JJ	NN	,	WDT	VBZ	RB	JJ	CC	JJ	IN	NN	NNS	,	IN	VBG	DT	NN	NN	.
nsubj	root	aux	xcomp	det	amod	dobj	p	nsubj	cop	advmod	rcmod	cc	conj	prep	nn	pobj	p	prep	pcomp	det	nn	dobj	p
2	0	4	2	7	7	4	2	12	12	12	7	12	12	12	17	15	2	12	19	23	23	20	2
O	O	O	O	O	B-NORP	O	O	O	O	O	O	O	O	O	O	O	O	O	O	O	O	O	O
</negative>
<negative>
Syrian	business	owners	,	who	have	labored	under	a	system	with	no	private	banks	and	strict	controls	on	currency	flows	,	have	urged	a	major	overhaul	of	the	economic	system	.
JJ	NN	NNS	,	WP	VBP	VBN	IN	DT	NN	IN	DT	JJ	NNS	CC	JJ	NNS	IN	NN	NNS	,	VBP	VBN	DT	JJ	NN	IN	DT	JJ	NN	.
amod	nn	nsubj	p	nsubj	aux	rcmod	prep	det	pobj	prep	det	amod	pobj	cc	amod	conj	prep	nn	pobj	p	aux	root	det	amod	dobj	prep	det	amod	pobj	p
3	3	23	23	7	7	3	7	10	8	10	14	14	11	10	17	10	17	20	18	23	23	0	26	26	23	26	30	30	27	23
B-NORP	O	O	O	O	O	O	O	O	O	O	O	O	O	O	O	O	O	O	O	O	O	O	O	O	O	O	O	O	O	O
</negative>
<negative>
Syrian	newspapers	,	which	are	all	run	by	the	state	,	said	he	did	not	want	to	see	his	picture	adorning	every	public	and	private	building	.
JJ	NNS	,	WDT	VBP	RB	VBN	IN	DT	NN	,	VBD	PRP	VBD	RB	VB	TO	VB	PRP$	NN	VBG	DT	JJ	CC	JJ	NN	.
amod	nsubj	p	nsubjpass	auxpass	advmod	rcmod	prep	det	pobj	p	root	nsubj	aux	neg	ccomp	aux	xcomp	poss	dobj	xcomp	det	amod	cc	conj	dobj	p
2	12	12	7	7	7	2	7	10	8	12	0	16	16	16	12	18	16	20	18	18	26	26	23	23	21	12
B-NORP	O	O	O	O	O	O	O	O	O	O	O	O	O	O	O	O	O	O	O	O	O	O	O	O	O	O
</negative>
<negative>
Syrian	President	Hafez	al-Assad	held	two	meetings	with	Lahoud	on	developing	bilateral	ties	in	all	areas	,	the	Syrian	-	Arab	News	Agency	quoted	presidential	spokesman	as	saying	.
JJ	NNP	NNP	NNP	VBD	CD	NNS	IN	NNP	IN	VBG	JJ	NNS	IN	DT	NNS	,	DT	JJ	:	NNP	NNP	NNP	VBD	JJ	NN	IN	VBG	.
amod	nn	nn	nsubj	root	num	dobj	prep	pobj	prep	pcomp	amod	dobj	prep	det	pobj	p	det	appos	p	nn	nn	nsubj	parataxis	amod	dobj	prep	pcomp	p
4	4	4	5	0	7	5	5	8	5	10	13	11	11	16	14	5	19	16	5	23	23	24	5	26	24	24	27	5
B-NORP	O	B-PERSON	I-PERSON	O	B-CARDINAL	O	O	B-PERSON	O	O	O	O	O	O	O	O	O	B-NORP	O	B-ORG	I-ORG	I-ORG	O	O	O	O	O	O
</negative>
<negative>
They	also	insisted	that	the	Syrian	-	Israeli	and	the	Lebanese	-	Israeli	tracks	in	the	Middle	East	peace	process	can	not	be	separated	.
PRP	RB	VBD	IN	DT	JJ	:	JJ	CC	DT	NNPS	:	JJ	NNS	IN	DT	NNP	NNP	NN	NN	MD	RB	VB	JJ	.
nsubj	advmod	root	complm	det	amod	p	dep	cc	det	conj	p	amod	nsubj	prep	det	amod	amod	nn	pobj	aux	neg	cop	ccomp	p
3	3	0	24	14	14	3	6	8	11	8	3	14	24	14	20	18	20	20	15	24	24	24	3	3
O	O	O	O	O	B-NORP	O	B-NORP	O	O	B-NORP	O	B-NORP	O	O	B-LOC	I-LOC	I-LOC	O	O	O	O	O	O	O
</negative>
</QApairs>
<QApairs id='48.1'>
<question>
When	was	Abu	Nidal	born	?
WRB	VBD	NNP	NNP	VBN	.
advmod	auxpass	nn	nsubjpass	root	p
5	5	4	5	0	5
O	O	B-PERSON	I-PERSON	O	O
</question>
<positive>
Born	in	Jaffa	in	then-	Palestine	in	1937	,	Abu	Nidal	's	main	targets	have	been	Israelis	.
VBN	IN	NNP	IN	NNP	NNP	IN	CD	,	NNP	NNP	POS	JJ	NNS	VBP	VBN	NNPS	.
partmod	prep	pobj	prep	nn	pobj	prep	pobj	p	nn	poss	possessive	amod	nsubj	aux	cop	root	p
17	1	2	1	6	4	6	7	17	11	14	11	14	17	17	17	0	17
O	O	B-GPE	O	O	B-GPE	O	B-DATE	O	B-PERSON	I-PERSON	I-PERSON	O	O	O	O	B-NORP	O
1937
8
</positive>
<positive>
Born	in	Jaffa	in	1937	,	he	has	ordered	the	killing	of	150	of	his	own	operatives	on	suspicion	of	treason	,	which	accounts	for	his	ability	to	elude	authorities	around	the	world	for	so	long	.
VBN	IN	NNP	IN	CD	,	PRP	VBZ	VBN	DT	NN	IN	CD	IN	PRP$	JJ	NNS	IN	NN	IN	NNS	,	WDT	VBZ	IN	PRP$	NN	TO	VB	NNS	IN	DT	NN	IN	RB	RB	.
partmod	prep	pobj	prep	pobj	p	nsubj	aux	root	det	dobj	prep	pobj	prep	poss	amod	pobj	prep	pobj	prep	pobj	p	nsubj	rcmod	prep	poss	pobj	aux	infmod	dobj	advmod	det	pobj	prep	advmod	pcomp	p
9	1	2	3	4	9	9	9	0	11	9	11	12	11	17	17	14	9	18	19	20	9	24	21	24	27	25	29	27	29	29	33	31	31	36	34	9
O	O	B-GPE	O	B-DATE	O	O	O	O	O	O	O	B-CARDINAL	O	O	O	O	O	O	O	O	O	O	O	O	O	O	O	O	O	O	O	O	O	O	O	O
1937
5
</positive>
<positive>
The	opposition	party	organ	Wafd	,	quoting	Palestinian	sources	,	reported	on	Monday	that	Abu	Nidal	,	a	Palestinian	born	in	Jaffa	in	1937	,	is	suffering	from	terminal	leukaemia	and	receiving	treatment	in	an	Egyptian	hospital	.
DT	NN	NN	NN	NN	,	VBG	JJ	NNS	,	VBD	IN	NNP	IN	NNP	NNP	,	DT	NN	VBN	IN	NNP	IN	CD	,	VBZ	VBG	IN	NN	NN	CC	VBG	NN	IN	DT	JJ	NN	.
det	nn	nn	nn	nsubj	p	partmod	amod	dobj	p	root	prep	pobj	complm	nn	nsubj	p	det	appos	partmod	prep	pobj	prep	pobj	p	aux	ccomp	prep	nn	pobj	cc	conj	dobj	prep	det	amod	pobj	p
5	5	5	5	11	11	5	9	7	11	0	11	12	27	16	27	11	19	16	19	20	21	20	23	11	27	11	27	30	28	27	27	32	33	37	37	34	11
O	O	O	O	B-ORG	O	O	B-NORP	O	O	O	O	B-DATE	O	B-PERSON	I-PERSON	O	O	B-NORP	O	O	B-GPE	O	B-DATE	O	O	O	O	O	O	O	O	O	O	O	B-NORP	O	O
1937
24
</positive>
<negative>
Where	is	Abu	Nidal	?
WRB	VBZ	NNP	NNP	.
advmod	root	nn	nsubj	p
2	0	4	2	2
O	O	B-PERSON	I-PERSON	O
</negative>
<negative>
A	onetime	guerrilla	colleague	,	confronted	with	the	question	,	replies	with	one	of	his	own	:	Which	Abu	Nidal	?
DT	JJ	NN	NN	,	VBN	IN	DT	NN	,	VBZ	IN	CD	IN	PRP$	JJ	:	WDT	NNP	NNP	.
det	amod	nn	nsubj	p	partmod	prep	det	pobj	p	root	prep	pobj	prep	poss	pobj	p	dep	nn	parataxis	p
4	4	4	11	11	4	6	9	7	11	0	11	12	13	16	14	11	20	20	11	11
O	O	O	O	O	O	O	O	O	O	O	O	B-CARDINAL	O	O	O	O	O	B-PERSON	I-PERSON	O
</negative>
<negative>
The	comment	says	much	about	Abu	Nidal	_	Arabic	for	``	father	of	struggle	''	_	whom	the	United	States	once	labeled	the	world	's	most	dangerous	terrorist	.
DT	NN	VBZ	RB	IN	NNP	NNP	NNP	NNP	IN	``	NN	IN	NN	''	VBG	WP	DT	NNP	NNPS	RB	VBD	DT	NN	POS	RBS	JJ	NN	.
det	nsubj	root	advmod	prep	nn	nn	nn	pobj	prep	p	pobj	prep	pobj	p	ccomp	dobj	det	nn	nsubj	advmod	ccomp	det	poss	possessive	advmod	amod	dobj	p
2	3	0	16	4	9	9	9	5	9	3	10	12	13	3	3	22	20	20	22	22	16	24	28	24	27	28	22	3
O	O	O	O	O	B-PERSON	I-PERSON	O	B-NORP	O	O	O	O	O	O	O	O	B-GPE	I-GPE	I-GPE	O	O	O	O	O	O	O	O	O
</negative>
<negative>
Over	the	years	Abu	Nidal	has	been	reported	to	have	died	_	but	then	suddenly	reappeared	_	or	to	have	totally	changed	his	looks	through	plastic	surgery	.
IN	DT	NNS	NNP	NNP	VBZ	VBN	VBN	TO	VB	VBN	JJ	CC	RB	RB	JJ	NNS	CC	TO	VB	RB	VBN	PRP$	NNS	IN	JJ	NN	.
prep	det	pobj	nn	nsubjpass	aux	auxpass	root	aux	aux	ccomp	amod	dep	dep	dep	amod	dobj	cc	aux	aux	advmod	conj	poss	dobj	prep	amod	pobj	p
8	3	1	5	8	8	8	0	11	11	8	17	14	12	14	17	11	11	22	22	22	11	24	22	22	27	25	8
O	B-DATE	I-DATE	B-PERSON	I-PERSON	O	O	O	O	O	O	O	O	O	O	O	O	O	O	O	O	O	O	O	O	O	O	O
</negative>
<negative>
The	officials	spoke	on	condition	their	names	not	be	used	,	remaining	as	anonymous	as	the	sources	claiming	Abu	Nidal	is	in	Egypt	.
DT	NNS	VBD	IN	NN	PRP$	NNS	RB	VB	VBN	,	VBG	RB	JJ	IN	DT	NNS	VBG	NNP	NNP	VBZ	IN	NNP	.
det	nsubj	root	prep	pobj	poss	nsubjpass	neg	auxpass	rcmod	p	xcomp	advmod	acomp	mark	det	nsubj	partmod	nn	dobj	advcl	prep	pobj	p
2	3	0	3	4	7	10	10	10	5	3	3	14	12	21	17	21	17	20	18	12	21	22	3
O	O	O	O	O	O	O	O	O	O	O	O	O	O	O	O	O	O	B-PERSON	I-PERSON	O	O	B-GPE	O
</negative>
<negative>
The	reports	persist	because	of	Abu	Nidal	's	fame	.
DT	NNS	VBP	RB	IN	NNP	NNP	POS	NN	.
det	nsubj	root	advmod	prep	nn	poss	possessive	pobj	p
2	3	0	5	3	7	9	7	5	3
O	O	O	O	O	B-PERSON	I-PERSON	I-PERSON	O	O
</negative>
<negative>
Palestinian	officials	have	told	The	Associated	Press	that	Abu	Nidal	_	whose	real	name	is	Sabri	al-Banna	_	is	either	jailed	or	hospitalized	in	Egypt	.
JJ	NNS	VBP	VBN	DT	NNP	NNP	IN	NNP	NNP	NNP	WP$	JJ	NN	VBZ	NNP	NNP	NNP	VBZ	RB	VBN	CC	VBN	IN	NNP	.
amod	nsubj	aux	root	det	nn	dobj	complm	nn	nn	nsubjpass	poss	amod	nsubj	cop	nn	nn	rcmod	auxpass	advmod	ccomp	cc	conj	prep	pobj	p
2	4	4	0	7	7	4	21	11	11	21	14	14	18	18	18	18	11	21	21	4	21	21	21	24	4
B-NORP	O	O	O	B-ORG	I-ORG	I-ORG	O	B-PERSON	I-PERSON	O	O	O	O	O	B-PERSON	I-PERSON	O	O	O	O	O	O	O	B-GPE	O
</negative>
<negative>
But	no	one	has	offered	definite	proof	that	Abu	Nidal	is	indeed	in	custody	in	Egypt	.
CC	DT	NN	VBZ	VBN	JJ	NN	IN	NNP	NNP	VBZ	RB	IN	NN	IN	NNP	.
cc	det	nsubj	aux	root	amod	dobj	complm	nn	nsubj	ccomp	advmod	prep	pobj	prep	pobj	p
5	3	5	5	0	7	5	11	10	11	5	11	11	13	14	15	5
O	O	O	O	O	O	O	O	B-PERSON	I-PERSON	O	O	O	O	O	B-GPE	O
</negative>
<negative>
One	high-ranking	Palestinian	,	who	spoke	on	condition	of	anonymity	,	said	Wednesday	that	Abu	Nidal	was	seized	by	the	Egyptians	about	five	weeks	ago	coming	from	Libya	.
CD	JJ	NN	,	WP	VBD	IN	NN	IN	NN	,	VBD	NNP	IN	NNP	NNP	VBD	VBN	IN	DT	NNP	IN	CD	NNS	RB	VBG	IN	NNP	.
num	amod	nsubj	p	nsubj	rcmod	prep	pobj	prep	pobj	p	root	tmod	complm	nn	nsubjpass	auxpass	ccomp	prep	det	pobj	prep	num	npadvmod	advmod	pcomp	prep	pobj	p
3	3	12	12	6	3	6	7	8	9	12	0	12	18	16	18	18	12	18	21	19	18	24	25	26	22	26	27	12
B-CARDINAL	O	B-NORP	O	O	O	O	O	O	O	O	O	B-DATE	O	B-PERSON	I-PERSON	O	O	O	O	B-NORP	B-DATE	I-DATE	I-DATE	I-DATE	O	O	B-GPE	O
</negative>
<negative>
He	said	he	was	uncertain	if	Libya	arranged	for	the	Palestinian	guerrilla	to	leave	for	medical	reasons	of	if	Abu	Nidal	's	own	people	were	trying	to	smuggle	him	out	through	Egypt	to	another	country	.
PRP	VBD	PRP	VBD	JJ	IN	NNP	VBD	IN	DT	JJ	NN	TO	VB	IN	JJ	NNS	IN	IN	NNP	NNP	POS	JJ	NNS	VBD	VBG	TO	VB	PRP	RP	IN	NNP	TO	DT	NN	.
nsubj	root	nsubj	cop	ccomp	mark	nsubj	advcl	prep	det	amod	pobj	aux	xcomp	prep	amod	pobj	prep	mark	nn	poss	possessive	amod	nsubj	aux	pcomp	aux	xcomp	dobj	prt	prep	pobj	prep	det	pobj	p
2	0	5	5	2	8	8	5	8	12	12	9	14	8	14	17	15	17	26	21	24	21	24	26	26	18	28	26	28	28	28	31	28	35	33	2
O	O	O	O	O	O	B-GPE	O	O	O	B-NORP	O	O	O	O	O	O	O	O	B-PERSON	I-PERSON	I-PERSON	O	O	O	O	O	O	O	O	O	B-GPE	O	O	O	O
</negative>
<negative>
Abu	Nidal	is	near	death	and	,	though	he	is	being	treated	in	a	hospital	,	he	is	in	effect	in	detention	,	the	official	contended	.
NNP	NNP	VBZ	IN	NN	CC	,	IN	PRP	VBZ	VBG	VBN	IN	DT	NN	,	PRP	VBZ	IN	NN	IN	NN	,	DT	NN	VBD	.
nn	nsubj	root	prep	pobj	cc	p	mark	nsubjpass	aux	auxpass	advcl	prep	det	pobj	p	nsubj	ccomp	prep	pobj	prep	pobj	p	det	nsubj	ccomp	p
2	3	0	3	4	3	3	12	12	12	12	18	12	15	13	3	18	3	18	19	20	21	3	25	26	3	3
B-PERSON	I-PERSON	O	O	O	O	O	O	O	O	O	O	O	O	O	O	O	O	O	O	O	O	O	O	O	O	O
</negative>
<negative>
Over	the	years	Abu	Nidal	is	said	to	have	operated	out	of	Iraq	,	Syria	and	Libya	.
IN	DT	NNS	NNP	NNP	VBZ	VBN	TO	VB	VBN	RP	IN	NNP	,	NNP	CC	NNP	.
prep	det	pobj	nn	nsubjpass	auxpass	root	aux	aux	xcomp	prt	prep	pobj	p	conj	cc	conj	p
7	3	1	5	7	7	0	10	10	7	10	10	12	7	13	13	13	7
O	B-DATE	I-DATE	B-PERSON	I-PERSON	O	O	O	O	O	O	O	B-GPE	O	B-GPE	O	B-GPE	O
</negative>
<negative>
It	was	a	Palestinian	in	Lebanon	who	asked	the	question	about	``	which	Abu	Nidal	,	''	raising	the	theory	that	the	famous	terrorist	actually	is	dead	and	that	some	followers	have	used	his	famous	nom	de	guerre	.
PRP	VBD	DT	NN	IN	NNP	WP	VBD	DT	NN	IN	``	WDT	JJ	NN	,	''	VBG	DT	NN	IN	DT	JJ	NN	RB	VBZ	JJ	CC	IN	DT	NNS	VBP	VBN	PRP$	JJ	NN	IN	NN	.
nsubj	cop	det	root	prep	pobj	nsubj	rcmod	det	dobj	prep	p	dep	amod	pobj	p	p	partmod	det	dobj	complm	det	amod	nsubj	advmod	cop	ccomp	cc	complm	det	nsubj	aux	conj	poss	amod	dobj	amod	dep	p
4	4	4	0	4	5	8	4	10	8	8	4	15	15	11	4	4	15	20	18	27	24	24	27	27	27	18	27	33	31	33	33	27	36	36	33	36	36	4
O	O	O	B-NORP	O	B-GPE	O	O	O	O	O	O	O	B-PERSON	I-PERSON	O	O	O	O	O	O	O	O	O	O	O	O	O	O	O	O	O	O	O	O	O	O	O	O
</negative>
<negative>
The	Palestinian	,	once	close	to	Abu	Nidal	's	group	,	spoke	on	condition	of	anonymity	.
DT	NN	,	RB	JJ	TO	NNP	NNP	POS	NN	,	VBD	IN	NN	IN	NN	.
det	nsubj	p	advmod	amod	prep	nn	poss	possessive	pobj	p	root	prep	pobj	prep	pobj	p
2	12	12	5	2	5	8	10	8	6	12	0	12	13	14	15	12
O	B-NORP	O	O	O	O	B-PERSON	I-PERSON	I-PERSON	O	O	O	O	O	O	O	O
</negative>
<negative>
Over	the	years	,	the	chain-smoking	Abu	Nidal	has	been	reported	to	be	dead	of	cancer	or	a	heart	attack	.
IN	DT	NNS	,	DT	NNP	NNP	NNP	VBZ	VBN	VBN	TO	VB	JJ	IN	NN	CC	DT	NN	NN	.
prep	det	pobj	p	det	nn	nn	nsubjpass	aux	auxpass	root	aux	cop	xcomp	prep	pobj	cc	det	nn	conj	p
11	3	1	11	8	8	8	11	11	11	0	14	14	11	14	15	16	20	20	16	11
O	B-DATE	I-DATE	O	O	O	B-PERSON	I-PERSON	O	O	O	O	O	O	O	O	O	O	O	O	O
</negative>
<negative>
I	am	Abu	Nidal	of	flesh	and	blood	...
PRP	VBP	NNP	NNP	IN	NN	CC	NN	:
nsubj	cop	nn	root	prep	pobj	cc	conj	p
4	4	4	0	4	5	6	6	4
O	O	B-PERSON	I-PERSON	O	O	O	O	O
</negative>
<negative>
The	comment	says	much	about	Abu	Nidal	,	whom	the	United	States	once	labeled	the	world	's	most	dangerous	terrorist	.
DT	NN	VBZ	RB	IN	NNP	NNP	,	WP	DT	NNP	NNPS	RB	VBD	DT	NN	POS	RBS	JJ	NN	.
det	nsubj	root	advmod	prep	nn	pobj	p	dobj	det	nn	nsubj	advmod	rcmod	det	poss	possessive	advmod	amod	dobj	p
2	3	0	3	4	7	5	3	14	12	12	14	14	7	16	20	16	19	20	14	3
O	O	O	O	O	B-PERSON	I-PERSON	O	O	B-GPE	I-GPE	I-GPE	O	O	O	O	O	O	O	O	O
</negative>
<negative>
Over	the	years	Abu	Nidal	,	whose	nickname	is	Arabic	for	``	father	of	struggle	,	''	has	been	reported	to	have	died	_	but	then	suddenly	reappeared	_	or	to	have	totally	changed	his	looks	through	plastic	surgery	.
IN	DT	NNS	NNP	NNP	,	WP$	NN	VBZ	NNP	IN	``	NN	IN	NN	,	''	VBZ	VBN	VBN	TO	VB	VBN	JJ	CC	RB	RB	JJ	NNS	CC	TO	VB	RB	VBN	PRP$	NNS	IN	JJ	NN	.
prep	det	pobj	nn	nsubjpass	p	poss	nsubj	cop	rcmod	prep	p	pobj	prep	pobj	p	p	aux	auxpass	root	aux	aux	ccomp	amod	dep	dep	dep	amod	dobj	cc	aux	aux	advmod	conj	poss	dobj	prep	amod	pobj	p
20	3	1	5	20	20	8	10	10	5	10	20	11	13	14	20	20	20	20	0	23	23	20	29	26	24	26	29	23	23	34	34	34	23	36	34	34	39	37	20
O	B-DATE	I-DATE	B-PERSON	I-PERSON	O	O	O	O	B-LANGUAGE	O	O	O	O	O	O	O	O	O	O	O	O	O	O	O	O	O	O	O	O	O	O	O	O	O	O	O	O	O	O
</negative>
<negative>
Over	the	years	,	the	chain-smoking	Abu	Nidal	has	been	reported	to	have	died	of	cancer	or	a	heart	attack	.
IN	DT	NNS	,	DT	NNP	NNP	NNP	VBZ	VBN	VBN	TO	VB	VBN	IN	NN	CC	DT	NN	NN	.
prep	det	pobj	p	det	nn	nn	nsubjpass	aux	auxpass	root	aux	aux	xcomp	prep	pobj	cc	det	nn	conj	p
11	3	1	11	8	8	8	11	11	11	0	14	14	11	14	15	16	20	20	16	11
O	B-DATE	I-DATE	O	O	O	B-PERSON	I-PERSON	O	O	O	O	O	O	O	O	O	O	O	O	O
</negative>
<negative>
A	high-ranking	Palestinian	official	said	Wednesday	that	the	notorious	terrorist	Abu	Nidal	has	been	detained	in	Egypt	,	but	the	country	's	foreign	minister	denied	the	report	.
DT	JJ	JJ	NN	VBD	NNP	IN	DT	JJ	NN	NNP	NNP	VBZ	VBN	VBN	IN	NNP	,	CC	DT	NN	POS	JJ	NN	VBD	DT	NN	.
det	amod	amod	nsubj	root	tmod	complm	det	amod	nn	nn	nsubjpass	aux	auxpass	ccomp	prep	pobj	p	cc	det	poss	possessive	amod	nsubj	conj	det	dobj	p
4	4	4	5	0	5	15	12	12	12	12	15	15	15	5	15	16	5	5	21	24	21	24	25	5	27	25	5
O	O	B-NORP	O	O	B-DATE	O	O	O	O	B-PERSON	I-PERSON	O	O	O	O	B-GPE	O	O	O	O	O	O	O	O	O	O	O
</negative>
<negative>
The	interest	in	Abu	Nidal	_	Arabic	for	``	father	of	struggle	''	_	comes	because	of	his	notoriety	for	his	daring	attacks	on	Israelis	and	even	Palestinians	whom	he	opposed	,	and	for	the	mystery	surrounding	him	.
DT	NN	IN	NNP	NNP	NNP	NNP	IN	``	NN	IN	NN	''	RB	VBZ	RB	IN	PRP$	NN	IN	PRP$	JJ	NNS	IN	NNPS	CC	RB	NNPS	WP	PRP	VBD	,	CC	IN	DT	NN	VBG	PRP	.
det	nsubj	prep	nn	nn	nn	pobj	prep	p	pobj	prep	pobj	p	advmod	root	advmod	prep	poss	pobj	prep	poss	amod	pobj	prep	pobj	cc	advmod	conj	dobj	nsubj	rcmod	p	cc	conj	det	pobj	partmod	dobj	p
2	15	2	7	7	7	3	7	15	8	10	11	15	15	0	17	15	19	17	19	23	23	20	23	24	19	28	19	31	31	28	15	17	17	36	34	36	37	15
O	O	O	B-PERSON	I-PERSON	O	B-NORP	O	O	O	O	O	O	O	O	O	O	O	O	O	O	O	O	O	B-NORP	O	O	B-NORP	O	O	O	O	O	O	O	O	O	O	O
</negative>
<negative>
In	recent	days	,	several	Palestinian	officials	insisting	on	anonymity	have	told	news	organizations	,	including	The	Associated	Press	,	that	Abu	Nidal	was	either	jailed	or	hospitalized	with	leukemia	.
IN	JJ	NNS	,	JJ	JJ	NNS	VBG	IN	NN	VBP	VBN	NN	NNS	,	VBG	DT	NNP	NNP	,	IN	NNP	NNP	VBD	RB	VBN	CC	VBN	IN	NN	.
prep	amod	pobj	p	amod	amod	nsubj	partmod	prep	pobj	aux	root	nn	dobj	p	prep	det	nn	pobj	p	dep	nn	nsubjpass	auxpass	advmod	dep	cc	conj	prep	pobj	p
12	3	1	12	7	7	12	7	8	9	12	0	14	12	12	12	19	19	16	12	26	23	26	26	26	19	26	26	26	29	12
O	B-DATE	I-DATE	O	O	B-NORP	O	O	O	O	O	O	O	O	O	O	B-ORG	I-ORG	I-ORG	O	O	B-PERSON	I-PERSON	O	O	O	O	O	O	O	O
</negative>
<negative>
He	said	he	was	uncertain	if	Libya	arranged	for	the	61-year-old	Palestinian	to	leave	or	if	Abu	Nidal	's	own	people	were	trying	to	smuggle	him	out	through	Egypt	to	another	country	.
PRP	VBD	PRP	VBD	JJ	IN	NNP	VBD	IN	DT	JJ	NN	TO	VB	CC	IN	NNP	NNP	POS	JJ	NNS	VBD	VBG	TO	VB	PRP	RP	IN	NNP	TO	DT	NN	.
nsubj	root	nsubj	cop	ccomp	mark	nsubj	dep	prep	det	amod	pobj	aux	xcomp	cc	mark	nn	poss	possessive	amod	nsubj	aux	conj	aux	xcomp	dobj	prt	prep	pobj	prep	det	pobj	p
2	0	5	5	2	8	8	5	8	12	12	9	14	8	8	23	18	21	18	21	23	23	8	25	23	25	25	25	28	25	32	30	2
O	O	O	O	O	O	B-GPE	O	O	O	O	B-NORP	O	O	O	O	B-PERSON	I-PERSON	I-PERSON	O	O	O	O	O	O	O	O	O	B-GPE	O	O	O	O
</negative>
<negative>
Abu	Nidal	is	near	death	and	being	treated	in	a	hospital	,	but	is	in	effect	in	detention	by	Egyptian	officials	,	the	official	contended	.
NNP	NNP	VBZ	IN	NN	CC	VBG	VBN	IN	DT	NN	,	CC	VBZ	IN	NN	IN	NN	IN	JJ	NNS	,	DT	NN	VBD	.
nn	nsubj	root	dep	pobj	cc	auxpass	conj	prep	det	pobj	p	cc	ccomp	prep	pobj	prep	pobj	prep	amod	pobj	p	det	nsubj	conj	p
2	3	0	3	4	4	8	4	8	11	9	3	3	25	14	15	16	17	14	21	19	3	24	25	3	3
B-PERSON	I-PERSON	O	O	O	O	O	O	O	O	O	O	O	O	O	O	O	O	O	B-NORP	O	O	O	O	O	O
</negative>
<negative>
He	theorized	Egypt	is	denying	the	arrest	because	it	does	not	know	what	to	do	with	Abu	Nidal	and	fears	revealing	his	arrest	could	make	Egypt	the	target	of	anger	by	other	terrorists	.
PRP	VBD	NNP	VBZ	VBG	DT	NN	IN	PRP	VBZ	RB	VB	WP	TO	VB	IN	NNP	NNP	CC	NNS	VBG	PRP$	NN	MD	VB	NNP	DT	NN	IN	NN	IN	JJ	NNS	.
nsubj	root	nsubj	aux	ccomp	det	dobj	mark	nsubj	aux	neg	advcl	nsubj	aux	ccomp	prep	nn	pobj	cc	nsubj	partmod	poss	dobj	aux	conj	nsubj	det	xcomp	prep	pobj	prep	amod	pobj	p
2	0	5	5	2	7	5	12	12	12	12	5	15	15	12	15	18	16	2	25	20	23	21	25	2	28	28	25	28	29	25	33	31	2
O	O	B-GPE	O	O	O	O	O	O	O	O	O	O	O	O	O	B-PERSON	I-PERSON	O	O	O	O	O	O	O	B-GPE	O	O	O	O	O	O	O	O
</negative>
<negative>
He	was	asked	about	reports	Tuesday	and	Wednesday	by	American	newspapers	and	broadcasters	which	quoted	U.S	.	and	Arab	officials	as	saying	Abu	Nidal	had	been	arrested	by	Egyptian	police	.
PRP	VBD	VBN	IN	NNS	NNP	CC	NNP	IN	JJ	NNS	CC	NNS	WDT	VBN	NNP	.	CC	JJ	NNS	IN	VBG	NNP	NNP	VBD	VBN	VBN	IN	JJ	NNS	.
nsubjpass	auxpass	root	prep	pobj	tmod	cc	conj	prep	amod	pobj	cc	conj	nsubj	rcmod	dobj	p	cc	amod	conj	prep	pcomp	nn	nsubjpass	aux	auxpass	ccomp	prep	amod	pobj	p
3	3	0	3	4	3	6	6	3	11	9	11	11	15	11	15	3	16	20	16	15	21	24	27	27	27	22	27	30	28	3
O	O	O	O	O	B-DATE	O	B-DATE	O	B-NORP	O	O	O	O	O	B-GPE	O	O	B-NORP	O	O	O	B-PERSON	I-PERSON	O	O	O	O	B-NORP	O	O
</negative>
<negative>
``	Abu	Nidal	is	not	in	Egypt	,	''	Moussa	replied	.
``	NNP	NNP	VBZ	RB	IN	NNP	,	''	NNP	VBD	.
p	nn	nsubj	ccomp	neg	prep	pobj	p	p	nsubj	root	p
11	3	4	11	4	4	6	11	11	11	0	11
O	B-PERSON	I-PERSON	O	O	O	B-GPE	O	O	B-PERSON	O	O
</negative>
<negative>
In	Washington	,	the	State	Department	's	intelligence	and	counterterrorism	offices	could	not	confirm	reports	of	Abu	Nidal	's	arrest	.
IN	NNP	,	DT	NNP	NNP	POS	NN	CC	NN	NNS	MD	RB	VB	NNS	IN	NNP	NNP	POS	NN	.
prep	pobj	p	det	nn	poss	possessive	nsubj	cc	nn	conj	aux	neg	root	dobj	prep	nn	poss	possessive	pobj	p
14	1	14	6	6	8	6	14	8	11	8	14	14	0	14	15	18	20	18	16	14
O	B-GPE	O	B-ORG	I-ORG	I-ORG	I-ORG	O	O	O	O	O	O	O	O	O	B-PERSON	I-PERSON	I-PERSON	O	O
</negative>
<negative>
Abu	Nidal	's	group	has	been	listed	by	the	U.S	.	State	Department	as	``	the	most	dangerous	terrorist	organization	.	''
NNP	NNP	POS	NN	VBZ	VBN	VBN	IN	DT	NNP	.	NNP	NNP	IN	``	DT	RBS	JJ	JJ	NN	.	''
nn	poss	possessive	nsubjpass	aux	auxpass	root	prep	det	nn	p	nn	pobj	prep	p	det	advmod	amod	amod	pobj	p	p
2	4	2	7	7	7	0	7	13	13	7	13	8	7	7	20	18	20	20	14	7	7
B-PERSON	I-PERSON	I-PERSON	O	O	O	O	O	O	B-GPE	O	B-ORG	I-ORG	O	O	O	O	O	O	O	O	O
</negative>
<negative>
However	,	most	of	the	incidents	blamed	on	Abu	Nidal	occurred	years	ago	,	and	he	is	now	believed	to	have	only	a	few	hundred	followers	,	mostly	in	Lebanon	.
RB	,	JJS	IN	DT	NNS	VBN	IN	NNP	NNP	VBD	NNS	IN	,	CC	PRP	VBZ	RB	VBN	TO	VB	RB	DT	JJ	CD	NNS	,	RB	IN	NNP	.
advmod	p	nsubj	prep	det	pobj	partmod	prep	nn	pobj	root	tmod	advmod	p	cc	nsubjpass	auxpass	advmod	conj	aux	xcomp	quantmod	quantmod	quantmod	num	dobj	p	advmod	prep	pobj	p
11	11	11	3	6	4	6	7	10	8	0	11	11	11	11	19	19	19	11	21	19	25	25	25	26	21	11	26	21	29	11
O	O	O	O	O	O	O	O	B-PERSON	I-PERSON	O	B-DATE	I-DATE	O	O	O	O	O	O	O	O	O	B-QUANTITY	I-QUANTITY	I-QUANTITY	O	O	O	O	B-GPE	O
</negative>
<negative>
Abu	Nidal	,	61	,	is	accused	by	Washington	of	having	killed	or	injured	900	people	in	attacks	in	20	countries	since	1974	.
NNP	NNP	,	CD	,	VBZ	VBN	IN	NNP	IN	VBG	VBN	CC	VBN	CD	NNS	IN	NNS	IN	CD	NNS	IN	CD	.
nn	nsubjpass	p	appos	p	auxpass	root	prep	pobj	prep	aux	pcomp	cc	conj	num	dobj	prep	pobj	prep	num	pobj	prep	pobj	p
2	7	7	2	7	7	0	7	8	9	12	10	12	12	16	12	16	17	18	21	19	12	22	7
B-PERSON	I-PERSON	O	B-DATE	O	O	O	O	B-GPE	O	O	O	O	O	B-CARDINAL	O	O	O	O	B-CARDINAL	O	O	B-DATE	O
</negative>
<negative>
The	Arab	intelligence	official	,	who	spoke	Tuesday	on	the	condition	of	anonymity	,	said	Abu	Nidal	was	arrested	two	months	ago	in	Egypt	but	had	actually	been	there	for	nine	months	.
DT	JJ	NN	NN	,	WP	VBD	NNP	IN	DT	NN	IN	NN	,	VBD	NNP	NNP	VBD	VBN	CD	NNS	RB	IN	NNP	CC	VBD	RB	VBN	RB	IN	CD	NNS	.
det	amod	nn	nsubj	p	nsubj	rcmod	tmod	prep	det	pobj	prep	pobj	p	root	nn	nsubjpass	auxpass	ccomp	num	npadvmod	advmod	prep	pobj	cc	aux	advmod	conj	advmod	prep	num	pobj	p
4	4	4	15	15	7	4	7	7	11	9	11	12	15	0	17	19	19	15	21	22	23	19	23	15	28	28	15	28	28	32	30	15
O	B-NORP	O	O	O	O	O	B-DATE	O	O	O	O	O	O	O	B-PERSON	I-PERSON	O	O	B-DATE	I-DATE	I-DATE	O	B-GPE	O	O	O	O	O	O	B-DATE	I-DATE	O
</negative>
<negative>
The	official	said	Egyptian	intelligence	agents	wanted	to	use	Abu	Nidal	's	network	to	target	terrorist	groups	planning	bombings	and	assassinations	in	Egypt	.
DT	NN	VBD	JJ	NN	NNS	VBD	TO	VB	NNP	NNP	POS	NN	TO	VB	JJ	NNS	VBG	NNS	CC	NNS	IN	NNP	.
det	nsubj	root	amod	nn	nsubj	ccomp	aux	xcomp	nn	poss	possessive	dobj	aux	infmod	amod	dobj	xcomp	dobj	cc	conj	prep	pobj	p
2	3	0	6	6	7	3	9	7	11	13	11	9	15	13	17	15	15	18	19	19	18	22	3
O	O	O	B-NORP	O	O	O	O	O	B-PERSON	I-PERSON	I-PERSON	O	O	O	O	O	O	O	O	O	O	B-GPE	O
</negative>
<negative>
At	that	point	,	according	to	the	official	,	Abu	Nidal	stopped	cooperating	and	was	arrested	.
IN	DT	NN	,	VBG	TO	DT	NN	,	NNP	NNP	VBD	VBG	CC	VBD	VBN	.
prep	det	pobj	p	prep	pcomp	det	pobj	p	nn	nsubj	root	xcomp	cc	auxpass	conj	p
12	3	1	12	12	5	8	6	12	11	12	0	12	12	16	12	12
O	O	O	O	O	O	O	O	O	B-PERSON	I-PERSON	O	O	O	O	O	O
</negative>
<negative>
Last	week	,	Egyptian	officials	denied	that	Abu	Nidal	was	on	Egyptian	territory	after	two	Arabic	newspapers	asserted	he	was	under	arrest	in	Egypt	.
JJ	NN	,	JJ	NNS	VBD	IN	NNP	NNP	VBD	IN	JJ	NN	IN	CD	JJ	NNS	VBD	PRP	VBD	IN	NN	IN	NNP	.
amod	tmod	p	amod	nsubj	root	complm	nn	nsubj	ccomp	prep	amod	pobj	mark	num	amod	nsubj	advcl	nsubj	ccomp	prep	pobj	prep	pobj	p
2	6	6	5	6	0	10	9	10	6	10	13	11	18	17	17	18	10	20	18	20	21	22	23	6
B-DATE	I-DATE	O	B-NORP	O	O	O	B-PERSON	I-PERSON	O	O	B-NORP	O	O	B-CARDINAL	B-NORP	O	O	O	O	O	O	O	B-GPE	O
</negative>
<negative>
Al	Sharq	al-Awsat	reported	on	Aug	.	23	that	Abu	Nidal	was	dying	of	cancer	in	an	Egyptian	hospital	.
NNP	NNP	NNP	VBD	IN	NNP	.	CD	IN	NNP	NNP	VBD	VBG	IN	NN	IN	DT	JJ	NN	.
nn	nn	nsubj	root	prep	pobj	p	dep	complm	nn	nsubj	aux	ccomp	prep	pobj	prep	det	amod	pobj	p
3	3	4	0	4	5	4	6	13	11	13	13	4	13	14	15	19	19	16	4
B-PERSON	I-PERSON	O	O	O	B-DATE	O	B-CARDINAL	O	B-PERSON	I-PERSON	O	O	O	O	O	O	B-NORP	O	O
</negative>
<negative>
The	Los	Angeles	Times	reported	on	Tuesday	that	Abu	Nidal	had	been	arrested	by	Egyptian	authorities	as	he	crossed	into	Egypt	from	Libya	.
DT	NNP	NNP	NNP	VBD	IN	NNP	IN	NNP	NNP	VBD	VBN	VBN	IN	JJ	NNS	IN	PRP	VBD	IN	NNP	IN	NNP	.
det	nn	nn	nsubj	root	prep	pobj	complm	nn	nsubjpass	aux	auxpass	ccomp	prep	amod	pobj	mark	nsubj	advcl	prep	pobj	prep	pobj	p
4	4	4	5	0	5	6	13	10	13	13	13	5	13	16	14	19	19	13	19	20	19	22	5
B-ORG	I-ORG	I-ORG	I-ORG	O	O	B-DATE	O	B-PERSON	I-PERSON	O	O	O	O	B-NORP	O	O	O	O	O	B-GPE	O	B-GPE	O
</negative>
<negative>
Although	the	Abu	Nidal	group	is	smaller	now	than	it	had	been	in	the	past	,	it	continues	to	have	adherents	in	Lebanon	,	Syria	,	Libya	,	Iraq	and	according	to	intelligence	officials	several	dormant	cells	in	Europe	.
IN	DT	NNP	NNP	NN	VBZ	JJR	RB	IN	PRP	VBD	VBN	IN	DT	NN	,	PRP	VBZ	TO	VB	NNS	IN	NNP	,	NNP	,	NNP	,	NNP	CC	VBG	TO	NN	NNS	JJ	JJ	NNS	IN	NNP	.
mark	det	nn	nn	nsubj	cop	advcl	advmod	mark	nsubj	aux	advcl	prep	det	pobj	p	nsubj	root	aux	xcomp	dobj	prep	nn	p	appos	p	pobj	p	dep	cc	conj	pcomp	nn	nn	amod	amod	pobj	prep	pobj	p
7	5	5	5	7	7	18	7	12	12	12	7	12	15	13	18	18	0	20	18	20	21	27	18	27	18	22	18	21	29	29	31	34	37	37	37	32	37	38	18
O	O	B-PERSON	I-PERSON	O	O	O	O	O	O	O	O	O	O	O	O	O	O	O	O	O	O	B-GPE	O	B-GPE	O	B-GPE	O	B-GPE	O	O	O	O	O	O	O	O	O	B-LOC	O
</negative>
<negative>
Abu	Nidal	is	wanted	in	Italy	,	the	United	States	,	the	United	Kingdom	.
NNP	NNP	VBZ	VBN	IN	NNP	,	DT	NNP	NNPS	,	DT	NNP	NNP	.
nn	nsubjpass	auxpass	root	prep	pobj	p	det	nn	appos	p	det	nn	appos	p
2	4	4	0	4	5	4	10	10	6	4	14	14	10	4
B-PERSON	I-PERSON	O	O	O	B-GPE	O	B-GPE	I-GPE	I-GPE	O	B-GPE	I-GPE	I-GPE	O
</negative>
<negative>
Moussa	was	telling	reporters	here	in	response	to	some	media	reports	in	the	last	couple	of	weeks	that	the	61-year-old	man	,	who	is	known	by	his	nom	de	guerre	as	Abu	Nidal	,	is	in	Egypt	.
NNP	VBD	VBG	NNS	RB	IN	NN	TO	DT	NNS	NNS	IN	DT	JJ	NN	IN	NNS	IN	DT	JJ	NN	,	WP	VBZ	VBN	IN	PRP$	NN	IN	NN	IN	NNP	NNP	,	VBZ	IN	NNP	.
nsubj	aux	root	dobj	advmod	prep	pobj	prep	det	nn	pobj	prep	det	amod	pobj	prep	pobj	complm	det	amod	nsubj	p	nsubjpass	auxpass	rcmod	prep	poss	nn	amod	pobj	prep	nn	pobj	p	ccomp	prep	pobj	p
3	3	0	3	3	3	6	3	11	11	8	11	15	15	12	15	16	35	21	21	35	3	25	25	21	25	30	30	30	26	30	33	31	3	3	35	36	3
B-PERSON	O	O	O	O	O	O	O	O	O	O	O	O	O	O	O	O	O	O	O	O	O	O	O	O	O	O	O	O	O	O	B-PERSON	I-PERSON	O	O	O	B-GPE	O
</negative>
</QApairs>
<QApairs id='48.2'>
<question>
What	was	Abu	Nidal	's	name	at	birth	?
WP	VBD	NNP	NNP	POS	NN	IN	NN	.
attr	root	nn	poss	possessive	nsubj	prep	pobj	p
2	0	4	6	4	2	6	7	2
O	O	B-PERSON	I-PERSON	I-PERSON	O	O	O	O
</question>
<positive>
Palestinian	officials	have	told	The	Associated	Press	that	Abu	Nidal	_	whose	real	name	is	Sabri	al-Banna	_	is	either	jailed	or	hospitalized	in	Egypt	.
JJ	NNS	VBP	VBN	DT	NNP	NNP	IN	NNP	NNP	NNP	WP$	JJ	NN	VBZ	NNP	NNP	NNP	VBZ	RB	VBN	CC	VBN	IN	NNP	.
amod	nsubj	aux	root	det	nn	dobj	complm	nn	nn	nsubjpass	poss	amod	nsubj	cop	nn	nn	rcmod	auxpass	advmod	ccomp	cc	conj	prep	pobj	p
2	4	4	0	7	7	4	21	11	11	21	14	14	18	18	18	18	11	21	21	4	21	21	21	24	4
B-NORP	O	O	O	B-ORG	I-ORG	I-ORG	O	B-PERSON	I-PERSON	O	O	O	O	O	B-PERSON	I-PERSON	O	O	O	O	O	O	O	B-GPE	O
Sabri	al-Banna
16	17
</positive>
<negative>
That	was	the	name	of	the	shadowy	figure	who	Ray	,	after	recanting	his	confession	,	claimed	had	manipulated	him	into	the	plot	.
DT	VBD	DT	NN	IN	DT	JJ	NN	WP	NNP	,	IN	VBG	PRP$	NN	,	VBD	VBD	VBN	PRP	IN	DT	NN	.
nsubj	cop	det	root	prep	det	amod	pobj	rel	nsubj	p	prep	pcomp	poss	dobj	p	rcmod	aux	ccomp	dobj	prep	det	pobj	p
4	4	4	0	4	8	8	5	17	17	4	17	12	15	13	4	8	19	17	19	19	23	21	4
O	O	O	O	O	O	O	O	O	B-PERSON	O	O	O	O	O	O	O	O	O	O	O	O	O	O
</negative>
<negative>
The	wagons	carried	food	and	white	boxes	with	large	blue	circles	bearing	the	name	of	the	donor	,	Doctors	of	the	World	.
DT	NNS	VBD	NN	CC	JJ	NNS	IN	JJ	JJ	NNS	VBG	DT	NN	IN	DT	NN	,	NNS	IN	DT	NNP	.
det	nsubj	root	nn	cc	conj	dobj	prep	amod	amod	pobj	partmod	det	dobj	prep	det	pobj	p	appos	prep	det	pobj	p
2	3	0	7	4	4	3	3	11	11	8	11	14	12	14	17	15	3	17	19	22	20	3
O	O	O	O	O	O	O	O	O	O	O	O	O	O	O	O	O	O	O	O	O	O	O
</negative>
<negative>
But	now	in	a	final	,	posthumous	novel	to	be	published	next	year	for	the	centennial	of	his	birth	,	the	adventurer	and	prankster	who	was	Hemingway	can	keep	readers	guessing	.
CC	RB	IN	DT	JJ	,	JJ	NN	TO	VB	VBN	JJ	NN	IN	DT	NN	IN	PRP$	NN	,	DT	NN	CC	NN	WP	VBD	JJ	MD	VB	NNS	VBG	.
cc	advmod	prep	det	amod	p	amod	pobj	aux	auxpass	infmod	amod	tmod	prep	det	pobj	prep	poss	pobj	p	det	nsubj	cc	conj	nsubj	cop	rcmod	aux	root	dobj	partmod	p
29	29	2	8	8	29	8	3	11	11	8	13	11	11	16	14	16	19	17	29	22	29	22	22	27	27	22	29	0	29	30	29
O	O	O	O	O	O	O	O	O	O	O	B-DATE	I-DATE	O	O	O	O	O	O	O	O	O	O	O	O	O	B-ORG	O	O	O	O	O
</negative>
<negative>
A	thriving	afterlife	as	a	brand	name	.
DT	JJ	NN	IN	DT	NN	NN	.
det	amod	root	prep	det	nn	pobj	p
3	3	0	3	7	7	4	3
O	O	O	O	O	O	O	O
</negative>
</QApairs>
<QApairs id='48.3'>
<question>
How	many	followers	does	Abu	Nidal	have	?
WRB	JJ	NNS	VBZ	NNP	NNP	VB	.
advmod	amod	dobj	aux	nn	nsubj	root	p
2	3	7	7	6	7	0	7
O	O	O	O	B-PERSON	I-PERSON	O	O
</question>
<positive>
However	,	most	of	the	incidents	blamed	on	Abu	Nidal	occurred	years	ago	,	and	he	is	now	believed	to	have	only	a	few	hundred	followers	,	mostly	in	Lebanon	.
RB	,	JJS	IN	DT	NNS	VBN	IN	NNP	NNP	VBD	NNS	IN	,	CC	PRP	VBZ	RB	VBN	TO	VB	RB	DT	JJ	CD	NNS	,	RB	IN	NNP	.
advmod	p	nsubj	prep	det	pobj	partmod	prep	nn	pobj	root	tmod	advmod	p	cc	nsubjpass	auxpass	advmod	conj	aux	xcomp	quantmod	quantmod	quantmod	num	dobj	p	advmod	prep	pobj	p
11	11	11	3	6	4	6	7	10	8	0	11	11	11	11	19	19	19	11	21	19	25	25	25	26	21	11	26	21	29	11
O	O	O	O	O	O	O	O	B-PERSON	I-PERSON	O	B-DATE	I-DATE	O	O	O	O	O	O	O	O	O	B-QUANTITY	I-QUANTITY	I-QUANTITY	O	O	O	O	B-GPE	O
a	few	hundred
23	24	25
</positive>
<positive>
Abu	Nidal	still	has	200	to	300	followers	in	his	organization	,	and	they	have	been	active	in	recent	years	,	especially	against	Arab	targets	.
NNP	NNP	RB	VBZ	CD	TO	CD	NNS	IN	PRP$	NN	,	CC	PRP	VBP	VBN	JJ	IN	JJ	NNS	,	RB	IN	JJ	NNS	.
nn	nsubj	advmod	root	number	dep	num	dobj	prep	poss	pobj	p	cc	nsubj	aux	cop	conj	prep	amod	pobj	p	advmod	prep	amod	pobj	p
2	4	4	0	7	7	8	4	8	11	9	4	4	17	17	17	4	17	20	18	4	17	17	25	23	4
B-PERSON	I-PERSON	O	O	B-CARDINAL	O	B-CARDINAL	O	O	O	O	O	O	O	O	O	O	O	O	O	O	O	O	B-NORP	O	O
200	to	300
5	6	7
</positive>
</QApairs>
<QApairs id='48.5'>
<question>
In	what	year	did	the	PLO	condemn	Abu	Nidal	to	death	?
IN	WDT	NN	VBD	DT	NNP	VB	NNP	NNP	TO	NN	.
prep	det	pobj	aux	det	nsubj	root	nn	dobj	prep	pobj	p
7	3	1	7	6	7	0	9	7	9	10	7
O	O	O	O	O	B-ORG	O	B-PERSON	I-PERSON	O	O	O
</question>
<positive>
Abu	Nidal	,	61	,	is	accused	by	Washington	of	having	killed	or	injured	900	people	in	attacks	in	20	countries	since	1974	.
NNP	NNP	,	CD	,	VBZ	VBN	IN	NNP	IN	VBG	VBN	CC	VBN	CD	NNS	IN	NNS	IN	CD	NNS	IN	CD	.
nn	nsubjpass	p	appos	p	auxpass	root	prep	pobj	prep	aux	pcomp	cc	conj	num	dobj	prep	pobj	prep	num	pobj	prep	pobj	p
2	7	7	2	7	7	0	7	8	9	12	10	12	12	16	12	16	17	18	21	19	12	22	7
B-PERSON	I-PERSON	O	B-DATE	O	O	O	O	B-GPE	O	O	O	O	O	B-CARDINAL	O	O	O	O	B-CARDINAL	O	O	B-DATE	O
1974
23
</positive>
<positive>
The	PLO	has	condemned	to	death	in	1974	.
DT	NNP	VBZ	VBN	TO	NN	IN	CD	.
det	nsubj	aux	root	prep	pobj	prep	pobj	p
2	4	4	0	4	5	6	7	4
O	B-ORG	O	O	O	O	O	B-DATE	O
1974
8
</positive>
<positive>
The	PLO	condemned	Abu	Nidal	to	death	in	1974	.
DT	NNP	VBD	NNP	NNP	TO	NN	IN	CD	.
det	nsubj	root	nn	dobj	prep	pobj	prep	pobj	p
2	3	0	5	3	3	6	3	8	3
O	B-ORG	O	B-PERSON	I-PERSON	O	O	O	B-DATE	O
1974
9
</positive>
<negative>
He	is	wanted	in	the	United	States	,	Great	Britain	and	Italy	and	was	condemned	to	death	by	the	Palestine	Liberation	Organization	,	from	which	he	broke	in	1972	.
PRP	VBZ	VBN	IN	DT	NNP	NNPS	,	NNP	NNP	CC	NNP	CC	VBD	VBN	TO	NN	IN	DT	NNP	NNP	NNP	,	IN	WDT	PRP	VBD	IN	CD	.
nsubjpass	auxpass	root	prep	det	nn	pobj	p	nn	conj	cc	conj	cc	auxpass	conj	prep	pobj	prep	det	nn	nn	pobj	p	rel	pobj	nsubj	rcmod	prep	pobj	p
3	3	0	3	7	7	4	3	10	7	7	7	3	15	3	15	16	15	22	22	22	18	3	27	24	27	22	27	28	3
O	O	O	O	B-GPE	I-GPE	I-GPE	O	B-GPE	I-GPE	O	B-GPE	O	O	O	O	O	O	B-ORG	I-ORG	I-ORG	I-ORG	O	O	O	O	O	O	B-DATE	O
</negative>
<negative>
Over	the	years	,	reports	of	his	death	,	often	spun	by	the	man	himself	,	have	circulated	widely	.
IN	DT	NNS	,	NNS	IN	PRP$	NN	,	RB	VBN	IN	DT	NN	PRP	,	VBP	VBN	RB	.
prep	det	pobj	p	nsubj	prep	poss	pobj	p	advmod	partmod	prep	det	pobj	dep	p	aux	root	advmod	p
18	3	1	18	18	5	8	6	18	11	5	11	14	12	14	18	18	0	18	18
O	B-DATE	I-DATE	O	O	O	O	O	O	O	O	O	O	O	O	O	O	O	O	O
</negative>
<negative>
The	official	's	account	could	not	be	independently	confirmed	,	but	it	was	supported	on	some	points	by	a	PLO	official	.
DT	NN	POS	NN	MD	RB	VB	RB	VBN	,	CC	PRP	VBD	VBN	IN	DT	NNS	IN	DT	NNP	NN	.
det	poss	possessive	nsubjpass	aux	neg	auxpass	advmod	root	p	cc	nsubjpass	auxpass	conj	prep	det	pobj	prep	det	nn	pobj	p
2	4	2	9	9	9	9	9	0	9	9	14	14	9	14	17	15	14	21	21	18	9
O	O	O	O	O	O	O	O	O	O	O	O	O	O	O	O	O	O	O	B-ORG	O	O
</negative>
<negative>
Over	the	past	decade	he	included	the	PLO	among	his	targets	having	taken	responsibility	for	killing	some	the	organization	's	top	leaders	.
IN	DT	JJ	NN	PRP	VBD	DT	NNP	IN	PRP$	NNS	VBG	VBN	NN	IN	VBG	DT	DT	NN	POS	JJ	NNS	.
prep	det	amod	pobj	nsubj	root	det	dobj	prep	poss	pobj	aux	xcomp	dobj	prep	pcomp	nsubj	det	poss	possessive	amod	xcomp	p
6	4	4	1	6	0	8	6	6	11	9	13	6	13	13	15	22	19	22	19	22	16	6
O	B-DATE	I-DATE	I-DATE	O	O	O	B-ORG	O	O	O	O	O	O	O	O	O	O	O	O	O	O	O
</negative>
<negative>
PLO	officials	said	Egypt	would	not	confirm	these	reports	to	them	,	but	left	open	the	possibility	the	arrest	may	have	taken	place	.
NNP	NNS	VBD	NNP	MD	RB	VB	DT	NNS	TO	PRP	,	CC	RB	JJ	DT	NN	DT	NN	MD	VB	VBN	NN	.
nn	nsubj	root	nsubj	aux	neg	ccomp	det	dobj	prep	pobj	p	cc	advmod	conj	det	dobj	det	nsubj	aux	aux	dep	dobj	p
2	3	0	7	7	7	3	9	7	7	10	3	7	15	7	17	15	19	22	22	22	15	22	3
B-ORG	O	O	B-GPE	O	O	O	O	O	O	O	O	O	O	O	O	O	O	O	O	O	O	O	O
</negative>
<negative>
Over	the	years	,	his	death	has	been	reported	widely	in	accounts	often	spun	by	the	man	himself	.
IN	DT	NNS	,	PRP$	NN	VBZ	VBN	VBN	RB	IN	NNS	RB	VBN	IN	DT	NN	PRP	.
prep	det	pobj	p	poss	nsubjpass	aux	auxpass	root	advmod	prep	pobj	advmod	partmod	prep	det	pobj	dep	p
9	3	1	9	6	9	9	9	0	9	9	11	14	12	14	17	15	17	9
O	B-DATE	I-DATE	O	O	O	O	O	O	O	O	O	O	O	O	O	O	O	O
</negative>
<negative>
In	Washington	on	Tuesday	,	Thomas	Pickering	,	undersecretary	of	state	,	said	he	did	not	have	``	any	determinative	information	''	to	provide	on	the	reported	arrest	,	and	said	questions	should	be	addressed	to	the	Egyptian	government	.
IN	NNP	IN	NNP	,	NNP	NNP	,	NN	IN	NN	,	VBD	PRP	VBD	RB	VB	``	DT	JJ	NN	''	TO	VB	IN	DT	VBN	NN	,	CC	VBD	NNS	MD	VB	VBN	TO	DT	JJ	NN	.
prep	pobj	prep	pobj	p	nn	nsubj	p	appos	prep	pobj	p	root	nsubj	aux	neg	ccomp	p	det	amod	dobj	p	aux	infmod	prep	det	amod	pobj	p	cc	conj	nsubjpass	aux	auxpass	ccomp	prep	det	amod	pobj	p
13	1	2	3	13	7	13	13	7	9	10	13	0	17	17	17	13	13	21	21	17	13	24	21	24	28	28	25	13	17	17	35	35	35	31	35	39	39	36	13
O	B-GPE	O	B-DATE	O	B-PERSON	I-PERSON	O	O	O	O	O	O	O	O	O	O	O	O	O	O	O	O	O	O	O	O	O	O	O	O	O	O	O	O	O	O	B-NORP	O	O
</negative>
</QApairs>
<QApairs id='49.1'>
<question>
What	is	Carlos	the	Jackal	's	real	name	?
WP	VBZ	NNP	DT	NNP	POS	JJ	NN	.
attr	root	nsubj	det	poss	possessive	amod	attr	p
2	0	2	5	8	5	8	2	2
O	O	B-PERSON	I-PERSON	I-PERSON	I-PERSON	O	O	O
</question>
<positive>
Klein	is	allegedly	a	former	accomplice	of	Cold	War	terrorist	Ilich	Ramirez	Sanchez	,	better	known	as	``	Carlos	the	Jackal	.	''
NNP	VBZ	RB	DT	JJ	NN	IN	NNP	NNP	NN	NNP	NNP	NNP	,	RBR	VBN	IN	``	NNP	DT	NNP	.	''
nsubj	cop	advmod	det	amod	root	prep	nn	nn	nn	nn	nn	pobj	p	advmod	partmod	prep	p	nn	det	pobj	p	p
6	6	6	6	6	0	6	13	13	13	13	13	7	6	16	13	16	6	21	21	17	6	6
B-PERSON	O	O	O	O	O	O	B-EVENT	I-EVENT	O	B-PERSON	I-PERSON	I-PERSON	O	O	O	O	O	B-PERSON	I-PERSON	I-PERSON	O	O
Ilich	Ramirez	Sanchez
11	12	13
</positive>
<positive>
Orders	for	the	attack	are	believed	to	have	come	from	Ilich	Ramirez	Sanchez	,	the	man	known	as	Carlos	the	Jackal	,	who	is	in	a	French	jail	serving	a	life	sentence	for	three	other	murders	.
NNS	IN	DT	NN	VBP	VBN	TO	VB	VBN	IN	NNP	NNP	NNP	,	DT	NN	VBN	IN	NNP	DT	NNP	,	WP	VBZ	IN	DT	JJ	NN	VBG	DT	NN	NN	IN	CD	JJ	NNS	.
nsubjpass	prep	det	pobj	auxpass	root	aux	aux	xcomp	prep	nn	nn	pobj	p	det	appos	partmod	prep	nn	det	pobj	p	nsubj	rcmod	prep	det	amod	pobj	partmod	det	nn	dobj	prep	num	amod	pobj	p
6	1	4	2	6	0	9	9	6	9	13	13	10	6	16	13	16	17	21	21	18	6	24	21	24	28	28	25	28	32	32	29	32	36	36	33	6
O	O	O	O	O	O	O	O	O	O	B-PERSON	I-PERSON	I-PERSON	O	O	O	O	O	B-PERSON	I-PERSON	I-PERSON	O	O	O	O	O	B-NORP	O	O	O	O	O	O	B-CARDINAL	O	O	O
Ilich	Ramirez	Sanchez
11	12	13
</positive>
<positive>
Klein	,	believed	to	be	a	former	accomplice	of	Cold	War	terrorist	Ilich	Ramirez	Sanchez	,	also	known	as	``	Carlos	the	Jackal	,	''	has	been	sought	on	an	international	arrest	warrant	for	23	years	.
NNP	,	VBN	TO	VB	DT	JJ	NN	IN	NNP	NNP	JJ	NNP	NNP	NNP	,	RB	VBN	IN	``	NNP	DT	NNP	,	''	VBZ	VBN	VBN	IN	DT	JJ	NN	NN	IN	CD	NNS	.
nsubj	p	partmod	aux	cop	det	amod	xcomp	prep	nn	nn	amod	nn	nn	pobj	p	advmod	dep	prep	p	nn	det	pobj	p	p	aux	auxpass	root	prep	det	amod	pobj	dep	prep	num	pobj	p
18	28	1	8	8	8	8	3	8	15	15	15	15	15	9	28	18	28	18	28	23	23	19	28	28	28	28	0	28	32	32	29	28	33	36	34	28
B-PERSON	O	O	O	O	O	O	O	O	B-EVENT	I-EVENT	O	B-PERSON	I-PERSON	I-PERSON	O	O	O	O	O	B-PERSON	I-PERSON	I-PERSON	O	O	O	O	O	O	O	O	O	O	O	B-DATE	I-DATE	O
Ilich	Ramirez	Sanchez
13	14	15
</positive>
<positive>
The	daily	Evenimentul	Zilei	reported	recently	that	some	former	Securitate	agents	could	be	indicted	in	France	for	collaborating	with	``	Carlos	the	Jackal	,	''	whose	real	name	is	Ilich	Ramirez	Sanchez	.
DT	JJ	NNP	NNP	VBD	RB	IN	DT	JJ	NNP	NNS	MD	VB	VBN	IN	NNP	IN	VBG	IN	``	NNP	DT	NNP	,	''	WP$	JJ	NN	VBZ	NNP	NNP	NNP	.
det	amod	nn	nsubj	root	advmod	complm	det	amod	nn	nsubjpass	aux	auxpass	ccomp	prep	pobj	prep	pcomp	prep	p	nn	det	pobj	p	p	poss	amod	nsubj	cop	nn	nn	rcmod	p
4	4	4	5	0	5	14	11	11	11	14	14	14	5	14	15	14	17	18	5	23	23	19	5	5	28	28	32	32	32	32	23	5
O	B-DATE	B-ORG	I-ORG	O	O	O	O	O	O	O	O	O	O	O	B-GPE	O	O	O	O	B-PERSON	I-PERSON	I-PERSON	O	O	O	O	O	O	B-PERSON	I-PERSON	I-PERSON	O
Ilich	Ramirez	Sanchez
30	31	32
</positive>
<positive>
Voinea	announced	that	Romania	charged	Carlos	,	whose	real	name	is	Ilich	Ramirez	Sanchez	,	of	undermining	the	peace	and	committing	crimes	against	humanity	.
NNP	VBD	IN	NNP	VBD	NNP	,	WP$	JJ	NN	VBZ	NNP	NNP	NNP	,	IN	VBG	DT	NN	CC	VBG	NNS	IN	NN	.
nsubj	root	complm	nsubj	ccomp	dobj	p	poss	amod	nsubj	cop	nn	nn	rcmod	p	prep	pcomp	det	dobj	cc	conj	dobj	prep	pobj	p
2	0	5	5	2	5	2	10	10	14	14	14	14	6	2	14	16	19	17	17	17	21	22	23	2
B-PERSON	O	O	B-GPE	O	B-PERSON	O	O	O	O	O	B-PERSON	I-PERSON	I-PERSON	O	O	O	O	O	O	O	O	O	O	O
Ilich	Ramirez	Sanchez
12	13	14
</positive>
<positive>
Carlos	,	a	Venezuelan	whose	real	name	is	Ilich	Ramirez	Sanchez	,	was	arrested	in	Sudan	in	1994	.
NNP	,	DT	JJ	WP$	JJ	NN	VBZ	NNP	NNP	NNP	,	VBD	VBN	IN	NNP	IN	CD	.
nsubjpass	p	det	appos	poss	amod	nsubj	cop	nn	nn	rcmod	p	auxpass	root	prep	pobj	prep	pobj	p
14	14	4	1	7	7	11	11	11	11	4	14	14	0	14	15	14	17	14
B-PERSON	O	O	B-NORP	O	O	O	O	B-PERSON	I-PERSON	I-PERSON	O	O	O	O	B-GPE	O	B-DATE	O
Ilich	Ramirez	Sanchez
9	10	11
</positive>
<positive>
His	expulsion	came	a	year	after	the	Sudanese	government	had	arrested	and	extradited	Ilich	Ramirez	Sanchez	,	better	known	as	the	terrorist	``	Carlos	the	Jackal	,	''	to	France	.
PRP$	NN	VBD	DT	NN	IN	DT	NNP	NN	VBD	VBN	CC	VBN	NNP	NNP	NNP	,	RBR	JJ	IN	DT	JJ	``	NNP	DT	NNP	,	''	TO	NNP	.
poss	nsubj	root	det	tmod	mark	det	nn	nsubj	aux	advcl	cc	conj	nn	nn	dobj	p	advmod	amod	prep	det	amod	p	nn	det	pobj	p	p	prep	pobj	p
2	3	0	5	3	11	9	9	11	11	3	11	11	16	16	11	3	19	16	19	26	26	3	26	26	20	3	3	11	29	3
O	O	O	O	O	O	O	B-NORP	O	O	O	O	O	B-PERSON	I-PERSON	I-PERSON	O	O	O	O	O	O	O	B-PERSON	I-PERSON	I-PERSON	O	O	O	B-GPE	O
Ilich	Ramirez	Sanchez
14	15	16
</positive>
<negative>
Klein	lived	under	a	false	name	in	the	Norman	village	of	Sainte-Honorine-la-Guillaume	until	his	arrest	under	an	old	warrant	.
NNP	VBD	IN	DT	JJ	NN	IN	DT	NNP	NN	IN	NNP	IN	PRP$	NN	IN	DT	JJ	NN	.
nsubj	root	prep	det	amod	pobj	prep	det	nn	pobj	prep	pobj	prep	poss	pobj	prep	det	amod	pobj	p
2	0	2	6	6	3	6	10	10	7	10	11	2	15	13	2	19	19	16	2
B-PERSON	O	O	O	O	O	O	O	B-PERSON	O	O	O	O	O	O	O	O	O	O	O
</negative>
<negative>
Germany	is	interested	not	only	in	what	Klein	might	have	to	say	about	Carlos	'	terror	network	,	but	also	about	activities	at	the	time	of	the	Stasi	,	the	East	German	secret	police	.
NNP	VBZ	JJ	RB	RB	IN	WP	NNP	MD	VB	TO	VB	IN	NNP	POS	NN	NN	,	CC	RB	IN	NNS	IN	DT	NN	IN	DT	NNP	,	DT	NNP	NNP	JJ	NN	.
nsubj	cop	root	neg	advmod	prep	dobj	nsubj	aux	pcomp	aux	xcomp	prep	poss	p	nn	pobj	p	cc	cc	conj	pobj	prep	det	pobj	prep	det	pobj	p	det	amod	amod	amod	appos	p
3	3	0	6	6	3	10	10	10	6	12	10	12	17	3	17	13	3	20	6	6	21	22	25	23	25	28	26	3	34	33	33	34	28	3
B-GPE	O	O	O	O	O	O	B-PERSON	O	O	O	O	O	B-PERSON	O	O	O	O	O	O	O	O	O	O	O	O	O	B-ORG	O	O	B-NORP	I-NORP	O	O	O
</negative>
<negative>
``	The	German	secret	service	told	us	Carlos	rented	a	car	in	Germany	using	false	documents	provided	by	Romania	,	''	Voinea	said	.
``	DT	JJ	JJ	NN	VBD	PRP	NNP	VBD	DT	NN	IN	NNP	VBG	JJ	NNS	VBN	IN	NNP	,	''	NNP	VBD	.
p	det	amod	amod	nsubj	ccomp	dobj	nsubj	dep	det	dobj	prep	pobj	xcomp	amod	dobj	prep	pcomp	pobj	p	p	nsubj	root	p
23	5	5	5	6	23	6	9	6	11	9	9	12	9	16	14	14	17	18	23	23	23	0	23
O	O	B-NORP	O	O	O	O	B-PERSON	O	O	O	O	B-GPE	O	O	O	O	O	B-GPE	O	O	B-PERSON	O	O
</negative>
<negative>
After	a	four-year	trial	,	an	accused	terrorist	and	a	former	accomplice	of	Carlos	the	Jackal	will	be	sentenced	next	week	in	a	bombing	attack	on	a	French	cultural	center	,	a	Berlin	court	said	Monday	.
IN	DT	JJ	NN	,	DT	JJ	NN	CC	DT	JJ	NN	IN	NNP	DT	NNP	MD	VB	VBN	JJ	NN	IN	DT	NN	NN	IN	DT	JJ	JJ	NN	,	DT	NNP	NN	VBD	NNP	.
prep	det	amod	pobj	p	det	amod	conj	cc	det	amod	conj	prep	pobj	det	nsubjpass	aux	auxpass	ccomp	amod	tmod	prep	det	nn	pobj	prep	det	amod	amod	pobj	p	det	nn	nsubj	root	tmod	p
19	4	4	1	35	8	8	4	4	12	12	4	12	13	16	19	19	19	35	21	19	19	25	25	22	25	30	30	30	26	35	34	34	35	0	35	35
O	O	O	O	O	O	O	O	O	O	O	O	O	B-PERSON	I-PERSON	I-PERSON	O	O	O	B-DATE	I-DATE	O	O	O	O	O	O	B-NORP	O	O	O	O	B-GPE	O	O	B-DATE	O
</negative>
<negative>
Germany	's	longest-sought	fugitive	until	his	1995	arrest	in	Yemen	,	Weinrich	is	a	former	Red	Army	Faction	member	who	also	headed	European	operations	for	international	terrorist	Carlos	the	Jackal	in	the	1970s	and	'80s	.
NNP	POS	NN	VBP	IN	PRP$	CD	NN	IN	NNP	,	NNP	VBZ	DT	JJ	NNP	NNP	NNP	NN	WP	RB	VBD	JJ	NNS	IN	JJ	NN	NNP	DT	NNP	IN	DT	CD	CC	CD	.
poss	possessive	nsubj	root	mark	poss	num	nsubj	prep	nn	p	pobj	cop	det	amod	nn	nn	nn	advcl	nsubj	advmod	rcmod	amod	dobj	prep	amod	nn	nn	det	pobj	prep	dep	pobj	cc	conj	p
3	1	4	0	19	8	8	19	8	12	4	9	19	19	19	19	19	19	4	22	22	19	24	22	22	30	30	30	30	25	22	33	31	33	33	4
B-GPE	O	O	O	O	O	B-DATE	O	O	B-GPE	O	B-ORG	O	O	O	B-ORG	I-ORG	I-ORG	O	O	O	O	B-NORP	O	O	O	O	B-PERSON	I-PERSON	I-PERSON	O	B-DATE	I-DATE	O	B-DATE	O
</negative>
<negative>
Prosecutors	say	the	Berlin	bombing	was	one	in	a	series	of	unsuccessful	attempts	to	pressure	France	to	free	Carlos	'	lover	and	another	member	of	his	terrorist	gang	from	a	French	prison	.
NNS	VBP	DT	NNP	NN	VBD	CD	IN	DT	NN	IN	JJ	NNS	TO	VB	NNP	TO	VB	NNP	POS	NN	CC	DT	NN	IN	PRP$	JJ	NN	IN	DT	JJ	NN	.
nsubj	root	det	nn	nsubj	cop	ccomp	prep	det	pobj	prep	amod	pobj	aux	infmod	nsubj	aux	xcomp	poss	p	dobj	cc	det	conj	prep	poss	amod	pobj	prep	det	amod	pobj	p
2	0	5	5	7	7	2	7	10	8	10	13	11	15	7	18	18	15	21	2	18	21	24	21	24	28	28	25	18	32	32	29	2
O	O	O	B-GPE	O	O	O	O	O	O	O	O	O	O	O	B-GPE	O	O	B-PERSON	O	O	O	O	O	O	O	O	O	O	O	B-NORP	O	O
</negative>
</QApairs>
<QApairs id='49.2'>
<question>
Where	was	Carlos	the	Jackal	born	?
WRB	VBD	NNP	DT	NNP	VBN	.
advmod	auxpass	nn	det	nsubjpass	root	p
6	6	5	5	6	0	6
O	O	B-PERSON	I-PERSON	I-PERSON	O	O
</question>
<positive>
He	was	held	in	La	Sante	prison	where	Carlos	the	Jackal	,	nickname	for	Venezuelan	-born	Ilich	Ramirez	Sanchez	,	is	held	.
PRP	VBD	VBN	IN	NNP	NNP	NN	WRB	NNP	DT	NNP	,	NN	IN	JJ	NN	NNP	NNP	NNP	,	VBZ	VBN	.
nsubjpass	auxpass	root	prep	nn	nn	pobj	advmod	nn	det	nsubjpass	p	appos	prep	amod	nn	nn	nn	pobj	p	auxpass	advcl	p
3	3	0	3	7	7	4	22	11	11	22	3	11	13	19	19	19	19	14	3	22	3	3
O	O	O	O	B-FAC	I-FAC	O	O	B-PERSON	I-PERSON	I-PERSON	O	O	O	B-NORP	O	B-PERSON	I-PERSON	I-PERSON	O	O	O	O
Venezuelan
15
</positive>
<positive>
In	the	letter	,	Chavez	addressed	the	Venezuelan	-born	Carlos	as	``	Dear	compatriot	''	and	,	according	to	press	reports	,	signed	the	missive	``	with	profound	faith	in	the	cause	and	the	mission	,	now	and	forever.	''
IN	DT	NN	,	NNP	VBD	DT	JJ	NN	NNP	IN	``	NNP	NNP	''	CC	,	VBG	TO	NN	NNS	,	VBN	DT	NN	``	IN	JJ	NN	IN	DT	NN	CC	DT	NN	,	RB	CC	VBN	''
prep	det	pobj	p	nsubj	root	det	amod	nn	dobj	prep	p	nn	pobj	p	cc	p	dep	pcomp	nn	pobj	p	conj	det	dobj	p	prep	amod	pobj	prep	det	pobj	cc	det	conj	p	advmod	cc	conj	p
6	3	1	6	6	0	10	10	10	6	6	6	14	11	6	6	6	6	18	21	19	6	6	25	23	6	23	29	27	29	32	30	32	35	32	6	23	23	23	6
O	O	O	O	B-PERSON	O	O	B-NORP	O	B-PERSON	O	O	O	O	O	O	O	O	O	O	O	O	O	O	O	O	O	O	O	O	O	O	O	O	O	O	O	O	O	O
Venezuelan
8
</positive>
<positive>
Carlos	,	a	Venezuelan	whose	real	name	is	Ilich	Ramirez	Sanchez	,	was	arrested	in	Sudan	in	1994	.
NNP	,	DT	JJ	WP$	JJ	NN	VBZ	NNP	NNP	NNP	,	VBD	VBN	IN	NNP	IN	CD	.
nsubjpass	p	det	appos	poss	amod	nsubj	cop	nn	nn	rcmod	p	auxpass	root	prep	pobj	prep	pobj	p
14	14	4	1	7	7	11	11	11	11	4	14	14	0	14	15	14	17	14
B-PERSON	O	O	B-NORP	O	O	O	O	B-PERSON	I-PERSON	I-PERSON	O	O	O	O	B-GPE	O	B-DATE	O
Venezuelan
4
</positive>
<positive>
He	even	penned	a	friendly	letter	to	an	infamous	Venezuelan	-born	terrorist	,	``	Carlos	the	Jackal	,	''	who	is	serving	a	life	term	in	a	French	prison	.
PRP	RB	VBN	DT	JJ	NN	TO	DT	JJ	JJ	JJ	NN	,	``	NNP	DT	NNP	,	''	WP	VBZ	VBG	DT	NN	NN	IN	DT	JJ	NN	.
nsubj	advmod	root	det	amod	dobj	prep	det	amod	amod	amod	pobj	p	p	nn	det	appos	p	p	nsubj	aux	rcmod	det	nn	dobj	prep	det	amod	pobj	p
3	3	0	6	6	3	3	12	12	12	12	7	3	3	17	17	12	3	3	22	22	17	25	25	22	25	29	29	26	3
O	O	O	O	O	O	O	O	O	B-NORP	O	O	O	O	B-PERSON	I-PERSON	I-PERSON	O	O	O	O	O	O	O	O	O	O	B-NORP	O	O
Venezuelan
10
</positive>
<positive>
One	peculiar	example	is	his	correspondence	with	Ilich	Ramirez	Sanchez	,	the	Venezuelan	-born	former	guerrilla	known	as	Carlos	the	Jackal	,	who	was	convicted	of	murder	and	kidnappings	across	Europe	,	including	an	attack	on	OPEC	ministers	.
CD	JJ	NN	VBZ	PRP$	NN	IN	NNP	NNP	NNP	,	DT	JJ	JJ	JJ	NN	VBN	IN	NNP	DT	NNP	,	WP	VBD	VBN	IN	NN	CC	NNS	IN	NNP	,	VBG	DT	NN	IN	NNP	NNS	.
num	amod	nsubj	cop	poss	root	prep	nn	nn	pobj	p	det	amod	amod	amod	appos	partmod	prep	nn	det	pobj	p	nsubjpass	auxpass	rcmod	prep	pobj	cc	conj	prep	pobj	p	prep	det	pobj	prep	nn	pobj	p
3	3	6	6	6	0	6	10	10	7	6	16	16	16	16	10	16	17	21	21	18	6	25	25	21	25	26	27	27	25	30	6	25	35	33	35	38	36	6
B-CARDINAL	O	O	O	O	O	O	B-PERSON	I-PERSON	I-PERSON	O	O	B-NORP	O	O	O	O	O	B-PERSON	I-PERSON	I-PERSON	O	O	O	O	O	O	O	O	O	B-LOC	O	O	O	O	O	B-ORG	O	O
Venezuelan
13
</positive>
<negative>
Relatives	of	the	man	known	as	Carlos	the	Jackal	have	praised	a	letter	of	solidarity	sent	to	the	convicted	terrorist	by	Venezuela	's	president	.
NNS	IN	DT	NN	VBN	IN	NNP	DT	NNP	VBP	VBN	DT	NN	IN	NN	VBD	TO	DT	VBN	NN	IN	NNP	POS	NN	.
nsubj	prep	det	pobj	partmod	mark	nn	det	nsubj	aux	advcl	det	dobj	prep	pobj	root	prep	det	amod	pobj	prep	poss	possessive	pobj	p
16	1	4	2	4	11	9	9	11	11	5	13	11	13	14	0	16	20	20	17	20	24	22	21	16
O	O	O	O	O	O	B-PERSON	I-PERSON	I-PERSON	O	O	O	O	O	O	O	O	O	O	O	O	B-GPE	O	O	O
</negative>
<negative>
``	Chavez	is	almost	a	mythical	figure	,	''	said	Carlos	Sabino	,	a	sociologist	at	the	Central	University	of	Venezuela	and	longtime	observer	of	the	country	's	politics	.
``	NNP	VBZ	RB	DT	JJ	NN	,	''	VBD	NNP	NNP	,	DT	NN	IN	DT	NNP	NNP	IN	NNP	CC	JJ	NN	IN	DT	NN	POS	NNS	.
p	nsubj	cop	advmod	det	amod	ccomp	p	p	root	nn	nsubj	p	det	appos	prep	det	nn	pobj	prep	pobj	cc	amod	conj	prep	det	poss	possessive	pobj	p
10	7	7	7	7	7	10	10	10	0	12	10	10	15	12	15	19	19	16	19	20	19	24	19	24	27	29	27	25	10
O	B-PERSON	O	O	O	O	O	O	O	O	B-PERSON	I-PERSON	O	O	O	O	B-ORG	I-ORG	I-ORG	O	B-GPE	O	O	O	O	O	O	O	O	O
</negative>
<negative>
Hugo	Rafael	Chavez	Frias	was	born	in	Sabaneta	de	Barinas	,	a	small	town	in	the	vast	,	sparsely-populated	savannah	that	is	Venezuela	's	equivalent	of	the	Great	Plains	.
NNP	NNP	NNP	NNP	VBD	VBN	IN	NNP	IN	NNP	,	DT	JJ	NN	IN	DT	JJ	,	JJ	NN	WDT	VBZ	NNP	POS	NN	IN	DT	NNP	NNPS	.
nn	nn	nn	nsubjpass	auxpass	root	prep	nn	amod	pobj	p	det	amod	appos	prep	det	amod	p	amod	pobj	nsubj	cop	poss	possessive	rcmod	prep	det	nn	pobj	p
4	4	4	6	6	0	6	10	10	7	6	14	14	10	14	20	20	6	20	15	25	25	25	23	20	25	29	29	26	6
B-PERSON	I-PERSON	I-PERSON	I-PERSON	O	O	O	B-GPE	O	B-GPE	O	O	O	O	O	O	O	O	O	O	O	O	B-GPE	O	O	O	B-LOC	I-LOC	I-LOC	O
</negative>
<negative>
Born	to	a	poor	family	in	the	western	interior	city	of	Barinas	,	Chavez	's	first	dreams	were	about	the	major	leagues	.
VBN	TO	DT	JJ	NN	IN	DT	JJ	JJ	NN	IN	NNP	,	NNP	POS	JJ	NNS	VBD	IN	DT	JJ	NNS	.
partmod	prep	det	amod	pobj	prep	det	amod	amod	pobj	prep	pobj	p	poss	possessive	amod	nsubj	root	prep	det	amod	pobj	p
18	1	5	5	2	5	10	10	10	6	10	11	18	17	14	17	18	0	18	22	22	19	18
O	O	O	O	O	O	O	O	O	O	O	B-GPE	O	B-PERSON	O	O	O	O	O	O	O	O	O
</negative>
</QApairs>
<QApairs id='49.3'>
<question>
Whom	did	Ramirez	marry	?
WP	VBD	NNP	VB	.
dobj	aux	nsubj	root	p
4	4	4	0	4
O	O	O	O	O
</question>
<positive>
They	also	said	they	discovered	a	Romanian	bank	account	some	dlrs	1,000	in	under	the	name	of	Ramirez	's	ex-wife	,	Magdalena	Kopp	.
PRP	RB	VBD	PRP	VBD	DT	NNP	NN	VBP	DT	VBZ	CD	IN	IN	DT	NN	IN	NNP	POS	NN	,	NNP	NNP	.
nsubj	advmod	root	nsubj	ccomp	det	nn	nsubj	ccomp	nsubj	ccomp	dobj	dep	prep	det	pobj	prep	poss	possessive	pobj	p	nn	appos	p
3	3	0	5	3	8	8	9	5	11	9	11	14	11	16	14	16	20	18	17	3	23	20	3
O	O	O	O	O	O	B-NORP	O	O	O	O	B-CARDINAL	O	O	O	O	O	B-PERSON	O	O	O	B-PERSON	I-PERSON	O
Magdalena	Kopp
22	23
</positive>
</QApairs>
<QApairs id='49.4'>
<question>
When	was	Carlos	the	Jackal	captured	?
WRB	VBD	NNP	DT	NNP	VBN	.
advmod	auxpass	nn	det	nsubjpass	root	p
6	6	5	5	6	0	6
O	O	B-PERSON	I-PERSON	I-PERSON	O	O
</question>
<positive>
Ramirez	was	captured	in	Sudan	in	August	1994	and	sentenced	last	year	in	Paris	to	life	in	prison	for	the	1975	triple	murder	.
NNP	VBD	VBN	IN	NNP	IN	NNP	CD	CC	VBN	JJ	NN	IN	NNP	TO	NN	IN	NN	IN	DT	CD	JJ	NN	.
nsubjpass	auxpass	root	prep	pobj	prep	pobj	num	cc	conj	amod	tmod	prep	pobj	prep	pobj	prep	pobj	prep	det	num	amod	pobj	p
3	3	0	3	4	3	6	7	3	3	12	10	10	13	10	15	16	17	18	23	23	23	19	3
B-PERSON	O	O	O	B-GPE	O	B-DATE	I-DATE	O	O	B-DATE	I-DATE	O	B-GPE	O	O	O	O	O	O	B-DATE	O	O	O
1994
8
</positive>
<positive>
Ramirez	,	who	was	captured	in	1994	,	is	believed	responsible	for	the	death	of	at	least	83	people	.
NNP	,	WP	VBD	VBN	IN	CD	,	VBZ	VBN	JJ	IN	DT	NN	IN	IN	JJS	CD	NNS	.
nsubjpass	p	nsubjpass	auxpass	rcmod	prep	pobj	p	auxpass	root	acomp	prep	det	pobj	prep	quantmod	mwe	num	pobj	p
10	10	5	5	1	5	6	10	10	0	10	10	14	12	14	18	16	19	15	10
B-PERSON	O	O	O	O	O	B-DATE	O	O	O	O	O	O	O	O	O	O	B-CARDINAL	O	O
1994
7
</positive>
<positive>
Carlos	,	a	Venezuelan	whose	real	name	is	Ilich	Ramirez	Sanchez	,	was	arrested	in	Sudan	in	1994	.
NNP	,	DT	JJ	WP$	JJ	NN	VBZ	NNP	NNP	NNP	,	VBD	VBN	IN	NNP	IN	CD	.
nsubjpass	p	det	appos	poss	amod	nsubj	cop	nn	nn	rcmod	p	auxpass	root	prep	pobj	prep	pobj	p
14	14	4	1	7	7	11	11	11	11	4	14	14	0	14	15	14	17	14
B-PERSON	O	O	B-NORP	O	O	O	O	B-PERSON	I-PERSON	I-PERSON	O	O	O	O	B-GPE	O	B-DATE	O
1994
18
</positive>
<positive>
French	agents	acting	on	a	tip	from	the	CIA	seized	Carlos	from	a	hospital	room	in	Sudan	in	August	1994	.
JJ	NNS	VBG	IN	DT	NN	IN	DT	NNP	VBD	NNP	IN	DT	NN	NN	IN	NNP	IN	NNP	CD	.
amod	nsubj	partmod	prep	det	pobj	prep	det	pobj	root	dobj	prep	det	nn	pobj	prep	pobj	prep	pobj	num	p
2	10	2	3	6	4	6	9	7	0	10	10	15	15	12	15	16	10	18	19	10
B-NORP	O	O	O	O	O	O	O	B-ORG	O	B-PERSON	O	O	O	O	O	B-GPE	O	B-DATE	I-DATE	O
1994
20
</positive>
<negative>
He	was	convicted	in	December	1997	and	has	been	in	French	prisons	since	his	capture	in	1994	.
PRP	VBD	VBN	IN	NNP	CD	CC	VBZ	VBN	IN	JJ	NNS	IN	PRP$	NN	IN	CD	.
nsubjpass	auxpass	root	prep	pobj	num	cc	aux	conj	prep	amod	pobj	prep	poss	pobj	prep	pobj	p
3	3	0	3	4	5	3	9	3	9	12	10	9	15	13	15	16	3
O	O	O	O	B-DATE	I-DATE	O	O	O	O	B-NORP	O	O	O	O	O	B-DATE	O
</negative>
</QApairs>
<QApairs id='49.5'>
<question>
Where	was	Carlos	-LRB-	Ramirez	-RRB-	captured	?
WRB	VBD	NNP	-LRB-	NNP	-RRB-	VBN	.
advmod	auxpass	nsubjpass	p	dep	p	root	p
7	7	7	7	7	7	0	7
O	O	B-PERSON	O	B-PERSON	O	O	O
</question>
<positive>
Ramirez	was	captured	in	Sudan	in	August	1994	and	sentenced	last	year	in	Paris	to	life	in	prison	for	the	1975	triple	murder	.
NNP	VBD	VBN	IN	NNP	IN	NNP	CD	CC	VBN	JJ	NN	IN	NNP	TO	NN	IN	NN	IN	DT	CD	JJ	NN	.
nsubjpass	auxpass	root	prep	pobj	prep	pobj	num	cc	conj	amod	tmod	prep	pobj	prep	pobj	prep	pobj	prep	det	num	amod	pobj	p
3	3	0	3	4	3	6	7	3	3	12	10	10	13	10	15	16	17	18	23	23	23	19	3
B-PERSON	O	O	O	B-GPE	O	B-DATE	I-DATE	O	O	B-DATE	I-DATE	O	B-GPE	O	O	O	O	O	O	B-DATE	O	O	O
Sudan
5
</positive>
<positive>
Five	years	ago	:	Ilich	Ramirez	Sanchez	,	the	terrorist	better	known	as	``	Carlos	the	Jackal	,	''	was	jailed	in	France	after	his	capture	in	Sudan	.
CD	NNS	RB	:	NNP	NNP	NNP	,	DT	NN	RBR	VBN	IN	``	NNP	DT	NNP	,	''	VBD	VBN	IN	NNP	IN	PRP$	NN	IN	NNP	.
num	npadvmod	dep	p	nn	nn	nsubjpass	p	det	appos	advmod	partmod	prep	p	nn	det	pobj	p	p	auxpass	root	prep	pobj	prep	poss	pobj	prep	pobj	p
2	3	21	21	7	7	21	21	10	7	12	10	12	21	17	17	13	21	21	21	0	21	22	21	26	24	26	27	21
B-DATE	I-DATE	I-DATE	O	B-PERSON	I-PERSON	I-PERSON	O	O	O	O	O	O	O	B-PERSON	I-PERSON	I-PERSON	O	O	O	O	O	B-GPE	O	O	O	O	B-GPE	O
Sudan
28
</positive>
<positive>
French	agents	acting	on	a	tip	from	the	CIA	seized	Carlos	from	a	hospital	room	in	Sudan	in	August	1994	.
JJ	NNS	VBG	IN	DT	NN	IN	DT	NNP	VBD	NNP	IN	DT	NN	NN	IN	NNP	IN	NNP	CD	.
amod	nsubj	partmod	prep	det	pobj	prep	det	pobj	root	dobj	prep	det	nn	pobj	prep	pobj	prep	pobj	num	p
2	10	2	3	6	4	6	9	7	0	10	10	15	15	12	15	16	10	18	19	10
B-NORP	O	O	O	O	O	O	O	B-ORG	O	B-PERSON	O	O	O	O	O	B-GPE	O	B-DATE	I-DATE	O
Sudan
17
</positive>
</QApairs>
<QApairs id='50.1'>
<question>
When	was	Cassini	launched	?
WRB	VBD	NNP	VBN	.
advmod	auxpass	nsubjpass	root	p
4	4	4	0	4
O	O	B-PERSON	O	O
</question>
<positive>
The	protests	pale	in	comparison	to	events	leading	up	to	Cassini	's	October	1997	launch	,	when	demonstrators	threatened	to	chain	themselves	to	the	pad	and	filed	lawsuits	to	stop	the	mission	.
DT	NNS	VBP	IN	NN	TO	NNS	VBG	RP	TO	NNP	POS	NNP	CD	NN	,	WRB	NNS	VBD	TO	NN	PRP	TO	DT	NN	CC	VBD	NNS	TO	VB	DT	NN	.
det	nsubj	root	prep	pobj	prep	pobj	partmod	prt	prep	poss	possessive	nn	num	pobj	p	advmod	nsubj	dep	prep	pobj	advmod	prep	det	pobj	cc	conj	dobj	aux	xcomp	det	dobj	p
2	3	0	3	4	3	6	7	8	8	15	11	15	15	10	3	19	19	15	19	20	21	19	25	23	3	3	27	30	27	32	30	3
O	O	O	O	O	O	O	O	O	O	B-ORG	O	B-DATE	I-DATE	O	O	O	O	O	O	O	O	O	O	O	O	O	O	O	O	O	O	O
1997
14
</positive>
<positive>
Cassini	has	twice	used	the	gravity	of	Venus	to	increase	its	speed	since	its	launch	in	October	1997	.
NNP	VBZ	RB	VBN	DT	NN	IN	NNP	TO	VB	PRP$	NN	IN	PRP$	NN	IN	NNP	CD	.
nsubj	aux	advmod	root	det	dobj	prep	pobj	aux	xcomp	poss	dobj	prep	poss	pobj	prep	pobj	num	p
4	4	4	0	6	4	6	7	10	4	12	10	10	15	13	15	16	17	4
O	O	O	O	O	O	O	B-PRODUCT	O	O	O	O	O	O	O	O	B-DATE	I-DATE	O
1997
18
</positive>
<positive>
About	500	people	protested	the	space	agency	's	most	recent	launch	of	an	RTG-powered	probe	,	the	Cassini	spacecraft	launched	toward	Saturn	in	1997	,	because	it	carries	about	72	pounds	of	plutonium	.
RB	CD	NNS	VBD	DT	NN	NN	POS	JJS	JJ	NN	IN	DT	JJ	NN	,	DT	NNP	NN	VBD	IN	NNP	IN	CD	,	IN	PRP	VBZ	RB	CD	NNS	IN	NN	.
quantmod	num	nsubj	ccomp	det	nn	poss	possessive	amod	amod	dobj	prep	det	amod	pobj	p	det	nn	nsubj	root	prep	pobj	prep	pobj	p	mark	nsubj	advcl	quantmod	num	dobj	prep	pobj	p
2	3	4	20	7	7	11	7	11	11	4	11	15	15	12	20	19	19	20	0	20	21	20	23	20	28	28	20	30	31	28	31	32	20
B-CARDINAL	I-CARDINAL	O	O	O	O	O	O	O	O	O	O	O	O	O	O	O	B-PRODUCT	O	O	O	B-ORG	O	B-DATE	O	O	O	O	O	B-QUANTITY	I-QUANTITY	O	O	O
1997
24
</positive>
<positive>
Cassini	was	launched	in	October	1997	,	and	a	previous	Venus	approach	took	place	in	April	1998	.
NNP	VBD	VBN	IN	NNP	CD	,	CC	DT	JJ	NNP	NN	VBD	NN	IN	NNP	CD	.
nsubjpass	auxpass	root	prep	pobj	num	p	cc	det	amod	nn	nsubj	conj	dobj	prep	pobj	num	p
3	3	0	3	4	5	3	3	12	12	12	13	3	13	13	15	16	3
B-PERSON	O	O	O	B-DATE	I-DATE	O	O	O	O	B-ORG	O	O	O	O	B-DATE	I-DATE	O
1997
6
</positive>
<negative>
The	plutonium-powered	Cassini	spacecraft	remained	in	contact	with	its	operations	team	.
DT	JJ	NNP	NN	VBD	IN	NN	IN	PRP$	NNS	NN	.
det	amod	nn	nsubj	root	prep	pobj	prep	poss	nn	pobj	p
4	4	4	5	0	5	6	5	11	11	8	5
O	O	O	O	O	O	O	O	O	O	O	O
</negative>
<negative>
Program	Manager	Bob	Mitchell	said	engineering	data	from	the	spacecraft	are	being	transmitted	to	Earth	to	help	engineers	pinpoint	what	caused	Cassini	to	enter	the	safe	mode	.
NNP	NNP	NNP	NNP	VBD	NN	NNS	IN	DT	NN	VBP	VBG	VBN	TO	NNP	TO	VB	NNS	VB	WP	VBD	NNP	TO	VB	DT	JJ	NN	.
nn	nn	nn	nsubj	root	nn	nsubjpass	prep	det	pobj	aux	auxpass	ccomp	prep	pobj	aux	xcomp	nsubj	ccomp	nsubj	ccomp	nsubj	aux	xcomp	det	amod	dobj	p
4	4	4	5	0	7	13	7	10	8	13	13	5	13	14	17	13	19	17	21	19	24	24	21	27	27	24	5
O	O	B-PERSON	I-PERSON	O	O	O	O	O	O	O	O	O	O	B-LOC	O	O	O	O	O	O	O	O	O	O	O	O	O
</negative>
<negative>
JPL	said	engineers	suspect	that	during	a	tracking	maneuver	,	Cassini	's	star	scanner	may	have	viewed	a	patch	of	sky	without	the	bright	stars	the	spacecraft	uses	to	orient	itself	in	space	.
NNP	VBD	NNS	VBP	IN	IN	DT	NN	NN	,	NNP	POS	NN	NN	MD	VB	VBN	DT	NN	IN	NN	IN	DT	JJ	NNS	DT	NN	VBZ	TO	VB	PRP	IN	NN	.
nsubj	root	nsubj	ccomp	complm	prep	det	nn	pobj	p	poss	possessive	nn	nsubj	aux	aux	ccomp	det	dobj	prep	pobj	prep	det	amod	pobj	det	nsubj	rcmod	aux	xcomp	dobj	prep	pobj	p
2	0	4	2	17	17	9	9	6	2	14	11	14	17	17	17	4	19	17	19	20	17	25	25	22	27	28	25	30	28	30	30	32	2
O	O	O	O	O	O	O	O	O	O	B-PERSON	O	O	O	O	O	O	O	O	O	O	O	O	O	O	O	O	O	O	O	O	O	O	O
</negative>
<negative>
Mitchell	said	he	expects	Cassini	will	be	taken	out	of	safe	mode	later	this	week	after	the	problem	has	been	identified	and	data	thoroughly	analyzed	.
NNP	VBD	PRP	VBZ	NNP	MD	VB	VBN	RP	IN	JJ	NN	RBR	DT	NN	IN	DT	NN	VBZ	VBN	VBN	CC	NNS	RB	VBD	.
nsubj	root	nsubj	ccomp	nsubjpass	aux	auxpass	ccomp	prt	prep	amod	pobj	advmod	det	tmod	mark	det	nsubjpass	aux	auxpass	advcl	cc	nsubj	advmod	conj	p
2	0	4	2	8	8	8	4	8	8	12	10	15	15	8	21	18	21	21	21	8	2	25	25	2	2
B-PERSON	O	O	O	B-PERSON	O	O	O	O	O	O	O	B-DATE	I-DATE	I-DATE	O	O	O	O	O	O	O	O	O	O	O
</negative>
<negative>
It	passed	Venus	last	year	and	this	year	will	use	Venus	again	and	then	swoop	within	500	miles	of	Earth	,	an	encounter	that	also	worries	Cassini	opponents	.
PRP	VBD	NNP	JJ	NN	CC	DT	NN	MD	VB	NNP	RB	CC	RB	JJ	IN	CD	NNS	IN	NNP	,	DT	NN	WDT	RB	VBZ	NNP	NNS	.
nsubj	root	dobj	amod	tmod	cc	det	nsubj	aux	conj	dobj	advmod	cc	advmod	conj	prep	num	pobj	prep	pobj	p	det	appos	nsubj	advmod	rcmod	nn	dobj	p
2	0	2	5	2	2	8	10	10	2	10	10	10	15	10	15	18	16	18	19	2	23	20	26	26	23	28	26	2
O	O	B-LOC	B-DATE	I-DATE	O	B-DATE	I-DATE	O	O	B-LOC	O	O	O	O	O	B-QUANTITY	I-QUANTITY	O	B-LOC	O	O	O	O	O	O	O	O	O
</negative>
<negative>
Cassini	's	return	,	two	years	after	NASA	launched	the	largest	and	most	expensive	unmanned	spacecraft	ever	,	poses	virtually	no	risk	,	mission	officials	say	.
NNP	POS	NN	,	CD	NNS	IN	NNP	VBD	DT	JJS	CC	RBS	JJ	JJ	NN	RB	,	VBZ	RB	DT	NN	,	NN	NNS	VBP	.
poss	possessive	nsubj	p	num	appos	mark	nsubj	dep	det	amod	cc	advmod	conj	amod	dobj	advmod	p	ccomp	advmod	det	dobj	p	nn	nsubj	root	p
3	1	19	26	6	3	9	9	6	16	16	11	14	11	16	9	9	26	26	22	22	19	26	25	26	0	26
B-PERSON	O	O	O	B-DATE	I-DATE	O	B-ORG	O	O	O	O	O	O	O	O	O	O	O	O	O	O	O	O	O	O	O
</negative>
<negative>
The	plutonium-powered	Galileo	probe	to	Jupiter	twice	swung	by	Earth	in	the	early	1990s	at	altitudes	much	lower	than	Cassini	's	closest	point	.
DT	JJ	NNP	NN	TO	NNP	RB	VBD	IN	NNP	IN	DT	JJ	NNS	IN	NNS	RB	JJR	IN	NNP	POS	JJS	NN	.
det	amod	nn	nsubj	prep	pobj	advmod	root	prep	pobj	prep	det	amod	pobj	prep	pobj	advmod	amod	prep	poss	possessive	amod	pobj	p
4	4	4	8	4	5	8	0	8	9	10	14	14	11	8	15	18	16	8	23	20	23	19	8
O	O	B-PRODUCT	O	O	B-LOC	O	O	O	B-LOC	O	B-DATE	I-DATE	I-DATE	O	O	O	O	O	B-PERSON	O	O	O	O
</negative>
<negative>
The	chances	of	an	accidental	re-entry	of	Cassini	are	about	1	in	1.2	million	,	according	to	a	NASA	estimate	.
DT	NNS	IN	DT	JJ	NN	IN	NNP	VBP	RB	CD	IN	CD	CD	,	VBG	TO	DT	NNP	NN	.
det	nsubj	prep	det	amod	pobj	prep	pobj	cop	quantmod	root	prep	number	pobj	p	prep	pcomp	det	nn	pobj	p
2	11	2	6	6	3	6	7	11	11	0	11	14	12	11	11	16	20	20	17	11
O	O	O	O	O	O	O	B-PERSON	O	O	B-CARDINAL	O	B-CARDINAL	I-CARDINAL	O	O	O	O	B-ORG	O	O
</negative>
<negative>
``	It	's	just	not	a	credible	event	,	''	said	Bob	Mitchell	,	Cassini	's	program	manager	at	NASA	's	Jet	Propulsion	Laboratory	in	Pasadena	.
``	PRP	VBZ	RB	RB	DT	JJ	NN	,	''	VBD	NNP	NNP	,	NNP	POS	NN	NN	IN	NNP	POS	NNP	NNP	NNP	IN	NNP	.
p	nsubj	cop	advmod	neg	det	amod	ccomp	p	p	root	nn	nsubj	p	poss	possessive	nn	appos	prep	poss	possessive	nn	nn	pobj	prep	pobj	p
11	8	8	8	8	8	8	11	11	11	0	13	11	11	18	15	18	13	18	24	20	24	24	19	18	25	11
O	O	O	O	O	O	O	O	O	O	O	B-PERSON	I-PERSON	O	B-PERSON	O	O	O	O	B-ORG	O	B-ORG	I-ORG	I-ORG	O	B-GPE	O
</negative>
<negative>
A	handful	of	anti-	Cassini	Web	sites	also	have	been	set	up	.
DT	NN	IN	JJ	NNP	NNP	NNS	RB	VBP	VBN	VBN	RP	.
det	nsubjpass	prep	amod	nn	nn	pobj	advmod	aux	auxpass	root	prt	p
2	11	2	7	7	7	3	11	11	11	0	11	11
O	O	O	O	B-LOC	I-LOC	O	O	O	O	O	O	O
</negative>
<negative>
The	plutonium-powered	Cassini	spacecraft	flew	within	728	miles	of	Earth	's	surface	,	successfully	using	the	planet	's	gravity	to	gain	speed	and	change	direction	for	the	final	stretch	of	its	journey	to	Saturn	.
DT	JJ	NNP	NN	VBD	IN	JJ	NNS	IN	NNP	POS	NN	,	RB	VBG	DT	NN	POS	NN	TO	VB	NN	CC	NN	NN	IN	DT	JJ	NN	IN	PRP$	NN	TO	NNP	.
det	amod	nn	nsubj	root	prep	amod	pobj	prep	poss	possessive	pobj	p	advmod	xcomp	det	poss	possessive	dobj	aux	infmod	nn	cc	conj	dobj	prep	det	amod	pobj	prep	poss	pobj	prep	pobj	p
4	4	4	5	0	5	8	6	8	12	10	9	5	6	5	17	19	17	15	21	19	25	22	22	21	21	29	29	26	29	32	30	21	33	5
O	O	O	O	O	O	B-QUANTITY	I-QUANTITY	O	B-LOC	O	O	O	O	O	O	O	O	O	O	O	O	O	O	O	O	O	O	O	O	O	O	O	B-ORG	O
</negative>
<negative>
``	It	was	right	by	the	book	,	''	said	Bob	Mitchell	,	Cassini	's	program	manager	at	NASA	's	Jet	Propulsion	Laboratory	in	Pasadena	.
``	PRP	VBD	JJ	IN	DT	NN	,	''	VBD	NNP	NNP	,	NNP	POS	NN	NN	IN	NNP	POS	NNP	NNP	NNP	IN	NNP	.
p	nsubj	cop	ccomp	prep	det	pobj	p	p	root	nn	nsubj	p	poss	possessive	nn	appos	prep	poss	possessive	nn	nn	pobj	prep	pobj	p
10	4	4	10	4	7	5	10	10	0	12	10	10	17	14	17	12	17	23	19	23	23	18	17	24	10
O	O	O	O	O	O	O	O	O	O	B-PERSON	I-PERSON	O	B-PERSON	O	O	O	O	B-ORG	O	B-ORG	I-ORG	I-ORG	O	B-GPE	O
</negative>
<negative>
But	concern	over	the	safety	of	nuclear-powered	spacecraft	are	not	likely	to	diminish	as	the	$	3.4	billion	Cassini	speeds	away	.
CC	NN	IN	DT	NN	IN	JJ	NN	VBP	RB	JJ	TO	VB	IN	DT	$	CD	CD	NNP	NNS	RB	.
cc	nsubj	prep	det	pobj	prep	amod	pobj	cop	neg	root	aux	xcomp	prep	det	num	number	number	nn	pobj	advmod	p
11	11	2	5	3	5	8	6	11	11	0	13	11	13	20	20	16	16	20	14	20	11
O	O	O	O	O	O	O	O	O	O	O	O	O	O	O	B-MONEY	I-MONEY	I-MONEY	O	O	O	O
</negative>
<negative>
Activists	had	feared	that	human	error	or	some	other	mishap	could	fling	Cassini	and	its	72	pounds	of	radioactive	plutonium	into	Earth	's	atmosphere	.
NNS	VBD	VBN	IN	JJ	NN	CC	DT	JJ	NN	MD	VB	NNP	CC	PRP$	CD	NNS	IN	JJ	NN	IN	NNP	POS	NN	.
nsubj	aux	root	complm	amod	nsubj	cc	det	amod	conj	aux	ccomp	dobj	cc	poss	num	conj	prep	amod	pobj	prep	poss	possessive	pobj	p
3	3	0	12	6	12	6	10	10	6	12	3	12	13	17	17	13	17	20	18	12	24	22	21	3
O	O	O	O	O	O	O	O	O	O	O	O	B-PERSON	O	O	B-QUANTITY	I-QUANTITY	O	O	O	O	B-LOC	O	O	O
</negative>
<negative>
Before	Cassini	's	launch	,	protesters	filed	lawsuits	and	threatened	to	chain	themselves	to	the	pad	.
IN	NNP	POS	NN	,	NNS	VBD	NNS	CC	VBD	TO	NN	PRP	TO	DT	NN	.
prep	poss	possessive	pobj	p	nsubj	root	dobj	cc	conj	prep	pobj	advmod	prep	det	pobj	p
7	4	2	1	7	7	0	7	7	7	10	11	12	10	16	14	7
O	B-PERSON	O	O	O	O	O	O	O	O	O	O	O	O	O	O	O
</negative>
<negative>
Cassini	does	n't	use	the	plutonium	for	propulsion	but	to	power	its	dozen	instruments	.
NNP	VBZ	RB	VB	DT	NN	IN	NN	CC	TO	NN	PRP$	NN	NNS	.
nsubj	aux	neg	root	det	dobj	prep	pobj	cc	conj	pobj	poss	nn	dep	p
4	4	4	0	6	4	6	7	7	7	10	14	14	7	4
O	O	O	O	O	O	O	O	O	O	O	O	O	O	O
</negative>
<negative>
Once	it	arrives	at	Saturn	,	Cassini	will	make	close-up	studies	of	the	planet	,	its	rings	,	moons	and	magnetic	environment	.
IN	PRP	VBZ	IN	NNP	,	NNP	MD	VB	NN	NNS	IN	DT	NN	,	PRP$	NNS	,	NNS	CC	JJ	NN	.
mark	nsubj	advcl	prep	pobj	p	nsubj	aux	root	nn	dobj	prep	det	pobj	p	poss	conj	p	conj	cc	amod	conj	p
3	3	9	3	4	9	9	9	0	11	9	11	14	12	9	17	14	9	14	14	22	14	9
O	O	O	O	B-ORG	O	B-PERSON	O	O	O	O	O	O	O	O	O	O	O	O	O	O	O	O
</negative>
<negative>
Cassini	's	two	RTGs	have	been	feeding	it	electrical	power	steadily	and	should	continue	to	work	long	after	the	spacecraft	loops	into	orbit	around	Saturn	in	2004	.
NNP	POS	CD	NNS	VBP	VBN	VBG	PRP	JJ	NN	RB	CC	MD	VB	TO	VB	JJ	IN	DT	NN	NNS	IN	NN	IN	NNP	IN	CD	.
poss	possessive	num	nsubj	aux	aux	root	iobj	amod	dobj	advmod	cc	aux	conj	aux	xcomp	amod	prep	det	pobj	dobj	prep	pobj	prep	pobj	prep	pobj	p
4	1	4	7	7	7	0	7	10	7	10	7	14	7	16	14	21	17	20	18	16	16	22	16	24	25	26	7
B-PERSON	O	B-CARDINAL	O	O	O	O	O	O	O	O	O	O	O	O	O	O	O	O	O	O	O	O	O	B-ORG	O	B-DATE	O
</negative>
<negative>
CASSINI	'S	CRUCIAL	COURSE
NNP	POS	NNP	NNP
poss	possessive	nn	root
4	1	4	0
O	O	O	O
</negative>
<negative>
The	Cassini	spacecraft	has	made	the	second	of	its	two	flybys	of	Venus	,	using	the	planet	's	gravity	to	pick	up	speed	on	its	way	to	Saturn	,	which	it	should	reach	in	2004	.
DT	NNP	NN	VBZ	VBN	DT	NN	IN	PRP$	CD	NNS	IN	NNP	,	VBG	DT	NN	POS	NN	TO	VB	RP	NN	IN	PRP$	NN	TO	NNP	,	WDT	PRP	MD	VB	IN	CD	.
det	nn	nsubj	aux	root	det	dobj	prep	poss	num	pobj	prep	pobj	p	partmod	det	poss	possessive	dobj	aux	infmod	prt	dobj	prep	poss	pobj	prep	pobj	p	dobj	nsubj	aux	rcmod	prep	pobj	p
3	3	5	5	0	7	5	7	11	11	8	11	12	5	5	17	19	17	15	21	19	21	21	23	26	24	21	27	5	33	33	33	28	33	34	5
O	O	O	O	O	O	B-ORDINAL	O	O	B-CARDINAL	O	O	B-ORG	O	O	O	O	O	O	O	O	O	O	O	O	O	O	B-ORG	O	O	O	O	O	O	B-DATE	O
</negative>
<negative>
The	next	planet	to	provide	a	shot	of	energy	to	the	spacecraft	is	Earth	,	which	Cassini	will	approach	next	month	.
DT	JJ	NN	TO	VB	DT	NN	IN	NN	TO	DT	NN	VBZ	NNP	,	WDT	NNP	MD	VB	JJ	NN	.
det	amod	nsubj	aux	infmod	det	dobj	prep	pobj	prep	det	pobj	cop	root	p	dobj	nsubj	aux	rcmod	amod	tmod	p
3	3	14	5	3	7	5	7	8	5	12	10	14	0	14	19	19	19	14	21	19	14
O	O	O	O	O	O	O	O	O	O	O	O	O	B-LOC	O	O	B-PERSON	O	O	B-DATE	I-DATE	O
</negative>
</QApairs>
<QApairs id='50.2'>
<question>
How	much	did	it	cost	to	build	Cassini	?
WRB	JJ	VBD	PRP	VB	TO	VB	NNP	.
advmod	dep	aux	nsubj	root	aux	xcomp	dobj	p
2	5	5	5	0	7	5	7	5
O	O	O	O	O	O	O	B-PERSON	O
</question>
<negative>
Once	they	reach	their	target	,	they	will	seek	out	raw	materials	,	build	sensors	and	an	antenna	,	then	relay	images	back	home	.
IN	PRP	VBP	PRP$	NN	,	PRP	MD	VB	RP	JJ	NNS	,	VB	NNS	CC	DT	NN	,	RB	VB	NNS	RB	NN	.
mark	nsubj	advcl	poss	dobj	p	nsubj	aux	root	prt	amod	dobj	p	dep	dobj	cc	det	conj	p	advmod	dep	dobj	advmod	dep	p
3	3	9	5	3	9	9	9	0	9	12	9	9	9	14	15	18	15	9	21	9	21	21	23	9
O	O	O	O	O	O	O	O	O	O	O	O	O	O	O	O	O	O	O	O	O	O	O	O	O
</negative>
<negative>
No	more	behemoths	that	cost	many	billions	of	dollars	apiece	would	be	built	to	explore	outer	space	.
DT	JJR	NNS	WDT	VBD	JJ	NNS	IN	NNS	RB	MD	VB	VBN	TO	VB	JJ	NN	.
det	amod	nsubjpass	nsubj	rcmod	amod	dobj	prep	pobj	advmod	aux	auxpass	root	aux	xcomp	amod	dobj	p
3	3	13	5	3	7	5	7	8	13	13	13	0	15	13	17	15	13
O	O	O	O	O	O	B-MONEY	I-MONEY	I-MONEY	O	O	O	O	O	O	O	O	O
</negative>
<negative>
Instead	,	he	vowed	to	tap	American	ingenuity	to	build	swarms	of	small	but	powerful	spacecraft	that	would	probe	the	heavens	,	sending	back	a	nearly	constant	stream	of	new	information	.
RB	,	PRP	VBD	TO	VB	JJ	NN	TO	VB	NNS	IN	JJ	CC	JJ	NN	WDT	MD	VB	DT	NNS	,	VBG	RP	DT	RB	JJ	NN	IN	JJ	NN	.
advmod	p	nsubj	root	aux	xcomp	amod	dobj	aux	xcomp	dobj	prep	amod	cc	conj	pobj	nsubj	aux	rcmod	det	dobj	p	xcomp	prt	det	advmod	amod	dobj	prep	amod	pobj	p
4	4	4	0	6	4	8	6	10	6	10	11	16	13	13	12	19	19	11	21	19	4	4	23	28	27	28	23	28	31	29	4
O	O	O	O	O	O	B-NORP	O	O	O	O	O	O	O	O	O	O	O	O	O	O	O	O	O	O	O	O	O	O	O	O	O
</negative>
<negative>
``	There	's	a	balance	between	science	return	,	acceptance	of	risk	and	cost	reduction	,	''	he	said	.
``	EX	VBZ	DT	NN	IN	NN	NN	,	NN	IN	NN	CC	NN	NN	,	''	PRP	VBD	.
p	expl	ccomp	det	nsubj	prep	nn	pobj	p	appos	prep	nn	cc	conj	pobj	p	p	nsubj	root	p
19	3	19	5	3	5	8	6	19	8	10	15	12	12	11	19	19	19	0	19
O	O	O	O	O	O	O	O	O	O	O	O	O	O	O	O	O	O	O	O
</negative>
<negative>
``	Those	have	gotten	out	of	balance	,	with	too	much	emphasis	on	cost	reduction	.
``	DT	VBP	VBN	RP	IN	NN	,	IN	RB	JJ	NN	IN	NN	NN	.
p	nsubj	aux	root	prt	prep	pobj	p	prep	advmod	amod	pobj	prep	nn	pobj	p
4	4	4	0	4	4	6	4	4	11	12	9	12	15	13	4
O	O	O	O	O	O	O	O	O	O	O	O	O	O	O	O
</negative>
<negative>
But	the	idea	of	doing	missions	more	rapidly	and	at	lower	cost	certainly	is	still	valid	.
CC	DT	NN	IN	VBG	NNS	RBR	RB	CC	IN	JJR	NN	RB	VBZ	RB	JJ	.
cc	det	nsubj	prep	pcomp	dobj	advmod	advmod	cc	conj	amod	pobj	advmod	cop	advmod	root	p
16	3	16	3	4	5	8	5	8	8	12	10	5	16	16	0	16
O	O	O	O	O	O	O	O	O	O	O	O	O	O	O	O	O
</negative>
<negative>
The	issue	is	how	rapidly	and	how	much	cost	reduction.	''
DT	NN	VBZ	WRB	RB	CC	WRB	JJ	VBD	NN	''
det	nsubj	root	dep	advmod	cc	advmod	advmod	conj	dobj	p
2	3	0	3	4	4	8	9	4	9	3
O	O	O	O	O	O	O	O	O	O	O
</negative>
</QApairs>
<QApairs id='50.3'>
<question>
What	is	Cassini	's	destination	?
WP	VBZ	NNP	POS	NN	.
attr	root	poss	possessive	nsubj	p
2	0	5	3	2	2
O	O	B-PERSON	O	O	O
</question>
<positive>
Europe	's	space	consortium	cooperated	with	the	U.S	.	-launched	Cassini	probe	to	Saturn	but	has	not	conducted	its	own	mission	.
NNP	POS	NN	NN	VBD	IN	DT	NNP	.	NN	NNP	NN	TO	NNP	CC	VBZ	RB	VBN	PRP$	JJ	NN	.
poss	possessive	nn	nsubj	root	prep	det	nn	p	nn	nn	pobj	prep	pobj	cc	aux	neg	conj	poss	amod	dobj	p
4	1	4	5	0	5	12	12	5	12	12	6	5	13	5	18	18	5	21	21	18	5
B-LOC	O	O	O	O	O	O	B-GPE	O	O	O	O	O	O	O	O	O	O	O	O	O	O
Saturn
14
</positive>
<positive>
About	500	people	protested	the	space	agency	's	most	recent	launch	of	an	RTG-powered	probe	,	the	Cassini	spacecraft	launched	toward	Saturn	in	1997	,	because	it	carries	about	72	pounds	of	plutonium	.
RB	CD	NNS	VBD	DT	NN	NN	POS	JJS	JJ	NN	IN	DT	JJ	NN	,	DT	NNP	NN	VBD	IN	NNP	IN	CD	,	IN	PRP	VBZ	RB	CD	NNS	IN	NN	.
quantmod	num	nsubj	ccomp	det	nn	poss	possessive	amod	amod	dobj	prep	det	amod	pobj	p	det	nn	nsubj	root	prep	pobj	prep	pobj	p	mark	nsubj	advcl	quantmod	num	dobj	prep	pobj	p
2	3	4	20	7	7	11	7	11	11	4	11	15	15	12	20	19	19	20	0	20	21	20	23	20	28	28	20	30	31	28	31	32	20
B-CARDINAL	I-CARDINAL	O	O	O	O	O	O	O	O	O	O	O	O	O	O	O	B-PRODUCT	O	O	O	B-ORG	O	B-DATE	O	O	O	O	O	B-QUANTITY	I-QUANTITY	O	O	O
Saturn
22
</positive>
<positive>
Cassini	's	destination	,	eventually	,	is	the	ringed	planet	Saturn	.
NNP	POS	NN	,	RB	,	VBZ	DT	JJ	NN	NN	.
poss	possessive	nsubj	p	advmod	p	cop	det	amod	nn	root	p
3	1	11	11	11	11	11	11	11	11	0	11
B-PERSON	O	O	O	O	O	O	O	O	O	B-PRODUCT	O
Saturn
11
</positive>
<positive>
WASHINGTON	,	October	15	-LRB-	Xinhua	-RRB-	--	Cassini	,	the	probe	destined	for	Saturn	,	took	off	early	this	morning	on	a	seven-year	journey	to	explore	the	remote	planet	and	its	rings	and	moons	.
NNP	,	NNP	CD	-LRB-	NNP	-RRB-	:	NNP	,	DT	NN	VBN	IN	NNP	,	VBD	RP	RB	DT	NN	IN	DT	JJ	NN	TO	VB	DT	JJ	NN	CC	PRP$	NNS	CC	NNS	.
nn	p	nsubj	num	p	appos	p	p	dep	p	det	appos	partmod	prep	pobj	p	root	prt	advmod	det	tmod	prep	det	amod	pobj	aux	infmod	det	amod	dobj	cc	poss	conj	cc	conj	p
3	17	17	3	17	3	17	17	3	17	12	9	12	13	14	17	0	17	21	21	17	17	25	25	22	27	25	30	30	27	30	33	30	33	33	17
B-GPE	O	B-DATE	I-DATE	O	B-ORG	O	O	B-PERSON	O	O	O	O	O	B-ORG	O	O	O	B-TIME	I-TIME	I-TIME	O	O	O	O	O	O	O	O	O	O	O	O	O	O	O
Saturn
15
</positive>
<positive>
On	its	billions	of	kilometers	flight	toward	Saturn	,	Cassini	is	scheduled	to	loop	its	path	around	the	Venus	,	the	Earth	and	the	Jupiter	to	get	the	gravity	boost	needed	for	closing	in	onto	its	destination	.
IN	PRP$	NNS	IN	NNS	NN	IN	NNP	,	NNP	VBZ	VBN	TO	VB	PRP$	NN	IN	DT	NNP	,	DT	NN	CC	DT	NNP	TO	VB	DT	NN	NN	VBN	IN	VBG	RP	IN	PRP$	NN	.
prep	poss	pobj	prep	nn	pobj	prep	pobj	p	nsubjpass	auxpass	root	aux	xcomp	poss	dobj	prep	det	pobj	p	det	conj	cc	det	conj	aux	xcomp	det	nn	dobj	partmod	prep	pcomp	prt	prep	poss	pobj	p
12	3	1	3	6	4	6	7	12	12	12	0	14	12	16	14	14	19	17	12	22	19	19	25	19	27	14	30	30	27	30	31	32	33	33	37	35	12
O	O	B-QUANTITY	I-QUANTITY	I-QUANTITY	O	O	B-ORG	O	B-PERSON	O	O	O	O	O	O	O	O	B-LOC	O	O	B-LOC	O	O	B-LOC	O	O	O	O	O	O	O	O	O	O	O	O	O
Saturn
8
</positive>
<negative>
Cassini	's	two	RTGs	have	been	feeding	it	electrical	power	steadily	and	should	continue	to	work	long	after	the	spacecraft	loops	into	orbit	around	Saturn	in	2004	.
NNP	POS	CD	NNS	VBP	VBN	VBG	PRP	JJ	NN	RB	CC	MD	VB	TO	VB	JJ	IN	DT	NN	NNS	IN	NN	IN	NNP	IN	CD	.
poss	possessive	num	nsubj	aux	aux	root	iobj	amod	dobj	advmod	cc	aux	conj	aux	xcomp	amod	prep	det	pobj	dobj	prep	pobj	prep	pobj	prep	pobj	p
4	1	4	7	7	7	0	7	10	7	10	7	14	7	16	14	21	17	20	18	16	16	22	16	24	25	26	7
B-PERSON	O	B-CARDINAL	O	O	O	O	O	O	O	O	O	O	O	O	O	O	O	O	O	O	O	O	O	B-ORG	O	B-DATE	O
</negative>
<negative>
The	Cassini	space	probe	,	due	to	be	launched	from	Cape	Canaveral	in	Florida	of	the	United	States	tomorrow	,	has	a	32	kilogram	plutonium	fuel	payload	to	power	its	seven	year	journey	to	Venus	and	Saturn	.
DT	NNP	NN	NN	,	JJ	TO	VB	VBN	IN	NNP	NNP	IN	NNP	IN	DT	NNP	NNPS	NN	,	VBZ	DT	CD	NN	NN	NN	VBN	TO	NN	PRP$	CD	NN	NN	TO	NNP	CC	NNP	.
det	nn	nn	nsubj	p	ccomp	aux	auxpass	xcomp	prep	nn	pobj	prep	pobj	prep	det	nn	nn	pobj	p	root	det	num	nn	nn	dobj	partmod	prep	pobj	poss	num	nn	dep	prep	pobj	cc	conj	p
4	4	4	21	21	21	9	9	6	9	12	10	12	13	14	19	19	19	15	21	0	26	26	26	26	21	26	27	28	33	33	33	21	33	34	35	35	21
O	B-PERSON	O	O	O	O	O	O	O	O	B-GPE	I-GPE	O	B-GPE	O	B-GPE	I-GPE	I-GPE	B-DATE	O	O	O	B-QUANTITY	I-QUANTITY	O	O	O	O	O	O	B-DATE	I-DATE	O	O	B-ORG	O	B-ORG	O
</negative>
<negative>
The	Cassini	space	probe	,	due	to	be	launched	from	Cape	Canaveral	in	Florida	of	the	United	States	at	dawn	,	is	carrying	33	kg	of	plutonium	needed	to	power	its	seven-year	journey	to	Venus	and	Saturn	.
DT	NNP	NN	NN	,	JJ	TO	VB	VBN	IN	NNP	NNP	IN	NNP	IN	DT	NNP	NNPS	IN	NN	,	VBZ	VBG	CD	NN	IN	NN	VBN	TO	NN	PRP$	JJ	NN	TO	NNP	CC	NNP	.
det	nn	nn	nsubj	p	ccomp	aux	auxpass	xcomp	prep	nn	pobj	prep	pobj	prep	det	nn	pobj	prep	pobj	p	aux	root	num	dobj	prep	pobj	partmod	prep	pobj	poss	amod	dep	prep	pobj	cc	conj	p
4	4	4	23	23	23	9	9	6	9	12	10	12	13	14	18	18	15	9	19	23	23	0	25	23	25	26	27	28	29	33	33	23	33	34	35	35	23
O	B-PERSON	O	O	O	O	O	O	O	O	B-GPE	I-GPE	O	B-GPE	O	B-GPE	I-GPE	I-GPE	O	O	O	O	O	B-QUANTITY	I-QUANTITY	O	O	O	O	O	O	O	O	O	B-ORG	O	B-ORG	O
</negative>
<negative>
Among	the	instruments	on	Cassini	are	cameras	to	provide	pictures	of	Saturn	,	its	rings	and	moons	,	and	radar	to	pierce	the	orange	,	hydrocarbon	haze	surrounding	Titan	.
IN	DT	NNS	IN	NNP	VBP	NNS	TO	VB	NNS	IN	NNP	,	PRP$	NNS	CC	NNS	,	CC	NN	TO	VB	DT	NN	,	NN	VBP	VBG	NNP	.
prep	det	pobj	prep	pobj	cop	rcmod	aux	infmod	dobj	prep	pobj	p	poss	conj	cc	conj	p	cc	conj	aux	xcomp	det	dobj	p	nsubj	root	xcomp	dobj	p
27	3	1	3	4	7	5	9	7	9	10	11	27	15	12	15	15	27	12	12	22	9	24	22	27	27	0	27	28	27
O	O	O	O	B-PERSON	O	O	O	O	O	O	B-ORG	O	O	O	O	O	O	O	O	O	O	O	O	O	O	O	O	B-PRODUCT	O
</negative>
<negative>
WASHINGTON	,	October	13	-LRB-	Xinhua	-RRB-	--	The	U.S	.	National	Aeronautics	and	Space	Administration	-LRB-	NASA	-RRB-	today	decided	to	delay	the	launch	of	its	Saturn	probe	,	Cassini	,	due	to	strong	wind	and	technical	problems	.
NNP	,	NNP	CD	-LRB-	NNP	-RRB-	:	DT	NNP	.	NNP	NNP	CC	NNP	NNP	-LRB-	NNP	-RRB-	NN	VBN	TO	VB	DT	NN	IN	PRP$	NNP	NN	,	NNP	,	JJ	TO	JJ	NN	CC	JJ	NNS	.
nn	p	root	num	p	appos	p	p	det	nn	p	nn	nn	cc	nn	conj	p	abbrev	p	dep	partmod	aux	xcomp	det	dobj	prep	poss	nn	pobj	p	appos	p	amod	prep	amod	pobj	cc	amod	conj	p
3	3	0	3	3	3	3	3	20	13	3	13	20	13	16	13	3	13	3	3	20	23	21	25	23	25	29	29	26	3	25	3	25	33	36	34	36	39	36	3
B-GPE	O	B-DATE	I-DATE	O	B-ORG	O	O	O	B-GPE	O	B-ORG	I-ORG	I-ORG	I-ORG	I-ORG	O	B-ORG	O	O	O	O	O	O	O	O	O	B-PRODUCT	O	O	O	O	O	O	O	O	O	O	O	O
</negative>
</QApairs>
<QApairs id='51.1'>
<question>
What	is	the	religious	affiliation	of	the	Kurds	?
WP	VBZ	DT	JJ	NN	IN	DT	NNPS	.
attr	root	det	amod	nsubj	prep	det	pobj	p
2	0	5	5	2	5	8	6	2
O	O	O	O	O	O	O	B-NORP	O
</question>
<positive>
Most	Kurds	are	secular	Muslims	who	belong	to	the	main	Sunni	sect	.
JJS	NNPS	VBP	NNP	NNPS	WP	VBP	TO	DT	JJ	NNP	NN	.
amod	nsubj	cop	nn	root	nsubj	rcmod	prep	det	amod	nn	pobj	p
2	5	5	5	0	7	5	7	12	12	12	8	5
O	B-NORP	O	O	B-NORP	O	O	O	O	O	B-NORP	O	O
secular	Muslims
4	5
</positive>
<negative>
They	also	provoked	the	Turkish	army	into	attacks	that	nearly	obliterated	Kurdish	towns	_	and	in	many	cases	turned	Kurds	against	the	PKK	.
PRP	RB	VBD	DT	JJ	NN	IN	NNS	WDT	RB	VBN	NNP	NNS	JJ	CC	IN	JJ	NNS	VBN	NNPS	IN	DT	NNP	.
nsubj	advmod	root	det	amod	dobj	prep	pobj	nsubj	advmod	rcmod	nn	nsubj	xcomp	cc	conj	amod	pobj	partmod	dobj	prep	det	pobj	p
3	3	0	6	6	3	3	7	11	11	8	13	14	11	7	7	18	16	18	19	19	23	21	3
O	O	O	O	B-NORP	O	O	O	O	O	O	B-NORP	O	O	O	O	O	O	O	B-NORP	O	O	B-ORG	O
</negative>
<negative>
The	violent	protests	by	Kurds	across	Europe	gives	the	impression	that	the	protesters	must	all	be	members	of	the	PKK	or	that	Ocalan	is	a	leader	to	all	Kurds	.
DT	JJ	NNS	IN	NNPS	IN	NNP	VBZ	DT	NN	IN	DT	NNS	MD	RB	VB	NNS	IN	DT	NNP	CC	IN	NNP	VBZ	DT	NN	TO	DT	NNPS	.
det	amod	nsubj	prep	pobj	prep	pobj	root	det	dobj	complm	det	nsubj	aux	advmod	cop	ccomp	prep	det	pobj	cc	complm	nsubj	cop	det	conj	prep	det	pobj	p
3	3	8	3	4	5	6	0	10	8	17	13	17	17	17	17	8	17	20	18	17	26	26	26	26	17	26	29	27	8
O	O	O	O	B-NORP	O	B-LOC	O	O	O	O	O	O	O	O	O	O	O	O	B-ORG	O	O	B-PERSON	O	O	O	O	O	B-NORP	O
</negative>
<negative>
The	Kurds	are	also	protesting	the	repressive	political	,	social	,	economic	and	military	conditions	that	exist	in	Turkey	and	which	continue	to	smear	Turkey	's	human	rights	record	.
DT	NNPS	VBP	RB	VBG	DT	JJ	JJ	,	JJ	,	JJ	CC	JJ	NNS	WDT	VBP	IN	NNP	CC	WDT	VBP	TO	VB	NNP	POS	JJ	NNS	NN	.
det	nsubj	aux	advmod	root	det	amod	amod	p	conj	p	conj	cc	conj	dobj	nsubj	dep	prep	pobj	cc	nsubj	conj	aux	xcomp	poss	possessive	amod	nn	dobj	p
2	5	5	5	0	15	15	15	5	8	5	8	8	8	5	17	5	17	18	17	22	17	24	22	29	25	29	29	24	5
O	B-NORP	O	O	O	O	O	O	O	O	O	O	O	O	O	O	O	O	B-GPE	O	O	O	O	O	B-GPE	O	O	O	O	O
</negative>
<negative>
If	that	's	not	enough	,	the	Kurds	are	also	using	Ocalan	's	capture	to	inform	the	world	that	all	25	million	of	them	remain	stateless	.
IN	DT	VBZ	RB	JJ	,	DT	NNPS	VBP	RB	VBG	NNP	POS	NN	TO	VB	DT	NN	IN	DT	CD	CD	IN	PRP	VBP	NNS	.
mark	nsubj	cop	neg	advcl	p	det	nsubj	aux	advmod	root	poss	possessive	dobj	aux	infmod	det	dobj	complm	det	number	nsubj	prep	pobj	cop	ccomp	p
5	5	5	5	11	11	8	11	11	11	0	14	12	11	16	14	18	16	26	22	22	26	22	23	26	16	11
O	O	O	O	O	O	O	B-NORP	O	O	O	B-PERSON	O	O	O	O	O	O	O	O	B-CARDINAL	I-CARDINAL	O	O	O	O	O
</negative>
<negative>
Divided	by	the	states	where	they	live	,	by	tribal	and	political	allegiances	that	make	them	willing	and	unwilling	pawns	in	regional	and	international	affairs	,	the	Kurds	are	as	complex	as	the	region	where	most	of	them	live	.
VBN	IN	DT	NNS	WRB	PRP	VBP	,	IN	JJ	CC	JJ	NNS	WDT	VBP	PRP	JJ	CC	JJ	NNS	IN	JJ	CC	JJ	NNS	,	DT	NNPS	VBP	RB	JJ	IN	DT	NN	WRB	JJS	IN	PRP	VBP	.
partmod	prep	det	pobj	advmod	nsubj	rcmod	p	prep	amod	cc	conj	pobj	nsubj	rcmod	nsubj	amod	cc	conj	xcomp	prep	amod	cc	conj	pobj	p	det	nsubj	cop	advmod	root	prep	det	pobj	advmod	nsubj	prep	pobj	rcmod	p
31	1	4	2	7	7	4	31	1	13	10	10	9	15	13	20	20	17	17	15	20	25	22	22	21	31	28	31	31	31	0	31	34	32	39	39	36	37	34	31
O	O	O	O	O	O	O	O	O	O	O	O	O	O	O	O	O	O	O	O	O	O	O	O	O	O	O	B-NORP	O	O	O	O	O	O	O	O	O	O	O	O
</negative>
<negative>
I	also	lived	for	weeks	at	a	time	_	in	1991	,	1992	and	1996	_	with	Kurds	in	Syria	,	Iraq	and	Turkey	.
PRP	RB	VBD	IN	NNS	IN	DT	NN	NN	IN	CD	,	CD	CC	CD	VBN	IN	NNPS	IN	NNP	,	NNP	CC	NNP	.
nsubj	advmod	root	prep	pobj	prep	det	nn	pobj	prep	pobj	p	num	cc	conj	partmod	prep	pobj	prep	pobj	p	conj	cc	conj	p
3	3	0	3	4	3	9	9	6	9	10	3	11	11	11	9	16	17	16	19	3	20	20	20	3
O	O	O	O	B-DATE	O	O	O	O	O	B-DATE	O	B-DATE	O	B-DATE	O	O	B-NORP	O	B-GPE	O	B-GPE	O	B-GPE	O
</negative>
<negative>
Saddam	Hussein	drove	the	Iraqi	Kurds	from	northern	Iraq	after	the	Gulf	War	in	1991	,	but	that	was	not	the	PKK	's	war	.
NNP	NNP	VBD	DT	JJ	NN	IN	JJ	NNP	IN	DT	NNP	NNP	IN	CD	,	CC	DT	VBD	RB	DT	NNP	POS	NN	.
nn	nsubj	root	det	amod	dobj	prep	amod	pobj	prep	det	nn	pobj	prep	pobj	p	cc	nsubj	cop	neg	det	poss	possessive	conj	p
2	3	0	6	6	3	3	9	7	3	13	13	10	13	14	3	3	24	24	24	22	24	22	3	3
B-PERSON	I-PERSON	O	O	B-NORP	B-NORP	O	O	B-GPE	O	B-EVENT	I-EVENT	I-EVENT	O	B-DATE	O	O	O	O	O	O	B-ORG	O	O	O
</negative>
<negative>
Turkish	soldiers	would	kill	any	Kurds	who	tried	to	cross	from	Iraq	into	Turkey	.
JJ	NNS	MD	VB	DT	NNPS	WP	VBD	TO	VB	IN	NNP	IN	NNP	.
amod	nsubj	aux	root	det	dobj	nsubj	rcmod	aux	xcomp	prep	pobj	prep	pobj	p
2	4	4	0	6	4	8	6	10	8	10	11	10	13	4
B-NORP	O	O	O	O	B-NORP	O	O	O	O	O	B-GPE	O	B-GPE	O
</negative>
<negative>
In	the	early	1990s	,	I	located	what	Syrian	Kurds	told	me	was	Ocalan	's	refuge	in	Damascus	,	but	I	was	never	able	to	spot	him	there	.
IN	DT	JJ	NNS	,	PRP	VBN	WP	JJ	NNPS	VBD	PRP	VBD	NNP	POS	NN	IN	NNP	,	CC	PRP	VBD	RB	JJ	TO	VB	PRP	RB	.
prep	det	amod	pobj	p	nsubj	root	dep	amod	nsubj	ccomp	nsubj	cop	poss	possessive	ccomp	prep	pobj	p	cc	nsubj	cop	neg	conj	aux	xcomp	dobj	advmod	p
7	4	4	1	7	7	0	11	10	11	7	16	16	16	14	11	16	17	7	7	24	24	24	7	26	24	26	26	7
O	B-DATE	I-DATE	I-DATE	O	O	O	O	B-NORP	B-NORP	O	O	O	B-PERSON	O	O	O	B-GPE	O	O	O	O	O	O	O	O	O	O	O
</negative>
<negative>
About	2	million	Kurds	live	in	northeastern	Syria	near	its	border	with	Turkey	and	Iraq	,	but	the	Kurdish	military	presence	there	centered	mainly	around	Kurds	from	Iraq	,	not	Turkey	.
RB	CD	CD	NNPS	VBP	IN	NNP	NNP	IN	PRP$	NN	IN	NNP	CC	NNP	,	CC	DT	NNP	JJ	NN	RB	VBD	RB	IN	NNPS	IN	NNP	,	RB	NNP	.
quantmod	number	num	nsubj	root	prep	nn	pobj	prep	poss	pobj	prep	pobj	cc	conj	p	cc	det	nn	amod	nsubj	advmod	conj	advmod	prep	pobj	prep	pobj	p	neg	dep	p
3	3	4	5	0	5	8	6	8	11	9	5	12	13	13	5	5	21	21	21	23	23	5	23	23	25	23	27	5	28	28	5
B-MONEY	I-MONEY	I-MONEY	B-NORP	O	O	O	B-GPE	O	O	O	O	B-GPE	O	B-GPE	O	O	O	B-NORP	O	O	O	O	O	O	B-NORP	O	B-GPE	O	O	B-GPE	O
</negative>
<negative>
No	friend	of	Saddam	Hussein	,	Syria	opened	its	border	with	Iraq	in	a	vain	attempt	to	help	the	Iraqi	Kurds	resist	him	after	the	Gulf	War	.
DT	NN	IN	NNP	NNP	,	NNP	VBD	PRP$	NN	IN	NNP	IN	DT	JJ	NN	TO	VB	DT	JJ	NNPS	VB	PRP	IN	DT	NNP	NNP	.
det	nsubj	prep	nn	pobj	p	appos	root	poss	dobj	prep	pobj	prep	det	amod	pobj	aux	xcomp	det	amod	nsubj	ccomp	dobj	prep	det	nn	pobj	p
2	8	2	5	3	8	5	0	10	8	8	11	12	16	16	13	18	8	21	21	22	18	22	22	27	27	24	8
O	O	O	B-PERSON	I-PERSON	O	B-GPE	O	O	O	O	B-GPE	O	O	O	O	O	O	O	B-NORP	B-NORP	O	O	O	B-EVENT	I-EVENT	I-EVENT	O
</negative>
<negative>
Now	his	capture	gives	Ocalan	the	stature	among	other	Kurds	he	never	had	before	.
RB	PRP$	NN	VBZ	NNP	DT	NN	IN	JJ	NNPS	PRP	RB	VBD	RB	.
advmod	poss	nsubj	root	iobj	det	dobj	prep	amod	pobj	nsubj	neg	rcmod	advmod	p
4	3	4	0	4	7	4	7	10	8	13	13	7	13	4
O	O	O	O	B-PERSON	O	O	O	O	B-NORP	O	O	O	O	O
</negative>
<negative>
There	are	Shiite	Muslims	,	Christians	,	Armenians	and	Kurds	.
EX	VBP	NNP	NNPS	,	NNPS	,	NNPS	CC	NNPS	.
expl	root	iobj	dep	p	conj	p	conj	cc	conj	p
2	0	2	3	2	4	2	4	4	4	2
O	O	B-NORP	I-NORP	O	B-NORP	O	B-NORP	O	B-NORP	O
</negative>
<negative>
Kabariti	,	wearing	a	blue	business	suit	and	black	and	white	religious	prayer	scarf	,	said	Jews	here	are	treated	well	.
NNP	,	VBG	DT	JJ	NN	NN	CC	JJ	CC	JJ	JJ	NN	NN	,	VBD	NNPS	RB	VBP	VBN	RB	.
nsubj	p	partmod	det	amod	nn	dobj	cc	amod	cc	conj	amod	nn	conj	p	root	nsubjpass	advmod	auxpass	ccomp	advmod	p
16	16	16	7	7	7	3	7	14	9	9	14	14	7	16	0	20	20	20	16	20	16
B-PERSON	O	O	O	O	O	O	O	O	O	O	O	O	O	O	O	B-NORP	O	O	O	O	O
</negative>
</QApairs>
<QApairs id='51.2'>
<question>
How	many	Kurds	live	in	Turkey	?
WRB	JJ	NNS	VBP	IN	NNP	.
advmod	amod	nsubj	root	prep	pobj	p
2	3	4	0	4	5	4
O	O	B-NORP	O	O	B-GPE	O
</question>
<positive>
Some	12-	to	15	million	live	in	Turkey	,	most	in	poor	southeastern	regions	.
DT	NN	TO	CD	CD	VBP	IN	NNP	,	JJS	IN	JJ	JJ	NNS	.
det	nsubj	prep	number	pobj	root	prep	pobj	p	appos	prep	amod	amod	pobj	p
2	6	2	5	3	0	6	7	6	8	10	14	14	11	6
O	O	O	I-CARDINAL	I-CARDINAL	O	O	B-GPE	O	O	O	O	O	O	O
12-	to	15	million
2	3	4	5
</positive>
<positive>
There	are	are	20-	to	25	million	Kurds	spread	out	over	Turkey	,	Syria	,	Iraq	and	Iran	;	some	12	to	15	million	live	in	Turkey	.
EX	VBP	VBP	JJ	TO	CD	CD	NNPS	VBN	RP	IN	NNP	,	NNP	,	NNP	CC	NNP	:	DT	CD	TO	CD	CD	VBP	IN	NNP	.
expl	root	cop	dep	prep	number	num	pobj	partmod	prt	prep	pobj	p	conj	p	conj	cc	conj	p	det	number	dep	number	nsubj	parataxis	prep	pobj	p
2	0	4	2	4	7	8	5	8	9	9	11	2	12	2	12	12	12	2	24	24	24	24	25	2	25	26	2
O	O	O	O	O	B-CARDINAL	I-CARDINAL	B-NORP	O	O	O	B-GPE	O	B-GPE	O	B-GPE	O	B-GPE	O	O	B-CARDINAL	O	B-CARDINAL	I-CARDINAL	O	O	B-GPE	O
12	to	15	million
21	22	23	24
</positive>
<positive>
The	international	attention	to	Ocalan	's	case	could	push	Turkey	to	review	its	Kurdish	policy	,	which	does	not	grant	minority	rights	to	some	12	million	Kurds	.
DT	JJ	NN	TO	NNP	POS	NN	MD	VB	NNP	TO	VB	PRP$	JJ	NN	,	WDT	VBZ	RB	VB	NN	NNS	TO	DT	CD	CD	NNPS	.
det	amod	nsubj	prep	poss	possessive	pobj	aux	root	nsubj	aux	xcomp	poss	amod	dobj	p	nsubj	aux	neg	rcmod	nn	dobj	prep	quantmod	number	num	pobj	p
3	3	9	3	7	5	4	9	0	12	12	9	15	15	12	9	20	20	20	15	22	20	20	26	26	27	23	9
O	O	O	O	B-PERSON	O	O	O	O	B-GPE	O	O	O	B-NORP	O	O	O	O	O	O	O	O	O	O	B-CARDINAL	I-CARDINAL	B-NORP	O
12	million
25	26
</positive>
<positive>
About	12	million	Kurds	live	in	Turkey	,	most	in	the	poor	southeastern	region	.
RB	CD	CD	NNPS	VBP	IN	NNP	,	JJS	IN	DT	JJ	JJ	NN	.
quantmod	number	num	nsubj	root	prep	pobj	p	appos	prep	det	amod	amod	pobj	p
3	3	4	5	0	5	6	5	7	9	14	14	14	10	5
B-CARDINAL	I-CARDINAL	I-CARDINAL	B-NORP	O	O	B-GPE	O	O	O	O	O	O	O	O
12	million
2	3
</positive>
<negative>
The	arrest	of	Kurdish	rebel	leader	Abdullah	Ocalan	in	Rome	has	sparked	protests	by	Kurds	throughout	Europe	.
DT	NN	IN	NNP	NN	NN	NNP	NNP	IN	NNP	VBZ	VBN	NNS	IN	NNPS	IN	NNP	.
det	nsubj	prep	nn	nn	nn	nn	pobj	prep	pobj	aux	root	dobj	prep	pobj	prep	pobj	p
2	12	2	8	8	8	8	3	8	9	12	0	12	12	14	12	16	12
O	O	O	B-NORP	O	O	B-PERSON	I-PERSON	O	B-GPE	O	O	O	O	B-NORP	O	B-LOC	O
</negative>
<negative>
Some	of	the	key	issues	involved	in	the	Kurdish	conflict	:	Q	:	Who	are	the	Kurds	and	how	many	are	there	?
DT	IN	DT	JJ	NNS	VBD	IN	DT	NNP	NN	:	NNP	:	WP	VBP	DT	NNPS	CC	WRB	JJ	VBP	EX	.
nsubj	prep	det	amod	pobj	root	prep	det	nn	pobj	p	dobj	p	attr	dep	det	nsubj	cc	advmod	attr	conj	expl	p
6	1	5	5	2	0	6	10	10	7	6	6	6	15	12	17	15	15	20	21	15	21	6
O	O	O	O	O	O	O	O	B-NORP	O	O	O	O	O	O	O	B-NORP	O	O	O	O	O	O
</negative>
<negative>
A	:	There	are	an	estimated	20-	to	25	million	Kurds	spread	out	in	four	countries	_	Turkey	,	Syria	,	Iran	and	Iraq	.
NNP	:	EX	VBP	DT	VBN	CD	TO	CD	CD	NNPS	VBD	RP	IN	CD	NNS	NNP	NNP	,	NNP	,	NNP	CC	NNP	.
dep	p	expl	dep	det	amod	nsubj	prep	number	num	pobj	root	prt	prep	num	pobj	nn	nsubj	p	appos	p	conj	cc	conj	p
4	12	4	12	7	7	4	7	10	11	8	0	12	12	16	14	18	12	12	18	12	20	20	20	12
O	O	O	O	O	O	O	O	B-CARDINAL	I-CARDINAL	B-NORP	O	O	O	B-CARDINAL	O	O	B-GPE	O	B-GPE	O	B-GPE	O	B-GPE	O
</negative>
<negative>
Kurds	share	a	common	language	,	related	to	Iran	's	Farsi	,	and	are	overwhelmingly	Sunni	Muslims	.
NNPS	VBP	DT	JJ	NN	,	VBN	TO	NNP	POS	NNP	,	CC	VBP	RB	NNP	NNPS	.
nsubj	root	det	amod	dobj	p	conj	prep	poss	possessive	pobj	p	cc	cop	advmod	nn	conj	p
2	0	5	5	2	2	2	7	11	9	8	2	2	17	17	17	2	2
B-NORP	O	O	O	O	O	O	O	B-GPE	O	B-ORG	O	O	O	O	B-NORP	I-NORP	O
</negative>
<negative>
Q	:	What	is	the	legal	status	of	Kurds	in	Turkey	?
RB	:	WP	VBZ	DT	JJ	NN	IN	NNPS	IN	NNP	.
root	p	nsubj	cop	det	amod	dep	prep	pobj	prep	pobj	p
0	1	7	7	7	7	1	7	8	9	10	1
O	O	O	O	O	O	O	O	B-NORP	O	B-GPE	O
</negative>
<negative>
A	:	Kurds	are	not	recognized	as	a	minority	,	unlike	the	Greeks	,	Armenians	,	Assyrians	and	Jews	.
NNP	:	NNPS	VBP	RB	VBN	IN	DT	NN	,	IN	DT	NNPS	,	NNPS	,	NNPS	CC	NNPS	.
root	p	nsubjpass	auxpass	neg	dep	prep	det	pobj	p	prep	det	pobj	p	appos	p	conj	cc	conj	p
0	1	6	6	6	1	6	9	7	1	6	13	11	1	13	1	15	15	15	1
O	O	B-NORP	O	O	O	O	O	O	O	O	O	B-NORP	O	B-NORP	O	B-NORP	O	B-NORP	O
</negative>
<negative>
Q	:	What	rights	do	Kurds	have	in	Turkey	?
RB	:	WP	NNS	VBP	NNPS	VBP	IN	NNP	.
root	p	dep	nsubj	dep	nsubj	aux	ccomp	pobj	p
0	1	5	5	1	8	8	5	8	1
O	O	O	O	O	B-NORP	O	O	B-GPE	O
</negative>
<negative>
A	:	Turkey	's	last	military	government	banned	the	use	of	Kurdish	in	1983	,	but	Kurdish	was	legalized	in	unofficial	settings	in	1991	.
NNP	:	NNP	POS	JJ	JJ	NN	VBD	DT	NN	IN	NNP	IN	CD	,	CC	NNP	VBD	VBN	IN	JJ	NNS	IN	CD	.
root	p	poss	possessive	amod	amod	nsubj	dep	det	dobj	prep	pobj	prep	pobj	p	cc	nsubjpass	auxpass	conj	prep	amod	pobj	prep	pobj	p
0	1	7	3	7	7	8	1	10	8	10	11	8	13	1	8	19	19	8	19	22	20	22	23	1
O	O	B-GPE	O	O	O	O	O	O	O	O	B-NORP	O	B-DATE	O	O	B-NORP	O	O	O	O	O	O	B-DATE	O
</negative>
<negative>
A	:	Kurds	were	promised	an	independent	homeland	in	the	1920	Treaty	of	Sevres	,	which	carved	up	Turkey	after	the	collapse	of	the	Ottoman	Empire	.
NNP	:	NNPS	VBD	VBN	DT	JJ	NN	IN	DT	NNP	NNP	IN	NNP	,	WDT	VBD	RP	NNP	IN	DT	NN	IN	DT	NNP	NNP	.
root	p	nsubjpass	auxpass	dep	det	amod	dobj	prep	det	nn	pobj	prep	pobj	p	nsubj	rcmod	prt	dobj	prep	det	pobj	prep	det	nn	pobj	p
0	1	5	5	1	8	8	5	5	12	12	9	12	13	1	17	12	17	17	17	22	20	22	26	26	23	1
O	O	B-NORP	O	O	O	O	O	O	O	I-LAW	I-LAW	O	B-GPE	O	O	O	O	B-GPE	O	O	O	O	O	I-LANGUAGE	O	O
</negative>
<negative>
Mustafa	Kemal	Ataturk	,	the	founder	of	modern	Turkey	,	fought	to	regain	the	land	.
NNP	NNP	NNP	,	DT	NN	IN	JJ	NNP	,	VBD	TO	VB	DT	NN	.
nn	nn	nsubj	p	det	appos	prep	amod	pobj	p	root	aux	xcomp	det	dobj	p
3	3	11	11	6	3	6	9	7	11	0	13	11	15	13	11
B-ORG	I-ORG	I-ORG	O	O	O	O	O	B-GPE	O	O	O	O	O	O	O
</negative>
<negative>
Originally	fighting	for	independence	,	the	group	now	says	it	aims	for	equal	rights	for	Kurds	and	an	autonomous	Kurdish	state	or	a	federation	with	Turkey	.
RB	VBG	IN	NN	,	DT	NN	RB	VBZ	PRP	VBZ	IN	JJ	NNS	IN	NNPS	CC	DT	JJ	NNP	NN	CC	DT	NN	IN	NNP	.
advmod	partmod	prep	pobj	p	det	nsubj	advmod	root	nsubj	ccomp	prep	amod	pobj	prep	pobj	cc	det	amod	nn	conj	cc	det	conj	prep	pobj	p
2	9	2	3	9	7	9	9	0	11	9	11	14	12	14	15	14	21	21	21	14	21	24	21	24	25	9
O	O	O	O	O	O	O	O	O	O	O	O	O	O	O	B-NORP	O	O	O	B-NORP	O	O	O	O	O	B-GPE	O
</negative>
<negative>
The	PKK	has	waged	a	guerrilla	war	in	the	southeastern	mountains	and	carried	out	militant	attacks	in	western	Turkey	and	Germany	.
DT	NNP	VBZ	VBD	DT	NN	NN	IN	DT	JJ	NNS	CC	VBD	RP	JJ	NNS	IN	JJ	NNP	CC	NNP	.
det	nsubj	aux	root	det	nn	dobj	prep	det	amod	pobj	cc	conj	prt	amod	dobj	prep	amod	pobj	cc	conj	p
2	4	4	0	7	7	4	4	11	11	8	4	4	13	16	13	16	19	17	19	19	4
O	B-ORG	O	O	O	O	O	O	O	O	O	O	O	O	O	O	O	O	B-GPE	O	B-GPE	O
</negative>
<negative>
Q	:	What	's	Turkey	's	answer	to	accusations	of	discrimination	against	Kurds	?
RB	:	WP	VBZ	NNP	POS	NN	TO	NNS	IN	NN	IN	NNPS	.
root	p	nsubj	cop	poss	possessive	dep	prep	pobj	prep	pobj	prep	pobj	p
0	1	7	7	7	5	1	7	8	9	10	11	12	1
O	O	O	O	B-GPE	O	O	O	O	O	O	O	B-NORP	O
</negative>
<negative>
A	:	Turkey	insists	there	is	no	division	between	Turks	and	Kurds	in	society	.
NNP	:	NNP	VBZ	EX	VBZ	DT	NN	IN	NNPS	CC	NNPS	IN	NN	.
root	p	nsubj	dep	expl	ccomp	det	nsubj	prep	pobj	cc	conj	prep	pobj	p
0	1	4	1	6	4	8	6	8	9	10	10	10	13	1
O	O	B-GPE	O	O	O	O	O	O	B-NORP	O	B-NORP	O	O	O
</negative>
<negative>
Authorities	point	to	success	stories	of	Kurds	,	including	late	President	Turgut	Ozal	and	current	parliamentary	speaker	,	Hikmet	Cetin	.
NNS	VBP	TO	NN	NNS	IN	NNPS	,	VBG	JJ	NNP	NNP	NNP	CC	JJ	JJ	NN	,	NNP	NNP	.
nsubj	root	prep	nn	pobj	prep	pobj	p	prep	amod	nn	nn	pobj	cc	amod	amod	conj	p	nn	appos	p
2	0	2	5	3	5	6	2	5	13	13	13	9	13	17	17	13	2	20	17	2
O	O	O	O	O	O	B-NORP	O	O	O	O	B-PERSON	I-PERSON	O	O	O	O	O	B-PERSON	I-PERSON	O
</negative>
<negative>
Mantovani	insisted	the	idea	of	seeking	asylum	in	Italy	was	all	Ocalan	's	but	acknowledged	he	had	assured	Ocalan	that	Italian	law	would	bar	his	extradition	to	Turkey	.
NNP	VBD	DT	NN	IN	VBG	NN	IN	NNP	VBD	DT	NNP	VBZ	CC	VBD	PRP	VBD	VBN	NNP	IN	JJ	NN	MD	VB	PRP$	NN	TO	NNP	.
nsubj	root	det	nsubj	prep	pcomp	dobj	prep	pobj	cop	ccomp	nsubj	rcmod	cc	conj	nsubj	aux	ccomp	dobj	complm	amod	nsubj	aux	ccomp	poss	dobj	prep	pobj	p
2	0	4	11	4	5	6	6	8	11	2	13	11	13	13	18	18	15	18	24	22	24	24	18	26	24	24	27	2
B-PERSON	O	O	O	O	O	O	O	B-GPE	O	O	B-PERSON	O	O	O	O	O	O	B-PERSON	O	B-NORP	O	O	O	O	O	O	B-GPE	O
</negative>
<negative>
A	Rome	court	freed	him	after	a	week	,	rejecting	Turkey	's	arrest	warrant	under	Italian	law	forbidding	extradition	of	suspects	who	face	a	possible	death	penalty	,	as	Ocalan	does	in	Turkey	.
DT	NNP	NN	VBD	PRP	IN	DT	NN	,	VBG	NNP	POS	NN	NN	IN	JJ	NN	VBG	NN	IN	NNS	WP	VBP	DT	JJ	NN	NN	,	IN	NNP	VBZ	IN	NNP	.
det	nn	nsubj	root	dobj	prep	det	pobj	p	partmod	poss	possessive	nn	dobj	prep	amod	pobj	partmod	dobj	prep	pobj	nsubj	rcmod	det	amod	nn	dobj	p	mark	nsubj	advcl	prep	pobj	p
3	3	4	0	4	4	8	6	4	4	14	11	14	10	10	17	15	17	18	19	20	23	21	27	27	27	23	4	31	31	4	31	32	4
O	B-GPE	O	O	O	O	O	O	O	O	B-GPE	O	O	O	O	B-NORP	O	O	O	O	O	O	O	O	O	O	O	O	O	B-PERSON	O	O	B-GPE	O
</negative>
<negative>
Ocalan	leads	the	Kurdistan	Workers	Party	,	or	PKK	,	which	has	waged	a	14-year-old	war	for	Kurdish	autonomy	in	southeastern	Turkey	.
NNP	VBZ	DT	NNP	NNPS	NNP	,	CC	NNP	,	WDT	VBZ	VBD	DT	JJ	NN	IN	NNP	NN	IN	JJ	NNP	.
nsubj	root	det	nn	nn	dobj	p	dep	dep	p	nsubj	aux	rcmod	det	amod	dobj	prep	nn	pobj	prep	amod	pobj	p
2	0	6	6	6	2	2	9	6	2	13	13	6	16	16	13	13	19	17	13	22	20	2
B-PERSON	O	B-ORG	I-ORG	I-ORG	I-ORG	O	O	B-ORG	O	O	O	O	O	O	O	O	B-NORP	O	O	O	B-GPE	O
</negative>
<negative>
Kurds	in	cities	across	Europe	protested	his	arrest	with	marches	,	sit-ins	,	hunger	strikes	,	self-immolations	and	a	suicide	bombing	.
NNPS	IN	NNS	IN	NNP	VBD	PRP$	NN	IN	NNS	,	NNS	,	NN	NNS	,	NNS	CC	DT	NN	NN	.
nsubj	prep	pobj	prep	pobj	root	poss	dobj	prep	pobj	p	conj	p	nn	conj	p	conj	cc	det	nn	conj	p
6	1	2	3	4	0	8	6	6	9	6	10	6	15	10	6	10	10	21	21	10	6
B-NORP	O	O	O	B-LOC	O	O	O	O	O	O	O	O	O	O	O	O	O	O	O	O	O
</negative>
<negative>
The	people	of	Turkey	protested	with	almost	equal	fervor	when	Italy	freed	Ocalan	,	burning	Italian	clothes	and	cars	and	launching	boycotts	that	brought	threats	of	European	Union	sanctions	against	Turkey	.
DT	NNS	IN	NNP	VBD	IN	RB	JJ	NN	WRB	NNP	VBD	NNP	,	VBG	JJ	NNS	CC	NNS	CC	VBG	NNS	WDT	VBD	NNS	IN	JJ	NNP	NNS	IN	NNP	.
det	nsubj	prep	pobj	root	prep	advmod	amod	pobj	advmod	nsubj	advcl	dobj	p	dep	amod	dobj	cc	conj	cc	conj	dobj	nsubj	rcmod	dobj	prep	amod	nn	pobj	prep	pobj	p
2	5	2	3	0	5	8	9	6	12	12	5	12	5	12	17	15	17	17	15	15	21	24	22	24	25	29	29	26	24	30	5
O	O	O	B-GPE	O	O	O	O	O	O	B-GPE	O	B-PERSON	O	O	B-NORP	O	O	O	O	O	O	O	O	O	O	B-ORG	I-ORG	O	O	B-GPE	O
</negative>
<negative>
``	We	were	just	helping	the	Kurds	find	a	way	to	start	peace	talks	.
``	PRP	VBD	RB	VBG	DT	NNPS	VB	DT	NN	TO	VB	NN	NNS	.
p	nsubj	aux	advmod	root	det	nsubj	ccomp	det	dobj	aux	infmod	nn	dobj	p
5	5	5	5	0	7	8	5	10	8	12	10	14	12	5
O	O	O	O	O	O	B-NORP	O	O	O	O	O	O	O	O
</negative>
<negative>
Granting	Ocalan	asylum	would	further	enrage	Turkey	,	a	NATO	ally	and	major	trading	partner	,	as	well	as	the	United	States	,	which	wants	him	prosecuted	.
NNP	NNP	NNP	MD	RBR	VB	NNP	,	DT	NNP	NN	CC	JJ	NN	NN	,	RB	RB	IN	DT	NNP	NNPS	,	WDT	VBZ	PRP	VBD	.
nn	nn	nsubj	aux	advmod	root	dobj	p	det	nn	conj	cc	amod	nn	conj	p	advmod	cc	mwe	det	nn	conj	p	nsubj	rcmod	nsubj	ccomp	p
3	3	6	6	6	0	6	6	11	11	7	7	15	15	7	6	18	7	18	22	22	7	6	25	22	27	25	6
O	B-PERSON	O	O	O	O	B-GPE	O	O	B-ORG	O	O	O	O	O	O	O	O	O	B-GPE	I-GPE	I-GPE	O	O	O	O	O	O
</negative>
<negative>
The	Kurds	were	promised	an	independent	homeland	in	1920	after	the	Ottoman	Empire	collapsed	but	the	international	community	abandoned	the	idea	in	1923	.
DT	NNPS	VBD	VBN	DT	JJ	NN	IN	CD	IN	DT	NNP	NNP	VBD	CC	DT	JJ	NN	VBD	DT	NN	IN	CD	.
det	nsubjpass	auxpass	root	det	amod	dobj	prep	pobj	mark	det	nn	nsubj	advcl	cc	det	amod	nsubj	ccomp	det	dobj	prep	pobj	p
2	4	4	0	7	7	4	7	8	14	13	13	14	4	19	18	18	19	14	21	19	19	22	4
O	B-NORP	O	O	O	O	O	O	B-DATE	O	B-ORG	I-ORG	I-ORG	O	O	O	O	O	O	O	O	O	B-DATE	O
</negative>
<negative>
In	Turkey	,	they	are	not	recognized	as	an	official	minority	;	the	use	of	the	Kurdish	language	is	banned	in	education	and	broadcasting	.
IN	NNP	,	PRP	VBP	RB	VBN	IN	DT	JJ	NN	:	DT	NN	IN	DT	NNP	NN	VBZ	VBN	IN	NN	CC	NN	.
prep	pobj	p	nsubjpass	auxpass	neg	root	prep	det	amod	pobj	p	det	nsubjpass	prep	det	nn	pobj	auxpass	parataxis	prep	pobj	cc	conj	p
7	1	7	7	7	7	0	7	11	11	8	7	14	20	14	18	18	15	20	7	20	21	22	22	7
O	B-GPE	O	O	O	O	O	O	O	O	O	O	O	O	O	O	B-LANGUAGE	O	O	O	O	O	O	O	O
</negative>
<negative>
Ocalan	said	Wednesday	that	his	decision	to	abandon	armed	struggle	and	use	Europe	as	a	platform	for	peaceful	resolution	to	Kurds	'	complaints	was	``	irreversible.	''
NNP	VBD	NNP	IN	PRP$	NN	TO	VB	JJ	NN	CC	VB	NNP	IN	DT	NN	IN	JJ	NN	TO	NNPS	POS	NNS	VBD	``	JJ	''
nsubj	root	tmod	complm	poss	nsubj	aux	infmod	amod	dobj	cc	conj	dobj	prep	det	pobj	prep	amod	pobj	prep	poss	p	pobj	cop	p	ccomp	p
2	0	2	26	6	26	8	6	10	8	8	8	12	13	16	14	16	19	17	12	23	2	20	26	2	2	2
B-PERSON	O	B-DATE	O	O	O	O	O	O	O	O	O	B-LOC	O	O	O	O	O	O	O	B-NORP	O	O	O	O	O	O
</negative>
<negative>
Ocalan	was	willing	to	stand	trial	,	the	lawyers	said	_	but	not	in	Turkey	or	Germany	.
NNP	VBD	JJ	TO	VB	NN	,	DT	NNS	VBD	VB	CC	RB	IN	NNP	CC	NNP	.
nsubj	cop	ccomp	aux	xcomp	dobj	p	det	nsubj	root	dep	dep	dep	dep	pobj	cc	conj	p
3	3	10	5	3	5	10	9	10	0	10	13	11	13	14	15	15	10
B-PERSON	O	O	O	O	O	O	O	O	O	O	O	O	O	B-GPE	O	B-GPE	O
</negative>
<negative>
Kurds	continued	to	press	for	the	release	of	Abdullah	Ocalan	,	who	now	seeks	a	political	solution	with	Turkey	.
NNPS	VBD	TO	VB	IN	DT	NN	IN	NNP	NNP	,	WP	RB	VBZ	DT	JJ	NN	IN	NNP	.
nsubj	root	aux	xcomp	prep	det	pobj	prep	nn	pobj	p	nsubj	advmod	rcmod	det	amod	dobj	prep	pobj	p
2	0	4	2	4	7	5	7	10	8	2	14	14	10	17	17	14	14	18	2
B-NORP	O	O	O	O	O	O	O	B-PERSON	I-PERSON	O	O	O	O	O	O	O	O	B-GPE	O
</negative>
<negative>
Fearing	unrest	among	Germany	's	many	Turkish	Kurds	,	Chancellor	Gerhard	Schroeder	on	Friday	ruled	out	seeking	Ocalan	's	extradition	on	murder	and	terror	charges	.
VBG	NN	IN	NNP	POS	JJ	JJ	NN	,	NNP	NNP	NNP	IN	NNP	VBD	RP	VBG	NNP	POS	NN	IN	NN	CC	NN	NNS	.
partmod	dobj	prep	poss	possessive	amod	amod	pobj	p	nn	nn	nsubj	prep	pobj	root	prt	xcomp	poss	possessive	dobj	prep	nn	cc	conj	pobj	p
15	1	1	8	4	8	8	3	15	12	12	15	12	13	0	15	15	20	18	17	17	25	22	22	21	15
O	O	O	B-GPE	O	O	B-NORP	B-NORP	O	O	B-PERSON	I-PERSON	O	B-DATE	O	O	O	B-PERSON	O	O	O	O	O	O	O	O
</negative>
<negative>
Even	as	the	politicians	met	in	Bonn	,	11,000	Turkish	Kurds	rallied	nearby	to	support	the	rebel	leader	.
RB	IN	DT	NNS	VBD	IN	NNP	,	CD	JJ	NNS	VBD	RB	TO	VB	DT	JJ	NN	.
advmod	dep	det	nsubj	advcl	prep	pobj	p	num	amod	nsubj	root	advmod	aux	xcomp	det	amod	dobj	p
5	5	4	5	12	5	6	12	11	11	12	0	12	15	12	18	18	15	12
O	O	O	O	O	O	B-GPE	O	B-CARDINAL	B-NORP	B-NORP	O	O	O	O	O	O	O	O
</negative>
<negative>
Some	beat	drums	and	carried	photographs	of	Ocalan	,	whose	outlawed	Kurdish	Workers	Party	,	or	PKK	,	has	fought	a	14-year	war	for	Kurdish	autonomy	in	Turkey	.
DT	VBD	NNS	CC	VBD	NNS	IN	NNP	,	WP$	NNS	NNP	NNPS	NNP	,	CC	NNP	,	VBZ	VBN	DT	JJ	NN	IN	NNP	NN	IN	NNP	.
nsubj	root	dobj	cc	conj	dobj	prep	pobj	p	poss	dobj	nn	nn	nsubj	p	dep	dep	p	aux	rcmod	det	amod	dobj	prep	nn	pobj	prep	pobj	p
2	0	2	2	2	5	6	7	2	11	20	14	14	20	2	17	14	2	20	8	23	23	20	23	26	24	20	27	2
O	O	O	O	O	O	O	B-PERSON	O	O	O	B-ORG	I-ORG	I-ORG	O	O	B-ORG	O	O	O	O	O	O	O	B-NORP	O	O	B-GPE	O
</negative>
<negative>
After	the	meeting	,	Schroeder	said	Germany	and	Italy	will	work	with	Turkey	to	help	it	resolve	the	question	of	Kurdish	autonomy	at	home	.
IN	DT	NN	,	NNP	VBD	NNP	CC	NNP	MD	VB	IN	NNP	TO	VB	PRP	VB	DT	NN	IN	NNP	NN	IN	NN	.
prep	det	pobj	p	nsubj	root	nsubj	cc	conj	aux	ccomp	prep	pobj	aux	xcomp	nsubj	ccomp	det	dobj	prep	nn	pobj	prep	pobj	p
6	3	1	6	6	0	11	7	7	11	6	11	12	15	11	17	15	19	17	19	22	20	17	23	6
O	O	O	O	B-PERSON	O	B-GPE	O	B-GPE	O	O	O	B-GPE	O	O	O	O	O	O	O	B-NORP	O	O	O	O
</negative>
<negative>
``	We	want	a	friendly	,	normal	relations	with	Turkey	,	''	the	chancellor	said	.
``	PRP	VBP	DT	JJ	,	JJ	NNS	IN	NNP	,	''	DT	NN	VBD	.
p	nsubj	ccomp	det	amod	p	amod	dobj	prep	pobj	p	p	det	nsubj	root	p
15	3	15	8	8	15	8	3	8	9	15	15	14	15	0	15
O	O	O	O	O	O	O	O	O	B-GPE	O	O	O	O	O	O
</negative>
<negative>
Ocalan	_	a	fugitive	from	terror	and	murder	charges	in	Turkey	,	where	he	faces	the	death	penalty	_	was	arrested	Nov	.	12	when	he	arrived	at	the	Rome	airport	aboard	a	flight	from	Moscow	.
NNP	VBD	DT	NN	IN	NN	CC	NN	NNS	IN	NNP	,	WRB	PRP	VBZ	DT	NN	NN	NNS	VBD	VBN	NNP	.	CD	WRB	PRP	VBD	IN	DT	NNP	NN	IN	DT	NN	IN	NNP	.
nsubj	root	det	dobj	prep	nn	cc	conj	pobj	prep	pobj	p	advmod	nsubj	advcl	det	iobj	nn	nsubjpass	auxpass	rcmod	dobj	p	dobj	advmod	nsubj	dep	prep	det	nn	pobj	prep	det	pobj	prep	pobj	p
2	0	4	2	2	9	6	6	5	2	10	2	15	15	2	17	15	19	21	21	17	21	2	15	27	27	24	27	31	31	28	27	34	32	34	35	2
B-PERSON	O	O	O	O	O	O	O	O	O	B-GPE	O	O	O	O	O	O	O	O	O	O	B-DATE	O	B-CARDINAL	O	O	O	O	O	B-GPE	O	O	O	O	O	B-GPE	O
</negative>
<negative>
The	decision	enraged	many	in	Turkey	who	consider	Ocalan	their	most-wanted	criminal	.
DT	NN	VBZ	JJ	IN	NNP	WP	VBP	NNP	PRP$	JJ	NN	.
det	nsubj	root	acomp	prep	pobj	nsubj	rcmod	iobj	poss	amod	dobj	p
2	3	0	3	4	5	8	6	8	12	12	8	3
O	O	O	O	O	B-GPE	O	O	B-PERSON	O	O	O	O
</negative>
<negative>
PKK	responsibility	would	discredit	Ocalan	's	announcement	this	month	that	the	rebels	would	now	use	only	peaceful	means	to	advance	the	cause	of	Turkey	's	Kurds	.
NNP	NN	MD	VB	NNP	POS	NN	DT	NN	IN	DT	NNS	MD	RB	VB	RB	JJ	NNS	TO	VB	DT	NN	IN	NNP	POS	NNPS	.
nn	nsubj	aux	root	poss	possessive	dobj	det	tmod	complm	det	nsubj	aux	advmod	ccomp	advmod	amod	dobj	aux	xcomp	det	dobj	prep	poss	possessive	pobj	p
2	4	4	0	7	5	4	9	4	15	12	15	15	15	4	18	18	15	20	15	22	20	22	26	24	23	4
O	O	O	O	B-PERSON	O	O	B-DATE	I-DATE	O	O	O	O	O	O	O	O	O	O	O	O	O	O	B-GPE	O	B-NORP	O
</negative>
<negative>
The	head	of	the	Kurdish	Communities	in	Germany	,	Mehmet	Tanriverdi	,	has	asked	the	German	government	to	help	reach	a	political	settlement	in	Turkey	on	the	question	of	Kurdish	autonomy	.
DT	NN	IN	DT	NNP	NNP	IN	NNP	,	NNP	NNP	,	VBZ	VBN	DT	JJ	NN	TO	VB	VB	DT	JJ	NN	IN	NNP	IN	DT	NN	IN	NNP	NN	.
det	nsubj	prep	det	nn	pobj	prep	pobj	p	nn	appos	p	aux	root	det	amod	dobj	aux	xcomp	xcomp	det	amod	dobj	prep	pobj	prep	det	pobj	prep	nn	pobj	p
2	14	2	6	6	3	6	7	14	11	2	14	14	0	17	17	14	19	14	19	23	23	20	23	24	20	28	26	28	31	29	14
O	O	O	O	B-NORP	O	O	B-GPE	O	B-PERSON	I-PERSON	O	O	O	O	B-NORP	O	O	O	O	O	O	O	O	B-GPE	O	O	O	O	B-NORP	O	O
</negative>
<negative>
By	the	end	of	the	day	,	many	hundreds	of	Kurds	had	been	arrested	and	some	of	the	hostages	_	but	not	all	_	had	been	released	.
IN	DT	NN	IN	DT	NN	,	JJ	NNS	IN	NNPS	VBD	VBN	VBN	CC	DT	IN	DT	NNS	NN	CC	RB	DT	NN	VBD	VBN	VBN	.
prep	det	pobj	prep	det	pobj	p	amod	nsubjpass	prep	pobj	aux	auxpass	root	cc	nsubjpass	prep	det	nn	pobj	cc	cc	det	conj	aux	auxpass	conj	p
14	3	1	3	6	4	14	9	14	9	10	14	14	0	14	27	16	20	20	17	22	20	24	20	27	27	14	14
O	O	O	O	O	O	O	O	B-CARDINAL	O	B-NORP	O	O	O	O	O	O	O	O	O	O	O	O	O	O	O	O	O
</negative>
<negative>
At	least	three	Kurds	in	European	cities	had	set	themselves	on	fire	,	including	a	17-year-old	girl	in	Germany	,	who	like	the	others	was	seriously	injured	.
IN	JJS	CD	NNPS	IN	JJ	NNS	VBD	VBN	PRP	IN	NN	,	VBG	DT	JJ	NN	IN	NNP	,	WP	IN	DT	NNS	VBD	RB	VBN	.
quantmod	mwe	num	nsubj	prep	amod	pobj	aux	root	dobj	prep	pobj	p	prep	det	amod	pobj	prep	pobj	p	nsubjpass	prep	det	pobj	auxpass	advmod	rcmod	p
3	1	4	9	4	7	5	9	0	9	9	11	9	9	17	17	14	17	18	9	27	27	24	22	27	27	17	9
B-CARDINAL	I-CARDINAL	I-CARDINAL	B-NORP	O	B-NORP	O	O	O	O	O	O	O	O	O	O	O	O	B-GPE	O	O	O	O	O	O	O	O	O
</negative>
<negative>
The	Kurds	in	Europe	did	not	focus	their	anger	on	Turkey	,	which	captured	Ocalan	in	Nairobi	,	Kenya	,	late	on	Monday	.
DT	NNPS	IN	NNP	VBD	RB	VB	PRP$	NN	IN	NNP	,	WDT	VBD	NNP	IN	NNP	,	NNP	,	RB	IN	NNP	.
det	nsubj	prep	pobj	aux	neg	root	poss	dobj	prep	pobj	p	nsubj	rcmod	dobj	prep	nn	p	pobj	p	advmod	prep	pobj	p
2	7	2	3	7	7	0	9	7	7	10	7	14	11	14	14	19	7	16	7	14	21	22	7
O	B-NORP	O	B-LOC	O	O	O	O	O	O	B-GPE	O	O	O	B-PERSON	O	B-GPE	O	B-GPE	O	O	O	B-DATE	O
</negative>
<negative>
In	Istanbul	,	Turkey	,	about	1,000	Kurds	marched	through	a	Kurdish	neighborhood	,	setting	cars	on	fire	.
IN	NNP	,	NNP	,	RB	CD	NNPS	VBD	IN	DT	NNP	NN	,	VBG	NNS	IN	NN	.
prep	nn	p	pobj	p	quantmod	num	nsubj	root	prep	det	nn	pobj	p	xcomp	dobj	prep	pobj	p
9	4	9	1	9	7	8	9	0	9	13	13	10	9	9	15	15	17	9
O	B-GPE	O	B-GPE	O	O	B-CARDINAL	B-NORP	O	O	O	B-NORP	O	O	O	O	O	O	O
</negative>
<negative>
But	there	were	also	demonstrations	of	joy	in	Turkey	by	other	Turks	,	who	view	Ocalan	as	a	terrorist	.
CC	EX	VBD	RB	NNS	IN	NN	IN	NNP	IN	JJ	NNPS	,	WP	VBP	NNP	IN	DT	NN	.
cc	expl	root	advmod	nsubj	prep	pobj	prep	pobj	prep	amod	pobj	p	nsubj	rcmod	dobj	prep	det	pobj	p
3	3	0	3	3	5	6	7	8	9	12	10	3	15	7	15	16	19	17	3
O	O	O	O	O	O	O	O	B-GPE	O	O	B-NORP	O	O	O	B-PERSON	O	O	O	O
</negative>
<negative>
There	are	more	than	20	million	Kurds	in	Turkey	and	nearby	countries	,	who	have	long	suffered	persecution	by	successive	governments	of	countries	in	which	they	live	.
EX	VBP	JJR	IN	CD	CD	NNPS	IN	NNP	CC	JJ	NNS	,	WP	VBP	RB	VBN	NN	IN	JJ	NNS	IN	NNS	IN	WDT	PRP	VBP	.
expl	root	mwe	quantmod	number	num	nsubj	prep	pobj	cc	amod	conj	p	nsubj	aux	advmod	rcmod	dobj	prep	amod	pobj	prep	pobj	rel	pobj	nsubj	rcmod	p
2	0	4	6	6	7	2	7	8	7	12	7	2	17	17	17	12	17	17	21	19	21	22	27	24	27	23	2
O	O	B-CARDINAL	I-CARDINAL	I-CARDINAL	I-CARDINAL	B-NORP	O	B-GPE	O	O	O	O	O	O	O	O	O	O	O	O	O	O	O	O	O	O	O
</negative>
<negative>
Ocalan	has	led	a	14-year	often-violent	guerrilla	movement	for	Kurdish	self-rule	and	civil	rights	in	Turkey	,	which	has	been	met	with	violent	repression	by	the	government	.
NNP	VBZ	VBN	DT	JJ	JJ	NN	NN	IN	JJ	JJ	CC	JJ	NNS	IN	NNP	,	WDT	VBZ	VBN	VBN	IN	JJ	NN	IN	DT	NN	.
nsubj	aux	root	det	amod	amod	nn	dobj	prep	amod	pobj	cc	amod	conj	prep	pobj	p	nsubjpass	aux	auxpass	rcmod	prep	amod	pobj	prep	det	pobj	p
3	3	0	8	8	8	8	3	8	11	9	11	14	11	3	15	3	21	21	21	16	21	24	22	21	27	25	3
B-PERSON	O	O	O	O	O	O	O	O	B-NORP	O	O	O	O	O	B-GPE	O	O	O	O	O	O	O	O	O	O	O	O
</negative>
<negative>
The	streets	of	Athens	were	relatively	quiet	on	Tuesday	,	perhaps	because	Greek	police	rounded	up	more	than	350	Kurds	preemptively	early	in	the	morning	and	held	them	in	an	abandoned	army	camp	.
DT	NNS	IN	NNP	VBD	RB	JJ	IN	NNP	,	RB	IN	JJ	NNS	VBD	RP	JJR	IN	CD	CD	NN	RB	IN	DT	NN	CC	VBD	PRP	IN	DT	VBN	NN	NN	.
det	nsubj	prep	pobj	cop	advmod	root	prep	pobj	p	advmod	dep	amod	nsubj	ccomp	prt	mwe	quantmod	number	num	npadvmod	advmod	prep	det	pobj	cc	conj	dobj	prep	det	amod	nn	pobj	p
2	7	2	3	7	7	0	7	8	7	15	15	14	15	7	15	18	20	20	21	22	15	15	25	23	15	15	27	27	33	33	33	29	7
O	O	O	B-GPE	O	O	O	O	B-DATE	O	O	O	B-NORP	O	O	O	O	O	B-CARDINAL	B-NORP	O	O	O	O	B-TIME	O	O	O	O	O	O	O	O	O
</negative>
<negative>
In	the	evening	,	under	tight	security	,	a	rally	of	Greeks	and	Kurds	in	support	of	Ocalan	took	place	in	downtown	Athens	without	incident	.
IN	DT	NN	,	IN	JJ	NN	,	DT	NN	IN	NNPS	CC	NNPS	IN	NN	IN	NNP	VBD	NN	IN	JJ	NNP	IN	NN	.
prep	det	pobj	p	prep	amod	pobj	p	det	nsubj	prep	pobj	cc	conj	prep	pobj	prep	pobj	root	dobj	prep	amod	pobj	prep	pobj	p
19	3	1	19	19	7	5	19	10	19	10	11	12	12	12	15	16	17	0	19	19	23	21	19	24	19
O	O	O	O	O	O	O	O	O	O	O	B-NORP	O	B-NORP	O	O	O	B-PERSON	O	O	O	O	B-GPE	O	O	O
</negative>
<negative>
``	These	attacks	were	n't	really	organized	,	''	said	Mehmet	Atac	,	a	28-year-old	Kurd	who	was	among	several	hundred	who	stood	vigil	outside	the	Greek	consulate	in	Frankfurt	this	afternoon	after	Kurds	occupied	it	.
``	DT	NNS	VBD	RB	RB	VBN	,	''	VBD	NNP	NNP	,	DT	JJ	NN	WP	VBD	IN	JJ	CD	WP	VBD	NN	IN	DT	JJ	NN	IN	NNP	DT	NN	IN	NNPS	VBD	PRP	.
p	det	nsubjpass	auxpass	neg	advmod	ccomp	p	p	root	nn	nsubj	p	det	amod	appos	nsubj	rcmod	prep	amod	pobj	nsubj	ccomp	dobj	prep	det	amod	pobj	prep	pobj	det	dobj	mark	nsubj	advcl	dobj	p
10	3	7	7	7	7	10	10	10	0	12	10	10	16	16	12	18	16	18	21	19	23	18	23	23	28	28	25	28	29	32	23	35	35	23	35	10
O	O	O	O	O	O	O	O	O	O	B-PERSON	I-PERSON	O	O	O	B-NORP	O	O	O	O	O	O	O	O	O	O	B-NORP	O	O	B-GPE	B-TIME	I-TIME	O	B-NORP	O	O	O
</negative>
<negative>
``	We	will	stay	here	until	we	get	some	answers	from	the	Greek	authorities	,	''	one	of	the	Kurds	occupying	the	Greek	Embassy	in	London	told	a	British	radio	station	.
``	PRP	MD	VB	RB	IN	PRP	VBP	DT	NNS	IN	DT	JJ	NNS	,	''	CD	IN	DT	NNPS	VBG	DT	JJ	NNP	IN	NNP	VBD	DT	JJ	NN	NN	.
p	nsubj	aux	ccomp	advmod	mark	nsubj	advcl	det	dobj	prep	det	amod	pobj	p	p	nsubj	prep	det	pobj	partmod	det	amod	dobj	prep	pobj	root	det	amod	nn	dobj	p
27	4	4	27	4	8	8	4	10	8	8	14	14	11	27	27	27	17	20	18	20	24	24	21	21	25	0	31	31	31	27	27
O	O	O	O	O	O	O	O	O	O	O	O	B-NORP	O	O	O	O	O	O	B-NORP	O	O	B-NORP	O	O	B-GPE	O	O	B-NORP	O	O	O
</negative>
<negative>
Another	of	the	Kurds	inside	the	embassy	,	who	gave	his	name	only	as	Ofter	,	told	reporters	by	telephone	:	``	We	are	completely	committed	.
DT	IN	DT	NNPS	IN	DT	NN	,	WP	VBD	PRP$	NN	RB	IN	NNP	,	VBD	NNS	IN	NN	:	``	PRP	VBP	RB	VBN	.
nsubj	prep	det	pobj	prep	det	pobj	p	nsubj	rcmod	poss	dobj	advmod	prep	pobj	p	root	dobj	prep	pobj	p	p	nsubjpass	auxpass	advmod	ccomp	p
17	1	4	2	4	7	5	17	10	1	12	10	10	10	14	17	0	17	17	19	17	17	26	26	26	17	17
O	O	O	B-NORP	O	O	O	O	O	O	O	O	O	O	B-ORG	O	O	O	O	O	O	O	O	O	O	O	O
</negative>
<negative>
About	500,000	Kurds	live	in	Germany	,	including	10,000	in	Frankfurt	.
RB	CD	NNPS	VBP	IN	NNP	,	VBG	CD	IN	NNP	.
quantmod	num	nsubj	root	prep	pobj	p	prep	pobj	prep	pobj	p
2	3	4	0	4	5	4	4	8	9	10	4
B-CARDINAL	I-CARDINAL	B-NORP	O	O	B-GPE	O	O	B-CARDINAL	O	B-GPE	O
</negative>
<negative>
Otto	Schily	,	the	German	interior	minister	,	pleaded	with	the	Kurds	to	leave	the	various	consulates	peacefully	.
NNP	NNP	,	DT	JJ	JJ	NN	,	VBD	IN	DT	NNPS	TO	VB	DT	JJ	NNS	RB	.
nn	nsubj	p	det	amod	amod	appos	p	root	prep	det	pobj	aux	xcomp	det	amod	dobj	advmod	p
2	9	9	7	7	7	2	9	0	9	12	10	14	9	17	17	14	14	9
B-PERSON	I-PERSON	O	O	B-NORP	O	O	O	O	O	O	B-NORP	O	O	O	O	O	O	O
</negative>
<negative>
Police	in	Frankfurt	used	truncheons	and	water	cannons	to	subdue	Kurds	who	were	turning	over	cars	.
NNS	IN	NNP	VBD	NNS	CC	NN	NNS	TO	VB	NNPS	WP	VBD	VBG	IN	NNS	.
nsubj	prep	pobj	root	dobj	cc	nn	conj	aux	xcomp	dobj	nsubj	aux	rcmod	prep	pobj	p
4	1	2	0	4	5	8	5	10	4	10	14	14	11	14	15	4
O	O	B-GPE	O	O	O	O	O	O	O	B-NORP	O	O	O	O	O	O
</negative>
<negative>
``	This	is	a	matter	that	only	affects	the	countries	involved	_	those	that	extradited	him	and	Turkey	,	''	he	said	.
``	DT	VBZ	DT	NN	WDT	RB	VBZ	DT	NNS	VBN	VBG	DT	WDT	VBN	PRP	CC	NNP	,	''	PRP	VBD	.
p	nsubj	cop	det	ccomp	nsubj	advmod	rcmod	det	dobj	partmod	xcomp	dobj	nsubj	rcmod	dobj	cc	conj	p	p	nsubj	root	p
22	5	5	5	22	8	8	5	10	8	10	11	12	15	13	15	16	16	22	22	22	0	22
O	O	O	O	O	O	O	O	O	O	O	O	O	O	O	O	O	B-GPE	O	O	O	O	O
</negative>
<negative>
For	months	,	Ocalan	had	appealed	to	European	countries	for	political	asylum	or	an	international	trial	that	would	allow	him	to	avoid	being	deported	to	Turkey	,	where	he	could	face	the	death	penalty	.
IN	NNS	,	NNP	VBD	VBN	TO	JJ	NNS	IN	JJ	NN	CC	DT	JJ	NN	WDT	MD	VB	PRP	TO	VB	VBG	VBN	TO	NNP	,	WRB	PRP	MD	VB	DT	NN	NN	.
prep	pobj	p	nsubj	aux	root	prep	amod	pobj	prep	amod	pobj	cc	det	amod	conj	nsubj	aux	rcmod	nsubj	aux	xcomp	auxpass	xcomp	prep	pobj	p	advmod	nsubj	aux	rcmod	det	nn	dobj	p
6	1	6	6	6	0	6	9	7	9	12	10	9	16	16	9	19	19	16	22	22	19	24	22	24	25	6	31	31	31	26	34	34	31	6
O	B-DATE	O	B-PERSON	O	O	O	B-NORP	O	O	O	O	O	O	O	O	O	O	O	O	O	O	O	O	O	B-GPE	O	O	O	O	O	O	O	O	O
</negative>
<negative>
Turkey	applied	intense	pressure	,	and	Syria	,	Russia	and	finally	Italy	expelled	him	.
NNP	VBD	JJ	NN	,	CC	NNP	,	NNP	CC	RB	NNP	VBN	PRP	.
nsubj	root	amod	dobj	p	cc	nsubj	p	conj	cc	advmod	conj	conj	dobj	p
2	0	4	2	2	2	13	2	7	7	7	7	2	13	2
B-GPE	O	O	O	O	O	B-GPE	O	B-GPE	O	O	B-GPE	O	O	O
</negative>
<negative>
Kurds	share	a	common	language	,	related	to	Iran	's	Farsi	,	and	many	are	Muslims	.
NNPS	VBP	DT	JJ	NN	,	VBN	TO	NNP	POS	NNP	,	CC	DT	VBP	NNPS	.
nsubj	root	det	amod	dobj	p	partmod	prep	poss	possessive	pobj	p	cc	nsubj	cop	conj	p
2	0	5	5	2	2	5	7	11	9	8	2	2	16	16	2	2
B-NORP	O	O	O	O	O	O	O	B-GPE	O	B-ORG	O	O	O	O	B-NORP	O
</negative>
<negative>
Kurds	were	promised	a	homeland	in	the	1920	Treaty	of	Sevres	,	which	carved	up	Turkey	after	the	collapse	of	the	Ottoman	Empire	.
NNPS	VBD	VBN	DT	NN	IN	DT	NNP	NNP	IN	NNP	,	WDT	VBD	RP	NNP	IN	DT	NN	IN	DT	NNP	NNP	.
nsubjpass	auxpass	root	det	dobj	prep	det	nn	pobj	prep	pobj	p	nsubj	rcmod	prt	dobj	prep	det	pobj	prep	det	nn	pobj	p
3	3	0	5	3	3	9	9	6	9	10	3	14	9	14	14	14	19	17	19	23	23	20	3
B-NORP	O	O	O	O	O	O	I-LAW	I-LAW	O	B-GPE	O	O	O	O	B-GPE	O	O	O	O	O	I-LANGUAGE	O	O
</negative>
<negative>
Mustafa	Kemal	Ataturk	,	the	founder	of	modern	Turkey	,	fought	to	regain	the	land	,	destroying	plans	for	a	Kurdish	state	.
NNP	NNP	NNP	,	DT	NN	IN	JJ	NNP	,	VBD	TO	VB	DT	NN	,	VBG	NNS	IN	DT	NNP	NN	.
nn	nn	nsubj	p	det	appos	prep	amod	pobj	p	root	aux	xcomp	det	dobj	p	xcomp	dobj	prep	det	nn	pobj	p
3	3	11	11	6	3	6	9	7	11	0	13	11	15	13	11	11	17	17	22	22	19	11
B-ORG	I-ORG	I-ORG	O	O	O	O	O	B-GPE	O	O	O	O	O	O	O	O	O	O	O	B-NORP	O	O
</negative>
<negative>
In	Turkey	,	Kurds	are	not	recognized	as	a	minority	.
IN	NNP	,	NNPS	VBP	RB	VBN	IN	DT	NN	.
prep	pobj	p	nsubjpass	auxpass	neg	root	prep	det	pobj	p
7	1	7	7	7	7	0	7	10	8	7
O	B-GPE	O	B-NORP	O	O	O	O	O	O	O
</negative>
<negative>
A	ban	imposed	by	Turkey	's	last	military	government	on	the	use	of	Kurdish	in	unofficial	settings	was	lifted	in	1991	,	but	Kurdish	is	illegal	in	broadcasts	and	in	educational	or	political	settings	.
DT	NN	VBN	IN	NNP	POS	JJ	JJ	NN	IN	DT	NN	IN	NNP	IN	JJ	NNS	VBD	VBN	IN	CD	,	CC	NNP	VBZ	JJ	IN	NNS	CC	IN	JJ	CC	JJ	NNS	.
det	nsubjpass	partmod	prep	poss	possessive	amod	amod	pobj	prep	det	pobj	prep	pobj	prep	amod	pobj	auxpass	root	prep	pobj	p	cc	nsubj	cop	conj	prep	pobj	cc	conj	amod	cc	conj	pobj	p
2	19	2	3	9	5	9	9	4	9	12	10	12	13	3	17	15	19	0	19	20	19	19	26	26	19	26	27	27	27	34	31	31	30	19
O	O	O	O	B-GPE	O	O	O	O	O	O	O	O	B-NORP	O	O	O	O	O	O	B-DATE	O	O	B-NORP	O	O	O	O	O	O	O	O	O	O	O
</negative>
<negative>
A	court	case	to	ban	Turkey	's	main	pro-	Kurdish	party	is	under	way	.
DT	NN	NN	TO	VB	NNP	POS	JJ	JJ	JJ	NN	VBZ	IN	NN	.
det	nn	nsubj	aux	infmod	poss	possessive	amod	amod	amod	dobj	root	prep	pobj	p
3	3	12	5	3	11	6	11	11	11	5	0	12	13	12
O	O	O	O	O	B-GPE	O	O	O	B-NORP	O	O	O	O	O
</negative>
<negative>
Italy	had	refused	to	extradite	him	to	Turkey	last	November	,	citing	a	law	that	bans	Italy	from	extraditing	prisoners	to	countries	that	use	capital	punishment	.
NNP	VBD	VBN	TO	VB	PRP	TO	NNP	JJ	NNP	,	VBG	DT	NN	WDT	VBZ	NNP	IN	VBG	NNS	TO	NNS	WDT	VBP	NN	NN	.
nsubj	aux	root	aux	xcomp	dobj	prep	pobj	amod	tmod	p	xcomp	det	dobj	nsubj	rcmod	dobj	prep	pcomp	dobj	prep	pobj	nsubj	rcmod	nn	dobj	p
3	3	0	5	3	5	5	7	10	5	3	3	14	12	16	14	16	16	18	19	19	21	24	22	26	24	3
B-GPE	O	O	O	O	O	O	B-GPE	B-DATE	I-DATE	O	O	O	O	O	O	B-GPE	O	O	O	O	O	O	O	O	O	O
</negative>
<negative>
Walter	Veltroni	,	leader	of	the	largest	party	in	Italy	's	center-left	government	,	warned	Turkey	on	Tuesday	not	to	apply	the	death	penalty	,	saying	,	``	That	would	place	Turkey	irretrievably	outside	Europe	.	''
NNP	NNP	,	NN	IN	DT	JJS	NN	IN	NNP	POS	JJ	NN	,	VBD	NNP	IN	NNP	RB	TO	VB	DT	NN	NN	,	VBG	,	``	DT	MD	VB	NNP	RB	IN	NNP	.	''
nn	nsubj	p	appos	prep	det	amod	pobj	prep	poss	possessive	amod	pobj	p	root	dobj	prep	pobj	neg	aux	xcomp	det	nn	dobj	p	xcomp	p	p	nsubj	aux	ccomp	dobj	advmod	prep	pobj	p	p
2	15	15	2	4	8	8	5	8	13	10	13	9	15	0	15	16	17	21	21	15	24	24	21	15	15	15	15	31	31	26	31	31	31	34	15	15
B-PERSON	I-PERSON	O	O	O	O	O	O	O	B-GPE	O	O	O	O	O	B-GPE	O	B-DATE	O	O	O	O	O	O	O	O	O	O	O	O	O	B-GPE	O	O	B-LOC	O	O
</negative>
<negative>
Although	there	was	no	clear	evidence	that	the	protests	were	orchestrated	,	Kurds	held	rallies	,	seized	consulates	,	battled	police	and	threatened	mass	suicides	.
IN	EX	VBD	DT	JJ	NN	IN	DT	NNS	VBD	VBN	,	NNPS	VBD	NNS	,	VBN	NNS	,	VBD	NNS	CC	VBD	JJ	NNS	.
mark	expl	advcl	det	amod	nsubj	complm	det	nsubjpass	auxpass	ccomp	p	nsubj	root	nsubj	p	partmod	dobj	p	ccomp	dobj	cc	conj	amod	dobj	p
3	3	14	6	6	3	11	9	11	11	3	14	14	0	20	14	15	17	14	14	20	20	20	25	23	14
O	O	O	O	O	O	O	O	O	O	O	O	B-NORP	O	O	O	O	O	O	O	O	O	O	O	O	O
</negative>
<negative>
By	the	end	of	the	day	,	many	hundreds	of	Kurds	had	been	arrested	,	and	most	of	the	almost	two	dozen	hostages	had	been	released	.
IN	DT	NN	IN	DT	NN	,	JJ	NNS	IN	NNPS	VBD	VBN	VBN	,	CC	JJS	IN	DT	RB	CD	NN	NNS	VBD	VBN	VBN	.
prep	det	pobj	prep	det	pobj	p	amod	nsubjpass	prep	pobj	aux	auxpass	root	p	cc	nsubjpass	prep	det	quantmod	number	num	pobj	aux	auxpass	conj	p
14	3	1	3	6	4	14	9	14	9	10	14	14	0	14	14	26	17	23	22	22	23	18	26	26	14	14
O	O	O	O	O	O	O	O	B-CARDINAL	O	B-NORP	O	O	O	O	O	O	O	O	B-CARDINAL	I-CARDINAL	I-CARDINAL	O	O	O	O	O
</negative>
<negative>
Kurds	share	a	common	language	,	related	to	Persian	,	and	many	are	Muslims	.
NNPS	VBP	DT	JJ	NN	,	VBN	TO	NNP	,	CC	DT	VBP	NNPS	.
nsubj	root	det	amod	dobj	p	partmod	prep	pobj	p	cc	nsubj	cop	conj	p
2	0	5	5	2	2	5	7	8	2	2	14	14	2	2
B-NORP	O	O	O	O	O	O	O	B-NORP	O	O	O	O	B-NORP	O
</negative>
<negative>
ANKARA	,	Turkey	_	The	emotions	of	25	million	people	without	a	state	seized	the	world	's	television	screens	last	week	.
NNP	,	NNP	VBG	DT	NNS	IN	CD	CD	NNS	IN	DT	NN	VBD	DT	NN	POS	NN	NNS	JJ	NN	.
nn	p	nsubj	partmod	det	dobj	prep	number	num	pobj	prep	det	pobj	root	det	poss	possessive	nn	dobj	amod	tmod	p
3	14	14	3	6	4	6	9	10	7	4	13	11	0	16	19	16	19	14	21	14	14
B-ORG	O	B-GPE	O	O	O	O	B-CARDINAL	I-CARDINAL	O	O	O	O	O	O	O	O	O	O	B-DATE	I-DATE	O
</negative>
<negative>
The	Kurds	want	self-determination	,	but	no	one	else	seems	ready	to	take	up	their	cause	.
DT	NNPS	VBP	JJ	,	CC	DT	NN	RB	VBZ	JJ	TO	VB	RP	PRP$	NN	.
det	nsubj	root	acomp	p	cc	det	nsubj	advmod	cop	conj	aux	xcomp	prt	poss	dobj	p
2	3	0	3	3	3	8	11	8	11	3	13	11	13	16	13	3
O	B-NORP	O	O	O	O	O	O	O	O	O	O	O	O	O	O	O
</negative>
<negative>
They	are	Muslim	farmers	,	merchants	and	nomads	--	scattered	across	Turkey	,	Iraq	,	Iran	and	Syria	.
PRP	VBP	JJ	NNS	,	NNS	CC	NNS	:	VBN	IN	NNP	,	NNP	,	NNP	CC	NNP	.
nsubj	cop	amod	root	p	conj	cc	conj	p	partmod	prep	pobj	p	conj	p	conj	cc	conj	p
4	4	4	0	4	4	4	4	4	4	10	11	4	12	4	12	12	12	4
O	O	B-NORP	O	O	O	O	O	O	O	O	B-GPE	O	B-GPE	O	B-GPE	O	B-GPE	O
</negative>
<negative>
With	``	no	friend	but	the	mountains	,	''	as	their	self-pitying	legend	goes	,	the	Kurds	have	long	been	cloaked	in	relative	obscurity	.
IN	``	DT	NN	CC	DT	NNS	,	''	IN	PRP$	JJ	NN	VBZ	,	DT	NNPS	VBP	RB	VBN	VBN	IN	JJ	NN	.
prep	p	det	pobj	prep	det	dep	p	p	mark	poss	amod	nsubj	dep	p	det	nsubjpass	aux	advmod	auxpass	root	prep	amod	pobj	p
21	21	4	1	4	7	5	21	21	14	13	13	14	4	21	17	21	21	21	21	0	21	24	22	21
O	O	O	O	O	O	O	O	O	O	O	O	O	O	O	O	B-NORP	O	O	O	O	O	O	O	O
</negative>
<negative>
``	And	clearly	it	is	not	only	Turkey	's	problem	,	but	the	world	's	,	''	said	Sedat	Yurtdas	,	38	,	a	moderate	Kurdish	politician	and	lawyer	whose	activities	have	been	banned	by	the	Turkish	government	.
``	CC	RB	PRP	VBZ	RB	RB	NNP	POS	NN	,	CC	DT	NN	VBZ	,	''	VBD	NNP	NNP	,	CD	,	DT	JJ	NNP	NN	CC	NN	WP$	NNS	VBP	VBN	VBN	IN	DT	JJ	NN	.
p	cc	advmod	nsubj	cop	neg	advmod	poss	possessive	ccomp	p	cc	det	nsubj	conj	p	p	root	nn	nsubj	p	appos	p	det	amod	nn	conj	cc	conj	poss	nsubjpass	aux	auxpass	rcmod	prep	det	amod	pobj	p
18	10	10	10	10	10	10	10	8	18	18	10	14	15	10	18	18	0	20	18	18	20	18	27	27	27	22	22	22	31	34	34	34	29	34	38	38	35	18
O	O	O	O	O	O	O	B-GPE	O	O	O	O	O	O	O	O	O	O	B-PERSON	I-PERSON	O	B-CARDINAL	O	O	O	B-NORP	O	O	O	O	O	O	O	O	O	O	B-NORP	O	O
</negative>
<negative>
The	Entebbe	-style	capture	of	Ocalan	in	Kenya	by	Turkish	commandos	was	widely	celebrated	in	Turkey	,	comparable	to	if	Israel	had	nabbed	Yasser	Arafat	amid	the	Palestinian	terrorist	movement	in	the	1970s	.
DT	NNP	JJ	NN	IN	NNP	IN	NNP	IN	JJ	NNS	VBD	RB	VBN	IN	NNP	,	JJ	TO	IN	NNP	VBD	VBN	NNP	NNP	IN	DT	JJ	JJ	NN	IN	DT	NNS	.
det	nn	amod	nsubjpass	prep	pobj	prep	pobj	prep	amod	pobj	auxpass	advmod	root	prep	pobj	p	dep	prep	mark	nsubj	aux	dep	nn	dobj	prep	det	amod	amod	pobj	prep	det	pobj	p
4	4	4	14	4	5	6	7	8	11	9	14	14	0	14	15	14	23	18	23	23	23	14	25	23	23	30	30	30	26	30	33	31	14
O	B-GPE	O	O	O	B-PERSON	O	B-GPE	O	B-NORP	O	O	O	O	O	B-GPE	O	O	O	O	B-GPE	O	O	B-PERSON	I-PERSON	O	O	B-NORP	O	O	O	O	B-DATE	O
</negative>
<negative>
He	is	routinely	referred	to	in	Turkey	's	pro-government	press	as	``	the	babykiller.	''
PRP	VBZ	RB	VBN	TO	IN	NNP	POS	JJ	NN	IN	``	DT	NN	''
nsubjpass	auxpass	advmod	root	aux	xcomp	poss	possessive	amod	pobj	prep	p	det	pobj	p
4	4	4	0	6	4	10	7	10	6	6	4	14	11	4
O	O	O	O	O	O	B-GPE	O	O	O	O	O	O	O	O
</negative>
<negative>
Still	,	the	question	nagging	Turkey	is	:	What	next	?
RB	,	DT	NN	NN	NNP	VBZ	:	WP	JJ	.
advmod	p	det	nn	nn	nsubj	cop	p	root	advmod	p
9	9	6	6	6	9	9	9	0	9	9
O	O	O	O	O	B-GPE	O	O	O	O	O
</negative>
<negative>
The	guerrilla	movement	is	still	active	,	there	are	millions	of	Kurds	living	in	Europe	.
DT	NN	NN	VBZ	RB	JJ	,	EX	VBP	NNS	IN	NNPS	VBG	IN	NNP	.
det	nn	nsubj	cop	advmod	ccomp	p	expl	root	nsubj	prep	pobj	partmod	prep	pobj	p
3	3	6	6	6	9	9	9	0	9	10	11	12	13	14	9
O	O	O	O	O	O	O	O	O	B-CARDINAL	O	B-NORP	O	O	B-LOC	O
</negative>
<negative>
A	sobering	problem	for	Turkey	is	the	delicate	matter	of	how	to	handle	Ocalan	's	upcoming	trial	and	anticipated	conviction	,	after	which	he	could	be	sentenced	to	death	.
DT	JJ	NN	IN	NNP	VBZ	DT	JJ	NN	IN	WRB	TO	VB	NNP	POS	JJ	NN	CC	JJ	NN	,	IN	WDT	PRP	MD	VB	VBN	TO	NN	.
det	amod	nsubj	prep	pobj	cop	det	amod	root	prep	advmod	aux	pcomp	poss	possessive	amod	dobj	cc	amod	conj	p	rel	pobj	nsubjpass	aux	auxpass	rcmod	prep	pobj	p
3	3	9	3	4	9	9	9	0	9	13	13	10	17	14	17	13	17	20	17	9	27	22	27	27	27	17	27	28	9
O	O	O	O	B-GPE	O	O	O	O	O	O	O	O	B-PERSON	O	O	O	O	O	O	O	O	O	O	O	O	O	O	O	O
</negative>
<negative>
Ocalan	and	the	PKK	's	brutal	tactics	have	been	loathed	by	many	moderate	Kurds	.
NNP	CC	DT	NNP	POS	JJ	NNS	VBP	VBN	VBN	IN	JJ	JJ	NNPS	.
nsubjpass	cc	det	poss	possessive	amod	conj	aux	auxpass	root	prep	amod	amod	pobj	p
10	1	4	7	4	7	1	10	10	0	10	14	14	11	10
B-PERSON	O	O	B-ORG	O	O	O	O	O	O	O	O	O	B-NORP	O
</negative>
<negative>
But	Turkey	risks	turning	Ocalan	into	a	martyr	for	all	Kurds	if	the	trial	is	viewed	as	a	sham	and	Ocalan	is	put	to	death	.
CC	NNP	NNS	VBG	NNP	IN	DT	NN	IN	DT	NNPS	IN	DT	NN	VBZ	VBN	IN	DT	NN	CC	NNP	VBZ	VBN	TO	NN	.
cc	nn	nsubjpass	partmod	dobj	prep	det	pobj	prep	det	pobj	mark	det	nsubjpass	auxpass	advcl	prep	det	pobj	cc	conj	auxpass	root	prep	pobj	p
23	3	23	3	4	4	8	6	8	11	9	16	14	16	16	4	16	19	17	19	19	23	0	23	24	23
O	B-GPE	O	O	B-PERSON	O	O	O	O	O	B-NORP	O	O	O	O	O	O	O	O	O	B-PERSON	O	O	O	O	O
</negative>
<negative>
In	the	immediate	aftermath	of	Ocalan	's	arrest	,	Kurds	living	abroad	and	linked	by	e-mail	and	a	Europe	-based	satellite	TV	station	,	took	the	streets	and	occupied	embassy	buildings	in	more	than	20	European	cities	.
IN	DT	JJ	NN	IN	NNP	POS	NN	,	NNPS	VBG	RB	CC	VBN	IN	JJ	CC	DT	NNP	JJ	JJ	NN	NN	,	VBD	DT	NNS	CC	JJ	NN	NNS	IN	JJR	IN	CD	JJ	NNS	.
prep	det	amod	pobj	prep	poss	possessive	pobj	p	nsubj	dep	advmod	cc	conj	prep	pobj	cc	det	nn	amod	amod	nn	conj	p	root	det	dobj	cc	amod	nn	conj	prep	mwe	quantmod	num	amod	pobj	p
25	4	4	1	4	8	6	5	25	25	10	11	11	11	14	15	16	23	23	23	23	23	16	25	0	27	25	27	31	31	27	25	34	35	37	37	32	25
O	O	O	O	O	B-PERSON	O	O	O	B-NORP	O	O	O	O	O	O	O	O	B-LOC	O	O	O	O	O	O	O	O	O	O	O	O	O	O	O	B-CARDINAL	B-NORP	O	O
</negative>
<negative>
Only	one	other	man	has	done	as	much	to	publicize	the	plight	of	the	Kurds	.
RB	CD	JJ	NN	VBZ	VBN	RB	RB	TO	VB	DT	NN	IN	DT	NNPS	.
quantmod	num	amod	nsubj	aux	root	advmod	advmod	aux	xcomp	det	dobj	prep	det	pobj	p
2	4	4	6	6	0	8	6	10	6	12	10	12	15	13	6
O	B-CARDINAL	O	O	O	O	O	O	O	O	O	O	O	O	B-NORP	O
</negative>
<negative>
A	vindictive	Saddam	Hussein	sought	to	annihilate	Iraqi	Kurds	in	the	north	of	his	country	in	the	aftermath	of	the	1991	Gulf	War	.
DT	JJ	NNP	NNP	VBD	TO	VB	JJ	NNPS	IN	DT	NN	IN	PRP$	NN	IN	DT	NN	IN	DT	CD	NNP	NNP	.
det	amod	nn	nsubj	root	aux	xcomp	amod	dobj	prep	det	pobj	prep	poss	pobj	prep	det	pobj	prep	det	num	nn	pobj	p
4	4	4	5	0	7	5	9	7	7	12	10	12	15	13	7	18	16	18	23	23	23	19	5
O	O	B-PERSON	I-PERSON	O	O	O	B-NORP	B-NORP	O	O	O	O	O	O	O	O	O	O	B-EVENT	I-EVENT	I-EVENT	I-EVENT	O
</negative>
<negative>
With	American	and	United	Nations	help	,	the	Kurds	in	northern	Iraq	are	largely	running	their	own	affairs	,	without	realizing	their	ultimate	goal	of	sovereignty	.
IN	NNP	CC	NNP	NNPS	NN	,	DT	NNPS	IN	JJ	NNP	VBP	RB	VBG	PRP$	JJ	NNS	,	IN	VBG	PRP$	JJ	NN	IN	NN	.
prep	pobj	cc	nn	nn	conj	p	det	nsubj	prep	amod	pobj	aux	advmod	root	poss	amod	dobj	p	prep	pcomp	poss	amod	dobj	prep	pobj	p
15	1	2	6	6	2	15	9	15	9	12	10	15	15	0	18	18	15	15	15	20	24	24	21	24	25	15
O	B-NORP	O	B-ORG	I-ORG	O	O	O	B-NORP	O	O	B-GPE	O	O	O	O	O	O	O	O	O	O	O	O	O	O	O
</negative>
<negative>
Even	the	most	militant	of	Kurds	began	to	set	their	sights	lower	;	In	Turkey	,	Ocalan	relinquished	the	goal	of	an	independent	statehood	,	calling	instead	for	limited	autonomy	within	Turkey	's	borders	.
RB	DT	JJS	NN	IN	NNPS	VBD	TO	VB	PRP$	NNS	RBR	:	IN	NNP	,	NNP	VBD	DT	NN	IN	DT	JJ	NN	,	VBG	RB	IN	JJ	NN	IN	NNP	POS	NNS	.
advmod	det	amod	nsubj	prep	pobj	root	aux	xcomp	poss	dobj	advmod	p	prep	pobj	p	nsubj	parataxis	det	dobj	prep	det	amod	pobj	p	partmod	advmod	prep	amod	pobj	prep	poss	possessive	pobj	p
4	4	4	7	4	5	0	9	7	11	9	9	7	18	14	7	18	7	20	18	20	24	24	21	7	18	28	26	30	28	30	34	32	31	7
O	O	O	O	O	B-NORP	O	O	O	O	O	O	O	O	B-GPE	O	B-PERSON	O	O	O	O	O	O	O	O	O	O	O	O	O	O	B-GPE	O	O	O
</negative>
<negative>
On	Friday	,	the	State	Department	acknowledged	that	the	U.S	.	intelligence	services	helped	Turkey	track	down	and	capture	Ocalan	,	who	had	looking	for	a	hiding	place	since	mid-October	when	he	was	forced	from	his	haven	in	Syria	.
IN	NNP	,	DT	NNP	NNP	VBD	IN	DT	NNP	.	NN	NNS	VBD	NNP	VB	RP	CC	VB	NNP	,	WP	VBD	VBG	IN	DT	NN	NN	IN	NNP	WRB	PRP	VBD	VBN	IN	PRP$	NN	IN	NNP	.
prep	pobj	p	det	nn	nsubj	root	complm	det	nsubj	p	nn	dep	ccomp	nsubj	ccomp	prt	cc	conj	dobj	p	nsubj	rcmod	xcomp	prep	det	nn	pobj	prep	pobj	advmod	nsubjpass	auxpass	advcl	prep	poss	pobj	prep	pobj	p
7	1	7	6	6	7	0	14	10	14	7	13	10	7	16	14	16	16	16	19	7	23	20	23	24	28	28	25	28	29	34	34	34	23	34	37	35	37	38	7
O	B-DATE	O	B-ORG	I-ORG	I-ORG	O	O	O	B-GPE	O	O	O	O	B-GPE	O	O	O	O	B-PERSON	O	O	O	O	O	O	O	O	O	B-DATE	O	O	O	O	O	O	O	O	B-GPE	O
</negative>
<negative>
If	Turkey	's	relentless	military	and	security	offensive	is	the	stick	,	Ecevit	offered	a	carrot	this	week	in	proclaiming	a	campaign	to	increase	investment	and	improve	roads	in	mainly	Kurdish	southeastern	Turkey	.
IN	NNP	POS	JJ	JJ	CC	NN	NN	VBZ	DT	NN	,	NNP	VBD	DT	NN	DT	NN	IN	VBG	DT	NN	TO	VB	NN	CC	VB	NNS	IN	NNP	NNP	NNP	NNP	.
mark	dep	possessive	amod	nsubj	cc	nn	conj	cop	det	advcl	p	nsubj	root	det	dobj	det	tmod	prep	pcomp	det	dobj	aux	infmod	dobj	cc	conj	dobj	prep	nn	nn	nn	pobj	p
11	5	2	5	11	5	8	5	11	11	14	14	14	0	16	14	18	14	14	19	22	20	24	22	24	24	24	27	27	33	33	33	29	14
O	B-GPE	O	O	O	O	O	O	O	O	O	O	B-PERSON	O	O	O	B-DATE	I-DATE	O	O	O	O	O	O	O	O	O	O	O	O	B-NORP	O	B-GPE	O
</negative>
<negative>
Undoubtedly	,	the	Kurds	will	be	looking	for	more	.
RB	,	DT	NNPS	MD	VB	VBG	IN	JJR	.
advmod	p	det	nsubj	aux	aux	root	prep	pobj	p
7	7	4	7	7	7	0	7	8	7
O	O	O	B-NORP	O	O	O	O	O	O
</negative>
<negative>
But	Turkey	's	chief	prosecutor	has	begun	legal	proceedings	to	bar	the	pro-	Kurdish	People	's	Democracy	Party	-LRB-	HADEP	-RRB-	.
CC	NNP	POS	JJ	NN	VBZ	VBN	JJ	NNS	TO	VB	DT	JJ	NNP	NNS	POS	NNP	NNP	-LRB-	NNP	-RRB-	.
cc	poss	possessive	amod	nsubj	aux	root	amod	dobj	aux	xcomp	det	amod	nn	poss	possessive	nn	dobj	p	abbrev	p	p
7	5	2	5	7	7	0	9	7	11	7	15	15	15	18	15	18	11	7	18	7	7
O	B-GPE	O	O	O	O	O	O	O	O	O	O	O	B-NORP	O	O	O	O	O	O	O	O
</negative>
<negative>
If	outlawed	,	it	would	be	the	fourth	political	party	sympathetic	to	the	Kurds	to	be	banned	in	Turkey	during	this	decade	.
IN	VBD	,	PRP	MD	VB	DT	JJ	JJ	NN	JJ	TO	DT	NNPS	TO	VB	VBN	IN	NNP	IN	DT	NN	.
mark	advcl	p	nsubj	aux	cop	det	amod	amod	root	amod	prep	det	pobj	aux	auxpass	xcomp	prep	pobj	prep	det	pobj	p
2	10	10	10	10	10	10	10	10	0	10	11	14	12	17	17	11	17	18	17	22	20	10
O	O	O	O	O	O	O	B-ORDINAL	O	O	O	O	O	B-NORP	O	O	O	O	B-GPE	O	B-DATE	I-DATE	O
</negative>
<negative>
``	The	arrest	has	placed	the	eyes	of	the	world	on	Turkey	.
``	DT	NN	VBZ	VBN	DT	NNS	IN	DT	NN	IN	NNP	.
p	det	nsubj	aux	root	det	dobj	prep	det	pobj	prep	pobj	p
5	3	5	5	0	7	5	7	10	8	5	11	5
O	O	O	O	O	O	O	O	O	O	O	B-GPE	O
</negative>
<negative>
It	is	an	important	test	,	not	only	for	the	future	of	the	Kurds	but	for	Turkey	's	reputation	in	the	world	,	''	he	said	.
PRP	VBZ	DT	JJ	NN	,	RB	JJ	IN	DT	NN	IN	DT	NNPS	CC	IN	NNP	POS	NN	IN	DT	NN	,	''	PRP	VBD	.
nsubj	cop	det	amod	ccomp	p	neg	preconj	prep	det	pobj	prep	det	pobj	cc	conj	poss	possessive	pobj	prep	det	pobj	p	p	nsubj	root	p
5	5	5	5	26	26	8	9	5	11	9	11	14	12	9	9	19	17	16	19	22	20	26	26	26	0	26
O	O	O	O	O	O	O	O	O	O	O	O	O	B-NORP	O	O	B-GPE	O	O	O	O	O	O	O	O	O	O
</negative>
<negative>
Turkey	can	take	comfort	in	the	fact	that	during	his	months	on	the	run	,	no	European	country	would	offer	Ocalan	refuge	.
NNP	MD	VB	NN	IN	DT	NN	IN	IN	PRP$	NNS	IN	DT	NN	,	DT	JJ	NN	MD	VB	JJ	NN	.
nsubj	aux	root	dobj	prep	det	pobj	complm	prep	poss	pobj	prep	det	pobj	p	det	amod	nsubj	aux	ccomp	amod	dobj	p
3	3	0	3	3	7	5	20	20	11	9	11	14	12	3	18	18	20	20	3	22	20	3
B-GPE	O	O	O	O	O	O	O	O	O	B-DATE	O	O	O	O	O	B-NORP	O	O	O	B-PERSON	O	O
</negative>
<negative>
But	now	that	it	has	him	in	custody	,	the	government	here	appears	to	be	ignoring	demands	by	international	human	rights	groups	for	greater	tolerance	towards	the	Kurds	and	a	fair	trial	for	Ocalan	.
CC	RB	IN	PRP	VBZ	PRP	IN	NN	,	DT	NN	RB	VBZ	TO	VB	VBG	NNS	IN	JJ	JJ	NNS	NNS	IN	JJR	NN	IN	DT	NNPS	CC	DT	JJ	NN	IN	NNP	.
cc	advmod	dep	nsubj	ccomp	dobj	prep	pobj	p	det	nsubj	advmod	root	aux	aux	xcomp	dobj	prep	amod	amod	nn	pobj	prep	amod	pobj	prep	det	pobj	cc	det	amod	conj	prep	pobj	p
13	13	5	5	2	5	5	7	13	11	13	13	0	16	16	13	16	16	22	22	22	18	22	25	23	25	28	26	25	32	32	25	32	33	13
O	O	O	O	O	O	O	O	O	O	O	O	O	O	O	O	O	O	O	O	O	O	O	O	O	O	O	B-NORP	O	O	O	O	O	B-PERSON	O
</negative>
<negative>
Turkey	is	preparing	a	closed	trial	before	a	military	tribunal	for	the	rebel	leader	and	has	rejected	attempts	of	Ocalan	's	European	lawyers	to	enter	the	country	to	confer	with	him	.
NNP	VBZ	VBG	DT	VBN	NN	IN	DT	JJ	NN	IN	DT	JJ	NN	CC	VBZ	VBN	NNS	IN	NNP	POS	JJ	NNS	TO	VB	DT	NN	TO	VB	IN	PRP	.
nsubj	aux	root	det	amod	dobj	prep	det	amod	pobj	prep	det	amod	pobj	cc	aux	conj	dobj	prep	poss	possessive	amod	pobj	aux	xcomp	det	dobj	aux	infmod	prep	pobj	p
3	3	0	6	6	3	3	10	10	7	10	14	14	11	3	17	3	17	18	23	20	23	19	25	17	27	25	29	27	29	30	3
B-GPE	O	O	O	O	O	O	O	O	O	O	O	O	O	O	O	O	O	O	B-PERSON	O	B-NORP	O	O	O	O	O	O	O	O	O	O
</negative>
<negative>
Back	in	Turkey	,	the	threat	of	new	violence	was	faxed	Friday	to	the	Associated	Press	.
RB	IN	NNP	,	DT	NN	IN	JJ	NN	VBD	VBN	NNP	TO	DT	NNP	NNP	.
advmod	prep	pobj	p	det	nsubjpass	prep	amod	pobj	auxpass	root	tmod	prep	det	nn	pobj	p
11	1	2	11	6	11	6	9	7	11	0	11	11	16	16	13	11
O	O	B-GPE	O	O	O	O	O	O	O	O	B-DATE	O	B-ORG	I-ORG	I-ORG	O
</negative>
<negative>
Ocalan	's	PKK	warned	that	Turkey	would	``	face	the	consequences	''	if	Ocalan	were	harmed	.
NNP	POS	NNP	VBD	IN	NNP	MD	``	VB	DT	NNS	''	IN	NNP	VBD	VBN	.
poss	possessive	nsubj	root	complm	nsubj	aux	p	ccomp	det	dobj	p	mark	nsubjpass	auxpass	advcl	p
3	1	4	0	9	9	9	4	4	11	9	4	16	16	16	4	4
B-PERSON	O	O	O	O	B-GPE	O	O	O	O	O	O	O	B-PERSON	O	O	O
</negative>
<negative>
``	If	Turkey	has	a	genuine	intention	to	solve	this	problem	peacefully	,	it	is	high	time	to	do	it	now	.
``	IN	NNP	VBZ	DT	JJ	NN	TO	VB	DT	NN	RB	,	PRP	VBZ	JJ	NN	TO	VB	PRP	RB	.
p	mark	nsubj	advcl	det	amod	dobj	aux	infmod	det	dobj	advmod	p	nsubj	cop	amod	root	aux	infmod	dobj	advmod	p
17	4	4	17	7	7	4	9	7	11	9	9	17	17	17	17	0	19	17	19	19	17
O	O	B-GPE	O	O	O	O	O	O	O	O	O	O	O	O	O	O	O	O	O	O	O
</negative>
<negative>
There	would	be	no	reason	for	Kurds	to	rebel	if	we	were	allowed	to	be	part	of	the	system.	''
EX	MD	VB	DT	NN	IN	NNPS	TO	VB	IN	PRP	VBD	VBN	TO	VB	NN	IN	DT	NN	''
expl	aux	cop	det	root	prep	pobj	aux	infmod	mark	nsubjpass	auxpass	advcl	aux	cop	xcomp	prep	det	pobj	p
5	5	5	5	0	5	6	9	5	13	13	13	9	16	16	13	16	19	17	5
O	O	O	O	O	O	B-NORP	O	O	O	O	O	O	O	O	O	O	O	O	O
</negative>
</QApairs>
<QApairs id='52.1'>
<question>
When	was	the	first	Burger	King	restaurant	opened	?
WRB	VBD	DT	JJ	NNP	NNP	NN	VBN	.
advmod	auxpass	det	amod	nn	nn	nsubjpass	root	p
8	8	7	7	7	7	8	0	8
O	O	O	B-ORDINAL	B-ORG	I-ORG	O	O	O
</question>
<positive>
Coke	has	supplied	Burger	King	for	most	of	the	restaurant	chain	's	history	,	starting	with	the	first	Burger	King	that	opened	in	Miami	in	1954	.
NNP	VBZ	VBN	NNP	NNP	IN	JJS	IN	DT	NN	NN	POS	NN	,	VBG	IN	DT	JJ	NNP	NNP	WDT	VBD	IN	NNP	IN	CD	.
nsubj	aux	root	nn	dobj	prep	pobj	prep	det	nn	poss	possessive	pobj	p	partmod	prep	det	amod	nn	pobj	nsubj	rcmod	prep	pobj	prep	pobj	p
3	3	0	5	3	5	6	7	11	11	13	11	8	3	3	15	20	20	20	16	22	20	22	23	22	25	3
O	O	O	B-ORG	I-ORG	O	O	O	O	O	O	O	O	O	O	O	O	B-ORDINAL	B-ORG	I-ORG	O	O	O	B-GPE	O	B-DATE	O
1954
26
</positive>
<positive>
1954	:	The	first	Burger	King	opens	in	Miami	.
CD	:	DT	JJ	NNP	NNP	VBZ	IN	NNP	.
root	p	det	amod	nn	nsubj	dep	prep	pobj	p
0	1	6	6	6	7	1	7	8	1
B-DATE	O	O	B-ORDINAL	B-ORG	I-ORG	O	O	B-GPE	O
1954
1
</positive>
<positive>
Burger	King	,	which	was	founded	in	1954	,	has	over	11,000	restaurants	in	58	countries	around	the	world	.
NNP	NNP	,	WDT	VBD	VBN	IN	CD	,	VBZ	IN	CD	NNS	IN	CD	NNS	IN	DT	NN	.
nn	nsubj	p	nsubjpass	auxpass	rcmod	prep	pobj	p	root	amod	num	dobj	prep	num	pobj	prep	det	pobj	p
2	10	10	6	6	2	6	7	10	0	13	13	10	13	16	14	16	19	17	10
B-ORG	I-ORG	O	O	O	O	O	B-DATE	O	O	O	B-CARDINAL	O	O	B-CARDINAL	O	O	O	O	O
1954
8
</positive>
<negative>
Burger	King	Corp	.	has	reached	a	new	long-term	agreement	with	Coca-Cola	Co	.	to	keep	Coke	as	the	soft-drink	supplier	for	its	restaurants	in	the	United	States	and	Canada	.
NNP	NNP	NNP	.	VBZ	VBN	DT	JJ	JJ	NN	IN	NNP	NNP	.	TO	VB	NNP	IN	DT	JJ	NN	IN	PRP$	NNS	IN	DT	NNP	NNPS	CC	NNP	.
nn	nn	nsubj	p	aux	root	det	amod	amod	dobj	prep	nn	pobj	p	aux	xcomp	dobj	prep	det	amod	pobj	prep	poss	pobj	prep	det	nn	pobj	cc	conj	p
3	3	6	6	6	0	10	10	10	6	6	13	11	6	16	6	16	17	21	21	18	21	24	22	16	28	28	25	28	28	6
B-ORG	I-ORG	I-ORG	O	O	O	O	O	O	O	O	B-ORG	I-ORG	O	O	O	B-ORG	O	O	O	O	O	O	O	O	B-GPE	I-GPE	I-GPE	O	B-GPE	O
</negative>
<negative>
Terms	of	the	deal	were	n't	announced	,	but	it	extends	Coke	's	current	10-year	run	as	supplier	for	Burger	King	's	8,200	restaurants	in	North	America	.
NNS	IN	DT	NN	VBD	RB	VBN	,	CC	PRP	VBZ	NNP	POS	JJ	JJ	NN	IN	NN	IN	NNP	NNP	POS	CD	NNS	IN	NNP	NNP	.
nsubjpass	prep	det	pobj	auxpass	neg	root	p	cc	nsubj	conj	poss	possessive	amod	amod	dobj	prep	pobj	prep	nn	poss	possessive	num	pobj	prep	nn	pobj	p
7	1	4	2	7	7	0	7	7	11	7	16	12	16	16	11	16	17	18	21	24	21	24	19	11	27	25	7
O	O	O	O	O	O	O	O	O	O	O	B-ORG	O	O	O	O	O	O	O	B-ORG	I-ORG	I-ORG	B-CARDINAL	O	O	B-LOC	I-LOC	O
</negative>
<negative>
Pepsi	gained	Burger	King	's	soft-drink	syrup	business	in	1984	,	but	Coke	won	the	fast-food	chain	back	in	1990	.
NNP	VBD	NNP	NNP	POS	JJ	NN	NN	IN	CD	,	CC	NNP	VBD	DT	NN	NN	RB	IN	CD	.
nsubj	root	nn	poss	possessive	amod	nn	dobj	prep	pobj	p	cc	nsubj	conj	det	nn	dobj	advmod	prep	pobj	p
2	0	4	8	4	8	8	2	2	9	2	2	14	2	17	17	14	14	14	19	2
B-ORG	O	B-ORG	I-ORG	I-ORG	O	O	O	O	B-DATE	O	O	B-ORG	O	O	O	O	O	O	B-DATE	O
</negative>
<negative>
Burger	King	is	a	subsidiary	of	Diageo	PLC	.
NNP	NNP	VBZ	DT	NN	IN	NNP	NNP	.
nn	nsubj	cop	det	root	prep	nn	pobj	p
2	5	5	5	0	5	8	6	5
B-ORG	I-ORG	O	O	O	O	B-ORG	I-ORG	O
</negative>
<negative>
Separately	,	Burger	King	also	renewed	a	long-standing	arrangement	with	Dr	Pepper/Seven	Up	Inc	.	to	keep	Dr	Pepper	in	Burger	King	's	U.S	.	restaurants	.
RB	,	NNP	NNP	RB	VBD	DT	JJ	NN	IN	NNP	NNP	NNP	NNP	.	TO	VB	NNP	NNP	IN	NNP	NNP	POS	NNP	.	NNS	.
advmod	p	nn	nsubj	advmod	root	det	amod	dobj	prep	nn	nn	nn	pobj	p	aux	infmod	nn	dobj	prep	nn	pobj	possessive	nn	p	dep	p
6	6	4	6	6	0	9	9	6	6	14	14	14	10	6	17	14	19	17	19	22	20	22	26	6	22	6
O	O	B-ORG	I-ORG	O	O	O	O	O	O	O	O	O	O	O	O	O	O	O	O	B-ORG	I-ORG	I-ORG	I-ORG	O	O	O
</negative>
<negative>
Pepsi-Cola	had	bid	for	the	Burger	King	business	and	said	Coca-Cola	must	have	paid	a	high	price	to	keep	it	.
NNP	VBD	VBN	IN	DT	NNP	NNP	NN	CC	VBD	NNP	MD	VB	VBN	DT	JJ	NN	TO	VB	PRP	.
nsubj	aux	root	prep	det	nn	nn	pobj	cc	conj	nsubj	aux	aux	ccomp	det	amod	dobj	aux	xcomp	dobj	p
3	3	0	3	8	8	8	4	3	3	14	14	14	10	17	17	14	19	14	19	3
B-ORG	O	O	O	O	B-ORG	I-ORG	O	O	O	B-ORG	O	O	O	O	O	O	O	O	O	O
</negative>
<negative>
A	burger	is	18	cents	,	as	is	a	milkshake	.
DT	NN	VBZ	CD	NNS	,	IN	VBZ	DT	NN	.
det	nsubj	cop	num	root	p	mark	cop	det	dep	p
2	5	5	5	0	5	10	10	10	5	5
O	O	O	B-MONEY	I-MONEY	O	O	O	O	O	O
</negative>
<negative>
Kroc	opens	his	first	restaurant	in	Des	Plaines	,	Ill	.	,	and	eventually	buys	out	the	McDonalds	.
NNP	VBZ	PRP$	JJ	NN	IN	NNP	NNP	,	NNP	.	,	CC	RB	VBZ	RP	DT	NN	.
nsubj	root	poss	amod	dobj	prep	nn	pobj	p	appos	p	p	cc	advmod	conj	prt	det	dobj	p
2	0	5	5	2	2	8	6	2	8	2	2	2	2	2	15	18	15	2
B-PERSON	O	O	B-ORDINAL	O	O	B-GPE	I-GPE	O	O	O	O	O	O	O	O	O	B-ORG	O
</negative>
<negative>
Reuben	sandwich	created	at	Reuben	's	Restaurant	in	New	York	City	.
NNP	NNP	VBD	IN	NNP	POS	NNP	IN	NNP	NNP	NNP	.
nn	nsubj	root	prep	poss	possessive	pobj	prep	nn	nn	pobj	p
2	3	0	3	7	5	4	3	11	11	8	3
B-PERSON	O	O	O	B-PERSON	O	O	O	B-GPE	I-GPE	I-GPE	O
</negative>
<negative>
Nathan	's	hot	dog	stand	opened	at	Coney	Island	,	N.Y	.	1918	_	Canned	tomato	sauce	is	introduced	.
NNP	POS	JJ	NN	NN	VBD	IN	NNP	NNP	,	NNP	.	NNP	NNP	NNP	NNP	NNP	VBZ	VBN	.
poss	possessive	amod	nn	nsubj	ccomp	prep	nn	pobj	p	nn	p	nn	nn	nn	nn	nsubjpass	auxpass	root	p
5	1	5	5	6	19	6	9	7	19	17	19	17	17	17	17	19	19	0	19
B-PERSON	O	O	O	O	O	O	B-LOC	I-LOC	O	B-GPE	O	B-DATE	O	O	O	O	O	O	O
</negative>
<negative>
First	White	Castle	burger	stand	opens	in	Wichita	,	Kan	.
NNP	NNP	NNP	NN	NN	VBZ	IN	NNP	,	NNP	.
nn	nn	nn	nn	nsubj	root	prep	nn	p	pobj	p
5	5	5	5	6	0	6	10	6	7	6
B-ORG	I-ORG	I-ORG	O	O	O	O	B-GPE	O	B-GPE	O
</negative>
<negative>
The	Brown	Derby	restaurant	opens	in	Los	Angeles	.
DT	NNP	NNP	NN	VBZ	IN	NNP	NNP	.
det	nn	nn	nsubj	root	prep	nn	pobj	p
4	4	4	5	0	5	8	6	5
O	O	O	O	O	O	B-GPE	I-GPE	O
</negative>
<negative>
1938	_	Victor	Bergeron	opens	the	first	Trader	Vic	's	restaurant	in	Oakland	,	Calif	.
NNP	NNP	NNP	NNP	VBZ	DT	JJ	NNP	NNP	POS	NN	IN	NNP	,	NNP	.
nn	nn	nn	nsubj	root	det	amod	nn	poss	possessive	dobj	prep	nn	p	pobj	p
4	4	4	5	0	11	11	9	11	9	5	5	15	5	12	5
B-DATE	O	B-PERSON	I-PERSON	O	O	I-LAW	I-LAW	I-LAW	I-LAW	O	O	B-GPE	O	B-GPE	O
</negative>
<negative>
first	Burger	King	opens	in	Miami	.
RB	NNP	NNP	VBZ	IN	NNP	.
advmod	nn	nsubj	root	prep	pobj	p
4	3	4	0	4	5	4
B-ORDINAL	B-ORG	I-ORG	O	O	B-GPE	O
</negative>
<negative>
The	Four	Seasons	restaurant	opens	in	New	York	.
DT	NNP	NNPS	NN	VBZ	IN	NNP	NNP	.
det	nn	nn	nsubj	root	prep	nn	pobj	p
4	4	4	5	0	5	8	6	5
O	B-CARDINAL	O	O	O	O	B-GPE	I-GPE	O
</negative>
<negative>
1971	_	Alice	Waters	opens	Chez	Panisse	restaurant	in	Berkeley	,	pioneering	California	cuisine	.
NNP	NNP	NNP	NNP	VBZ	NNP	NNP	NN	IN	JJ	,	JJ	NNP	NN	.
nn	nn	nn	nsubj	root	nn	nn	dobj	prep	amod	p	amod	nn	pobj	p
4	4	4	5	0	8	8	5	8	14	5	14	14	9	5
B-DATE	O	B-PERSON	I-PERSON	O	B-ORG	I-ORG	O	O	B-GPE	O	O	B-GPE	O	O
</negative>
<negative>
1979	_	First	Zagat	Restaurant	Survey	appears	in	New	York	.
CD	JJ	NNP	NNP	NNP	NN	VBZ	IN	NNP	NNP	.
num	amod	nn	nn	nn	nsubj	root	prep	nn	pobj	p
6	6	6	6	6	7	0	7	10	8	7
B-DATE	O	B-ORG	I-ORG	I-ORG	I-ORG	O	O	B-GPE	I-GPE	O
</negative>
<negative>
Michael	's	restaurant	opens	in	Santa	Monica	.
NNP	POS	NN	VBZ	IN	NNP	NNP	.
poss	possessive	nsubj	root	prep	nn	pobj	p
3	1	4	0	4	7	5	4
B-PERSON	O	O	O	O	B-GPE	I-GPE	O
</negative>
<negative>
ANKARA	--	The	number	of	Burger	King	fast-food	restaurants	have	reached	100	throughout	Turkey	since	first	was	opened	in	1995	,	reported	the	Anatolia	News	Agency	on	Sunday	.
NNP	:	DT	NN	IN	NNP	NNP	NN	NNS	VBP	VBN	CD	IN	NNP	IN	JJ	VBD	VBN	IN	CD	,	VBD	DT	NNP	NNP	NNP	IN	NNP	.
nsubj	p	det	dep	prep	nn	pobj	nn	nsubj	aux	rcmod	dobj	prep	pobj	mark	nsubjpass	auxpass	advcl	prep	pobj	p	root	det	nn	nn	dobj	prep	pobj	p
22	22	4	1	4	7	5	9	11	11	7	11	11	13	18	18	18	11	18	19	22	0	26	26	26	22	26	27	22
O	O	O	O	O	B-ORG	I-ORG	O	O	O	O	B-CARDINAL	O	B-GPE	O	B-ORDINAL	O	O	O	B-DATE	O	O	O	B-ORG	I-ORG	I-ORG	O	B-DATE	O
</negative>
<negative>
Burger	King	General	Director	Alp	Gurdil	told	reporters	in	Istanbul	Sunday	that	they	are	planning	to	open	300	restaurants	all	over	the	country	by	2005	.
NNP	NNP	NNP	NNP	NNP	NNP	VBD	NNS	IN	NNP	NNP	IN	PRP	VBP	VBG	TO	VB	CD	NNS	DT	IN	DT	NN	IN	CD	.
nn	nn	nn	nn	nn	nsubj	root	dobj	prep	pobj	tmod	complm	nsubj	aux	ccomp	aux	xcomp	num	dobj	dep	prep	det	pobj	prep	pobj	p
6	6	6	6	6	7	0	7	7	9	7	15	15	15	7	17	15	19	17	21	17	23	21	23	24	7
B-ORG	I-ORG	O	O	B-PERSON	I-PERSON	O	O	O	B-GPE	B-DATE	O	O	O	O	O	O	B-CARDINAL	O	O	O	O	O	O	B-DATE	O
</negative>
<negative>
Gurdil	said	that	Burger	King	restaurants	in	Turkey	has	the	highest	rate	of	increase	compared	to	those	in	Europe	,	Africa	and	the	Middle	East	.
NNP	VBD	IN	NNP	NNP	NNS	IN	NNP	VBZ	DT	JJS	NN	IN	NN	VBN	TO	DT	IN	NNP	,	NNP	CC	DT	NNP	NNP	.
nsubj	root	complm	nn	nn	nsubj	prep	pobj	ccomp	det	amod	dobj	prep	pobj	prep	pcomp	pobj	prep	pobj	p	conj	cc	det	nn	conj	p
2	0	9	6	6	9	6	7	2	12	12	9	12	13	14	15	16	17	18	2	19	19	25	25	19	2
O	O	O	B-ORG	I-ORG	O	O	B-GPE	O	O	O	O	O	O	O	O	O	O	B-LOC	O	B-LOC	O	B-LOC	I-LOC	I-LOC	O
</negative>
<negative>
He	said	that	the	two	restaurants	,	opened	in	International	Flights	Terminal	at	Istanbul	's	Ataturk	Airport	,	have	are	proved	to	be	a	success	.
PRP	VBD	IN	DT	CD	NNS	,	VBN	IN	NNP	NNP	NNP	IN	NNP	POS	NNP	NNP	,	VBP	VBP	VBN	TO	VB	DT	NN	.
nsubj	root	complm	det	num	nsubjpass	p	partmod	prep	nn	nn	pobj	prep	poss	possessive	nn	pobj	p	aux	auxpass	ccomp	aux	cop	det	xcomp	p
2	0	21	6	6	21	2	6	8	12	12	9	12	17	14	17	13	2	21	21	2	25	25	25	21	2
O	O	O	O	B-CARDINAL	O	O	O	O	B-ORG	I-ORG	I-ORG	O	B-GPE	O	B-FAC	I-FAC	O	O	O	O	O	O	O	O	O
</negative>
</QApairs>
<QApairs id='52.2'>
<question>
Where	was	the	first	Burger	King	restaurant	opened	?
WRB	VBD	DT	JJ	NNP	NNP	NN	VBN	.
advmod	auxpass	det	amod	nn	nn	nsubjpass	root	p
8	8	7	7	7	7	8	0	8
O	O	O	B-ORDINAL	B-ORG	I-ORG	O	O	O
</question>
<positive>
Coke	has	supplied	Burger	King	for	most	of	the	restaurant	chain	's	history	,	starting	with	the	first	Burger	King	that	opened	in	Miami	in	1954	.
NNP	VBZ	VBN	NNP	NNP	IN	JJS	IN	DT	NN	NN	POS	NN	,	VBG	IN	DT	JJ	NNP	NNP	WDT	VBD	IN	NNP	IN	CD	.
nsubj	aux	root	nn	dobj	prep	pobj	prep	det	nn	poss	possessive	pobj	p	partmod	prep	det	amod	nn	pobj	nsubj	rcmod	prep	pobj	prep	pobj	p
3	3	0	5	3	5	6	7	11	11	13	11	8	3	3	15	20	20	20	16	22	20	22	23	22	25	3
O	O	O	B-ORG	I-ORG	O	O	O	O	O	O	O	O	O	O	O	O	B-ORDINAL	B-ORG	I-ORG	O	O	O	B-GPE	O	B-DATE	O
Miami
24
</positive>
<positive>
1954	:	The	first	Burger	King	opens	in	Miami	.
CD	:	DT	JJ	NNP	NNP	VBZ	IN	NNP	.
root	p	det	amod	nn	nsubj	dep	prep	pobj	p
0	1	6	6	6	7	1	7	8	1
B-DATE	O	O	B-ORDINAL	B-ORG	I-ORG	O	O	B-GPE	O
Miami
9
</positive>
<negative>
Kroc	opens	his	first	restaurant	in	Des	Plaines	,	Ill	.	,	and	eventually	buys	out	the	McDonalds	.
NNP	VBZ	PRP$	JJ	NN	IN	NNP	NNP	,	NNP	.	,	CC	RB	VBZ	RP	DT	NN	.
nsubj	root	poss	amod	dobj	prep	nn	pobj	p	appos	p	p	cc	advmod	conj	prt	det	dobj	p
2	0	5	5	2	2	8	6	2	8	2	2	2	2	2	15	18	15	2
B-PERSON	O	O	B-ORDINAL	O	O	B-GPE	I-GPE	O	O	O	O	O	O	O	O	O	B-ORG	O
</negative>
</QApairs>
<QApairs id='52.4'>
<question>
What	are	Burger	King	's	gross	sales	today	?
WP	VBP	NNP	NNP	POS	JJ	NNS	NN	.
attr	root	nn	poss	possessive	amod	nn	nsubj	p
2	0	4	8	4	8	8	2	2
O	O	B-ORG	I-ORG	I-ORG	O	O	B-DATE	O
</question>
<positive>
Miami	-based	Burger	King	Corp	.	contributed	$	1.4	billion	in	sales	to	Diageo	's	$	18.3	billion	.
NNP	JJ	NNP	NNP	NNP	.	VBD	$	CD	CD	IN	NNS	TO	NNP	POS	$	CD	CD	.
nn	amod	nn	nn	nsubj	p	root	dobj	number	number	prep	pobj	prep	pobj	possessive	num	number	number	p
5	5	5	5	7	7	0	7	8	8	7	11	7	13	14	14	16	16	7
B-GPE	O	B-ORG	I-ORG	I-ORG	O	O	B-MONEY	I-MONEY	I-MONEY	O	O	O	B-ORG	O	B-MONEY	I-MONEY	I-MONEY	O
$	1.4	billion
8	9	10
</positive>
<positive>
About	17	percent	,	or	$	1.75	billion	,	of	Burger	King	's	$	10.3	billion	in	sales	last	year	came	from	soft	drinks	,	according	to	Jim	Watkins	,	the	company	's	vice	president	for	marketing	.
RB	CD	NN	,	CC	$	CD	CD	,	IN	NNP	NNP	POS	$	CD	CD	IN	NNS	JJ	NN	VBD	IN	JJ	NNS	,	VBG	TO	NNP	NNP	,	DT	NN	POS	NN	NN	IN	NN	.
advmod	num	nsubj	p	cc	conj	number	number	p	prep	nn	pobj	possessive	num	number	number	prep	pobj	amod	nsubj	root	prep	amod	pobj	p	prep	pcomp	nn	pobj	p	det	poss	possessive	nn	appos	prep	pobj	p
3	3	21	21	3	3	6	6	21	3	12	10	12	12	14	14	12	17	20	21	0	21	24	22	21	21	26	29	27	21	32	35	32	35	29	35	36	21
B-PERCENT	I-PERCENT	I-PERCENT	O	O	B-MONEY	I-MONEY	I-MONEY	O	O	B-ORG	I-ORG	I-ORG	B-MONEY	I-MONEY	I-MONEY	O	O	B-DATE	I-DATE	O	O	O	O	O	O	O	B-PERSON	I-PERSON	O	O	O	O	O	O	O	O	O
$	10.3	billion
14	15	16
</positive>
<negative>
Although	the	process	costs	more	,	says	the	company	with	9	billion	U.S	.	dollars	sales	last	year	,	the	prices	are	not	going	to	rise	as	increased	business	should	cover	the	increased	cost	.
IN	DT	NN	VBZ	JJR	,	VBZ	DT	NN	IN	CD	CD	NNP	.	NNS	NNS	JJ	NN	,	DT	NNS	VBP	RB	VBG	TO	VB	IN	VBN	NN	MD	VB	DT	VBN	NN	.
mark	det	nsubj	advcl	acomp	p	parataxis	det	dobj	prep	number	pobj	nn	p	nsubj	dep	amod	dep	p	det	nsubj	aux	neg	root	aux	xcomp	mark	amod	nsubj	aux	advcl	det	amod	dobj	p
4	3	4	24	4	24	24	9	7	7	12	10	15	24	7	15	18	16	24	21	24	24	24	0	26	24	31	29	31	31	26	34	34	31	24
O	O	O	O	O	O	O	O	O	O	B-CARDINAL	I-CARDINAL	B-GPE	O	O	O	B-DATE	I-DATE	O	O	O	O	O	O	O	O	O	O	O	O	O	O	O	O	O
</negative>
<negative>
Under	pressure	from	restaurant	owners	,	Burger	King	said	Tuesday	it	's	not	for	sale	and	believes	that	most	franchisees	are	confident	about	a	$	500	million	plan	to	help	revitalize	the	brand	.
IN	NN	IN	NN	NNS	,	NNP	NNP	VBD	NNP	PRP	VBZ	RB	IN	NN	CC	VBZ	IN	JJS	NNS	VBP	JJ	IN	DT	$	CD	CD	NN	TO	VB	JJ	DT	NN	.
prep	pobj	prep	nn	pobj	p	nn	nsubj	root	tmod	nsubj	dep	neg	prep	pobj	cc	conj	complm	amod	nsubj	cop	ccomp	prep	det	num	number	number	pobj	aux	infmod	amod	det	dobj	p
9	1	2	5	3	9	8	9	0	9	12	9	12	12	14	12	12	22	20	22	22	17	22	28	28	25	25	23	30	28	33	33	30	9
O	O	O	O	O	O	B-ORG	I-ORG	O	B-DATE	O	O	O	O	O	O	O	O	O	O	O	O	O	O	B-MONEY	I-MONEY	I-MONEY	O	O	O	O	O	O	O
</negative>
<negative>
The	National	Franchisee	Association	Inc	.	,	an	organization	of	Burger	King	franchise	holders	,	said	Monday	it	is	exploring	the	idea	of	spinning	the	company	off	from	British	parent	Diageo	PLC	.
DT	NNP	NNP	NNP	NNP	.	,	DT	NN	IN	NNP	NNP	NN	NNS	,	VBD	NNP	PRP	VBZ	VBG	DT	NN	IN	VBG	DT	NN	RP	IN	JJ	NN	NNP	NNP	.
det	nn	nn	nn	nsubj	p	p	det	appos	prep	nn	nn	nn	pobj	p	root	tmod	nsubj	aux	dep	det	dobj	prep	pcomp	det	dobj	prt	prep	amod	nn	nn	pobj	p
5	5	5	5	16	16	16	9	5	9	14	14	14	10	16	0	16	20	20	16	22	20	22	23	26	24	24	24	32	32	32	28	16
B-ORG	I-ORG	I-ORG	I-ORG	I-ORG	O	O	O	O	O	B-ORG	I-ORG	O	O	O	O	B-DATE	O	O	O	O	O	O	O	O	O	O	O	B-NORP	O	B-ORG	I-ORG	O
</negative>
<negative>
The	group	denied	it	was	seeking	to	buy	Burger	King	,	however	.
DT	NN	VBD	PRP	VBD	VBG	TO	VB	NNP	NNP	,	RB	.
det	nsubj	root	nsubj	aux	ccomp	aux	xcomp	nn	dobj	p	advmod	p
2	3	0	6	6	3	8	6	10	8	3	8	3
O	O	O	O	O	O	O	O	B-ORG	I-ORG	O	O	O
</negative>
<negative>
''	The	franchisee	group	has	not	made	an	offer	to	purchase	Burger	King	Corp	.	from	Diageo	nor	does	it	plan	to	,	''	the	association	said	in	a	release	.
''	DT	NN	NN	VBZ	RB	VBN	DT	NN	TO	VB	NNP	NNP	NNP	.	IN	NNP	CC	VBZ	PRP	VBP	TO	,	''	DT	NN	VBD	IN	DT	NN	.
p	det	nn	nsubj	aux	neg	ccomp	det	dobj	aux	infmod	nn	nn	dobj	p	prep	pobj	cc	conj	nsubj	ccomp	prep	p	p	det	nsubj	root	prep	det	pobj	p
27	4	4	7	7	7	27	9	7	11	9	14	14	11	27	14	16	7	7	21	19	21	27	27	26	27	0	27	30	28	27
O	O	O	O	O	O	O	O	O	O	O	B-ORG	I-ORG	I-ORG	O	O	B-ORG	O	O	O	O	O	O	O	O	O	O	O	O	O	O
</negative>
<negative>
Franchisees	have	complained	of	slim	profit	margins	,	ineffective	marketing	campaigns	and	lack	of	leadership	at	a	time	of	slow	U.S	.	sales	growth	.
NNS	VBP	VBN	IN	JJ	NN	NNS	,	JJ	NN	NNS	CC	NN	IN	NN	IN	DT	NN	IN	NNP	NNP	.	NNS	NN	.
nsubj	aux	root	prep	amod	nn	pobj	p	amod	nn	conj	cc	conj	prep	pobj	prep	det	pobj	prep	nn	nn	p	nn	pobj	p
3	3	0	3	7	7	4	3	11	11	7	7	7	13	14	3	18	16	18	24	24	3	24	19	3
O	O	O	O	O	O	O	O	O	O	O	O	O	O	O	O	O	O	O	O	B-GPE	O	O	O	O
</negative>
<negative>
''	The	problem	is	that	Burger	King	is	only	a	piece	of	what	Diageo	's	doing	,	and	to	the	Burger	King	franchisees	that	's	all	that	they	're	concerned	about	,	''	Eisenharth	said	.
''	DT	NN	VBZ	IN	NNP	NNP	VBZ	RB	DT	NN	IN	WP	NNP	VBZ	VBG	,	CC	TO	DT	NNP	NNP	NNS	WDT	VBZ	RB	IN	PRP	VBP	JJ	IN	,	''	NNP	VBD	.
p	det	nsubj	ccomp	complm	nn	nsubj	cop	advmod	det	ccomp	prep	dobj	nsubj	aux	pcomp	p	cc	conj	det	nn	nn	pobj	nsubj	rcmod	advmod	complm	nsubj	cop	ccomp	dep	p	p	nsubj	root	p
35	3	4	35	11	7	11	11	11	11	4	11	16	16	16	12	35	12	12	23	23	23	19	25	23	25	30	30	30	25	30	35	35	35	0	35
O	O	O	O	O	B-ORG	I-ORG	O	O	O	O	O	O	B-ORG	O	O	O	O	O	O	B-ORG	I-ORG	O	O	O	O	O	O	O	O	O	O	O	B-ORG	O	O
</negative>
<negative>
Burger	King	plans	to	offer	details	of	its	''	transformation	initiatives	''	Wednesday	at	a	franchise	meeting	in	Orlando	,	and	Diageo	plans	to	meet	with	franchise	officials	May	26	.
NNP	NNP	VBZ	TO	VB	NNS	IN	PRP$	''	NN	NNS	''	NNP	IN	DT	NN	NN	IN	NNP	,	CC	NNP	VBZ	TO	VB	IN	NN	NNS	NNP	CD	.
nn	nsubj	root	aux	xcomp	dobj	prep	pobj	p	nn	dep	p	dep	prep	det	nn	pobj	prep	pobj	p	cc	nsubj	conj	aux	xcomp	prep	nn	pobj	tmod	num	p
2	3	0	5	3	5	6	7	3	11	6	3	11	5	17	17	14	17	18	3	3	23	3	25	23	25	28	26	25	29	3
B-ORG	I-ORG	O	O	O	O	O	O	O	O	O	O	B-DATE	O	O	O	O	O	B-GPE	O	O	B-ORG	O	O	O	O	O	O	B-DATE	I-DATE	O
</negative>
<negative>
Burger	King	is	the	world	's	second	-largest	hamburger	chain	,	behind	McDonald	's	Corp	.	,	with	some	10,900	Burger	King	restaurants	worldwide	.
NNP	NNP	VBZ	DT	NN	POS	JJ	JJ	NN	NN	,	IN	NNP	POS	NNP	.	,	IN	DT	CD	NNP	NNP	NNS	NNP	.
nn	nsubj	cop	det	poss	possessive	amod	amod	nn	root	p	prep	poss	possessive	nn	p	p	dep	det	num	nn	nn	pobj	pobj	p
2	10	10	5	10	5	10	10	10	0	10	10	24	13	24	10	10	24	23	23	23	23	18	12	10
B-ORG	I-ORG	O	O	O	O	B-ORDINAL	O	O	O	O	O	B-ORG	I-ORG	I-ORG	O	O	O	O	B-CARDINAL	B-ORG	I-ORG	O	O	O
</negative>
<negative>
Of	Burger	King	's	8,160	U.S	.	restaurants	,	94	percent	of	them	are	franchise-owned	.
IN	NNP	NNP	POS	CD	NNP	.	NNS	,	CD	NN	IN	PRP	VBP	JJ	.
prep	nn	pobj	possessive	num	dep	p	dep	p	num	nsubj	prep	pobj	cop	root	p
15	3	1	3	8	8	15	3	15	11	15	11	12	15	0	15
O	B-ORG	I-ORG	I-ORG	B-CARDINAL	B-GPE	O	O	O	B-PERCENT	I-PERCENT	O	O	O	O	O
</negative>
<negative>
Burger	King	Corp	.	:	http	:	//www	.	burgerking	.	com
NNP	NNP	NNP	.	:	NN	:	JJ	.	JJ	.	JJ
nn	root	dep	p	p	dep	p	amod	p	dep	p	dep
2	0	2	2	2	3	2	10	2	2	2	10
B-ORG	I-ORG	I-ORG	O	O	O	O	O	O	O	O	O
</negative>
<negative>
The	flame	-broiled	concept	will	remain	,	but	customers	can	say	goodbye	to	those	boxy	structures	huddling	in	the	middle	of	the	shopping	mall	or	along	the	interstate	that	have	long	meant	Burger	King	.
DT	NN	JJ	NN	MD	VB	,	CC	NNS	MD	VB	NN	TO	DT	JJ	NNS	VBG	IN	DT	NN	IN	DT	NN	NN	CC	IN	DT	NN	WDT	VBP	RB	VBN	NNP	NNP	.
det	nn	amod	nsubj	aux	root	p	cc	nsubj	aux	conj	dobj	prep	det	amod	pobj	partmod	prep	det	pobj	prep	det	nn	pobj	cc	conj	det	pobj	nsubj	aux	advmod	rcmod	nn	dobj	p
4	4	4	6	6	0	6	6	11	11	6	11	11	16	16	13	16	17	20	18	20	24	24	21	13	13	28	26	32	32	32	28	34	32	6
O	O	O	O	O	O	O	O	O	O	O	O	O	O	O	O	O	O	O	O	O	O	O	O	O	O	O	O	O	O	O	O	B-ORG	I-ORG	O
</negative>
<negative>
It	has	spunkier	lettering	,	and	its	burger	image	has	been	manicured	to	make	its	bun	look	more	like	the	kind	of	bread	used	for	panini	;	a	blue	crescent	swooshes	around	three-quarters	of	the	image	.
PRP	VBZ	NN	NN	,	CC	PRP$	NN	NN	VBZ	VBN	VBN	TO	VB	PRP$	NN	NN	JJR	IN	DT	NN	IN	NN	VBN	IN	NNS	:	DT	JJ	NN	VBZ	IN	NNS	IN	DT	NN	.
nsubj	root	nn	dobj	p	cc	poss	nn	nsubjpass	aux	auxpass	conj	aux	xcomp	poss	nn	dobj	dep	prep	det	pobj	prep	pobj	partmod	prep	pobj	p	det	amod	nsubj	parataxis	prep	pobj	prep	det	pobj	p
2	0	4	2	2	2	9	9	12	12	12	2	14	12	17	17	14	19	14	21	19	21	22	23	24	25	2	30	30	31	2	31	32	33	36	34	2
O	O	O	O	O	O	O	O	O	O	O	O	O	O	O	O	O	O	O	O	O	O	O	O	O	O	O	O	O	O	O	O	O	O	O	O	O
</negative>
<negative>
The	changes	,	regarded	as	among	the	most	extensive	in	the	ultracompetitive	industry	,	were	announced	to	franchisees	Wednesday	in	Reno	,	where	Burger	King	is	having	an	annual	business	meeting	.
DT	NNS	,	VBN	IN	IN	DT	RBS	JJ	IN	DT	JJ	NN	,	VBD	VBN	TO	NNS	NNP	IN	NNP	,	WRB	NNP	NNP	VBZ	VBG	DT	JJ	NN	NN	.
det	nsubjpass	p	partmod	dep	prep	det	advmod	pobj	prep	det	amod	pobj	p	auxpass	root	prep	pobj	dep	prep	pobj	p	advmod	nn	nsubj	aux	rcmod	det	amod	nn	dobj	p
2	16	16	2	6	4	9	9	6	9	13	13	10	16	16	0	16	17	18	18	20	16	27	25	27	27	18	31	31	31	27	16
O	O	O	O	O	O	O	O	O	O	O	O	O	O	O	O	O	O	B-DATE	O	B-GPE	O	O	B-ORG	I-ORG	O	O	O	B-DATE	O	O	O
</negative>
<negative>
While	McDonald	's	Corp	.	reconfigured	its	kitchens	last	year	to	improve	the	way	its	food	tastes	,	the	steps	that	Burger	King	is	taking	are	seen	as	going	well	beyond	that	.
IN	NNP	VBZ	NNP	.	VBD	PRP$	NNS	JJ	NN	TO	VB	DT	NN	PRP$	NN	VBZ	,	DT	NNS	IN	NNP	NNP	VBZ	VBG	VBP	VBN	IN	VBG	RB	IN	DT	.
mark	nsubj	cop	advcl	p	rcmod	poss	dobj	amod	tmod	aux	xcomp	det	dobj	poss	nsubj	rcmod	p	det	nsubjpass	complm	nn	nsubj	aux	dep	auxpass	root	prep	pcomp	advmod	prep	pobj	p
4	4	4	27	27	4	8	6	10	6	12	6	14	12	16	17	14	27	20	27	25	23	25	25	20	27	0	27	28	29	29	31	27
O	B-ORG	I-ORG	I-ORG	O	O	O	O	B-DATE	I-DATE	O	O	O	O	O	O	O	O	O	O	O	B-ORG	I-ORG	O	O	O	O	O	O	O	O	O	O
</negative>
<negative>
The	ultimate	success	is	going	to	depend	on	the	cost	of	the	building	and	the	sales	generated	from	that	building	.	''
DT	JJ	NN	VBZ	VBG	TO	VB	IN	DT	NN	IN	DT	NN	CC	DT	NNS	VBD	IN	DT	NN	.	''
det	amod	nsubj	aux	root	aux	xcomp	prep	det	pobj	prep	det	pobj	cc	det	nsubj	conj	prep	det	pobj	p	p
3	3	5	5	0	7	5	7	10	8	10	13	11	5	16	17	5	17	20	18	5	5
O	O	O	O	O	O	O	O	O	O	O	O	O	O	O	O	O	O	O	O	O	O
</negative>
<negative>
The	average	Burger	King	now	rings	up	about	$	1.1	million	in	sales	a	year	,	the	company	said	.
DT	JJ	NNP	NNP	RB	VBD	RP	RB	$	CD	CD	IN	NNS	DT	NN	,	DT	NN	VBD	.
det	amod	nn	nsubj	advmod	ccomp	prt	quantmod	dobj	number	number	prep	pobj	det	dep	p	det	nsubj	root	p
4	4	4	6	6	19	6	9	6	9	9	6	12	15	13	19	18	19	0	19
O	O	B-ORG	I-ORG	O	O	O	O	B-MONEY	I-MONEY	I-MONEY	O	O	O	O	O	O	O	O	O
</negative>
<negative>
Burger	King	has	been	inching	forward	over	the	last	several	years	and	gaining	market	share	,	company	executives	said	,	and	the	changes	announced	Wednesday	are	supposed	to	continue	that	trend	.
NNP	NNP	VBZ	VBN	VBG	RB	IN	DT	JJ	JJ	NNS	CC	VBG	NN	NN	,	NN	NNS	VBD	,	CC	DT	NNS	VBD	NNP	VBP	VBN	TO	VB	DT	NN	.
nn	nsubj	aux	aux	root	advmod	prep	det	amod	amod	pobj	cc	conj	nn	dobj	p	nn	nsubj	dep	p	cc	det	nsubj	conj	nsubjpass	auxpass	ccomp	aux	xcomp	det	dobj	p
2	5	5	5	0	5	5	11	11	11	7	5	5	15	13	5	18	19	5	5	5	23	24	5	27	27	24	29	27	31	29	5
B-ORG	I-ORG	O	O	O	O	O	B-DATE	I-DATE	I-DATE	I-DATE	O	O	O	O	O	O	O	O	O	O	O	O	O	B-DATE	O	O	O	O	O	O	O
</negative>
<negative>
Among	the	changes	that	customers	demanded	,	he	added	,	were	``	less	stress	at	the	drive-through	,	''	where	about	60	percent	of	Burger	King	's	sales	are	made	.
IN	DT	NNS	IN	NNS	VBD	,	PRP	VBD	,	VBD	``	RBR	JJ	IN	DT	NN	,	''	WRB	RB	CD	NN	IN	NNP	NNP	POS	NNS	VBP	VBN	.
prep	det	pobj	complm	nsubj	dep	p	nsubj	root	p	cop	p	advmod	dep	prep	det	pobj	p	p	advmod	quantmod	num	nsubjpass	prep	nn	poss	possessive	pobj	auxpass	advcl	p
9	3	1	6	6	3	9	9	0	9	14	9	14	9	14	17	15	9	9	30	22	23	30	23	26	28	26	24	30	9	9
O	O	O	O	O	O	O	O	O	O	O	O	O	O	O	O	O	O	O	O	B-PERCENT	I-PERCENT	I-PERCENT	O	B-ORG	I-ORG	I-ORG	O	O	O	O
</negative>
<negative>
The	look	of	many	Burger	King	restaurants	was	also	a	concern	,	he	added	.
DT	NN	IN	JJ	NNP	NNP	NNS	VBD	RB	DT	NN	,	PRP	VBD	.
det	nsubj	prep	amod	nn	nn	pobj	cop	advmod	det	ccomp	p	nsubj	root	p
2	11	2	7	7	7	3	11	11	11	14	14	14	0	14
O	O	O	O	B-ORG	I-ORG	O	O	O	O	O	O	O	O	O
</negative>
<negative>
Also	Wednesday	,	Burger	King	said	it	had	signed	a	new	10-year	contract	with	Coca-Cola	Co	.	to	provide	soft-drink	fountain	service	at	its	restaurants	.
RB	NNP	,	NNP	NNP	VBD	PRP	VBD	VBN	DT	JJ	JJ	NN	IN	NNP	NNP	.	TO	VB	JJ	NN	NN	IN	PRP$	NNS	.
advmod	tmod	p	nn	nsubj	root	nsubj	aux	ccomp	det	amod	amod	dobj	prep	nn	pobj	p	aux	xcomp	amod	nn	dobj	prep	poss	pobj	p
6	6	6	5	6	0	9	9	6	13	13	13	9	9	16	14	6	19	9	22	22	19	19	25	23	6
O	B-DATE	O	B-ORG	I-ORG	O	O	O	O	O	O	O	O	O	B-ORG	I-ORG	O	O	O	O	O	O	O	O	O	O
</negative>
<negative>
``	We	believe	our	agreement	is	going	to	create	many	,	many	opportunities	for	profitable	growth	for	Coca-Cola	and	for	Burger	King	by	building	their	soft-drink	business	,	''	said	a	Coca-Cola	spokeswoman	,	Polly	Howes	.
``	PRP	VBP	PRP$	NN	VBZ	VBG	TO	VB	JJ	,	JJ	NNS	IN	JJ	NN	IN	NNP	CC	IN	NNP	NNP	IN	VBG	PRP$	NN	NN	,	''	VBD	DT	NNP	NN	,	NNP	NNP	.
p	nsubj	ccomp	poss	nsubj	aux	ccomp	aux	xcomp	amod	p	amod	dobj	prep	amod	pobj	prep	pobj	cc	conj	nn	pobj	prep	pcomp	poss	nn	dobj	p	p	root	det	nn	nsubj	p	nn	appos	p
30	3	30	5	7	7	3	9	7	13	30	13	9	13	16	14	16	17	14	14	22	20	9	23	27	27	24	30	30	0	33	33	30	30	36	33	30
O	O	O	O	O	O	O	O	O	O	O	O	O	O	O	O	O	B-ORG	O	O	B-ORG	I-ORG	O	O	O	O	O	O	O	O	O	B-ORG	O	O	B-PERSON	I-PERSON	O
</negative>
<negative>
Still	,	he	added	,	``	having	a	big	fountain	account	like	Burger	King	provides	a	benefit	over	and	above	the	sale	of	products.	''
RB	,	PRP	VBD	,	``	VBG	DT	JJ	NN	VBP	IN	NNP	NNP	VBZ	DT	NN	IN	CC	IN	DT	NN	IN	NN	''
advmod	p	nsubj	root	p	p	xcomp	det	amod	nsubj	ccomp	mark	nn	nsubj	advcl	det	dobj	prep	cc	conj	det	pobj	prep	pobj	p
4	4	4	0	4	4	4	10	10	11	7	15	14	15	11	17	15	17	18	18	22	18	22	23	4
O	O	O	O	O	O	O	O	O	O	O	O	B-ORG	I-ORG	O	O	O	O	O	O	O	O	O	O	O
</negative>
<negative>
Dr	Pepper/Seven	Up	Co	.	,	a	division	of	Cadbury	Schweppes	,	also	won	a	contract	to	install	one	spigot	serving	Dr	Pepper	in	every	Burger	King	in	the	United	States	.
NNP	NNP	NNP	NNP	.	,	DT	NN	IN	NNP	NNP	,	RB	VBD	DT	NN	TO	VB	CD	NN	VBG	NNP	NNP	IN	DT	NNP	NNP	IN	DT	NNP	NNPS	.
nn	nn	nn	nsubj	p	p	det	appos	prep	nn	pobj	p	advmod	root	det	dobj	aux	infmod	num	dobj	partmod	nn	dobj	prep	det	nn	pobj	prep	det	nn	pobj	p
4	4	4	14	14	14	8	4	8	11	9	14	14	0	16	14	18	16	20	18	20	23	21	23	27	27	24	27	31	31	28	14
O	O	O	O	O	O	O	O	O	B-ORG	I-ORG	O	O	O	O	O	O	O	B-CARDINAL	O	O	O	O	O	O	B-ORG	I-ORG	O	B-GPE	I-GPE	I-GPE	O
</negative>
<negative>
The	new	slivers	of	potato	fried	in	hot	oil	are	thicker	,	crisper	and	stay	hotter	longer	,	or	long	enough	to	survive	the	four	-block	walk	to	the	office	without	going	cold	and	limp	,	Burger	King	claims	.
DT	JJ	NNS	IN	NN	NNS	IN	JJ	NN	VBP	JJR	,	NN	CC	NN	NN	JJR	,	CC	RB	RB	TO	VB	DT	CD	JJ	NN	TO	DT	NN	IN	VBG	NN	CC	NN	,	NNP	NNP	VBZ	.
det	amod	nsubj	prep	nn	pobj	prep	amod	pobj	ccomp	npadvmod	p	conj	cc	nn	conj	advmod	p	cc	advmod	conj	aux	xcomp	det	num	amod	dobj	prep	det	pobj	prep	pcomp	advmod	cc	conj	p	nn	nsubj	root	p
3	3	10	3	6	4	6	9	7	39	17	39	11	11	16	11	10	39	17	21	17	23	10	27	27	27	23	27	30	28	23	31	32	33	33	39	38	39	0	39
O	O	O	O	O	O	O	O	O	O	O	O	O	O	O	O	O	O	O	O	O	O	O	O	B-CARDINAL	O	O	O	O	O	O	O	O	O	O	O	B-ORG	I-ORG	O	O
</negative>
<negative>
As	the	largest	chain	of	the	kind	,	in	and	outside	the	United	States	,	McDonald	's	has	21,000	restaurants	in	more	than	100	countries	,	with	a	total	sales	of	31.8	billion	dollars	last	year	.
IN	DT	JJS	NN	IN	DT	NN	,	IN	CC	IN	DT	NNP	NNPS	,	NNP	POS	VBZ	CD	NNS	IN	JJR	IN	CD	NNS	,	IN	DT	JJ	NNS	IN	CD	CD	NNS	JJ	NN	.
prep	det	amod	pobj	prep	det	pobj	p	prep	cc	conj	det	nn	pobj	p	nsubj	possessive	root	num	dobj	prep	mwe	quantmod	num	pobj	p	prep	det	amod	pobj	prep	number	num	pobj	amod	dep	p
18	4	4	1	4	7	5	18	4	9	9	14	14	9	18	18	16	0	20	18	20	23	24	25	21	18	18	30	30	27	30	33	34	31	36	30	18
O	O	O	O	O	O	O	O	O	O	O	B-GPE	I-GPE	I-GPE	O	B-ORG	I-ORG	O	B-CARDINAL	O	O	B-CARDINAL	I-CARDINAL	I-CARDINAL	O	O	O	O	O	O	O	B-MONEY	I-MONEY	I-MONEY	B-DATE	I-DATE	O
</negative>
</QApairs>
<QApairs id='53.1'>
<question>
Who	is	the	CEO	of	the	publishing	company	Conde	Nast	?
WP	VBZ	DT	NN	IN	DT	VBG	NN	NNP	NNP	.
attr	root	det	nsubj	prep	det	amod	nn	nn	pobj	p
2	0	4	2	4	10	10	10	10	5	2
O	O	O	O	O	O	O	O	B-ORG	I-ORG	O
</question>
<positive>
After	all	,	as	Fortune	put	it	recently	,	the	president	and	CEO	of	Conde	Nast	,	Steven	Florio	,	``	turned	a	mildly	profitable	property	into	one	of	the	greatest	money	pits	in	American	magazine	history.	''
IN	DT	,	IN	NNP	VBD	PRP	RB	,	DT	NN	CC	NN	IN	NNP	NNP	,	NNP	NNP	,	``	VBD	DT	RB	JJ	NN	IN	CD	IN	DT	JJS	NN	NNS	IN	JJ	NN	NN	''
prep	pobj	p	mark	nsubj	csubj	dobj	advmod	p	det	dobj	cc	conj	prep	nn	pobj	p	nn	appos	p	p	root	det	advmod	amod	dobj	prep	pobj	prep	det	amod	nn	pobj	prep	amod	nn	pobj	p
22	1	22	6	6	22	6	6	22	11	6	11	11	11	16	14	22	19	16	22	22	0	26	25	26	22	22	27	28	33	33	33	29	33	37	37	34	22
O	O	O	O	O	O	O	O	O	O	O	O	O	O	B-ORG	I-ORG	O	B-PERSON	I-PERSON	O	O	O	O	O	O	O	O	O	O	O	O	O	O	O	B-NORP	O	O	O
Steven	Florio
18	19
</positive>
<negative>
-LRB-	She	will	be	the	chairwoman	and	a	part	owner	of	the	new	company	.	-RRB-
-LRB-	PRP	MD	VB	DT	NN	CC	DT	NN	NN	IN	DT	JJ	NN	.	-RRB-
p	nsubj	aux	cop	det	root	cc	det	nn	conj	prep	det	amod	pobj	p	p
6	6	6	6	6	0	6	10	10	6	10	14	14	11	6	6
O	O	O	O	O	O	O	O	O	O	O	O	O	O	O	O
</negative>
<negative>
It	's	no	surprise	,	then	,	that	Newhouse	has	decided	to	merge	the	magazine	into	his	Conde	Nast	empire	.
PRP	VBZ	DT	NN	,	RB	,	IN	NNP	VBZ	VBN	TO	VB	DT	NN	IN	PRP$	NNP	NNP	NN	.
nsubj	cop	det	root	p	advmod	p	complm	nsubj	aux	ccomp	aux	xcomp	det	dobj	prep	poss	nn	nn	pobj	p
4	4	4	0	4	4	4	11	11	11	4	13	11	15	13	13	20	20	20	16	4
O	O	O	O	O	O	O	O	B-PERSON	O	O	O	O	O	O	O	O	B-ORG	I-ORG	O	O
</negative>
<negative>
Next	year	,	the	The	New	Yorker	's	sinecured	staffers	will	move	into	Conde
JJ	NN	,	DT	NNP	NNP	NNP	POS	JJ	NNS	MD	VB	IN	NNP
amod	nsubj	p	det	nn	nn	poss	possessive	amod	appos	aux	root	prep	pobj
2	12	12	7	7	7	10	7	10	2	12	0	12	13
B-DATE	I-DATE	O	O	O	I-NORP	I-NORP	O	O	O	O	O	O	B-ORG
</negative>
<negative>
Nast	's	new	headquarters	and	will	fight	for	phone	lines	and	desk	space	with	the	rest	of	Si	's	magazines	.
NNP	POS	JJ	NN	CC	MD	VB	IN	NN	NNS	CC	NN	NN	IN	DT	NN	IN	NNP	POS	NNS	.
poss	possessive	amod	nsubj	cc	aux	root	prep	nn	pobj	cc	nn	conj	prep	det	pobj	prep	poss	possessive	pobj	p
4	1	4	7	4	7	0	7	10	8	10	13	10	7	16	14	16	20	18	17	7
O	O	O	O	O	O	O	O	O	O	O	O	O	O	O	O	O	B-PERSON	O	O	O
</negative>
<negative>
NEW	YORK	_	It	was	the	closest	you	could	get	to	a	debutante	party	in	the	mud-slinging	,	ego-bruising	,	advertising-hungry	world	of	magazine	publishing	.
NNP	NNP	VBD	PRP	VBD	DT	JJS	PRP	MD	VB	TO	DT	JJ	NN	IN	DT	JJ	,	JJ	,	JJ	NN	IN	NN	NN	.
nn	nsubj	root	nsubj	cop	det	ccomp	nsubj	aux	rcmod	prep	det	amod	pobj	prep	det	amod	p	amod	p	amod	pobj	prep	nn	pobj	p
2	3	0	7	7	7	3	10	10	7	10	14	14	11	14	22	22	3	22	3	22	15	22	25	23	3
B-GPE	I-GPE	O	O	O	O	O	O	O	O	O	O	O	O	O	O	O	O	O	O	O	O	O	O	O	O
</negative>
<negative>
's	newest	joint	venture	_	who	sat	,	smiles	firmly	in	place	,	at	a	table	behind	Ms	.	Black	,	in	their	first	public	appearance	as	affianced	partners	of	the	Hearst	company	.
VBZ	:	JJ	NN	NNS	WP	VBD	,	VBZ	RB	IN	NN	,	IN	DT	NN	IN	NNP	.	NNP	,	IN	PRP$	JJ	JJ	NN	IN	JJ	NNS	IN	DT	NNP	NN	.
dep	punct	amod	nn	root	nsubj	rcmod	p	dep	advmod	prep	pobj	p	prep	det	pobj	prep	nn	p	pobj	p	dep	poss	amod	amod	pobj	dep	amod	pobj	prep	det	nn	pobj	p
5	5	5	5	0	7	5	5	7	9	9	11	5	7	16	14	16	20	5	17	5	5	26	26	26	22	5	29	27	29	33	33	30	5
O	O	O	O	O	O	O	O	O	O	O	O	O	O	O	O	O	O	O	O	O	O	O	B-ORDINAL	O	O	O	O	O	O	O	B-PRODUCT	O	O
</negative>
<negative>
The	company	's	two	other	joint	ventures	,	Smart	Money	-LRB-	which	is	published	in	conjunction	with	Dow	Jones	&	Co	.
DT	NN	VBZ	CD	JJ	JJ	NNS	,	NNP	NNP	-LRB-	WDT	VBZ	VBN	IN	NN	IN	NNP	NNP	CC	NNP	.
det	nsubj	cop	num	amod	amod	root	p	nn	appos	p	nsubjpass	auxpass	rcmod	prep	pobj	prep	nn	pobj	cc	conj	p
2	7	7	7	7	7	0	7	10	7	7	14	14	10	14	15	14	19	17	19	19	7
O	O	O	B-CARDINAL	O	O	O	O	O	O	O	O	O	O	O	O	O	B-ORG	I-ORG	I-ORG	I-ORG	O
</negative>
<negative>
-RRB-	and	Marie	Claire	-LRB-	with	Marie	Claire	Album	,	a	French	company	-RRB-	are	two	of	the	strongest	titles	in	the	industry	.
NNP	CC	NNP	NNP	-LRB-	IN	NNP	NNP	NNP	,	DT	JJ	NN	-RRB-	VBP	CD	IN	DT	JJS	NNS	IN	DT	NN	.
p	cc	conj	nsubj	p	dep	nn	nn	pobj	p	det	amod	appos	p	cop	root	prep	det	amod	pobj	prep	det	pobj	p
16	1	1	16	16	4	9	9	6	16	13	13	9	16	16	0	16	20	20	17	20	23	21	16
O	O	B-PERSON	I-PERSON	O	O	B-PERSON	I-PERSON	I-PERSON	O	O	B-NORP	O	O	O	B-CARDINAL	O	O	O	O	O	O	O	O
</negative>
<negative>
But	not	all	eyes	will	remain	glued	to	Talk	;	many	will	be	monitoring	Ms	.	Black	's	progress	in	changing	the	company	to	increase	advertising	revenue	.
CC	RB	DT	NNS	MD	VB	VBN	TO	NN	:	DT	MD	VB	VBG	NNP	.	NNP	POS	NN	IN	VBG	DT	NN	TO	VB	NN	NN	.
cc	neg	det	nsubjpass	aux	auxpass	root	prep	pobj	p	nsubj	aux	aux	parataxis	dobj	p	poss	possessive	dep	prep	pcomp	det	dobj	aux	infmod	nn	dobj	p
7	4	4	7	7	7	0	7	8	7	14	14	14	7	14	7	19	17	15	15	20	23	21	25	23	27	25	7
O	O	O	O	O	O	O	O	O	O	O	O	O	O	O	O	O	O	O	O	O	O	O	O	O	O	O	O
</negative>
<negative>
Ms	.	Black	has	changed	the	company	slowly	;	in	three	years	,	she	has	fired	or	reassigned	only	a	handful	of	publishers	and	editors	.
NNP	.	NNP	VBZ	VBN	DT	NN	RB	:	IN	CD	NNS	,	PRP	VBZ	VBN	CC	VBN	RB	DT	NN	IN	NNS	CC	NNS	.
nn	p	nsubj	aux	root	det	npadvmod	advmod	p	prep	num	pobj	p	nsubj	aux	parataxis	cc	conj	advmod	det	dobj	prep	pobj	cc	conj	p
3	5	5	5	0	7	8	5	5	16	12	10	5	16	16	5	16	16	21	21	16	21	22	23	23	5
O	O	O	O	O	O	O	O	O	O	B-DATE	I-DATE	O	O	O	O	O	O	O	O	O	O	O	O	O	O
</negative>
<negative>
She	has	concentrated	on	rehabilitating	the	magazine	company	's	image	among	advertisers	,	who	had	grumbled	loudly	in	1995	when	Hearst	cut	its	magazines	'	guaranteed	circulation	rates	.
PRP	VBZ	VBN	IN	VBG	DT	NN	NN	POS	NN	IN	NNS	,	WP	VBD	VBN	RB	IN	CD	WRB	NNP	VBD	PRP$	NNS	POS	JJ	NN	NNS	.
nsubj	aux	root	prep	pcomp	det	nn	poss	possessive	dobj	prep	pobj	p	nsubj	aux	rcmod	advmod	prep	pobj	advmod	nsubj	advcl	poss	poss	p	amod	nn	dobj	p
3	3	0	3	4	8	8	10	8	5	5	11	3	16	16	12	16	17	18	22	22	16	24	28	3	28	28	22	3
O	O	O	O	O	O	O	O	O	O	O	O	O	O	O	O	O	O	B-DATE	O	B-ORG	O	O	O	O	O	O	O	O
</negative>
<negative>
In	December	_	in	another	advertiser	-oriented	move	_	she	restructured	the	company	's	magazines	into	two	groups	,	in	an	attempt	to	encourage	advertisers	to	buy	pages	in	several	magazines	at	once	,	in	effect	offering	package	deals	.
IN	NNP	NNP	IN	DT	NN	JJ	NN	NN	PRP	VBD	DT	NN	POS	NNS	IN	CD	NNS	,	IN	DT	NN	TO	VB	NNS	TO	VB	NNS	IN	JJ	NNS	IN	RB	,	IN	NN	NN	NN	NNS	.
prep	nn	pobj	prep	det	nn	amod	nn	pobj	nsubj	root	det	poss	possessive	dobj	prep	num	pobj	p	prep	det	pobj	aux	infmod	nsubj	aux	xcomp	dobj	prep	amod	pobj	prep	pobj	p	prep	nn	nn	nn	pobj	p
11	3	1	3	9	9	9	9	4	11	0	13	15	13	11	11	18	16	11	11	22	20	24	22	27	27	24	27	28	31	29	27	32	11	27	39	39	39	35	11
O	B-DATE	O	O	O	O	O	O	O	O	O	O	O	O	O	O	B-CARDINAL	O	O	O	O	O	O	O	O	O	O	O	O	O	O	O	O	O	O	O	O	O	O	O
</negative>
<negative>
Like	her	company	,	Ms	.	Black	is	frill-free	.
IN	PRP$	NN	,	NNP	.	NNP	VBZ	JJ	.
prep	poss	pobj	p	nn	p	nsubj	cop	root	p
9	3	1	9	7	9	9	9	0	9
O	O	O	O	O	O	O	O	O	O
</negative>
<negative>
Hearst	is	a	privately	held	company	,	and	Ms	.	Black	will	not	discuss	numbers	,	even	good	ones	,	choosing	instead	to	highlight	the	successes	of	Smart	Money	and	Cosmopolitan	.
NNP	VBZ	DT	RB	VBN	NN	,	CC	NNP	.	NNP	MD	RB	VB	NNS	,	RB	JJ	NNS	,	VBG	RB	TO	VB	DT	NNS	IN	NNP	NNP	CC	NNP	.
nsubj	cop	det	advmod	amod	root	p	cc	nn	p	nsubj	aux	neg	conj	nsubj	p	advmod	amod	appos	p	dep	advmod	aux	xcomp	det	dobj	prep	nn	pobj	cc	conj	p
6	6	6	5	6	0	6	6	11	6	14	14	14	6	21	6	18	19	15	6	14	21	24	21	26	24	26	29	27	29	29	6
B-ORG	O	O	O	O	O	O	O	O	O	O	O	O	O	O	O	O	O	O	O	O	O	O	O	O	O	O	B-WORK_OF_ART	I-WORK_OF_ART	I-WORK_OF_ART	I-WORK_OF_ART	O
</negative>
<negative>
At	Conde	Nast	,	they	love	to	toss	the	thing	around	.
IN	NNP	NNP	,	PRP	VBP	TO	VB	DT	NN	RB	.
prep	nn	pobj	p	nsubj	root	aux	xcomp	det	dobj	advmod	p
6	3	1	6	6	0	8	6	10	8	8	6
O	B-ORG	I-ORG	O	O	O	O	O	O	O	O	O
</negative>
<negative>
Former	Hearst	editors	say	the	company	's	culture	is	not	directed	toward	creative	tinkering	.
NNP	NNP	NNS	VBP	DT	NN	POS	NN	VBZ	RB	VBN	IN	JJ	NN	.
nn	nn	nsubj	root	det	poss	possessive	nsubjpass	auxpass	neg	ccomp	prep	amod	pobj	p
3	3	4	0	6	8	6	11	11	11	4	11	14	12	4
O	B-ORG	O	O	O	O	O	O	O	O	O	O	O	O	O
</negative>
<negative>
``	At	Conde	Nast	,	editors	are	treated	like	entertainment	impresarios	.
``	IN	NNP	NNP	,	NNS	VBP	VBN	IN	NN	NNS	.
p	prep	nn	pobj	p	nsubjpass	auxpass	root	prep	nn	pobj	p
8	8	4	2	8	8	8	0	8	11	9	8
O	O	B-PERSON	I-PERSON	O	O	O	O	O	O	O	O
</negative>
<negative>
While	the	Talk	deal	is	a	change	of	tactics	for	Hearst	,	it	signals	a	shift	for	the	magazine	industry	in	general	as	more	companies	move	toward	joint	ventures	in	a	publishing	economy	that	feels	increasingly	unsure	.
IN	DT	NN	NN	VBZ	DT	NN	IN	NNS	IN	NNP	,	PRP	VBZ	DT	NN	IN	DT	NN	NN	IN	JJ	IN	JJR	NNS	NN	IN	JJ	NNS	IN	DT	NN	NN	WDT	VBZ	RB	JJ	.
mark	det	nn	nsubj	cop	det	advcl	prep	pobj	prep	pobj	p	nsubj	root	det	dobj	prep	det	nn	pobj	prep	amod	prep	amod	pobj	pobj	prep	amod	pobj	prep	det	nn	pobj	nsubj	rcmod	advmod	acomp	p
7	4	4	7	7	7	14	7	8	9	10	14	14	0	16	14	16	20	20	17	20	26	22	25	23	21	26	29	27	29	33	33	30	35	16	37	35	14
O	O	O	O	O	O	O	O	O	O	B-ORG	O	O	O	O	O	O	O	O	O	O	O	O	O	O	O	O	O	O	O	O	O	O	O	O	O	O	O
</negative>
<negative>
E	.	Daniel	Capell	,	an	authority	on	magazine	circulation	and	the	editor	of	Capell	's	Circulation	Report	,	said	that	joint	ventures	are	very	appealing	,	especially	to	a	company	like	Hearst	.
NNP	.	NNP	NNP	,	DT	NN	IN	NN	NN	CC	DT	NN	IN	NNP	POS	NNP	NNP	,	VBD	IN	JJ	NNS	VBP	RB	JJ	,	RB	TO	DT	NN	IN	NNP	.
nn	p	nn	nsubj	p	det	appos	prep	nn	pobj	cc	det	conj	prep	poss	possessive	nn	pobj	p	root	complm	amod	nsubj	cop	advmod	ccomp	p	advmod	prep	det	pobj	prep	pobj	p
4	20	4	20	20	7	4	7	10	8	7	13	7	13	18	15	18	14	20	0	26	23	26	26	26	20	20	26	26	31	29	31	32	20
O	O	B-PERSON	I-PERSON	O	O	O	O	O	O	O	O	O	O	B-PERSON	O	O	O	O	O	O	O	O	O	O	O	O	O	O	O	O	O	B-ORG	O
</negative>
</QApairs>
<QApairs id='53.2'>
<question>
Where	are	the	company	Conde	Nast	's	headquarters	?
WRB	VBP	DT	NN	NNP	NNP	POS	NN	.
advmod	root	det	nsubj	nn	poss	possessive	attr	p
2	0	4	2	6	8	6	2	2
O	O	O	O	B-ORG	I-ORG	I-ORG	O	O
</question>
<positive>
Other	issues	were	bandied	about	in	the	brand-new	Conde	Nast	headquarters	in	Times	Square	in	Manhattan	.
JJ	NNS	VBD	VBN	IN	IN	DT	JJ	NNP	NNP	NN	IN	NNP	NNP	IN	NNP	.
amod	nsubjpass	auxpass	root	dep	prep	det	amod	nn	nn	pobj	prep	nn	pobj	prep	pobj	p
2	4	4	0	6	4	11	11	11	11	6	11	14	12	14	15	4
O	O	O	O	O	O	O	O	B-ORG	I-ORG	O	O	B-FAC	I-FAC	O	B-GPE	O
Times	Square	#	Manhattan
13	14	#	16
</positive>
<negative>
Three	of	the	company	's	publications	,	Wired	,	Architectural	Digest	and	Bon	Appetit	,	are	based	in	California	but	have	business	offices	at	4	Times	Square	,	Ms	.	Perl	said	.
CD	IN	DT	NN	POS	NNS	,	NNP	,	NNP	NNP	CC	NNP	NNP	,	VBP	VBN	IN	NNP	CC	VBP	NN	NNS	IN	CD	NNP	NNP	,	NNP	.	NNP	VBD	.
nsubjpass	prep	det	poss	possessive	pobj	p	appos	p	nn	conj	cc	nn	conj	p	auxpass	root	prep	pobj	cc	conj	nn	dobj	prep	pobj	nn	nn	p	appos	p	nsubj	rcmod	p
17	1	4	6	4	2	17	1	17	11	8	8	14	8	17	17	0	17	18	17	17	23	21	23	24	31	31	17	31	17	32	23	17
B-CARDINAL	O	O	O	O	O	O	O	O	O	O	O	B-PERSON	I-PERSON	O	O	O	O	B-GPE	O	O	O	O	O	B-CARDINAL	B-FAC	I-FAC	O	O	O	O	O	O
</negative>
<negative>
NEW	YORK	_	With	the	coordination	of	an	invading	army	,	Conde	Nast	has	begun	moving	its	glossy	fashion	magazines	into	a	new	home	at	4	Times	Square	,	the	first	skyscraper	built	in	New	York	City	since	1992	.
NNP	NNP	VBD	IN	DT	NN	IN	DT	JJ	NN	,	NNP	NNP	VBZ	VBN	VBG	PRP$	JJ	NN	NNS	IN	DT	JJ	NN	IN	CD	NNP	NNP	,	DT	JJ	NN	VBN	IN	NNP	NNP	NNP	IN	CD	.
nn	nsubj	root	prep	det	pobj	prep	det	amod	pobj	p	nn	nsubj	aux	ccomp	xcomp	poss	amod	nn	dobj	prep	det	amod	pobj	prep	num	nn	pobj	p	det	amod	appos	partmod	prep	nn	nn	pobj	prep	pobj	p
2	3	0	15	6	4	6	10	10	7	3	13	15	15	3	15	20	20	20	16	16	24	24	21	16	28	28	25	3	32	32	28	32	33	37	37	34	37	38	3
B-GPE	I-GPE	O	O	O	O	O	O	O	O	O	B-PERSON	I-PERSON	O	O	O	O	O	O	O	O	O	O	O	O	B-CARDINAL	B-FAC	I-FAC	O	O	B-ORDINAL	O	O	O	B-GPE	I-GPE	I-GPE	O	B-DATE	O
</negative>
<negative>
Since	Conde	Nast	signed	a	deal	for	the	building	nearly	three	years	ago	,	Times	Square	has	become	one	of	the	most	sought-after	commercial	neighborhoods	in	the	city	.
IN	NNP	NNP	VBD	DT	NN	IN	DT	NN	RB	CD	NNS	RB	,	NNP	NNP	VBZ	VBN	CD	IN	DT	JJS	JJ	JJ	NNS	IN	DT	NN	.
mark	nn	nsubj	advcl	det	dobj	prep	det	pobj	advmod	num	npadvmod	advmod	p	nn	nsubj	aux	cop	root	prep	det	amod	amod	amod	pobj	prep	det	pobj	p
4	3	4	19	6	4	4	9	7	12	12	13	9	19	16	19	19	19	0	19	25	25	25	25	20	25	28	26	19
O	B-ORG	I-ORG	O	O	O	O	O	O	O	B-DATE	I-DATE	I-DATE	O	B-FAC	I-FAC	O	O	O	O	O	O	O	O	O	O	O	O	O
</negative>
<negative>
Reuters	recently	started	work	on	its	new	headquarters	across	from	4	Times	Square	,	and	Ernst	&	Young	,	the	accounting	firm	,	is	close	to	a	deal	to	build	its	own	tower	nearby	.
NNP	RB	VBD	NN	IN	PRP$	JJ	NN	IN	IN	CD	NNP	NNP	,	CC	NNP	CC	NNP	,	DT	NN	NN	,	VBZ	JJ	TO	DT	NN	TO	VB	PRP$	JJ	NN	RB	.
nsubj	advmod	root	dobj	prep	poss	amod	pobj	dep	prep	pobj	nn	dep	p	cc	nsubj	cc	conj	p	det	nn	appos	p	cop	conj	prep	det	pobj	aux	xcomp	poss	amod	dobj	advmod	p
3	3	0	3	3	8	8	5	10	3	10	13	11	3	3	25	16	16	3	22	22	16	3	25	3	25	28	26	30	25	33	33	30	30	3
B-ORG	O	O	O	O	O	O	O	O	O	B-CARDINAL	B-FAC	I-FAC	O	O	B-ORG	I-ORG	I-ORG	O	O	O	O	O	O	O	O	O	O	O	O	O	O	O	O	O
</negative>
<negative>
Conde	Nast	will	be	moving	from	its	old-money	environs	on	the	East	Side	,	within	easy	reach	of	Brooks	Brothers	,	Paul	Stuart	and	Patroon	,	to	the	hurly-burly	of	Times	Square	.
NNP	NNP	MD	VB	VBG	IN	PRP$	JJ	NNS	IN	DT	NNP	NNP	,	IN	JJ	NN	IN	NNP	NNPS	,	NNP	NNP	CC	NNP	,	TO	DT	NN	IN	NNP	NNP	.
nn	nsubj	aux	aux	root	prep	poss	amod	pobj	prep	det	nn	pobj	p	prep	amod	pobj	prep	nn	pobj	p	nn	conj	cc	conj	p	prep	det	pobj	prep	nn	pobj	p
2	5	5	5	0	5	9	9	6	5	13	13	10	5	27	17	15	17	20	18	5	23	20	20	20	5	10	29	27	29	32	30	5
B-PERSON	I-PERSON	O	O	O	O	O	O	O	O	O	I-NORP	I-NORP	O	O	O	O	O	B-ORG	I-ORG	O	B-PERSON	I-PERSON	O	B-ORG	O	O	O	O	O	B-FAC	I-FAC	O
</negative>
<negative>
It	was	Douglas	Durst	,	the	developer	of	4	Times	Square	,	who	persuaded	Conde	Nast	to	make	the	move	.
PRP	VBD	NNP	NNP	,	DT	NN	IN	CD	NNP	NNP	,	WP	VBD	NNP	NNP	TO	VB	DT	NN	.
nsubj	cop	nn	root	p	det	appos	prep	num	nn	pobj	p	nsubj	rcmod	nn	nsubj	aux	xcomp	det	dobj	p
4	4	4	0	4	7	4	7	11	11	8	4	14	11	16	18	18	14	20	18	4
O	O	B-PERSON	I-PERSON	O	O	O	O	B-CARDINAL	B-FAC	I-FAC	O	O	O	B-ORG	I-ORG	O	O	O	O	O
</negative>
<negative>
Truman	,	the	editorial	director	,	said	Conde	Nast	had	a	choice	of	either	leaving	its	longtime	home	on	Madison	Avenue	for	a	year	while	the	space	there	was	renovated	,	or	moving	permanently	to	a	new	building	.
NNP	,	DT	JJ	NN	,	VBD	NNP	NNP	VBD	DT	NN	IN	CC	VBG	PRP$	JJ	NN	IN	NNP	NNP	IN	DT	NN	IN	DT	NN	RB	VBD	VBN	,	CC	VBG	RB	TO	DT	JJ	NN	.
nsubj	p	det	amod	appos	p	root	nn	nsubj	ccomp	det	dobj	prep	preconj	pcomp	poss	amod	dobj	prep	nn	pobj	prep	det	pobj	mark	det	nsubjpass	advmod	auxpass	advcl	p	cc	conj	advmod	prep	det	amod	pobj	p
7	7	5	5	1	7	0	9	10	7	12	10	12	15	13	18	18	15	15	21	19	21	24	22	30	27	30	30	30	15	7	15	15	33	33	38	38	35	7
B-PERSON	O	O	O	O	O	O	B-PERSON	I-PERSON	O	O	O	O	O	O	O	O	O	O	B-FAC	I-FAC	O	O	O	O	O	O	O	O	O	O	O	O	O	O	O	O	O	O
</negative>
<negative>
Drew	Schutte	,	who	's	been	with	the	magazine	since	1994	,	ascended	to	the	publisher	's	post	but	is	based	in	New	York	,	home	of	Wired	parent	Conde	Nast	.
NNP	NNP	,	WP	VBZ	VBN	IN	DT	NN	IN	CD	,	VBD	TO	DT	NN	POS	NN	CC	VBZ	VBN	IN	NNP	NNP	,	NN	IN	NNP	NN	NNP	NNP	.
nn	nsubj	p	nsubjpass	auxpass	rcmod	prep	det	pobj	prep	pobj	p	root	prep	det	poss	possessive	pobj	cc	auxpass	conj	prep	nn	pobj	p	appos	prep	nn	nn	nn	pobj	p
2	13	13	6	6	2	6	9	7	6	10	13	0	13	16	18	16	14	13	21	13	21	24	22	13	24	26	31	31	31	27	13
B-PERSON	I-PERSON	O	O	O	O	O	O	O	O	B-DATE	O	O	O	O	O	O	O	O	O	O	O	B-GPE	I-GPE	O	O	O	O	O	B-PERSON	I-PERSON	O
</negative>
<negative>
``	The	whole	thing	was	to	engage	women	and	get	them	to	take	action	,	''	said	Cara	Deoul	Perl	,	the	vice	president	for	creative	marketing	at	Conde	Nast	in	New	York	,	a	unit	of	Advance	Publications	.
``	DT	JJ	NN	VBD	TO	VB	NNS	CC	VB	PRP	TO	VB	NN	,	''	VBD	NNP	NNP	NNP	,	DT	NN	NN	IN	JJ	NN	IN	NNP	NNP	IN	NNP	NNP	,	DT	NN	IN	NNP	NNPS	.
p	det	amod	nsubj	ccomp	aux	xcomp	dobj	cc	conj	nsubj	aux	xcomp	dobj	p	p	root	nn	nn	nsubj	p	det	nn	appos	prep	amod	pobj	prep	nn	pobj	prep	nn	pobj	p	det	appos	prep	nn	pobj	p
17	4	4	5	17	7	5	7	7	7	13	13	10	13	17	17	0	20	20	17	17	24	24	20	24	27	25	27	30	28	30	33	31	17	36	33	36	39	37	17
O	O	O	O	O	O	O	O	O	O	O	O	O	O	O	O	O	B-PERSON	I-PERSON	I-PERSON	O	O	O	O	O	O	O	O	B-ORG	I-ORG	O	B-GPE	I-GPE	O	O	O	O	B-ORG	I-ORG	O
</negative>
<negative>
``	And	the	company	was	not	madly	for	Adlai	.
``	CC	DT	NN	VBD	RB	JJ	IN	NNP	.
p	cc	det	nsubj	cop	neg	root	prep	pobj	p
7	7	4	7	7	7	0	7	8	7
O	O	O	O	O	O	O	O	B-PERSON	O
</negative>
<negative>
Newhouse	averaged	half	that	figure	,	although	he	pulled	out	all	the	stops	when	it	came	to	the	company	's	cafeteria	,	where	,	executives	said	,	spending	exceeded	$	400	a	square	foot	.
NNP	VBD	PDT	DT	NN	,	IN	PRP	VBD	RP	PDT	DT	NNS	WRB	PRP	VBD	TO	DT	NN	POS	NN	,	WRB	,	NNS	VBD	,	NN	VBD	$	CD	DT	JJ	NN	.
nsubj	ccomp	predet	det	dobj	p	mark	nsubj	advcl	prt	predet	det	dobj	advmod	nsubj	dep	prep	det	poss	possessive	pobj	p	advmod	p	nsubj	advcl	p	nsubj	root	dep	num	det	amod	dobj	p
2	29	5	5	2	29	9	9	2	9	13	13	9	16	16	13	16	19	21	19	17	29	26	29	26	16	29	29	0	29	30	34	34	29	29
B-ORG	O	O	O	O	O	O	O	O	O	O	O	O	O	O	O	O	O	O	O	O	O	O	O	O	O	O	O	O	O	B-MONEY	O	O	O	O
</negative>
<negative>
The	company	chose	to	bring	the	magazines	,	scattered	among	six	buildings	,	into	the	same	tower	.
DT	NN	VBD	TO	VB	DT	NNS	,	VBN	IN	CD	NNS	,	IN	DT	JJ	NN	.
det	nsubj	root	aux	xcomp	det	dobj	p	partmod	prep	num	pobj	p	prep	det	amod	pobj	p
2	3	0	5	3	7	5	3	7	9	12	10	3	5	17	17	14	3
O	O	O	O	O	O	O	O	O	O	B-CARDINAL	O	O	O	O	O	O	O
</negative>
<negative>
Instead	of	giving	all	the	window	space	to	ranking	executives	,	the	company	has	decided	to	let	many	employees	labor	at	metallic	blue	workstations	near	the	windows	.
RB	IN	VBG	PDT	DT	NN	NN	TO	JJ	NNS	,	DT	NN	VBZ	VBN	TO	VB	JJ	NNS	NN	IN	JJ	JJ	NNS	IN	DT	NNS	.
advmod	advcl	pcomp	predet	det	nn	dobj	prep	amod	pobj	p	det	nsubj	aux	root	aux	xcomp	amod	nn	dobj	prep	amod	amod	pobj	prep	det	pobj	p
2	15	2	7	7	7	3	3	10	8	15	13	15	15	0	17	15	20	20	17	17	24	24	21	24	27	25	15
O	O	O	O	O	O	O	O	O	O	O	O	O	O	O	O	O	O	O	O	O	O	O	O	O	O	O	O
</negative>
<negative>
The	company	had	just	been	bought	by	Walt	Disney	Co	.	as	part	of	the	Capital	Cities	acquisition	,	and	Disney	did	not	seem	a	natural	fit	.
DT	NN	VBD	RB	VBN	VBN	IN	NNP	NNP	NNP	.	IN	NN	IN	DT	NNP	NNPS	NN	,	CC	NNP	VBD	RB	VB	DT	JJ	NN	.
det	nsubjpass	aux	advmod	auxpass	root	prep	nn	nn	pobj	p	prep	pobj	prep	det	nn	nn	pobj	p	cc	nsubj	aux	neg	cop	det	amod	conj	p
2	6	6	6	6	0	6	10	10	7	6	10	12	13	18	18	18	14	6	6	27	27	27	27	27	27	6	6
O	O	O	O	O	O	O	B-ORG	I-ORG	I-ORG	O	O	O	O	B-ORG	I-ORG	I-ORG	O	O	O	B-ORG	O	O	O	O	O	O	O
</negative>
<negative>
Kenneth	Cole	,	whose	footwear	and	clothing	company	earned	$	218	million	in	revenue	in	1998	,	said	the	situation	resembled	a	kind	of	monopoly	on	style	.
NNP	NNP	,	WP$	NN	CC	NN	NN	VBD	$	CD	CD	IN	NN	IN	CD	,	VBD	DT	NN	VBD	DT	NN	IN	NN	IN	NN	.
nn	nsubj	p	poss	nsubj	cc	nn	conj	rcmod	dobj	number	number	prep	pobj	prep	pobj	p	root	det	nsubj	cop	det	ccomp	prep	pobj	prep	pobj	p
2	18	18	5	9	5	8	5	2	9	10	10	9	13	9	15	18	0	20	23	23	23	18	23	24	23	26	18
B-PERSON	I-PERSON	O	O	O	O	O	O	O	B-MONEY	I-MONEY	I-MONEY	O	O	O	B-DATE	O	O	O	O	O	O	O	O	O	O	O	O
</negative>
<negative>
Advertisers	such	as	Ralph	Lauren	and	Kenneth	Cole	have	found	it	``	easy	to	add	Wired	to	the	plan	''	of	other	Conde	Nast	buys	,	such	as	Vanity	Fair	,	the	New	Yorker	,	Vogue	and	GQ	.
NNS	JJ	IN	NNP	NNP	CC	NNP	NNP	VBP	VBN	PRP	``	JJ	TO	VB	NNP	TO	DT	NN	''	IN	JJ	NNP	NNP	VBZ	,	JJ	IN	NNP	NNP	,	DT	NNP	NNP	,	NNP	CC	NNP	.
nsubj	mwe	prep	nn	pobj	cc	nn	conj	aux	rcmod	dep	p	dep	aux	xcomp	dobj	prep	det	pobj	p	prep	amod	nn	pobj	root	p	mwe	dep	nn	pobj	p	det	nn	dobj	p	conj	cc	conj	p
25	3	1	5	3	5	8	5	10	1	13	25	10	15	13	15	15	19	17	25	1	24	24	21	0	25	28	25	30	28	25	34	34	25	25	34	34	34	25
O	O	O	B-PERSON	I-PERSON	O	B-PERSON	I-PERSON	O	O	O	O	O	O	O	O	O	O	O	O	O	O	B-PERSON	I-PERSON	O	O	O	O	B-ORG	I-ORG	O	O	I-NORP	I-NORP	O	O	O	B-GPE	O
</negative>
<negative>
He	has	some	other	tricks	up	his	sleeve	as	well	:	In	July	,	Digimarc	,	an	Oregon	company	,	will	give	special	PC	devices	to	25,000	Wired	subscribers	.
PRP	VBZ	DT	JJ	NNS	IN	PRP$	NN	RB	RB	:	IN	NNP	,	NNP	,	DT	NNP	NN	,	MD	VB	JJ	NN	NNS	TO	CD	NNP	NNS	.
nsubj	root	det	amod	dobj	prep	poss	pobj	advmod	advmod	p	prep	pobj	p	nsubj	p	det	nn	appos	p	aux	parataxis	amod	nn	dobj	prep	num	nn	pobj	p
2	0	5	5	2	5	8	6	10	2	2	22	12	2	22	2	19	19	15	2	22	2	25	25	22	22	29	29	26	2
O	O	O	O	O	O	O	O	O	O	O	O	B-DATE	O	B-ORG	O	O	B-GPE	O	O	O	O	O	O	O	O	B-CARDINAL	O	O	O
</negative>
<negative>
In	October	,	a	company	called	Digital	Convergence	will	send	similarly	equipped	laser	``	pens	''	that	link	to	the	PC	to	every	Wired	subscriber	,	so	that	they	can	read	bar	codes	and	launch	Web	sites	.
IN	NNP	,	DT	NN	VBD	NNP	NNP	MD	VB	RB	VBN	NN	``	VB	''	WDT	VBP	TO	DT	NN	TO	DT	NNP	NN	,	CC	IN	PRP	MD	VB	NN	NNS	CC	VB	NNP	NNS	.
prep	pobj	p	det	nsubj	root	nn	nsubj	aux	ccomp	advmod	amod	dobj	p	dep	p	nsubj	ccomp	prep	det	pobj	prep	det	nn	pobj	p	cc	complm	nsubj	aux	conj	nn	dobj	cc	conj	nn	dobj	p
6	1	6	5	6	0	8	10	10	6	12	13	10	6	10	6	18	10	18	21	19	18	25	25	22	6	18	31	31	31	18	33	31	31	31	37	35	6
O	B-DATE	O	O	O	O	B-ORG	I-ORG	O	O	O	O	O	O	O	O	O	O	O	O	O	O	O	O	O	O	O	O	O	O	O	O	O	O	O	O	O	O
</negative>
<negative>
Meanwhile	,	Schutte	's	old	boss	Lyon	is	working	feverishly	to	start	her	new	company	,	One	Ventures	,	which	will	produce	a	magazine	and	Web	site	devoted	to	all	things	design	this	fall	.
RB	,	NNP	POS	JJ	NN	NN	VBZ	VBG	RB	TO	VB	PRP$	JJ	NN	,	CD	NNPS	,	WDT	MD	VB	DT	NN	CC	NN	NN	VBN	TO	DT	NNS	NN	DT	NN	.
advmod	p	poss	possessive	amod	nn	nsubj	aux	root	advmod	aux	xcomp	poss	amod	dobj	p	num	appos	p	nsubj	aux	rcmod	det	nn	cc	conj	dobj	partmod	prep	det	nn	pobj	det	tmod	p
9	9	7	3	7	7	9	9	0	9	12	9	15	15	12	9	18	15	9	22	22	15	27	27	24	24	22	27	28	32	32	29	34	28	9
O	O	B-PERSON	O	O	O	B-PERSON	O	O	O	O	O	O	O	O	O	B-CARDINAL	O	O	O	O	O	O	O	O	O	O	O	O	O	O	O	O	O	O
</negative>
<negative>
Magazine	,	will	be	editor	in	chief	of	the	San	Francisco	company	.
NNP	,	MD	VB	NN	IN	NN	IN	DT	NNP	NNP	NN	.
nsubj	p	aux	cop	root	prep	pobj	prep	det	nn	nn	pobj	p
5	5	5	5	0	5	6	7	12	12	12	8	5
O	O	O	O	O	O	O	O	O	B-GPE	I-GPE	O	O
</negative>
</QApairs>
<QApairs id='54.3'>
<question>
Whom	did	Eileen	Marie	Collins	marry	?
WP	VBD	NNP	NNP	NNP	VB	.
dobj	aux	nn	nn	nsubj	root	p
6	6	5	5	6	0	6
O	O	B-PERSON	I-PERSON	I-PERSON	O	O
</question>
<positive>
Also	in	the	crowd	,	for	the	two	earlier	attempts	and	Friday	morning	's	as	well	,	were	Collins	'	husband	,	Pat	Youngs	,	an	airline	pilot	,	and	their	3-year-old	daughter	,	Bridget	Marie	.
RB	IN	DT	NN	,	IN	DT	CD	JJR	NNS	CC	NNP	NN	VBZ	RB	RB	,	VBD	NNP	POS	NN	,	NNP	NNP	,	DT	NN	NN	,	CC	PRP$	JJ	NN	,	NNP	NNP	.
advmod	prep	det	pobj	p	mark	det	num	amod	nsubj	cc	conj	nsubj	parataxis	advmod	advmod	p	root	poss	p	nsubj	p	nn	appos	p	det	nn	conj	p	cc	poss	amod	conj	p	nn	appos	p
18	18	4	2	18	14	10	10	10	14	10	10	14	18	16	14	18	0	21	18	18	18	24	21	18	28	28	21	18	21	33	33	21	18	36	33	18
O	O	O	O	O	O	O	B-CARDINAL	O	O	O	B-DATE	B-TIME	O	O	O	O	O	B-PERSON	O	O	O	B-PERSON	I-PERSON	O	O	O	O	O	O	O	O	O	O	B-PERSON	I-PERSON	I-PERSON
Pat	Youngs
23	24
</positive>
<negative>
``	It	really	did	n't	matter	to	me	whether	I	was	selected	as	a	pilot	or	a	mission	specialist	,	''	she	said	.
``	PRP	RB	VBD	RB	VB	TO	PRP	IN	PRP	VBD	VBN	IN	DT	NN	CC	DT	NN	NN	,	''	PRP	VBD	.
p	nsubj	advmod	aux	neg	ccomp	prep	pobj	complm	nsubjpass	auxpass	ccomp	prep	det	pobj	cc	det	nn	conj	p	p	nsubj	root	p
23	6	6	6	6	23	6	7	12	12	12	6	12	15	13	15	19	19	15	23	23	23	0	23
O	O	O	O	O	O	O	O	O	O	O	O	O	O	O	O	O	O	O	O	O	O	O	O
</negative>
<negative>
Collins	,	who	lives	with	her	family	in	Houston	,	said	she	would	not	mind	if	everyone	else	viewed	her	achievements	the	way	Bridget	Marie	did	when	the	3-year-old	found	out	that	Mom	would	be	commanding	a	shuttle	mission	.
NNP	,	WP	VBZ	IN	PRP$	NN	IN	NNP	,	VBD	PRP	MD	RB	VB	IN	NN	RB	VBD	PRP$	NNS	DT	NN	NNP	NNP	VBD	WRB	DT	NN	VBD	RP	IN	NN	MD	VB	VBG	DT	NN	NN	.
nsubj	p	nsubj	rcmod	prep	poss	pobj	prep	pobj	p	root	nsubj	aux	neg	ccomp	mark	nsubj	advmod	advcl	poss	dobj	det	dep	nn	nsubj	rcmod	advmod	det	nsubj	advcl	prt	complm	nsubj	aux	cop	amod	det	nn	ccomp	p
11	11	4	1	4	7	5	7	8	11	0	15	15	15	11	19	19	17	15	21	19	23	21	25	26	21	30	29	30	26	30	39	39	39	39	39	39	39	30	11
B-PERSON	O	O	O	O	O	O	O	B-GPE	O	O	O	O	O	O	O	O	O	O	O	O	O	O	B-PERSON	I-PERSON	O	O	O	O	O	O	O	O	O	O	O	O	O	O	O
</negative>
</QApairs>
<QApairs id='54.5'>
<question>
Where	does	Eileen	Marie	Collins	live	?
WRB	VBZ	NNP	NNP	NNP	VB	.
advmod	aux	nn	nn	nsubj	root	p
6	6	5	5	6	0	6
O	O	B-PERSON	I-PERSON	I-PERSON	O	O
</question>
<positive>
Collins	,	who	lives	with	her	family	in	Houston	,	said	she	would	not	mind	if	everyone	else	viewed	her	achievements	the	way	Bridget	Marie	did	when	the	3-year-old	found	out	that	Mom	would	be	commanding	a	shuttle	mission	.
NNP	,	WP	VBZ	IN	PRP$	NN	IN	NNP	,	VBD	PRP	MD	RB	VB	IN	NN	RB	VBD	PRP$	NNS	DT	NN	NNP	NNP	VBD	WRB	DT	NN	VBD	RP	IN	NN	MD	VB	VBG	DT	NN	NN	.
nsubj	p	nsubj	rcmod	prep	poss	pobj	prep	pobj	p	root	nsubj	aux	neg	ccomp	mark	nsubj	advmod	advcl	poss	dobj	det	dep	nn	nsubj	rcmod	advmod	det	nsubj	advcl	prt	complm	nsubj	aux	cop	amod	det	nn	ccomp	p
11	11	4	1	4	7	5	7	8	11	0	15	15	15	11	19	19	17	15	21	19	23	21	25	26	21	30	29	30	26	30	39	39	39	39	39	39	39	30	11
B-PERSON	O	O	O	O	O	O	O	B-GPE	O	O	O	O	O	O	O	O	O	O	O	O	O	O	B-PERSON	I-PERSON	O	O	O	O	O	O	O	O	O	O	O	O	O	O	O
Houston
9
</positive>
</QApairs>
<QApairs id='54.7'>
<question>
What	is	Eileen	Marie	Collins	'	occupation	?
WP	VBZ	NNP	NNP	NNP	POS	NN	.
attr	root	nn	nn	poss	p	nsubj	p
2	0	5	5	7	2	2	2
O	O	B-PERSON	I-PERSON	I-PERSON	O	O	O
</question>
<positive>
The	five	-member	crew	of	the	shuttle	Columbia	that	will	launch	Chandra	is	led	by	veteran	astronaut	Eileen	Collins	,	who	would	become	the	first	woman	of	any	nation	to	command	a	spaceflight	.
DT	CD	NN	NN	IN	DT	NN	NNP	WDT	MD	VB	NNP	VBZ	VBN	IN	NN	NN	NNP	NNP	,	WP	MD	VB	DT	JJ	NN	IN	DT	NN	TO	VB	DT	NN	.
det	num	nn	nsubjpass	prep	det	nn	pobj	nsubj	aux	rcmod	dobj	auxpass	root	prep	nn	nn	nn	pobj	p	nsubj	aux	cop	det	amod	rcmod	prep	det	pobj	aux	infmod	det	dobj	p
4	4	4	14	4	8	8	5	11	11	4	11	14	0	14	19	19	19	15	14	26	26	26	26	26	19	26	29	27	31	29	33	31	14
O	B-CARDINAL	O	O	O	O	O	B-PRODUCT	O	O	O	B-PERSON	O	O	O	O	O	B-PERSON	I-PERSON	O	O	O	O	O	B-ORDINAL	O	O	O	O	O	O	O	O	O
astronaut
17
</positive>
<positive>
Columbia	's	commander	for	the	five-day	mission	is	Eileen	Collins	,	a	veteran	astronaut	and	the	first	woman	to	command	a	space	flight	.
NNP	POS	NN	IN	DT	JJ	NN	VBZ	NNP	NNP	,	DT	JJ	NN	CC	DT	JJ	NN	TO	VB	DT	NN	NN	.
poss	possessive	nsubj	prep	det	amod	pobj	cop	nn	root	p	det	amod	conj	cc	det	amod	conj	aux	xcomp	det	nn	dobj	p
3	1	10	3	7	7	4	10	10	0	10	14	14	10	10	18	18	10	20	10	23	23	20	10
B-ORG	O	O	O	O	O	O	O	B-PERSON	I-PERSON	O	O	O	O	O	O	B-ORDINAL	O	O	O	O	O	O	O
astronaut
14
</positive>
<positive>
Columbia	's	flight	will	also	mark	the	first	command	of	a	space	mission	by	a	woman	,	veteran	astronaut	Eileen	Collins	.
NNP	POS	NN	MD	RB	VB	DT	JJ	NN	IN	DT	NN	NN	IN	DT	NN	,	NN	NN	NNP	NNP	.
poss	possessive	nsubj	aux	advmod	root	det	amod	dobj	prep	det	nn	pobj	prep	det	pobj	p	nn	nn	nn	appos	p
3	1	6	6	6	0	9	9	6	9	13	13	10	6	16	14	6	21	21	21	16	6
B-GPE	O	O	O	O	O	O	B-ORDINAL	O	O	O	O	O	O	O	O	O	O	O	B-PERSON	I-PERSON	O
astronaut
19
</positive>
<positive>
Selected	by	NASA	in	January	1990	,	Collins	became	an	astronaut	in	July	1991	.
VBN	IN	NNP	IN	NNP	CD	,	NNP	VBD	DT	NN	IN	NNP	CD	.
partmod	prep	pobj	prep	pobj	num	p	nsubj	cop	det	root	prep	pobj	num	p
11	1	2	3	4	5	11	11	11	11	0	11	12	13	11
O	O	B-ORG	O	B-DATE	I-DATE	O	B-PERSON	O	O	O	O	B-DATE	I-DATE	O
astronaut
11
</positive>
<negative>
Also	,	is	she	by	any	chance	the	daughter	of	Michael	Collins	,	one	of	the	Apollo	11	astronauts	?
RB	,	VBZ	PRP	RB	DT	NN	DT	NN	IN	NNP	NNP	,	CD	IN	DT	VBG	CD	NNS	.
advmod	p	cop	nsubj	advmod	det	dep	det	root	prep	nn	pobj	p	appos	prep	det	amod	num	pobj	p
9	9	9	9	9	7	9	9	0	9	12	10	9	12	14	19	19	19	15	9
O	O	O	O	O	O	O	O	O	O	B-PERSON	I-PERSON	O	O	O	O	B-ORG	B-CARDINAL	O	O
</negative>
</QApairs>
<QApairs id='54.8'>
<question>
What	branch	of	the	service	did	Eileen	Marie	Collins	serve	in	?
WDT	NN	IN	DT	NN	VBD	NNP	NNP	NNP	VB	RP	.
det	dep	prep	det	pobj	aux	nn	nn	nsubj	root	prt	p
2	10	2	5	3	10	9	9	10	0	10	10
O	O	O	O	O	O	B-PERSON	I-PERSON	I-PERSON	O	O	O
</question>
<positive>
The	first	woman	to	command	a	space	shuttle	mission	,	Air	Force	Col	.	Eileen	Collins	,	sees	her	flight	next	month	as	``	a	great	challenge	''	in	more	ways	than	one	.
DT	JJ	NN	TO	VB	DT	NN	NN	NN	,	NNP	NNP	NNP	.	NNP	NNP	,	VBZ	PRP$	NN	JJ	NN	IN	``	DT	JJ	NN	''	IN	JJR	NNS	IN	CD	.
det	amod	nsubj	aux	infmod	det	nn	nn	dobj	p	nn	nn	appos	p	nn	dep	p	root	poss	dobj	amod	tmod	prep	p	det	amod	pobj	p	prep	amod	pobj	prep	pobj	p
3	3	18	5	3	9	9	9	5	18	13	13	3	18	16	13	18	0	20	18	22	18	18	18	27	27	23	18	27	31	29	31	32	18
O	B-ORDINAL	O	O	O	O	O	O	O	O	B-ORG	I-ORG	O	O	B-PERSON	I-PERSON	O	O	O	O	B-DATE	I-DATE	O	O	O	O	O	O	O	O	O	O	O	O
Air	Force
11	12
</positive>
<positive>
Eileen	Collins	,	USAF	Col	.	,	commander
NNP	NNP	,	NNP	NNP	.	,	NN
nn	nn	p	appos	root	p	p	appos
5	5	5	5	0	5	5	5
B-PERSON	I-PERSON	O	B-ORG	O	O	O	O
USAF
4
</positive>
<positive>
Collins	_	a	wife	,	a	mother	and	a	decorated	Air	Force	pilot	_	says	it	has	taken	too	long	.
NNP	VBD	DT	NN	,	DT	NN	CC	DT	NNP	NNP	NNP	NN	NN	VBZ	PRP	VBZ	VBN	RB	RB	.
nsubj	root	det	nsubj	p	det	conj	cc	det	nn	nn	nn	nn	conj	ccomp	nsubj	aux	ccomp	advmod	advmod	p
2	0	4	15	2	7	4	4	14	14	14	14	14	4	2	18	18	15	20	18	2
B-PERSON	O	O	O	O	O	O	O	O	O	B-ORG	I-ORG	O	O	O	O	O	O	O	O	O
Air	Force
11	12
</positive>
<positive>
A	:	Air	Force	Col	.	Eileen	Marie	Collins	,	the	first	woman	assigned	by	NASA	as	a	space	shuttle	commander	,	is	not	related	to	Michael	Collins	.
NNP	:	NNP	NNP	NNP	.	NNP	NNP	NNP	,	DT	JJ	NN	VBN	IN	NNP	IN	DT	NN	NN	NN	,	VBZ	RB	VBN	TO	NNP	NNP	.
root	p	nn	nn	dep	p	nn	nn	nsubjpass	p	det	amod	appos	partmod	prep	pobj	prep	det	nn	nn	pobj	p	auxpass	neg	rcmod	prep	nn	pobj	p
0	1	5	5	1	1	9	9	25	1	13	13	9	13	14	15	14	21	21	21	17	1	25	25	5	25	28	26	1
O	O	B-ORG	I-ORG	O	O	B-PERSON	I-PERSON	I-PERSON	O	O	B-ORDINAL	O	O	O	B-ORG	O	O	O	O	O	O	O	O	O	O	B-PERSON	I-PERSON	O
Air	Force
3	4
</positive>
<positive>
Shuttle	commander	Eileen	Collins	,	a	working	mother	and	Air	Force	colonel	,	was	set	to	make	history	as	the	first	woman	to	command	a	space	mission	.
NNP	NN	NNP	NNP	,	DT	VBG	NN	CC	NNP	NNP	NNP	,	VBD	VBN	TO	VB	NN	IN	DT	JJ	NN	TO	VB	DT	NN	NN	.
nn	nn	nn	nsubjpass	p	det	amod	appos	cc	nn	nn	conj	p	auxpass	root	aux	xcomp	dobj	prep	det	amod	pobj	aux	xcomp	det	nn	dobj	p
4	4	4	15	15	8	8	4	8	12	12	8	15	15	0	17	15	17	17	22	22	19	24	17	27	27	24	15
O	O	B-PERSON	I-PERSON	O	O	O	O	O	B-ORG	I-ORG	O	O	O	O	O	O	O	O	O	B-ORDINAL	O	O	O	O	O	O	O
Air	Force
10	11
</positive>
<negative>
By	1944	,	he	was	so	pleased	that	he	urged	armed	service	recognition	for	the	WASP	-LRB-	the	military	did	not	even	pay	for	the	women	's	burials	-RRB-	.
IN	CD	,	PRP	VBD	RB	JJ	IN	PRP	VBD	JJ	NN	NN	IN	DT	NNP	-LRB-	DT	NN	VBD	RB	RB	VB	IN	DT	NNS	POS	NNS	-RRB-	.
prep	pobj	p	nsubj	cop	advmod	root	complm	nsubj	ccomp	amod	nn	dobj	prep	det	pobj	p	det	nsubj	aux	neg	advmod	dep	prep	det	poss	possessive	pobj	p	p
7	1	7	7	7	7	0	10	10	7	13	13	10	13	16	14	7	19	23	23	23	23	16	23	26	28	26	24	7	7
O	B-DATE	O	O	O	O	O	O	O	O	O	O	O	O	O	O	O	O	O	O	O	O	O	O	O	O	O	O	O	O
</negative>
<negative>
But	,	the	authors	write	,	some	male	civilian	pilots	and	veterans	groups	protested	,	and	the	women	did	not	receive	the	same	benefits	accorded	the	WAC	and	WAVES	.
CC	,	DT	NNS	VBP	,	DT	JJ	JJ	NNS	CC	NNS	NNS	VBD	,	CC	DT	NNS	VBD	RB	VB	DT	JJ	NNS	VBN	DT	NNP	CC	NNP	.
cc	p	det	nsubj	parataxis	p	det	amod	amod	conj	cc	nn	conj	root	p	cc	det	nsubj	aux	neg	conj	det	amod	dobj	partmod	det	dobj	cc	conj	p
14	14	4	5	14	14	10	10	10	14	10	13	10	0	14	14	18	21	21	21	14	24	24	21	24	27	25	27	27	14
O	O	O	O	O	O	O	O	O	O	O	O	O	O	O	O	O	O	O	O	O	O	O	O	O	O	B-ORG	O	B-ORG	O
</negative>
<negative>
Congress	did	not	approve	their	veteran	status	until	1977	.
NNP	VBD	RB	VB	PRP$	JJ	NN	IN	CD	.
nsubj	aux	neg	root	poss	amod	dobj	prep	pobj	p
4	4	4	0	7	7	4	4	8	4
B-ORG	O	O	O	O	O	O	O	B-DATE	O
</negative>
<negative>
For	Use	By	Clients	of	the	New	York	Times	News	Service
IN	NNP	IN	NNS	IN	DT	NNP	NNP	NNP	NNP	NNP
root	dep	prep	pobj	prep	det	nn	nn	pobj	nn	pobj
0	11	2	3	4	9	9	9	5	11	1
O	O	O	O	O	O	I-GPE	I-ORG	I-ORG	I-ORG	I-ORG
</negative>
<negative>
``	I	think	this	will	serve	as	an	inspiration	to	young	people	,	particularly	young	women	,	to	pursue	careers	in	aviation	and	aerospace.	''
``	PRP	VBP	DT	MD	VB	IN	DT	NN	TO	JJ	NNS	,	RB	JJ	NNS	,	TO	VB	NNS	IN	NN	CC	NN	''
p	nsubj	root	nsubj	aux	ccomp	prep	det	pobj	prep	amod	pobj	p	advmod	amod	dep	p	aux	xcomp	dobj	prep	pobj	cc	conj	p
3	3	0	6	6	3	6	9	7	6	12	10	3	12	16	12	3	19	6	19	19	21	22	22	3
O	O	O	O	O	O	O	O	O	O	O	O	O	O	O	O	O	O	O	O	O	O	O	O	O
</negative>
<negative>
``	It	really	did	n't	matter	to	me	whether	I	was	selected	as	a	pilot	or	a	mission	specialist	,	''	she	said	.
``	PRP	RB	VBD	RB	VB	TO	PRP	IN	PRP	VBD	VBN	IN	DT	NN	CC	DT	NN	NN	,	''	PRP	VBD	.
p	nsubj	advmod	aux	neg	ccomp	prep	pobj	complm	nsubjpass	auxpass	ccomp	prep	det	pobj	cc	det	nn	conj	p	p	nsubj	root	p
23	6	6	6	6	23	6	7	12	12	12	6	12	15	13	15	19	19	15	23	23	23	0	23
O	O	O	O	O	O	O	O	O	O	O	O	O	O	O	O	O	O	O	O	O	O	O	O
</negative>
<negative>
Collins	,	who	lives	with	her	family	in	Houston	,	said	she	would	not	mind	if	everyone	else	viewed	her	achievements	the	way	Bridget	Marie	did	when	the	3-year-old	found	out	that	Mom	would	be	commanding	a	shuttle	mission	.
NNP	,	WP	VBZ	IN	PRP$	NN	IN	NNP	,	VBD	PRP	MD	RB	VB	IN	NN	RB	VBD	PRP$	NNS	DT	NN	NNP	NNP	VBD	WRB	DT	NN	VBD	RP	IN	NN	MD	VB	VBG	DT	NN	NN	.
nsubj	p	nsubj	rcmod	prep	poss	pobj	prep	pobj	p	root	nsubj	aux	neg	ccomp	mark	nsubj	advmod	advcl	poss	dobj	det	dep	nn	nsubj	rcmod	advmod	det	nsubj	advcl	prt	complm	nsubj	aux	cop	amod	det	nn	ccomp	p
11	11	4	1	4	7	5	7	8	11	0	15	15	15	11	19	19	17	15	21	19	23	21	25	26	21	30	29	30	26	30	39	39	39	39	39	39	39	30	11
B-PERSON	O	O	O	O	O	O	O	B-GPE	O	O	O	O	O	O	O	O	O	O	O	O	O	O	B-PERSON	I-PERSON	O	O	O	O	O	O	O	O	O	O	O	O	O	O	O
</negative>
<negative>
Q	:	Did	former	House	Speaker	Newt	Gingrich	ever	fully	repay	the	$	300,000	he	borrowed	to	pay	his	ethics	fine	?
NNP	:	VBD	JJ	NNP	NNP	NNP	NNP	RB	RB	VB	DT	$	CD	PRP	VBD	TO	VB	PRP$	NNS	JJ	.
root	p	aux	amod	nn	nn	nn	nsubj	advmod	advmod	dep	det	dobj	num	nsubj	rcmod	aux	xcomp	poss	dobj	dep	p
0	1	11	8	8	8	8	11	11	11	1	13	11	13	16	13	18	16	20	18	18	1
O	O	O	O	B-ORG	O	B-PERSON	I-PERSON	O	O	O	O	O	B-MONEY	O	O	O	O	O	O	O	O
</negative>
<negative>
But	he	did	n't	borrow	the	money	after	all	,	even	though	it	was	widely	reported	that	Bob	Dole	had	offered	to	make	such	a	loan	.
CC	PRP	VBD	RB	VB	DT	NN	IN	DT	,	RB	IN	PRP	VBD	RB	VBN	IN	NNP	NNP	VBD	VBN	TO	VB	PDT	DT	NN	.
cc	nsubj	aux	neg	root	det	dobj	prep	pobj	p	advmod	dep	nsubjpass	auxpass	advmod	dep	complm	nn	nsubj	aux	ccomp	aux	xcomp	predet	det	dobj	p
5	5	5	5	0	7	5	5	8	5	16	16	16	16	16	5	21	19	21	21	16	23	21	26	26	23	5
O	O	O	O	O	O	O	O	O	O	O	O	O	O	O	O	O	B-PERSON	I-PERSON	O	O	O	O	O	O	O	O
</negative>
<negative>
It	operates	a	complaint	handling	system	for	consumers	who	experience	air	travel	service	problems	-LRB-	not	to	be	confused	with	concerns	about	airline	safety	or	security	-RRB-	.
PRP	VBZ	DT	NN	NN	NN	IN	NNS	WP	NN	NN	VBP	NN	NNS	-LRB-	RB	TO	VB	VBN	IN	NNS	IN	NN	NN	CC	NN	-RRB-	.
nsubj	root	det	nn	nn	dobj	prep	pobj	dep	nn	nsubj	rcmod	nn	dobj	p	neg	aux	auxpass	dep	prep	pobj	prep	nn	pobj	cc	conj	p	p
2	0	6	6	6	2	6	7	12	11	12	8	14	12	2	19	19	19	12	19	20	21	24	22	24	24	2	2
O	O	O	O	O	O	O	O	O	O	O	O	O	O	O	O	O	O	O	O	O	O	O	O	O	O	O	O
</negative>
<negative>
Initially	assigned	to	Orbiter	engineering	support	,	she	also	has	served	on	the	astronaut	support	team	,	worked	in	Mission	Control	as	a	spacecraft	communicator	,	and	served	as	the	astronaut	office	space	systems	branch	chief	.
RB	VBN	TO	NNP	NN	NN	,	PRP	RB	VBZ	VBN	IN	DT	NN	NN	NN	,	VBN	IN	NNP	NNP	IN	DT	NN	NN	,	CC	VBN	IN	DT	NN	NN	NN	NNS	NN	NN	.
advmod	partmod	prep	nn	nn	pobj	p	nsubj	advmod	aux	root	prep	det	nn	nn	pobj	p	conj	prep	nn	pobj	prep	det	nn	pobj	p	cc	conj	prep	det	nn	nn	nn	nn	pobj	dobj	p
2	11	2	6	6	3	11	11	11	11	0	11	16	16	16	12	11	11	18	21	19	21	25	25	22	11	11	11	28	35	35	35	35	35	29	11	11
O	O	O	O	O	O	O	O	O	O	O	O	O	O	O	O	O	O	O	O	O	O	O	O	O	O	O	O	O	O	O	O	O	O	O	O	O
</negative>
<negative>
But	did	n't	John	F	.	Kennedy	and	Jackie	have	a	fourth	child	,	who	was	stillborn	some	seven	months	before	John	F	.	Kennedy	Jr	.	was	born	?
CC	VBD	RB	NNP	NNP	.	NNP	CC	NNP	VB	DT	JJ	NN	,	WP	VBD	VBN	DT	CD	NNS	IN	NNP	NNP	.	NNP	NNP	.	VBD	VBN	.
cc	aux	advmod	nn	nn	p	nsubj	cc	conj	root	det	amod	dobj	p	nsubjpass	auxpass	rcmod	det	num	tmod	mark	nn	nn	p	nn	nsubjpass	p	auxpass	advcl	p
10	10	7	7	7	10	10	7	7	0	13	13	10	10	17	17	13	20	20	17	29	26	26	10	26	29	10	29	17	10
O	O	O	B-PERSON	I-PERSON	O	B-PERSON	O	B-PERSON	O	O	B-ORDINAL	O	O	O	O	O	O	B-DATE	I-DATE	O	B-PERSON	I-PERSON	O	B-ORG	I-ORG	O	O	O	O
</negative>
<negative>
President	Kennedy	was	eligible	for	burial	in	Arlington	by	his	military	service	in	World	War	II	and	by	his	position	as	the	nation	's	commander	-in-	chief	,	explained	Sgt	.
NNP	NNP	VBD	JJ	IN	NN	IN	NNP	IN	PRP$	JJ	NN	IN	NNP	NNP	NNP	CC	IN	PRP$	NN	IN	DT	NN	POS	NN	NN	NN	,	VBD	NNP	.
nn	nsubj	cop	ccomp	prep	pobj	prep	pobj	prep	poss	amod	pobj	prep	nn	nn	pobj	cc	conj	poss	pobj	prep	det	poss	possessive	nn	nn	pobj	p	root	nsubj	p
2	4	4	29	4	5	6	7	4	12	12	9	12	16	16	13	9	9	20	18	20	23	27	23	27	27	21	29	0	29	29
O	B-PERSON	O	O	O	O	O	B-GPE	O	O	O	O	O	B-EVENT	I-EVENT	I-EVENT	O	O	O	O	O	O	O	O	O	O	O	O	O	O	O
</negative>
</QApairs>
<QApairs id='54.9'>
<question>
What	rank	did	Eileen	Marie	Collins	reach	?
WDT	NN	VBD	NNP	NNP	NNP	VB	.
det	dobj	aux	nn	nn	nsubj	root	p
2	7	7	6	6	7	0	7
O	O	O	B-PERSON	I-PERSON	I-PERSON	O	O
</question>
<positive>
Shuttle	commander	Eileen	Collins	,	a	working	mother	and	Air	Force	colonel	,	was	set	to	make	history	as	the	first	woman	to	command	a	space	mission	.
NNP	NN	NNP	NNP	,	DT	VBG	NN	CC	NNP	NNP	NNP	,	VBD	VBN	TO	VB	NN	IN	DT	JJ	NN	TO	VB	DT	NN	NN	.
nn	nn	nn	nsubjpass	p	det	amod	appos	cc	nn	nn	conj	p	auxpass	root	aux	xcomp	dobj	prep	det	amod	pobj	aux	xcomp	det	nn	dobj	p
4	4	4	15	15	8	8	4	8	12	12	8	15	15	0	17	15	17	17	22	22	19	24	17	27	27	24	15
O	O	B-PERSON	I-PERSON	O	O	O	O	O	B-ORG	I-ORG	O	O	O	O	O	O	O	O	O	B-ORDINAL	O	O	O	O	O	O	O
colonel
12
</positive>
<negative>
It	did	n't	work	.
PRP	VBD	RB	VB	.
nsubj	aux	neg	root	p
4	4	4	0	4
O	O	O	O	O
</negative>
<negative>
Q	:	Did	former	House	Speaker	Newt	Gingrich	ever	fully	repay	the	$	300,000	he	borrowed	to	pay	his	ethics	fine	?
NNP	:	VBD	JJ	NNP	NNP	NNP	NNP	RB	RB	VB	DT	$	CD	PRP	VBD	TO	VB	PRP$	NNS	JJ	.
root	p	aux	amod	nn	nn	nn	nsubj	advmod	advmod	dep	det	dobj	num	nsubj	rcmod	aux	xcomp	poss	dobj	dep	p
0	1	11	8	8	8	8	11	11	11	1	13	11	13	16	13	18	16	20	18	18	1
O	O	O	O	B-ORG	O	B-PERSON	I-PERSON	O	O	O	O	O	B-MONEY	O	O	O	O	O	O	O	O
</negative>
<negative>
But	he	did	n't	borrow	the	money	after	all	,	even	though	it	was	widely	reported	that	Bob	Dole	had	offered	to	make	such	a	loan	.
CC	PRP	VBD	RB	VB	DT	NN	IN	DT	,	RB	IN	PRP	VBD	RB	VBN	IN	NNP	NNP	VBD	VBN	TO	VB	PDT	DT	NN	.
cc	nsubj	aux	neg	root	det	dobj	prep	pobj	p	advmod	dep	nsubjpass	auxpass	advmod	dep	complm	nn	nsubj	aux	ccomp	aux	xcomp	predet	det	dobj	p
5	5	5	5	0	7	5	5	8	5	16	16	16	16	16	5	21	19	21	21	16	23	21	26	26	23	5
O	O	O	O	O	O	O	O	O	O	O	O	O	O	O	O	O	B-PERSON	I-PERSON	O	O	O	O	O	O	O	O
</negative>
<negative>
A	:	Air	Force	Col	.	Eileen	Marie	Collins	,	the	first	woman	assigned	by	NASA	as	a	space	shuttle	commander	,	is	not	related	to	Michael	Collins	.
NNP	:	NNP	NNP	NNP	.	NNP	NNP	NNP	,	DT	JJ	NN	VBN	IN	NNP	IN	DT	NN	NN	NN	,	VBZ	RB	VBN	TO	NNP	NNP	.
root	p	nn	nn	dep	p	nn	nn	nsubjpass	p	det	amod	appos	partmod	prep	pobj	prep	det	nn	nn	pobj	p	auxpass	neg	rcmod	prep	nn	pobj	p
0	1	5	5	1	1	9	9	25	1	13	13	9	13	14	15	14	21	21	21	17	1	25	25	5	25	28	26	1
O	O	B-ORG	I-ORG	O	O	B-PERSON	I-PERSON	I-PERSON	O	O	B-ORDINAL	O	O	O	B-ORG	O	O	O	O	O	O	O	O	O	O	B-PERSON	I-PERSON	O
</negative>
<negative>
But	did	n't	John	F	.	Kennedy	and	Jackie	have	a	fourth	child	,	who	was	stillborn	some	seven	months	before	John	F	.	Kennedy	Jr	.	was	born	?
CC	VBD	RB	NNP	NNP	.	NNP	CC	NNP	VB	DT	JJ	NN	,	WP	VBD	VBN	DT	CD	NNS	IN	NNP	NNP	.	NNP	NNP	.	VBD	VBN	.
cc	aux	advmod	nn	nn	p	nsubj	cc	conj	root	det	amod	dobj	p	nsubjpass	auxpass	rcmod	det	num	tmod	mark	nn	nn	p	nn	nsubjpass	p	auxpass	advcl	p
10	10	7	7	7	10	10	7	7	0	13	13	10	10	17	17	13	20	20	17	29	26	26	10	26	29	10	29	17	10
O	O	O	B-PERSON	I-PERSON	O	B-PERSON	O	B-PERSON	O	O	B-ORDINAL	O	O	O	O	O	O	B-DATE	I-DATE	O	B-PERSON	I-PERSON	O	B-ORG	I-ORG	O	O	O	O
</negative>
</QApairs>
<QApairs id='55.1'>
<question>
Where	was	Walter	Mosley	born	?
WRB	VBD	NNP	NNP	VBN	.
advmod	auxpass	nn	nsubjpass	root	p
5	5	4	5	0	5
O	O	B-PERSON	I-PERSON	O	O
</question>
<positive>
Mosley	,	a	Los	Angeles	native	who	lives	in	Greenwich	Village	,	is	the	author	of	11	books	.
NNP	,	DT	NNP	NNP	NN	WP	VBZ	IN	NNP	NNP	,	VBZ	DT	NN	IN	CD	NNS	.
nsubj	p	det	nn	nn	appos	nsubj	rcmod	prep	nn	pobj	p	cop	det	root	prep	num	pobj	p
15	15	6	6	6	1	8	6	8	11	9	15	15	15	0	15	18	16	15
B-PERSON	O	O	B-GPE	I-GPE	O	O	O	O	B-LOC	I-LOC	O	O	O	O	O	B-CARDINAL	O	O
Los	Angeles
4	5
</positive>
</QApairs>
<QApairs id='56.1'>
<question>
When	was	the	Good	Friday	agreement	made	?
WRB	VBD	DT	NNP	NNP	NN	VBN	.
advmod	auxpass	det	nn	nn	nsubjpass	root	p
7	7	6	6	6	7	0	7
O	O	O	O	B-DATE	O	O	O
</question>
<positive>
Mitchell	,	acting	as	Clinton	's	envoy	,	shepherded	the	warring	factions	in	Northern	Ireland	to	the	political	settlement	known	as	the	Good	Friday	agreement	in	April	1998	.
NNP	,	VBG	IN	NNP	POS	NN	,	VBD	DT	VBG	NNS	IN	NNP	NNP	TO	DT	JJ	NN	VBN	IN	DT	JJ	NNP	NN	IN	NNP	CD	.
nsubj	p	partmod	prep	poss	possessive	pobj	p	root	det	amod	dobj	prep	nn	pobj	prep	det	amod	pobj	partmod	prep	det	amod	nn	pobj	prep	pobj	num	p
9	9	9	3	7	5	4	9	0	12	12	9	9	15	13	9	19	19	16	19	20	25	25	25	21	25	26	27	9
B-PERSON	O	O	O	B-PERSON	O	O	O	O	O	O	O	O	B-GPE	I-GPE	O	O	O	O	O	O	O	O	B-DATE	O	O	B-DATE	I-DATE	O
1998
28
</positive>
<positive>
Mitchell	,	a	former	U.S	.	senator	,	chaired	the	negotiations	that	produced	the	Good	Friday	1998	agreement	on	forming	a	new	Protestant	-	Catholic	government	for	Northern	Ireland	.
NNP	,	DT	JJ	NNP	.	NN	,	VBD	DT	NNS	WDT	VBD	DT	JJ	NNP	CD	NN	IN	VBG	DT	JJ	NN	:	JJ	NN	IN	NNP	NNP	.
nsubj	p	det	amod	dep	p	appos	p	root	det	dobj	nsubj	rcmod	det	amod	tmod	num	dobj	prep	pcomp	det	amod	dobj	p	amod	dep	prep	nn	pobj	p
9	9	7	7	7	9	1	9	0	11	9	13	11	18	18	15	16	13	13	19	23	23	20	9	26	11	26	29	27	9
B-PERSON	O	O	O	B-GPE	O	O	O	O	O	O	O	O	O	O	B-DATE	I-DATE	O	O	O	O	O	B-ORG	I-ORG	I-ORG	O	O	B-GPE	I-GPE	O
1998
17
</positive>
<positive>
Major	will	perhaps	be	best	remembered	for	the	advances	he	made	towards	Northern	Ireland	peace	,	paving	the	way	for	the	Good	Friday	Agreement	of	1998	.
NNP	MD	RB	VB	RBS	VBN	IN	DT	NNS	PRP	VBD	IN	NNP	NNP	NN	,	VBG	DT	NN	IN	DT	NNP	NNP	NNP	IN	CD	.
nsubjpass	aux	advmod	auxpass	advmod	dep	prep	det	pobj	nsubj	root	prep	nn	nn	pobj	p	xcomp	det	dobj	prep	det	nn	nn	pobj	prep	pobj	p
6	6	6	6	6	11	6	9	7	11	0	11	15	15	12	11	11	19	17	17	24	24	24	20	24	25	11
O	O	O	O	O	O	O	O	O	O	O	O	B-GPE	I-GPE	O	O	O	O	O	O	O	B-LAW	I-LAW	I-LAW	O	B-DATE	O
1998
26
</positive>
<positive>
Magee	is	the	277th	prisoner	to	be	given	early	release	under	the	Good	Friday	Agreement	,	a	landmark	deal	signed	by	Northern	Ireland	'	s	feuding	political	groups	in	April	1998	aimed	at	ending	30	years	of	violence	.
NNP	VBZ	DT	JJ	NN	TO	VB	VBN	JJ	NN	IN	DT	NNP	NNP	NNP	,	DT	JJ	NN	VBN	IN	NNP	NNP	''	VBZ	VBG	JJ	NNS	IN	NNP	CD	VBN	IN	VBG	CD	NNS	IN	NN	.
nsubj	cop	det	amod	root	aux	auxpass	infmod	amod	dobj	prep	det	nn	nn	pobj	p	det	amod	dobj	partmod	prep	nn	pobj	p	aux	rcmod	amod	dobj	prep	pobj	num	partmod	prep	pcomp	num	dobj	prep	pobj	p
5	5	5	5	0	8	8	5	10	8	8	15	15	15	11	5	19	19	8	19	20	23	21	5	26	23	28	26	26	29	30	30	32	33	36	34	36	37	5
B-PERSON	O	O	O	O	O	O	O	O	O	O	O	B-LAW	I-LAW	I-LAW	O	O	O	O	O	O	B-GPE	I-GPE	I-GPE	O	O	O	O	O	B-DATE	I-DATE	O	O	O	B-DATE	I-DATE	O	O	O
1998
31
</positive>
<positive>
Mike	Hammer	,	a	spokesman	for	the	National	Security	Council	,	said	they	focused	on	all	aspects	of	implementing	the	Good	Friday	accord	,	the	historical	peace	agreement	signed	by	the	parties	in	1998	.
NNP	NNP	,	DT	NN	IN	DT	NNP	NNP	NNP	,	VBD	PRP	VBD	IN	DT	NNS	IN	VBG	DT	JJ	NNP	NN	,	DT	JJ	NN	NN	VBD	IN	DT	NNS	IN	CD	.
nn	nsubj	p	det	appos	prep	det	nn	nn	pobj	p	ccomp	nsubj	ccomp	prep	det	pobj	prep	pcomp	det	amod	nn	tmod	p	det	amod	nn	nsubj	root	prep	det	pobj	prep	pobj	p
2	12	29	5	2	5	10	10	10	6	29	29	14	12	14	17	15	17	18	23	23	23	19	29	28	28	28	29	0	29	32	30	29	33	29
B-PERSON	I-PERSON	O	O	O	O	B-ORG	I-ORG	I-ORG	I-ORG	O	O	O	O	O	O	O	O	O	O	O	B-DATE	O	O	O	O	O	O	O	O	O	O	O	B-DATE	O
1998
34
</positive>
<positive>
The	April	1998	Good	Friday	peace	Agreement	could	go	into	cold	storage	if	there	is	no	movement	on	the	arms	issue	,	he	added	.
DT	NNP	CD	JJ	NNP	NN	NNS	MD	VB	IN	JJ	NN	IN	EX	VBZ	DT	NN	IN	DT	NNS	NN	,	PRP	VBD	.
det	nn	num	amod	nn	nn	nsubj	aux	ccomp	prep	amod	pobj	mark	expl	advcl	det	nsubj	prep	det	nn	pobj	p	nsubj	root	p
7	7	7	7	7	7	9	9	24	9	12	10	15	15	9	17	15	17	21	21	18	24	24	0	24
O	B-DATE	I-DATE	O	B-DATE	O	O	O	O	O	O	O	O	O	O	O	O	O	O	O	O	O	O	O	O
1998
3
</positive>
<positive>
He	noted	the	British	government	had	``	made	a	commitment	''	in	the	1998	Good	Friday	Agreement	to	demilitarization	.
PRP	VBD	DT	JJ	NN	VBD	``	VBN	DT	NN	''	IN	DT	CD	NNP	NNP	NNP	TO	NN	.
nsubj	root	det	amod	nsubj	aux	p	ccomp	det	dobj	p	prep	det	num	nn	nn	pobj	prep	pobj	p
2	0	5	5	8	8	2	2	10	8	2	10	17	17	17	17	12	8	18	2
O	O	O	B-NORP	O	O	O	O	O	O	O	O	O	B-DATE	B-LAW	I-LAW	I-LAW	O	O	O
1998
14
</positive>
<negative>
That	1998	agreement	stated	that	paramilitary	groups	should	finish	disarming	by	this	May	,	but	it	set	no	date	for	the	process	to	begin	.
DT	CD	NN	VBD	IN	JJ	NNS	MD	VB	VBG	IN	DT	NNP	,	CC	PRP	VBD	DT	NN	IN	DT	NN	TO	VB	.
det	num	nsubj	root	complm	amod	nsubj	aux	ccomp	xcomp	prep	det	pobj	p	cc	nsubj	conj	det	dobj	prep	det	pobj	aux	xcomp	p
3	3	4	0	9	7	9	9	4	9	10	13	11	4	4	17	4	19	17	17	22	20	24	17	4
O	B-DATE	O	O	O	O	O	O	O	O	O	B-DATE	I-DATE	O	O	O	O	O	O	O	O	O	O	O	O
</negative>
<negative>
London	and	Dublin	are	struggling	to	find	ways	of	reviving	the	political	institutions	by	May	22	,	which	the	1998	agreement	set	as	the	date	for	a	completion	of	an	arms	handover	.
NNP	CC	NNP	VBP	VBG	TO	VB	NNS	IN	VBG	DT	JJ	NNS	IN	NNP	CD	,	WDT	DT	CD	NN	VBD	IN	DT	NN	IN	DT	NN	IN	DT	NNS	NN	.
nsubj	cc	conj	aux	root	aux	xcomp	dobj	prep	pcomp	det	amod	dobj	prep	pobj	num	p	dobj	det	num	nsubj	rcmod	prep	det	pobj	prep	det	pobj	prep	det	nn	pobj	p
5	1	1	5	0	7	5	7	8	9	13	13	10	10	14	15	5	22	21	21	22	15	22	25	23	22	28	26	28	32	32	29	5
B-GPE	O	B-GPE	O	O	O	O	O	O	O	O	O	O	O	B-DATE	I-DATE	O	O	O	B-DATE	O	O	O	O	O	O	O	O	O	O	O	O	O
</negative>
<negative>
He	added	:	``	There	is	no	credible	alternative	to	the	Good	Friday	Agreement	.
PRP	VBD	:	``	EX	VBZ	DT	JJ	NN	TO	DT	NNP	NNP	NNP	.
nsubj	root	p	p	expl	ccomp	det	amod	nsubj	prep	det	nn	nn	pobj	p
2	0	2	2	6	2	9	9	6	9	14	14	14	10	2
O	O	O	O	O	O	O	O	O	O	O	B-LAW	I-LAW	I-LAW	O
</negative>
<negative>
In	a	letter	to	the	Huntingdon	Conservative	Association	,	the	56-year-old	Major	said	he	had	made	his	decision	after	''	a	great	deal	of	soul-searching	and	sadness.	''
IN	DT	NN	TO	DT	NNP	NNP	NNP	,	DT	JJ	NNP	VBD	PRP	VBD	VBN	PRP$	NN	IN	''	DT	JJ	NN	IN	NN	CC	NN	''
prep	det	pobj	prep	det	nn	nn	pobj	p	det	amod	nsubj	root	nsubj	aux	ccomp	poss	dobj	prep	p	det	amod	pobj	prep	pobj	cc	conj	p
13	3	1	3	8	8	8	4	13	12	12	13	0	16	16	13	18	16	16	13	23	23	19	23	24	25	25	13
O	O	O	O	O	B-ORG	I-ORG	I-ORG	O	O	O	O	O	O	O	O	O	O	O	O	O	O	O	O	O	O	O	O
</negative>
<negative>
That	agreement	designed	the	local	power-sharing	government	that	gave	the	province	partial	home	rule	briefly	this	winter	.
DT	NN	VBD	DT	JJ	JJ	NN	WDT	VBD	DT	NN	JJ	NN	NN	RB	DT	NN	.
det	nsubj	root	det	amod	amod	dobj	nsubj	rcmod	det	iobj	amod	nn	dobj	advmod	det	tmod	p
2	3	0	7	7	7	3	9	7	11	9	14	14	9	9	17	3	3
O	O	O	O	O	O	O	O	O	O	O	O	O	O	O	O	O	O
</negative>
<negative>
and	for	his	tireless	efforts	and	determination	to	bring	peace	to	Northern	Ireland	which	laid	the	foundations	for	the	Good	Friday	Agreement	,	''	Hague	said	.
CC	IN	PRP$	NNS	NNS	CC	NN	TO	VB	NN	TO	NNP	NNP	WDT	VBD	DT	NNS	IN	DT	NNP	NNP	NNP	,	''	NNP	VBD	.
dep	dep	poss	pobj	nsubj	cc	conj	aux	dep	dobj	prep	nn	pobj	nsubj	rcmod	det	dobj	prep	det	nn	nn	pobj	p	p	nsubj	root	p
2	9	4	2	9	5	5	9	26	9	9	13	11	15	13	17	15	15	22	22	22	18	26	26	26	0	26
O	O	O	O	O	O	O	O	O	O	O	B-GPE	I-GPE	O	O	O	O	O	O	B-LAW	I-LAW	I-LAW	O	O	B-ORG	O	O
</negative>
<negative>
Unionists	refused	to	form	a	power-sharing	government	with	Sinn	Fein	,	called	for	under	the	agreement	,	until	the	IRA	turned	in	its	weapons	.
NNS	VBD	TO	VB	DT	JJ	NN	IN	NNP	NNP	,	VBN	IN	IN	DT	NN	,	IN	DT	NNP	VBD	IN	PRP$	NNS	.
nsubj	root	aux	xcomp	det	amod	dobj	prep	nn	pobj	p	partmod	dep	prep	det	pobj	p	mark	det	nsubj	dep	prep	poss	pobj	p
2	0	4	2	7	7	4	4	10	8	2	10	14	12	16	14	2	21	20	21	16	21	24	22	2
O	O	O	O	O	O	O	O	B-ORG	I-ORG	O	O	O	O	O	O	O	O	O	O	O	O	O	O	O
</negative>
<negative>
``	There	was	an	agreement	,	but	there	was	no	trust	,	''	Mitchell	said	.
``	EX	VBD	DT	NN	,	CC	EX	VBD	DT	NN	,	''	NNP	VBD	.
p	expl	ccomp	det	nsubj	p	cc	expl	conj	det	nsubj	p	p	nsubj	root	p
15	3	15	5	3	15	3	9	3	11	9	15	15	15	0	15
O	O	O	O	O	O	O	O	O	O	O	O	O	B-PERSON	O	O
</negative>
<negative>
British	Prime	Minister	Tony	Blair	and	his	Irish	counterpart	,	Bertie	Ahern	,	had	spent	all	their	political	capital	earlier	that	month	,	setting	deadlines	that	passed	without	agreement	or	sanction	.
NNP	NNP	NNP	NNP	NNP	CC	PRP$	JJ	NN	,	NNP	NNP	,	VBD	VBN	RB	PRP$	JJ	NN	RBR	DT	NN	,	VBG	NNS	WDT	VBN	IN	NN	CC	NN	.
nn	nn	nn	nn	nsubj	cc	poss	amod	conj	p	nn	appos	p	aux	root	advmod	poss	amod	dobj	advmod	det	tmod	p	partmod	dobj	nsubj	rcmod	prep	pobj	cc	conj	p
5	5	5	5	15	5	9	9	5	15	12	5	15	15	0	19	19	19	15	22	22	15	15	15	24	27	25	27	28	29	29	15
B-NORP	O	O	B-PERSON	I-PERSON	O	O	B-NORP	O	O	B-PERSON	I-PERSON	O	O	O	O	O	O	O	O	O	O	O	O	O	O	O	O	O	O	O	O
</negative>
<negative>
Mitchell	had	set	a	deadline	last	year	,	convinced	that	the	parties	would	not	reach	an	agreement	without	one	.
NNP	VBD	VBN	DT	NN	JJ	NN	,	JJ	IN	DT	NNS	MD	RB	VB	DT	NN	IN	CD	.
nsubj	aux	root	det	dobj	amod	tmod	p	dep	complm	det	nsubj	aux	neg	ccomp	det	dobj	prep	pobj	p
3	3	0	5	3	7	3	3	3	15	12	15	15	15	9	17	15	15	18	3
B-PERSON	O	O	O	O	B-DATE	I-DATE	O	O	O	O	O	O	O	O	O	O	O	O	O
</negative>
<negative>
He	barely	made	it	back	in	time	to	deliver	the	eulogy	.
PRP	RB	VBD	PRP	RB	IN	NN	TO	VB	DT	NN	.
nsubj	advmod	root	dobj	advmod	prep	pobj	aux	xcomp	det	dobj	p
3	3	0	3	6	3	6	9	3	11	9	3
O	O	O	O	O	O	O	O	O	O	O	O
</negative>
<negative>
Ahern	said	progress	had	been	made	,	but	did	not	elaborate	.
NNP	VBD	NN	VBD	VBN	VBN	,	CC	VBD	RB	VB	.
nsubj	root	nsubjpass	aux	auxpass	ccomp	p	cc	aux	neg	conj	p
2	0	6	6	6	2	2	2	11	11	2	2
B-PERSON	O	O	O	O	O	O	O	O	O	O	O
</negative>
<negative>
Sinn	Fein	leader	Gerry	Adams	said	Trimble	had	no	right	to	set	deadlines	unilaterally	,	and	accused	the	British	government	of	acting	illegally	by	allowing	Trimble	to	alter	the	terms	of	the	Good	Friday	Agreement	.
NNP	NNP	NN	NNP	NNP	VBD	NNP	VBD	DT	NN	TO	VB	NNS	RB	,	CC	VBD	DT	JJ	NN	IN	VBG	RB	IN	VBG	NNP	TO	VB	DT	NNS	IN	DT	NNP	NNP	NNP	.
nn	nn	nn	nn	nsubj	root	nsubj	ccomp	det	dobj	aux	infmod	dobj	advmod	p	cc	conj	det	amod	dobj	prep	pcomp	advmod	prep	pcomp	nsubj	aux	xcomp	det	dobj	prep	det	nn	nn	pobj	p
5	5	5	5	6	0	8	6	10	8	12	10	12	12	6	8	8	20	20	17	20	21	22	22	24	28	28	25	30	28	30	35	35	35	31	6
B-ORG	I-ORG	O	B-PERSON	I-PERSON	O	B-PERSON	O	O	O	O	O	O	O	O	O	O	O	B-NORP	O	O	O	O	O	O	B-PERSON	O	O	O	O	O	O	B-LAW	I-LAW	I-LAW	O
</negative>
<negative>
``	We	will	continue	to	fight	,	''	Thompson	said	,	``	until	Trimble	and	this	agreement	are	finished.	''
``	PRP	MD	VB	TO	VB	,	''	NNP	VBD	,	``	IN	NNP	CC	DT	NN	VBP	VBN	''
p	nsubj	aux	root	aux	xcomp	p	p	nsubj	parataxis	p	p	mark	nsubjpass	cc	det	conj	auxpass	advcl	p
4	4	4	0	6	4	4	4	10	6	4	4	19	19	14	17	14	19	6	4
O	O	O	O	O	O	O	O	B-PERSON	O	O	O	O	B-PERSON	O	O	O	O	O	O
</negative>
<negative>
But	under	the	terms	of	the	Good	Friday	Agreement	,	Magee	became	eligible	for	early	release	after	serving	only	about	a	third	of	his	sentence	.
CC	IN	DT	NNS	IN	DT	NNP	NNP	NNP	,	NNP	VBD	JJ	IN	JJ	NN	IN	VBG	RB	RB	DT	NN	IN	PRP$	NN	.
cc	prep	det	pobj	prep	det	nn	nn	pobj	p	nsubj	cop	root	prep	amod	pobj	prep	pcomp	quantmod	quantmod	quantmod	dobj	prep	poss	pobj	p
13	13	4	2	4	9	9	9	5	13	13	13	0	13	16	14	13	17	22	22	22	18	22	25	23	13
O	O	O	O	O	O	B-LAW	I-LAW	I-LAW	O	B-PERSON	O	O	O	O	O	O	O	O	O	O	B-ORDINAL	O	O	O	O
</negative>
<negative>
There	was	considerable	progress	made	toward	the	end	of	last	year	.	''
EX	VBD	JJ	NN	VBN	IN	DT	NN	IN	JJ	NN	.	''
expl	root	amod	nsubj	partmod	prep	det	pobj	prep	amod	pobj	p	p
2	0	4	2	4	5	8	6	8	11	9	2	2
O	O	O	O	O	O	O	O	O	B-DATE	I-DATE	O	O
</negative>
<negative>
He	noted	that	the	purpose	of	the	meeting	was	to	have	a	``	strategic	view	of	what	needs	to	be	done	to	bring	about	the	full	implementation	of	all	aspects	of	the	Good	Friday	agreement	.	''
PRP	VBD	IN	DT	NN	IN	DT	NN	VBD	TO	VB	DT	``	JJ	NN	IN	WP	VBZ	TO	VB	VBN	TO	VB	IN	DT	JJ	NN	IN	DT	NNS	IN	DT	NNP	NNP	NN	.	''
nsubj	root	complm	det	nsubj	prep	det	pobj	ccomp	aux	xcomp	det	p	amod	dobj	prep	nsubj	pcomp	aux	auxpass	xcomp	aux	xcomp	prep	det	amod	pobj	prep	det	pobj	prep	det	nn	nn	pobj	p	p
2	0	9	5	9	5	8	6	2	11	9	15	2	15	11	15	18	16	21	21	18	23	21	23	27	27	24	27	30	28	30	35	35	35	31	2	2
O	O	O	O	O	O	O	O	O	O	O	O	O	O	O	O	O	O	O	O	O	O	O	O	O	O	O	O	O	O	O	O	O	B-DATE	O	O	O
</negative>
<negative>
So	let	's	go	forward	empowered	by	the	progress	that	has	made	life	so	much	better	for	people	on	the	Island	of	Ireland	,	''	he	added	.
RB	VB	POS	VB	RB	VBN	IN	DT	NN	WDT	VBZ	VBN	NN	RB	RB	RBR	IN	NNS	IN	DT	NN	IN	NNP	,	''	PRP	VBD	.
advmod	ccomp	nsubj	ccomp	advmod	dep	prep	det	pobj	nsubj	aux	rcmod	dobj	advmod	advmod	advmod	prep	pobj	prep	det	pobj	prep	pobj	p	p	nsubj	root	p
2	27	4	2	6	4	6	9	7	12	12	9	12	15	12	12	12	17	12	21	19	21	22	27	27	27	0	27
O	O	O	O	O	O	O	O	O	O	O	O	O	O	O	O	O	O	O	B-GPE	I-GPE	I-GPE	I-GPE	O	O	O	O	O
</negative>
<negative>
Britain	said	the	Irish	Republican	Army	's	failure	to	give	a	clear	commitment	to	hand	in	arms	in	line	with	the	landmark	Good	Friday	peace	agreement	left	it	with	no	choice	.
NNP	VBD	DT	NNP	NNP	NNP	POS	NN	TO	VB	DT	JJ	NN	TO	NN	IN	NNS	IN	NN	IN	DT	JJ	NNP	NNP	NN	NN	VBD	PRP	IN	DT	NN	.
nsubj	root	det	nn	nn	poss	possessive	nsubj	aux	infmod	det	amod	dobj	prep	pobj	prep	pobj	prep	pobj	prep	det	amod	nn	nn	nn	pobj	ccomp	dobj	prep	det	pobj	p
2	0	6	6	6	8	6	27	10	8	13	13	10	10	14	15	16	17	18	10	26	26	26	26	26	20	2	27	27	31	29	2
B-GPE	O	O	B-ORG	I-ORG	I-ORG	I-ORG	O	O	O	O	O	O	O	O	O	O	O	O	O	O	O	O	B-DATE	O	O	O	O	O	O	O	O
</negative>
<negative>
``	The	Good	Friday	Agreement	is	the	foundation	upon	which	new	relationships	between	unionists	and	nationalists	and	republicans	can	be	forged	,	''	he	said	.
``	DT	NNP	NNP	NNP	VBZ	DT	NN	IN	WDT	JJ	NNS	IN	NNS	CC	NNS	CC	NNS	MD	VB	VBN	,	''	PRP	VBD	.
p	det	nn	nn	nsubj	cop	det	ccomp	prep	dobj	amod	nsubjpass	prep	pobj	cc	conj	cc	conj	aux	auxpass	pcomp	p	p	nsubj	root	p
25	5	5	5	8	8	8	25	8	21	12	21	12	13	14	14	16	16	21	21	9	25	25	25	0	25
O	O	B-LAW	I-LAW	I-LAW	O	O	O	O	O	O	O	O	O	O	O	O	O	O	O	O	O	O	O	O	O
</negative>
</QApairs>
<QApairs id='57.1'>
<question>
What	kind	of	ship	is	the	Liberty	Bell	7	?
WDT	NN	IN	NN	VBZ	DT	NNP	NNP	CD	.
det	attr	prep	pobj	root	det	nn	nsubj	dep	p
2	5	2	3	0	8	8	5	8	5
O	O	O	O	O	B-FAC	I-FAC	I-FAC	I-FAC	O
</question>
<positive>
Newport	plans	to	retrieve	the	recovery	vessel	first	,	then	go	after	Liberty	Bell	7	,	the	only	U.S	.	manned	spacecraft	lost	after	a	successful	mission	.
NNP	VBZ	TO	VB	DT	NN	NN	RB	,	RB	VB	IN	NNP	NNP	CD	,	DT	JJ	NNP	.	NNP	NN	VBD	IN	DT	JJ	NN	.
nsubj	ccomp	aux	xcomp	det	nn	dobj	advmod	p	advmod	dep	prep	nn	pobj	num	p	det	amod	nn	p	nn	nsubj	root	prep	det	amod	pobj	p
2	23	4	2	7	7	4	4	23	4	4	11	14	12	14	23	22	22	22	23	22	23	0	23	27	27	24	23
B-GPE	O	O	O	O	O	O	B-ORDINAL	O	O	O	O	B-ORG	I-ORG	B-CARDINAL	O	O	O	B-GPE	O	O	O	O	O	O	O	O	O
spacecraft
22
</positive>
<positive>
Once	Liberty	Bell	7	was	safely	aboard	ship	,	Newport	rummaged	through	the	spacecraft	,	which	had	a	sulfurous	odor	.
IN	NNP	NNP	CD	VBD	RB	IN	NN	,	NNP	VBD	IN	DT	NN	,	WDT	VBD	DT	JJ	NN	.
mark	nn	nsubj	num	advcl	advmod	prep	pobj	p	nsubj	root	prep	det	pobj	p	nsubj	rcmod	det	amod	dobj	p
5	3	5	3	11	5	5	7	11	11	0	11	14	12	11	17	14	20	20	17	11
O	B-ORG	I-ORG	B-DATE	O	O	O	O	O	B-GPE	O	O	O	O	O	O	O	O	O	O	O
spacecraft
14
</positive>
<positive>
For	the	next	six	months	,	technicians	will	disassemble	,	clean	and	reassemble	Liberty	Bell	7	,	the	Mercury	space	capsule	that	rested	in	the	depths	of	the	Atlantic	Ocean	for	38	years	before	being	recovered	July	20	.
IN	DT	JJ	CD	NNS	,	NNS	MD	VB	,	VB	CC	VB	NNP	NNP	CD	,	DT	NNP	NN	NN	WDT	VBD	IN	DT	NNS	IN	DT	NNP	NNP	IN	CD	NNS	IN	VBG	VBN	NNP	CD	.
prep	det	amod	num	pobj	p	nsubj	aux	root	p	conj	cc	conj	nn	dobj	num	p	det	nn	nn	appos	nsubj	rcmod	prep	det	pobj	prep	det	nn	pobj	prep	num	pobj	prep	auxpass	pcomp	tmod	num	p
9	5	5	5	1	9	9	9	0	9	9	9	9	15	9	15	9	21	21	21	15	23	21	23	26	24	26	30	30	27	23	33	31	23	36	34	36	37	9
O	B-DATE	I-DATE	I-DATE	I-DATE	O	O	O	O	O	O	O	O	B-ORG	I-ORG	B-CARDINAL	O	O	B-ORG	O	O	O	O	O	O	O	O	B-LOC	I-LOC	I-LOC	O	B-DATE	I-DATE	O	O	O	B-DATE	I-DATE	O
space	capsule
20	21
</positive>
<negative>
The	7	1/2-foot	aluminum-and-	titanium	capsule	sank	after	splashdown	on	July	21	,	1961	,	when	its	hatch	blew	open	prematurely	and	the	spacecraft	filled	with	water	.
DT	CD	JJ	NNP	NN	NN	VBD	IN	NN	IN	NNP	CD	,	CD	,	WRB	PRP$	NN	VBD	RP	RB	CC	DT	NN	VBN	IN	NN	.
det	number	amod	nn	nn	nsubj	root	prep	pobj	prep	pobj	num	p	num	p	advmod	poss	nsubj	advcl	prt	advmod	cc	det	nsubj	conj	prep	pobj	p
6	3	6	6	6	7	0	7	8	7	10	11	7	11	7	19	18	19	7	19	19	19	24	25	19	25	26	7
O	B-CARDINAL	O	O	O	O	O	O	O	O	B-DATE	I-DATE	I-DATE	I-DATE	O	O	O	O	O	O	O	O	O	O	O	O	O	O
</negative>
<negative>
A	180-foot	ship	,	the	Needham	Tide	,	headed	for	the	3-mile-	deep	waters	300	miles	southeast	of	Cape	Canaveral	.
DT	JJ	NN	,	DT	NNP	NNP	,	VBN	IN	DT	JJ	JJ	NNS	CD	NNS	NN	IN	NNP	NNP	.
det	amod	nsubj	p	det	nn	appos	p	root	prep	det	amod	amod	dep	num	dep	pobj	prep	nn	pobj	p
3	3	9	9	7	7	3	9	0	9	17	17	14	17	16	14	10	17	20	18	9
O	O	O	O	O	B-PERSON	I-PERSON	O	O	O	O	O	O	O	B-QUANTITY	I-QUANTITY	O	O	B-ORG	I-ORG	O
</negative>
<negative>
The	ship	was	a	day	late	raising	anchor	;	the	crew	needed	time	to	get	a	new	switch	for	a	hydraulic	power	unit	.
DT	NN	VBD	DT	NN	RB	VBG	VB	:	DT	NN	VBD	NN	TO	VB	DT	JJ	NN	IN	DT	JJ	NN	NN	.
det	nsubj	aux	det	npadvmod	advmod	root	ccomp	p	det	nsubj	parataxis	dobj	aux	xcomp	det	amod	dobj	prep	det	amod	nn	pobj	p
2	7	7	5	6	7	0	7	7	11	12	7	12	15	12	18	18	15	18	23	23	23	19	7
O	O	O	O	O	O	O	O	O	O	O	O	O	O	O	O	O	O	O	O	O	O	O	O
</negative>
<negative>
Newport	estimated	it	would	take	at	least	one	day	to	reach	the	area	where	he	believes	Grissom	's	Liberty	Bell	7	lies	on	the	ocean	floor	.
NNP	VBD	PRP	MD	VB	IN	JJS	CD	NN	TO	VB	DT	NN	WRB	PRP	VBZ	NNP	POS	NNP	NNP	CD	NNS	IN	DT	NN	NN	.
nsubj	root	nsubj	aux	ccomp	quantmod	mwe	dobj	tmod	aux	xcomp	det	dobj	advmod	nsubj	advcl	poss	possessive	nn	nsubj	num	xcomp	prep	det	nn	pobj	p
2	0	5	5	2	8	6	5	5	11	5	13	11	16	16	11	20	17	20	22	22	16	22	26	26	23	2
B-GPE	O	O	O	O	O	O	B-DATE	I-DATE	O	O	O	O	O	O	O	B-PERSON	O	B-ORG	I-ORG	B-CARDINAL	O	O	O	O	O	O
</negative>
<negative>
Liberty	Bell	7	sank	38	years	ago	this	month	.
NNP	NNP	CD	VBD	CD	NNS	RB	DT	NN	.
nn	nsubj	num	root	num	npadvmod	advmod	det	tmod	p
2	4	2	0	6	7	4	9	4	4
B-ORG	I-ORG	B-PERCENT	O	B-DATE	I-DATE	I-DATE	I-DATE	I-DATE	O
</negative>
<negative>
``	It	will	be	a	big	relief	''	once	the	capsule	is	aboard	ship	,	Curt	Newport	said	before	setting	sail	Thursday	.
``	PRP	MD	VB	DT	JJ	NN	''	IN	DT	NN	VBZ	IN	NN	,	NNP	NNP	VBD	IN	NN	JJ	NNP	.
p	nsubj	aux	cop	det	amod	ccomp	p	mark	det	nsubj	dep	prep	pobj	p	nn	nsubj	root	prep	pobj	amod	tmod	p
18	7	7	7	7	7	18	18	12	11	12	7	12	13	18	17	18	0	18	19	22	18	18
O	O	O	O	O	O	O	O	O	O	O	O	O	O	O	B-PERSON	I-PERSON	O	O	O	O	B-DATE	O
</negative>
<negative>
Newport	and	his	team	discovered	Liberty	Bell	7	on	May	1	about	300	miles	southeast	of	Cape	Canaveral	.
NNP	CC	PRP$	NN	VBD	NNP	NNP	CD	IN	NNP	CD	RB	CD	NNS	JJ	IN	NNP	NNP	.
nsubj	cc	poss	conj	root	nn	dobj	num	prep	pobj	num	quantmod	num	npadvmod	amod	prep	nn	pobj	p
5	1	4	1	0	7	5	7	5	9	10	13	14	15	10	10	18	16	5
B-GPE	O	O	O	O	B-LOC	I-LOC	I-LOC	O	B-DATE	I-DATE	B-QUANTITY	I-QUANTITY	I-QUANTITY	O	O	B-ORG	I-ORG	O
</negative>
<negative>
The	Houston	company	also	supplied	a	bigger	ship	for	this	trip	,	which	is	expected	to	last	1	1/2	to	two	weeks	.
DT	NNP	NN	RB	VBD	DT	JJR	NN	IN	DT	NN	,	WDT	VBZ	VBN	TO	VB	CD	CD	TO	CD	NNS	.
det	nn	nsubj	advmod	root	det	amod	dobj	prep	det	pobj	p	nsubjpass	auxpass	rcmod	aux	xcomp	number	dobj	prep	num	pobj	p
3	3	5	5	0	8	8	5	5	11	9	5	15	15	11	17	15	19	17	17	22	20	5
O	B-GPE	O	O	O	O	O	O	O	O	O	O	O	O	O	O	O	B-CARDINAL	I-CARDINAL	O	B-DATE	I-DATE	O
</negative>
<negative>
Newport	expects	Liberty	Bell	7	to	be	on	deck	by	the	end	of	next	week	if	all	goes	well	.
NNP	VBZ	NNP	NNP	CD	TO	VB	IN	NN	IN	DT	NN	IN	JJ	NN	IN	DT	VBZ	RB	.
nsubj	root	nn	dobj	num	aux	xcomp	prep	pobj	prep	det	pobj	prep	amod	pobj	mark	nsubj	advcl	advmod	p
2	0	4	2	4	7	2	7	8	7	12	10	12	15	13	18	18	2	18	2
B-GPE	O	B-ORG	I-ORG	O	O	O	O	O	O	O	O	O	B-DATE	I-DATE	O	O	O	O	O
</negative>
<negative>
An	underwater	salvage	team	spent	eight	hours	in	darkness	late	Monday	and	early	yesterday	reeling	in	the	Liberty	Bell	7	flown	by	astronaut	Gus	Grissom	,	the	second	American	in	space	.
DT	JJ	NN	NN	VBD	CD	NNS	IN	NNS	JJ	NNP	CC	JJ	NN	VBG	IN	DT	NNP	NNP	CD	VBN	IN	NNP	NNP	NNP	,	DT	JJ	NNP	IN	NN	.
det	amod	nn	nsubj	root	num	dobj	prep	pobj	amod	tmod	cc	amod	conj	xcomp	prep	det	nn	pobj	dobj	partmod	prep	nn	nn	pobj	p	det	amod	appos	prep	pobj	p
4	4	4	5	0	7	5	7	8	11	5	5	14	5	14	15	19	19	16	15	20	21	25	25	22	5	29	29	25	29	30	5
O	O	O	O	O	B-TIME	I-TIME	O	O	B-DATE	I-DATE	O	B-DATE	I-DATE	O	O	O	I-NORP	B-PRODUCT	I-PRODUCT	O	O	O	B-PERSON	I-PERSON	O	O	B-ORDINAL	B-NORP	O	O	O
</negative>
<negative>
It	arrived	by	ship	at	Cape	Canaveral	this	morning	,	the	38th	anniversary	of	its	sinking	after	splashdown	.
PRP	VBD	IN	NN	IN	NNP	NNP	DT	NN	,	DT	JJ	NN	IN	PRP$	NN	IN	NN	.
nsubj	root	prep	pobj	prep	nn	pobj	det	dep	p	det	amod	dep	prep	poss	pobj	prep	pobj	p
2	0	2	3	4	7	5	9	4	2	13	13	2	13	16	14	2	17	2
O	O	O	O	O	B-GPE	I-GPE	B-TIME	I-TIME	O	O	B-ORDINAL	O	O	O	O	O	O	O
</negative>
<negative>
So	it	was	almost	like	having	this	thing	punch	to	the	surface	through	some	type	of	time	portal	or	something	,	''	he	said	in	a	ship	-to-shore	news	conference	.
CC	PRP	VBD	RB	IN	VBG	DT	NN	VB	TO	DT	NN	IN	DT	NN	IN	NN	NN	CC	NN	,	''	PRP	VBD	IN	DT	NN	JJ	NN	NN	.
cc	nsubj	cop	dep	prep	pcomp	det	nsubj	ccomp	prep	det	pobj	prep	det	pobj	prep	nn	pobj	cc	conj	p	p	nsubj	root	prep	det	nn	amod	nn	pobj	p
24	4	4	24	4	5	8	9	6	9	12	10	9	15	13	15	18	16	18	18	24	24	24	0	24	30	30	30	30	25	24
O	O	O	O	O	O	O	O	O	O	O	O	O	O	O	O	O	O	O	O	O	O	O	O	O	O	O	O	O	O	O
</negative>
<negative>
When	Newport	finally	located	the	capsule	again	,	the	ship	's	robot	vessel	was	used	to	attach	a	sling	to	the	capsule	.
WRB	NNP	RB	VBN	DT	NN	RB	,	DT	NN	POS	NN	NN	VBD	VBN	TO	VB	DT	NN	TO	DT	NN	.
advmod	nsubj	advmod	advcl	det	npadvmod	advmod	p	det	poss	possessive	nn	nsubjpass	auxpass	root	aux	xcomp	det	dobj	prep	det	pobj	p
4	4	4	15	6	7	4	15	10	13	10	13	15	15	0	17	15	19	17	17	22	20	15
O	B-GPE	O	O	O	O	O	O	O	O	O	O	O	O	O	O	O	O	O	O	O	O	O
</negative>
<negative>
Because	of	problems	recovering	Liberty	Bell	7	--	two	days	were	wasted	because	of	bad	navigational	data	and	the	recovery	vessel	kept	breaking	--	Newport	had	no	time	to	search	for	the	hatch	.
IN	IN	NNS	VBG	NNP	NNP	CD	:	CD	NNS	VBD	VBN	RB	IN	JJ	JJ	NNS	CC	DT	NN	NN	VBN	VBG	:	NNP	VBD	DT	NN	TO	VB	IN	DT	NN	.
mwe	prep	pobj	partmod	nn	dobj	num	p	num	nsubjpass	auxpass	parataxis	advmod	prep	amod	amod	pobj	cc	det	nn	conj	partmod	xcomp	p	nsubj	root	det	dobj	aux	infmod	prep	det	pobj	p
2	26	2	3	6	4	6	26	10	12	12	26	14	12	17	17	14	17	21	21	17	21	22	26	26	0	28	26	30	28	30	33	31	26
O	O	O	O	B-ORG	I-ORG	B-CARDINAL	O	B-DATE	I-DATE	O	O	O	O	O	O	O	O	O	O	O	O	O	O	B-GPE	O	O	O	O	O	O	O	O	O
</negative>
<negative>
The	answer	to	the	enduring	mystery	of	why	the	hatch	blew	may	have	been	in	the	inside-the-capsule	camera	that	was	running	when	Liberty	Bell	7	splashed	down	.
DT	NN	TO	DT	VBG	NN	IN	WRB	DT	NN	VBD	MD	VB	VBN	IN	DT	JJ	NN	WDT	VBD	VBG	WRB	NNP	NNP	CD	VBD	RP	.
det	nsubj	prep	det	amod	pobj	prep	advmod	det	nsubj	pcomp	aux	aux	root	prep	det	amod	pobj	nsubj	aux	rcmod	advmod	nn	nsubj	num	advcl	prt	p
2	14	2	6	6	3	6	11	10	11	7	14	14	0	14	18	18	15	21	21	18	26	24	26	24	21	26	14
O	O	O	O	O	O	O	O	O	O	O	O	O	O	O	O	O	O	O	O	O	O	B-ORG	I-ORG	B-CARDINAL	O	O	O
</negative>
<negative>
The	recovery	project	was	financed	by	the	Discovery	Channel	,	which	plans	to	broadcast	a	two-hour	special	,	``	In	Search	of	Liberty	Bell	7	,	''	on	Dec	.	12	.
DT	NN	NN	VBD	VBN	IN	DT	NNP	NNP	,	WDT	VBZ	TO	VB	DT	JJ	NN	,	``	IN	NNP	IN	NNP	NNP	CD	,	''	IN	NNP	.	CD	.
det	nn	nsubjpass	auxpass	root	prep	det	nn	pobj	p	nsubj	rcmod	aux	xcomp	det	amod	dobj	p	p	prep	pobj	prep	nn	pobj	num	p	p	prep	pobj	p	dep	p
3	3	5	5	0	5	9	9	6	5	12	9	14	12	17	17	14	5	5	14	20	21	24	22	24	5	5	24	28	5	29	5
O	O	O	O	O	O	B-ORG	I-ORG	I-ORG	O	O	O	O	O	O	O	O	O	O	O	O	O	B-LOC	I-LOC	I-LOC	O	O	O	B-DATE	O	B-CARDINAL	O
</negative>
<negative>
Once	the	restoration	is	complete	,	the	Discovery	Channel	will	take	Liberty	Bell	7	on	a	three-year	tour	,	beginning	about	the	middle	of	2000	.
IN	DT	NN	VBZ	JJ	,	DT	NNP	NNP	MD	VB	NNP	NNP	CD	IN	DT	JJ	NN	,	VBG	IN	DT	NN	IN	CD	.
mark	det	nsubj	cop	advcl	p	det	nn	nsubj	aux	root	nn	dobj	num	prep	det	amod	pobj	p	prep	pcomp	det	pobj	prep	pobj	p
5	3	5	5	11	11	9	9	11	11	0	13	11	13	11	18	18	15	11	11	20	23	21	23	24	11
O	O	O	O	O	O	B-ORG	I-ORG	I-ORG	O	O	B-ORG	I-ORG	I-FAC	O	O	O	O	O	O	O	O	O	O	B-DATE	O
</negative>
</QApairs>
<QApairs id='57.4'>
<question>
What	happened	to	the	Liberty	Bell	7	?
WP	VBD	TO	DT	NNP	NNP	CD	.
nsubj	root	prep	det	nn	pobj	num	p
2	0	2	6	6	3	6	2
O	O	O	B-ORG	I-ORG	I-ORG	B-DATE	O
</question>
<positive>
The	crew	plans	to	set	sail	Sunday	with	the	latest	in	side-scan	sonar	in	hopes	of	finding	Liberty	Bell	7	,	lost	at	sea	38	years	ago	.
DT	NN	VBZ	TO	VB	JJ	NNP	IN	DT	JJS	IN	JJ	NN	IN	NNS	IN	VBG	NNP	NNP	CD	,	VBN	IN	NN	CD	NNS	RB	.
det	nsubj	root	aux	xcomp	amod	tmod	prep	det	pobj	prep	amod	pobj	prep	pobj	prep	pcomp	nn	dobj	num	p	partmod	prep	pobj	num	npadvmod	advmod	p
2	3	0	5	3	7	5	5	10	8	10	13	11	5	14	15	16	19	17	19	3	19	22	23	26	27	23	3
O	O	O	O	O	O	B-DATE	O	O	O	O	O	O	O	O	O	O	B-ORG	I-ORG	O	O	O	O	O	B-DATE	I-DATE	I-DATE	O
lost	at	sea
22	23	24
</positive>
<negative>
Two	cameras	and	a	tape	recorder	that	sank	with	the	capsule	could	shed	light	on	what	happened	,	but	it	's	doubtful	the	film	and	tape	could	be	salvaged	after	so	long	underwater	.
CD	NNS	CC	DT	NN	NN	WDT	VBD	IN	DT	NN	MD	VB	NN	IN	WP	VBD	,	CC	PRP	VBZ	JJ	DT	NN	CC	NN	MD	VB	VBN	IN	RB	JJ	NNS	.
num	nsubj	cc	det	nn	conj	nsubj	rcmod	prep	det	pobj	aux	root	dobj	prep	nsubj	pcomp	p	cc	nsubj	cop	conj	det	nsubjpass	cc	conj	aux	auxpass	dep	prep	advmod	amod	pobj	p
2	13	2	6	6	2	8	6	8	11	9	13	0	13	13	17	15	13	13	22	22	13	24	29	24	24	29	29	22	29	32	33	30	13
B-CARDINAL	O	O	O	O	O	O	O	O	O	O	O	O	O	O	O	O	O	O	O	O	O	O	O	O	O	O	O	O	O	O	O	O	O
</negative>
</QApairs>
<QApairs id='58.1'>
<question>
What	is	Vilar	's	nationality	?
WP	VBZ	NNP	POS	NN	.
attr	root	poss	possessive	nsubj	p
2	0	5	3	2	2
O	O	B-PERSON	O	O	O
</question>
</QApairs>
<QApairs id='58.3'>
<question>
What	is	the	name	of	the	company	Vilar	founded	?
WP	VBZ	DT	NN	IN	DT	NN	NN	VBN	.
dobj	auxpass	det	nsubjpass	prep	det	nn	pobj	root	p
9	9	4	9	4	8	8	5	0	9
O	O	O	O	O	O	O	O	O	O
</question>
<positive>
``	She	has	done	a	great	job	so	far	with	the	stock	,	''	said	Alberto	Vilar	,	president	of	Amerindo	Investment	Advisors	,	and	one	of	Ebay	's	largest	shareholders	.
``	PRP	VBZ	VBN	DT	JJ	NN	RB	RB	IN	DT	NN	,	''	VBD	NNP	NNP	,	NN	IN	NNP	NNP	NNP	,	CC	CD	IN	NNP	POS	JJS	NNS	.
p	nsubj	aux	ccomp	det	amod	dobj	advmod	advmod	prep	det	pobj	p	p	root	nn	nsubj	p	appos	prep	nn	nn	pobj	p	cc	conj	prep	poss	possessive	amod	pobj	p
15	4	4	15	7	7	4	9	4	4	12	10	15	15	0	17	15	15	17	19	23	23	20	15	19	19	26	31	28	31	27	15
O	O	O	O	O	O	O	O	O	O	O	O	O	O	O	B-PERSON	I-PERSON	O	O	O	B-ORG	I-ORG	I-ORG	O	O	B-CARDINAL	O	B-ORG	O	O	O	O
Amerindo	Investment	Advisors
21	22	23
</positive>
<positive>
As	one	prominent	technology	investor	,	Alberto	Vilar	of	the	$	7.5	billion	Amerindo	Investment	Advisors	,	put	it	,	``	Tell	me	a	money	manager	that	does	n't	listen	to	Uncle	Alan	.	''
IN	CD	JJ	NN	NN	,	NNP	NNP	IN	DT	$	CD	CD	NNP	NNP	NNS	,	VBD	PRP	,	``	VB	PRP	DT	NN	NN	WDT	VBZ	RB	VB	TO	NNP	NNP	.	''
mark	num	amod	nn	nsubj	p	nn	appos	prep	det	num	number	number	nn	nn	pobj	p	advcl	dobj	p	p	root	nsubj	det	nn	xcomp	nsubj	aux	neg	rcmod	prep	nn	pobj	p	p
18	5	5	5	18	22	8	5	8	16	16	11	11	16	16	9	22	22	18	22	22	0	26	26	26	22	30	30	30	26	30	33	31	22	22
O	O	O	O	O	O	B-PERSON	I-PERSON	O	O	B-MONEY	I-MONEY	I-MONEY	B-ORG	I-ORG	I-ORG	O	O	O	O	O	O	O	O	O	O	O	O	O	O	O	O	B-PERSON	O	O
Amerindo	Investment	Advisors
14	15	16
</positive>
<negative>
Now	,	after	putting	in	his	usual	12-hour	day	managing	his	company	's	nearly	$	3	billion	in	growth	stock	portfolios	,	he	takes	a	shower	,	steps	into	his	tuxedo	and	heads	for	the	Met	.
RB	,	IN	VBG	IN	PRP$	JJ	JJ	NN	VBG	PRP$	NN	POS	RB	$	CD	CD	IN	NN	NN	NNS	,	PRP	VBZ	DT	NN	,	VBZ	IN	PRP$	NN	CC	VBZ	IN	DT	NNP	.
advmod	p	prep	pcomp	prep	poss	amod	amod	pobj	partmod	poss	dobj	possessive	quantmod	num	number	number	prep	nn	nn	pobj	p	nsubj	root	det	dobj	p	conj	prep	poss	pobj	cc	conj	prep	det	pobj	p
24	24	24	3	4	9	9	9	5	9	12	10	12	15	12	15	15	12	21	21	18	24	24	0	26	24	24	24	28	31	29	24	24	33	36	34	24
O	O	O	O	O	O	O	O	O	O	O	O	O	O	B-MONEY	I-MONEY	I-MONEY	O	O	O	O	O	O	O	O	O	O	O	O	O	O	O	O	O	O	O	O
</negative>
<negative>
An	Indonesian	business	connection	prompted	him	to	form	the	American	-	Indonesian	Investment	Co	.	,	but	there	was	never	any	investment	from	Indonesia	and	he	shortened	the	name	to	Amerindo	.
DT	NNP	NN	NN	VBD	PRP	TO	VB	DT	NNP	:	NNP	NNP	NNP	.	,	CC	EX	VBD	RB	DT	NN	IN	NNP	CC	PRP	VBN	DT	NN	TO	NNP	.
det	nn	nn	nsubj	root	nsubj	aux	xcomp	det	dep	p	nn	nn	dep	p	p	cc	expl	conj	neg	det	nsubj	prep	pobj	cc	nsubj	conj	det	dobj	prep	pobj	p
4	4	4	5	0	8	8	5	10	8	5	14	14	10	5	5	5	19	5	19	22	19	22	23	19	27	19	29	27	27	30	5
O	B-NORP	O	O	O	O	O	O	O	B-NORP	O	B-ORG	I-ORG	I-ORG	O	O	O	O	O	O	O	O	O	B-GPE	O	O	O	O	O	O	B-GPE	O
</negative>
<negative>
The	privately	held	company	,	of	which	Vilar	is	president	and	a	leading	partner	,	manages	institutional	portfolios	specializing	in	technology	and	health	care	.
DT	RB	VBN	NN	,	IN	WDT	NNP	VBZ	NN	CC	DT	VBG	NN	,	VBZ	JJ	NNS	VBG	IN	NN	CC	NN	NN	.
det	advmod	amod	nsubj	p	rel	pobj	nsubj	cop	rcmod	cc	det	amod	conj	p	root	amod	dobj	partmod	prep	nn	cc	conj	pobj	p
4	3	4	16	16	10	6	10	10	4	10	14	14	10	16	0	18	16	18	19	24	21	21	20	16
O	O	O	O	O	O	O	B-PERSON	O	O	O	O	O	O	O	O	O	O	O	O	O	O	O	O	O
</negative>
<negative>
So	it	would	take	more	than	Internet	stock	options	in	a	company	she	had	never	heard	of	for	Ms	.	Whitman	to	give	up	the	peaceful	life	she	enjoyed	with	her	husband	and	two	sons	in	Boston	.
IN	PRP	MD	VB	JJR	IN	CD	NN	NNS	IN	DT	NN	PRP	VBD	RB	VBN	IN	IN	NNP	.	NNP	TO	VB	RP	DT	JJ	NN	PRP	VBD	IN	PRP$	NN	CC	CD	NNS	IN	NNP	.
dep	nsubj	aux	root	mwe	quantmod	num	nn	dobj	prep	det	pobj	nsubj	aux	neg	rcmod	prep	pcomp	nn	p	pobj	aux	xcomp	prt	det	amod	dobj	nsubj	rcmod	prep	poss	pobj	cc	num	conj	prep	pobj	p
4	4	4	0	6	7	9	9	4	4	12	10	16	16	16	12	16	17	21	4	18	23	16	23	27	27	23	29	27	29	32	30	32	35	32	29	36	4
O	O	O	O	O	O	O	O	O	O	O	O	O	O	O	O	O	O	O	O	O	O	O	O	O	O	O	O	O	O	O	O	O	B-CARDINAL	O	O	B-GPE	O
</negative>
<negative>
And	14	months	ago	,	she	packed	up	her	family	and	moved	to	California	to	begin	preparing	Ebay	for	the	initial	public	stock	offering	that	the	company	's	founder	,	Pierre	M	.	Omidyar	,	was	already	mulling	.
CC	CD	NNS	RB	,	PRP	VBD	RP	PRP$	NN	CC	VBD	TO	NNP	TO	VB	VBG	NNP	IN	DT	JJ	JJ	NN	NN	IN	DT	NN	POS	NN	,	NNP	NNP	.	NNP	,	VBD	RB	VBG	.
cc	num	npadvmod	advmod	p	nsubj	root	prt	poss	dobj	cc	conj	prep	pobj	aux	xcomp	xcomp	dobj	prep	det	amod	amod	nn	pobj	complm	det	poss	possessive	nsubj	p	nn	nn	p	appos	p	aux	advmod	ccomp	p
7	3	4	7	7	7	0	7	10	7	7	7	12	13	16	12	16	17	18	24	24	24	24	19	38	27	29	27	38	7	34	34	7	29	7	38	38	16	7
O	B-DATE	I-DATE	I-DATE	O	O	O	O	O	O	O	O	O	B-GPE	O	O	O	B-ORG	O	O	O	O	O	O	O	O	O	O	O	O	B-PERSON	I-PERSON	I-PERSON	I-PERSON	O	O	O	O	O
</negative>
<negative>
Since	its	$	735	million	offering	last	September	,	the	company	's	market	capitalization	has	blossomed	to	$	22.1	billion	_	the	stock	price	skyrocketing	1,019	percent	.
IN	PRP$	$	CD	CD	NN	JJ	NNP	,	DT	NN	POS	NN	NN	VBZ	VBN	TO	$	CD	CD	VBG	DT	NN	NN	VBG	CD	NN	.
prep	poss	num	number	number	pobj	amod	tmod	p	det	poss	possessive	nn	nsubj	aux	root	prep	pobj	number	number	xcomp	det	nn	dobj	xcomp	num	dobj	p
16	6	6	3	3	1	8	16	16	11	14	11	14	16	16	0	16	17	18	18	16	24	24	21	21	27	25	16
O	O	B-MONEY	I-MONEY	I-MONEY	O	O	B-DATE	O	O	O	O	O	O	O	O	O	B-MONEY	I-MONEY	I-MONEY	O	O	O	O	O	B-PERCENT	I-PERCENT	O
</negative>
<negative>
Ms	.	Whitman	had	been	hired	by	the	florist-owned	member	association	in	1995	_	better	known	as	FTD	_	to	help	smooth	its	transition	to	a	privately	held	company	.
NNP	.	NNP	VBD	VBN	VBN	IN	DT	JJ	NN	NN	IN	CD	NNS	RBR	VBN	IN	NNP	NNP	TO	VB	VB	PRP$	NN	TO	DT	RB	VBN	NN	.
nn	p	nsubjpass	aux	auxpass	root	prep	det	amod	nn	pobj	prep	num	pobj	advmod	partmod	prep	nn	pobj	aux	xcomp	xcomp	poss	dobj	prep	det	advmod	amod	pobj	p
3	6	6	6	6	0	6	11	11	11	7	11	14	12	16	14	16	19	17	21	16	21	24	22	22	29	28	29	25	6
O	O	O	O	O	O	O	O	O	O	O	O	B-DATE	O	O	O	O	B-ORG	O	O	O	O	O	O	O	O	O	O	O	O
</negative>
<negative>
Her	stock	options	_	worth	about	$	1.3	billion	as	of	Friday	's	closing	price	_	vest	over	four	years	,	and	she	plans	to	stay	at	the	company	at	least	five	years	.
PRP$	NN	NNS	VBZ	IN	RB	$	CD	CD	RB	IN	NNP	POS	JJ	NN	NN	NN	IN	CD	NNS	,	CC	PRP	VBZ	TO	VB	IN	DT	NN	IN	JJS	CD	NNS	.
poss	nn	nsubj	root	acomp	quantmod	dep	number	number	advmod	prep	poss	possessive	amod	nn	nn	pobj	prep	num	pobj	p	cc	nsubj	conj	aux	xcomp	prep	det	pobj	advmod	pobj	num	dep	p
3	3	4	0	4	7	5	7	7	11	7	17	12	17	17	17	11	17	20	18	4	4	24	4	26	24	26	29	27	29	30	33	29	4
O	O	O	O	O	O	B-MONEY	I-MONEY	I-MONEY	O	O	B-DATE	O	O	O	O	O	O	B-DATE	I-DATE	O	O	O	O	O	O	O	O	O	O	O	B-DATE	I-DATE	O
</negative>
<negative>
Yahoo	and	Amazon	.	com	are	already	fast	on	the	heels	of	Ebay	hoping	to	grab	the	company	's	loyal	customers	for	their	own	.
NNP	CC	NNP	.	NN	VBP	RB	RB	IN	DT	NNS	IN	NNP	VBG	TO	VB	DT	NN	POS	JJ	NNS	IN	PRP$	JJ	.
nsubj	cc	nn	p	conj	aux	advmod	advmod	prep	det	pobj	prep	pobj	root	aux	xcomp	det	poss	possessive	amod	dobj	prep	poss	pobj	p
14	1	5	14	1	14	14	14	8	11	9	11	12	0	16	14	18	21	18	21	16	16	24	22	14
O	O	O	O	O	O	O	O	O	O	O	O	B-ORG	O	O	O	O	O	O	O	O	O	O	O	O
</negative>
<negative>
That	,	says	Charles	Hill	,	director	of	research	for	First	Call/Thomson	Financial	,	which	tracks	company	earnings	,	is	a	``	business	as	usual	''	figure	.
DT	,	VBZ	NNP	NNP	,	NN	IN	NN	IN	NNP	NNP	NNP	,	WDT	VBZ	NN	NNS	,	VBZ	DT	``	NN	RB	JJ	''	VBP	.
nsubj	p	parataxis	nn	nsubj	p	appos	prep	pobj	prep	nn	nn	pobj	p	nsubj	rcmod	nn	dobj	p	cop	det	p	ccomp	advmod	amod	p	root	p
23	27	23	5	3	27	5	7	8	9	13	13	10	27	16	13	18	16	27	23	23	27	27	25	23	27	0	27
O	O	O	B-PERSON	I-PERSON	O	O	O	O	O	B-ORG	I-ORG	I-ORG	O	O	O	O	O	O	O	O	O	O	O	O	O	O	O
</negative>
</QApairs>
<QApairs id='59.1'>
<question>
Who	founded	Public	Citizen	?
WP	VBD	NNP	NNP	.
nsubj	root	nn	dobj	p
2	0	4	2	2
O	O	B-ORG	I-ORG	O
</question>
<positive>
''	The	meat	industry	has	been	able	to	call	the	shots	because	of	their	enormous	political	clout	,	''	said	Wenonah	Hauter	of	Public	Citizen	,	a	group	founded	by	Green	Party	presidential	candidate	Ralph	Nader	.
''	DT	NN	NN	VBZ	VBN	JJ	TO	VB	DT	NNS	RB	IN	PRP$	JJ	JJ	NN	,	''	VBD	NNP	NNP	IN	NNP	NNP	,	DT	NN	VBN	IN	NNP	NNP	JJ	NN	NNP	NNP	.
p	det	nn	nsubj	aux	cop	ccomp	aux	xcomp	det	dobj	advmod	prep	poss	amod	amod	pobj	p	p	root	nn	dobj	prep	nn	pobj	p	det	appos	partmod	prep	nn	nn	amod	pobj	nn	dep	p
20	4	4	7	7	7	20	9	7	11	9	13	11	17	17	17	13	20	20	0	22	20	22	25	23	20	28	25	28	29	34	34	34	30	36	20	20
O	O	O	O	O	O	O	O	O	O	O	O	O	O	O	O	O	O	O	O	B-PERSON	I-PERSON	O	B-ORG	I-ORG	O	O	O	O	O	B-ORG	I-ORG	O	O	B-PERSON	I-PERSON	O
Ralph	Nader
35	36
</positive>
<positive>
``	We	have	the	highest	bills	in	the	nation	for	average	consumers	,	''	said	Tom	Smith	,	director	of	Public	Citizen	in	Texas	,	a	group	founded	by	consumer	crusader	Ralph	Nader	.
``	PRP	VBP	DT	JJS	NNS	IN	DT	NN	IN	JJ	NNS	,	''	VBD	NNP	NNP	,	NN	IN	NNP	NNP	IN	NNP	,	DT	NN	VBN	IN	NN	NN	NNP	NNP	.
p	nsubj	ccomp	det	amod	dobj	prep	det	pobj	prep	amod	pobj	p	p	root	nn	nsubj	p	appos	prep	nn	pobj	prep	pobj	p	det	appos	partmod	prep	nn	nn	nn	pobj	p
15	3	15	6	6	3	6	9	7	9	12	10	15	15	0	17	15	15	17	19	22	20	22	23	15	27	17	27	28	33	33	33	29	15
O	O	O	O	O	O	O	O	O	O	O	O	O	O	O	B-PERSON	I-PERSON	O	O	O	B-ORG	I-ORG	O	B-GPE	O	O	O	O	O	O	O	B-PERSON	I-PERSON	O
Ralph	Nader
32	33
</positive>
<positive>
Tom	Smith	,	Texas	director	of	Public	Citizen	,	a	public	interest	group	,	founded	by	consumer	activist	Ralph	Nader	.
NNP	NNP	,	NNP	NN	IN	NNP	NNP	,	DT	JJ	NN	NN	,	VBD	IN	NN	NN	NNP	NNP	.
nn	nsubj	p	nn	appos	prep	nn	pobj	p	det	amod	nn	appos	p	root	prep	nn	nn	nn	pobj	p
2	15	15	5	2	5	8	6	15	13	13	13	8	15	0	15	20	20	20	16	15
B-PERSON	I-PERSON	O	B-GPE	O	O	B-ORG	I-ORG	O	O	O	O	O	O	O	O	O	O	B-PERSON	I-PERSON	O
Ralph	Nader
19	20
</positive>
<positive>
Public	Citizen	,	founded	by	Ralph	Nader	,	has	set	up	a	special	free	fax	service	on	the	organization	's	Web	site	that	allows	consumers	to	fax	their	senators	from	the	Internet	for	free	.
NNP	NNP	,	VBN	IN	NNP	NNP	,	VBZ	VBN	RP	DT	JJ	JJ	NN	NN	IN	DT	NN	POS	NNP	NN	WDT	VBZ	NNS	TO	VB	PRP$	NNS	IN	DT	NN	IN	JJ	.
nn	nsubj	p	partmod	prep	nn	pobj	p	aux	root	prt	det	amod	amod	nn	dobj	prep	det	poss	possessive	nn	pobj	nsubj	rcmod	nsubj	aux	xcomp	poss	dobj	prep	det	pobj	prep	pobj	p
2	10	10	2	4	7	5	10	10	0	10	16	16	16	16	10	16	19	22	19	22	17	24	16	27	27	24	29	27	27	32	30	32	33	10
O	O	O	O	O	B-PERSON	I-PERSON	O	O	O	O	O	O	O	O	O	O	O	O	O	O	O	O	O	O	O	O	O	O	O	O	O	O	O	O
Ralph	Nader
6	7
</positive>
<positive>
Public	Citizen	is	a	nonprofit	corporation	founded	by	consumer	advocate	Ralph	Nader	.
NNP	NNP	VBZ	DT	JJ	NN	VBN	IN	NN	NN	NNP	NNP	.
nn	nsubj	cop	det	amod	root	partmod	prep	nn	nn	nn	pobj	p
2	6	6	6	6	0	6	7	12	12	12	8	6
O	O	O	O	O	O	O	O	O	O	B-PERSON	I-PERSON	O
Ralph	Nader
11	12
</positive>
<negative>
Public	Citizen	:	http	:	//www	.	citizen	.	org
NNP	NNP	:	NN	:	NN	.	NN	.	NN
nn	root	p	dep	p	dep	p	dep	p	dep
2	0	2	2	2	4	2	6	2	6
O	O	O	O	O	O	O	O	O	O
</negative>
<negative>
``	All	things	being	equal	,	the	generic	product	is	going	to	be	cheaper	,	''	said	Brian	Wolfman	,	a	lawyer	at	Public	Citizen	,	which	filed	a	brief	in	the	case	.
``	DT	NNS	VBG	JJ	,	DT	JJ	NN	VBZ	VBG	TO	VB	JJR	,	''	VBD	NNP	NNP	,	DT	NN	IN	NNP	NNP	,	WDT	VBD	DT	NN	IN	DT	NN	.
p	det	nsubj	cop	ccomp	p	det	amod	nsubj	aux	dep	aux	cop	xcomp	p	p	root	nn	nsubj	p	det	appos	prep	nn	pobj	p	nsubj	rcmod	det	dobj	prep	det	pobj	p
17	3	5	5	17	17	9	9	11	11	5	14	14	11	17	17	0	19	17	17	22	19	22	25	23	17	28	25	30	28	28	33	31	17
O	O	O	O	O	O	O	O	O	O	O	O	O	O	O	O	O	B-PERSON	I-PERSON	O	O	O	O	B-ORG	I-ORG	O	O	O	O	O	O	O	O	O
</negative>
<negative>
Critics	of	deregulation	point	out	that	Texans	already	have	rates	that	are	below	the	national	average	and	the	Public	Utility	Commission	lately	has	even	trimmed	rates	at	some	utilities	.
NNS	IN	NN	VBP	RP	IN	NNPS	RB	VBP	NNS	WDT	VBP	IN	DT	JJ	NN	CC	DT	NNP	NNP	NNP	RB	VBZ	RB	VBN	NNS	IN	DT	NNS	.
nsubj	prep	pobj	root	prt	complm	nsubj	advmod	ccomp	dobj	nsubj	rcmod	prep	det	amod	pobj	cc	det	nn	nn	nsubj	advmod	aux	advmod	conj	dobj	prep	det	pobj	p
4	1	2	0	4	9	9	9	4	9	12	10	12	16	16	13	9	21	21	21	25	25	25	25	9	25	25	29	27	4
O	O	O	O	O	O	B-NORP	O	O	O	O	O	O	O	O	O	O	B-ORG	I-ORG	I-ORG	I-ORG	O	O	O	O	O	O	O	O	O
</negative>
<negative>
Pedernales	Electric	Cooperative	Inc	.	,	based	in	Johnson	City	,	sets	its	own	rates	,	subject	to	review	by	the	Public	Utility	Commission	.
NNP	NNP	NNP	NNP	.	,	VBN	IN	NNP	NNP	,	VBZ	PRP$	JJ	NNS	,	JJ	TO	VB	IN	DT	NNP	NNP	NNP	.
nn	nn	nn	nsubj	p	p	partmod	prep	nn	pobj	p	root	poss	amod	dobj	p	amod	aux	xcomp	prep	det	nn	nn	pobj	p
4	4	4	12	12	12	4	7	10	8	12	0	15	15	12	12	15	19	17	19	24	24	24	20	12
B-ORG	I-ORG	I-ORG	I-ORG	O	O	O	O	B-GPE	I-GPE	O	O	O	O	O	O	O	O	O	O	B-ORG	I-ORG	I-ORG	I-ORG	O
</negative>
<negative>
Commission	and	the	Public	Utility	Commission	of	Texas	,	which	jointly	studied	the	cost	of	upgrading	the	pollution	equipment	on	Texas	power	plants	,	including	those	grandfathered	from	the	state	's	permit	program	,	which	took	effect	in	1971	.
NNP	CC	DT	NNP	NNP	NNP	IN	NNP	,	WDT	RB	VBD	DT	NN	IN	VBG	DT	NN	NN	IN	NNP	NN	NNS	,	VBG	DT	VBD	IN	DT	NN	POS	NN	NN	,	WDT	VBD	NN	IN	CD	.
nsubj	cc	det	nn	nn	conj	prep	pobj	p	nsubj	advmod	rcmod	det	dobj	prep	pcomp	det	nn	dobj	prep	nn	nn	pobj	p	prep	pobj	root	prep	det	poss	possessive	nn	pobj	p	nsubj	rcmod	dobj	prep	pobj	p
27	1	6	6	6	1	6	7	27	12	12	8	14	12	14	15	19	19	16	16	23	23	20	27	12	25	0	27	30	33	30	33	28	27	36	33	36	36	38	27
O	O	B-ORG	I-ORG	I-ORG	I-ORG	O	B-GPE	O	O	O	O	O	O	O	O	O	O	O	O	B-GPE	O	O	O	O	O	O	O	O	O	O	O	O	O	O	O	O	O	B-DATE	O
</negative>
<negative>
Consumers	Union	,	Public	Citizen	and	the	U.S	.	Public	Interest	Research	Group	are	leading	the	protest	against	the	Year	2000	Readiness	and	Responsibility	Act	.
NNP	NNP	,	NNP	NNP	CC	DT	NNP	.	NNP	NNP	NNP	NNP	VBP	VBG	DT	NN	IN	DT	NNP	NNP	NNPS	CC	NNP	NNP	.
nn	nsubj	p	nn	conj	cc	det	nn	p	nn	nn	nn	conj	aux	root	det	dobj	prep	det	nn	nn	pobj	cc	nn	conj	p
2	15	15	5	2	2	13	13	15	13	13	13	2	15	0	17	15	17	22	22	22	18	22	25	22	15
B-ORG	I-ORG	I-ORG	I-ORG	I-ORG	O	O	B-GPE	O	B-ORG	I-ORG	I-ORG	I-ORG	O	O	O	O	O	B-EVENT	I-EVENT	I-EVENT	O	O	O	O	O
</negative>
<negative>
The	fax	site	is	at	www	.	citizen	.	org//faxserver//letter2//step1	.	htm	.
DT	NN	NN	VBZ	IN	NN	.	NN	.	CD	.	JJ	.
det	nn	nsubj	cop	prep	dep	p	dep	p	dep	p	root	p
3	3	12	12	12	5	12	6	12	6	12	0	12
O	O	O	O	O	O	O	O	O	O	O	O	O
</negative>
<negative>
AUSTIN	,	Texas	_	Two	public	interest	groups	Monday	asked	a	federal	court	to	strike	down	the	money-riddled	system	of	electing	state	judges	,	contending	that	it	violates	Texans	'	right	to	fair	and	impartial	courtrooms	.
RB	,	NNP	NNP	CD	JJ	NN	NNS	NNP	VBD	DT	JJ	NN	TO	VB	RP	DT	JJ	NN	IN	VBG	NN	NNS	,	VBG	IN	PRP	VBZ	NNPS	POS	NN	TO	JJ	CC	JJ	NNS	.
advmod	p	nn	nn	num	amod	nn	nsubj	nsubj	root	det	amod	dobj	aux	infmod	prt	det	amod	dobj	prep	pcomp	nn	dobj	p	partmod	complm	nsubj	ccomp	poss	p	dobj	prep	amod	cc	conj	pobj	p
10	10	8	8	8	8	8	10	10	0	13	13	10	15	13	15	19	19	15	19	20	23	21	10	10	28	28	25	31	10	28	28	36	33	33	32	10
B-GPE	O	B-GPE	O	B-CARDINAL	O	O	O	B-DATE	O	O	O	O	O	O	O	O	O	O	O	O	O	O	O	O	O	O	O	B-NORP	O	O	O	O	O	O	O	O
</negative>
<negative>
``	Texas	has	become	notorious	across	the	country	as	a	state	where	`	justice	is	for	sale	,	''	'	said	Tom	``	Smitty	''	Smith	of	Public	Citizen	Inc	.	,	one	of	the	plaintiffs	.
``	NNP	VBZ	VBN	JJ	IN	DT	NN	IN	DT	NN	WRB	``	NN	VBZ	IN	NN	,	''	''	VBD	NNP	``	NNP	''	NNP	IN	NNP	NNP	NNP	.	,	CD	IN	DT	NNS	.
p	nsubj	aux	cop	ccomp	prep	det	pobj	prep	det	pobj	advmod	p	nsubj	advcl	prep	pobj	p	p	p	root	nn	p	nn	p	dobj	prep	nn	pobj	nsubj	p	p	appos	prep	det	pobj	p
21	5	5	5	21	5	8	6	5	11	9	15	21	15	5	15	16	21	21	21	0	26	21	26	21	21	26	29	27	21	21	21	30	33	36	34	21
O	B-GPE	O	O	O	O	O	O	O	O	O	O	O	O	O	O	O	O	O	O	O	B-PERSON	O	B-ORG	I-ORG	I-ORG	I-ORG	I-ORG	I-ORG	I-ORG	O	O	O	O	O	O	O
</negative>
<negative>
It	was	filed	in	U.S	.	district	court	by	Public	Citizen	,	the	Gray	Panthers	and	five	individual	Texas	lawyers	.
PRP	VBD	VBN	IN	NNP	.	NN	NN	IN	NNP	NNP	,	DT	NNP	NNP	CC	CD	JJ	NNP	NNS	.
nsubjpass	auxpass	root	prep	pobj	p	nn	dep	prep	nn	pobj	p	det	nn	conj	cc	num	amod	nn	conj	p
3	3	0	3	4	3	8	5	3	11	9	3	15	15	11	11	20	20	20	11	3
O	O	O	O	B-GPE	O	O	O	O	B-ORG	I-ORG	O	B-ORG	I-ORG	I-ORG	O	B-CARDINAL	O	B-GPE	O	O
</negative>
<negative>
Supreme	Court	Chief	Justice	Tom	Phillips	,	an	early	supporter	of	efforts	to	junk	the	current	system	,	called	it	a	``	bad	system	that	impairs	public	confidence	in	the	courts	.	''
NNP	NNP	NNP	NNP	NNP	NNP	,	DT	JJ	NN	IN	NNS	TO	VB	DT	JJ	NN	,	VBD	PRP	DT	``	JJ	NN	WDT	VBZ	JJ	NN	IN	DT	NNS	.	''
nn	nn	nn	nn	nn	nsubj	p	det	amod	appos	prep	pobj	aux	infmod	det	amod	dobj	p	root	iobj	det	p	amod	dobj	nsubj	rcmod	amod	dobj	prep	det	pobj	p	p
6	6	6	6	6	19	19	10	10	6	10	11	14	12	17	17	14	19	0	19	24	19	24	19	26	24	28	26	28	31	29	19	19
B-ORG	I-ORG	O	O	B-PERSON	I-PERSON	O	O	O	O	O	O	O	O	O	O	O	O	O	O	O	O	O	O	O	O	O	O	O	O	O	O	O
</negative>
<negative>
Smith	of	Public	Citizen	said	the	Legislature	``	has	clearly	had	the	opportunity	and	failed	to	remedy	this	problem.	''
NNP	IN	NNP	NNP	VBD	DT	NNP	``	VBZ	RB	VBN	DT	NN	CC	VBD	TO	VB	DT	NN	''
nsubj	prep	nn	pobj	root	det	nsubj	p	aux	advmod	ccomp	det	dobj	cc	conj	aux	xcomp	det	dobj	p
5	1	4	2	0	7	11	5	11	11	5	13	11	11	11	17	15	19	17	5
B-ORG	I-ORG	I-ORG	I-ORG	O	O	B-ORG	O	O	O	O	O	O	O	O	O	O	O	O	O
</negative>
<negative>
The	tactic	drew	criticism	from	House	members	and	a	public	advocacy	group	that	accused	the	agency	of	delaying	publicizing	reports	on	the	workplace	dangers	of	a	toxic	chemical	featured	in	the	film	,	``	Erin	Brockovich	.	''
DT	NN	VBD	NN	IN	NNP	NNS	CC	DT	JJ	NN	NN	WDT	VBD	DT	NN	IN	VBG	JJ	NNS	IN	DT	NN	NNS	IN	DT	JJ	NN	VBN	IN	DT	NN	,	``	NNP	NNP	.	''
det	nsubj	root	dobj	prep	nn	pobj	cc	det	amod	nn	conj	nsubj	rcmod	det	dobj	prep	pcomp	amod	dobj	prep	det	nn	pobj	prep	det	amod	pobj	partmod	prep	det	pobj	p	p	nn	dep	p	p
2	3	0	3	3	7	5	7	12	12	12	7	14	12	16	14	16	17	20	18	18	24	24	21	24	28	28	25	28	29	32	30	3	3	36	32	3	3
O	O	O	O	O	B-ORG	O	O	O	O	O	O	O	O	O	O	O	O	O	O	O	O	O	O	O	O	O	O	O	O	O	O	O	O	B-PERSON	I-PERSON	O	O
</negative>
<negative>
But	Carol	Browner	,	the	EPA	administrator	,	predicted	that	Congress	would	not	vote	to	stop	the	rules	if	it	involved	``	a	full	review	,	and	a	public	review.	''
CC	NNP	NNP	,	DT	NNP	NN	,	VBD	IN	NNP	MD	RB	VB	TO	VB	DT	NNS	IN	PRP	VBD	``	DT	JJ	NN	,	CC	DT	JJ	NN	''
cc	nn	nsubj	p	det	nn	appos	p	root	complm	nsubj	aux	neg	ccomp	aux	xcomp	det	dobj	mark	nsubj	advcl	p	det	amod	dobj	p	cc	det	amod	conj	p
9	3	9	9	7	7	3	9	0	14	14	14	14	9	16	14	18	16	21	21	16	9	25	25	21	9	25	30	30	25	9
O	B-PERSON	I-PERSON	O	O	B-ORG	O	O	O	O	B-ORG	O	O	O	O	O	O	O	O	O	O	O	O	O	O	O	O	O	O	O	O
</negative>
<negative>
Scientists	for	the	group	,	Public	Citizen	,	asserted	that	the	EPA	had	for	five	years	delayed	publicizing	reports	that	the	chemical	was	far	more	dangerous	than	previously	thought	.
NNS	IN	DT	NN	,	NNP	NNP	,	VBD	IN	DT	NNP	VBD	IN	CD	NNS	VBN	VBG	NNS	IN	DT	NN	VBD	RB	RBR	JJ	IN	RB	VBD	.
nsubj	prep	det	pobj	p	nn	appos	p	root	complm	det	nsubj	aux	prep	num	pobj	ccomp	xcomp	dobj	complm	det	nsubj	cop	advmod	advmod	ccomp	mark	advmod	dep	p
9	1	4	2	9	7	4	9	0	17	12	17	17	17	16	14	9	17	18	26	22	26	26	26	26	18	29	29	26	9
O	O	O	O	O	B-ORG	I-ORG	O	O	O	O	B-ORG	O	O	B-DATE	I-DATE	O	O	O	O	O	O	O	O	O	O	O	O	O	O
</negative>
<negative>
Public	Citizen	also	accused	the	Occupational	Safety	and	Health	Administration	of	delays	in	issuing	tougher	rules	to	protect	workers	from	the	compound	.
NNP	NNP	RB	VBD	DT	NNP	NNP	CC	NNP	NNP	IN	NNS	IN	VBG	JJR	NNS	TO	VB	NNS	IN	DT	NN	.
nn	nsubj	advmod	root	det	nn	dobj	cc	nn	conj	prep	pobj	prep	pcomp	amod	dobj	aux	xcomp	dobj	prep	det	pobj	p
2	4	4	0	7	7	4	7	10	7	7	11	4	13	16	14	18	14	18	18	22	20	4
O	O	O	O	B-ORG	I-ORG	I-ORG	I-ORG	I-ORG	I-ORG	O	O	O	O	O	O	O	O	O	O	O	O	O
</negative>
<negative>
Peter	Lurie	,	deputy	director	of	Public	Citizens	'	Health	Research	Group	,	said	the	delays	in	regulating	the	compound	reflected	what	he	called	the	administration	's	systematic	underenforcement	in	occupational	safety	.
NNP	NNP	,	JJ	NN	IN	NNP	NNPS	POS	NNP	NNP	NNP	,	VBD	DT	NNS	IN	VBG	DT	NN	VBD	WP	PRP	VBD	DT	NN	POS	JJ	NN	IN	JJ	NN	.
nn	nsubj	p	amod	appos	prep	nn	poss	p	nn	nn	pobj	p	root	det	dobj	prep	pcomp	det	nsubj	ccomp	dobj	nsubj	ccomp	det	poss	possessive	amod	dobj	prep	amod	pobj	p
2	14	14	5	2	5	8	12	14	12	12	6	14	0	16	14	14	17	20	21	18	24	24	21	26	29	26	29	24	29	32	30	14
B-PERSON	I-PERSON	O	O	O	O	B-ORG	I-ORG	I-ORG	I-ORG	I-ORG	I-ORG	O	O	O	O	O	O	O	O	O	O	O	O	O	O	O	O	O	O	O	O	O
</negative>
<negative>
He	insisted	that	Public	Citizen	's	attacks	were	not	intended	to	advance	Nader	's	candidacy	.
PRP	VBD	IN	NNP	NNP	POS	NNS	VBD	RB	VBN	TO	VB	NNP	POS	NN	.
nsubj	root	complm	nn	poss	possessive	nsubjpass	auxpass	neg	ccomp	aux	xcomp	poss	possessive	dobj	p
2	0	10	5	7	5	10	10	10	2	12	10	15	13	12	2
O	O	O	O	O	O	O	O	O	O	O	O	B-PERSON	O	O	O
</negative>
<negative>
But	Public	Citizen	scientists	,	who	obtained	the	study	through	the	Freedom	of	Information	Act	,	faulted	the	agency	for	waiting	five	years	before	publishing	the	findings	.
CC	NNP	NNP	NNS	,	WP	VBD	DT	NN	IN	DT	NN	IN	NNP	NNP	,	VBZ	DT	NN	IN	VBG	CD	NNS	IN	VBG	DT	NNS	.
cc	nn	nn	nsubj	p	nsubj	rcmod	det	dobj	prep	det	pobj	prep	nn	pobj	p	root	det	dobj	prep	pcomp	num	tmod	prep	pcomp	det	dobj	p
17	4	4	17	17	7	4	9	7	7	12	10	12	15	13	17	0	19	17	17	20	23	21	21	24	27	25	17
O	B-ORG	I-ORG	O	O	O	O	O	O	O	O	B-ORG	I-ORG	I-ORG	I-ORG	O	O	O	O	O	O	B-DATE	I-DATE	O	O	O	O	O
</negative>
<negative>
Public	Citizen	officials	complained	Tuesday	that	no	rule	has	been	yet	proposed	,	though	OSHA	officials	said	they	plan	to	issue	a	rule	by	June	2001	.
NNP	NNP	NNS	VBD	NNP	IN	DT	NN	VBZ	VBN	RB	VBN	,	IN	NNP	NNS	VBD	PRP	VBP	TO	VB	DT	NN	IN	NNP	CD	.
nn	nn	nsubj	root	tmod	complm	det	nsubjpass	aux	auxpass	advmod	ccomp	p	mark	nn	nsubj	advcl	nsubj	ccomp	aux	xcomp	det	dobj	prep	pobj	num	p
3	3	4	0	4	12	8	12	12	12	12	4	4	17	16	17	12	19	17	21	19	23	21	21	24	25	4
O	O	O	O	B-DATE	O	O	O	O	O	O	O	O	O	B-ORG	O	O	O	O	O	O	O	O	O	B-DATE	I-DATE	O
</negative>
</QApairs>
<QApairs id='59.2'>
<question>
When	was	Public	Citizen	formed	?
WRB	VBD	NNP	NNP	VBN	.
advmod	auxpass	nn	nsubjpass	root	p
5	5	4	5	0	5
O	O	B-ORG	I-ORG	O	O
</question>
</QApairs>
<QApairs id='59.5'>
<question>
Who	is	Public	Citizen	's	current	head	?
WP	VBZ	NNP	NNP	POS	JJ	NN	.
attr	root	nn	poss	possessive	amod	nsubj	p
2	0	4	7	4	7	2	2
O	O	O	O	O	O	O	O
</question>
<positive>
They	ranged	from	Washington	-based	Public	Citizen	,	headed	by	Joan	Claybrook	,	former	administrator	of	the	National	Highway	Traffic	Safety	Administration	,	to	the	Western	Nebraska	Resources	Council	.
PRP	VBD	IN	NNP	NN	NNP	NNP	,	VBN	IN	NNP	NNP	,	JJ	NN	IN	DT	NNP	NNP	NNP	NNP	NNP	,	TO	DT	NNP	NNP	NNPS	NNP	.
nsubj	root	prep	nn	nn	nn	pobj	p	partmod	prep	nn	pobj	p	amod	appos	prep	det	nn	nn	nn	nn	pobj	p	prep	det	nn	nn	nn	pobj	p
2	0	2	7	7	7	3	2	7	9	12	10	2	15	12	15	22	22	22	22	22	16	2	9	29	29	29	29	24	2
O	O	O	B-GPE	O	B-ORG	I-ORG	O	O	O	B-PERSON	I-PERSON	O	O	O	O	B-ORG	I-ORG	I-ORG	I-ORG	I-ORG	I-ORG	O	O	O	B-ORG	I-ORG	I-ORG	I-ORG	O
Joan	Claybrook
11	12
</positive>
</QApairs>
<QApairs id='60.1'>
<question>
What	state	does	senator	Jim	Inhofe	represent	?
WDT	NN	VBZ	NN	NNP	NNP	VB	.
det	dobj	aux	nn	nn	nsubj	root	p
2	7	7	6	6	7	0	7
O	O	O	O	B-PERSON	I-PERSON	O	O
</question>
<positive>
Sen	.	James	M	.	Inhofe	,	R	-	Okla	.	,	a	leader	of	the	opposition	to	the	nomination	,	accused	Clinton	of	``	utter	contempt	of	the	Senate	and	its	role	in	the	confirmation	process.	''
NNP	.	NNP	NNP	.	NNP	,	NN	:	NNP	.	,	DT	NN	IN	DT	NN	TO	DT	NN	,	VBD	NNP	IN	``	JJ	NN	IN	DT	NNP	CC	PRP$	NN	IN	DT	NN	NN	''
nn	p	nn	nn	p	nsubj	p	appos	p	dep	p	p	det	appos	prep	det	pobj	prep	det	pobj	p	root	dobj	prep	p	amod	pobj	prep	det	pobj	cc	poss	conj	prep	det	nn	pobj	p
6	22	6	6	22	22	22	6	22	8	22	22	14	10	14	17	15	17	20	18	22	0	22	23	22	27	24	27	30	28	27	33	27	33	37	37	34	22
O	O	B-PERSON	I-PERSON	O	B-PERSON	O	O	O	B-GPE	O	O	O	O	O	O	O	O	O	O	O	O	B-PERSON	O	O	O	O	O	O	B-ORG	O	O	O	O	O	O	O	O
Okla
10
</positive>
<positive>
The	Associated	Press	erroneously	reported	last	Thursday	that	Sen	.	James	Inhofe	,	R	-	Okla	.	,	was	the	lone	senator	who	did	not	vote	when	the	Senate	confirmed	Lawrence	Summers	to	be	treasury	secretary	.
DT	NNP	NNP	RB	VBD	JJ	NNP	IN	NNP	.	NNP	NNP	,	NN	:	NNP	.	,	VBD	DT	JJ	NN	WP	VBD	RB	VB	WRB	DT	NNP	VBD	NNP	NNP	TO	VB	NN	NN	.
det	nn	nsubj	advmod	root	amod	tmod	complm	nn	p	nn	nsubj	p	appos	p	dep	p	p	cop	det	amod	ccomp	nsubj	aux	neg	rcmod	advmod	det	nsubj	advcl	nn	nsubj	aux	cop	nn	xcomp	p
3	3	5	5	0	7	5	22	12	5	12	22	5	12	5	14	5	5	22	22	22	5	26	26	26	22	30	29	30	26	32	36	36	36	36	30	5
B-ORG	I-ORG	I-ORG	O	O	B-DATE	I-DATE	O	O	O	B-PERSON	I-PERSON	O	O	O	B-GPE	O	O	O	O	O	O	O	O	O	O	O	O	B-ORG	O	B-PERSON	I-PERSON	O	O	O	O	O
Okla
16
</positive>
<positive>
Sen	.	James	Inhofe	,	R	-	Okla	.	,	accused	the	president	of	undermining	a	spirit	of	cooperation	when	he	made	17	temporary	appointments	while	the	Senate	was	not	in	session	during	August	.
NNP	.	NNP	NNP	,	NN	:	NNP	.	,	VBD	DT	NN	IN	VBG	DT	NN	IN	NN	WRB	PRP	VBD	CD	JJ	NNS	IN	DT	NNP	VBD	RB	IN	NN	IN	NNP	.
nn	p	nn	nsubj	p	appos	p	dep	p	p	root	det	dobj	prep	pcomp	det	dobj	prep	pobj	advmod	nsubj	dep	num	amod	dobj	mark	det	nsubj	advcl	neg	prep	pobj	prep	pobj	p
4	11	4	11	11	4	11	6	11	11	0	13	11	13	14	17	15	17	18	22	22	17	25	25	22	29	28	29	22	29	29	31	29	33	11
O	O	B-PERSON	I-PERSON	O	O	O	B-GPE	O	O	O	O	O	O	O	O	O	O	O	O	O	O	B-CARDINAL	O	O	O	O	B-ORG	O	O	O	O	O	B-DATE	O
Okla
8
</positive>
<negative>
Inhofe	,	R	-	Okla	.	,	was	not	injured	,	but	his	single-engine	airplane	was	slightly	damaged	,	said	press	secretary	Danny	Finnerty	.
NNP	,	NN	:	NNP	.	,	VBD	RB	VBN	,	CC	PRP$	JJ	NN	VBD	RB	JJ	,	VBD	NN	NN	NNP	NNP	.
nsubjpass	p	appos	p	dep	p	p	auxpass	neg	ccomp	p	cc	poss	amod	nsubj	cop	advmod	conj	p	root	nn	nn	nn	nsubj	p
10	20	1	20	3	20	20	10	10	20	20	10	15	15	18	18	18	10	20	0	24	24	24	20	20
B-PERSON	O	O	O	B-GPE	O	O	O	O	O	O	O	O	O	O	O	O	O	O	O	O	O	B-PERSON	I-PERSON	O
</negative>
<negative>
Inhofe	,	an	experienced	,	commercially	rated	pilot	,	was	en	route	from	northeastern	Oklahoma	to	Oklahoma	City	,	where	he	was	to	meet	President	,	who	was	touring	tornado-ravaged	parts	of	central	Oklahoma	.
NNP	,	DT	JJ	,	RB	JJ	NN	,	VBD	IN	NN	IN	JJ	NNP	TO	NNP	NNP	,	WRB	PRP	VBD	TO	VB	NNP	,	WP	VBD	VBG	JJ	NNS	IN	JJ	NNP	.
nsubj	p	det	amod	p	advmod	amod	appos	p	root	advmod	dep	prep	amod	pobj	prep	nn	pobj	p	advmod	nsubj	advcl	aux	xcomp	dobj	p	nsubj	aux	rcmod	amod	dobj	prep	amod	pobj	p
10	10	8	7	10	7	8	1	10	0	10	11	11	15	13	10	18	16	10	22	22	10	24	22	24	10	29	29	25	31	29	31	34	32	10
B-PERSON	O	O	O	O	O	O	O	O	O	O	O	O	O	B-GPE	O	B-GPE	I-GPE	O	O	O	O	O	O	O	O	O	O	O	O	O	O	O	B-GPE	O
</negative>
<negative>
Sen	.	James	Inhofe	of	Oklahoma	is	currently	in	line	to	ascend	to	the	chairmanship	,	holding	the	greatest	seniority	among	the	panel	's	GOP	members	.
NNP	.	NNP	NNP	IN	NNP	VBZ	RB	IN	NN	TO	VB	TO	DT	NN	,	VBG	DT	JJS	NN	IN	DT	NN	POS	NNP	NNS	.
nn	p	nn	nsubj	prep	pobj	root	advmod	prep	pobj	aux	xcomp	prep	det	pobj	p	xcomp	det	amod	dobj	prep	det	poss	possessive	nn	pobj	p
4	7	4	7	4	5	0	7	7	9	12	7	12	15	13	7	12	20	20	17	20	23	26	23	26	21	7
O	O	B-PERSON	I-PERSON	O	B-GPE	O	O	O	O	O	O	O	O	O	O	O	O	O	O	O	O	O	O	B-ORG	O	O
</negative>
<negative>
In	addition	,	he	attended	GOP	fund-raising	events	in	his	home	state	and	Washington	.
IN	NN	,	PRP	VBD	NNP	JJ	NNS	IN	PRP$	NN	NN	CC	NNP	.
prep	pobj	p	nsubj	root	nn	amod	dobj	prep	poss	nn	pobj	cc	conj	p
5	1	5	5	0	8	8	5	5	12	12	9	12	12	5
O	O	O	O	O	B-ORG	O	O	O	O	O	O	O	B-GPE	O
</negative>
<negative>
Sen	.	James	Inhofe	of	Oklahoma	,	who	is	one	seat	below	Smith	on	the	panel	,	has	also	made	clear	his	desire	for	the	chairmanship	.
NNP	.	NNP	NNP	IN	NNP	,	WP	VBZ	CD	NN	IN	NNP	IN	DT	NN	,	VBZ	RB	VBN	VB	PRP$	NN	IN	DT	NN	.
nn	p	nn	nsubj	prep	pobj	p	nsubj	cop	num	rcmod	prep	pobj	prep	det	pobj	p	aux	advmod	root	ccomp	poss	dobj	prep	det	pobj	p
4	20	4	20	4	5	20	11	11	11	4	11	12	13	16	14	20	20	20	0	20	23	21	21	26	24	20
O	O	B-PERSON	I-PERSON	O	B-GPE	O	O	O	O	O	O	B-PERSON	O	O	O	O	O	O	O	O	O	O	O	O	O	O
</negative>
<negative>
The	Oklahoma	Republican	said	Clinton	violated	the	agreement	in	August	with	'	'17	recess	appointments	in	just	an	arrogant	defiance	of	the	Senate	's	prerogative	of	advice	and	consent.	''
DT	NNP	NNP	VBD	NNP	VBD	DT	NN	IN	NNP	IN	''	CD	NN	NNS	IN	RB	DT	JJ	NN	IN	DT	NNP	POS	NN	IN	NN	CC	NN	''
det	nn	nsubj	root	nsubj	ccomp	det	dobj	prep	pobj	prep	p	num	nn	pobj	prep	advmod	det	amod	pobj	prep	det	poss	possessive	pobj	prep	pobj	cc	conj	p
3	3	4	0	6	4	8	6	6	9	6	4	15	15	11	15	20	20	20	16	20	23	25	23	21	25	26	27	27	4
O	B-GPE	B-NORP	O	B-PERSON	O	O	O	O	B-DATE	O	O	B-DATE	O	O	O	O	O	O	O	O	O	B-ORG	O	O	O	O	O	O	O
</negative>
<negative>
The	occasion	was	the	state	Republican	Convention	in	Fort	Worth	.
DT	NN	VBD	DT	NN	JJ	NN	IN	NNP	NNP	.
det	nsubj	cop	det	nn	amod	root	prep	nn	pobj	p
2	7	7	7	7	7	0	7	10	8	7
O	O	O	O	O	B-ORG	I-ORG	O	B-GPE	I-GPE	O
</negative>
<negative>
He	was	first	elected	to	office	in	1956	as	a	Rhode	Island	state	representative	and	served	until	1963	,	when	he	was	elected	governor	for	the	first	of	three	terms	.
PRP	VBD	RB	VBN	TO	NN	IN	CD	IN	DT	NNP	NNP	NN	NN	CC	VBN	IN	CD	,	WRB	PRP	VBD	VBN	NN	IN	DT	JJ	IN	CD	NNS	.
nsubjpass	auxpass	advmod	root	prep	pobj	prep	pobj	prep	det	nn	nn	nn	pobj	cc	conj	prep	pobj	p	advmod	nsubjpass	auxpass	advcl	dobj	prep	det	pobj	prep	num	pobj	p
4	4	4	0	4	5	6	7	4	14	14	14	14	9	4	4	16	17	4	23	23	23	4	23	23	27	25	27	30	28	4
O	O	O	O	O	O	O	B-DATE	O	O	B-GPE	I-GPE	O	O	O	O	O	B-DATE	O	O	O	O	O	O	O	O	B-ORDINAL	O	B-CARDINAL	O	O
</negative>
<negative>
And	Representative	Bob	Weygand	,	a	Democrat	from	Rhode	Island	who	is	also	running	for	the	seat	,	said	he	hoped	``	people	would	take	time	out	to	allow	the	family	to	grieve	,	and	the	state	to	grieve.	''
CC	NNP	NNP	NNP	,	DT	NNP	IN	NNP	NNP	WP	VBZ	RB	VBG	IN	DT	NN	,	VBD	PRP	VBD	``	NNS	MD	VB	NN	RP	TO	VB	DT	NN	TO	VB	,	CC	DT	NN	TO	NN	''
cc	nn	nn	nsubj	p	det	nsubj	prep	nn	pobj	nsubj	aux	advmod	rcmod	prep	det	pobj	p	root	nsubj	ccomp	p	nsubj	aux	ccomp	dobj	prt	aux	xcomp	det	dobj	aux	infmod	p	cc	det	conj	prep	pobj	p
19	4	4	19	19	7	19	7	10	8	14	14	14	10	14	17	15	19	0	21	19	19	25	25	21	25	25	29	25	31	29	33	31	19	31	37	31	37	38	19
O	O	B-PERSON	I-PERSON	O	O	B-NORP	O	B-GPE	I-GPE	O	O	O	O	O	O	O	O	O	O	O	O	O	O	O	O	O	O	O	O	O	O	O	O	O	O	O	O	O	O
</negative>
<negative>
But	because	Smith	has	switched	from	the	Republican	Party	to	become	an	Independent	,	the	chairmanship	will	likely	go	to	Senator	James	M	.	Inhofe	,	Republican	of	Oklahoma	,	Senate	aides	said	.
CC	IN	NNP	VBZ	VBN	IN	DT	NNP	NNP	TO	VB	DT	NNP	,	DT	NN	MD	RB	VB	TO	NNP	NNP	NNP	.	NNP	,	NNP	IN	NNP	,	NNP	NNS	VBD	.
cc	mark	nsubj	aux	dep	prep	det	nn	pobj	aux	cop	det	xcomp	p	det	nsubj	aux	advmod	parataxis	prep	nn	nn	nn	p	pobj	p	appos	prep	pobj	p	nn	nsubj	root	p
33	5	5	5	33	5	9	9	6	13	13	13	5	33	16	19	19	19	33	19	25	25	25	33	20	33	25	27	28	33	32	33	0	33
O	O	B-PERSON	O	O	O	B-ORG	I-ORG	I-ORG	O	O	O	O	O	O	O	O	O	O	O	O	B-PERSON	I-PERSON	O	B-PERSON	O	B-NORP	O	B-GPE	O	B-ORG	O	O	O
</negative>
<negative>
WASHINGTON	_	Sen	.	John	Ashcroft	disputes	an	Oklahoma	colleague	's	statement	last	week	that	the	Missouri	Republican	was	among	18	senators	who	favored	blocking	President	Clinton	's	judicial	nominations	for	the	rest	of	his	term	.
NNP	NNP	NNP	.	NNP	NNP	VBZ	DT	NNP	NN	POS	NN	JJ	NN	IN	DT	NNP	NNP	VBD	IN	CD	NNS	WP	VBD	VBG	NNP	NNP	POS	JJ	NNS	IN	DT	NN	IN	PRP$	NN	.
nn	nn	nn	p	nn	nsubj	root	det	nn	poss	possessive	dobj	amod	dep	complm	det	nn	nsubj	dep	prep	num	pobj	nsubj	rcmod	xcomp	nn	poss	possessive	amod	dobj	prep	det	pobj	prep	poss	pobj	p
6	6	6	7	6	7	0	10	10	12	10	7	14	12	19	18	18	19	12	19	22	20	24	22	24	27	30	27	30	25	25	33	31	33	36	34	7
B-GPE	O	O	O	B-PERSON	I-PERSON	O	O	B-GPE	O	O	O	B-DATE	I-DATE	O	O	B-GPE	B-NORP	O	O	B-CARDINAL	O	O	O	O	O	B-PERSON	O	O	O	O	O	O	O	O	O	O
</negative>
</QApairs>
<QApairs id='60.4'>
<question>
What	branch	of	the	service	did	senator	Jim	Inhofe	serve	in	?
WDT	NN	IN	DT	NN	VBD	NN	NNP	NNP	VB	RP	.
det	dep	prep	det	pobj	aux	nn	nn	nsubj	root	prt	p
2	10	2	5	3	10	9	9	10	0	10	10
O	O	O	O	O	O	O	B-PERSON	I-PERSON	O	O	O
</question>
<positive>
``	Clinton	's	unquestionably	the	worst	commander	in	chief	in	the	history	of	America	,	''	Inhofe	,	an	Army	veteran	who	sits	on	the	Armed	Services	Committee	,	said	in	a	recent	telephone	interview	.
``	NNP	VBZ	RB	DT	JJS	NN	IN	NN	IN	DT	NN	IN	NNP	,	''	NNP	,	DT	NNP	NN	WP	VBZ	IN	DT	NNP	NNPS	NNP	,	VBD	IN	DT	JJ	NN	NN	.
p	nsubj	cop	advmod	det	amod	ccomp	prep	pobj	prep	det	pobj	prep	pobj	p	p	nsubj	p	det	nn	appos	nsubj	rcmod	prep	det	nn	nn	pobj	p	root	prep	det	amod	nn	pobj	p
30	7	7	7	7	7	30	7	8	9	12	10	12	13	30	30	30	30	21	21	17	23	21	23	28	28	28	24	30	0	30	35	35	35	31	30
O	B-PERSON	O	O	O	O	O	O	O	O	O	O	O	B-GPE	O	O	B-PERSON	O	O	B-ORG	O	O	O	O	B-ORG	I-ORG	I-ORG	I-ORG	O	O	O	O	O	O	O	O
Army
20
</positive>
</QApairs>
<QApairs id='61.1'>
<question>
Who	founded	the	Muslim	Brotherhood	?
WP	VBD	DT	JJ	NNP	.
nsubj	root	det	amod	dobj	p
2	0	5	5	2	2
O	O	B-ORG	I-ORG	I-ORG	O
</question>
<positive>
The	brotherhood	,	founded	by	Hassan	el-Banna	in	Egypt	in	1928	,	grew	into	a	vast	movement	with	tens	of	thousands	of	supporters	in	Egypt	and	branches	throughout	the	Arab	world	.
DT	NN	,	VBN	IN	NNP	NNP	IN	NNP	IN	CD	,	VBD	IN	DT	JJ	NN	IN	NNS	IN	NNS	IN	NNS	IN	NNP	CC	NNS	IN	DT	JJ	NN	.
det	nsubj	p	partmod	prep	nn	pobj	prep	pobj	prep	pobj	p	root	prep	det	amod	pobj	prep	dep	quantmod	pobj	prep	pobj	prep	pobj	cc	conj	prep	det	amod	pobj	p
2	13	13	2	4	7	5	7	8	4	10	13	0	13	17	17	14	13	21	21	18	21	22	23	24	21	21	27	31	31	28	13
O	O	O	O	O	B-PERSON	I-PERSON	O	B-GPE	O	B-DATE	O	O	O	O	O	O	O	B-CARDINAL	I-CARDINAL	I-CARDINAL	O	O	O	B-GPE	O	O	O	O	B-NORP	O	O
Hassan	el-Banna
6	7
</positive>
<negative>
The	Muslim	Brotherhood	is	outlawed	and	many	of	its	leaders	are	behind	bars	.
DT	JJ	NNP	VBZ	VBN	CC	JJ	IN	PRP$	NNS	VBP	IN	NNS	.
det	amod	nsubjpass	auxpass	root	cc	nsubj	prep	poss	pobj	conj	prep	pobj	p
3	3	5	5	0	5	11	7	10	8	5	11	12	5
B-ORG	I-ORG	I-ORG	O	O	O	O	O	O	O	O	O	O	O
</negative>
<negative>
Despite	the	religious	covering	for	the	event	,	Mamoun	el-Hodeiby	,	the	deputy	lead	of	the	movement	,	concedes	it	was	meant	to	demonstrate	the	brotherhood	's	popularity	.
IN	DT	JJ	NN	IN	DT	NN	,	JJ	NN	,	DT	JJ	NN	IN	DT	NN	,	VBZ	PRP	VBD	VBN	TO	VB	DT	NN	POS	NN	.
prep	det	amod	pobj	prep	det	pobj	p	amod	nsubj	p	det	amod	appos	prep	det	pobj	p	root	nsubjpass	auxpass	ccomp	aux	xcomp	det	poss	possessive	dobj	p
19	4	4	1	4	7	5	19	10	19	19	14	14	10	14	17	15	19	0	22	22	19	24	22	26	28	26	24	19
O	O	O	O	O	O	O	O	B-PERSON	I-PERSON	O	O	O	O	O	O	O	O	O	O	O	O	O	O	O	O	O	O	O
</negative>
<negative>
``	This	is	testimony	that	everyone	recognizes	that	the	brotherhood	is	not	a	marginal	organization	but	a	mass	movement	which	enjoys	the	trust	and	confidence	of	all	walks	of	life	,	''	he	told	The	Associated	Press	on	Wednesday	.
``	DT	VBZ	NN	IN	NN	VBZ	IN	DT	NN	VBZ	RB	DT	JJ	NN	CC	DT	JJ	NN	WDT	VBZ	DT	NN	CC	NN	IN	DT	NN	IN	NN	,	''	PRP	VBD	DT	NNP	NNP	IN	NNP	.
p	nsubj	cop	ccomp	complm	nsubj	ccomp	complm	det	nsubj	cop	neg	det	amod	ccomp	prep	det	amod	dep	nsubj	rcmod	det	dobj	cc	conj	prep	det	pobj	prep	pobj	p	p	nsubj	root	det	nn	dobj	prep	pobj	p
34	4	4	34	7	7	4	15	10	15	15	15	15	15	7	15	19	19	16	21	19	23	21	23	23	23	28	26	28	29	34	34	34	0	37	37	34	34	38	34
O	O	O	O	O	O	O	O	O	O	O	O	O	O	O	O	O	O	O	O	O	O	O	O	O	O	O	O	O	O	O	O	O	O	B-ORG	I-ORG	I-ORG	O	B-DATE	O
</negative>
<negative>
It	was	long	unofficially	tolerated	,	but	since	1995	the	government	has	clamped	down	on	the	group	,	accusing	it	of	supporting	a	violent	campaign	by	Muslim	militants	to	overthrow	the	secular	government	.
PRP	VBD	RB	RB	VBN	,	CC	IN	CD	DT	NN	VBZ	VBN	RP	IN	DT	NN	,	VBG	PRP	IN	VBG	DT	JJ	NN	IN	JJ	NNS	TO	VB	DT	NN	NN	.
nsubjpass	auxpass	advmod	advmod	root	p	cc	prep	pobj	det	nsubj	aux	conj	prt	prep	det	pobj	p	xcomp	dobj	prep	pcomp	det	amod	dobj	prep	amod	pobj	aux	xcomp	det	nn	dobj	p
5	5	5	5	0	5	5	13	8	11	13	13	5	13	13	17	15	5	13	19	19	21	25	25	22	22	28	26	30	22	33	33	30	5
O	O	O	O	O	O	O	O	B-DATE	O	O	O	O	O	O	O	O	O	O	O	O	O	O	O	O	O	B-NORP	O	O	O	O	O	O	O
</negative>
<negative>
It	also	received	support	from	leading	opposition	figures	who	said	the	brotherhood	should	be	accepted	as	a	legal	political	party	.
PRP	RB	VBD	NN	IN	VBG	NN	NNS	WP	VBD	DT	NN	MD	VB	VBN	IN	DT	JJ	JJ	NN	.
nsubj	advmod	root	dobj	prep	amod	nn	pobj	nsubj	rcmod	det	nsubjpass	aux	auxpass	ccomp	prep	det	amod	amod	pobj	p
3	3	0	3	3	8	8	5	10	8	12	15	15	15	10	15	20	20	20	16	3
O	O	O	O	O	O	O	O	O	O	O	O	O	O	O	O	O	O	O	O	O
</negative>
<negative>
``	The	brotherhood	is	a	national	movement	which	has	deep	roots	in	our	society	,	''	Abdel	Adhim	Manaf	,	a	leader	of	the	pan-	Arab	Nasserite	Party	,	said	in	an	interview	Tuesday	.
``	DT	NN	VBZ	DT	JJ	NN	WDT	VBZ	JJ	NNS	IN	PRP$	NN	,	''	NNP	NNP	NNP	,	DT	NN	IN	DT	NNP	NNP	NNP	NNP	,	VBD	IN	DT	NN	NNP	.
p	det	nsubj	cop	det	amod	ccomp	nsubj	rcmod	amod	dobj	prep	poss	pobj	p	p	nn	nn	nsubj	p	det	appos	prep	det	nn	nn	nn	pobj	p	root	prep	det	pobj	tmod	p
30	3	7	7	7	7	30	9	7	11	9	11	14	12	30	30	19	19	30	30	22	19	22	28	28	28	28	23	30	0	30	33	31	30	30
O	O	O	O	O	O	O	O	O	O	O	O	O	O	O	O	B-PERSON	I-PERSON	I-PERSON	O	O	O	O	O	O	B-ORG	I-ORG	I-ORG	O	O	O	O	O	B-DATE	O
</negative>
<negative>
``	All	my	life	I	believed	that	the	brotherhood	worked	for	the	...
``	DT	JJ	NN	NN	VBD	IN	DT	NN	VBD	IN	DT	:
p	det	amod	nn	nsubj	root	complm	det	nsubj	ccomp	prep	pobj	p
6	5	5	5	6	0	10	9	10	6	10	11	6
O	O	O	O	O	O	O	O	O	O	O	O	O
</negative>
<negative>
The	brotherhood	in	Egypt	has	undergone	a	split	in	recent	years	.
DT	NN	IN	NNP	VBZ	VBN	DT	NN	IN	JJ	NNS	.
det	nsubj	prep	pobj	aux	root	det	dobj	prep	amod	pobj	p
2	6	2	3	6	0	8	6	8	11	9	6
O	O	O	B-GPE	O	O	O	O	O	B-DATE	I-DATE	O
</negative>
<negative>
El-Hodeiby	said	the	brotherhood	itself	is	not	giving	up	its	demand	for	official	recognition	as	a	political	party	.
NN	VBD	DT	NN	PRP	VBZ	RB	VBG	RP	PRP$	NN	IN	JJ	NN	IN	DT	JJ	NN	.
nsubj	root	det	dobj	nsubj	aux	neg	rcmod	prt	poss	dobj	prep	amod	pobj	prep	det	amod	pobj	p
2	0	4	2	8	8	8	4	8	11	8	11	14	12	8	18	18	15	2
B-ORG	O	O	O	O	O	O	O	O	O	O	O	O	O	O	O	O	O	O
</negative>
<negative>
CAIRO	,	May	28	-LRB-	Xinhua	-RRB-	--	Egyptian	police	detained	15	suspected	members	of	the	banned	Muslim	fundamentalist	group	,	the	Muslim	Brotherhood	,	in	the	past	10	days	,	security	officials	said	on	Sunday	.
NNP	,	NNP	CD	-LRB-	NNP	-RRB-	:	JJ	NNS	VBN	CD	VBN	NNS	IN	DT	VBN	JJ	JJ	NN	,	DT	JJ	NN	,	IN	DT	JJ	CD	NNS	,	NN	NNS	VBN	IN	NNP	.
nn	p	root	num	p	appos	p	p	amod	dep	partmod	num	amod	dobj	prep	det	amod	amod	amod	pobj	p	det	amod	appos	p	prep	det	amod	num	pobj	p	nn	appos	partmod	prep	pobj	p
3	3	0	3	3	3	3	3	10	3	10	14	14	11	14	20	20	20	20	15	3	24	24	20	3	20	30	30	30	26	3	33	20	33	34	35	3
O	O	B-DATE	I-DATE	O	B-ORG	O	O	B-NORP	O	O	B-CARDINAL	O	O	O	O	O	B-NORP	O	O	O	B-ORG	I-ORG	I-ORG	O	O	O	O	B-DATE	I-DATE	O	O	O	O	O	B-DATE	O
</negative>
<negative>
More	than	100	members	of	the	Muslim	Brotherhood	have	been	arrested	since	October	1999	,	dozens	of	whom	since	the	beginning	of	this	month	,	in	a	growing	government	crackdown	on	the	movement	.
JJR	IN	CD	NNS	IN	DT	JJ	NNP	VBP	VBN	VBN	IN	NNP	CD	,	NNS	IN	WP	IN	DT	NN	IN	DT	NN	,	IN	DT	VBG	NN	NN	IN	DT	NN	.
mwe	quantmod	num	nsubjpass	prep	det	amod	pobj	aux	auxpass	root	prep	pobj	num	p	appos	prep	pobj	prep	det	pobj	prep	det	pobj	p	prep	det	amod	nn	pobj	prep	det	pobj	p
2	3	4	11	4	8	8	5	11	11	0	11	12	13	11	13	16	17	11	21	19	21	24	22	11	11	30	30	30	26	30	33	31	11
B-CARDINAL	I-CARDINAL	I-CARDINAL	O	O	B-ORG	I-ORG	I-ORG	O	O	O	O	B-DATE	I-DATE	O	B-CARDINAL	O	O	O	O	O	O	B-DATE	I-DATE	O	O	O	O	O	O	O	O	O	O
</negative>
<negative>
The	Brotherhood	,	Egypt	's	largest	Muslim	fundamentalist	group	,	was	banned	in	1954	by	the	former	president	,	Gamal	Abdel	Nasser	,	but	has	enjoyed	intermittent	periods	of	official	tolerance	.
DT	NNP	,	NNP	POS	JJS	NN	JJ	NN	,	VBD	VBN	IN	CD	IN	DT	JJ	NN	,	NNP	NNP	NNP	,	CC	VBZ	VBN	JJ	NNS	IN	JJ	NN	.
det	nsubjpass	p	poss	possessive	amod	nn	amod	appos	p	auxpass	root	prep	pobj	prep	det	amod	pobj	p	nn	nn	appos	p	cc	aux	conj	amod	dobj	prep	amod	pobj	p
2	12	12	9	4	9	9	9	2	12	12	0	12	13	12	18	18	15	12	22	22	18	12	12	26	12	28	26	28	31	29	12
B-ORG	I-ORG	O	B-GPE	O	O	B-NORP	O	O	O	O	O	O	B-DATE	O	O	O	O	O	B-PERSON	I-PERSON	I-PERSON	O	O	O	O	O	O	O	O	O	O
</negative>
</QApairs>
<QApairs id='61.2'>
<question>
When	was	the	Muslim	Brotherhood	formed	?
WRB	VBD	DT	JJ	NNP	VBN	.
advmod	auxpass	det	amod	nsubjpass	root	p
6	6	5	5	6	0	6
O	O	B-ORG	I-ORG	I-ORG	O	O
</question>
<positive>
Formed	in	1928	,	the	Muslim	Brotherhood	was	banned	in	1954	,	but	was	tolerated	by	the	government	until	1995	,	when	authorities	arrested	at	least	200	brotherhood	members	.
VBN	IN	CD	,	DT	JJ	NNP	VBD	VBN	IN	CD	,	CC	VBD	VBN	IN	DT	NN	IN	CD	,	WRB	NNS	VBN	IN	JJS	CD	JJ	NNS	.
partmod	prep	pobj	p	det	amod	nsubjpass	auxpass	root	prep	pobj	p	cc	auxpass	conj	prep	det	pobj	prep	pobj	p	advmod	nsubj	advcl	quantmod	mwe	num	amod	dobj	p
9	1	2	9	7	7	9	9	0	9	10	9	9	15	9	15	18	16	15	19	9	24	24	15	27	25	29	29	24	9
O	O	B-DATE	O	B-ORG	I-ORG	I-ORG	O	O	O	B-DATE	O	O	O	O	O	O	O	O	B-DATE	O	O	O	O	B-CARDINAL	I-CARDINAL	I-CARDINAL	O	O	O
1928
3
</positive>
<positive>
The	Muslim	Brotherhood	was	founded	in	1928	and	banned	in	1954	.
DT	JJ	NNP	VBD	VBN	IN	CD	CC	VBN	IN	CD	.
det	amod	nsubjpass	auxpass	root	prep	pobj	cc	conj	prep	pobj	p
3	3	5	5	0	5	6	5	5	9	10	5
B-ORG	I-ORG	I-ORG	O	O	O	B-DATE	O	O	O	B-DATE	O
1928
7
</positive>
<positive>
Formed	in	1928	,	the	Muslim	Brotherhood	was	banned	in	1954	,	but	the	government	of	President	Hosni	Mubarak	had	tolerated	it	until	1995	.
VBN	IN	CD	,	DT	JJ	NNP	VBD	VBN	IN	CD	,	CC	DT	NN	IN	NNP	NNP	NNP	VBD	VBN	PRP	IN	CD	.
partmod	prep	pobj	p	det	amod	nsubjpass	auxpass	root	prep	pobj	p	cc	det	nsubj	prep	nn	nn	pobj	aux	conj	dobj	prep	pobj	p
9	1	2	9	7	7	9	9	0	9	10	9	9	15	21	15	19	19	16	21	9	21	21	23	9
O	O	B-DATE	O	B-ORG	I-ORG	I-ORG	O	O	O	B-DATE	O	O	O	O	O	O	B-PERSON	I-PERSON	O	O	O	O	B-DATE	O
1928
3
</positive>
<positive>
Formed	in	1928	,	the	Muslim	Brotherhood	was	banned	in	1954	.
VBN	IN	CD	,	DT	JJ	NNP	VBD	VBN	IN	CD	.
partmod	prep	pobj	p	det	amod	nsubjpass	auxpass	root	prep	pobj	p
9	1	2	9	7	7	9	9	0	9	10	9
O	O	B-DATE	O	B-ORG	I-ORG	I-ORG	O	O	O	B-DATE	O
1928
3
</positive>
<positive>
The	Muslim	Brotherhood	,	Egypt	's	biggest	fundamentalist	group	established	in	1928	,	advocates	turning	Egypt	into	a	strict	Muslim	state	by	political	means	,	setting	itself	apart	from	militant	groups	that	took	up	arms	in	1992	.
DT	JJ	NN	,	NNP	POS	JJS	JJ	NN	VBN	IN	CD	,	VBZ	VBG	NNP	IN	DT	JJ	JJ	NN	IN	JJ	NNS	,	VBG	PRP	RB	IN	JJ	NNS	WDT	VBD	RP	NNS	IN	CD	.
det	amod	nsubj	p	poss	possessive	amod	amod	appos	partmod	prep	pobj	p	root	xcomp	dobj	prep	det	amod	amod	pobj	prep	amod	pobj	p	xcomp	dobj	advmod	prep	amod	pobj	nsubj	rcmod	prt	dobj	prep	pobj	p
3	3	14	14	9	5	9	9	3	9	10	11	14	0	14	15	15	21	21	21	17	15	24	22	14	14	26	26	26	31	29	33	31	33	33	35	36	14
B-ORG	I-ORG	I-ORG	O	B-GPE	O	O	O	O	O	O	B-DATE	O	O	O	B-GPE	O	O	O	B-NORP	O	O	O	O	O	O	O	O	O	O	O	O	O	O	O	O	B-DATE	O
1928
12
</positive>
</QApairs>
<QApairs id='61.3'>
<question>
What	is	Muslim	Brotherhood	's	goal	?
WP	VBZ	NNP	NNP	POS	NN	.
attr	root	nn	poss	possessive	nsubj	p
2	0	4	6	4	2	2
O	O	B-ORG	I-ORG	I-ORG	O	O
</question>
<positive>
It	is	banned	in	Egypt	though	the	group	pledges	it	wants	to	achieve	its	goal	of	strict	Islamic	rule	only	through	peaceful	means	.
PRP	VBZ	VBN	IN	NNP	IN	DT	NN	VBZ	PRP	VBZ	TO	VB	PRP$	NN	IN	JJ	JJ	NN	RB	IN	JJ	NNS	.
nsubjpass	auxpass	root	prep	pobj	mark	det	nsubj	advcl	nsubj	ccomp	aux	xcomp	poss	dobj	prep	amod	amod	pobj	advmod	prep	amod	pobj	p
3	3	0	3	4	9	8	9	3	11	9	13	11	15	13	15	19	19	16	21	13	23	21	3
O	O	O	O	B-GPE	O	O	O	O	O	O	O	O	O	O	O	O	B-NORP	O	O	O	O	O	O
of	strict	Islamic	rule	only	through	peaceful	means
16	17	18	19	20	21	22	23
</positive>
</QApairs>
<QApairs id='62.1'>
<question>
Where	is	the	Berkman	Center	for	Internet	and	Society	located	?
WRB	VBZ	DT	NNP	NNP	IN	NNP	CC	NNP	VBN	.
advmod	auxpass	det	nn	nsubjpass	prep	pobj	cc	conj	root	p
10	10	5	5	10	5	6	7	7	0	10
O	O	B-ORG	I-ORG	I-ORG	I-ORG	I-ORG	I-ORG	I-ORG	O	O
</question>
<positive>
Jonathan	Zittrain	,	executive	director	of	the	Berkman	Center	for	Internet	and	Society	at	Harvard	Law	School	,	maintains	computer	communication	is	most	effective	when	``	it	's	between	two	people	with	a	strong	nuanced	e-mail	relationship.	''
NNP	NNP	,	JJ	NN	IN	DT	NNP	NNP	IN	NNP	CC	NNP	IN	NNP	NNP	NNP	,	VBZ	NN	NN	VBZ	RBS	JJ	WRB	``	PRP	VBZ	IN	CD	NNS	IN	DT	JJ	JJ	JJ	NN	''
nn	nsubj	p	amod	appos	prep	det	nn	pobj	prep	pobj	cc	conj	prep	nn	nn	pobj	p	root	nn	nsubj	cop	advmod	ccomp	advmod	p	nsubj	dep	prep	num	pobj	prep	det	amod	amod	amod	pobj	p
2	19	19	5	2	5	9	9	6	9	10	11	11	5	17	17	14	19	0	21	24	24	24	19	28	19	28	24	28	31	29	28	37	37	37	37	32	19
B-PERSON	I-PERSON	O	O	O	O	B-ORG	I-ORG	I-ORG	I-ORG	I-ORG	I-ORG	I-ORG	O	B-ORG	I-ORG	I-ORG	O	O	O	O	O	O	O	O	O	O	O	O	B-CARDINAL	O	O	O	O	O	O	O	O
Harvard
15
</positive>
<positive>
Jonathon	Zittrain	,	executive	director	of	Harvard	University	's	Berkman	Center	for	Internet	Society	,	points	out	that	computers	can	easily	be	programmed	to	keep	detailed	records	that	law	enforcement	could	potentially	check	to	track	down	criminals	.
NNP	NNP	,	JJ	NN	IN	NNP	NNP	POS	NNP	NNP	IN	NNP	NNP	,	VBZ	RP	IN	NNS	MD	RB	VB	VBN	TO	VB	JJ	NNS	IN	NN	NN	MD	RB	VB	TO	VB	RP	NNS	.
nn	nsubj	p	amod	appos	prep	nn	poss	possessive	nn	pobj	prep	nn	pobj	p	root	prt	complm	nsubjpass	aux	advmod	auxpass	ccomp	aux	xcomp	amod	dobj	complm	nn	nsubj	aux	advmod	ccomp	aux	xcomp	prt	dobj	p
2	16	16	5	2	5	8	11	8	11	6	11	14	12	16	0	16	23	23	23	23	23	16	25	23	27	25	33	30	33	33	33	25	35	33	35	35	16
B-PERSON	I-PERSON	O	O	O	O	B-ORG	I-ORG	I-ORG	I-ORG	I-ORG	I-ORG	I-ORG	I-ORG	O	O	O	O	O	O	O	O	O	O	O	O	O	O	O	O	O	O	O	O	O	O	O	O
Harvard
7
</positive>
<positive>
Jonathan	Zittrain	,	executive	director	of	Harvard	's	Berkman	Center	for	the	Internet	and	Society	,	predicts	that	a	new	generation	of	Internet	appliances	will	be	developed	,	specifically	for	the	distribution	of	legal	entertainment	content	.
NNP	NNP	,	JJ	NN	IN	NNP	POS	NNP	NNP	IN	DT	NNP	CC	NNP	,	VBZ	IN	DT	JJ	NN	IN	NN	NNS	MD	VB	VBN	,	RB	IN	DT	NN	IN	JJ	NN	NN	.
nn	nsubj	p	amod	appos	prep	poss	possessive	nn	pobj	prep	det	pobj	cc	conj	p	root	complm	det	amod	nsubjpass	prep	nn	pobj	aux	auxpass	ccomp	p	advmod	prep	det	pobj	prep	amod	nn	pobj	p
2	17	17	5	2	5	10	7	10	6	10	13	11	13	13	17	0	27	21	21	27	21	24	22	27	27	17	17	30	27	32	30	32	36	36	33	17
B-PERSON	I-PERSON	O	O	O	O	B-ORG	O	B-ORG	I-ORG	O	O	O	O	B-ORG	O	O	O	O	O	O	O	O	O	O	O	O	O	O	O	O	O	O	O	O	O	O
Harvard
7
</positive>
<negative>
``	He	expected	people	here	to	be	closed-minded	and	arrogant	,	''	says	Berkman	Center	professor	Lawrence	Lessig	,	a	cutting-edge	scholar	on	cyberspace	and	the	law	.
``	PRP	VBD	NNS	RB	TO	VB	JJ	CC	JJ	,	''	VBZ	NNP	NNP	NN	NNP	NNP	,	DT	JJ	NN	IN	NN	CC	DT	NN	.
p	nsubj	ccomp	dobj	advmod	aux	cop	xcomp	cc	conj	p	p	root	nn	nn	nn	nn	nsubj	p	det	amod	appos	prep	pobj	cc	det	conj	p
13	3	13	3	3	8	8	3	8	8	13	13	0	18	18	18	18	13	13	22	22	18	22	23	24	27	24	13
O	O	O	O	O	O	O	O	O	O	O	O	O	B-ORG	I-ORG	O	B-PERSON	I-PERSON	O	O	O	O	O	O	O	O	O	O
</negative>
<negative>
In	Havana	's	airport	,	several	laptops	carried	in	by	passengers	and	intended	for	dissident	groups	have	been	seized	in	the	last	couple	of	years	,	said	Frank	Calzon	,	executive	director	of	the	Center	for	a	Free	Cuba	.
IN	NNP	POS	NN	,	JJ	NNS	VBD	RP	IN	NNS	CC	VBD	IN	JJ	NNS	VBP	VBN	VBN	IN	DT	JJ	NN	IN	NNS	,	VBD	NNP	NNP	,	JJ	NN	IN	DT	NNP	IN	DT	NNP	NNP	.
prep	poss	possessive	pobj	p	amod	nsubj	ccomp	prt	prep	pobj	cc	conj	mark	amod	nsubjpass	aux	auxpass	advcl	prep	det	amod	pobj	prep	pobj	p	root	nn	nsubj	p	amod	appos	prep	det	pobj	prep	det	nn	pobj	p
8	4	2	1	27	7	8	27	8	8	10	8	8	19	16	19	19	19	13	19	23	23	20	23	24	27	0	29	27	27	32	29	32	35	33	35	39	39	36	27
O	B-GPE	O	O	O	O	O	O	O	O	O	O	O	O	O	O	O	O	O	O	O	O	O	O	O	O	O	B-PERSON	I-PERSON	O	O	O	O	B-ORG	I-ORG	O	O	O	B-GPE	O
</negative>
</QApairs>
<QApairs id='62.3'>
<question>
What	is	Berkman	Center	for	Internet	and	Society	's	mission	?
WP	VBZ	NNP	NNP	IN	NNP	CC	NNP	POS	NN	.
attr	root	nn	poss	prep	pobj	cc	conj	possessive	nsubj	p
2	0	4	10	4	5	6	6	4	2	2
O	O	B-ORG	I-ORG	O	O	O	B-ORG	O	O	O
</question>
<positive>
He	is	the	Berkman	professor	of	law	and	member	of	the	law	school	's	Berkman	Center	for	Internet	&	Society	,	a	research	center	that	studies	the	development	and	regulation	of	the	Internet	.
PRP	VBZ	DT	JJ	NN	IN	NN	CC	NN	IN	DT	NN	NN	POS	NNP	NNP	IN	NNP	CC	NNP	,	DT	NN	NN	WDT	VBZ	DT	NN	CC	NN	IN	DT	NN	.
nsubj	cop	det	amod	root	prep	pobj	cc	conj	prep	det	nn	poss	possessive	nn	pobj	prep	pobj	cc	conj	p	det	nn	appos	nsubj	rcmod	det	dobj	cc	conj	prep	det	pobj	p
5	5	5	5	0	5	6	7	7	5	13	13	16	13	16	10	16	17	18	18	5	24	24	18	26	24	28	26	28	28	28	33	31	5
O	O	O	B-ORG	O	O	O	O	O	O	O	O	O	O	B-ORG	I-ORG	I-ORG	I-ORG	I-ORG	I-ORG	O	O	O	O	O	O	O	O	O	O	O	O	O	O
studies	the	development	and	regulation	of	the	Internet
26	27	28	29	30	31	32	33
</positive>
</QApairs>
<QApairs id='63.1'>
<question>
What	kind	of	insect	is	a	boll	weevil	?
WDT	NN	IN	NN	VBZ	DT	JJ	NN	.
det	attr	prep	pobj	root	det	amod	nsubj	p
2	5	2	3	0	8	8	5	5
O	O	O	O	O	O	O	O	O
</question>
<positive>
Boll	weevils	,	beetles	that	destroy	cotton	,	are	proliferating	because	cash-strapped	farmers	can	not	pay	for	eradication	.
JJ	NNS	,	NNS	WDT	VBP	NN	,	VBP	VBG	IN	JJ	NNS	MD	RB	VB	IN	NN	.
amod	nsubj	p	appos	nsubj	rcmod	dobj	p	aux	root	mark	amod	nsubj	aux	neg	advcl	prep	pobj	p
2	10	10	2	6	4	6	10	10	0	16	13	16	16	16	10	16	17	10
O	O	O	O	O	O	O	O	O	O	O	O	O	O	O	O	O	O	O
beetles
4
</positive>
<positive>
Boll	weevils	--	beetles	that	destroy	cotton	--	are	proliferating	because	cash-strapped	farmers	can	not	pay	for	chemicals	to	eradicate	them	.
JJ	NNS	:	NNS	WDT	VBP	NN	:	VBP	VBG	IN	JJ	NNS	MD	RB	VB	IN	NNS	TO	VB	PRP	.
amod	nsubj	p	dep	nsubj	rcmod	dobj	p	aux	root	mark	amod	nsubj	aux	neg	advcl	prep	pobj	aux	xcomp	dobj	p
2	10	10	2	6	4	6	10	10	0	16	13	16	16	16	10	16	17	20	16	20	10
O	O	O	O	O	O	O	O	O	O	O	O	O	O	O	O	O	O	O	O	O	O
beetles
4
</positive>
</QApairs>
<QApairs id='64.1'>
<question>
What	was	Johnny	Appleseed	's	real	name	?
WP	VBD	NNP	NNP	POS	JJ	NN	.
attr	root	nn	poss	possessive	amod	nsubj	p
2	0	4	7	4	7	2	2
O	O	B-PERSON	I-PERSON	I-PERSON	O	O	O
</question>
<positive>
Whitmore	said	he	was	most	fascinated	with	the	story	of	John	Chapman	,	who	is	better	known	as	Johnny	Appleseed	.
NNP	VBD	PRP	VBD	RBS	VBN	IN	DT	NN	IN	NNP	NNP	,	WP	VBZ	RBR	VBN	IN	NNP	NNP	.
nsubj	root	nsubjpass	auxpass	advmod	ccomp	prep	det	pobj	prep	nn	pobj	p	nsubjpass	auxpass	advmod	rcmod	prep	nn	pobj	p
2	0	6	6	6	2	6	9	7	9	12	10	2	17	17	17	12	17	20	18	2
B-PERSON	O	O	O	O	O	O	O	O	O	B-PERSON	I-PERSON	O	O	O	O	O	O	B-PERSON	I-PERSON	O
John	Chapman
11	12
</positive>
<positive>
There	are	apple	trees	that	are	believed	to	have	been	planted	by	John	Chapman	,	the	arboreal	enthusiast	better	known	as	Johnny	Appleseed	.
EX	VBP	NN	NNS	WDT	VBP	VBN	TO	VB	VBN	VBN	IN	NNP	NNP	,	DT	JJ	NN	RBR	VBN	IN	NNP	NNP	.
expl	root	nn	nsubj	nsubjpass	auxpass	rcmod	aux	aux	auxpass	xcomp	prep	nn	pobj	p	det	amod	appos	advmod	partmod	prep	nn	pobj	p
2	0	4	2	7	7	4	11	11	11	7	11	14	12	2	18	18	14	20	18	20	23	21	2
O	O	O	O	O	O	O	O	O	O	O	O	B-PERSON	I-PERSON	O	O	O	O	O	O	O	B-PERSON	I-PERSON	O
John	Chapman
13	14
</positive>
<positive>
``	Johnny	Appleseed	''	was	really	an	eccentric	,	homeless	man	called	Jonathan	Chapman	,	who	walked	barefoot	in	the	coldest	weather	and	devoted	his	life	to	planting	apple	seeds	in	the	remote	places	of	the	American	frontier	.
``	NNP	NNP	''	VBD	RB	DT	JJ	,	JJ	NN	VBN	NNP	NNP	,	WP	VBD	NN	IN	DT	JJS	NN	CC	VBN	PRP$	NN	TO	VBG	NN	NNS	IN	DT	JJ	NNS	IN	DT	JJ	NN	.
p	nn	nsubj	p	cop	advmod	det	amod	p	amod	root	dep	nn	dobj	p	nsubj	rcmod	dobj	prep	det	amod	pobj	cc	conj	poss	dobj	prep	pcomp	nn	dobj	prep	det	amod	pobj	prep	det	amod	pobj	p
11	3	11	11	11	11	11	10	11	11	0	11	14	12	11	17	14	17	17	22	22	19	12	12	26	24	24	27	30	28	28	34	34	31	34	38	38	35	11
O	B-PERSON	I-PERSON	O	O	O	O	O	O	O	O	O	B-PERSON	I-PERSON	O	O	O	O	O	O	O	O	O	O	O	O	O	O	O	O	O	O	O	O	O	O	B-NORP	O	O
Jonathan	Chapman
13	14
</positive>
<positive>
Appleseed	,	whose	real	name	was	John	Chapman	,	planted	many	trees	in	the	early	1800s	.
NNP	,	WP$	JJ	NN	VBD	NNP	NNP	,	VBD	JJ	NNS	IN	DT	JJ	NN	.
nsubj	p	poss	amod	nsubj	cop	nn	rcmod	p	root	amod	dobj	prep	det	amod	pobj	p
10	10	5	5	8	8	8	1	10	0	12	10	10	16	16	13	10
O	O	O	O	O	O	B-PERSON	I-PERSON	O	O	O	O	O	B-DATE	I-DATE	I-DATE	O
John	Chapman
7	8
</positive>
<positive>
Sept	.	26	:	The	birthday	of	John	Chapman	,	aka	American	folk	hero	Johnny	Appleseed	.
NNP	.	CD	:	DT	NN	IN	NNP	NNP	,	NNP	NNP	NN	NN	NNP	NNP	.
root	p	dep	p	det	dep	prep	nn	pobj	p	nn	nn	nn	nn	nn	appos	p
0	1	1	1	6	1	6	9	7	1	16	16	16	16	16	9	1
B-DATE	O	B-CARDINAL	O	O	O	O	B-PERSON	I-PERSON	O	O	B-NORP	O	O	B-PERSON	I-PERSON	O
John	Chapman
8	9
</positive>
<negative>
''	I	had	always	thought	it	was	folklore	and	I	was	astonished	to	learn	he	was	a	real	person	who	planted	thousands	of	trees	,	''	Whitmore	said	.
''	PRP	VBD	RB	VBN	PRP	VBD	NN	CC	PRP	VBD	VBN	TO	VB	PRP	VBD	DT	JJ	NN	WP	VBD	NNS	IN	NNS	,	''	NNP	VBD	.
p	nsubj	aux	advmod	ccomp	nsubj	cop	dep	cc	nsubjpass	auxpass	conj	aux	xcomp	nsubj	cop	det	amod	ccomp	nsubj	rcmod	dobj	prep	pobj	p	p	nsubj	root	p
28	5	5	5	28	8	8	5	8	12	12	8	14	12	19	19	19	19	14	21	19	21	22	23	28	28	28	0	28
O	O	O	O	O	O	O	O	O	O	O	O	O	O	O	O	O	O	O	O	O	B-CARDINAL	O	O	O	O	B-PERSON	O	O
</negative>
<negative>
Kids	across	the	country	can	own	a	descendent	of	one	of	the	last	trees	planted	by	Johnny	Appleseed	.
NNS	IN	DT	NN	MD	VB	DT	NN	IN	CD	IN	DT	JJ	NNS	VBN	IN	NNP	NNP	.
nsubj	prep	det	pobj	aux	root	det	dobj	prep	pobj	prep	det	amod	pobj	partmod	prep	nn	pobj	p
6	1	4	2	6	0	8	6	8	9	8	14	14	11	14	15	18	16	6
O	O	O	O	O	O	O	O	O	B-CARDINAL	O	O	O	O	O	O	B-PERSON	I-PERSON	O
</negative>
<negative>
Jeff	Meyer	took	cuttings	from	the	wood	and	roots	of	an	Ohio	tree	planted	by	Appleseed	before	its	recent	death	.
NNP	NNP	VBD	NNS	IN	DT	NN	CC	NNS	IN	DT	NNP	NN	VBN	IN	NNP	IN	PRP$	JJ	NN	.
nn	nsubj	root	dobj	prep	det	pobj	cc	conj	prep	det	nn	pobj	partmod	prep	pobj	prep	poss	amod	pobj	p
2	3	0	3	3	7	5	7	7	7	13	13	10	13	14	15	14	20	20	17	3
B-PERSON	I-PERSON	O	O	O	O	O	O	O	O	O	B-GPE	O	O	O	O	O	O	O	O	O
</negative>
<negative>
For	a	lovely	poem	that	evokes	the	spirit	of	September	and	Johnny	Appleseed	,	see	www	.	zoomnet	.net/	-LRB-	tilde	-RRB-	petecol/septemb	.	html	.
IN	DT	JJ	NN	WDT	VBZ	DT	NN	IN	NNP	CC	NNP	NNP	,	VB	NN	.	JJ	NN	-LRB-	NN	-RRB-	NN	.	JJ	.
prep	det	amod	pobj	nsubj	rcmod	det	dobj	prep	nn	cc	conj	pobj	p	root	dobj	p	amod	nn	p	nn	p	dep	p	amod	p
15	4	4	1	6	4	8	6	8	13	10	10	9	15	0	15	15	23	23	15	23	15	16	15	16	15
O	O	O	O	O	O	O	O	O	B-DATE	O	B-PERSON	I-PERSON	O	O	O	O	O	O	O	O	O	O	O	O	O
</negative>
<negative>
This	easy	dessert	will	help	you	celebrate	Johnny	Appleseed	's	birthday	and	Mexican	Independence	Day	,	both	this	month	.
DT	JJ	NN	MD	VB	PRP	VB	NNP	NNP	POS	NN	CC	JJ	NN	NN	,	DT	DT	NN	.
det	amod	nsubj	aux	root	nsubj	ccomp	nn	poss	possessive	dobj	cc	amod	nn	conj	p	appos	det	dep	p
3	3	5	5	0	7	5	9	11	9	7	11	15	15	11	5	11	19	17	5
O	O	O	O	O	O	O	B-PERSON	I-PERSON	I-PERSON	O	O	B-NORP	B-DATE	I-DATE	O	O	B-DATE	I-DATE	O
</negative>
</QApairs>
<QApairs id='64.2'>
<question>
Where	was	Johnny	Appleseed	born	?
WRB	VBD	NNP	NNP	VBN	.
advmod	auxpass	nn	nsubjpass	root	p
5	5	4	5	0	5
O	O	B-PERSON	I-PERSON	O	O
</question>
<positive>
Born	John	Chapman	in	Leominster	,	Mass	.	,	he	left	home	after	serving	in	the	Revolutionary	War	to	start	apple	tree	nurseries	,	and	then	sold	the	trees	to	settlers	for	about	6	cents	a	piece	.
NNP	NNP	NNP	IN	NNP	,	NNP	.	,	PRP	VBD	NN	IN	VBG	IN	DT	NNP	NNP	TO	VB	NN	NN	NNS	,	CC	RB	VBD	DT	NNS	TO	NNS	IN	RB	CD	NNS	DT	NN	.
dep	nn	ccomp	prep	pobj	p	appos	p	p	nsubj	root	dobj	prep	pcomp	prep	det	nn	pobj	aux	xcomp	nn	nn	dobj	p	cc	advmod	conj	det	dobj	prep	pobj	prep	quantmod	number	pobj	det	dep	p
3	3	11	3	4	11	5	11	11	11	0	11	11	13	14	18	18	15	20	14	23	23	20	11	11	27	11	29	27	27	30	31	35	35	32	37	35	11
O	B-PERSON	I-PERSON	O	B-GPE	O	B-GPE	O	O	O	O	O	O	O	O	O	B-EVENT	I-EVENT	O	O	O	O	O	O	O	O	O	O	O	O	O	O	O	B-MONEY	I-MONEY	O	O	O
Leominster
5
</positive>
<negative>
Better	known	by	the	nom	de	pomme	of	Johnny	Appleseed	,	he	ranged	far	from	his	native	Leominster	,	planting	apple	trees	wherever	he	roamed	.
NNP	VBN	IN	DT	NN	IN	NN	IN	NNP	NNP	,	PRP	VBD	RB	IN	PRP$	JJ	NN	,	VBG	NN	NNS	WRB	PRP	VBD	.
nsubj	partmod	prep	det	nn	amod	pobj	prep	nn	pobj	p	nsubj	root	advmod	prep	poss	amod	pobj	p	xcomp	nn	dobj	advmod	nsubj	advcl	p
2	13	2	7	7	7	3	7	10	8	13	13	0	13	14	18	18	15	13	13	22	20	25	25	20	13
O	O	O	O	O	O	O	O	B-PERSON	I-PERSON	O	O	O	O	O	O	O	B-GPE	O	O	O	O	O	O	O	O
</negative>
</QApairs>
<QApairs id='64.3'>
<question>
When	did	Johnny	Appleseed	die	?
WRB	VBD	NNP	NNP	VB	.
advmod	aux	nn	nsubj	root	p
5	5	4	5	0	5
O	O	B-PERSON	I-PERSON	O	O
</question>
</QApairs>
<QApairs id='64.4'>
<question>
What	did	Johnny	Appleseed	wear	as	a	hat	?
WP	VBD	NNP	NNP	VB	IN	DT	NN	.
dobj	aux	nn	nsubj	root	prep	det	pobj	p
5	5	4	5	0	5	8	6	5
O	O	B-PERSON	I-PERSON	O	O	O	O	O
</question>
<positive>
Chapman	was	known	to	wear	a	cooking	pot	for	a	hat	as	he	preached	throughout	Indiana	and	Ohio	in	the	early	19th	century	and	planted	apple	seeds	for	settlers	who	would	follow	.
NNP	VBD	VBN	TO	VB	DT	JJ	NN	IN	DT	NN	IN	PRP	VBD	IN	NNP	CC	NNP	IN	DT	JJ	JJ	NN	CC	VBN	NN	NNS	IN	NNS	WP	MD	VB	.
nsubjpass	auxpass	root	aux	xcomp	det	amod	dobj	prep	det	pobj	mark	nsubj	advcl	prep	pobj	cc	conj	prep	det	amod	amod	pobj	cc	conj	nn	dobj	prep	pobj	nsubj	aux	rcmod	p
3	3	0	5	3	8	8	5	5	11	9	14	14	5	14	15	16	16	14	23	23	23	19	3	3	27	25	25	28	32	32	29	3
B-PERSON	O	O	O	O	O	O	O	O	O	O	O	O	O	O	B-GPE	O	B-GPE	O	O	B-DATE	I-DATE	I-DATE	O	O	O	O	O	O	O	O	O	O
pot
8
</positive>
</QApairs>
<QApairs id='65.2'>
<question>
What	is	the	name	of	the	first	space	shuttle	?
WP	VBZ	DT	NN	IN	DT	JJ	NN	NN	.
attr	root	det	nsubj	prep	det	amod	nn	pobj	p
2	0	4	2	4	9	9	9	5	2
O	O	O	O	O	O	O	O	O	O
</question>
<positive>
It	was	among	such	treasures	as	Atlas	,	Apollo	and	space	shuttle	models	;	his	last	job	,	before	he	retired	in	1982	,	was	to	prepare	the	first	space	shuttle	,	Columbia	,	for	launching	in	1981	.
PRP	VBD	IN	JJ	NNS	IN	NNP	,	NNP	CC	NN	NN	NNS	:	PRP$	JJ	NN	,	IN	PRP	VBD	IN	CD	,	VBD	TO	VB	DT	JJ	NN	NN	,	NNP	,	IN	VBG	IN	CD	.
nsubj	root	prep	amod	pobj	prep	nn	p	conj	cc	conj	nn	pobj	p	poss	amod	nsubj	p	mark	nsubj	dep	prep	pobj	p	parataxis	aux	xcomp	det	amod	nn	dobj	p	appos	p	prep	pcomp	prep	pobj	p
2	0	2	5	3	5	13	2	7	7	7	13	6	2	17	17	25	2	21	21	17	21	22	2	2	27	25	31	31	31	27	2	31	2	27	35	36	37	2
O	O	O	O	O	O	B-ORG	O	B-ORG	O	O	O	O	O	O	O	O	O	O	O	O	O	B-DATE	O	O	O	O	O	O	O	O	O	B-PRODUCT	O	O	O	O	B-DATE	O
Columbia
33
</positive>
<positive>
This	is	the	third	shuttle	mission	this	year	and	the	83rd	since	Columbia	made	the	first	shuttle	flight	in	1981	.
DT	VBZ	DT	JJ	NN	NN	DT	NN	CC	DT	NNS	IN	NNP	VBD	DT	JJ	NN	NN	IN	CD	.
nsubj	cop	det	amod	nn	root	det	dep	cc	det	conj	mark	nsubj	dep	det	amod	nn	dobj	prep	pobj	p
6	6	6	6	6	0	8	6	6	11	6	14	14	11	18	18	18	14	14	19	6
O	O	O	B-ORDINAL	O	O	B-DATE	I-DATE	O	O	I-ORDINAL	O	B-GPE	O	O	O	O	O	O	B-DATE	O
Columbia
13
</positive>
<negative>
During	their	space	voyage	,	the	astronauts	will	set	as	many	as	200	small	fires	in	Columbia	's	laboratory	.
IN	PRP$	NN	NN	,	DT	NNS	MD	VB	RB	JJ	IN	CD	JJ	NNS	IN	NNP	POS	NN	.
prep	poss	nn	pobj	p	det	nsubj	aux	root	quantmod	quantmod	quantmod	num	amod	dobj	prep	poss	possessive	pobj	p
9	4	4	1	9	7	9	9	0	13	13	13	15	15	9	15	19	17	16	9
O	O	O	O	O	O	O	O	O	O	O	O	B-CARDINAL	O	O	O	B-GPE	O	O	O
</negative>
<negative>
Liftoff	was	originally	scheduled	for	2	p.m	.	this	afternoon	,	but	a	troubled	leak	check	of	the	shuttle	cabin	made	NASA	delay	the	launch	for	another	20	minutes	.
NNP	VBD	RB	VBN	IN	CD	NN	.	DT	NN	,	CC	DT	JJ	NN	NN	IN	DT	NN	NN	VBD	NNP	VB	DT	NN	IN	DT	CD	NNS	.
nsubjpass	auxpass	advmod	root	prep	num	dep	p	det	dobj	p	cc	det	amod	nn	nsubj	prep	det	nn	pobj	conj	nsubj	ccomp	det	dobj	prep	det	num	pobj	p
4	4	4	0	4	7	5	4	10	4	4	4	16	16	16	21	16	20	20	17	4	23	21	25	23	25	29	29	26	4
O	O	O	O	O	B-TIME	I-TIME	O	B-TIME	I-TIME	O	O	O	O	O	O	O	O	O	O	O	B-ORG	O	O	O	O	B-TIME	I-TIME	I-TIME	O
</negative>
<negative>
The	shuttle	landed	right	on	time	at	the	Kennedy	Space	Center	in	Cape	Canaveral	,	Florida	,	where	about	200	researchers	waited	with	scalpels	.
DT	NN	VBD	RB	IN	NN	IN	DT	NNP	NNP	NNP	IN	NNP	NNP	,	NNP	,	WRB	RB	CD	NNS	VBD	IN	NNS	.
det	nsubj	root	advmod	prep	pobj	prep	det	nn	nn	pobj	prep	nn	pobj	p	appos	p	advmod	quantmod	num	nsubj	advcl	prep	pobj	p
2	3	0	3	4	5	3	11	11	11	7	11	14	12	3	14	3	22	20	21	22	3	22	23	3
O	O	O	O	O	O	O	B-FAC	I-FAC	I-FAC	I-FAC	O	B-GPE	I-GPE	O	B-GPE	O	O	O	B-CARDINAL	O	O	O	O	O
</negative>
<negative>
The	trip	added	6.4	million	miles	to	the	odometer	of	the	oldest	shuttle	of	the	National	Aeronautics	and	Space	Administration	-LRB-	NASA	-RRB-	.
DT	NN	VBD	CD	CD	NNS	TO	DT	NN	IN	DT	JJS	NN	IN	DT	NNP	NNP	CC	NNP	NNP	-LRB-	NNP	-RRB-	.
det	nsubj	root	number	num	dobj	prep	det	pobj	prep	det	amod	pobj	prep	det	nn	pobj	cc	nn	conj	p	abbrev	p	p
2	3	0	5	6	3	3	9	7	9	13	13	10	13	17	17	14	17	20	17	3	17	3	3
O	O	O	B-QUANTITY	I-QUANTITY	I-QUANTITY	O	O	O	O	O	O	O	O	B-ORG	I-ORG	I-ORG	I-ORG	I-ORG	I-ORG	O	B-ORG	O	O
</negative>
<negative>
After	the	shuttle	landed	,	the	crew	was	hustled	off	to	medical	tests	that	were	expected	to	go	on	for	days	.
IN	DT	NN	VBD	,	DT	NN	VBD	VBN	RP	TO	JJ	NNS	WDT	VBD	VBN	TO	VB	RP	IN	NNS	.
mark	det	nsubj	advcl	p	det	nsubjpass	auxpass	root	prt	prep	amod	pobj	nsubjpass	auxpass	rcmod	aux	xcomp	prt	prep	pobj	p
4	3	4	9	9	7	9	9	0	9	9	13	11	16	16	13	18	16	18	18	20	9
O	O	O	O	O	O	O	O	O	O	O	O	O	O	O	O	O	O	O	O	O	O
</negative>
</QApairs>
<QApairs id='65.3'>
<question>
When	was	the	first	flight	of	the	Columbia	shuttle	?
WRB	VBD	DT	JJ	NN	IN	DT	NNP	NN	.
advmod	root	det	amod	nsubj	prep	det	nn	pobj	p
2	0	5	5	2	5	9	9	6	2
O	O	O	O	O	O	O	B-PRODUCT	O	O
</question>
<positive>
April	12	,	1981	:	Columbia	soars	on	first	space	shuttle	flight	.
NNP	CD	,	CD	:	NNP	NNS	IN	JJ	NN	NN	NN	.
root	num	p	num	p	nn	dep	prep	amod	nn	nn	pobj	p
0	1	1	1	1	7	1	7	12	12	12	8	1
B-DATE	I-DATE	I-DATE	I-DATE	O	B-ORG	O	O	O	O	O	O	O
1981
4
</positive>
<positive>
In	1981	,	the	space	shuttle	Columbia	blasted	off	from	Cape	Canaveral	on	its	first	test	flight	.
IN	CD	,	DT	NN	NN	NNP	VBD	RP	IN	NNP	NNP	IN	PRP$	JJ	NN	NN	.
prep	pobj	p	det	nn	nn	nsubj	root	prt	prep	nn	pobj	prep	poss	amod	nn	pobj	p
8	1	8	7	7	7	8	0	8	8	12	10	12	17	17	17	13	8
O	B-DATE	O	O	O	O	B-PRODUCT	O	O	O	B-GPE	I-GPE	O	O	B-ORDINAL	O	O	O
1981
2
</positive>
<positive>
In	1981	,	the	first	test	flight	of	America	's	first	operational	space	shuttle	,	the	Columbia	,	ended	successfully	with	a	landing	at	Edwards	Air	Force	Base	in	California	.
IN	CD	,	DT	JJ	NN	NN	IN	NNP	POS	JJ	JJ	NN	NN	,	DT	NNP	,	VBD	RB	IN	DT	NN	IN	NNP	NNP	NNP	NNP	IN	NNP	.
prep	pobj	p	det	amod	nn	nsubj	prep	poss	possessive	amod	amod	nn	pobj	p	det	appos	p	root	advmod	prep	det	pobj	prep	nn	nn	nn	pobj	prep	pobj	p
19	1	19	7	7	7	19	7	14	9	14	14	14	8	19	17	14	19	0	19	19	23	21	19	28	28	28	24	28	29	19
O	B-DATE	O	O	B-ORDINAL	O	O	O	B-GPE	O	B-ORDINAL	O	O	O	O	O	B-PRODUCT	O	O	O	O	O	O	O	B-FAC	I-FAC	I-FAC	I-FAC	O	B-GPE	O
1981
2
</positive>
<positive>
The	shuttles	flying	today	have	progressed	since	the	Columbia	orbiter	first	took	to	space	in	1981	.
DT	NNS	VBG	NN	VBP	VBN	IN	DT	NNP	NN	RB	VBD	TO	NN	IN	CD	.
det	nsubj	partmod	tmod	aux	root	mark	det	nn	nsubj	advmod	advcl	prep	pobj	prep	pobj	p
2	6	2	3	6	0	12	10	10	12	12	6	12	13	12	15	6
O	O	O	B-DATE	O	O	O	O	B-PRODUCT	O	O	O	O	O	O	B-DATE	O
1981
16
</positive>
<positive>
This	is	the	third	shuttle	mission	this	year	and	the	83rd	since	Columbia	made	the	first	shuttle	flight	in	1981	.
DT	VBZ	DT	JJ	NN	NN	DT	NN	CC	DT	NNS	IN	NNP	VBD	DT	JJ	NN	NN	IN	CD	.
nsubj	cop	det	amod	nn	root	det	dep	cc	det	conj	mark	nsubj	dep	det	amod	nn	dobj	prep	pobj	p
6	6	6	6	6	0	8	6	6	11	6	14	14	11	18	18	18	14	14	19	6
O	O	O	B-ORDINAL	O	O	B-DATE	I-DATE	O	O	I-ORDINAL	O	B-GPE	O	O	O	O	O	O	B-DATE	O
1981
20
</positive>
<negative>
In	fact	,	after	Discovery	returns	from	a	flight	scheduled	for	October	-LRB-	the	100th	flight	for	the	shuttle	program	-RRB-	,	it	will	be	the	veteran	among	the	four	-	vehicle	fleet	with	28	flights	.
IN	NN	,	IN	NNP	VBZ	IN	DT	NN	VBN	IN	NNP	-LRB-	DT	JJ	NN	IN	DT	NN	NN	-RRB-	,	PRP	MD	VB	DT	NN	IN	DT	CD	:	NN	NN	IN	CD	NNS	.
prep	pobj	p	mark	nsubj	advcl	prep	det	pobj	partmod	prep	pobj	p	det	amod	dep	prep	det	nn	pobj	p	p	nsubj	aux	cop	det	root	prep	det	pobj	p	nn	dep	prep	num	pobj	p
27	1	27	6	6	27	6	9	7	9	10	11	27	16	16	12	16	20	20	17	27	27	27	27	27	27	0	27	30	28	27	33	27	33	36	34	27
O	O	O	O	B-PRODUCT	O	O	O	O	O	O	B-DATE	O	O	B-ORDINAL	O	O	O	O	O	O	O	O	O	O	O	O	O	O	B-CARDINAL	O	O	O	O	B-CARDINAL	O	O
</negative>
<negative>
Marshall	Space	Flight	Center	in	Huntsville	,	Ala	.	,	is	in	charge	of	the	fourth	major	overhaul	of	the	shuttle	engines	,	one	of	the	major	upgrades	in	the	works	.
NNP	NNP	NNP	NNP	IN	NNP	,	NNP	.	,	VBZ	IN	NN	IN	DT	JJ	JJ	NN	IN	DT	NN	NNS	,	CD	IN	DT	JJ	NNS	IN	DT	NNS	.
nn	nn	nn	nsubj	prep	pobj	p	appos	p	p	root	prep	pobj	prep	det	amod	amod	pobj	prep	det	nn	pobj	p	appos	prep	det	amod	pobj	prep	det	pobj	p
4	4	4	11	4	5	11	4	11	11	0	11	12	13	18	18	18	14	18	22	22	19	11	22	24	28	28	25	28	31	29	11
B-ORG	I-ORG	I-ORG	I-ORG	O	B-GPE	O	B-GPE	O	O	O	O	O	O	O	B-ORDINAL	O	O	O	O	O	O	O	B-CARDINAL	O	O	O	O	O	O	O	O
</negative>
<negative>
NASA	Administrator	Dan	Goldin	has	repeatedly	complained	that	the	high	cost	of	flying	payloads	to	space	,	some	$	10,000	per	pound	,	is	stifling	progress	in	space	flight	.
NNP	NNP	NNP	NNP	VBZ	RB	VBN	IN	DT	JJ	NN	IN	VBG	NNS	TO	NN	,	DT	$	CD	IN	NN	,	VBZ	VBG	NN	IN	NN	NN	.
nn	nn	nn	nsubj	aux	advmod	root	complm	det	amod	nsubj	prep	pcomp	dobj	prep	pobj	p	det	appos	num	prep	pobj	p	aux	ccomp	dobj	prep	nn	pobj	p
4	4	4	7	7	7	0	25	11	11	25	11	12	13	13	15	7	19	16	19	19	21	7	25	7	25	26	29	27	7
B-ORG	O	B-PERSON	I-PERSON	O	O	O	O	O	O	O	O	O	O	O	O	O	O	O	B-MONEY	O	O	O	O	O	O	O	O	O	O
</negative>
<negative>
King	said	United	Space	Alliance	has	3,850	workers	who	process	the	shuttle	after	each	flight	and	get	it	ready	for	the	next	one	.
NNP	VBD	NNP	NNP	NNP	VBZ	CD	NNS	WP	VB	DT	NN	IN	DT	NN	CC	VB	PRP	JJ	IN	DT	JJ	NN	.
nsubj	root	nn	nn	nsubj	ccomp	num	dobj	nsubj	rcmod	det	dobj	prep	det	pobj	cc	conj	nsubj	xcomp	prep	det	amod	pobj	p
2	0	5	5	6	2	8	6	10	8	12	10	10	15	13	10	10	19	17	19	23	23	20	2
O	O	B-ORG	I-ORG	I-ORG	O	B-CARDINAL	O	O	O	O	O	O	O	O	O	O	O	O	O	O	O	O	O
</negative>
</QApairs>
<QApairs id='65.4'>
<question>
When	was	the	Challenger	space	shuttle	disaster	?
WRB	VBD	DT	JJ	NN	NN	NN	.
advmod	root	det	amod	nn	nn	nsubj	p
2	0	7	7	7	7	2	2
O	O	O	B-PRODUCT	O	O	O	O
</question>
<positive>
WASHINGTON	_	The	day	after	the	space	shuttle	Challenger	disaster	in	1986	,	Senator	John	Glenn	blasted	NASA	's	decision	to	send	Christa	McAuliffe	on	the	fatal	mission	.
NNP	NNP	DT	NN	IN	DT	NN	NN	NNP	NN	IN	CD	,	NNP	NNP	NNP	VBD	NNP	POS	NN	TO	VB	NNP	NNP	IN	DT	JJ	NN	.
nn	nsubj	det	tmod	prep	det	nn	nn	nn	pobj	prep	pobj	p	nn	nn	nsubj	root	poss	possessive	dobj	aux	infmod	nn	dobj	prep	det	amod	pobj	p
2	17	4	17	17	10	10	10	10	5	10	11	17	16	16	17	0	20	18	17	22	20	24	22	24	28	28	25	17
B-GPE	O	B-DATE	I-DATE	O	O	O	O	O	O	O	B-DATE	O	O	B-PERSON	I-PERSON	O	B-ORG	O	O	O	O	B-PERSON	I-PERSON	O	O	O	O	O
1986
12
</positive>
<positive>
Jan	.	28	,	1986	_	The	shuttle	Challenger	explodes	moments	after	launch	,	killing	its	seven	-member	crew	in	the	world	's	worst	space	disaster	.
NNP	.	CD	,	CD	NNS	DT	NN	NN	VBZ	NNS	IN	NN	,	VBG	PRP$	CD	NN	NN	IN	DT	NN	POS	JJS	NN	NN	.
root	p	dep	p	num	appos	det	nn	nsubj	rcmod	dobj	prep	pobj	p	partmod	poss	num	nn	dobj	prep	det	poss	possessive	amod	nn	pobj	p
0	1	1	1	6	1	9	9	10	6	10	10	12	1	1	19	19	19	15	1	22	26	22	26	26	20	1
B-PERSON	O	B-CARDINAL	O	B-DATE	O	O	O	B-PRODUCT	O	O	O	O	O	O	O	B-CARDINAL	O	O	O	O	O	O	O	O	O	O
1986
5
</positive>
<positive>
The	American	and	Russian	space	programs	have	endured	deaths	and	disasters	before	,	including	the	grisly	explosion	of	the	Challenger	space	shuttle	over	Florida	in	January	1986	.
DT	JJ	CC	JJ	NN	NNS	VBP	VBN	NNS	CC	NNS	RB	,	VBG	DT	JJ	NN	IN	DT	NNP	NN	NN	IN	NNP	IN	NNP	CD	.
det	amod	cc	conj	nn	nsubj	aux	root	dobj	cc	conj	advmod	p	prep	det	amod	pobj	prep	det	nn	nn	pobj	prep	pobj	prep	pobj	num	p
6	6	2	2	6	8	8	0	8	9	9	8	8	8	17	17	14	17	22	22	22	18	22	23	24	25	26	8
O	B-NORP	O	B-NORP	O	O	O	O	O	O	O	O	O	O	O	O	O	O	O	B-PRODUCT	O	O	O	B-GPE	O	B-DATE	I-DATE	O
1986
27
</positive>
<positive>
The	end	also	seemed	certain	when	,	in	January	1986	,	the	shuttle	Challenger	exploded	over	Florida	.
DT	NN	RB	VBD	JJ	WRB	,	IN	NNP	CD	,	DT	NN	NN	VBD	IN	NNP	.
det	nsubj	advmod	cop	root	advmod	p	prep	pobj	num	p	det	nn	nsubj	advcl	prep	pobj	p
2	5	5	5	0	15	5	15	8	9	5	14	14	15	5	15	16	5
O	O	O	O	O	O	O	O	B-DATE	I-DATE	O	O	O	B-PRODUCT	O	O	B-GPE	O
1986
10
</positive>
<positive>
Replacing	the	shuttle	's	dangerous	solid-rocket	boosters	,	which	played	a	key	role	in	the	fatal	1986	Challenger	explosion	,	with	reusable	,	winged	liquid-fueled	rockets	that	would	drop	off	during	launch	and	return	to	Earth	.
VBG	DT	NN	POS	JJ	JJ	NNS	,	WDT	VBD	DT	JJ	NN	IN	DT	JJ	CD	NNP	NN	,	IN	NN	,	VBD	JJ	NNS	WDT	MD	VB	RP	IN	NN	CC	NN	TO	NNP	.
root	det	poss	possessive	amod	amod	dobj	p	nsubj	rcmod	det	amod	dobj	prep	det	amod	num	nn	pobj	p	prep	pobj	p	dep	amod	nsubj	nsubj	aux	rcmod	prt	prep	pobj	cc	conj	prep	pobj	p
0	3	7	3	7	7	1	1	10	7	13	13	10	10	19	19	19	19	14	1	1	21	1	1	26	1	29	29	26	29	29	31	32	32	29	35	1
O	O	O	O	O	O	O	O	O	O	O	O	O	O	O	O	B-DATE	O	O	O	O	O	O	O	O	O	O	O	O	O	O	O	O	O	O	B-LOC	O
1986
17
</positive>
<positive>
In	another	development	,	U.S	.	National	Aeronautics	and	Space	Administration	investigators	who	probed	the	Challenger	space	shuttle	disaster	in	1986	were	called	in	Thursday	to	examine	specific	pieces	of	TWA	Flight	800	's	wreckage	.
IN	DT	NN	,	NNP	.	NNP	NNP	CC	NNP	NNP	NNS	WP	VBD	DT	NNP	NN	NN	NN	IN	CD	VBD	VBN	IN	NNP	TO	VB	JJ	NNS	IN	NNP	NNP	CD	POS	NN	.
prep	det	pobj	p	nn	p	nn	nsubjpass	cc	nn	nn	conj	nsubj	rcmod	det	nn	nn	nn	dobj	prep	pobj	auxpass	root	prep	pobj	aux	xcomp	amod	dobj	prep	nn	poss	num	possessive	pobj	p
23	3	1	23	8	23	8	23	8	12	12	8	14	12	19	19	19	19	14	19	20	23	0	23	24	27	23	29	27	29	32	35	32	32	30	23
O	O	O	O	B-ORG	I-ORG	I-ORG	I-ORG	I-ORG	I-ORG	I-ORG	O	O	O	O	B-PRODUCT	O	O	O	O	B-DATE	O	O	O	B-DATE	O	O	O	O	O	B-ORG	O	O	O	O	O
1986
21
</positive>
<negative>
Feb	.	20	,	1986	_	The	Soviet	Union	launches	Mir	,	its	10th	and	most	successful	space	station	.
NNP	.	CD	,	CD	NNS	DT	JJ	NNP	NNS	NNS	,	PRP$	JJ	CC	RBS	JJ	NN	NN	.
root	p	dep	p	num	appos	det	amod	nn	dep	dep	p	poss	amod	cc	advmod	conj	nn	appos	p
0	1	1	1	6	3	10	10	10	1	10	1	19	19	14	17	14	19	1	1
B-DATE	O	B-CARDINAL	O	B-DATE	O	B-GPE	I-GPE	I-GPE	O	O	O	O	B-ORDINAL	O	O	O	O	O	O
</negative>
<negative>
``	There	''	is	in	a	position	to	seriously	challenge	Arianespace	,	the	European	space	agency	,	for	leadership	in	commercial	satellite	launching	.
``	EX	''	VBZ	IN	DT	NN	TO	RB	VB	NNP	,	DT	JJ	NN	NN	,	IN	NN	IN	JJ	NN	NN	.
p	expl	p	root	prep	det	pobj	aux	advmod	infmod	dobj	p	det	amod	nn	appos	p	prep	pobj	prep	amod	nn	pobj	p
4	4	4	0	4	7	5	10	10	7	10	4	16	16	16	11	4	11	18	19	23	23	20	4
O	O	O	O	O	O	O	O	O	O	B-ORG	O	O	B-NORP	O	O	O	O	O	O	O	O	O	O
</negative>
<negative>
Hughes	'	biggest	domestic	competitor	is	Space	Systems/Loral	,	while	Europe	's	largest	makers	of	commercial	satellites	include	Aerospatiale	and	Matra	Marconi	.
NNP	POS	JJS	JJ	NN	VBZ	NNP	NNP	,	IN	NNP	POS	JJS	NNS	IN	JJ	NNS	VBP	NNP	CC	NNP	NNP	.
poss	p	dep	amod	nsubj	cop	nn	root	p	mark	poss	possessive	amod	nsubj	prep	amod	pobj	dep	dobj	cc	nn	conj	p
5	8	4	5	8	8	8	0	8	18	14	11	14	18	14	17	15	8	18	19	22	19	8
O	O	O	O	O	O	B-ORG	I-ORG	O	O	B-LOC	O	O	O	O	O	O	O	B-ORG	O	B-ORG	I-ORG	O
</negative>
<negative>
As	the	space	shuttle	proved	itself	,	American	launching	companies	focused	almost	exclusively	on	the	military	market	.
IN	DT	NN	NN	VBD	PRP	,	JJ	NN	NNS	VBD	RB	RB	IN	DT	JJ	NN	.
mark	det	nn	nsubj	advcl	dobj	p	amod	nn	nsubj	root	advmod	advmod	prep	det	amod	pobj	p
5	4	4	5	11	5	11	10	10	11	0	13	11	11	17	17	14	11
O	O	O	O	O	O	O	B-NORP	O	O	O	O	O	O	O	O	O	O
</negative>
<negative>
But	after	the	Challenger	explosion	,	the	Reagan	administration	severely	cut	back	on	the	shuttle	's	use	for	commercial	purposes	,	arguing	that	it	was	not	worth	risking	lives	for	tasks	that	could	be	performed	by	expendable	rockets	.
CC	IN	DT	NNP	NN	,	DT	NNP	NN	RB	VBD	RP	IN	DT	NN	POS	NN	IN	JJ	NNS	,	VBG	IN	PRP	VBD	RB	JJ	VBG	NNS	IN	NNS	WDT	MD	VB	VBN	IN	JJ	NNS	.
cc	prep	det	nn	pobj	p	det	nn	nsubj	advmod	root	prt	prep	det	poss	possessive	pobj	prep	amod	pobj	p	xcomp	complm	nsubj	cop	neg	ccomp	dep	dobj	prep	pobj	nsubjpass	aux	auxpass	rcmod	prep	amod	pobj	p
11	11	5	5	2	11	9	9	11	11	0	11	11	15	17	15	13	11	20	18	11	11	27	27	27	27	22	27	28	29	30	35	35	35	31	35	38	36	11
O	O	O	B-PRODUCT	O	O	O	B-PERSON	O	O	O	O	O	O	O	O	O	O	O	O	O	O	O	O	O	O	O	O	O	O	O	O	O	O	O	O	O	O	O
</negative>
<negative>
Last	year	,	for	the	first	time	,	the	commercial	space	business	in	the	United	States	was	larger	than	the	market	for	military	aircraft	_	$	30.6	billion	versus	$	30.5	billion	_	according	to	the	trade	group	.
JJ	NN	,	IN	DT	JJ	NN	,	DT	JJ	NN	NN	IN	DT	NNP	NNPS	VBD	JJR	IN	DT	NN	IN	JJ	NN	VBD	$	CD	CD	IN	$	CD	CD	NNS	VBG	TO	DT	NN	NN	.
amod	tmod	p	prep	det	amod	pobj	p	det	amod	nn	nsubj	prep	det	nn	pobj	cop	root	mark	det	nsubj	prep	amod	pobj	dep	dobj	number	number	prep	num	number	number	pobj	prep	pcomp	det	nn	pobj	p
2	18	18	18	7	7	4	18	12	12	12	18	12	16	16	13	18	0	25	21	25	21	24	22	18	25	26	26	26	33	30	30	29	25	34	38	38	35	18
B-DATE	I-DATE	O	O	O	B-ORDINAL	O	O	O	O	O	O	O	B-GPE	I-GPE	I-GPE	O	O	O	O	O	O	O	O	O	B-MONEY	I-MONEY	I-MONEY	O	B-MONEY	I-MONEY	I-MONEY	O	O	O	O	O	O	O
</negative>
<negative>
Last	fall	,	Panamsat	opened	a	policy	worth	more	than	$	3	billion	with	an	insurance	group	led	by	Space	Machine	Advisors	,	based	in	Greenwich	,	Conn	.
JJ	NN	,	NNP	VBD	DT	NN	IN	JJR	IN	$	CD	CD	IN	DT	NN	NN	VBN	IN	NNP	NNP	NNP	,	VBN	IN	NNP	,	NNP	.
amod	tmod	p	nsubj	root	det	dobj	prep	quantmod	quantmod	pobj	number	number	prep	det	nn	pobj	partmod	prep	nn	nn	pobj	p	prep	pcomp	nn	p	pobj	p
2	5	5	5	0	7	5	5	11	11	8	11	11	5	17	17	14	17	18	22	22	19	5	5	24	28	5	25	5
B-DATE	I-DATE	O	B-ORG	O	O	O	O	O	O	B-MONEY	I-MONEY	I-MONEY	O	O	O	O	O	O	B-ORG	I-ORG	I-ORG	O	O	O	B-GPE	O	B-GPE	O
</negative>
<negative>
Referring	to	a	Space	Machine	Advisors	executive	who	was	at	the	attempted	launching	last	week	,	a	Panamsat	spokesman	said	,	``	He	was	the	one	with	the	real	pale	look	on	his	face.	''
VBG	TO	DT	NNP	NNP	NNP	NN	WP	VBD	IN	DT	VBN	NN	JJ	NN	,	DT	NNP	NN	VBD	,	``	PRP	VBD	DT	NN	IN	DT	JJ	JJ	NN	IN	PRP$	NN	''
partmod	prep	det	nn	nn	nn	pobj	nsubj	cop	prep	det	amod	pobj	amod	rcmod	p	det	nn	nsubj	root	p	p	nsubj	cop	det	ccomp	prep	det	amod	amod	pobj	prep	poss	pobj	p
20	1	7	7	7	7	2	15	15	15	13	13	10	15	7	20	19	19	20	0	20	20	26	26	26	20	26	31	31	31	27	31	34	32	20
O	O	O	B-ORG	I-ORG	I-ORG	O	O	O	O	O	O	O	B-DATE	I-DATE	O	O	B-ORG	O	O	O	O	O	O	O	O	O	O	O	O	O	O	O	O	O
</negative>
<negative>
``	The	space	program	is	for	basic	,	fundamental	research	,	''	Glenn	said	after	McAuliffe	,	a	Concord	,	N.H	.	,	high	school	teacher	,	and	six	crewmates	died	in	the	Challenger	tragedy	.
``	DT	NN	NN	VBZ	IN	JJ	,	JJ	NN	,	''	NNP	VBD	IN	NNP	,	DT	NNP	,	NNP	.	,	JJ	NN	NN	,	CC	CD	NNS	VBD	IN	DT	NNP	NN	.
p	det	nn	nsubj	ccomp	prep	amod	p	amod	pobj	p	p	nsubj	root	mark	nsubj	p	det	conj	p	conj	p	p	amod	nn	conj	p	cc	num	conj	advcl	prep	det	nn	pobj	p
14	4	4	5	14	5	10	14	10	6	14	14	14	0	31	31	14	19	16	14	16	14	14	26	26	16	14	16	30	16	14	31	35	35	32	14
O	O	O	O	O	O	O	O	O	O	O	O	B-PERSON	O	O	B-PERSON	O	O	B-GPE	O	B-GPE	O	O	O	O	O	O	O	B-CARDINAL	O	O	O	O	B-PRODUCT	O	O
</negative>
<negative>
What	's	more	,	Glenn	said	,	space	flight	should	not	be	``	a	cosmic	carnival	ride.	''
WP	VBZ	JJR	,	NNP	VBD	,	NN	NN	MD	RB	VB	``	DT	JJ	NN	NN	''
nsubj	cop	dep	p	nsubj	parataxis	p	nn	nsubj	aux	neg	cop	p	det	amod	nn	root	p
3	3	17	17	6	17	17	9	17	17	17	17	17	17	17	17	0	17
O	O	O	O	B-PERSON	O	O	O	O	O	O	O	O	O	O	O	O	O
</negative>
<negative>
On	Thursday	,	12	years	later	,	the	77-year-old	Democratic	senator	from	Ohio	is	poised	to	lift	off	for	a	shuttle	ride	in	space	.
IN	NNP	,	CD	NNS	RB	,	DT	JJ	JJ	NN	IN	NNP	VBZ	VBN	TO	VB	RP	IN	DT	NN	NN	IN	NN	.
prep	pobj	p	num	npadvmod	advmod	p	det	amod	amod	nsubjpass	prep	pobj	auxpass	root	aux	xcomp	prt	prep	det	nn	pobj	prep	pobj	p
15	1	15	5	6	15	15	11	11	11	15	11	12	15	0	17	15	17	17	22	22	19	22	23	15
O	B-DATE	O	B-DATE	I-DATE	I-DATE	O	O	O	B-NORP	O	O	B-GPE	O	O	O	O	O	O	O	O	O	O	O	O
</negative>
<negative>
And	several	critics	are	using	his	post-	Challenger	remarks	against	him	.
CC	JJ	NNS	VBP	VBG	PRP$	NNP	NNP	NNS	IN	PRP	.
cc	amod	nsubj	aux	root	poss	nn	nn	dobj	prep	pobj	p
5	3	5	5	0	9	9	9	5	5	10	5
O	O	O	O	O	O	O	O	O	O	O	O
</negative>
<negative>
She	was	to	have	turned	the	shuttle	into	an	orbiting	classroom	,	conducting	science	experiments	and	lessons	on	space	history	that	were	to	have	been	beamed	by	satellite	to	millions	of	American	students	.
PRP	VBD	TO	VB	VBN	DT	NN	IN	DT	JJ	NN	,	VBG	NN	NNS	CC	NNS	IN	NN	NN	WDT	VBD	TO	VB	VBN	VBN	IN	NN	TO	NNS	IN	JJ	NNS	.
nsubj	root	aux	aux	xcomp	det	dobj	prep	det	amod	pobj	p	partmod	nn	dobj	cc	conj	prep	nn	pobj	nsubj	rcmod	aux	aux	auxpass	xcomp	prep	pobj	prep	pobj	prep	amod	pobj	p
2	0	5	5	2	7	5	5	11	11	8	2	5	15	13	15	15	13	20	18	22	20	26	26	26	22	26	27	26	29	30	33	31	2
O	O	O	O	O	O	O	O	O	O	O	O	O	O	O	O	O	O	O	O	O	O	O	O	O	O	O	O	O	B-CARDINAL	O	B-NORP	O	O
</negative>
<negative>
McAuliffe	was	37	when	the	Challenger	exploded	73	seconds	after	liftoff	,	killing	the	crew	and	effectively	ending	the	civilian	-in-space	program	.
NNP	VBD	CD	WRB	DT	NNP	VBD	CD	NNS	IN	NN	,	VBG	DT	NN	CC	RB	VBG	DT	JJ	JJ	NN	.
nsubj	cop	root	advmod	det	nsubj	dep	num	dobj	prep	pobj	p	dep	det	dobj	cc	advmod	conj	det	amod	amod	dobj	p
3	3	0	7	6	7	3	9	7	7	10	3	7	15	13	13	18	13	22	22	22	18	3
B-PERSON	O	B-DATE	O	O	B-ORG	O	B-TIME	I-TIME	O	O	O	O	O	O	O	O	O	O	O	O	O	O
</negative>
<negative>
Although	Glenn	expressed	``	a	profound	,	personal	sense	of	loss	''	over	the	Challenger	tragedy	,	he	questioned	the	decision	to	send	civilians	into	space	while	the	shuttle	program	was	still	in	``	its	embryonic	stage.	''
IN	NNP	VBD	``	DT	JJ	,	JJ	NN	IN	NN	''	IN	DT	NNP	NN	,	PRP	VBD	DT	NN	TO	VB	NNS	IN	NN	IN	DT	NN	NN	VBD	RB	IN	``	PRP$	JJ	NN	''
mark	nsubj	advcl	p	det	amod	p	amod	dobj	prep	pobj	p	prep	det	nn	pobj	p	nsubj	root	det	dobj	aux	infmod	dobj	prep	pobj	mark	det	nn	nsubj	advcl	advmod	prep	p	poss	amod	pobj	p
3	3	19	19	9	9	19	9	3	9	10	19	3	16	16	13	19	19	0	21	19	23	21	23	23	25	31	30	30	31	23	31	31	19	37	37	33	19
O	B-PERSON	O	O	O	O	O	O	O	O	O	O	O	O	B-PRODUCT	O	O	O	O	O	O	O	O	O	O	O	O	O	O	O	O	O	O	O	O	O	O	O
</negative>
<negative>
``	If	the	taxpayers	come	to	believe	that	the	space	program	is	becoming	a	cosmic	carnival	ride	,	then	we	face	the	very	real	prospect	that	they	may	withdraw	their	support	,	''	Glenn	said	.
``	IN	DT	NNS	VBP	TO	VB	IN	DT	NN	NN	VBZ	VBG	DT	JJ	NN	NN	,	RB	PRP	VBP	DT	RB	JJ	NN	IN	PRP	MD	VB	PRP$	NN	,	''	NNP	VBD	.
p	mark	det	nsubj	advcl	aux	xcomp	complm	det	nn	nsubj	aux	ccomp	det	amod	nn	attr	p	advmod	nsubj	ccomp	det	advmod	amod	dobj	complm	nsubj	aux	ccomp	poss	dobj	p	p	nsubj	root	p
35	5	4	5	21	7	5	13	11	11	13	13	7	17	17	17	13	35	21	21	35	25	25	25	21	29	29	29	21	31	29	35	35	35	0	35
O	O	O	O	O	O	O	O	O	O	O	O	O	O	O	O	O	O	O	O	O	O	O	O	O	O	O	O	O	O	O	O	O	B-PERSON	O	O
</negative>
<negative>
After	two	years	of	aggressive	lobbying	to	secure	a	seat	on	the	Discovery	flight	,	Glenn	is	scheduled	to	act	as	a	human	guinea	pig	for	research	on	aging	in	the	weightlessness	of	space	.
IN	CD	NNS	IN	JJ	NN	TO	VB	DT	NN	IN	DT	NNP	NN	,	NNP	VBZ	VBN	TO	VB	IN	DT	JJ	NN	NN	IN	NN	IN	VBG	IN	DT	NNS	IN	NN	.
prep	num	pobj	prep	amod	pobj	aux	infmod	det	dobj	prep	det	nn	pobj	p	nsubjpass	auxpass	root	aux	xcomp	prep	det	amod	nn	pobj	prep	pobj	prep	pcomp	prep	det	pobj	prep	pobj	p
18	3	1	3	6	4	8	3	10	8	8	14	14	11	18	18	18	0	20	18	20	25	25	25	21	25	26	20	28	29	32	30	32	33	18
O	B-DATE	I-DATE	O	O	O	O	O	O	O	O	O	B-PRODUCT	O	O	B-PERSON	O	O	O	O	O	O	O	O	O	O	O	O	O	O	O	O	O	O	O
</negative>
<negative>
Glenn	failed	to	convince	Rick	Tomlinson	,	president	of	the	Space	Frontier	Foundation	,	which	promotes	opening	space	travel	to	civilians	.
NNP	VBD	TO	VB	NNP	NNP	,	NN	IN	DT	NNP	NNP	NNP	,	WDT	VBZ	VBG	NN	NN	TO	NNS	.
nsubj	root	aux	xcomp	nn	dobj	p	appos	prep	det	nn	nn	pobj	p	nsubj	rcmod	xcomp	nn	dobj	prep	pobj	p
2	0	4	2	6	4	2	6	8	13	13	13	9	2	16	6	16	19	17	17	20	2
B-PERSON	O	O	O	B-PERSON	I-PERSON	O	O	O	B-ORG	I-ORG	I-ORG	I-ORG	O	O	O	O	O	O	O	O	O
</negative>
<negative>
Oct	.	4	,	1957	_	The	Soviet	Union	launches	Sputnik	I	,	the	first	man-made	Earth	satellite	,	winning	Round	1	of	a	Cold	War	space	race	that	lasted	two	decades	.
NNP	.	CD	,	CD	VBD	DT	NNP	NNP	VBZ	NNP	PRP	,	DT	JJ	JJ	NN	NN	,	VBG	NNP	CD	IN	DT	NNP	NNP	NN	NN	WDT	VBD	CD	NNS	.
dep	p	dep	p	nsubj	root	det	nn	nsubj	ccomp	iobj	dobj	p	det	amod	amod	nn	appos	p	partmod	dobj	num	prep	det	nn	nn	nn	pobj	nsubj	rcmod	num	dobj	p
3	6	6	6	6	0	9	9	10	6	10	10	6	18	18	18	18	12	6	12	20	21	21	28	28	28	28	23	30	28	32	30	6
B-DATE	O	B-CARDINAL	O	B-DATE	O	B-GPE	I-GPE	I-GPE	O	O	O	O	O	B-ORDINAL	O	B-LOC	O	O	O	O	B-CARDINAL	O	B-EVENT	I-EVENT	I-EVENT	O	O	O	O	B-DATE	I-DATE	O
</negative>
<negative>
Oct	.	1	,	1958	_	The	National	Aeronautics	and	Space	Administration	is	established	to	guide	U.S	.	space	exploration	.
NNP	.	CD	,	CD	VBD	DT	NNP	NNP	CC	NNP	NNP	VBZ	VBN	TO	NNP	NNP	.	NN	NN	.
dep	p	dep	p	nsubj	root	det	nn	nsubjpass	cc	nn	conj	auxpass	ccomp	prep	nn	nn	p	nn	pobj	p
3	6	6	6	6	0	9	9	14	9	12	9	14	6	14	20	20	6	20	15	6
B-DATE	O	B-CARDINAL	O	B-DATE	B-LAW	B-ORG	I-ORG	I-ORG	I-ORG	I-ORG	I-ORG	O	O	O	O	B-GPE	O	O	O	O
</negative>
<negative>
April	12	,	1961	_	Soviet	cosmonaut	Yuri	Gagarin	becomes	the	first	human	in	space	,	orbiting	the	Earth	one	time	.
NNP	CD	,	CD	NNP	NNP	NN	NNP	NNP	VBZ	DT	JJ	NN	IN	NN	,	VBG	DT	NNP	CD	NN	.
nsubj	num	p	num	nn	nn	nn	nn	dep	cop	det	amod	root	prep	pobj	p	partmod	det	nn	num	dobj	p
13	1	13	1	9	9	9	9	1	13	13	13	0	13	14	13	13	21	21	21	17	13
B-DATE	I-DATE	I-DATE	I-DATE	O	B-NORP	O	B-PERSON	I-PERSON	O	O	O	O	O	O	O	O	O	B-LOC	O	O	O
</negative>
<negative>
May	5	,	1961	_	Astronaut	Alan	Shepard	becomes	the	first	American	in	space	with	a	15-minute	suborbital	flight	.
NNP	CD	,	CD	NNP	NNP	NNP	NNP	VBZ	DT	JJ	NNP	IN	NN	IN	DT	JJ	JJ	NN	.
nsubj	num	p	num	nn	nn	nn	dep	cop	det	amod	root	prep	pobj	prep	det	amod	amod	pobj	p
12	1	12	1	8	8	8	1	12	12	12	0	12	13	14	19	19	19	15	12
B-DATE	I-DATE	I-DATE	I-DATE	O	O	B-PERSON	I-PERSON	O	O	I-NORP	B-NORP	O	O	O	O	O	O	O	O
</negative>
<negative>
April	19	,	1971	_	Soviets	launch	Salyut	1	,	the	world	's	first	space	station	,	which	could	not	be	refueled	or	resupplied	.
NNP	CD	,	CD	NNP	NNPS	VB	NNP	CD	,	DT	NN	POS	JJ	NN	NN	,	WDT	MD	RB	VB	VBN	CC	VBN	.
nsubj	num	p	num	nn	dep	root	dobj	num	p	det	poss	possessive	amod	nn	appos	p	nsubjpass	aux	neg	auxpass	rcmod	cc	conj	p
7	1	7	1	6	1	0	7	8	7	12	16	12	16	16	8	7	22	22	22	22	16	22	22	7
B-DATE	I-DATE	I-DATE	I-DATE	O	B-NORP	O	B-PRODUCT	I-PRODUCT	O	O	O	O	O	O	O	O	O	O	O	O	O	O	O	O
</negative>
<negative>
May	14	,	1973	_	NASA	launches	Skylab	,	the	third	stage	of	a	massive	Saturn	V	moon	rocket	converted	into	an	orbital	living	space	and	laboratory	.
NNP	CD	,	CD	NNP	NNP	VBZ	NNP	,	DT	JJ	NN	IN	DT	JJ	NNP	NNP	NN	NN	VBN	IN	DT	JJ	NN	NN	CC	NN	.
nsubj	num	p	num	nn	dep	root	dobj	p	det	amod	appos	prep	det	amod	nn	nn	nn	pobj	partmod	prep	det	amod	nn	pobj	cc	conj	p
7	1	7	1	6	1	0	7	7	12	12	8	12	19	19	19	19	19	13	19	20	25	25	25	21	25	25	7
B-DATE	I-DATE	I-DATE	I-DATE	O	B-ORG	O	B-ORG	O	O	B-ORDINAL	O	O	O	O	B-ORG	I-ORG	O	O	O	O	O	O	O	O	O	O	O
</negative>
<negative>
April	12	,	1981	_	The	first	reusable	spacecraft	,	NASA	's	shuttle	Columbia	,	launches	on	a	successful	maiden	voyage	with	astronauts	John	Young	and	Robert	Crippen	at	the	controls	.
NNP	CD	,	CD	VBG	DT	JJ	NN	NN	,	NNP	POS	NN	NNP	,	VBZ	IN	DT	JJ	JJ	NN	IN	NNS	NNP	NNP	CC	NNP	NNP	IN	DT	NNS	.
nsubj	num	p	num	partmod	det	amod	nn	dobj	p	poss	possessive	appos	dep	p	root	prep	det	amod	amod	pobj	prep	nn	nn	pobj	cc	nn	conj	prep	det	pobj	p
16	1	16	1	1	9	9	9	5	16	13	11	1	13	16	0	16	21	21	21	17	21	25	25	22	25	28	25	25	31	29	16
B-DATE	I-DATE	I-DATE	I-DATE	O	O	B-ORDINAL	O	O	O	B-ORG	O	O	B-PRODUCT	O	O	O	O	O	O	O	O	O	B-PERSON	I-PERSON	O	B-PERSON	I-PERSON	O	O	O	O
</negative>
<negative>
Jan	.	26	,	1984	_	In	his	State	of	the	Union	address	,	President	Reagan	directs	NASA	to	build	a	permanently	occupied	space	station	within	a	decade	.
NNP	.	CD	,	CD	NNS	IN	PRP$	NN	IN	DT	NNP	NN	,	NNP	NNP	VBZ	NNP	TO	VB	DT	RB	VBN	NN	NN	IN	DT	NN	.
nsubj	p	num	p	num	dep	prep	poss	pobj	prep	det	nn	pobj	p	nn	nsubj	root	nsubj	aux	xcomp	det	advmod	amod	nn	dobj	prep	det	pobj	p
17	17	6	17	6	1	17	9	7	9	13	13	10	17	16	17	0	20	20	17	25	23	25	25	20	25	28	26	17
B-PERSON	O	B-CARDINAL	O	B-DATE	O	O	O	B-WORK_OF_ART	I-WORK_OF_ART	I-WORK_OF_ART	I-WORK_OF_ART	O	O	O	B-PERSON	O	B-ORG	O	O	O	O	O	O	O	O	O	O	O
</negative>
<negative>
Sept	.	29	,	1988	_	Americans	return	to	space	aboard	the	shuttle	Discovery	,	after	a	32-month	absence	in	the	wake	of	the	Challenger	accident	.
UH	.	UH	,	CD	NNP	NNPS	VBP	TO	NN	IN	DT	NN	NN	,	IN	DT	JJ	NN	IN	DT	NN	IN	DT	NNP	NN	.
dep	p	dep	p	num	nn	nsubj	root	prep	pobj	prep	det	nn	pobj	p	prep	det	amod	pobj	prep	det	pobj	prep	det	nn	pobj	p
8	8	8	8	7	7	8	0	8	9	8	14	14	11	8	8	19	19	16	19	22	20	22	26	26	23	8
B-DATE	O	B-CARDINAL	O	B-DATE	O	B-NORP	O	O	O	O	O	O	B-PRODUCT	O	O	O	O	O	O	O	O	O	O	B-PRODUCT	O	O
</negative>
<negative>
Dec	.	25	,	1991	_	Soviet	Union	dissolves	and	the	door	opens	for	cooperative	ventures	in	space	between	Russia	and	the	United	States	.
NNP	.	CD	,	CD	JJ	NNP	NNP	NNS	CC	DT	NN	VBZ	IN	JJ	NNS	IN	NN	IN	NNP	CC	DT	NNP	NNPS	.
nsubj	p	dep	p	num	amod	nn	nn	nsubj	cc	det	conj	root	prep	amod	pobj	prep	pobj	prep	pobj	cc	det	nn	conj	p
13	13	1	13	9	9	9	9	13	9	12	9	0	13	16	14	16	17	18	19	20	24	24	20	13
B-DATE	O	B-CARDINAL	O	B-DATE	B-GPE	I-GPE	I-GPE	O	O	O	O	O	O	O	O	O	O	O	B-GPE	O	B-GPE	I-GPE	I-GPE	O
</negative>
<negative>
Oct	.	6	,	1992	_	The	United	States	and	Russia	agree	to	exchange	an	astronaut	and	cosmonaut	and	dock	a	future	U.S	.	space	shuttle	with	Mir	.
NNP	.	CD	,	CD	NNS	DT	NNP	NNPS	CC	NNP	VBP	TO	VB	DT	NN	CC	NN	CC	NN	DT	JJ	NNP	.	NN	NN	IN	NNS	.
nsubj	p	num	p	num	dep	det	nn	dep	cc	conj	root	aux	xcomp	det	dobj	cc	conj	cc	conj	det	amod	nn	p	nn	dep	prep	pobj	p
12	12	6	12	6	1	9	9	1	9	9	0	14	12	16	14	16	16	18	18	26	26	26	12	26	27	14	27	12
B-DATE	O	B-CARDINAL	O	B-DATE	O	B-GPE	I-GPE	I-GPE	O	B-GPE	O	O	O	O	O	O	O	O	O	O	O	B-GPE	O	O	O	O	B-PRODUCT	O
</negative>
<negative>
January-March	1993	_	Clinton	Administration	orders	major	scale-back	as	estimates	for	the	U.S	.	share	of	the	planned	international	space	station	balloon	$	1	billion	over	budget	.
CD	CD	NNP	NNP	NNP	NNS	JJ	NN	IN	NNS	IN	DT	NNP	.	NN	IN	DT	JJ	JJ	NN	NN	NN	$	CD	CD	IN	NN	.
num	num	nn	nn	nn	root	amod	dep	prep	pobj	prep	det	nn	p	pobj	prep	det	amod	amod	nn	nn	pobj	dep	number	number	prep	pobj	p
6	6	6	6	6	0	8	6	8	9	10	15	15	6	11	8	22	22	22	22	22	16	6	23	23	23	26	6
B-DATE	I-DATE	O	B-ORG	I-ORG	O	O	O	O	O	O	O	B-GPE	O	O	O	O	O	O	O	O	O	B-MONEY	I-MONEY	I-MONEY	O	O	O
</negative>
<negative>
September-December	1993	_	Clinton	wins	new	political	support	for	the	space	station	by	inviting	Russia	to	join	Europe	,	Japan	,	Canada	and	the	United	States	in	the	project	.
NNP	NNP	NNP	NNP	VBZ	JJ	JJ	NN	IN	DT	NN	NN	IN	VBG	NNP	TO	VB	NNP	,	NNP	,	NNP	CC	DT	NNP	NNPS	IN	DT	NN	.
nn	nn	nn	nsubj	root	amod	amod	dobj	prep	det	nn	pobj	prep	pcomp	nsubj	aux	xcomp	dobj	p	conj	p	conj	cc	det	nn	conj	prep	det	pobj	p
4	4	4	5	0	8	8	5	8	12	12	9	5	13	17	17	14	17	5	18	5	18	18	26	26	18	17	29	27	5
B-DATE	I-DATE	O	B-PERSON	O	O	O	O	O	O	O	O	O	O	B-GPE	O	O	B-LOC	O	B-GPE	O	B-GPE	O	B-GPE	I-GPE	I-GPE	O	O	O	O
</negative>
<negative>
Feb	.	3	,	1994	_	Cosmonaut	Sergei	Krikalev	becomes	the	first	Russian	to	launch	aboard	a	U.S	.	spacecraft	,	and	participates	in	an	eight-day	shuttle	flight	.
NNP	.	CD	,	CD	NNS	NNP	NNP	NNP	VBZ	DT	JJ	JJ	TO	VB	IN	DT	NNP	.	NN	,	CC	VBZ	IN	DT	JJ	NN	NN	.
nsubj	p	dep	p	num	appos	nn	nn	dep	cop	det	amod	root	aux	xcomp	prep	det	nn	p	pobj	p	cc	conj	prep	det	amod	nn	pobj	p
13	13	1	13	6	1	9	9	6	13	13	13	0	15	13	15	20	20	13	16	13	13	13	23	28	28	28	24	13
B-DATE	O	B-CARDINAL	O	B-DATE	O	O	B-PERSON	I-PERSON	O	O	B-ORDINAL	B-NORP	O	O	O	O	B-GPE	O	O	O	O	O	O	O	O	O	O	O
</negative>
<negative>
June	29	,	1995	_	U.S	.	shuttle	Atlantis	docks	with	Mir	,	drops	off	two	cosmonauts	and	later	returns	with	Thagard	and	his	two	Russian	crewmates	.
NNP	CD	,	CD	NNP	NNP	.	NN	NN	VBZ	IN	NNS	,	VBZ	RP	CD	NNS	CC	RB	VBZ	IN	NNP	CC	PRP$	CD	JJ	NNS	.
tmod	num	p	num	nn	nn	p	nn	nsubj	root	prep	pobj	p	conj	prt	num	dobj	cc	advmod	conj	prep	pobj	cc	poss	num	amod	conj	p
10	1	10	9	9	9	10	9	10	0	10	11	10	10	14	17	14	10	20	10	20	21	22	27	27	27	22	10
B-DATE	I-DATE	I-DATE	I-DATE	O	B-GPE	O	O	B-PRODUCT	O	O	B-FAC	O	O	O	B-CARDINAL	O	O	O	O	O	B-PERSON	O	O	B-CARDINAL	B-NORP	O	O
</negative>
<negative>
December	1995	_	Russia	proposes	that	Mir	,	rather	than	a	Russian	-built	service	module	,	serve	as	the	cornerstone	of	the	international	space	station	.
NNP	CD	NNP	NNP	VBZ	IN	NNS	,	RB	IN	DT	JJ	JJ	NN	NN	,	VBP	IN	DT	NN	IN	DT	JJ	NN	NN	.
tmod	num	nn	nsubj	root	complm	nsubj	p	cc	mwe	det	amod	amod	nn	conj	p	ccomp	prep	det	pobj	prep	det	amod	nn	pobj	p
5	1	4	5	0	17	17	5	7	9	15	15	15	15	7	5	5	17	20	18	20	25	25	25	21	5
B-DATE	I-DATE	O	B-GPE	O	O	B-FAC	O	O	O	O	B-NORP	O	O	O	O	O	O	O	O	O	O	O	O	O	O
</negative>
<negative>
June	12	,	1998	--	Astronaut	Andy	Thomas	,	the	seventh	and	final	American	assigned	to	live	and	work	aboard	Mir	,	returns	to	Earth	aboard	the	shuttle	Discovery	.
NNP	CD	,	CD	:	NNP	NNP	NNP	,	DT	JJ	CC	JJ	NN	VBN	TO	VB	CC	VB	IN	NNS	,	NNS	TO	NNP	IN	DT	NN	NN	.
root	num	p	num	p	nn	nn	dep	p	det	amod	cc	conj	appos	partmod	aux	xcomp	cc	conj	prep	pobj	p	appos	prep	pobj	prep	det	nn	pobj	p
0	1	1	1	1	8	8	1	1	14	14	11	11	8	14	17	15	17	17	17	20	1	21	23	24	17	29	29	26	1
B-DATE	I-DATE	I-DATE	I-DATE	O	O	B-PERSON	I-PERSON	O	O	B-ORDINAL	O	O	B-NORP	O	O	O	O	O	O	B-FAC	O	O	O	B-LOC	O	O	O	B-PRODUCT	O
</negative>
<negative>
Dec	.	3	,	1998	-LRB-	scheduled	-RRB-	_	The	second	station	module	is	launched	aboard	the	U.S	.	space	shuttle	Endeavour	.
NNP	.	CD	,	CD	-LRB-	VBN	-RRB-	VBD	DT	JJ	NN	NN	VBZ	VBN	IN	DT	NNP	.	NN	NN	NN	.
nsubj	p	dep	p	appos	p	dep	p	root	det	amod	nn	nsubjpass	auxpass	ccomp	prep	det	nn	p	nn	nn	pobj	p
9	9	1	9	1	9	1	9	0	13	13	13	15	15	9	15	22	22	9	22	22	16	9
B-DATE	O	B-CARDINAL	O	B-DATE	O	O	O	O	O	B-ORDINAL	O	O	O	O	O	O	B-GPE	O	O	O	O	O
</negative>
<negative>
SAN	FRANCISCO	_	The	international	space	station	that	is	being	assembled	285	miles	above	Earth	faces	enough	hazards	to	fill	a	stack	of	paperback	science	fiction	thrillers	.
NNP	NNP	VBD	DT	JJ	NN	NN	WDT	VBZ	VBG	VBN	CD	NNS	IN	NNP	VBZ	JJ	NNS	TO	VB	DT	NN	IN	NN	NN	NN	NNS	.
nn	nsubj	root	det	amod	nn	nsubj	nsubjpass	aux	auxpass	rcmod	num	npadvmod	prep	pobj	ccomp	amod	nsubj	aux	xcomp	det	dobj	prep	nn	nn	nn	pobj	p
2	3	0	7	7	7	16	11	11	11	7	13	14	11	14	3	18	20	20	16	22	20	22	27	27	27	23	3
B-GPE	I-GPE	O	O	O	O	O	O	O	O	O	B-QUANTITY	I-QUANTITY	O	B-LOC	O	O	O	O	O	O	O	O	O	O	O	O	O
</negative>
<negative>
Fires	,	explosions	,	solar	flares	,	power	failures	and	collisions	with	space	debris	could	threaten	the	station	_	history	's	grandest	construction	project	and	humanity	's	first	stepping	stone	to	Mars	and	worlds	beyond	.
NNP	,	NNS	,	JJ	NNS	,	NN	NNS	CC	NNS	IN	NN	NN	MD	VB	DT	NN	NN	NN	POS	JJ	NN	NN	CC	NN	POS	JJ	JJ	NN	TO	NNP	CC	NNS	IN	.
nsubj	p	conj	p	amod	conj	p	nn	conj	cc	conj	prep	nn	pobj	aux	root	det	nn	nn	poss	possessive	amod	nn	dobj	cc	poss	possessive	amod	amod	conj	prep	pobj	cc	conj	prep	p
16	16	1	16	6	1	16	9	1	1	1	11	14	12	16	0	20	20	20	24	20	24	24	16	24	30	26	30	30	24	16	31	32	32	16	16
O	O	O	O	O	O	O	O	O	O	O	O	O	O	O	O	O	O	O	O	O	O	O	O	O	O	O	O	O	O	O	O	O	O	O	O
</negative>
<negative>
Daniel	Goldin	,	the	administrator	of	the	National	Aeronautics	and	Space	Administration	,	expects	to	face	``	countless	problems	and	countless	issues	''	during	station	construction	.
NNP	NNP	,	DT	NN	IN	DT	NNP	NNP	CC	NNP	NNP	,	VBZ	TO	VB	``	JJ	NNS	CC	JJ	NNS	''	IN	NN	NN	.
nn	nsubj	p	det	appos	prep	det	nn	pobj	cc	nn	conj	p	root	aux	xcomp	p	amod	dobj	cc	amod	conj	p	prep	nn	pobj	p
2	14	14	5	2	5	9	9	6	9	12	9	14	0	16	14	14	19	16	19	22	19	14	16	26	24	14
B-PERSON	I-PERSON	O	O	O	O	B-ORG	I-ORG	I-ORG	I-ORG	I-ORG	I-ORG	O	O	O	O	O	O	O	O	O	O	O	O	O	O	O
</negative>
<negative>
In	space	,	``	you	're	doing	a	bigger	construction	project	in	a	horrible	environment	,	''	said	Swain	,	who	works	at	the	University	of	Kentucky	.
IN	NN	,	``	PRP	VBP	VBG	DT	JJR	NN	NN	IN	DT	JJ	NN	,	''	VBD	NNP	,	WP	VBZ	IN	DT	NNP	IN	NNP	.
prep	pobj	p	p	nsubj	aux	ccomp	det	amod	nn	dobj	prep	det	amod	pobj	p	p	root	nsubj	p	nsubj	rcmod	prep	det	pobj	prep	pobj	p
7	1	18	18	7	7	18	11	11	11	7	11	15	15	12	18	18	0	18	18	22	19	22	25	23	25	26	18
O	O	O	O	O	O	O	O	O	O	O	O	O	O	O	O	O	O	B-PERSON	O	O	O	O	B-ORG	I-ORG	I-ORG	I-ORG	O
</negative>
<negative>
The	sheer	size	of	the	space	station	offers	more	opportunity	for	trouble	.
DT	JJ	NN	IN	DT	NN	NN	VBZ	JJR	NN	IN	NN	.
det	amod	nsubj	prep	det	nn	pobj	root	amod	dobj	prep	pobj	p
3	3	8	3	7	7	4	0	10	8	8	11	8
O	O	O	O	O	O	O	O	O	O	O	O	O
</negative>
<negative>
They	will	study	their	physiological	,	psychological	and	orthopedic	reactions	to	space	flight	,	generating	information	useful	for	long-term	missions	to	Mars	and	beyond	.
PRP	MD	VB	PRP$	JJ	,	JJ	CC	JJ	NNS	TO	NN	NN	,	VBG	NN	JJ	IN	JJ	NNS	TO	NNP	CC	RB	.
nsubj	aux	root	poss	amod	p	conj	cc	conj	dobj	prep	nn	pobj	p	partmod	dobj	amod	prep	amod	pobj	prep	pobj	cc	advmod	p
3	3	0	10	10	3	5	5	5	3	3	13	11	3	3	15	16	17	20	18	15	21	22	22	3
O	O	O	O	O	O	O	O	O	O	O	O	O	O	O	O	O	O	O	O	O	O	O	O	O
</negative>
<negative>
In	deft	maneuvers	,	the	Russian	and	U.S	.	shuttle	crew	connected	the	two	components	Sunday	and	Monday	.
IN	JJ	NNS	,	DT	JJ	NNP	NNP	.	NN	NN	VBN	DT	CD	NNS	NNP	CC	NNP	.
prep	amod	pobj	p	det	amod	nn	nn	p	nn	nsubj	root	det	num	dobj	tmod	cc	conj	p
12	3	1	12	11	11	11	11	12	11	12	0	15	15	12	12	16	16	12
O	O	O	O	O	B-NORP	O	B-GPE	O	O	O	O	O	B-CARDINAL	O	B-DATE	O	B-DATE	O
</negative>
<negative>
In	February	1997	,	the	crew	of	the	aging	Russian	Mir	space	station	,	including	American	Jerry	Linenger	,	fought	``	an	impressive	,	life-threatening	fire	.
IN	NNP	CD	,	DT	NN	IN	DT	VBG	JJ	NNS	NN	NN	,	VBG	NNP	NNP	NNP	,	VBD	``	DT	JJ	,	JJ	NN	.
prep	pobj	num	p	det	nsubj	prep	det	amod	amod	nn	nn	pobj	p	dep	nn	nn	pobj	p	root	p	det	amod	p	amod	dobj	p
20	1	2	20	6	20	6	13	13	13	13	13	7	20	13	18	18	15	20	0	20	26	25	20	26	20	20
O	B-DATE	I-DATE	O	O	O	O	O	O	B-NORP	O	O	O	O	O	B-NORP	B-PERSON	I-PERSON	O	O	O	O	O	O	O	O	O
</negative>
<negative>
Collisions	between	space	station	components	during	assembly	.
NNS	IN	NN	NN	NNS	IN	NN	.
root	prep	nn	nn	pobj	prep	pobj	p
0	1	5	5	2	1	6	1
O	O	O	O	O	O	O	O
</negative>
<negative>
Space	debris	.
NNP	VBZ	.
nsubj	root	p
2	0	2
O	O	O
</negative>
<negative>
Millions	of	pieces	from	prior	space	flights	litter	Earth	's	orbit	.
NNS	IN	NNS	IN	JJ	NN	NNS	VBZ	NNP	POS	NN	.
nsubj	prep	pobj	prep	amod	nn	pobj	root	poss	possessive	dobj	p
8	1	2	3	7	7	4	0	11	9	8	8
O	O	O	O	O	O	O	O	B-LOC	O	O	O
</negative>
<negative>
Traveling	at	many	miles	per	second	,	they	could	punch	holes	in	the	space	station	,	asphyxiating	astronauts	.
VBG	IN	JJ	NNS	IN	JJ	,	PRP	MD	VB	NNS	IN	DT	NN	NN	,	VBG	NNS	.
partmod	prep	amod	pobj	prep	pobj	p	nsubj	aux	root	dobj	prep	det	nn	pobj	p	partmod	dobj	p
10	1	4	2	4	5	10	10	10	0	10	11	15	15	12	10	10	17	10
O	O	O	O	O	O	O	O	O	O	O	O	O	O	O	O	O	O	O
</negative>
<negative>
As	long	as	the	space	station	points	within	a	15	-degree	plane	relative	to	its	orbit	,	it	will	capture	enough	sunlight	to	electrify	its	solar	panels	.
IN	JJ	IN	DT	NN	NN	NNS	IN	DT	CD	JJ	NN	JJ	TO	PRP$	NN	,	PRP	MD	VB	JJ	NN	TO	VB	PRP$	JJ	NNS	.
prep	amod	prep	det	nn	pobj	pobj	prep	det	number	amod	pobj	advmod	prep	poss	pobj	p	nsubj	aux	root	amod	dobj	aux	xcomp	poss	amod	dobj	p
20	7	2	6	6	3	1	7	12	11	12	8	12	13	16	14	20	20	20	0	22	20	24	20	27	27	24	20
O	O	O	O	O	O	O	O	O	B-CARDINAL	O	O	O	O	O	O	O	O	O	O	O	O	O	O	O	O	O	O
</negative>
<negative>
Dangerous	space	walks	or	``	extravehicular	activities	''	-LRB-	EVAs	-RRB-	,	lasting	a	total	of	more	than	1,000	hours	,	during	which	astronauts	will	assemble	station	components	.
JJ	NN	VBZ	CC	``	NN	NNS	''	-LRB-	NNP	-RRB-	,	VBG	DT	NN	IN	JJR	IN	CD	NNS	,	IN	WDT	NNS	MD	VB	NN	NNS	.
amod	nsubj	root	cc	p	nn	nsubj	p	p	abbrev	p	p	conj	det	dobj	prep	mwe	quantmod	num	pobj	p	rel	pobj	nsubj	aux	rcmod	nn	dobj	p
2	3	0	3	3	7	13	3	3	7	3	3	3	15	13	15	18	19	20	16	3	26	22	26	26	20	28	26	3
O	O	O	O	O	O	O	O	O	O	O	O	O	O	O	O	B-CARDINAL	I-CARDINAL	I-CARDINAL	I-TIME	O	O	O	O	O	O	O	O	O
</negative>
<negative>
A	former	NASA	engineer	and	space	writer	,	he	left	the	agency	this	year	.
DT	JJ	NNP	NN	CC	NN	NN	,	PRP	VBD	DT	NN	DT	NN	.
det	amod	nn	nsubj	cc	nn	conj	p	nsubj	root	det	dobj	det	tmod	p
4	4	4	10	4	7	4	10	10	0	12	10	14	10	10
O	O	B-ORG	O	O	O	O	O	O	O	O	O	B-DATE	I-DATE	O
</negative>
<negative>
And	if	NASA	officials	think	Mir	taught	them	about	space	station	hazards	,	he	said	,	``	this	could	be	the	road	to	more	disasters.	''
CC	IN	NNP	NNS	VBP	NNS	VBD	PRP	IN	NN	NN	NNS	,	PRP	VBD	,	``	DT	MD	VB	DT	NN	TO	JJR	NN	''
cc	mark	nn	nsubj	dep	nsubj	ccomp	dobj	prep	nn	nn	pobj	p	nsubj	parataxis	p	p	nsubj	aux	cop	det	root	prep	amod	pobj	p
22	5	4	5	22	7	5	7	7	12	12	9	22	15	22	22	22	22	22	22	22	0	22	25	23	22
O	O	B-ORG	O	O	B-PERSON	O	O	O	O	O	O	O	O	O	O	O	O	O	O	O	O	O	O	O	O
</negative>
<negative>
Disasters	struck	the	first	space	stations	.
NNS	VBD	DT	JJ	NN	NNS	.
nsubj	root	det	amod	nn	dobj	p
2	0	6	6	6	2	2
O	O	O	O	O	O	O
</negative>
<negative>
In	1971	,	the	Soviets	launched	Salyut	1	;	its	three	-man	crew	asphyxiated	on	re-entry	when	their	space	capsule	lost	air	pressure	.
IN	CD	,	DT	NNPS	VBD	NNP	CD	:	PRP$	CD	NN	NN	VBD	IN	NN	WRB	PRP$	NN	NN	VBD	NN	NN	.
prep	pobj	p	det	nsubj	root	dobj	num	p	poss	num	nn	nsubj	parataxis	prep	pobj	advmod	poss	nn	nsubj	advcl	nn	dobj	p
6	1	6	5	6	0	6	7	6	13	13	13	14	6	14	15	21	20	20	21	14	23	21	6
O	B-DATE	O	O	B-NORP	O	B-GPE	I-GPE	O	O	B-CARDINAL	O	O	O	O	O	O	O	O	O	O	O	O	O
</negative>
<negative>
Two	years	later	,	the	United	States	launched	a	roomy	,	cylindrical	space	station	called	Skylab	.
CD	NNS	RB	,	DT	NNP	NNPS	VBD	DT	JJ	,	JJ	NN	NN	VBD	NNP	.
num	npadvmod	advmod	p	det	nn	nsubj	root	det	amod	p	amod	nn	nsubj	ccomp	dobj	p
2	3	8	8	7	7	8	0	14	14	8	14	14	15	8	15	8
B-DATE	I-DATE	I-DATE	O	B-GPE	I-GPE	I-GPE	O	O	O	O	O	O	O	O	B-PRODUCT	O
</negative>
<negative>
NASA	officials	remain	optimistic	that	they	've	done	everything	they	could	to	keep	space	station	builders	and	inhabitants	safe	.
NNP	NNS	VBP	JJ	IN	PRP	VBP	VBN	NN	PRP	MD	TO	VB	NN	NN	NNS	CC	RB	JJ	.
nn	nsubj	cop	root	complm	nsubj	aux	ccomp	dobj	nsubj	rcmod	aux	xcomp	nn	nn	dobj	cc	advmod	conj	p
2	4	4	0	8	8	8	4	8	11	9	13	11	16	16	13	4	19	4	4
B-ORG	O	O	O	O	O	O	O	O	O	O	O	O	O	O	O	O	O	O	O
</negative>
<negative>
Two	decades	after	its	birth	,	and	13	years	after	its	worst	tragedy	,	the	space	shuttle	has	become	America	's	year-round	trucking	service	into	space	,	an	aging	but	respected	draft	horse	in	orbit	.
CD	NNS	IN	PRP$	NN	,	CC	CD	NNS	IN	PRP$	JJS	NN	,	DT	NN	NN	VBZ	VBN	NNP	POS	JJ	NN	NN	IN	NN	,	DT	JJ	CC	JJ	NN	NN	IN	NN	.
num	npadvmod	prep	poss	pobj	p	cc	num	npadvmod	conj	poss	amod	pobj	p	det	nn	nsubj	aux	cop	poss	possessive	amod	nn	root	prep	pobj	p	det	amod	cc	conj	nn	appos	prep	pobj	p
2	3	24	5	3	24	3	9	10	3	13	13	10	24	17	17	24	24	24	24	20	24	24	0	24	25	24	33	33	29	29	33	26	33	34	24
B-DATE	I-DATE	O	O	O	O	O	B-DATE	I-DATE	O	O	O	O	O	O	O	O	O	O	B-GPE	O	O	O	O	O	O	O	O	O	O	O	O	O	O	O	O
</negative>
<negative>
But	the	venerable	shuttle	fleet	is	n't	likely	to	be	replaced	for	decades	to	come	,	NASA	officials	,	engineers	and	former	astronauts	say	because	Congress	is	unlikely	to	give	the	National	Aeronautics	and	Space	Administration	the	money	.
CC	DT	JJ	NN	NN	VBZ	RB	JJ	TO	VB	VBN	IN	NNS	TO	VB	,	NNP	NNS	,	NNS	CC	JJ	NNS	VBP	IN	NNP	VBZ	JJ	TO	VB	DT	NNP	NNP	CC	NNP	NNP	DT	NN	.
cc	det	amod	nn	nsubj	cop	neg	ccomp	aux	auxpass	xcomp	prep	pobj	aux	xcomp	p	nn	nn	p	nsubj	cc	amod	conj	root	mark	nsubj	cop	advcl	aux	xcomp	det	nn	iobj	cc	nn	conj	det	dobj	p
8	5	5	5	8	8	8	24	11	11	8	11	12	15	11	24	20	20	24	24	20	23	20	0	28	28	28	24	30	28	33	33	30	33	36	33	38	30	24
O	O	O	O	O	O	O	O	O	O	O	O	B-DATE	O	O	O	B-ORG	O	O	O	O	O	O	O	O	B-ORG	O	O	O	O	B-ORG	I-ORG	I-ORG	I-ORG	I-ORG	I-ORG	O	O	O
</negative>
<negative>
The	B-52	analogy	is	valid	,	said	Bernard	Shaw	,	a	former	space	shuttle	commander	who	is	now	vice	president	and	general	manager	of	the	International	Space	Station	project	for	Boeing	Co	.
DT	NN	NN	VBZ	JJ	,	VBD	NNP	NNP	,	DT	JJ	NN	NN	NN	WP	VBZ	RB	NN	NN	CC	JJ	NN	IN	DT	NNP	NNP	NNP	NN	IN	NNP	NNP	.
det	nn	nsubj	cop	ccomp	p	root	nn	nsubj	p	det	amod	nn	nn	appos	nsubj	cop	advmod	nn	rcmod	cc	amod	conj	prep	det	nn	nn	nn	pobj	prep	nn	pobj	p
3	3	5	5	7	7	0	9	7	7	15	15	15	15	9	20	20	20	20	15	20	23	20	20	29	29	29	29	24	29	32	30	7
O	B-PRODUCT	O	O	O	O	O	B-PERSON	I-PERSON	O	O	O	O	O	O	O	O	O	O	O	O	O	O	O	B-ORG	I-ORG	I-ORG	I-ORG	O	O	B-ORG	I-ORG	O
</negative>
<negative>
the	space	shuttle	will	be	hard	to	replace	,	''	he	said	.
DT	NN	NN	MD	VB	JJ	TO	VB	,	''	PRP	VBD	.
det	nn	nsubj	aux	cop	ccomp	aux	xcomp	p	p	nsubj	root	p
3	3	6	6	6	12	8	6	12	12	12	0	12
O	O	O	O	O	O	O	O	O	O	O	O	O
</negative>
<negative>
Scheduled	for	completion	about	2005	,	the	space	station	is	being	assembled	primarily	by	shuttle	launches	that	carry	components	to	low	Earth	orbit	.
VBN	IN	NN	IN	CD	,	DT	NN	NN	VBZ	VBG	VBN	RB	IN	NN	NNS	WDT	VBP	NNS	TO	JJ	NN	NN	.
partmod	prep	pobj	prep	pobj	p	det	nn	nsubjpass	aux	auxpass	root	advmod	prep	nn	pobj	nsubj	rcmod	dobj	prep	amod	nn	pobj	p
12	1	2	3	4	12	9	9	12	12	12	0	12	12	16	14	18	16	18	18	23	23	20	12
O	O	O	O	B-DATE	O	O	O	O	O	O	O	O	O	O	O	O	O	O	O	O	B-LOC	O	O
</negative>
<negative>
Delayed	retirement	is	a	noble	but	ironic	fate	for	the	shuttle	fleet	,	which	almost	died	in	its	crib	in	the	1970s	,	when	then-President	Richard	Nixon	half-heartedly	proposed	it	to	a	reluctant	Congress	.
JJ	NN	VBZ	DT	JJ	CC	JJ	NN	IN	DT	NN	NN	,	WDT	RB	VBD	IN	PRP$	NN	IN	DT	NNS	,	WRB	JJ	NNP	NNP	RB	VBD	PRP	TO	DT	JJ	NNP	.
amod	nsubj	cop	det	amod	cc	conj	root	prep	det	nn	pobj	p	nsubj	advmod	rcmod	prep	poss	pobj	prep	det	pobj	p	advmod	amod	nn	nsubj	advmod	advcl	dobj	prep	det	amod	pobj	p
2	8	8	8	8	5	5	0	8	12	12	9	8	16	16	12	16	19	17	16	22	20	8	29	27	27	29	29	16	29	29	34	34	31	8
O	O	O	O	O	O	O	O	O	O	O	O	O	O	O	O	O	O	O	O	B-DATE	I-DATE	O	O	O	B-PERSON	I-PERSON	O	O	O	O	O	O	B-ORG	O
</negative>
<negative>
Yet	13	years	later	,	long	after	doomsayers	had	predicted	a	second	shuttle	disaster	to	occur	,	the	fleet	is	still	flying	an	average	of	seven	to	eight	times	a	year	.
CC	CD	NNS	RB	,	RB	IN	NNS	VBD	VBN	DT	JJ	NN	NN	TO	VB	,	DT	NN	VBZ	RB	VBG	DT	NN	IN	CD	TO	CD	NNS	DT	NN	.
cc	num	tmod	advmod	p	advmod	dep	nsubj	aux	dep	det	amod	nn	dobj	aux	xcomp	p	det	nsubj	aux	advmod	root	det	dobj	prep	number	dep	number	pobj	det	dep	p
22	3	22	3	22	10	10	10	10	22	14	14	14	10	16	10	22	19	22	22	22	0	24	22	24	29	29	29	25	31	29	22
O	B-DATE	I-DATE	I-DATE	O	O	O	O	O	O	O	B-ORDINAL	O	O	O	O	O	O	O	O	O	O	O	O	O	B-CARDINAL	O	B-CARDINAL	O	O	O	O
</negative>
<negative>
Allen	is	now	director	of	space	shuttle	development	for	United	Space	Alliance	,	a	shuttle	-managing	consortium	created	by	the	Lockheed	Martin	Corp	.	and	Boeing	that	has	managed	shuttle	flights	under	contract	to	NASA	since	1996	.
NNP	VBZ	RB	NN	IN	NN	NN	NN	IN	NNP	NNP	NNP	,	DT	NN	JJ	NN	VBN	IN	DT	NNP	NNP	NNP	.	CC	NNP	WDT	VBZ	VBN	NN	NNS	IN	NN	TO	NNP	IN	CD	.
nsubj	cop	advmod	root	prep	nn	nn	pobj	prep	nn	nn	pobj	p	det	nn	amod	appos	partmod	prep	det	nn	nn	pobj	p	cc	conj	nsubj	aux	rcmod	nn	dobj	prep	pobj	prep	pobj	prep	pobj	p
4	4	4	0	4	8	8	5	8	12	12	9	4	17	17	17	12	17	18	23	23	23	19	4	23	23	29	29	26	31	29	29	32	29	34	29	36	4
B-PERSON	O	O	O	O	O	O	O	O	B-ORG	I-ORG	I-ORG	O	O	O	O	O	O	O	O	B-ORG	I-ORG	I-ORG	O	O	B-ORG	O	O	O	O	O	O	O	O	B-ORG	O	B-DATE	O
</negative>
<negative>
Placing	electronic	components	inside	the	whitish	tiles	that	serve	as	the	shuttle	's	skin	and	protect	it	from	severe	heat	as	it	re-enters	the	atmosphere	.
VBG	JJ	NNS	IN	DT	JJ	NNS	WDT	VB	IN	DT	NN	POS	NN	CC	VB	PRP	IN	JJ	NN	IN	PRP	VBZ	DT	NN	.
root	amod	dobj	prep	det	amod	pobj	nsubj	rcmod	prep	det	poss	possessive	pobj	cc	conj	dobj	prep	amod	pobj	mark	nsubj	advcl	det	dobj	p
0	3	1	3	7	7	4	9	7	9	12	14	12	10	9	9	16	16	20	18	23	23	16	25	23	1
O	O	O	O	O	O	O	O	O	O	O	O	O	O	O	O	O	O	O	O	O	O	O	O	O	O
</negative>
<negative>
Replacing	helium-gas-triggered	actuators	that	activate	shuttle	mechanical	components	with	more	reliable	,	gas-free	alternatives	.
VBG	JJ	NNS	DT	VBP	NN	JJ	NNS	IN	JJR	JJ	,	JJ	NNS	.
dep	amod	dobj	nsubj	root	nn	amod	dobj	prep	amod	amod	p	amod	pobj	p
5	3	1	5	0	8	8	5	5	14	13	5	14	9	5
O	O	O	O	O	O	O	O	O	O	O	O	O	O	O
</negative>
<negative>
Shaw	,	the	former	shuttle	commander	,	insists	that	NASA	must	make	do	with	the	shuttles	for	a	long	time	to	come	.
NNP	,	DT	JJ	NN	NN	,	VBZ	IN	NNP	MD	VB	RP	IN	DT	NNS	IN	DT	JJ	NN	TO	VB	.
nsubj	p	det	amod	nn	appos	p	root	complm	nsubj	aux	ccomp	prt	prep	det	pobj	prep	det	amod	pobj	aux	xcomp	p
8	8	6	6	6	1	8	0	12	12	12	8	12	12	16	14	16	20	20	17	22	12	8
B-PERSON	O	O	O	O	O	O	O	O	B-ORG	O	O	O	O	O	O	O	O	O	O	O	O	O
</negative>
<negative>
On	the	other	hand	,	he	acknowledged	,	the	nation	must	consider	developing	a	complementary	or	backup	space	transportation	system	.
IN	DT	JJ	NN	,	PRP	VBD	,	DT	NN	MD	VB	VBG	DT	JJ	CC	NN	NN	NN	NN	.
prep	det	amod	pobj	p	nsubj	parataxis	p	det	nsubj	aux	root	xcomp	dep	dobj	cc	nn	nn	nn	conj	p
12	4	4	1	12	7	12	12	10	12	12	0	12	15	13	15	20	20	20	15	12
O	O	O	O	O	O	O	O	O	O	O	O	O	O	O	O	O	O	O	O	O
</negative>
</QApairs>
<QApairs id='65.5'>
<question>
How	many	members	were	in	the	crew	of	the	Challenger	?
WRB	JJ	NNS	VBD	IN	DT	NN	IN	DT	NNP	.
advmod	amod	nsubj	root	prep	det	pobj	prep	det	pobj	p
2	3	4	0	4	7	5	7	10	8	4
O	O	O	O	O	O	O	O	O	B-PRODUCT	O
</question>
<positive>
On	Jan	.	28	,	1986	,	the	space	shuttle	Challenger	exploded	73	seconds	after	liftoff	from	Cape	Canaveral	,	killing	all	seven	crew	members	.
IN	NNP	.	CD	,	CD	,	DT	NN	NN	NNP	VBD	CD	NNS	IN	NN	IN	NNP	NNP	,	VBG	DT	CD	NN	NNS	.
prep	pobj	p	dep	p	appos	p	det	nn	nn	nsubj	root	num	dobj	prep	pobj	prep	nn	pobj	p	partmod	det	num	nn	dobj	p
12	1	12	2	12	2	12	11	11	11	12	0	14	12	12	15	12	19	17	12	12	25	25	25	21	12
O	B-PERSON	O	B-CARDINAL	O	B-DATE	O	O	O	O	B-PRODUCT	O	B-TIME	I-TIME	O	O	O	B-GPE	I-GPE	O	O	O	B-CARDINAL	O	O	O
seven
23
</positive>
<positive>
The	space	shuttle	Challenger	was	destroyed	and	its	seven	crew	members	killed	when	it	exploded	70	seconds	after	launch	in	1986	.
DT	NN	NN	NNP	VBD	VBN	CC	PRP$	CD	NN	NNS	VBD	WRB	PRP	VBD	CD	NNS	IN	NN	IN	CD	.
det	nn	nn	nsubjpass	auxpass	root	cc	poss	num	nn	nsubj	conj	advmod	nsubj	advcl	num	dobj	prep	pobj	prep	pobj	p
4	4	4	6	6	0	6	11	11	11	12	6	15	15	12	17	15	15	18	15	20	6
O	O	O	B-PRODUCT	O	O	O	O	B-CARDINAL	O	O	O	O	O	O	B-TIME	I-TIME	O	O	O	B-DATE	O
seven
9
</positive>
<positive>
When	the	Challenger	exploded	at	11	:	39	that	morning	,	just	74	seconds	after	liftoff	,	killing	all	seven	crew	members	,	Reagan	decided	to	postpone	his	State	of	the	Union	message	.
WRB	DT	NNP	VBD	IN	CD	:	CD	DT	NN	,	RB	CD	NNS	IN	NN	,	VBG	DT	CD	NN	NNS	,	NNP	VBD	TO	VB	PRP$	NN	IN	DT	NNP	NN	.
advmod	det	nsubj	advcl	prep	num	p	pobj	det	dep	p	advmod	num	pobj	prep	pobj	p	xcomp	det	num	nn	dobj	p	nsubj	root	aux	xcomp	poss	dobj	prep	det	nn	pobj	p
4	3	4	25	4	8	25	5	10	8	25	4	14	12	12	15	25	4	22	22	22	18	25	25	0	27	25	29	27	29	33	33	30	25
O	O	O	O	O	B-CARDINAL	O	B-CARDINAL	O	O	O	O	B-TIME	I-TIME	O	O	O	O	O	B-CARDINAL	O	O	O	B-PERSON	O	O	O	O	B-WORK_OF_ART	I-WORK_OF_ART	I-WORK_OF_ART	I-WORK_OF_ART	I-WORK_OF_ART	O
seven
20
</positive>
<positive>
Jan	.	28	,	1986	_	The	shuttle	Challenger	explodes	moments	after	launch	,	killing	its	seven	-member	crew	in	the	world	's	worst	space	disaster	.
NNP	.	CD	,	CD	NNS	DT	NN	NN	VBZ	NNS	IN	NN	,	VBG	PRP$	CD	NN	NN	IN	DT	NN	POS	JJS	NN	NN	.
root	p	dep	p	num	appos	det	nn	nsubj	rcmod	dobj	prep	pobj	p	partmod	poss	num	nn	dobj	prep	det	poss	possessive	amod	nn	pobj	p
0	1	1	1	6	1	9	9	10	6	10	10	12	1	1	19	19	19	15	1	22	26	22	26	26	20	1
B-PERSON	O	B-CARDINAL	O	B-DATE	O	O	O	B-PRODUCT	O	O	O	O	O	O	O	B-CARDINAL	O	O	O	O	O	O	O	O	O	O
seven
17
</positive>
<positive>
Challenger	was	lost	on	its	10th	mission	during	a	1986	launch	accident	that	killed	seven	crew	members	.
NNP	VBD	VBN	IN	PRP$	JJ	NN	IN	DT	CD	NN	NN	WDT	VBD	CD	NN	NNS	.
nsubjpass	auxpass	root	prep	poss	amod	pobj	prep	det	num	nn	pobj	nsubj	rcmod	num	nn	dobj	p
3	3	0	3	7	7	4	3	12	12	12	8	14	12	17	17	14	3
O	O	O	O	O	B-ORDINAL	O	O	O	B-DATE	O	O	O	O	B-CARDINAL	O	O	O
seven
15
</positive>
<positive>
The	shuttles	underwent	numerous	,	highly	publicized	safety	modifications	after	the	Challenger	explosion	in	1986	took	the	lives	of	seven	crew	members	.
DT	NNS	VBD	JJ	,	RB	VBN	NN	NNS	IN	DT	NNP	NN	IN	CD	VBD	DT	NNS	IN	CD	NN	NNS	.
det	nsubj	root	amod	p	advmod	amod	nn	nsubj	prep	det	nn	pobj	prep	pobj	ccomp	det	dobj	prep	num	nn	pobj	p
2	3	0	9	3	7	9	9	16	9	13	13	10	9	14	3	18	16	18	22	22	19	3
O	O	O	O	O	O	O	O	O	O	O	B-PRODUCT	O	O	B-DATE	O	O	O	O	B-CARDINAL	O	O	O
seven
20
</positive>
<positive>
Clinton	did	not	mention	the	January	1986	Challenger	explosion	in	which	seven	crew	members	were	killed	.
NNP	VBD	RB	VB	DT	NNP	CD	NNP	NN	IN	WDT	CD	NN	NNS	VBD	VBN	.
nsubj	aux	neg	root	det	nn	num	nn	dobj	rel	pobj	num	nn	nsubjpass	auxpass	rcmod	p
4	4	4	0	9	9	9	9	4	16	10	14	14	16	16	9	4
B-PERSON	O	O	O	O	B-DATE	I-DATE	O	O	O	O	B-CARDINAL	O	O	O	O	O
seven
12
</positive>
<negative>
what	immediately	came	to	my	mind	was	the	whole	Challenger	thing	,	''	he	said	.
WP	RB	VBD	TO	PRP$	NN	VBD	DT	JJ	NNP	NN	,	''	PRP	VBD	.
nsubj	advmod	nsubj	prep	poss	pobj	cop	det	amod	nn	ccomp	p	p	nsubj	root	p
3	3	11	3	6	4	11	11	11	11	15	15	15	15	0	15
O	O	O	O	O	O	O	O	O	B-PRODUCT	O	O	O	O	O	O
</negative>
<negative>
Lyn	Glenn	said	the	close	relationships	that	developed	among	Discovery	's	crew	and	family	members	during	training	helped	her	accept	her	father	's	decision	.
NNP	NNP	VBD	DT	JJ	NNS	WDT	VBD	IN	NNP	POS	NN	CC	NN	NNS	IN	NN	VBD	PRP	VBP	PRP$	NN	POS	NN	.
nn	nsubj	root	det	amod	nsubj	nsubj	rcmod	prep	poss	possessive	pobj	cc	nn	conj	prep	pobj	ccomp	nsubj	ccomp	poss	poss	possessive	dobj	p
2	3	0	6	6	18	8	6	8	12	10	9	12	15	12	8	16	3	20	18	22	24	22	20	3
B-PERSON	I-PERSON	O	O	O	O	O	O	O	B-PRODUCT	O	O	O	O	O	O	O	O	O	O	O	O	O	O	O
</negative>
<negative>
``	I	ca	n't	say	enough	good	about	how	NASA	treats	families	and	how	NASA	has	taken	great	consideration	of	the	other	human	beings	involved	in	this	besides	the	crew	,	''	she	said	.
``	PRP	MD	RB	VB	RB	JJ	IN	WRB	NNP	VBZ	NNS	CC	WRB	NNP	VBZ	VBN	JJ	NN	IN	DT	JJ	JJ	NNS	VBN	IN	DT	IN	DT	NN	,	''	PRP	VBD	.
p	nsubj	aux	neg	ccomp	advmod	acomp	prep	advmod	nsubj	pcomp	dobj	cc	advmod	nsubj	aux	conj	amod	dobj	prep	det	amod	amod	pobj	partmod	prep	pobj	prep	det	pobj	p	p	nsubj	root	p
34	5	5	5	34	7	5	7	11	11	8	11	11	17	17	17	11	19	17	19	24	24	24	20	24	25	26	27	30	28	34	34	34	0	34
O	O	O	O	O	O	O	O	O	B-ORG	O	O	O	O	B-ORG	O	O	O	O	O	O	O	O	O	O	O	O	O	O	O	O	O	O	O	O
</negative>
<negative>
``	Over	these	months	I	've	gotten	to	know	the	crew	and	I	've	learned	more	and	more	and	more	,	and	I	think	it	's	very	exciting	.
``	IN	DT	NNS	PRP	VBP	VBN	TO	VB	DT	NN	CC	PRP	VBP	VBN	JJR	CC	JJR	CC	JJR	,	CC	PRP	VBP	PRP	VBZ	RB	JJ	.
p	prep	det	pobj	nsubj	aux	root	aux	xcomp	det	dobj	cc	nsubj	aux	conj	dep	cc	conj	cc	conj	p	cc	nsubj	conj	nsubj	cop	advmod	ccomp	p
7	7	4	2	7	7	0	9	7	11	9	7	15	15	7	15	16	16	18	18	7	7	24	7	28	28	28	24	7
O	O	B-DATE	I-DATE	O	O	O	O	O	O	O	O	O	O	O	O	O	O	O	O	O	O	O	O	O	O	O	O	O
</negative>
<negative>
Members	who	have	died	include	Paul	Williams	-LRB-	1973	-RRB-	;	Ruffin	-LRB-	1991	-RRB-	;	Kendricks	-LRB-	1992	-RRB-	;	and	Franklin	-LRB-	1995	-RRB-	.
NNS	WP	VBP	VBN	VBP	NNP	NNP	-LRB-	CD	-RRB-	:	NNP	-LRB-	CD	-RRB-	:	NNP	-LRB-	CD	-RRB-	:	CC	NNP	-LRB-	CD	-RRB-	.
nsubj	nsubj	aux	rcmod	root	nn	dobj	p	appos	p	p	conj	p	appos	p	p	dep	p	appos	p	p	cc	conj	p	appos	p	p
5	4	4	1	0	7	5	5	7	5	5	7	5	12	5	5	12	5	17	5	5	7	7	5	23	5	5
O	O	O	O	O	B-PERSON	I-PERSON	O	B-DATE	O	O	B-ORG	O	B-DATE	O	O	O	O	B-DATE	O	O	O	B-ORG	O	B-DATE	O	O
</negative>
<negative>
I	seem	to	remember	pictures	of	Ronald	Reagan	at	the	Challenger	launch	when	it	blew	up	.
PRP	VBP	TO	VB	NNS	IN	NNP	NNP	IN	DT	NNP	NN	WRB	PRP	VBD	RP	.
nsubj	root	aux	xcomp	dobj	prep	nn	pobj	prep	det	nn	pobj	advmod	nsubj	advcl	prt	p
2	0	4	2	4	5	8	6	4	12	12	9	15	15	4	15	2
O	O	O	O	O	O	B-PERSON	I-PERSON	O	O	B-PRODUCT	O	O	O	O	O	O
</negative>
<negative>
Nancy	and	I	are	pained	to	the	core	by	the	tragedy	of	the	shuttle	Challenger	.
NNP	CC	PRP	VBP	VBG	TO	DT	NN	IN	DT	NN	IN	DT	NN	NN	.
nsubj	cc	conj	aux	root	prep	det	pobj	prep	det	pobj	prep	det	nn	pobj	p
5	1	1	5	0	5	8	6	5	11	9	11	15	15	12	5
B-PERSON	O	O	O	O	O	O	O	O	O	O	O	O	O	B-PRODUCT	O
</negative>
<negative>
The	station	's	three	-member	crew	later	die	during	their	return	to	Earth	when	their	Soyuz	capsule	decompresses	.
DT	NN	POS	CD	JJ	NN	RB	VBP	IN	PRP$	NN	TO	NNP	WRB	PRP$	NNP	NN	VBZ	.
det	poss	possessive	num	amod	nsubj	advmod	root	prep	poss	pobj	prep	pobj	advmod	poss	nn	nsubj	advcl	p
2	6	2	6	6	8	8	0	8	11	9	11	12	18	17	17	18	8	8
O	O	O	B-CARDINAL	O	O	O	O	O	O	O	O	B-LOC	O	O	B-ORG	O	O	O
</negative>
<negative>
Sept	.	29	,	1988	_	Americans	return	to	space	aboard	the	shuttle	Discovery	,	after	a	32-month	absence	in	the	wake	of	the	Challenger	accident	.
UH	.	UH	,	CD	NNP	NNPS	VBP	TO	NN	IN	DT	NN	NN	,	IN	DT	JJ	NN	IN	DT	NN	IN	DT	NNP	NN	.
dep	p	dep	p	num	nn	nsubj	root	prep	pobj	prep	det	nn	pobj	p	prep	det	amod	pobj	prep	det	pobj	prep	det	nn	pobj	p
8	8	8	8	7	7	8	0	8	9	8	14	14	11	8	8	19	19	16	19	22	20	22	26	26	23	8
B-DATE	O	B-CARDINAL	O	B-DATE	O	B-NORP	O	O	O	O	O	O	B-PRODUCT	O	O	O	O	O	O	O	O	O	O	B-PRODUCT	O	O
</negative>
<negative>
The	shuttle	likely	will	support	the	station	's	cargo	and	crew	rotation	needs	for	much	of	the	10-year	operations	period	that	follows	.
DT	NN	RB	MD	VB	DT	NN	POS	NN	CC	NN	NN	VBZ	IN	RB	IN	DT	JJ	NNS	NN	WDT	VBZ	.
det	nsubj	advmod	aux	root	det	poss	possessive	nsubj	cc	nn	conj	ccomp	prep	pobj	prep	det	amod	nn	pobj	nsubj	rcmod	p
2	5	5	5	0	7	9	7	13	9	12	9	5	13	14	15	20	20	20	16	22	20	5
O	O	O	O	O	O	O	O	O	O	O	O	O	O	O	O	O	O	O	O	O	O	O
</negative>
<negative>
Its	multicolored	displays	could	replace	many	of	the	2,000	mechanical	dials	,	gauges	and	switches	that	protrude	from	every	surface	of	the	shuttle	crew	cabin	.
PRP$	JJ	NNS	MD	VB	JJ	IN	DT	CD	JJ	NNS	,	NNS	CC	NNS	WDT	VBP	IN	DT	NN	IN	DT	NN	NN	NN	.
poss	amod	nsubj	aux	root	dobj	prep	det	num	amod	pobj	p	conj	cc	conj	nsubj	rcmod	prep	det	pobj	prep	det	nn	nn	pobj	p
3	3	5	5	0	5	6	11	11	11	7	5	11	11	11	17	6	17	20	18	20	25	25	25	21	5
O	O	O	O	O	O	O	O	B-CARDINAL	O	O	O	O	O	O	O	O	O	O	O	O	O	O	O	O	O
</negative>
<negative>
Once	a	crew	reaches	space	it	can	electronically	store	the	displays	needed	for	the	launch	phase	and	replace	them	with	those	needed	just	for	the	orbital	phase	.
IN	DT	NN	VBZ	NN	PRP	MD	RB	VB	DT	NNS	VBN	IN	DT	NN	NN	CC	VB	PRP	IN	DT	VBN	RB	IN	DT	JJ	NN	.
mark	det	nsubj	advcl	dobj	nsubj	aux	advmod	root	det	dobj	partmod	prep	det	nn	pobj	cc	conj	dobj	prep	pobj	partmod	advmod	prep	det	amod	pobj	p
4	3	4	9	4	9	9	9	0	11	9	11	12	16	16	13	9	9	18	18	20	21	22	22	27	27	24	9
O	O	O	O	O	O	O	O	O	O	O	O	O	O	O	O	O	O	O	O	O	O	O	O	O	O	O	O
</negative>
<negative>
More	than	200	safety	modifications	followed	the	loss	of	Challenger	,	most	notably	the	redesign	of	the	solid-fuel	booster	that	triggered	the	disaster	.
JJR	IN	CD	NN	NNS	VBD	DT	NN	IN	NNP	,	RBS	RB	DT	NN	IN	DT	JJ	NN	WDT	VBD	DT	NN	.
mwe	quantmod	num	nn	nsubj	root	det	dobj	prep	pobj	p	advmod	advmod	det	rcmod	prep	det	amod	pobj	nsubj	rcmod	det	dobj	p
2	3	5	5	6	0	8	6	8	9	6	13	15	15	8	15	19	19	16	21	15	23	21	6
B-CARDINAL	I-CARDINAL	I-CARDINAL	O	O	O	O	O	O	B-PRODUCT	O	O	O	O	O	O	O	O	O	O	O	O	O	O
</negative>
<negative>
These	changes	,	among	thousands	of	major	and	minor	design	modifications	that	were	made	since	the	shuttles	started	flying	,	included	redesigned	solid-fuel	booster	rockets	,	more	spacecraft	sensors	and	a	parachute	escape	system	for	the	crew	.
DT	NNS	,	IN	NNS	IN	JJ	CC	JJ	NN	NNS	WDT	VBD	VBN	IN	DT	NNS	VBD	VBG	,	VBD	VBN	JJ	NN	NNS	,	JJR	NN	NNS	CC	DT	NN	NN	NN	IN	DT	NN	.
det	nsubj	p	prep	pobj	prep	amod	cc	conj	nn	pobj	nsubjpass	auxpass	rcmod	mark	det	nsubj	advcl	xcomp	p	root	amod	amod	nn	dobj	p	amod	nn	conj	cc	det	nn	nn	conj	prep	det	pobj	p
2	21	21	2	4	5	11	7	7	11	6	14	14	11	18	17	18	14	18	21	0	25	25	25	21	21	29	29	25	25	34	34	34	25	34	37	35	21
O	O	O	O	B-CARDINAL	O	O	O	O	O	O	O	O	O	O	O	O	O	O	O	O	O	O	O	O	O	O	O	O	O	O	O	O	O	O	O	O	O
</negative>
<negative>
NASA	plans	to	appoint	a	panel	to	look	into	what	went	wrong	,	and	members	of	Congress	announced	this	week	they	will	hold	hearings	on	the	matter	in	February	.
NNP	VBZ	TO	VB	DT	NN	TO	VB	IN	WP	VBD	JJ	,	CC	NNS	IN	NNP	VBD	DT	NN	PRP	MD	VB	NNS	IN	DT	NN	IN	NNP	.
nsubj	root	aux	xcomp	det	dobj	aux	infmod	prep	nsubj	pcomp	acomp	p	cc	nsubj	prep	pobj	conj	det	tmod	nsubj	aux	dep	dobj	prep	det	pobj	prep	pobj	p
2	0	4	2	6	4	8	6	8	11	9	11	2	2	18	15	16	2	20	18	23	23	18	23	23	27	25	27	28	2
B-ORG	O	O	O	O	O	O	O	O	O	O	O	O	O	O	O	B-ORG	O	B-DATE	I-DATE	O	O	O	O	O	O	O	O	B-DATE	O
</negative>
<negative>
Some	members	of	Congress	downplayed	the	financial	impact	of	the	loss	.
DT	NNS	IN	NNP	VBD	DT	JJ	NN	IN	DT	NN	.
det	nsubj	prep	pobj	root	det	amod	dobj	prep	det	pobj	p
2	5	2	3	0	8	8	5	8	11	9	5
O	O	O	B-ORG	O	O	O	O	O	O	O	O
</negative>
</QApairs>
<QApairs id='65.6'>
<question>
How	long	did	the	Challenger	flight	last	before	it	exploded	?
WRB	JJ	VBD	DT	NNP	NN	VB	IN	PRP	VBD	.
advmod	dep	aux	det	nn	nsubj	root	mark	nsubj	advcl	p
2	7	7	6	6	7	0	10	10	7	7
O	O	O	O	B-PRODUCT	O	O	O	O	O	O
</question>
<positive>
On	Jan	.	28	,	1986	,	the	space	shuttle	Challenger	exploded	73	seconds	after	liftoff	from	Cape	Canaveral	,	killing	all	seven	crew	members	.
IN	NNP	.	CD	,	CD	,	DT	NN	NN	NNP	VBD	CD	NNS	IN	NN	IN	NNP	NNP	,	VBG	DT	CD	NN	NNS	.
prep	pobj	p	dep	p	appos	p	det	nn	nn	nsubj	root	num	dobj	prep	pobj	prep	nn	pobj	p	partmod	det	num	nn	dobj	p
12	1	12	2	12	2	12	11	11	11	12	0	14	12	12	15	12	19	17	12	12	25	25	25	21	12
O	B-PERSON	O	B-CARDINAL	O	B-DATE	O	O	O	O	B-PRODUCT	O	B-TIME	I-TIME	O	O	O	B-GPE	I-GPE	O	O	O	B-CARDINAL	O	O	O
73	seconds
13	14
</positive>
<positive>
McAuliffe	was	37	when	the	Challenger	exploded	73	seconds	after	liftoff	,	killing	the	crew	and	effectively	ending	the	civilian	-in-space	program	.
NNP	VBD	CD	WRB	DT	NNP	VBD	CD	NNS	IN	NN	,	VBG	DT	NN	CC	RB	VBG	DT	JJ	JJ	NN	.
nsubj	cop	root	advmod	det	nsubj	dep	num	dobj	prep	pobj	p	dep	det	dobj	cc	advmod	conj	det	amod	amod	dobj	p
3	3	0	7	6	7	3	9	7	7	10	3	7	15	13	13	18	13	22	22	22	18	3
B-PERSON	O	B-DATE	O	O	B-ORG	O	B-TIME	I-TIME	O	O	O	O	O	O	O	O	O	O	O	O	O	O
73	seconds
8	9
</positive>
<positive>
As	the	seconds	ticked	away	,	there	was	mostly	silence	,	a	hush	expectancy	perhaps	mindful	of	the	terrible	explosion	that	destroyed	the	shuttle	Challenger	in	1986	about	90	seconds	into	flight	when	the	booster	separation	went	awry	.
IN	DT	NNS	VBN	RP	,	EX	VBD	RB	NN	,	DT	JJ	NN	RB	JJ	IN	DT	JJ	NN	WDT	VBD	DT	NN	NN	IN	CD	IN	CD	NNS	IN	NN	WRB	DT	NN	NN	VBD	RB	.
prep	det	pobj	partmod	prt	p	expl	root	advmod	nsubj	p	det	amod	appos	advmod	amod	prep	det	amod	pobj	nsubj	rcmod	det	nn	dobj	prep	pobj	prep	num	pobj	prep	pobj	advmod	det	nn	nsubj	dep	advmod	p
8	3	1	3	4	8	8	0	8	8	8	14	14	10	16	14	14	20	20	17	22	20	25	25	22	22	26	22	30	28	22	31	37	36	36	37	32	37	8
O	O	O	O	O	O	O	O	O	O	O	O	O	O	O	O	O	O	O	O	O	O	O	O	B-PRODUCT	O	B-DATE	B-TIME	I-TIME	I-TIME	O	O	O	O	O	O	O	O	O
90	seconds
29	30
</positive>
<negative>
Challenger	explosion	.
NNP	VBZ	.
nsubj	root	p
2	0	2
O	O	O
</negative>
<negative>
WASHINGTON	_	The	day	after	the	space	shuttle	Challenger	disaster	in	1986	,	Senator	John	Glenn	blasted	NASA	's	decision	to	send	Christa	McAuliffe	on	the	fatal	mission	.
NNP	NNP	DT	NN	IN	DT	NN	NN	NNP	NN	IN	CD	,	NNP	NNP	NNP	VBD	NNP	POS	NN	TO	VB	NNP	NNP	IN	DT	JJ	NN	.
nn	nsubj	det	tmod	prep	det	nn	nn	nn	pobj	prep	pobj	p	nn	nn	nsubj	root	poss	possessive	dobj	aux	infmod	nn	dobj	prep	det	amod	pobj	p
2	17	4	17	17	10	10	10	10	5	10	11	17	16	16	17	0	20	18	17	22	20	24	22	24	28	28	25	17
B-GPE	O	B-DATE	I-DATE	O	O	O	O	O	O	O	B-DATE	O	O	B-PERSON	I-PERSON	O	B-ORG	O	O	O	O	B-PERSON	I-PERSON	O	O	O	O	O
</negative>
<negative>
``	The	space	program	is	for	basic	,	fundamental	research	,	''	Glenn	said	after	McAuliffe	,	a	Concord	,	N.H	.	,	high	school	teacher	,	and	six	crewmates	died	in	the	Challenger	tragedy	.
``	DT	NN	NN	VBZ	IN	JJ	,	JJ	NN	,	''	NNP	VBD	IN	NNP	,	DT	NNP	,	NNP	.	,	JJ	NN	NN	,	CC	CD	NNS	VBD	IN	DT	NNP	NN	.
p	det	nn	nsubj	ccomp	prep	amod	p	amod	pobj	p	p	nsubj	root	mark	nsubj	p	det	conj	p	conj	p	p	amod	nn	conj	p	cc	num	conj	advcl	prep	det	nn	pobj	p
14	4	4	5	14	5	10	14	10	6	14	14	14	0	31	31	14	19	16	14	16	14	14	26	26	16	14	16	30	16	14	31	35	35	32	14
O	O	O	O	O	O	O	O	O	O	O	O	B-PERSON	O	O	B-PERSON	O	O	B-GPE	O	B-GPE	O	O	O	O	O	O	O	B-CARDINAL	O	O	O	O	B-PRODUCT	O	O
</negative>
<negative>
What	's	more	,	Glenn	said	,	space	flight	should	not	be	``	a	cosmic	carnival	ride.	''
WP	VBZ	JJR	,	NNP	VBD	,	NN	NN	MD	RB	VB	``	DT	JJ	NN	NN	''
nsubj	cop	dep	p	nsubj	parataxis	p	nn	nsubj	aux	neg	cop	p	det	amod	nn	root	p
3	3	17	17	6	17	17	9	17	17	17	17	17	17	17	17	0	17
O	O	O	O	B-PERSON	O	O	O	O	O	O	O	O	O	O	O	O	O
</negative>
<negative>
And	several	critics	are	using	his	post-	Challenger	remarks	against	him	.
CC	JJ	NNS	VBP	VBG	PRP$	NNP	NNP	NNS	IN	PRP	.
cc	amod	nsubj	aux	root	poss	nn	nn	dobj	prep	pobj	p
5	3	5	5	0	9	9	9	5	5	10	5
O	O	O	O	O	O	O	O	O	O	O	O
</negative>
<negative>
Although	Glenn	expressed	``	a	profound	,	personal	sense	of	loss	''	over	the	Challenger	tragedy	,	he	questioned	the	decision	to	send	civilians	into	space	while	the	shuttle	program	was	still	in	``	its	embryonic	stage.	''
IN	NNP	VBD	``	DT	JJ	,	JJ	NN	IN	NN	''	IN	DT	NNP	NN	,	PRP	VBD	DT	NN	TO	VB	NNS	IN	NN	IN	DT	NN	NN	VBD	RB	IN	``	PRP$	JJ	NN	''
mark	nsubj	advcl	p	det	amod	p	amod	dobj	prep	pobj	p	prep	det	nn	pobj	p	nsubj	root	det	dobj	aux	infmod	dobj	prep	pobj	mark	det	nn	nsubj	advcl	advmod	prep	p	poss	amod	pobj	p
3	3	19	19	9	9	19	9	3	9	10	19	3	16	16	13	19	19	0	21	19	23	21	23	23	25	31	30	30	31	23	31	31	19	37	37	33	19
O	B-PERSON	O	O	O	O	O	O	O	O	O	O	O	O	B-PRODUCT	O	O	O	O	O	O	O	O	O	O	O	O	O	O	O	O	O	O	O	O	O	O	O
</negative>
<negative>
After	two	years	of	aggressive	lobbying	to	secure	a	seat	on	the	Discovery	flight	,	Glenn	is	scheduled	to	act	as	a	human	guinea	pig	for	research	on	aging	in	the	weightlessness	of	space	.
IN	CD	NNS	IN	JJ	NN	TO	VB	DT	NN	IN	DT	NNP	NN	,	NNP	VBZ	VBN	TO	VB	IN	DT	JJ	NN	NN	IN	NN	IN	VBG	IN	DT	NNS	IN	NN	.
prep	num	pobj	prep	amod	pobj	aux	infmod	det	dobj	prep	det	nn	pobj	p	nsubjpass	auxpass	root	aux	xcomp	prep	det	amod	nn	pobj	prep	pobj	prep	pcomp	prep	det	pobj	prep	pobj	p
18	3	1	3	6	4	8	3	10	8	8	14	14	11	18	18	18	0	20	18	20	25	25	25	21	25	26	20	28	29	32	30	32	33	18
O	B-DATE	I-DATE	O	O	O	O	O	O	O	O	O	B-PRODUCT	O	O	B-PERSON	O	O	O	O	O	O	O	O	O	O	O	O	O	O	O	O	O	O	O
</negative>
<negative>
NASA	and	some	advocates	for	broader	research	on	aging	have	defended	Glenn	's	role	on	the	Discovery	flight	as	a	potentially	valuable	contribution	to	science	.
NNP	CC	DT	NNS	IN	JJR	NN	IN	VBG	VBP	VBN	NNP	POS	NN	IN	DT	NNP	NN	IN	DT	RB	JJ	NN	TO	NN	.
nsubj	cc	det	conj	prep	amod	pobj	prep	pobj	aux	root	poss	possessive	dobj	prep	det	nn	pobj	prep	det	advmod	amod	pobj	prep	pobj	p
11	1	4	1	4	7	5	7	8	11	0	14	12	11	14	18	18	15	11	23	22	23	19	23	24	11
B-ORG	O	O	O	O	O	O	O	O	O	O	B-PERSON	O	O	O	O	B-PRODUCT	O	O	O	O	O	O	O	O	O
</negative>
<negative>
Tomlinson	characterized	Glenn	's	scheduled	flight	the	way	some	of	McAuliffe	's	prelaunch	critics	described	her	mission	.
NNP	VBD	NNP	POS	JJ	NN	DT	NN	DT	IN	NNP	POS	JJ	NNS	VBD	PRP$	NN	.
nsubj	root	poss	possessive	amod	iobj	det	dobj	nsubj	prep	poss	possessive	amod	pobj	rcmod	poss	dobj	p
2	0	6	3	6	2	8	2	15	9	14	11	14	10	8	17	15	2
B-PERSON	O	B-PERSON	O	O	O	O	O	O	O	B-PERSON	O	O	O	O	O	O	O
</negative>
</QApairs>
